[W&B] Child process started for job: bioresponse_combined_xgboost in group session-training-1
Loading archive 'archives/bioresponse.npz' and initializing pipeline for target: XGBOOST...
Execution Mode: COMBINED
Session Output Target: outputs/training-1/
Task Type: BINARY
TabPFN Baselines Loaded - Primary: 0.1284 | Secondary: 0.7883
PCA reduced text embeddings to 54 components.
Final training matrix shape assembled for COMBINED: (3000, 1830)

Running 26-Trial Optuna Study for XGBOOST (COMBINED)...
A new study created in RDB with name: 20260624_065302_bioresponse_combined_xgboost
Trial 0 finished with value: 0.13798473930763566 and parameters: {}. Best is trial 0 with value: 0.13798473930763566.
Trial 1 finished with value: 0.12660425153380384 and parameters: {'learning_rate': 0.015355286838886862, 'max_depth': 10, 'min_child_weight': 0.5100627805979911, 'subsample': 0.8394633936788146, 'colsample_bylevel': 0.6624074561769746, 'colsample_bynode': 0.662397808134481, 'reg_alpha': 0.29051225247978046, 'reg_lambda': 4.330894111260099, 'grow_policy': 'lossguide', 'max_cat_to_onehot': 8, 'max_leaves': 884}. Best is trial 1 with value: 0.12660425153380384.
Trial 2 finished with value: 0.13173079488106298 and parameters: {'learning_rate': 0.060534484680010825, 'max_depth': 4, 'min_child_weight': 0.004705059281907645, 'subsample': 0.6733618039413735, 'colsample_bylevel': 0.7216968971838151, 'colsample_bynode': 0.8099025726528951, 'reg_alpha': 2.1597818987087147, 'reg_lambda': 1.4562165780761898, 'grow_policy': 'depthwise', 'max_cat_to_onehot': 16, 'max_leaves': 45}. Best is trial 1 with value: 0.12660425153380384.
Trial 3 finished with value: 0.12753882739053024 and parameters: {'learning_rate': 0.019603369861210685, 'max_depth': 8, 'min_child_weight': 0.005477562363971304, 'subsample': 0.8056937753654446, 'colsample_bylevel': 0.836965827544817, 'colsample_bynode': 0.6185801650879991, 'reg_alpha': 3.037763505022002, 'reg_lambda': 0.8527035660240889, 'grow_policy': 'lossguide', 'max_cat_to_onehot': 92, 'max_leaves': 399}. Best is trial 1 with value: 0.12660425153380384.
Trial 4 finished with value: 0.12884562030236102 and parameters: {'learning_rate': 0.012453219846912198, 'max_depth': 4, 'min_child_weight': 0.33959199243313637, 'subsample': 0.7760609974958406, 'colsample_bylevel': 0.6488152939379115, 'colsample_bynode': 0.798070764044508, 'reg_alpha': 0.17203916672398045, 'reg_lambda': 4.546611078353703, 'grow_policy': 'lossguide', 'max_cat_to_onehot': 17, 'max_leaves': 97}. Best is trial 1 with value: 0.12660425153380384.
Trial 5 finished with value: 0.13096997153415213 and parameters: {'learning_rate': 0.025719142025384646, 'max_depth': 4, 'min_child_weight': 3.8589082671053854, 'subsample': 0.9100531293444458, 'colsample_bylevel': 0.9757995766256756, 'colsample_bynode': 0.9579309401710595, 'reg_alpha': 2.989540104057545, 'reg_lambda': 4.609378987692081, 'grow_policy': 'lossguide', 'max_cat_to_onehot': 8, 'max_leaves': 37}. Best is trial 1 with value: 0.12660425153380384.
Trial 6 finished with value: 0.1287776458872072 and parameters: {'learning_rate': 0.016019568611465234, 'max_depth': 5, 'min_child_weight': 1.1627201204016835, 'subsample': 0.7427013306774357, 'colsample_bylevel': 0.7123738038749523, 'colsample_bynode': 0.8170784332632994, 'reg_alpha': 0.7047070324513158, 'reg_lambda': 4.011004684072123, 'grow_policy': 'lossguide', 'max_cat_to_onehot': 56, 'max_leaves': 20}. Best is trial 1 with value: 0.12660425153380384.
Trial 7 finished with value: 0.13722335418360987 and parameters: {'learning_rate': 0.0050834018700114374, 'max_depth': 9, 'min_child_weight': 0.4117599592262879, 'subsample': 0.8916028672163949, 'colsample_bylevel': 0.9085081386743783, 'colsample_bynode': 0.6296178606936361, 'reg_alpha': 1.7923927961485087, 'reg_lambda': 0.5794337107196961, 'grow_policy': 'depthwise', 'max_cat_to_onehot': 18, 'max_leaves': 10}. Best is trial 1 with value: 0.12660425153380384.
Trial 8 finished with value: 0.1292724506315608 and parameters: {'learning_rate': 0.012693089228250284, 'max_depth': 5, 'min_child_weight': 0.49979438035802604, 'subsample': 0.8550229885420852, 'colsample_bylevel': 0.9548850970305306, 'colsample_bynode': 0.7888859700647797, 'reg_alpha': 0.5980592702669147, 'reg_lambda': 3.566252611636253, 'grow_policy': 'depthwise', 'max_cat_to_onehot': 55, 'max_leaves': 85}. Best is trial 1 with value: 0.12660425153380384.
Trial 9 finished with value: 0.1284807800355331 and parameters: {'learning_rate': 0.02393652463662192, 'max_depth': 6, 'min_child_weight': 0.0012417226051008223, 'subsample': 0.6431565707973218, 'colsample_bylevel': 0.6125716742746937, 'colsample_bynode': 0.8545641645055122, 'reg_alpha': 1.5718484697835258, 'reg_lambda': 2.542902598754398, 'grow_policy': 'depthwise', 'max_cat_to_onehot': 22, 'max_leaves': 308}. Best is trial 1 with value: 0.12660425153380384.
Trial 10 finished with value: 0.13313995992137162 and parameters: {'learning_rate': 0.0864853073450281, 'max_depth': 7, 'min_child_weight': 0.05528731777524736, 'subsample': 0.9729161367647149, 'colsample_bylevel': 0.8262452362725613, 'colsample_bynode': 0.7202259292197385, 'reg_alpha': 4.7988577526525065, 'reg_lambda': 2.58248067449815, 'grow_policy': 'lossguide', 'max_cat_to_onehot': 8, 'max_leaves': 971}. Best is trial 1 with value: 0.12660425153380384.
Trial 11 finished with value: 0.12919005104445214 and parameters: {'learning_rate': 0.031790458723690476, 'max_depth': 10, 'min_child_weight': 0.028789455442955813, 'subsample': 0.7969511524558275, 'colsample_bylevel': 0.8167265665612355, 'colsample_bynode': 0.6039952029525323, 'reg_alpha': 3.838153225904187, 'reg_lambda': 0.11339104360127994, 'grow_policy': 'lossguide', 'max_cat_to_onehot': 84, 'max_leaves': 1021}. Best is trial 1 with value: 0.12660425153380384.
Trial 12 finished with value: 0.12955178419327984 and parameters: {'learning_rate': 0.007151134065784922, 'max_depth': 8, 'min_child_weight': 0.04426124104960989, 'subsample': 0.8419766872475172, 'colsample_bylevel': 0.8173466595551238, 'colsample_bynode': 0.6908556046603515, 'reg_alpha': 3.255113914277657, 'reg_lambda': 1.9184517258687528, 'grow_policy': 'lossguide', 'max_cat_to_onehot': 34, 'max_leaves': 360}. Best is trial 1 with value: 0.12660425153380384.
Trial 13 finished with value: 0.13017424801488287 and parameters: {'learning_rate': 0.0364822543842359, 'max_depth': 10, 'min_child_weight': 0.006871349895346334, 'subsample': 0.7174428023808301, 'colsample_bylevel': 0.7213785203554233, 'colsample_bynode': 0.6741038957536338, 'reg_alpha': 4.980085345107131, 'reg_lambda': 3.2241568158948057, 'grow_policy': 'lossguide', 'max_cat_to_onehot': 89, 'max_leaves': 365}. Best is trial 1 with value: 0.12660425153380384.
Trial 14 finished with value: 0.1278759470252645 and parameters: {'learning_rate': 0.008787903270079323, 'max_depth': 8, 'min_child_weight': 0.13925071458840985, 'subsample': 0.8222288590736007, 'colsample_bylevel': 0.8783455015235105, 'colsample_bynode': 0.7247011307670919, 'reg_alpha': 1.1855455336687406, 'reg_lambda': 1.1636683585691965, 'grow_policy': 'lossguide', 'max_cat_to_onehot': 33, 'max_leaves': 195}. Best is trial 1 with value: 0.12660425153380384.
Trial 15 finished with value: 0.1301285189061674 and parameters: {'learning_rate': 0.017438883769518052, 'max_depth': 7, 'min_child_weight': 0.0010568740476650017, 'subsample': 0.9552801451296651, 'colsample_bylevel': 0.7655864171267123, 'colsample_bynode': 0.6472686361455793, 'reg_alpha': 2.514013222726337, 'reg_lambda': 2.6045246045433896, 'grow_policy': 'lossguide', 'max_cat_to_onehot': 13, 'max_leaves': 733}. Best is trial 1 with value: 0.12660425153380384.
Trial 16 finished with value: 0.1334973445828197 and parameters: {'learning_rate': 0.048970482209872636, 'max_depth': 8, 'min_child_weight': 4.723198262365245, 'subsample': 0.8976272858436056, 'colsample_bylevel': 0.6287625779235281, 'colsample_bynode': 0.7432872355587146, 'reg_alpha': 4.011646378260702, 'reg_lambda': 0.9769983822436283, 'grow_policy': 'lossguide', 'max_cat_to_onehot': 32, 'max_leaves': 519}. Best is trial 1 with value: 0.12660425153380384.
Trial 17 finished with value: 0.12443740310504448 and parameters: {'learning_rate': 0.018658218321531632, 'max_depth': 9, 'min_child_weight': 0.010518471408432204, 'subsample': 0.7597178593275226, 'colsample_bylevel': 0.6745679142988604, 'colsample_bynode': 0.6049023671174069, 'reg_alpha': 0.1196399279306106, 'reg_lambda': 4.956386852998385, 'grow_policy': 'lossguide', 'max_cat_to_onehot': 11, 'max_leaves': 168}. Best is trial 17 with value: 0.12443740310504448.
Trial 18 finished with value: 0.12689015072444287 and parameters: {'learning_rate': 0.008309993054108322, 'max_depth': 10, 'min_child_weight': 0.014080007547030707, 'subsample': 0.7319426202899557, 'colsample_bylevel': 0.6772856130182843, 'colsample_bynode': 0.6715125616635039, 'reg_alpha': 0.07520455600727383, 'reg_lambda': 4.914121475754526, 'grow_policy': 'lossguide', 'max_cat_to_onehot': 10, 'max_leaves': 109}. Best is trial 17 with value: 0.12443740310504448.
Trial 19 finished with value: 0.12679713258517245 and parameters: {'learning_rate': 0.012222822448324013, 'max_depth': 9, 'min_child_weight': 0.12134843570748792, 'subsample': 0.6794845622849591, 'colsample_bylevel': 0.6855721815900874, 'colsample_bynode': 0.979851568565839, 'reg_alpha': 0.9071161589692409, 'reg_lambda': 4.154916194891965, 'grow_policy': 'depthwise', 'max_cat_to_onehot': 11, 'max_leaves': 193}. Best is trial 17 with value: 0.12443740310504448.
Trial 20 finished with value: 0.12803589853711395 and parameters: {'learning_rate': 0.0451126288195999, 'max_depth': 7, 'min_child_weight': 0.8924129927029758, 'subsample': 0.7658432759004749, 'colsample_bylevel': 0.7575571852265042, 'colsample_bynode': 0.8913676651757465, 'reg_alpha': 0.07542575941851265, 'reg_lambda': 3.6387149946006865, 'grow_policy': 'lossguide', 'max_cat_to_onehot': 11, 'max_leaves': 151}. Best is trial 17 with value: 0.12443740310504448.
Trial 21 finished with value: 0.12670013705571792 and parameters: {'learning_rate': 0.012003145866414227, 'max_depth': 9, 'min_child_weight': 0.14166200866757792, 'subsample': 0.6057575681173106, 'colsample_bylevel': 0.6616507432791849, 'colsample_bynode': 0.8569496416129234, 'reg_alpha': 0.9664332291312425, 'reg_lambda': 4.1438132878746545, 'grow_policy': 'depthwise', 'max_cat_to_onehot': 11, 'max_leaves': 214}. Best is trial 17 with value: 0.12443740310504448.
Trial 22 finished with value: 0.12866716113890142 and parameters: {'learning_rate': 0.010360117419315956, 'max_depth': 9, 'min_child_weight': 0.14669221653562, 'subsample': 0.6124513410334215, 'colsample_bylevel': 0.6012264967975094, 'colsample_bynode': 0.9259576233358179, 'reg_alpha': 1.2051756800635076, 'reg_lambda': 4.24847825632004, 'grow_policy': 'depthwise', 'max_cat_to_onehot': 8, 'max_leaves': 57}. Best is trial 17 with value: 0.12443740310504448.
Trial 23 finished with value: 0.1279078716467148 and parameters: {'learning_rate': 0.015987502776205635, 'max_depth': 9, 'min_child_weight': 1.232205441651608, 'subsample': 0.6088017347852452, 'colsample_bylevel': 0.6543863695383717, 'colsample_bynode': 0.8660698517703787, 'reg_alpha': 0.578090312781718, 'reg_lambda': 4.935785373135289, 'grow_policy': 'depthwise', 'max_cat_to_onehot': 13, 'max_leaves': 232}. Best is trial 17 with value: 0.12443740310504448.
Trial 24 finished with value: 0.1270837838223402 and parameters: {'learning_rate': 0.02185946135962824, 'max_depth': 10, 'min_child_weight': 0.02029373117260678, 'subsample': 0.697687928889388, 'colsample_bylevel': 0.6826572724727851, 'colsample_bynode': 0.765705008409894, 'reg_alpha': 1.2945434008039458, 'reg_lambda': 3.7368674279868586, 'grow_policy': 'depthwise', 'max_cat_to_onehot': 10, 'max_leaves': 601}. Best is trial 17 with value: 0.12443740310504448.
Trial 25 finished with value: 0.1266870320702459 and parameters: {'learning_rate': 0.006124240502406566, 'max_depth': 9, 'min_child_weight': 0.0024852771939780625, 'subsample': 0.8579540450373038, 'colsample_bylevel': 0.7600991144917101, 'colsample_bynode': 0.6555725245330367, 'reg_alpha': 0.42500950466102294, 'reg_lambda': 3.117091359802845, 'grow_policy': 'depthwise', 'max_cat_to_onehot': 14, 'max_leaves': 143}. Best is trial 17 with value: 0.12443740310504448.
Optuna Search Completed in: 3181.65 seconds

Training final model on optimized parameter setup...

[XGBOOST FINALIZED METRICS]
Optimal Trees:         627
1-AUROC:             0.1290 (Delta to TabPFN: +0.0006)
Accuracy:             0.7923 (Delta to TabPFN: +0.0040)
Final Train Time:      26.19 seconds (8.7303s per 1K)
Final Infer Time:      0.01 seconds (0.0108s per 1K)

--- XGBOOST Feature Importance (Raw vs. Scaled Share) ---
Feature | Raw gain | Share
D27 | 9192.54 | 9.80%
pca_embed_6 | 6872.24 | 7.32%
pca_embed_1 | 2273.43 | 2.42%
pca_embed_3 | 1999.10 | 2.13%
D469 | 1531.59 | 1.63%
D78 | 1205.12 | 1.28%
pca_embed_10 | 849.62 | 0.91%
pca_embed_51 | 835.76 | 0.89%
pca_embed_18 | 697.66 | 0.74%
pca_embed_39 | 657.19 | 0.70%
pca_embed_37 | 644.19 | 0.69%
D14 | 631.51 | 0.67%
pca_embed_24 | 621.09 | 0.66%
pca_embed_44 | 611.51 | 0.65%
pca_embed_47 | 599.20 | 0.64%
pca_embed_42 | 591.15 | 0.63%
pca_embed_30 | 589.19 | 0.63%
D106 | 587.53 | 0.63%
pca_embed_41 | 569.08 | 0.61%
pca_embed_11 | 566.52 | 0.60%
pca_embed_26 | 542.65 | 0.58%
D6 | 542.27 | 0.58%
D66 | 534.20 | 0.57%
D10 | 531.46 | 0.57%
pca_embed_0 | 529.34 | 0.56%
pca_embed_45 | 524.09 | 0.56%
pca_embed_50 | 523.32 | 0.56%
pca_embed_27 | 521.75 | 0.56%
D747 | 520.46 | 0.55%
D8 | 520.00 | 0.55%
pca_embed_14 | 516.55 | 0.55%
pca_embed_40 | 516.19 | 0.55%
pca_embed_20 | 513.32 | 0.55%
pca_embed_2 | 508.13 | 0.54%
pca_embed_53 | 507.34 | 0.54%
pca_embed_38 | 505.52 | 0.54%
pca_embed_21 | 505.15 | 0.54%
pca_embed_46 | 505.03 | 0.54%
pca_embed_13 | 504.59 | 0.54%
pca_embed_35 | 503.51 | 0.54%
pca_embed_32 | 493.25 | 0.53%
pca_embed_7 | 485.14 | 0.52%
pca_embed_49 | 470.10 | 0.50%
D84 | 461.66 | 0.49%
D85 | 457.03 | 0.49%
pca_embed_43 | 454.72 | 0.48%
pca_embed_23 | 452.27 | 0.48%
pca_embed_16 | 448.54 | 0.48%
pca_embed_19 | 447.98 | 0.48%
D9 | 444.80 | 0.47%
pca_embed_17 | 444.01 | 0.47%
pca_embed_15 | 443.17 | 0.47%
pca_embed_36 | 441.56 | 0.47%
pca_embed_4 | 439.28 | 0.47%
pca_embed_12 | 434.22 | 0.46%
pca_embed_8 | 423.86 | 0.45%
pca_embed_48 | 422.89 | 0.45%
pca_embed_22 | 417.92 | 0.45%
D2 | 414.81 | 0.44%
pca_embed_28 | 410.55 | 0.44%
pca_embed_34 | 407.00 | 0.43%
pca_embed_31 | 406.52 | 0.43%
pca_embed_29 | 398.38 | 0.42%
D7 | 395.06 | 0.42%
pca_embed_33 | 394.87 | 0.42%
pca_embed_25 | 388.29 | 0.41%
pca_embed_52 | 386.52 | 0.41%
D46 | 380.54 | 0.41%
pca_embed_9 | 375.79 | 0.40%
D5 | 362.63 | 0.39%
D15 | 360.75 | 0.38%
pca_embed_5 | 359.11 | 0.38%
D16 | 356.92 | 0.38%
D21 | 347.47 | 0.37%
D117 | 340.48 | 0.36%
D88 | 339.90 | 0.36%
D104 | 330.68 | 0.35%
D119 | 323.69 | 0.34%
D11 | 318.77 | 0.34%
D56 | 311.26 | 0.33%
D20 | 304.80 | 0.32%
D181 | 303.58 | 0.32%
D19 | 303.55 | 0.32%
D38 | 301.60 | 0.32%
D17 | 299.83 | 0.32%
D89 | 298.32 | 0.32%
D18 | 297.78 | 0.32%
D87 | 297.69 | 0.32%
D32 | 297.02 | 0.32%
D61 | 296.62 | 0.32%
D107 | 290.95 | 0.31%
D68 | 287.82 | 0.31%
D103 | 283.90 | 0.30%
D202 | 283.54 | 0.30%
D47 | 277.12 | 0.30%
D30 | 275.85 | 0.29%
D105 | 268.05 | 0.29%
D146 | 263.80 | 0.28%
D208 | 261.36 | 0.28%
D31 | 253.91 | 0.27%
D25 | 253.70 | 0.27%
D26 | 248.68 | 0.27%
D71 | 248.40 | 0.26%
D45 | 247.03 | 0.26%
D13 | 244.31 | 0.26%
D204 | 238.11 | 0.25%
D219 | 234.85 | 0.25%
D86 | 234.13 | 0.25%
D218 | 233.61 | 0.25%
D49 | 227.25 | 0.24%
D75 | 224.80 | 0.24%
D196 | 223.68 | 0.24%
D101 | 222.46 | 0.24%
D200 | 221.40 | 0.24%
D65 | 221.31 | 0.24%
D91 | 218.17 | 0.23%
D99 | 215.24 | 0.23%
D762 | 214.67 | 0.23%
D194 | 211.58 | 0.23%
D201 | 206.36 | 0.22%
D64 | 205.30 | 0.22%
D150 | 203.14 | 0.22%
D659 | 195.32 | 0.21%
D207 | 191.05 | 0.20%
D149 | 190.59 | 0.20%
D33 | 190.01 | 0.20%
D145 | 189.21 | 0.20%
D660 | 185.59 | 0.20%
D102 | 184.58 | 0.20%
D74 | 182.48 | 0.19%
D39 | 182.46 | 0.19%
D58 | 182.36 | 0.19%
D199 | 181.77 | 0.19%
D217 | 178.61 | 0.19%
D180 | 177.78 | 0.19%
D100 | 176.95 | 0.19%
D90 | 174.19 | 0.19%
D44 | 171.01 | 0.18%
D187 | 168.95 | 0.18%
D182 | 164.06 | 0.17%
D152 | 161.59 | 0.17%
D95 | 156.39 | 0.17%
D53 | 153.90 | 0.16%
D76 | 151.13 | 0.16%
D175 | 150.14 | 0.16%
D763 | 149.05 | 0.16%
D129 | 145.19 | 0.15%
D60 | 144.26 | 0.15%
D69 | 142.18 | 0.15%
D143 | 141.44 | 0.15%
D911 | 138.09 | 0.15%
D55 | 137.56 | 0.15%
D63 | 137.09 | 0.15%
D173 | 134.74 | 0.14%
D48 | 134.24 | 0.14%
D195 | 132.30 | 0.14%
D57 | 131.90 | 0.14%
D67 | 131.32 | 0.14%
D198 | 129.71 | 0.14%
D177 | 128.86 | 0.14%
D1017 | 128.78 | 0.14%
D212 | 127.74 | 0.14%
D900 | 125.68 | 0.13%
D40 | 124.12 | 0.13%
D42 | 123.43 | 0.13%
D52 | 123.17 | 0.13%
D178 | 117.78 | 0.13%
D92 | 114.58 | 0.12%
D203 | 112.88 | 0.12%
D211 | 112.53 | 0.12%
D54 | 111.42 | 0.12%
D1 | 110.45 | 0.12%
D34 | 108.26 | 0.12%
D93 | 108.01 | 0.12%
D80 | 107.67 | 0.11%
D50 | 107.20 | 0.11%
D126 | 107.03 | 0.11%
D1071 | 104.27 | 0.11%
D223 | 104.25 | 0.11%
D142 | 102.56 | 0.11%
D70 | 98.93 | 0.11%
D209 | 96.71 | 0.10%
D185 | 96.05 | 0.10%
D807 | 95.10 | 0.10%
D3 | 93.52 | 0.10%
D137 | 92.49 | 0.10%
D35 | 91.51 | 0.10%
D130 | 89.31 | 0.10%
D215 | 88.67 | 0.09%
D951 | 88.61 | 0.09%
D62 | 88.55 | 0.09%
D96 | 86.66 | 0.09%
D205 | 86.48 | 0.09%
D151 | 84.40 | 0.09%
D131 | 84.25 | 0.09%
D139 | 81.23 | 0.09%
D12 | 80.90 | 0.09%
D925 | 77.48 | 0.08%
D1426 | 75.91 | 0.08%
D505 | 73.65 | 0.08%
D596 | 73.62 | 0.08%
D41 | 73.53 | 0.08%
D73 | 72.68 | 0.08%
D97 | 72.25 | 0.08%
D926 | 71.55 | 0.08%
D51 | 71.25 | 0.08%
D37 | 70.68 | 0.08%
D599 | 69.23 | 0.07%
D1074 | 69.17 | 0.07%
D189 | 68.98 | 0.07%
D162 | 68.33 | 0.07%
D649 | 67.26 | 0.07%
D597 | 66.59 | 0.07%
D673 | 66.45 | 0.07%
D158 | 66.30 | 0.07%
D197 | 65.59 | 0.07%
D191 | 65.33 | 0.07%
D741 | 65.24 | 0.07%
D1036 | 63.58 | 0.07%
D43 | 62.67 | 0.07%
D136 | 62.10 | 0.07%
D661 | 61.41 | 0.07%
D998 | 61.38 | 0.07%
D128 | 61.37 | 0.07%
D83 | 60.53 | 0.06%
D416 | 60.40 | 0.06%
D504 | 59.85 | 0.06%
D160 | 59.14 | 0.06%
D739 | 57.96 | 0.06%
D775 | 57.76 | 0.06%
D36 | 57.73 | 0.06%
D1003 | 54.82 | 0.06%
D472 | 54.77 | 0.06%
D927 | 54.53 | 0.06%
D183 | 54.45 | 0.06%
D1082 | 54.18 | 0.06%
D844 | 53.29 | 0.06%
D607 | 53.29 | 0.06%
D159 | 52.84 | 0.06%
D157 | 52.38 | 0.06%
D479 | 51.92 | 0.06%
D513 | 51.52 | 0.05%
D154 | 50.73 | 0.05%
D216 | 50.50 | 0.05%
D750 | 50.30 | 0.05%
D226 | 48.67 | 0.05%
D1019 | 48.45 | 0.05%
D225 | 47.97 | 0.05%
D1059 | 47.86 | 0.05%
D889 | 47.42 | 0.05%
D480 | 47.25 | 0.05%
D950 | 46.58 | 0.05%
D967 | 46.17 | 0.05%
D457 | 45.44 | 0.05%
D802 | 45.40 | 0.05%
D808 | 44.50 | 0.05%
D186 | 44.10 | 0.05%
D612 | 44.02 | 0.05%
D1359 | 43.94 | 0.05%
D514 | 43.61 | 0.05%
D1028 | 43.04 | 0.05%
D1165 | 42.78 | 0.05%
D22 | 42.70 | 0.05%
D233 | 42.42 | 0.05%
D1424 | 42.22 | 0.04%
D901 | 41.81 | 0.04%
D1050 | 41.78 | 0.04%
D1016 | 41.36 | 0.04%
D443 | 40.93 | 0.04%
D172 | 40.68 | 0.04%
D662 | 40.36 | 0.04%
D672 | 39.93 | 0.04%
D958 | 39.92 | 0.04%
D59 | 39.54 | 0.04%
D214 | 39.44 | 0.04%
D118 | 39.00 | 0.04%
D765 | 38.86 | 0.04%
D1114 | 38.47 | 0.04%
D1234 | 38.18 | 0.04%
D1063 | 37.86 | 0.04%
D947 | 37.56 | 0.04%
D81 | 37.53 | 0.04%
D740 | 37.24 | 0.04%
D1204 | 37.17 | 0.04%
D1111 | 36.39 | 0.04%
D1100 | 36.27 | 0.04%
D1013 | 36.10 | 0.04%
D1195 | 35.43 | 0.04%
D1049 | 35.36 | 0.04%
D791 | 35.27 | 0.04%
D108 | 35.10 | 0.04%
D120 | 34.83 | 0.04%
D949 | 34.39 | 0.04%
D1168 | 34.02 | 0.04%
D976 | 33.97 | 0.04%
D1008 | 33.76 | 0.04%
D1198 | 33.74 | 0.04%
D110 | 33.68 | 0.04%
D249 | 33.50 | 0.04%
D135 | 33.39 | 0.04%
D810 | 33.33 | 0.04%
D1419 | 33.22 | 0.04%
D608 | 33.13 | 0.04%
D697 | 32.54 | 0.03%
D624 | 32.46 | 0.03%
D1093 | 32.28 | 0.03%
D1088 | 32.16 | 0.03%
D583 | 32.07 | 0.03%
D809 | 31.78 | 0.03%
D622 | 31.66 | 0.03%
D458 | 31.63 | 0.03%
D984 | 31.33 | 0.03%
D79 | 31.19 | 0.03%
D174 | 31.03 | 0.03%
D474 | 30.93 | 0.03%
D996 | 30.75 | 0.03%
D127 | 30.71 | 0.03%
D526 | 30.55 | 0.03%
D1132 | 30.17 | 0.03%
D843 | 30.10 | 0.03%
D957 | 29.75 | 0.03%
D122 | 29.64 | 0.03%
D1075 | 29.52 | 0.03%
D961 | 29.41 | 0.03%
D1007 | 28.92 | 0.03%
D133 | 28.72 | 0.03%
D459 | 28.67 | 0.03%
D155 | 28.54 | 0.03%
D999 | 28.54 | 0.03%
D1011 | 28.48 | 0.03%
D1371 | 28.34 | 0.03%
D1012 | 28.29 | 0.03%
D535 | 28.26 | 0.03%
D621 | 28.26 | 0.03%
D1046 | 28.08 | 0.03%
D988 | 27.98 | 0.03%
D1009 | 27.82 | 0.03%
D981 | 27.78 | 0.03%
D959 | 27.63 | 0.03%
D985 | 27.62 | 0.03%
D994 | 27.62 | 0.03%
D121 | 27.54 | 0.03%
D1083 | 27.26 | 0.03%
D1040 | 27.21 | 0.03%
D418 | 27.19 | 0.03%
D334 | 27.17 | 0.03%
D623 | 27.06 | 0.03%
D595 | 26.89 | 0.03%
D1095 | 26.73 | 0.03%
D144 | 26.72 | 0.03%
D1193 | 26.38 | 0.03%
D628 | 26.30 | 0.03%
D952 | 26.15 | 0.03%
D192 | 25.81 | 0.03%
D1341 | 25.74 | 0.03%
D262 | 25.69 | 0.03%
D415 | 25.62 | 0.03%
D168 | 25.46 | 0.03%
D700 | 25.45 | 0.03%
D699 | 25.32 | 0.03%
D461 | 25.31 | 0.03%
D1101 | 25.29 | 0.03%
D1014 | 25.26 | 0.03%
D582 | 25.09 | 0.03%
D314 | 24.88 | 0.03%
D1078 | 24.75 | 0.03%
D995 | 24.71 | 0.03%
D701 | 24.71 | 0.03%
D1054 | 24.66 | 0.03%
D1001 | 24.58 | 0.03%
D1723 | 24.50 | 0.03%
D1273 | 24.09 | 0.03%
D1052 | 24.00 | 0.03%
D453 | 23.80 | 0.03%
D698 | 23.77 | 0.03%
D1392 | 23.73 | 0.03%
D391 | 23.58 | 0.03%
D1087 | 23.57 | 0.03%
D987 | 23.56 | 0.03%
D1061 | 23.50 | 0.03%
D1006 | 23.48 | 0.03%
D1361 | 23.37 | 0.02%
D1029 | 23.33 | 0.02%
D515 | 23.16 | 0.02%
D1055 | 22.88 | 0.02%
D164 | 22.86 | 0.02%
D1271 | 22.85 | 0.02%
D1068 | 22.84 | 0.02%
D441 | 22.53 | 0.02%
D444 | 22.26 | 0.02%
D749 | 22.19 | 0.02%
D1147 | 22.18 | 0.02%
D609 | 22.08 | 0.02%
D932 | 22.07 | 0.02%
D1020 | 21.76 | 0.02%
D728 | 21.68 | 0.02%
D516 | 21.68 | 0.02%
D663 | 21.65 | 0.02%
D392 | 21.57 | 0.02%
D594 | 21.54 | 0.02%
D4 | 21.49 | 0.02%
D534 | 21.45 | 0.02%
D338 | 21.41 | 0.02%
D1084 | 21.36 | 0.02%
D1021 | 21.31 | 0.02%
D1000 | 21.11 | 0.02%
D1340 | 21.08 | 0.02%
D1025 | 21.05 | 0.02%
D228 | 21.04 | 0.02%
D973 | 21.03 | 0.02%
D1030 | 20.98 | 0.02%
D210 | 20.69 | 0.02%
D359 | 20.64 | 0.02%
D1103 | 20.63 | 0.02%
D936 | 20.42 | 0.02%
D842 | 20.34 | 0.02%
D337 | 20.34 | 0.02%
D141 | 20.31 | 0.02%
D421 | 20.21 | 0.02%
D1758 | 20.20 | 0.02%
D98 | 20.20 | 0.02%
D742 | 20.19 | 0.02%
D997 | 19.93 | 0.02%
D222 | 19.92 | 0.02%
D1135 | 19.84 | 0.02%
D440 | 19.76 | 0.02%
D493 | 19.54 | 0.02%
D111 | 19.52 | 0.02%
D29 | 19.49 | 0.02%
D1196 | 19.41 | 0.02%
D1112 | 19.36 | 0.02%
D470 | 19.30 | 0.02%
D1621 | 19.24 | 0.02%
D890 | 19.20 | 0.02%
D227 | 19.15 | 0.02%
D1067 | 19.15 | 0.02%
D442 | 19.05 | 0.02%
D1121 | 19.00 | 0.02%
D965 | 18.85 | 0.02%
D471 | 18.60 | 0.02%
D977 | 18.59 | 0.02%
D1045 | 18.54 | 0.02%
D751 | 18.52 | 0.02%
D794 | 18.38 | 0.02%
D934 | 18.34 | 0.02%
D1258 | 18.32 | 0.02%
D1010 | 18.32 | 0.02%
D688 | 18.27 | 0.02%
D1105 | 18.22 | 0.02%
D812 | 18.19 | 0.02%
D1137 | 18.07 | 0.02%
D811 | 18.00 | 0.02%
D312 | 17.84 | 0.02%
D1073 | 17.84 | 0.02%
D1026 | 17.79 | 0.02%
D1201 | 17.76 | 0.02%
D764 | 17.72 | 0.02%
D1191 | 17.66 | 0.02%
D243 | 17.59 | 0.02%
D206 | 17.57 | 0.02%
D685 | 17.56 | 0.02%
D1255 | 17.55 | 0.02%
D1039 | 17.53 | 0.02%
D748 | 17.49 | 0.02%
D1170 | 17.48 | 0.02%
D1219 | 17.48 | 0.02%
D1210 | 17.41 | 0.02%
D473 | 17.35 | 0.02%
D1148 | 17.32 | 0.02%
D430 | 17.26 | 0.02%
D1393 | 17.23 | 0.02%
D1108 | 17.23 | 0.02%
D1086 | 17.11 | 0.02%
D610 | 17.11 | 0.02%
D447 | 16.96 | 0.02%
D161 | 16.90 | 0.02%
D954 | 16.77 | 0.02%
D1043 | 16.75 | 0.02%
D1335 | 16.74 | 0.02%
D1138 | 16.73 | 0.02%
D1441 | 16.71 | 0.02%
D989 | 16.66 | 0.02%
D935 | 16.62 | 0.02%
D1130 | 16.61 | 0.02%
D955 | 16.60 | 0.02%
D460 | 16.60 | 0.02%
D380 | 16.57 | 0.02%
D979 | 16.54 | 0.02%
D1278 | 16.52 | 0.02%
D1203 | 16.50 | 0.02%
D1041 | 16.49 | 0.02%
D625 | 16.43 | 0.02%
D140 | 16.39 | 0.02%
D220 | 16.38 | 0.02%
D1118 | 16.37 | 0.02%
D1139 | 16.34 | 0.02%
D518 | 16.31 | 0.02%
D1145 | 16.28 | 0.02%
D1184 | 16.27 | 0.02%
D375 | 16.18 | 0.02%
D891 | 16.10 | 0.02%
D1053 | 16.04 | 0.02%
D386 | 16.03 | 0.02%
D559 | 16.02 | 0.02%
D167 | 15.87 | 0.02%
D546 | 15.86 | 0.02%
D1015 | 15.84 | 0.02%
D933 | 15.82 | 0.02%
D1085 | 15.80 | 0.02%
D1058 | 15.76 | 0.02%
D1153 | 15.66 | 0.02%
D1416 | 15.64 | 0.02%
D978 | 15.62 | 0.02%
D494 | 15.61 | 0.02%
D971 | 15.53 | 0.02%
D615 | 15.50 | 0.02%
D841 | 15.46 | 0.02%
D1167 | 15.46 | 0.02%
D960 | 15.29 | 0.02%
D112 | 15.23 | 0.02%
D1152 | 15.13 | 0.02%
D1194 | 14.99 | 0.02%
D1080 | 14.94 | 0.02%
D445 | 14.90 | 0.02%
D1136 | 14.81 | 0.02%
D1287 | 14.79 | 0.02%
D992 | 14.75 | 0.02%
D611 | 14.75 | 0.02%
D1090 | 14.75 | 0.02%
D237 | 14.59 | 0.02%
D336 | 14.59 | 0.02%
D1140 | 14.58 | 0.02%
D953 | 14.56 | 0.02%
D229 | 14.47 | 0.02%
D1113 | 14.47 | 0.02%
D1166 | 14.45 | 0.02%
D1023 | 14.40 | 0.02%
D892 | 14.36 | 0.02%
D1060 | 14.34 | 0.02%
D1235 | 14.31 | 0.02%
D556 | 14.28 | 0.02%
D1066 | 14.23 | 0.02%
D417 | 14.21 | 0.02%
D492 | 14.19 | 0.02%
D1404 | 14.18 | 0.02%
D1126 | 14.05 | 0.01%
D686 | 14.04 | 0.01%
D132 | 14.03 | 0.01%
D1229 | 13.87 | 0.01%
D1280 | 13.87 | 0.01%
D956 | 13.86 | 0.01%
D675 | 13.85 | 0.01%
D1347 | 13.69 | 0.01%
D990 | 13.65 | 0.01%
D455 | 13.64 | 0.01%
D1445 | 13.63 | 0.01%
D674 | 13.62 | 0.01%
D446 | 13.59 | 0.01%
D1070 | 13.53 | 0.01%
D1119 | 13.39 | 0.01%
D1069 | 13.37 | 0.01%
D1333 | 13.36 | 0.01%
D1004 | 13.34 | 0.01%
D986 | 13.29 | 0.01%
D213 | 13.23 | 0.01%
D1018 | 13.11 | 0.01%
D1302 | 13.08 | 0.01%
D544 | 13.06 | 0.01%
D1141 | 12.92 | 0.01%
D236 | 12.89 | 0.01%
D1360 | 12.86 | 0.01%
D476 | 12.85 | 0.01%
D1149 | 12.81 | 0.01%
D1263 | 12.80 | 0.01%
D937 | 12.79 | 0.01%
D1303 | 12.78 | 0.01%
D1142 | 12.74 | 0.01%
D1064 | 12.60 | 0.01%
D975 | 12.54 | 0.01%
D449 | 12.53 | 0.01%
D966 | 12.45 | 0.01%
D313 | 12.44 | 0.01%
D1094 | 12.43 | 0.01%
D1127 | 12.29 | 0.01%
D248 | 12.27 | 0.01%
D983 | 12.27 | 0.01%
D963 | 12.25 | 0.01%
D288 | 12.23 | 0.01%
D1407 | 12.22 | 0.01%
D517 | 12.21 | 0.01%
D1062 | 12.20 | 0.01%
D1079 | 12.19 | 0.01%
D729 | 12.18 | 0.01%
D687 | 12.10 | 0.01%
D481 | 12.00 | 0.01%
D82 | 11.95 | 0.01%
D1005 | 11.93 | 0.01%
D982 | 11.91 | 0.01%
D482 | 11.89 | 0.01%
D1352 | 11.84 | 0.01%
D743 | 11.83 | 0.01%
D360 | 11.81 | 0.01%
D968 | 11.73 | 0.01%
D1057 | 11.72 | 0.01%
D250 | 11.67 | 0.01%
D163 | 11.62 | 0.01%
D1192 | 11.43 | 0.01%
D1286 | 11.42 | 0.01%
D652 | 11.42 | 0.01%
D224 | 11.41 | 0.01%
D1110 | 11.35 | 0.01%
D980 | 11.25 | 0.01%
D1317 | 11.24 | 0.01%
D251 | 11.24 | 0.01%
D1415 | 11.23 | 0.01%
D1339 | 11.21 | 0.01%
D351 | 11.20 | 0.01%
D1308 | 11.19 | 0.01%
D991 | 11.17 | 0.01%
D769 | 11.15 | 0.01%
D378 | 11.11 | 0.01%
D884 | 11.10 | 0.01%
D377 | 11.10 | 0.01%
D702 | 11.10 | 0.01%
D586 | 11.08 | 0.01%
D495 | 11.01 | 0.01%
D1189 | 10.97 | 0.01%
D1161 | 10.97 | 0.01%
D1033 | 10.95 | 0.01%
D428 | 10.94 | 0.01%
D1128 | 10.89 | 0.01%
D1250 | 10.83 | 0.01%
D752 | 10.82 | 0.01%
D1150 | 10.80 | 0.01%
D880 | 10.76 | 0.01%
D419 | 10.76 | 0.01%
D1545 | 10.68 | 0.01%
D1368 | 10.67 | 0.01%
D1691 | 10.63 | 0.01%
D939 | 10.60 | 0.01%
D1322 | 10.59 | 0.01%
D1123 | 10.57 | 0.01%
D1376 | 10.56 | 0.01%
D1081 | 10.48 | 0.01%
D1107 | 10.44 | 0.01%
D454 | 10.33 | 0.01%
D1399 | 10.33 | 0.01%
D1270 | 10.31 | 0.01%
D779 | 10.31 | 0.01%
D1122 | 10.28 | 0.01%
D1116 | 10.13 | 0.01%
D1438 | 10.13 | 0.01%
D1022 | 10.13 | 0.01%
D557 | 10.08 | 0.01%
D711 | 10.06 | 0.01%
D1037 | 10.02 | 0.01%
D1156 | 10.01 | 0.01%
D1162 | 9.93 | 0.01%
D1042 | 9.89 | 0.01%
D1294 | 9.87 | 0.01%
D1240 | 9.87 | 0.01%
D970 | 9.86 | 0.01%
D1120 | 9.84 | 0.01%
D676 | 9.75 | 0.01%
D109 | 9.74 | 0.01%
D390 | 9.71 | 0.01%
D1174 | 9.71 | 0.01%
D165 | 9.70 | 0.01%
D1318 | 9.69 | 0.01%
D525 | 9.67 | 0.01%
D902 | 9.58 | 0.01%
D1051 | 9.50 | 0.01%
D1267 | 9.49 | 0.01%
D1072 | 9.48 | 0.01%
D1035 | 9.48 | 0.01%
D1275 | 9.47 | 0.01%
D1179 | 9.43 | 0.01%
D1159 | 9.42 | 0.01%
D254 | 9.41 | 0.01%
D650 | 9.39 | 0.01%
D153 | 9.37 | 0.01%
D1418 | 9.33 | 0.01%
D1031 | 9.32 | 0.01%
D1099 | 9.30 | 0.01%
D1125 | 9.30 | 0.01%
D928 | 9.28 | 0.01%
D1002 | 9.22 | 0.01%
D1098 | 9.22 | 0.01%
D373 | 9.19 | 0.01%
D1218 | 9.14 | 0.01%
D1180 | 9.12 | 0.01%
D239 | 9.11 | 0.01%
D666 | 9.08 | 0.01%
D1034 | 9.05 | 0.01%
D626 | 9.01 | 0.01%
D806 | 9.00 | 0.01%
D156 | 8.99 | 0.01%
D147 | 8.97 | 0.01%
D1038 | 8.96 | 0.01%
D1115 | 8.96 | 0.01%
D512 | 8.85 | 0.01%
D962 | 8.81 | 0.01%
D1032 | 8.78 | 0.01%
D1185 | 8.75 | 0.01%
D1423 | 8.72 | 0.01%
D420 | 8.72 | 0.01%
D310 | 8.67 | 0.01%
D255 | 8.61 | 0.01%
D1164 | 8.60 | 0.01%
D1117 | 8.60 | 0.01%
D1027 | 8.55 | 0.01%
D1226 | 8.53 | 0.01%
D635 | 8.52 | 0.01%
D793 | 8.46 | 0.01%
D1281 | 8.45 | 0.01%
D496 | 8.41 | 0.01%
D1237 | 8.38 | 0.01%
D1129 | 8.34 | 0.01%
D712 | 8.31 | 0.01%
D374 | 8.29 | 0.01%
D376 | 8.29 | 0.01%
D1169 | 8.29 | 0.01%
D1402 | 8.28 | 0.01%
D815 | 8.28 | 0.01%
D477 | 8.27 | 0.01%
D1343 | 8.25 | 0.01%
D1213 | 8.25 | 0.01%
D777 | 8.23 | 0.01%
D1297 | 8.21 | 0.01%
D1176 | 8.18 | 0.01%
D1304 | 8.13 | 0.01%
D388 | 8.08 | 0.01%
D1310 | 8.07 | 0.01%
D124 | 8.06 | 0.01%
D246 | 8.05 | 0.01%
D882 | 8.03 | 0.01%
D1186 | 8.00 | 0.01%
D1177 | 8.00 | 0.01%
D343 | 7.99 | 0.01%
D1109 | 7.99 | 0.01%
D766 | 7.97 | 0.01%
D767 | 7.97 | 0.01%
D1334 | 7.96 | 0.01%
D339 | 7.95 | 0.01%
D1433 | 7.95 | 0.01%
D1414 | 7.92 | 0.01%
D832 | 7.90 | 0.01%
D914 | 7.89 | 0.01%
D578 | 7.89 | 0.01%
D903 | 7.88 | 0.01%
D579 | 7.88 | 0.01%
D912 | 7.86 | 0.01%
D465 | 7.85 | 0.01%
D1681 | 7.85 | 0.01%
D689 | 7.84 | 0.01%
D184 | 7.77 | 0.01%
D1158 | 7.73 | 0.01%
D584 | 7.72 | 0.01%
D651 | 7.70 | 0.01%
D436 | 7.69 | 0.01%
D1163 | 7.69 | 0.01%
D340 | 7.68 | 0.01%
D1097 | 7.67 | 0.01%
D1208 | 7.60 | 0.01%
D179 | 7.59 | 0.01%
D462 | 7.56 | 0.01%
D1188 | 7.56 | 0.01%
D166 | 7.53 | 0.01%
D814 | 7.49 | 0.01%
D1252 | 7.48 | 0.01%
D270 | 7.44 | 0.01%
D363 | 7.41 | 0.01%
D1206 | 7.39 | 0.01%
D1181 | 7.34 | 0.01%
D1391 | 7.32 | 0.01%
D1375 | 7.31 | 0.01%
D1381 | 7.20 | 0.01%
D938 | 7.19 | 0.01%
D1124 | 7.16 | 0.01%
D1356 | 7.13 | 0.01%
D734 | 7.12 | 0.01%
D1197 | 7.11 | 0.01%
D1228 | 7.09 | 0.01%
D964 | 7.08 | 0.01%
D555 | 7.06 | 0.01%
D1355 | 7.06 | 0.01%
D677 | 7.04 | 0.01%
D521 | 7.01 | 0.01%
D803 | 6.99 | 0.01%
D1044 | 6.98 | 0.01%
D1171 | 6.95 | 0.01%
D1056 | 6.94 | 0.01%
D123 | 6.93 | 0.01%
D1154 | 6.93 | 0.01%
D653 | 6.92 | 0.01%
D1243 | 6.92 | 0.01%
D1279 | 6.90 | 0.01%
D972 | 6.89 | 0.01%
D1199 | 6.86 | 0.01%
D542 | 6.85 | 0.01%
D24 | 6.84 | 0.01%
D627 | 6.82 | 0.01%
D463 | 6.78 | 0.01%
D1209 | 6.75 | 0.01%
D335 | 6.72 | 0.01%
D1684 | 6.71 | 0.01%
D1190 | 6.64 | 0.01%
D913 | 6.61 | 0.01%
D588 | 6.56 | 0.01%
D1364 | 6.51 | 0.01%
D1358 | 6.49 | 0.01%
D547 | 6.48 | 0.01%
D643 | 6.47 | 0.01%
D1268 | 6.43 | 0.01%
D550 | 6.41 | 0.01%
D1106 | 6.39 | 0.01%
D1329 | 6.38 | 0.01%
D1211 | 6.35 | 0.01%
D813 | 6.31 | 0.01%
D730 | 6.27 | 0.01%
D1048 | 6.25 | 0.01%
D1282 | 6.23 | 0.01%
D792 | 6.22 | 0.01%
D464 | 6.16 | 0.01%
D569 | 6.15 | 0.01%
D1202 | 6.11 | 0.01%
D1446 | 6.11 | 0.01%
D1262 | 6.10 | 0.01%
D1301 | 6.04 | 0.01%
D756 | 6.04 | 0.01%
D169 | 5.99 | 0.01%
D1367 | 5.98 | 0.01%
D1217 | 5.98 | 0.01%
D1295 | 5.98 | 0.01%
D667 | 5.97 | 0.01%
D94 | 5.94 | 0.01%
D845 | 5.93 | 0.01%
D1133 | 5.92 | 0.01%
D562 | 5.90 | 0.01%
D645 | 5.90 | 0.01%
D114 | 5.88 | 0.01%
D1409 | 5.87 | 0.01%
D138 | 5.85 | 0.01%
D620 | 5.84 | 0.01%
D1245 | 5.83 | 0.01%
D1408 | 5.83 | 0.01%
D600 | 5.81 | 0.01%
D554 | 5.80 | 0.01%
D452 | 5.77 | 0.01%
D1272 | 5.77 | 0.01%
D948 | 5.74 | 0.01%
D1665 | 5.74 | 0.01%
D1538 | 5.71 | 0.01%
D614 | 5.69 | 0.01%
D1092 | 5.65 | 0.01%
D893 | 5.58 | 0.01%
D974 | 5.58 | 0.01%
D598 | 5.57 | 0.01%
D1096 | 5.54 | 0.01%
D864 | 5.49 | 0.01%
D451 | 5.49 | 0.01%
D188 | 5.47 | 0.01%
D776 | 5.45 | 0.01%
D320 | 5.43 | 0.01%
D1024 | 5.42 | 0.01%
D703 | 5.41 | 0.01%
D1405 | 5.39 | 0.01%
D1178 | 5.39 | 0.01%
D1309 | 5.36 | 0.01%
D1390 | 5.35 | 0.01%
D1231 | 5.32 | 0.01%
D271 | 5.30 | 0.01%
D1216 | 5.29 | 0.01%
D681 | 5.27 | 0.01%
D1435 | 5.27 | 0.01%
D1256 | 5.27 | 0.01%
D431 | 5.26 | 0.01%
D279 | 5.25 | 0.01%
D1247 | 5.25 | 0.01%
D1448 | 5.22 | 0.01%
D1447 | 5.21 | 0.01%
D1647 | 5.19 | 0.01%
D389 | 5.19 | 0.01%
D1357 | 5.13 | 0.01%
D1431 | 5.12 | 0.01%
D261 | 5.11 | 0.01%
D1292 | 5.11 | 0.01%
D1380 | 5.09 | 0.01%
D1328 | 5.08 | 0.01%
D1223 | 5.07 | 0.01%
D590 | 5.07 | 0.01%
D1254 | 5.07 | 0.01%
D1160 | 5.06 | 0.01%
D365 | 5.06 | 0.01%
D587 | 5.04 | 0.01%
D1400 | 5.04 | 0.01%
D1444 | 5.03 | 0.01%
D1370 | 5.02 | 0.01%
D113 | 5.02 | 0.01%
D1269 | 5.01 | 0.01%
D1754 | 4.98 | 0.01%
D422 | 4.97 | 0.01%
D1091 | 4.96 | 0.01%
D664 | 4.95 | 0.01%
D753 | 4.94 | 0.01%
D818 | 4.91 | 0.01%
D943 | 4.86 | 0.01%
D1428 | 4.84 | 0.01%
D1410 | 4.83 | 0.01%
D1324 | 4.82 | 0.01%
D585 | 4.78 | 0.01%
D1212 | 4.74 | 0.01%
D176 | 4.73 | 0.01%
D1175 | 4.70 | 0.01%
D945 | 4.69 | 0.01%
D190 | 4.68 | 0.00%
D1464 | 4.67 | 0.00%
D1440 | 4.67 | 0.00%
D1580 | 4.66 | 0.00%
D387 | 4.65 | 0.00%
D475 | 4.61 | 0.00%
D1315 | 4.59 | 0.00%
D221 | 4.57 | 0.00%
D429 | 4.54 | 0.00%
D1331 | 4.54 | 0.00%
D1207 | 4.51 | 0.00%
D355 | 4.51 | 0.00%
D326 | 4.50 | 0.00%
D1076 | 4.48 | 0.00%
D1413 | 4.47 | 0.00%
D260 | 4.46 | 0.00%
D1351 | 4.44 | 0.00%
D1089 | 4.44 | 0.00%
D1144 | 4.43 | 0.00%
D716 | 4.43 | 0.00%
D1183 | 4.42 | 0.00%
D1396 | 4.40 | 0.00%
D754 | 4.39 | 0.00%
D1319 | 4.39 | 0.00%
D1260 | 4.37 | 0.00%
D1157 | 4.37 | 0.00%
D1634 | 4.35 | 0.00%
D1581 | 4.33 | 0.00%
D1290 | 4.30 | 0.00%
D77 | 4.27 | 0.00%
D539 | 4.27 | 0.00%
D1224 | 4.26 | 0.00%
D545 | 4.26 | 0.00%
D1338 | 4.25 | 0.00%
D1187 | 4.24 | 0.00%
D1257 | 4.22 | 0.00%
D1277 | 4.22 | 0.00%
D1205 | 4.20 | 0.00%
D361 | 4.19 | 0.00%
D1430 | 4.14 | 0.00%
D1253 | 4.11 | 0.00%
D528 | 4.07 | 0.00%
D771 | 4.06 | 0.00%
D1344 | 4.05 | 0.00%
D1394 | 4.05 | 0.00%
D1220 | 4.04 | 0.00%
D1704 | 4.04 | 0.00%
D916 | 4.03 | 0.00%
D1065 | 4.03 | 0.00%
D1436 | 4.02 | 0.00%
D357 | 4.02 | 0.00%
D1284 | 3.95 | 0.00%
D1451 | 3.94 | 0.00%
D1663 | 3.94 | 0.00%
D1131 | 3.93 | 0.00%
D1533 | 3.93 | 0.00%
D1314 | 3.89 | 0.00%
D915 | 3.87 | 0.00%
D1221 | 3.87 | 0.00%
D548 | 3.83 | 0.00%
D1146 | 3.82 | 0.00%
D1047 | 3.82 | 0.00%
D690 | 3.79 | 0.00%
D1266 | 3.75 | 0.00%
D1230 | 3.75 | 0.00%
D1261 | 3.75 | 0.00%
D691 | 3.73 | 0.00%
D520 | 3.72 | 0.00%
D349 | 3.72 | 0.00%
D679 | 3.70 | 0.00%
D1449 | 3.70 | 0.00%
D148 | 3.70 | 0.00%
D524 | 3.69 | 0.00%
D311 | 3.68 | 0.00%
D1104 | 3.68 | 0.00%
D1155 | 3.62 | 0.00%
D560 | 3.61 | 0.00%
D1384 | 3.61 | 0.00%
D919 | 3.60 | 0.00%
D362 | 3.55 | 0.00%
D727 | 3.54 | 0.00%
D1173 | 3.53 | 0.00%
D1382 | 3.51 | 0.00%
D346 | 3.48 | 0.00%
D1417 | 3.48 | 0.00%
D1345 | 3.47 | 0.00%
D1289 | 3.42 | 0.00%
D1311 | 3.41 | 0.00%
D497 | 3.38 | 0.00%
D1274 | 3.38 | 0.00%
D1365 | 3.35 | 0.00%
D732 | 3.31 | 0.00%
D549 | 3.29 | 0.00%
D300 | 3.26 | 0.00%
D432 | 3.24 | 0.00%
D1502 | 3.24 | 0.00%
D1582 | 3.23 | 0.00%
D379 | 3.22 | 0.00%
D1666 | 3.21 | 0.00%
D1389 | 3.21 | 0.00%
D1437 | 3.20 | 0.00%
D1233 | 3.19 | 0.00%
D1638 | 3.17 | 0.00%
D1182 | 3.13 | 0.00%
D1363 | 3.11 | 0.00%
D886 | 3.11 | 0.00%
D1613 | 3.11 | 0.00%
D327 | 3.10 | 0.00%
D1586 | 3.10 | 0.00%
D565 | 3.09 | 0.00%
D448 | 3.09 | 0.00%
D116 | 3.09 | 0.00%
D1397 | 3.07 | 0.00%
D1725 | 3.05 | 0.00%
D1466 | 3.03 | 0.00%
D563 | 3.03 | 0.00%
D993 | 3.03 | 0.00%
D529 | 3.03 | 0.00%
D125 | 2.99 | 0.00%
D281 | 2.99 | 0.00%
D1350 | 2.93 | 0.00%
D778 | 2.93 | 0.00%
D786 | 2.92 | 0.00%
D1283 | 2.92 | 0.00%
D1251 | 2.91 | 0.00%
D867 | 2.90 | 0.00%
D1300 | 2.90 | 0.00%
D1386 | 2.89 | 0.00%
D1668 | 2.88 | 0.00%
D1420 | 2.87 | 0.00%
D412 | 2.86 | 0.00%
D1736 | 2.85 | 0.00%
D1305 | 2.85 | 0.00%
D258 | 2.84 | 0.00%
D1325 | 2.83 | 0.00%
D348 | 2.83 | 0.00%
D1134 | 2.83 | 0.00%
D636 | 2.81 | 0.00%
D904 | 2.80 | 0.00%
D268 | 2.76 | 0.00%
D1354 | 2.74 | 0.00%
D1453 | 2.74 | 0.00%
D704 | 2.71 | 0.00%
D1316 | 2.71 | 0.00%
D969 | 2.71 | 0.00%
D1690 | 2.69 | 0.00%
D1215 | 2.68 | 0.00%
D1372 | 2.68 | 0.00%
D259 | 2.68 | 0.00%
D399 | 2.63 | 0.00%
D344 | 2.62 | 0.00%
D309 | 2.62 | 0.00%
D1077 | 2.62 | 0.00%
D1236 | 2.58 | 0.00%
D929 | 2.58 | 0.00%
D1346 | 2.55 | 0.00%
D1349 | 2.55 | 0.00%
D1421 | 2.55 | 0.00%
D1246 | 2.53 | 0.00%
D706 | 2.51 | 0.00%
D1427 | 2.51 | 0.00%
D558 | 2.50 | 0.00%
D1244 | 2.49 | 0.00%
D245 | 2.49 | 0.00%
D170 | 2.48 | 0.00%
D1425 | 2.47 | 0.00%
D790 | 2.47 | 0.00%
D670 | 2.43 | 0.00%
D1238 | 2.41 | 0.00%
D275 | 2.40 | 0.00%
D423 | 2.39 | 0.00%
D329 | 2.39 | 0.00%
D394 | 2.39 | 0.00%
D1151 | 2.36 | 0.00%
D434 | 2.36 | 0.00%
D1443 | 2.36 | 0.00%
D1306 | 2.34 | 0.00%
D613 | 2.32 | 0.00%
D1259 | 2.31 | 0.00%
D715 | 2.31 | 0.00%
D1442 | 2.31 | 0.00%
D1264 | 2.30 | 0.00%
D1265 | 2.29 | 0.00%
D1682 | 2.28 | 0.00%
D366 | 2.28 | 0.00%
D1172 | 2.27 | 0.00%
D770 | 2.24 | 0.00%
D881 | 2.22 | 0.00%
D292 | 2.22 | 0.00%
D940 | 2.21 | 0.00%
D768 | 2.21 | 0.00%
D1660 | 2.20 | 0.00%
D797 | 2.20 | 0.00%
D1102 | 2.20 | 0.00%
D678 | 2.17 | 0.00%
D1383 | 2.17 | 0.00%
D347 | 2.17 | 0.00%
D1475 | 2.17 | 0.00%
D589 | 2.16 | 0.00%
D1353 | 2.16 | 0.00%
D499 | 2.15 | 0.00%
D28 | 2.14 | 0.00%
D576 | 2.11 | 0.00%
D665 | 2.11 | 0.00%
D835 | 2.11 | 0.00%
D1422 | 2.10 | 0.00%
D617 | 2.07 | 0.00%
D798 | 2.06 | 0.00%
D885 | 2.06 | 0.00%
D1313 | 2.05 | 0.00%
D1241 | 2.05 | 0.00%
D1463 | 2.04 | 0.00%
D519 | 2.04 | 0.00%
D341 | 2.03 | 0.00%
D1291 | 2.03 | 0.00%
D317 | 2.02 | 0.00%
D1143 | 2.00 | 0.00%
D276 | 1.99 | 0.00%
D1487 | 1.98 | 0.00%
D393 | 1.95 | 0.00%
D1525 | 1.95 | 0.00%
D368 | 1.92 | 0.00%
D1635 | 1.91 | 0.00%
D846 | 1.90 | 0.00%
D1232 | 1.90 | 0.00%
D1326 | 1.89 | 0.00%
D486 | 1.84 | 0.00%
D894 | 1.83 | 0.00%
D1336 | 1.83 | 0.00%
D1387 | 1.79 | 0.00%
D755 | 1.77 | 0.00%
D1501 | 1.75 | 0.00%
D606 | 1.75 | 0.00%
D1591 | 1.74 | 0.00%
D1398 | 1.74 | 0.00%
D328 | 1.70 | 0.00%
D1558 | 1.70 | 0.00%
D456 | 1.70 | 0.00%
D1401 | 1.69 | 0.00%
D1373 | 1.68 | 0.00%
D1222 | 1.68 | 0.00%
D354 | 1.67 | 0.00%
D1248 | 1.64 | 0.00%
D318 | 1.64 | 0.00%
D1620 | 1.64 | 0.00%
D282 | 1.64 | 0.00%
D1320 | 1.60 | 0.00%
D616 | 1.60 | 0.00%
D863 | 1.59 | 0.00%
D358 | 1.59 | 0.00%
D115 | 1.58 | 0.00%
D1332 | 1.57 | 0.00%
D1569 | 1.57 | 0.00%
D1470 | 1.57 | 0.00%
D1242 | 1.55 | 0.00%
D895 | 1.55 | 0.00%
D1639 | 1.55 | 0.00%
D1395 | 1.55 | 0.00%
D342 | 1.54 | 0.00%
D1411 | 1.54 | 0.00%
D1622 | 1.52 | 0.00%
D710 | 1.50 | 0.00%
D1327 | 1.48 | 0.00%
D773 | 1.48 | 0.00%
D427 | 1.48 | 0.00%
D1560 | 1.46 | 0.00%
D530 | 1.45 | 0.00%
D407 | 1.43 | 0.00%
D410 | 1.42 | 0.00%
D1496 | 1.42 | 0.00%
D1378 | 1.42 | 0.00%
D1342 | 1.42 | 0.00%
D656 | 1.39 | 0.00%
D1775 | 1.39 | 0.00%
D1557 | 1.38 | 0.00%
D917 | 1.38 | 0.00%
D1636 | 1.37 | 0.00%
D819 | 1.37 | 0.00%
D1227 | 1.34 | 0.00%
D241 | 1.33 | 0.00%
D1379 | 1.33 | 0.00%
D409 | 1.32 | 0.00%
D367 | 1.32 | 0.00%
D1288 | 1.32 | 0.00%
D1462 | 1.32 | 0.00%
D537 | 1.32 | 0.00%
D866 | 1.31 | 0.00%
D816 | 1.31 | 0.00%
D1225 | 1.31 | 0.00%
D1276 | 1.31 | 0.00%
D23 | 1.30 | 0.00%
D693 | 1.27 | 0.00%
D603 | 1.26 | 0.00%
D849 | 1.26 | 0.00%
D413 | 1.25 | 0.00%
D1729 | 1.24 | 0.00%
D930 | 1.24 | 0.00%
D319 | 1.22 | 0.00%
D411 | 1.22 | 0.00%
D1652 | 1.22 | 0.00%
D1374 | 1.20 | 0.00%
D1434 | 1.20 | 0.00%
D426 | 1.20 | 0.00%
D356 | 1.19 | 0.00%
D1403 | 1.18 | 0.00%
D134 | 1.16 | 0.00%
D1726 | 1.16 | 0.00%
D308 | 1.15 | 0.00%
D1541 | 1.14 | 0.00%
D1576 | 1.12 | 0.00%
D403 | 1.12 | 0.00%
D896 | 1.12 | 0.00%
D744 | 1.11 | 0.00%
D527 | 1.11 | 0.00%
D352 | 1.11 | 0.00%
D171 | 1.10 | 0.00%
D274 | 1.08 | 0.00%
D564 | 1.08 | 0.00%
D1312 | 1.07 | 0.00%
D491 | 1.07 | 0.00%
D1432 | 1.06 | 0.00%
D263 | 1.06 | 0.00%
D848 | 1.06 | 0.00%
D1200 | 1.05 | 0.00%
D644 | 1.04 | 0.00%
D1497 | 1.04 | 0.00%
D1491 | 1.00 | 0.00%
D1377 | 1.00 | 0.00%
D395 | 0.99 | 0.00%
D1307 | 0.96 | 0.00%
D1556 | 0.94 | 0.00%
D1298 | 0.92 | 0.00%
D1532 | 0.92 | 0.00%
D707 | 0.92 | 0.00%
D1429 | 0.91 | 0.00%
D593 | 0.91 | 0.00%
D235 | 0.90 | 0.00%
D854 | 0.89 | 0.00%
D1323 | 0.89 | 0.00%
D536 | 0.89 | 0.00%
D655 | 0.88 | 0.00%
D490 | 0.88 | 0.00%
D291 | 0.87 | 0.00%
D1495 | 0.86 | 0.00%
D330 | 0.86 | 0.00%
D785 | 0.85 | 0.00%
D1473 | 0.83 | 0.00%
D256 | 0.83 | 0.00%
D1285 | 0.83 | 0.00%
D244 | 0.83 | 0.00%
D758 | 0.82 | 0.00%
D1214 | 0.81 | 0.00%
D1321 | 0.81 | 0.00%
D1564 | 0.80 | 0.00%
D1592 | 0.80 | 0.00%
D1629 | 0.79 | 0.00%
D1439 | 0.78 | 0.00%
D280 | 0.77 | 0.00%
D1369 | 0.76 | 0.00%
D733 | 0.75 | 0.00%
D383 | 0.73 | 0.00%
D680 | 0.70 | 0.00%
D321 | 0.70 | 0.00%
D252 | 0.69 | 0.00%
D709 | 0.68 | 0.00%
D1584 | 0.67 | 0.00%
D353 | 0.66 | 0.00%
D1606 | 0.66 | 0.00%
D247 | 0.65 | 0.00%
D942 | 0.64 | 0.00%
D1520 | 0.64 | 0.00%
D567 | 0.64 | 0.00%
D577 | 0.64 | 0.00%
D1618 | 0.63 | 0.00%
D692 | 0.63 | 0.00%
D834 | 0.63 | 0.00%
D780 | 0.63 | 0.00%
D278 | 0.60 | 0.00%
D795 | 0.59 | 0.00%
D694 | 0.59 | 0.00%
D364 | 0.59 | 0.00%
D738 | 0.57 | 0.00%
D1296 | 0.57 | 0.00%
D523 | 0.57 | 0.00%
D1476 | 0.57 | 0.00%
D1458 | 0.56 | 0.00%
D799 | 0.56 | 0.00%
D1515 | 0.56 | 0.00%
D1299 | 0.56 | 0.00%
D781 | 0.55 | 0.00%
D1348 | 0.55 | 0.00%
D630 | 0.54 | 0.00%
D1641 | 0.54 | 0.00%
D522 | 0.54 | 0.00%
D264 | 0.54 | 0.00%
D1454 | 0.54 | 0.00%
D1330 | 0.54 | 0.00%
D920 | 0.53 | 0.00%
D510 | 0.52 | 0.00%
D833 | 0.52 | 0.00%
D1605 | 0.52 | 0.00%
D1699 | 0.51 | 0.00%
D761 | 0.51 | 0.00%
D1523 | 0.51 | 0.00%
D580 | 0.50 | 0.00%
D1503 | 0.50 | 0.00%
D865 | 0.50 | 0.00%
D272 | 0.50 | 0.00%
D405 | 0.49 | 0.00%
D671 | 0.49 | 0.00%
D561 | 0.49 | 0.00%
D350 | 0.48 | 0.00%
D293 | 0.48 | 0.00%
D1695 | 0.48 | 0.00%
D629 | 0.48 | 0.00%
D1461 | 0.48 | 0.00%
D640 | 0.47 | 0.00%
D297 | 0.47 | 0.00%
D1763 | 0.46 | 0.00%
D543 | 0.46 | 0.00%
D1568 | 0.46 | 0.00%
D478 | 0.45 | 0.00%
D289 | 0.45 | 0.00%
D1703 | 0.44 | 0.00%
D906 | 0.43 | 0.00%
D817 | 0.43 | 0.00%
D918 | 0.43 | 0.00%
D1239 | 0.42 | 0.00%
D1543 | 0.42 | 0.00%
D1477 | 0.41 | 0.00%
D772 | 0.41 | 0.00%
D290 | 0.41 | 0.00%
D1412 | 0.41 | 0.00%
D574 | 0.41 | 0.00%
D1595 | 0.40 | 0.00%
D538 | 0.40 | 0.00%
D1512 | 0.40 | 0.00%
D273 | 0.39 | 0.00%
D746 | 0.39 | 0.00%
D602 | 0.38 | 0.00%
D642 | 0.38 | 0.00%
D1362 | 0.37 | 0.00%
D839 | 0.37 | 0.00%
D1720 | 0.36 | 0.00%
D736 | 0.36 | 0.00%
D731 | 0.34 | 0.00%
D1685 | 0.34 | 0.00%
D509 | 0.34 | 0.00%
D668 | 0.33 | 0.00%
D1485 | 0.33 | 0.00%
D396 | 0.33 | 0.00%
D531 | 0.32 | 0.00%
D708 | 0.32 | 0.00%
D719 | 0.32 | 0.00%
D784 | 0.32 | 0.00%
D315 | 0.31 | 0.00%
D238 | 0.31 | 0.00%
D1542 | 0.31 | 0.00%
D1474 | 0.31 | 0.00%
D876 | 0.30 | 0.00%
D267 | 0.30 | 0.00%
D1730 | 0.30 | 0.00%
D1504 | 0.30 | 0.00%
D231 | 0.29 | 0.00%
D1701 | 0.29 | 0.00%
D1571 | 0.29 | 0.00%
D1529 | 0.29 | 0.00%
D1452 | 0.28 | 0.00%
D717 | 0.26 | 0.00%
D1577 | 0.25 | 0.00%
D1741 | 0.25 | 0.00%
D1671 | 0.25 | 0.00%
D325 | 0.25 | 0.00%
D604 | 0.25 | 0.00%
D450 | 0.24 | 0.00%
D1507 | 0.24 | 0.00%
D382 | 0.23 | 0.00%
D787 | 0.23 | 0.00%
D1574 | 0.22 | 0.00%
D1709 | 0.21 | 0.00%
D1772 | 0.21 | 0.00%
D619 | 0.21 | 0.00%
D654 | 0.20 | 0.00%
D1579 | 0.20 | 0.00%
D1516 | 0.20 | 0.00%
D1539 | 0.20 | 0.00%
D286 | 0.20 | 0.00%
D592 | 0.19 | 0.00%
D905 | 0.19 | 0.00%
D1467 | 0.19 | 0.00%
D1776 | 0.18 | 0.00%
D1505 | 0.18 | 0.00%
D722 | 0.18 | 0.00%
D500 | 0.18 | 0.00%
D1293 | 0.17 | 0.00%
D307 | 0.17 | 0.00%
D941 | 0.17 | 0.00%
D384 | 0.17 | 0.00%
D1718 | 0.17 | 0.00%
D507 | 0.17 | 0.00%
D1508 | 0.16 | 0.00%
D483 | 0.16 | 0.00%
D397 | 0.16 | 0.00%
D498 | 0.15 | 0.00%
D1722 | 0.15 | 0.00%
D723 | 0.15 | 0.00%
D1694 | 0.14 | 0.00%
D570 | 0.14 | 0.00%
D1664 | 0.14 | 0.00%
D1249 | 0.13 | 0.00%
D1748 | 0.13 | 0.00%
D1698 | 0.13 | 0.00%
D1406 | 0.13 | 0.00%
D1471 | 0.13 | 0.00%
D922 | 0.12 | 0.00%
D1713 | 0.12 | 0.00%
D1506 | 0.12 | 0.00%
D1566 | 0.12 | 0.00%
D1696 | 0.12 | 0.00%
D774 | 0.12 | 0.00%
D1654 | 0.12 | 0.00%
D1337 | 0.11 | 0.00%
D1498 | 0.11 | 0.00%
D541 | 0.11 | 0.00%
D400 | 0.11 | 0.00%
D1450 | 0.11 | 0.00%
D887 | 0.11 | 0.00%
D1749 | 0.11 | 0.00%
D253 | 0.10 | 0.00%
D424 | 0.10 | 0.00%
D946 | 0.10 | 0.00%
D1500 | 0.10 | 0.00%
D757 | 0.10 | 0.00%
D433 | 0.09 | 0.00%
D1522 | 0.09 | 0.00%
D1455 | 0.09 | 0.00%
D735 | 0.08 | 0.00%
D1469 | 0.08 | 0.00%
D850 | 0.08 | 0.00%
D1554 | 0.07 | 0.00%
D1608 | 0.07 | 0.00%
D883 | 0.07 | 0.00%
D322 | 0.06 | 0.00%
D1759 | 0.06 | 0.00%
D1735 | 0.06 | 0.00%
D331 | 0.06 | 0.00%
D506 | 0.06 | 0.00%
D501 | 0.06 | 0.00%
D301 | 0.06 | 0.00%
D1687 | 0.05 | 0.00%
D646 | 0.05 | 0.00%
D857 | 0.05 | 0.00%
D284 | 0.05 | 0.00%
D696 | 0.04 | 0.00%
D1650 | 0.03 | 0.00%
D1679 | 0.03 | 0.00%
D299 | 0.03 | 0.00%
D601 | 0.02 | 0.00%
D1388 | 0.02 | 0.00%
D414 | 0.02 | 0.00%
D631 | 0.02 | 0.00%
D1562 | 0.02 | 0.00%
D316 | 0.02 | 0.00%
D657 | 0.02 | 0.00%
D1465 | 0.02 | 0.00%
D1499 | 0.01 | 0.00%
D591 | 0.01 | 0.00%
D72 | 0.00 | 0.00%
D193 | 0.00 | 0.00%
D230 | 0.00 | 0.00%
D232 | 0.00 | 0.00%
D234 | 0.00 | 0.00%
D240 | 0.00 | 0.00%
D242 | 0.00 | 0.00%
D257 | 0.00 | 0.00%
D265 | 0.00 | 0.00%
D266 | 0.00 | 0.00%
D269 | 0.00 | 0.00%
D277 | 0.00 | 0.00%
D283 | 0.00 | 0.00%
D285 | 0.00 | 0.00%
D287 | 0.00 | 0.00%
D294 | 0.00 | 0.00%
D295 | 0.00 | 0.00%
D296 | 0.00 | 0.00%
D298 | 0.00 | 0.00%
D302 | 0.00 | 0.00%
D303 | 0.00 | 0.00%
D304 | 0.00 | 0.00%
D305 | 0.00 | 0.00%
D306 | 0.00 | 0.00%
D323 | 0.00 | 0.00%
D324 | 0.00 | 0.00%
D332 | 0.00 | 0.00%
D333 | 0.00 | 0.00%
D345 | 0.00 | 0.00%
D369 | 0.00 | 0.00%
D370 | 0.00 | 0.00%
D371 | 0.00 | 0.00%
D372 | 0.00 | 0.00%
D381 | 0.00 | 0.00%
D385 | 0.00 | 0.00%
D398 | 0.00 | 0.00%
D401 | 0.00 | 0.00%
D402 | 0.00 | 0.00%
D404 | 0.00 | 0.00%
D406 | 0.00 | 0.00%
D408 | 0.00 | 0.00%
D425 | 0.00 | 0.00%
D435 | 0.00 | 0.00%
D437 | 0.00 | 0.00%
D438 | 0.00 | 0.00%
D439 | 0.00 | 0.00%
D466 | 0.00 | 0.00%
D467 | 0.00 | 0.00%
D468 | 0.00 | 0.00%
D484 | 0.00 | 0.00%
D485 | 0.00 | 0.00%
D487 | 0.00 | 0.00%
D488 | 0.00 | 0.00%
D489 | 0.00 | 0.00%
D502 | 0.00 | 0.00%
D503 | 0.00 | 0.00%
D508 | 0.00 | 0.00%
D511 | 0.00 | 0.00%
D532 | 0.00 | 0.00%
D533 | 0.00 | 0.00%
D540 | 0.00 | 0.00%
D551 | 0.00 | 0.00%
D552 | 0.00 | 0.00%
D553 | 0.00 | 0.00%
D566 | 0.00 | 0.00%
D568 | 0.00 | 0.00%
D571 | 0.00 | 0.00%
D572 | 0.00 | 0.00%
D573 | 0.00 | 0.00%
D575 | 0.00 | 0.00%
D581 | 0.00 | 0.00%
D605 | 0.00 | 0.00%
D618 | 0.00 | 0.00%
D632 | 0.00 | 0.00%
D633 | 0.00 | 0.00%
D634 | 0.00 | 0.00%
D637 | 0.00 | 0.00%
D638 | 0.00 | 0.00%
D639 | 0.00 | 0.00%
D641 | 0.00 | 0.00%
D647 | 0.00 | 0.00%
D648 | 0.00 | 0.00%
D658 | 0.00 | 0.00%
D669 | 0.00 | 0.00%
D682 | 0.00 | 0.00%
D683 | 0.00 | 0.00%
D684 | 0.00 | 0.00%
D695 | 0.00 | 0.00%
D705 | 0.00 | 0.00%
D713 | 0.00 | 0.00%
D714 | 0.00 | 0.00%
D718 | 0.00 | 0.00%
D720 | 0.00 | 0.00%
D721 | 0.00 | 0.00%
D724 | 0.00 | 0.00%
D725 | 0.00 | 0.00%
D726 | 0.00 | 0.00%
D737 | 0.00 | 0.00%
D745 | 0.00 | 0.00%
D759 | 0.00 | 0.00%
D760 | 0.00 | 0.00%
D782 | 0.00 | 0.00%
D783 | 0.00 | 0.00%
D788 | 0.00 | 0.00%
D789 | 0.00 | 0.00%
D796 | 0.00 | 0.00%
D800 | 0.00 | 0.00%
D801 | 0.00 | 0.00%
D804 | 0.00 | 0.00%
D805 | 0.00 | 0.00%
D820 | 0.00 | 0.00%
D821 | 0.00 | 0.00%
D822 | 0.00 | 0.00%
D823 | 0.00 | 0.00%
D824 | 0.00 | 0.00%
D825 | 0.00 | 0.00%
D826 | 0.00 | 0.00%
D827 | 0.00 | 0.00%
D828 | 0.00 | 0.00%
D829 | 0.00 | 0.00%
D830 | 0.00 | 0.00%
D831 | 0.00 | 0.00%
D836 | 0.00 | 0.00%
D837 | 0.00 | 0.00%
D838 | 0.00 | 0.00%
D840 | 0.00 | 0.00%
D847 | 0.00 | 0.00%
D851 | 0.00 | 0.00%
D852 | 0.00 | 0.00%
D853 | 0.00 | 0.00%
D855 | 0.00 | 0.00%
D856 | 0.00 | 0.00%
D858 | 0.00 | 0.00%
D859 | 0.00 | 0.00%
D860 | 0.00 | 0.00%
D861 | 0.00 | 0.00%
D862 | 0.00 | 0.00%
D868 | 0.00 | 0.00%
D869 | 0.00 | 0.00%
D870 | 0.00 | 0.00%
D871 | 0.00 | 0.00%
D872 | 0.00 | 0.00%
D873 | 0.00 | 0.00%
D874 | 0.00 | 0.00%
D875 | 0.00 | 0.00%
D877 | 0.00 | 0.00%
D878 | 0.00 | 0.00%
D879 | 0.00 | 0.00%
D888 | 0.00 | 0.00%
D897 | 0.00 | 0.00%
D898 | 0.00 | 0.00%
D899 | 0.00 | 0.00%
D907 | 0.00 | 0.00%
D908 | 0.00 | 0.00%
D909 | 0.00 | 0.00%
D910 | 0.00 | 0.00%
D921 | 0.00 | 0.00%
D923 | 0.00 | 0.00%
D924 | 0.00 | 0.00%
D931 | 0.00 | 0.00%
D944 | 0.00 | 0.00%
D1366 | 0.00 | 0.00%
D1385 | 0.00 | 0.00%
D1456 | 0.00 | 0.00%
D1457 | 0.00 | 0.00%
D1459 | 0.00 | 0.00%
D1460 | 0.00 | 0.00%
D1468 | 0.00 | 0.00%
D1472 | 0.00 | 0.00%
D1478 | 0.00 | 0.00%
D1479 | 0.00 | 0.00%
D1480 | 0.00 | 0.00%
D1481 | 0.00 | 0.00%
D1482 | 0.00 | 0.00%
D1483 | 0.00 | 0.00%
D1484 | 0.00 | 0.00%
D1486 | 0.00 | 0.00%
D1488 | 0.00 | 0.00%
D1489 | 0.00 | 0.00%
D1490 | 0.00 | 0.00%
D1492 | 0.00 | 0.00%
D1493 | 0.00 | 0.00%
D1494 | 0.00 | 0.00%
D1509 | 0.00 | 0.00%
D1510 | 0.00 | 0.00%
D1511 | 0.00 | 0.00%
D1513 | 0.00 | 0.00%
D1514 | 0.00 | 0.00%
D1517 | 0.00 | 0.00%
D1518 | 0.00 | 0.00%
D1519 | 0.00 | 0.00%
D1521 | 0.00 | 0.00%
D1524 | 0.00 | 0.00%
D1526 | 0.00 | 0.00%
D1527 | 0.00 | 0.00%
D1528 | 0.00 | 0.00%
D1530 | 0.00 | 0.00%
D1531 | 0.00 | 0.00%
D1534 | 0.00 | 0.00%
D1535 | 0.00 | 0.00%
D1536 | 0.00 | 0.00%
D1537 | 0.00 | 0.00%
D1540 | 0.00 | 0.00%
D1544 | 0.00 | 0.00%
D1546 | 0.00 | 0.00%
D1547 | 0.00 | 0.00%
D1548 | 0.00 | 0.00%
D1549 | 0.00 | 0.00%
D1550 | 0.00 | 0.00%
D1551 | 0.00 | 0.00%
D1552 | 0.00 | 0.00%
D1553 | 0.00 | 0.00%
D1555 | 0.00 | 0.00%
D1559 | 0.00 | 0.00%
D1561 | 0.00 | 0.00%
D1563 | 0.00 | 0.00%
D1565 | 0.00 | 0.00%
D1567 | 0.00 | 0.00%
D1570 | 0.00 | 0.00%
D1572 | 0.00 | 0.00%
D1573 | 0.00 | 0.00%
D1575 | 0.00 | 0.00%
D1578 | 0.00 | 0.00%
D1583 | 0.00 | 0.00%
D1585 | 0.00 | 0.00%
D1587 | 0.00 | 0.00%
D1588 | 0.00 | 0.00%
D1589 | 0.00 | 0.00%
D1590 | 0.00 | 0.00%
D1593 | 0.00 | 0.00%
D1594 | 0.00 | 0.00%
D1596 | 0.00 | 0.00%
D1597 | 0.00 | 0.00%
D1598 | 0.00 | 0.00%
D1599 | 0.00 | 0.00%
D1600 | 0.00 | 0.00%
D1601 | 0.00 | 0.00%
D1602 | 0.00 | 0.00%
D1603 | 0.00 | 0.00%
D1604 | 0.00 | 0.00%
D1607 | 0.00 | 0.00%
D1609 | 0.00 | 0.00%
D1610 | 0.00 | 0.00%
D1611 | 0.00 | 0.00%
D1612 | 0.00 | 0.00%
D1614 | 0.00 | 0.00%
D1615 | 0.00 | 0.00%
D1616 | 0.00 | 0.00%
D1617 | 0.00 | 0.00%
D1619 | 0.00 | 0.00%
D1623 | 0.00 | 0.00%
D1624 | 0.00 | 0.00%
D1625 | 0.00 | 0.00%
D1626 | 0.00 | 0.00%
D1627 | 0.00 | 0.00%
D1628 | 0.00 | 0.00%
D1630 | 0.00 | 0.00%
D1631 | 0.00 | 0.00%
D1632 | 0.00 | 0.00%
D1633 | 0.00 | 0.00%
D1637 | 0.00 | 0.00%
D1640 | 0.00 | 0.00%
D1642 | 0.00 | 0.00%
D1643 | 0.00 | 0.00%
D1644 | 0.00 | 0.00%
D1645 | 0.00 | 0.00%
D1646 | 0.00 | 0.00%
D1648 | 0.00 | 0.00%
D1649 | 0.00 | 0.00%
D1651 | 0.00 | 0.00%
D1653 | 0.00 | 0.00%
D1655 | 0.00 | 0.00%
D1656 | 0.00 | 0.00%
D1657 | 0.00 | 0.00%
D1658 | 0.00 | 0.00%
D1659 | 0.00 | 0.00%
D1661 | 0.00 | 0.00%
D1662 | 0.00 | 0.00%
D1667 | 0.00 | 0.00%
D1669 | 0.00 | 0.00%
D1670 | 0.00 | 0.00%
D1672 | 0.00 | 0.00%
D1673 | 0.00 | 0.00%
D1674 | 0.00 | 0.00%
D1675 | 0.00 | 0.00%
D1676 | 0.00 | 0.00%
D1677 | 0.00 | 0.00%
D1678 | 0.00 | 0.00%
D1680 | 0.00 | 0.00%
D1683 | 0.00 | 0.00%
D1686 | 0.00 | 0.00%
D1688 | 0.00 | 0.00%
D1689 | 0.00 | 0.00%
D1692 | 0.00 | 0.00%
D1693 | 0.00 | 0.00%
D1697 | 0.00 | 0.00%
D1700 | 0.00 | 0.00%
D1702 | 0.00 | 0.00%
D1705 | 0.00 | 0.00%
D1706 | 0.00 | 0.00%
D1707 | 0.00 | 0.00%
D1708 | 0.00 | 0.00%
D1710 | 0.00 | 0.00%
D1711 | 0.00 | 0.00%
D1712 | 0.00 | 0.00%
D1714 | 0.00 | 0.00%
D1715 | 0.00 | 0.00%
D1716 | 0.00 | 0.00%
D1717 | 0.00 | 0.00%
D1719 | 0.00 | 0.00%
D1721 | 0.00 | 0.00%
D1724 | 0.00 | 0.00%
D1727 | 0.00 | 0.00%
D1728 | 0.00 | 0.00%
D1731 | 0.00 | 0.00%
D1732 | 0.00 | 0.00%
D1733 | 0.00 | 0.00%
D1734 | 0.00 | 0.00%
D1737 | 0.00 | 0.00%
D1738 | 0.00 | 0.00%
D1739 | 0.00 | 0.00%
D1740 | 0.00 | 0.00%
D1742 | 0.00 | 0.00%
D1743 | 0.00 | 0.00%
D1744 | 0.00 | 0.00%
D1745 | 0.00 | 0.00%
D1746 | 0.00 | 0.00%
D1747 | 0.00 | 0.00%
D1750 | 0.00 | 0.00%
D1751 | 0.00 | 0.00%
D1752 | 0.00 | 0.00%
D1753 | 0.00 | 0.00%
D1755 | 0.00 | 0.00%
D1756 | 0.00 | 0.00%
D1757 | 0.00 | 0.00%
D1760 | 0.00 | 0.00%
D1761 | 0.00 | 0.00%
D1762 | 0.00 | 0.00%
D1764 | 0.00 | 0.00%
D1765 | 0.00 | 0.00%
D1766 | 0.00 | 0.00%
D1767 | 0.00 | 0.00%
D1768 | 0.00 | 0.00%
D1769 | 0.00 | 0.00%
D1770 | 0.00 | 0.00%
D1771 | 0.00 | 0.00%
D1773 | 0.00 | 0.00%
D1774 | 0.00 | 0.00%

=====================================================================
METRIC TYPE                                  | VALUE / PROFILE
=====================================================================
Embedding Share                              | 39.37%
Raw Feature Share                            | 60.63%
---------------------------------------------------------------------
Active Text Embedding Density                | 100.00% (54/54)
Active Raw Tabular Feature Density           | 80.41% (1428/1776)
---------------------------------------------------------------------
Top-5 Concentration Ratio (CR5)              | 23.30% of total decision weight
Top-10 Concentration Ratio (CR10)            | 27.83% of total decision weight
=====================================================================

Total Pipeline Execution Time: 3210.93 seconds

[SUCCESS] Permanent artifacts safely written to 'outputs/training-1/'
[W&B] Artifacts and localized metrics logged successfully for bioresponse_combined_xgboost
