[W&B] Child process started for job: blood-transfusion-service-center_raw-only_xgboost in group session-training-1
Loading archive 'archives/blood-transfusion-service-center.npz' and initializing pipeline for target: XGBOOST...
Execution Mode: RAW-ONLY
Session Output Target: outputs/training-1/
Task Type: BINARY
TabPFN Baselines Loaded - Primary: 0.2148 | Secondary: 0.7933
PCA reduced text embeddings to 22 components.
Final training matrix shape assembled for RAW-ONLY: (598, 4)

Running 26-Trial Optuna Study for XGBOOST (RAW-ONLY)...
A new study created in RDB with name: 20260624_123429_blood-transfusion-service-center_raw-only_xgboost
Trial 0 finished with value: 0.31835870313037495 and parameters: {}. Best is trial 0 with value: 0.31835870313037495.
Trial 1 finished with value: 0.2896134330925353 and parameters: {'learning_rate': 0.015355286838886862, 'max_depth': 10, 'min_child_weight': 0.5100627805979911, 'subsample': 0.8394633936788146, 'colsample_bylevel': 0.6624074561769746, 'colsample_bynode': 0.662397808134481, 'reg_alpha': 0.29051225247978046, 'reg_lambda': 4.330894111260099, 'grow_policy': 'lossguide', 'max_cat_to_onehot': 8, 'max_leaves': 884}. Best is trial 1 with value: 0.2896134330925353.
Trial 2 finished with value: 0.2763802889576883 and parameters: {'learning_rate': 0.060534484680010825, 'max_depth': 4, 'min_child_weight': 0.004705059281907645, 'subsample': 0.6733618039413735, 'colsample_bylevel': 0.7216968971838151, 'colsample_bynode': 0.8099025726528951, 'reg_alpha': 2.1597818987087147, 'reg_lambda': 1.4562165780761898, 'grow_policy': 'depthwise', 'max_cat_to_onehot': 16, 'max_leaves': 45}. Best is trial 2 with value: 0.2763802889576883.
Trial 3 finished with value: 0.2835648148148149 and parameters: {'learning_rate': 0.019603369861210685, 'max_depth': 8, 'min_child_weight': 0.005477562363971304, 'subsample': 0.8056937753654446, 'colsample_bylevel': 0.836965827544817, 'colsample_bynode': 0.6185801650879991, 'reg_alpha': 3.037763505022002, 'reg_lambda': 0.8527035660240889, 'grow_policy': 'lossguide', 'max_cat_to_onehot': 92, 'max_leaves': 399}. Best is trial 2 with value: 0.2763802889576883.
Trial 4 finished with value: 0.2839589783281734 and parameters: {'learning_rate': 0.012453219846912198, 'max_depth': 4, 'min_child_weight': 0.33959199243313637, 'subsample': 0.7760609974958406, 'colsample_bylevel': 0.6488152939379115, 'colsample_bynode': 0.798070764044508, 'reg_alpha': 0.17203916672398045, 'reg_lambda': 4.546611078353703, 'grow_policy': 'lossguide', 'max_cat_to_onehot': 17, 'max_leaves': 97}. Best is trial 2 with value: 0.2763802889576883.
Trial 5 finished with value: 0.274187306501548 and parameters: {'learning_rate': 0.025719142025384646, 'max_depth': 4, 'min_child_weight': 3.8589082671053854, 'subsample': 0.9100531293444458, 'colsample_bylevel': 0.9757995766256756, 'colsample_bynode': 0.9579309401710595, 'reg_alpha': 2.989540104057545, 'reg_lambda': 4.609378987692081, 'grow_policy': 'lossguide', 'max_cat_to_onehot': 8, 'max_leaves': 37}. Best is trial 5 with value: 0.274187306501548.
Trial 6 finished with value: 0.2774731968810916 and parameters: {'learning_rate': 0.016019568611465234, 'max_depth': 5, 'min_child_weight': 1.1627201204016835, 'subsample': 0.7427013306774357, 'colsample_bylevel': 0.7123738038749523, 'colsample_bynode': 0.8170784332632994, 'reg_alpha': 0.7047070324513158, 'reg_lambda': 4.011004684072123, 'grow_policy': 'lossguide', 'max_cat_to_onehot': 56, 'max_leaves': 20}. Best is trial 5 with value: 0.274187306501548.
Trial 7 finished with value: 0.2936303176241257 and parameters: {'learning_rate': 0.0050834018700114374, 'max_depth': 9, 'min_child_weight': 0.4117599592262879, 'subsample': 0.8916028672163949, 'colsample_bylevel': 0.9085081386743783, 'colsample_bynode': 0.6296178606936361, 'reg_alpha': 1.7923927961485087, 'reg_lambda': 0.5794337107196961, 'grow_policy': 'depthwise', 'max_cat_to_onehot': 18, 'max_leaves': 10}. Best is trial 5 with value: 0.274187306501548.
Trial 8 finished with value: 0.28127866643733523 and parameters: {'learning_rate': 0.012693089228250284, 'max_depth': 5, 'min_child_weight': 0.49979438035802604, 'subsample': 0.8550229885420852, 'colsample_bylevel': 0.9548850970305306, 'colsample_bynode': 0.7888859700647797, 'reg_alpha': 0.5980592702669147, 'reg_lambda': 3.566252611636253, 'grow_policy': 'depthwise', 'max_cat_to_onehot': 55, 'max_leaves': 85}. Best is trial 5 with value: 0.274187306501548.
Trial 9 finished with value: 0.27950851393188847 and parameters: {'learning_rate': 0.02393652463662192, 'max_depth': 6, 'min_child_weight': 0.0012417226051008223, 'subsample': 0.6431565707973218, 'colsample_bylevel': 0.6125716742746937, 'colsample_bynode': 0.8545641645055122, 'reg_alpha': 1.5718484697835258, 'reg_lambda': 2.542902598754398, 'grow_policy': 'depthwise', 'max_cat_to_onehot': 22, 'max_leaves': 308}. Best is trial 5 with value: 0.274187306501548.
Trial 10 finished with value: 0.2721054064900814 and parameters: {'learning_rate': 0.08841659637313287, 'max_depth': 7, 'min_child_weight': 3.857346839423388, 'subsample': 0.9729161367647149, 'colsample_bylevel': 0.8201989861865416, 'colsample_bynode': 0.9630659181130071, 'reg_alpha': 4.7988577526525065, 'reg_lambda': 2.588720128252829, 'grow_policy': 'lossguide', 'max_cat_to_onehot': 8, 'max_leaves': 9}. Best is trial 10 with value: 0.2721054064900814.
Trial 11 finished with value: 0.27288298360279784 and parameters: {'learning_rate': 0.08544073803822434, 'max_depth': 7, 'min_child_weight': 4.8053033036668475, 'subsample': 0.9969682344023094, 'colsample_bylevel': 0.8217490968503663, 'colsample_bynode': 0.9973928488427499, 'reg_alpha': 4.992295492373733, 'reg_lambda': 2.623266224696257, 'grow_policy': 'lossguide', 'max_cat_to_onehot': 8, 'max_leaves': 8}. Best is trial 10 with value: 0.2721054064900814.
Trial 12 finished with value: 0.2758822096089899 and parameters: {'learning_rate': 0.09901784592949069, 'max_depth': 7, 'min_child_weight': 4.653580379762918, 'subsample': 0.9979430229675567, 'colsample_bylevel': 0.8184711608541513, 'colsample_bynode': 0.9984066126989741, 'reg_alpha': 4.9549641603581165, 'reg_lambda': 2.5983143768246766, 'grow_policy': 'lossguide', 'max_cat_to_onehot': 10, 'max_leaves': 9}. Best is trial 10 with value: 0.2721054064900814.
Trial 13 finished with value: 0.28119266712532964 and parameters: {'learning_rate': 0.06038054274785549, 'max_depth': 7, 'min_child_weight': 0.07462416514955929, 'subsample': 0.9962127965104369, 'colsample_bylevel': 0.8450536084944434, 'colsample_bynode': 0.9232264137788657, 'reg_alpha': 4.980085345107131, 'reg_lambda': 2.6283128369744864, 'grow_policy': 'lossguide', 'max_cat_to_onehot': 12, 'max_leaves': 17}. Best is trial 10 with value: 0.2721054064900814.
Trial 14 finished with value: 0.2769607843137255 and parameters: {'learning_rate': 0.0859808614114119, 'max_depth': 6, 'min_child_weight': 1.871629587153116, 'subsample': 0.9424917373313503, 'colsample_bylevel': 0.7832453270117895, 'colsample_bynode': 0.9040858454180679, 'reg_alpha': 4.163086583787751, 'reg_lambda': 1.8979113470692501, 'grow_policy': 'lossguide', 'max_cat_to_onehot': 12, 'max_leaves': 8}. Best is trial 10 with value: 0.2721054064900814.
Trial 15 finished with value: 0.28047958949661733 and parameters: {'learning_rate': 0.04355262462507488, 'max_depth': 7, 'min_child_weight': 0.07506741159618659, 'subsample': 0.948088229885417, 'colsample_bylevel': 0.890510482055726, 'colsample_bynode': 0.9980626540949448, 'reg_alpha': 4.077013235760726, 'reg_lambda': 3.332711542974665, 'grow_policy': 'lossguide', 'max_cat_to_onehot': 8, 'max_leaves': 19}. Best is trial 10 with value: 0.2721054064900814.
Trial 16 finished with value: 0.2765128712303635 and parameters: {'learning_rate': 0.03918360066441182, 'max_depth': 8, 'min_child_weight': 1.4219603851493687, 'subsample': 0.9533446455995561, 'colsample_bylevel': 0.7736344273176079, 'colsample_bynode': 0.9062442644361335, 'reg_alpha': 4.245174782005808, 'reg_lambda': 1.8034599171080825, 'grow_policy': 'lossguide', 'max_cat_to_onehot': 25, 'max_leaves': 15}. Best is trial 10 with value: 0.2721054064900814.
Trial 17 finished with value: 0.2674184439857814 and parameters: {'learning_rate': 0.06316525714330189, 'max_depth': 6, 'min_child_weight': 4.115982406391581, 'subsample': 0.8941315554059397, 'colsample_bylevel': 0.8913971486868238, 'colsample_bynode': 0.9522575103213569, 'reg_alpha': 3.529088049765842, 'reg_lambda': 3.148813919577927, 'grow_policy': 'lossguide', 'max_cat_to_onehot': 12, 'max_leaves': 39}. Best is trial 17 with value: 0.2674184439857814.
Trial 18 finished with value: 0.27992776057791535 and parameters: {'learning_rate': 0.055031391837140224, 'max_depth': 5, 'min_child_weight': 0.15847195772915262, 'subsample': 0.8813929442776345, 'colsample_bylevel': 0.9054341388865934, 'colsample_bynode': 0.866429717197078, 'reg_alpha': 3.3140970515970265, 'reg_lambda': 3.355040474532739, 'grow_policy': 'lossguide', 'max_cat_to_onehot': 31, 'max_leaves': 41}. Best is trial 17 with value: 0.2674184439857814.
Trial 19 finished with value: 0.2789746015365211 and parameters: {'learning_rate': 0.03520990984195479, 'max_depth': 6, 'min_child_weight': 1.5860151707225048, 'subsample': 0.9215606325104604, 'colsample_bylevel': 0.8742569604004607, 'colsample_bynode': 0.723819408991232, 'reg_alpha': 3.6480941407195884, 'reg_lambda': 0.08689028168849333, 'grow_policy': 'depthwise', 'max_cat_to_onehot': 12, 'max_leaves': 133}. Best is trial 17 with value: 0.2674184439857814.
Trial 20 finished with value: 0.2731015651874785 and parameters: {'learning_rate': 0.07141258476248778, 'max_depth': 6, 'min_child_weight': 2.3353052918265345, 'subsample': 0.7187120653407506, 'colsample_bylevel': 0.942750094702476, 'colsample_bynode': 0.9407425510060294, 'reg_alpha': 2.5336532896564297, 'reg_lambda': 3.1187996871552666, 'grow_policy': 'lossguide', 'max_cat_to_onehot': 35, 'max_leaves': 30}. Best is trial 17 with value: 0.2674184439857814.
Trial 21 finished with value: 0.2716252436647174 and parameters: {'learning_rate': 0.08046857530096907, 'max_depth': 8, 'min_child_weight': 4.857150848406076, 'subsample': 0.9710366447973371, 'colsample_bylevel': 0.7901474315830395, 'colsample_bynode': 0.9592127150901539, 'reg_alpha': 4.561217774722344, 'reg_lambda': 2.119814193654774, 'grow_policy': 'lossguide', 'max_cat_to_onehot': 10, 'max_leaves': 12}. Best is trial 17 with value: 0.2674184439857814.
Trial 22 finished with value: 0.2762656232083476 and parameters: {'learning_rate': 0.05142313645621463, 'max_depth': 8, 'min_child_weight': 0.9950574164248713, 'subsample': 0.9648711742277166, 'colsample_bylevel': 0.7740466757384359, 'colsample_bynode': 0.9578611961892616, 'reg_alpha': 4.435860666469466, 'reg_lambda': 2.0385912107364104, 'grow_policy': 'lossguide', 'max_cat_to_onehot': 11, 'max_leaves': 63}. Best is trial 17 with value: 0.2674184439857814.
Trial 23 finished with value: 0.27687120169705304 and parameters: {'learning_rate': 0.07635665313041747, 'max_depth': 9, 'min_child_weight': 2.8538175274115143, 'subsample': 0.8630826230398995, 'colsample_bylevel': 0.7342251599107635, 'colsample_bynode': 0.8660698517703787, 'reg_alpha': 3.8128528237225376, 'reg_lambda': 1.380261111665897, 'grow_policy': 'lossguide', 'max_cat_to_onehot': 15, 'max_leaves': 27}. Best is trial 17 with value: 0.2674184439857814.
Trial 24 finished with value: 0.27534113060428855 and parameters: {'learning_rate': 0.032414352238618785, 'max_depth': 9, 'min_child_weight': 0.7614108812951667, 'subsample': 0.9178072315286305, 'colsample_bylevel': 0.7987034888318894, 'colsample_bynode': 0.9646540222739953, 'reg_alpha': 4.485306877336069, 'reg_lambda': 3.7903636060694414, 'grow_policy': 'lossguide', 'max_cat_to_onehot': 10, 'max_leaves': 13}. Best is trial 17 with value: 0.2674184439857814.
Trial 25 finished with value: 0.2681530214424951 and parameters: {'learning_rate': 0.07137732635895705, 'max_depth': 7, 'min_child_weight': 4.768339197164385, 'subsample': 0.9677476293931768, 'colsample_bylevel': 0.8611760457420548, 'colsample_bynode': 0.8964652649793652, 'reg_alpha': 3.6499693541299707, 'reg_lambda': 2.9272994424415906, 'grow_policy': 'lossguide', 'max_cat_to_onehot': 14, 'max_leaves': 182}. Best is trial 17 with value: 0.2674184439857814.
Optuna Search Completed in: 12.55 seconds

Training final model on optimized parameter setup...

[XGBOOST FINALIZED METRICS]
Optimal Trees:         27
1-AUROC:             0.2253 (Delta to TabPFN: +0.0105)
Accuracy:             0.7667 (Delta to TabPFN: -0.0267)
Final Train Time:      0.01 seconds (0.0135s per 1K)
Final Infer Time:      0.00 seconds (0.0029s per 1K)

--- XGBOOST Feature Importance (Raw vs. Scaled Share) ---
Feature | Raw gain | Share
MonthsSinceLastDonation | 299.98 | 54.69%
NumberOfDonations | 147.50 | 26.89%
MonthsSinceFirstDonation | 69.40 | 12.65%
TotalBloodDonated | 31.63 | 5.77%

=====================================================================
METRIC TYPE                                  | VALUE / PROFILE
=====================================================================
Embedding Share                              | 0.00%
Raw Feature Share                            | 100.00%
---------------------------------------------------------------------
Active Text Embedding Density                | 0.00% (0/0)
Active Raw Tabular Feature Density           | 100.00% (4/4)
---------------------------------------------------------------------
Top-5 Concentration Ratio (CR5)              | 100.00% of total decision weight
Top-10 Concentration Ratio (CR10)            | 100.00% of total decision weight
=====================================================================

Total Pipeline Execution Time: 14.22 seconds

[SUCCESS] Permanent artifacts safely written to 'outputs/training-1/'
[W&B] Artifacts and localized metrics logged successfully for blood-transfusion-service-center_raw-only_xgboost
