[W&B] Child process started for job: airfoil_self_noise_raw-only_lightgbm in group session-training-1
Loading archive 'archives/airfoil_self_noise.npz' and initializing pipeline for target: LIGHTGBM...
Execution Mode: RAW-ONLY
Session Output Target: outputs/training-1/
Task Type: REGRESSION
TabPFN Baselines Loaded - Primary: 0.8975 | Secondary: 0.9836
PCA reduced text embeddings to 57 components.
Final training matrix shape assembled for RAW-ONLY: (1202, 5)

Running 26-Trial Optuna Study for LIGHTGBM (RAW-ONLY)...
A new study created in RDB with name: 20260623_221935_airfoil_self_noise_raw-only_lightgbm
Trial 0 finished with value: 1.5653365251686524 and parameters: {}. Best is trial 0 with value: 1.5653365251686524.
Trial 1 finished with value: 1.605032995267401 and parameters: {'learning_rate': 0.015355286838886862, 'feature_fraction': 0.9704285838459497, 'bagging_fraction': 0.9195981825434215, 'bagging_freq': 1, 'num_leaves': 28, 'min_data_in_leaf': 1, 'extra_trees': False, 'min_data_per_group': 57, 'cat_l2': 0.18327672955935934, 'cat_smooth': 3.4702669886504163, 'max_cat_to_onehot': 8, 'lambda_l1': 0.9699128611767781, 'lambda_l2': 1.6649020373367633}. Best is trial 0 with value: 1.5653365251686524.
Trial 2 finished with value: 2.6462649611420392 and parameters: {'learning_rate': 0.009445600138094694, 'feature_fraction': 0.5090949803242604, 'bagging_fraction': 0.7550213529560301, 'bagging_freq': 1, 'num_leaves': 7, 'min_data_in_leaf': 6, 'extra_trees': False, 'min_data_per_group': 20, 'cat_l2': 0.01153297626310632, 'cat_smooth': 0.028888383623653185, 'max_cat_to_onehot': 19, 'lambda_l1': 0.4561243772186142, 'lambda_l2': 1.5703734051898879}. Best is trial 0 with value: 1.5653365251686524.
Trial 3 finished with value: 4.8861774169252605 and parameters: {'learning_rate': 0.009093929525644107, 'feature_fraction': 0.708540663048167, 'bagging_fraction': 0.8777243706586128, 'bagging_freq': 1, 'num_leaves': 2, 'min_data_in_leaf': 10, 'extra_trees': False, 'min_data_per_group': 81, 'cat_l2': 1.6278053965878447, 'cat_smooth': 11.015056790269638, 'max_cat_to_onehot': 17, 'lambda_l1': 0.09776234679498323, 'lambda_l2': 1.3684976297216627}. Best is trial 0 with value: 1.5653365251686524.
Trial 4 finished with value: 4.9994594573404605 and parameters: {'learning_rate': 0.01869052934095898, 'feature_fraction': 0.47322294090686734, 'bagging_fraction': 0.848553073033381, 'bagging_freq': 1, 'num_leaves': 2, 'min_data_in_leaf': 42, 'extra_trees': True, 'min_data_per_group': 6, 'cat_l2': 0.11277639166461569, 'cat_smooth': 0.5414413211338525, 'max_cat_to_onehot': 12, 'lambda_l1': 0.9695876693017821, 'lambda_l2': 1.550288133439893}. Best is trial 0 with value: 1.5653365251686524.
Trial 5 finished with value: 1.4874609267285068 and parameters: {'learning_rate': 0.08342309693146736, 'feature_fraction': 0.9368964102565893, 'bagging_fraction': 0.8793699936433255, 'bagging_freq': 1, 'num_leaves': 137, 'min_data_in_leaf': 1, 'extra_trees': False, 'min_data_per_group': 6, 'cat_l2': 0.0513253156994884, 'cat_smooth': 0.022737628102536857, 'max_cat_to_onehot': 64, 'lambda_l1': 0.3568176513609199, 'lambda_l2': 0.5619409259237927}. Best is trial 5 with value: 1.4874609267285068.
Trial 6 finished with value: 4.697690872368032 and parameters: {'learning_rate': 0.025411709798607296, 'feature_fraction': 0.4845545349848576, 'bagging_fraction': 0.9406590942262119, 'bagging_freq': 1, 'num_leaves': 2, 'min_data_in_leaf': 61, 'extra_trees': False, 'min_data_per_group': 2, 'cat_l2': 0.6619871537619337, 'cat_smooth': 3.4220529032706923, 'max_cat_to_onehot': 50, 'lambda_l1': 0.7712932196512772, 'lambda_l2': 0.1481818990030073}. Best is trial 5 with value: 1.4874609267285068.
Trial 7 finished with value: 4.424409448927401 and parameters: {'learning_rate': 0.014633380642745364, 'feature_fraction': 0.4695214357150779, 'bagging_fraction': 0.958931027762678, 'bagging_freq': 1, 'num_leaves': 32, 'min_data_in_leaf': 2, 'extra_trees': True, 'min_data_per_group': 6, 'cat_l2': 0.3957756313952873, 'cat_smooth': 1.5409457762881555, 'max_cat_to_onehot': 75, 'lambda_l1': 0.4722677036694331, 'lambda_l2': 0.23927653245200955}. Best is trial 5 with value: 1.4874609267285068.
Trial 8 finished with value: 1.4867879353310425 and parameters: {'learning_rate': 0.042356773126632795, 'feature_fraction': 0.8564710291701385, 'bagging_fraction': 0.8683831592708489, 'bagging_freq': 1, 'num_leaves': 65, 'min_data_in_leaf': 6, 'extra_trees': False, 'min_data_per_group': 2, 'cat_l2': 0.009543550367992308, 'cat_smooth': 0.0014359718569878096, 'max_cat_to_onehot': 39, 'lambda_l1': 0.314424545478219, 'lambda_l2': 1.017190525260289}. Best is trial 8 with value: 1.4867879353310425.
Trial 9 finished with value: 2.156732408975185 and parameters: {'learning_rate': 0.07581256838789621, 'feature_fraction': 0.549575337489325, 'bagging_fraction': 0.8231148769106889, 'bagging_freq': 1, 'num_leaves': 61, 'min_data_in_leaf': 2, 'extra_trees': True, 'min_data_per_group': 3, 'cat_l2': 1.3124992669799407, 'cat_smooth': 10.979988817809668, 'max_cat_to_onehot': 39, 'lambda_l1': 0.871473444128699, 'lambda_l2': 1.607363786590539}. Best is trial 8 with value: 1.4867879353310425.
Trial 10 finished with value: 1.9127032652584361 and parameters: {'learning_rate': 0.03977775115411819, 'feature_fraction': 0.7971859899035706, 'bagging_fraction': 0.7022641957948879, 'bagging_freq': 1, 'num_leaves': 8, 'min_data_in_leaf': 16, 'extra_trees': False, 'min_data_per_group': 23, 'cat_l2': 0.005502059192515464, 'cat_smooth': 0.0017684001062801304, 'max_cat_to_onehot': 31, 'lambda_l1': 0.028575443310857374, 'lambda_l2': 1.0306723536455278}. Best is trial 8 with value: 1.4867879353310425.
Trial 11 finished with value: 1.4710641874999715 and parameters: {'learning_rate': 0.08666902684228948, 'feature_fraction': 0.9963467604631535, 'bagging_fraction': 0.802754798121327, 'bagging_freq': 1, 'num_leaves': 165, 'min_data_in_leaf': 1, 'extra_trees': False, 'min_data_per_group': 5, 'cat_l2': 0.03536892572122951, 'cat_smooth': 0.0020887870522944057, 'max_cat_to_onehot': 100, 'lambda_l1': 0.3000390111022635, 'lambda_l2': 0.7163719076622409}. Best is trial 11 with value: 1.4710641874999715.
Trial 12 finished with value: 1.4561285753197466 and parameters: {'learning_rate': 0.045985353557020776, 'feature_fraction': 0.8519346364158834, 'bagging_fraction': 0.7927028509491492, 'bagging_freq': 1, 'num_leaves': 197, 'min_data_in_leaf': 3, 'extra_trees': False, 'min_data_per_group': 2, 'cat_l2': 0.02539365667434111, 'cat_smooth': 0.0013419844206405704, 'max_cat_to_onehot': 99, 'lambda_l1': 0.23561109591554674, 'lambda_l2': 0.9228635384898267}. Best is trial 12 with value: 1.4561285753197466.
Trial 13 finished with value: 1.4466780890353532 and parameters: {'learning_rate': 0.054096355708280815, 'feature_fraction': 0.856815538324733, 'bagging_fraction': 0.7729672415808808, 'bagging_freq': 1, 'num_leaves': 197, 'min_data_in_leaf': 3, 'extra_trees': False, 'min_data_per_group': 4, 'cat_l2': 0.02914770065052806, 'cat_smooth': 0.009494742483631472, 'max_cat_to_onehot': 99, 'lambda_l1': 0.19329980363263743, 'lambda_l2': 0.72736158720462}. Best is trial 13 with value: 1.4466780890353532.
Trial 14 finished with value: 1.5436225059738544 and parameters: {'learning_rate': 0.047205631063008936, 'feature_fraction': 0.6944158280753094, 'bagging_fraction': 0.7691948248617497, 'bagging_freq': 1, 'num_leaves': 184, 'min_data_in_leaf': 5, 'extra_trees': False, 'min_data_per_group': 14, 'cat_l2': 0.025980185125489465, 'cat_smooth': 0.018691400204225744, 'max_cat_to_onehot': 97, 'lambda_l1': 0.17045177131759753, 'lambda_l2': 0.6963825278319827}. Best is trial 13 with value: 1.4466780890353532.
Trial 15 finished with value: 2.0419489278545098 and parameters: {'learning_rate': 0.05627848335768155, 'feature_fraction': 0.836178851072827, 'bagging_fraction': 0.720838434465156, 'bagging_freq': 1, 'num_leaves': 84, 'min_data_in_leaf': 2, 'extra_trees': True, 'min_data_per_group': 3, 'cat_l2': 0.07504467201115476, 'cat_smooth': 0.1515301900271508, 'max_cat_to_onehot': 70, 'lambda_l1': 0.5820271953251246, 'lambda_l2': 1.9591343319554362}. Best is trial 13 with value: 1.4466780890353532.
Trial 16 finished with value: 1.4611608184399927 and parameters: {'learning_rate': 0.03041932888208506, 'feature_fraction': 0.727270707405865, 'bagging_fraction': 0.7793759051613177, 'bagging_freq': 1, 'num_leaves': 110, 'min_data_in_leaf': 4, 'extra_trees': False, 'min_data_per_group': 10, 'cat_l2': 0.019735429717403108, 'cat_smooth': 0.006637181409106276, 'max_cat_to_onehot': 100, 'lambda_l1': 0.18905084927705115, 'lambda_l2': 1.0120107257243365}. Best is trial 13 with value: 1.4466780890353532.
Trial 17 finished with value: 1.869977587170649 and parameters: {'learning_rate': 0.005690829910093074, 'feature_fraction': 0.8923455767750882, 'bagging_fraction': 0.7457099501075227, 'bagging_freq': 1, 'num_leaves': 33, 'min_data_in_leaf': 3, 'extra_trees': False, 'min_data_per_group': 3, 'cat_l2': 0.016963979412217008, 'cat_smooth': 95.74738509612254, 'max_cat_to_onehot': 56, 'lambda_l1': 0.17680235522874843, 'lambda_l2': 0.41926163451131904}. Best is trial 13 with value: 1.4466780890353532.
Trial 18 finished with value: 1.62406768661854 and parameters: {'learning_rate': 0.06009564161157312, 'feature_fraction': 0.6174963397468256, 'bagging_fraction': 0.9981528355149126, 'bagging_freq': 1, 'num_leaves': 187, 'min_data_in_leaf': 14, 'extra_trees': False, 'min_data_per_group': 2, 'cat_l2': 0.17814532441052805, 'cat_smooth': 0.08741996826897516, 'max_cat_to_onehot': 81, 'lambda_l1': 0.617389753089872, 'lambda_l2': 0.868698127415956}. Best is trial 13 with value: 1.4466780890353532.
Trial 19 finished with value: 2.6957790749820667 and parameters: {'learning_rate': 0.030539550602294446, 'feature_fraction': 0.7718330096704389, 'bagging_fraction': 0.804148661112214, 'bagging_freq': 1, 'num_leaves': 54, 'min_data_in_leaf': 26, 'extra_trees': True, 'min_data_per_group': 4, 'cat_l2': 0.04777037218152929, 'cat_smooth': 0.006468671575693216, 'max_cat_to_onehot': 50, 'lambda_l1': 0.24080412649906552, 'lambda_l2': 1.3306437822542956}. Best is trial 13 with value: 1.4466780890353532.
Trial 20 finished with value: 1.4575842111277364 and parameters: {'learning_rate': 0.09978856848177636, 'feature_fraction': 0.9078318208260048, 'bagging_fraction': 0.8247465695088505, 'bagging_freq': 1, 'num_leaves': 108, 'min_data_in_leaf': 3, 'extra_trees': False, 'min_data_per_group': 10, 'cat_l2': 0.005114214261113721, 'cat_smooth': 0.0065941524080766045, 'max_cat_to_onehot': 39, 'lambda_l1': 0.4140842798767488, 'lambda_l2': 0.3918340655553612}. Best is trial 13 with value: 1.4466780890353532.
Trial 21 finished with value: 1.5147367017033657 and parameters: {'learning_rate': 0.09515500379406229, 'feature_fraction': 0.8990283325137358, 'bagging_fraction': 0.8308159343437655, 'bagging_freq': 1, 'num_leaves': 128, 'min_data_in_leaf': 3, 'extra_trees': False, 'min_data_per_group': 9, 'cat_l2': 0.005996122553802126, 'cat_smooth': 0.005438154531750151, 'max_cat_to_onehot': 26, 'lambda_l1': 0.41961742911935707, 'lambda_l2': 0.017841677362292585}. Best is trial 13 with value: 1.4466780890353532.
Trial 22 finished with value: 2.94883655971487 and parameters: {'learning_rate': 0.06270768021709054, 'feature_fraction': 0.40015726738282775, 'bagging_fraction': 0.7900301270934794, 'bagging_freq': 1, 'num_leaves': 96, 'min_data_in_leaf': 9, 'extra_trees': False, 'min_data_per_group': 33, 'cat_l2': 0.01155192654373602, 'cat_smooth': 0.004948330449594781, 'max_cat_to_onehot': 36, 'lambda_l1': 0.01491714714745207, 'lambda_l2': 0.38856772365141073}. Best is trial 13 with value: 1.4466780890353532.
Trial 23 finished with value: 1.4757383559980548 and parameters: {'learning_rate': 0.060602519852266695, 'feature_fraction': 0.8356421729921483, 'bagging_fraction': 0.7494478610119301, 'bagging_freq': 1, 'num_leaves': 97, 'min_data_in_leaf': 2, 'extra_trees': False, 'min_data_per_group': 9, 'cat_l2': 0.025992082754804437, 'cat_smooth': 0.0010075510696926514, 'max_cat_to_onehot': 23, 'lambda_l1': 0.5552890050911837, 'lambda_l2': 0.7601853319460614}. Best is trial 13 with value: 1.4466780890353532.
Trial 24 finished with value: 1.4694026838247254 and parameters: {'learning_rate': 0.09910081758146734, 'feature_fraction': 0.9142504958773681, 'bagging_fraction': 0.8215117577179708, 'bagging_freq': 1, 'num_leaves': 195, 'min_data_in_leaf': 3, 'extra_trees': False, 'min_data_per_group': 4, 'cat_l2': 0.00764158952185521, 'cat_smooth': 0.09015078647338769, 'max_cat_to_onehot': 57, 'lambda_l1': 0.2494591763877064, 'lambda_l2': 0.526742281282005}. Best is trial 13 with value: 1.4466780890353532.
Trial 25 finished with value: 1.4585619356815762 and parameters: {'learning_rate': 0.03745855317106398, 'feature_fraction': 0.7766427757438792, 'bagging_fraction': 0.8416207986374824, 'bagging_freq': 1, 'num_leaves': 45, 'min_data_in_leaf': 1, 'extra_trees': False, 'min_data_per_group': 2, 'cat_l2': 0.01585763468570767, 'cat_smooth': 0.015176659508493567, 'max_cat_to_onehot': 84, 'lambda_l1': 0.369921486724341, 'lambda_l2': 1.178848555587374}. Best is trial 13 with value: 1.4466780890353532.
Optuna Search Completed in: 168.74 seconds

Training final model on optimized parameter setup...

[LIGHTGBM FINALIZED METRICS]
Optimal Trees:         975
RMSE:             1.4960 (Delta to TabPFN: +0.5985)
R2_Score:             0.9544 (Delta to TabPFN: -0.0292)
Final Train Time:      1.91 seconds (1.5906s per 1K)
Final Infer Time:      0.01 seconds (0.0312s per 1K)

--- LIGHTGBM Feature Importance (Raw vs. Scaled Share) ---
Feature | Raw gain | Share
frequency | 162303.66 | 37.60%
suction-side-displacement-thickness | 147413.15 | 34.15%
chord-length | 53067.70 | 12.30%
attack-angle | 52462.16 | 12.15%
free-stream-velocity | 16364.77 | 3.79%

=====================================================================
METRIC TYPE                                  | VALUE / PROFILE
=====================================================================
Embedding Share                              | 0.00%
Raw Feature Share                            | 100.00%
---------------------------------------------------------------------
Active Text Embedding Density                | 0.00% (0/0)
Active Raw Tabular Feature Density           | 100.00% (5/5)
---------------------------------------------------------------------
Top-5 Concentration Ratio (CR5)              | 100.00% of total decision weight
Top-10 Concentration Ratio (CR10)            | 100.00% of total decision weight
=====================================================================

Total Pipeline Execution Time: 172.20 seconds

[SUCCESS] Permanent artifacts safely written to 'outputs/training-1/'
[W&B] Artifacts and localized metrics logged successfully for airfoil_self_noise_raw-only_lightgbm
