[W&B] Child process started for job: blood-transfusion-service-center_combined_xgboost in group session-training-1
Loading archive 'archives/blood-transfusion-service-center.npz' and initializing pipeline for target: XGBOOST...
Execution Mode: COMBINED
Session Output Target: outputs/training-1/
Task Type: BINARY
TabPFN Baselines Loaded - Primary: 0.2148 | Secondary: 0.7933
PCA reduced text embeddings to 22 components.
Final training matrix shape assembled for COMBINED: (598, 26)

Running 26-Trial Optuna Study for XGBOOST (COMBINED)...
A new study created in RDB with name: 20260624_123346_blood-transfusion-service-center_combined_xgboost
Trial 0 finished with value: 0.2810493349386538 and parameters: {}. Best is trial 0 with value: 0.2810493349386538.
Trial 1 finished with value: 0.2754450464396284 and parameters: {'learning_rate': 0.015355286838886862, 'max_depth': 10, 'min_child_weight': 0.5100627805979911, 'subsample': 0.8394633936788146, 'colsample_bylevel': 0.6624074561769746, 'colsample_bynode': 0.662397808134481, 'reg_alpha': 0.29051225247978046, 'reg_lambda': 4.330894111260099, 'grow_policy': 'lossguide', 'max_cat_to_onehot': 8, 'max_leaves': 884}. Best is trial 1 with value: 0.2754450464396284.
Trial 2 finished with value: 0.2665226178190574 and parameters: {'learning_rate': 0.060534484680010825, 'max_depth': 4, 'min_child_weight': 0.004705059281907645, 'subsample': 0.6733618039413735, 'colsample_bylevel': 0.7216968971838151, 'colsample_bynode': 0.8099025726528951, 'reg_alpha': 2.1597818987087147, 'reg_lambda': 1.4562165780761898, 'grow_policy': 'depthwise', 'max_cat_to_onehot': 16, 'max_leaves': 45}. Best is trial 2 with value: 0.2665226178190574.
Trial 3 finished with value: 0.27715069946107107 and parameters: {'learning_rate': 0.019603369861210685, 'max_depth': 8, 'min_child_weight': 0.005477562363971304, 'subsample': 0.8056937753654446, 'colsample_bylevel': 0.836965827544817, 'colsample_bynode': 0.6185801650879991, 'reg_alpha': 3.037763505022002, 'reg_lambda': 0.8527035660240889, 'grow_policy': 'lossguide', 'max_cat_to_onehot': 92, 'max_leaves': 399}. Best is trial 2 with value: 0.2665226178190574.
Trial 4 finished with value: 0.27023492145396166 and parameters: {'learning_rate': 0.012453219846912198, 'max_depth': 4, 'min_child_weight': 0.33959199243313637, 'subsample': 0.7760609974958406, 'colsample_bylevel': 0.6488152939379115, 'colsample_bynode': 0.798070764044508, 'reg_alpha': 0.17203916672398045, 'reg_lambda': 4.546611078353703, 'grow_policy': 'lossguide', 'max_cat_to_onehot': 17, 'max_leaves': 97}. Best is trial 2 with value: 0.2665226178190574.
Trial 5 finished with value: 0.25582287008370597 and parameters: {'learning_rate': 0.025719142025384646, 'max_depth': 4, 'min_child_weight': 3.8589082671053854, 'subsample': 0.9100531293444458, 'colsample_bylevel': 0.9757995766256756, 'colsample_bynode': 0.9579309401710595, 'reg_alpha': 2.989540104057545, 'reg_lambda': 4.609378987692081, 'grow_policy': 'lossguide', 'max_cat_to_onehot': 8, 'max_leaves': 37}. Best is trial 5 with value: 0.25582287008370597.
Trial 6 finished with value: 0.274599386538241 and parameters: {'learning_rate': 0.016019568611465234, 'max_depth': 5, 'min_child_weight': 1.1627201204016835, 'subsample': 0.7427013306774357, 'colsample_bylevel': 0.7123738038749523, 'colsample_bynode': 0.8170784332632994, 'reg_alpha': 0.7047070324513158, 'reg_lambda': 4.011004684072123, 'grow_policy': 'lossguide', 'max_cat_to_onehot': 56, 'max_leaves': 20}. Best is trial 5 with value: 0.25582287008370597.
Trial 7 finished with value: 0.2554466230936818 and parameters: {'learning_rate': 0.0050834018700114374, 'max_depth': 9, 'min_child_weight': 0.4117599592262879, 'subsample': 0.8916028672163949, 'colsample_bylevel': 0.9085081386743783, 'colsample_bynode': 0.6296178606936361, 'reg_alpha': 1.7923927961485087, 'reg_lambda': 0.5794337107196961, 'grow_policy': 'depthwise', 'max_cat_to_onehot': 18, 'max_leaves': 10}. Best is trial 7 with value: 0.2554466230936818.
Trial 8 finished with value: 0.26827843710583654 and parameters: {'learning_rate': 0.012693089228250284, 'max_depth': 5, 'min_child_weight': 0.49979438035802604, 'subsample': 0.8550229885420852, 'colsample_bylevel': 0.9548850970305306, 'colsample_bynode': 0.7888859700647797, 'reg_alpha': 0.5980592702669147, 'reg_lambda': 3.566252611636253, 'grow_policy': 'depthwise', 'max_cat_to_onehot': 55, 'max_leaves': 85}. Best is trial 7 with value: 0.2554466230936818.
Trial 9 finished with value: 0.27349572870083705 and parameters: {'learning_rate': 0.02393652463662192, 'max_depth': 6, 'min_child_weight': 0.0012417226051008223, 'subsample': 0.6431565707973218, 'colsample_bylevel': 0.6125716742746937, 'colsample_bynode': 0.8545641645055122, 'reg_alpha': 1.5718484697835258, 'reg_lambda': 2.542902598754398, 'grow_policy': 'depthwise', 'max_cat_to_onehot': 22, 'max_leaves': 308}. Best is trial 7 with value: 0.2554466230936818.
Trial 10 finished with value: 0.25348297213622295 and parameters: {'learning_rate': 0.005461221300406469, 'max_depth': 8, 'min_child_weight': 0.05431856977726699, 'subsample': 0.9729161367647149, 'colsample_bylevel': 0.8560354009870226, 'colsample_bynode': 0.9630659181130071, 'reg_alpha': 4.7988577526525065, 'reg_lambda': 0.08014213586217389, 'grow_policy': 'depthwise', 'max_cat_to_onehot': 31, 'max_leaves': 9}. Best is trial 10 with value: 0.25348297213622295.
Trial 11 finished with value: 0.25735652448113744 and parameters: {'learning_rate': 0.005069951339171067, 'max_depth': 8, 'min_child_weight': 0.05586343102297563, 'subsample': 0.9961886649016544, 'colsample_bylevel': 0.8604403422367111, 'colsample_bynode': 0.9948287137979106, 'reg_alpha': 4.988871208010952, 'reg_lambda': 0.0306939027552674, 'grow_policy': 'depthwise', 'max_cat_to_onehot': 30, 'max_leaves': 8}. Best is trial 10 with value: 0.25348297213622295.
Trial 12 finished with value: 0.2585963478958835 and parameters: {'learning_rate': 0.005306937187270616, 'max_depth': 9, 'min_child_weight': 0.08581678359617521, 'subsample': 0.9862778301767895, 'colsample_bylevel': 0.8628701529743136, 'colsample_bynode': 0.7045949721612217, 'reg_alpha': 4.89823967240777, 'reg_lambda': 0.011763839418585165, 'grow_policy': 'depthwise', 'max_cat_to_onehot': 32, 'max_leaves': 9}. Best is trial 10 with value: 0.25348297213622295.
Trial 13 finished with value: 0.26621445361770446 and parameters: {'learning_rate': 0.008005520859936298, 'max_depth': 7, 'min_child_weight': 0.05090057180402597, 'subsample': 0.9194048110420816, 'colsample_bylevel': 0.9116501695023868, 'colsample_bynode': 0.9075371320574587, 'reg_alpha': 4.003224083058355, 'reg_lambda': 1.1873409762225242, 'grow_policy': 'depthwise', 'max_cat_to_onehot': 15, 'max_leaves': 17}. Best is trial 10 with value: 0.25348297213622295.
Trial 14 finished with value: 0.26781260749914004 and parameters: {'learning_rate': 0.007270017686274479, 'max_depth': 10, 'min_child_weight': 0.13925071458840985, 'subsample': 0.9236438116020649, 'colsample_bylevel': 0.8124696534041054, 'colsample_bynode': 0.7261004748874872, 'reg_alpha': 3.879567303636726, 'reg_lambda': 1.9763993766321086, 'grow_policy': 'depthwise', 'max_cat_to_onehot': 34, 'max_leaves': 17}. Best is trial 10 with value: 0.25348297213622295.
Trial 15 finished with value: 0.2524939800481596 and parameters: {'learning_rate': 0.008744881970722155, 'max_depth': 7, 'min_child_weight': 0.010111018333284824, 'subsample': 0.9362148766913247, 'colsample_bylevel': 0.7932545670238351, 'colsample_bynode': 0.600903370538949, 'reg_alpha': 1.7078163196679688, 'reg_lambda': 0.6275008089357547, 'grow_policy': 'depthwise', 'max_cat_to_onehot': 23, 'max_leaves': 8}. Best is trial 15 with value: 0.2524939800481596.
Trial 16 finished with value: 0.2711737472766884 and parameters: {'learning_rate': 0.00876496161137947, 'max_depth': 6, 'min_child_weight': 0.016269636891711393, 'subsample': 0.9609770664791568, 'colsample_bylevel': 0.8042685920345256, 'colsample_bynode': 0.9006854142405785, 'reg_alpha': 2.848786004989158, 'reg_lambda': 1.91409964320777, 'grow_policy': 'depthwise', 'max_cat_to_onehot': 50, 'max_leaves': 30}. Best is trial 15 with value: 0.2524939800481596.
Trial 17 finished with value: 0.2705789187019838 and parameters: {'learning_rate': 0.0356863977250977, 'max_depth': 7, 'min_child_weight': 0.013138081626891437, 'subsample': 0.9518397905115925, 'colsample_bylevel': 0.7616287146723625, 'colsample_bynode': 0.7337967250773343, 'reg_alpha': 4.047028676705664, 'reg_lambda': 0.5446245342708195, 'grow_policy': 'depthwise', 'max_cat_to_onehot': 11, 'max_leaves': 13}. Best is trial 15 with value: 0.2524939800481596.
Trial 18 finished with value: 0.2586250143332187 and parameters: {'learning_rate': 0.009957578292642738, 'max_depth': 7, 'min_child_weight': 0.020492425666746823, 'subsample': 0.8689456491138419, 'colsample_bylevel': 0.7707219768529247, 'colsample_bynode': 0.893571453586305, 'reg_alpha': 2.1101116821347916, 'reg_lambda': 2.698496192138203, 'grow_policy': 'depthwise', 'max_cat_to_onehot': 25, 'max_leaves': 8}. Best is trial 15 with value: 0.2524939800481596.
Trial 19 finished with value: 0.2657772904483431 and parameters: {'learning_rate': 0.007017517731905446, 'max_depth': 6, 'min_child_weight': 0.0017890295640689993, 'subsample': 0.9496606563368476, 'colsample_bylevel': 0.9013952250927584, 'colsample_bynode': 0.6854269220560247, 'reg_alpha': 1.132029572103165, 'reg_lambda': 1.3374873324238807, 'grow_policy': 'depthwise', 'max_cat_to_onehot': 41, 'max_leaves': 24}. Best is trial 15 with value: 0.2524939800481596.
Trial 20 finished with value: 0.2760112085769981 and parameters: {'learning_rate': 0.0884793333187951, 'max_depth': 8, 'min_child_weight': 0.00440915014030849, 'subsample': 0.7187120653407506, 'colsample_bylevel': 0.7615678346615242, 'colsample_bynode': 0.7610528029568818, 'reg_alpha': 4.422016557797586, 'reg_lambda': 0.47140444781392876, 'grow_policy': 'depthwise', 'max_cat_to_onehot': 78, 'max_leaves': 43}. Best is trial 15 with value: 0.2524939800481596.
Trial 21 finished with value: 0.25959608989794747 and parameters: {'learning_rate': 0.006102827455537822, 'max_depth': 9, 'min_child_weight': 0.14453891588113635, 'subsample': 0.8896955030867911, 'colsample_bylevel': 0.9122352930560683, 'colsample_bynode': 0.6091497488421054, 'reg_alpha': 1.8342010215764206, 'reg_lambda': 0.6053782195761629, 'grow_policy': 'depthwise', 'max_cat_to_onehot': 22, 'max_leaves': 13}. Best is trial 15 with value: 0.2524939800481596.
Trial 22 finished with value: 0.2635269751175324 and parameters: {'learning_rate': 0.009921191867891881, 'max_depth': 9, 'min_child_weight': 2.5210709092135053, 'subsample': 0.8223464000030222, 'colsample_bylevel': 0.8813594537354771, 'colsample_bynode': 0.6493683700479093, 'reg_alpha': 1.3230313017924709, 'reg_lambda': 0.8878932433707283, 'grow_policy': 'depthwise', 'max_cat_to_onehot': 19, 'max_leaves': 12}. Best is trial 15 with value: 0.2524939800481596.
Trial 23 finished with value: 0.2577471046898292 and parameters: {'learning_rate': 0.005015520600296311, 'max_depth': 7, 'min_child_weight': 0.03970095566283349, 'subsample': 0.8888476991117966, 'colsample_bylevel': 0.9433530022871495, 'colsample_bynode': 0.6445952846855373, 'reg_alpha': 2.5069678596482285, 'reg_lambda': 0.22167884931566478, 'grow_policy': 'depthwise', 'max_cat_to_onehot': 12, 'max_leaves': 8}. Best is trial 15 with value: 0.2524939800481596.
Trial 24 finished with value: 0.26576295722967547 and parameters: {'learning_rate': 0.006666669992797234, 'max_depth': 8, 'min_child_weight': 0.17797102773607631, 'subsample': 0.9635272348680916, 'colsample_bylevel': 0.8146321921924264, 'colsample_bynode': 0.6227039287044227, 'reg_alpha': 3.3626939695586637, 'reg_lambda': 0.9469396905373011, 'grow_policy': 'depthwise', 'max_cat_to_onehot': 25, 'max_leaves': 14}. Best is trial 15 with value: 0.2524939800481596.
Trial 25 finished with value: 0.27287940029813096 and parameters: {'learning_rate': 0.011645342805703767, 'max_depth': 9, 'min_child_weight': 1.2202475363288448, 'subsample': 0.9263867068611399, 'colsample_bylevel': 0.8468447335552263, 'colsample_bynode': 0.6860285632266735, 'reg_alpha': 1.0401390384387144, 'reg_lambda': 1.6775135541391062, 'grow_policy': 'depthwise', 'max_cat_to_onehot': 12, 'max_leaves': 26}. Best is trial 15 with value: 0.2524939800481596.
Optuna Search Completed in: 36.66 seconds

Training final model on optimized parameter setup...

[XGBOOST FINALIZED METRICS]
Optimal Trees:         11
1-AUROC:             0.2193 (Delta to TabPFN: +0.0045)
Accuracy:             0.7600 (Delta to TabPFN: -0.0333)
Final Train Time:      0.01 seconds (0.0106s per 1K)
Final Infer Time:      0.00 seconds (0.0031s per 1K)

--- XGBOOST Feature Importance (Raw vs. Scaled Share) ---
Feature | Raw gain | Share
pca_embed_4 | 280.37 | 30.45%
MonthsSinceLastDonation | 250.59 | 27.22%
pca_embed_8 | 55.32 | 6.01%
pca_embed_21 | 38.65 | 4.20%
pca_embed_18 | 37.50 | 4.07%
pca_embed_1 | 35.39 | 3.84%
pca_embed_0 | 33.38 | 3.63%
pca_embed_3 | 25.98 | 2.82%
TotalBloodDonated | 25.23 | 2.74%
pca_embed_19 | 24.89 | 2.70%
pca_embed_6 | 21.71 | 2.36%
NumberOfDonations | 20.14 | 2.19%
pca_embed_7 | 15.07 | 1.64%
MonthsSinceFirstDonation | 12.60 | 1.37%
pca_embed_11 | 11.22 | 1.22%
pca_embed_12 | 7.65 | 0.83%
pca_embed_14 | 6.35 | 0.69%
pca_embed_10 | 6.00 | 0.65%
pca_embed_20 | 5.35 | 0.58%
pca_embed_13 | 2.54 | 0.28%
pca_embed_16 | 2.03 | 0.22%
pca_embed_5 | 1.78 | 0.19%
pca_embed_2 | 0.93 | 0.10%
pca_embed_15 | 0.10 | 0.01%
pca_embed_9 | 0.00 | 0.00%
pca_embed_17 | 0.00 | 0.00%

=====================================================================
METRIC TYPE                                  | VALUE / PROFILE
=====================================================================
Embedding Share                              | 66.49%
Raw Feature Share                            | 33.51%
---------------------------------------------------------------------
Active Text Embedding Density                | 90.91% (20/22)
Active Raw Tabular Feature Density           | 100.00% (4/4)
---------------------------------------------------------------------
Top-5 Concentration Ratio (CR5)              | 71.94% of total decision weight
Top-10 Concentration Ratio (CR10)            | 87.68% of total decision weight
=====================================================================

Total Pipeline Execution Time: 38.20 seconds

[SUCCESS] Permanent artifacts safely written to 'outputs/training-1/'
[W&B] Artifacts and localized metrics logged successfully for blood-transfusion-service-center_combined_xgboost
