[W&B] Child process started for job: bank-marketing_combined_catboost in group session-training-1
Loading archive 'archives/bank-marketing.npz' and initializing pipeline for target: CATBOOST...
Execution Mode: COMBINED
Session Output Target: outputs/training-1/
Task Type: BINARY
TabPFN Baselines Loaded - Primary: 0.2232 | Secondary: 0.8962
PCA reduced text embeddings to 28 components.
Final training matrix shape assembled for COMBINED: (36168, 41)

Running 26-Trial Optuna Study for CATBOOST (COMBINED)...
A new study created in RDB with name: 20260624_051610_bank-marketing_combined_catboost
Trial 0 finished with value: 0.242598734429452 and parameters: {}. Best is trial 0 with value: 0.242598734429452.
Trial 1 finished with value: 0.24037133873886107 and parameters: {'learning_rate': 0.015355286838886862, 'bootstrap_type': 'Bernoulli', 'subsample': 0.9852142919229748, 'grow_policy': 'SymmetricTree', 'depth': 4, 'colsample_bylevel': 0.8733991780504303, 'l2_leaf_reg': 0.00018747059221802545, 'leaf_estimation_iterations': 12, 'one_hot_max_size': 36, 'model_size_reg': 0.6803900745073703, 'max_ctr_complexity': 2, 'boosting_type': 'Plain', 'max_bin': 254}. Best is trial 1 with value: 0.24037133873886107.
Trial 2 finished with value: 0.24109899514490252 and parameters: {'learning_rate': 0.09138013915892866, 'bootstrap_type': 'Bernoulli', 'subsample': 0.9497327922401265, 'grow_policy': 'SymmetricTree', 'depth': 4, 'colsample_bylevel': 0.8956363364439306, 'l2_leaf_reg': 0.02922905212920092, 'leaf_estimation_iterations': 2, 'one_hot_max_size': 16, 'model_size_reg': 0.5243180891902851, 'max_ctr_complexity': 2, 'boosting_type': 'Plain', 'max_bin': 254}. Best is trial 1 with value: 0.24037133873886107.
Trial 3 finished with value: 0.2438112970341817 and parameters: {'learning_rate': 0.011996621453406362, 'bootstrap_type': 'Bernoulli', 'subsample': 0.8099085529881075, 'grow_policy': 'Depthwise', 'depth': 4, 'colsample_bylevel': 0.9271351657620417, 'l2_leaf_reg': 0.06077686426194464, 'leaf_estimation_iterations': 1, 'one_hot_max_size': 36, 'model_size_reg': 0.15869086642715013, 'max_ctr_complexity': 2, 'boosting_type': 'Plain', 'max_bin': 254}. Best is trial 1 with value: 0.24037133873886107.
Trial 4 finished with value: 0.2406896190491309 and parameters: {'learning_rate': 0.08580222514877409, 'bootstrap_type': 'Bernoulli', 'subsample': 0.9896896099223678, 'grow_policy': 'SymmetricTree', 'depth': 4, 'colsample_bylevel': 0.9526349539768235, 'l2_leaf_reg': 0.011702088154220882, 'leaf_estimation_iterations': 1, 'one_hot_max_size': 27, 'model_size_reg': 0.10975998502129433, 'max_ctr_complexity': 5, 'boosting_type': 'Plain', 'max_bin': 254}. Best is trial 1 with value: 0.24037133873886107.
Trial 5 finished with value: 0.2388798042135567 and parameters: {'learning_rate': 0.010855517271883068, 'bootstrap_type': 'Bernoulli', 'subsample': 0.8987566853061946, 'grow_policy': 'Depthwise', 'depth': 6, 'colsample_bylevel': 0.877728168328829, 'l2_leaf_reg': 3.597899951374983, 'leaf_estimation_iterations': 9, 'one_hot_max_size': 86, 'model_size_reg': 1.128232550122133, 'max_ctr_complexity': 4, 'boosting_type': 'Plain', 'max_bin': 254}. Best is trial 5 with value: 0.2388798042135567.
Trial 6 finished with value: 0.24380172169152858 and parameters: {'learning_rate': 0.07913270952323785, 'bootstrap_type': 'Bernoulli', 'subsample': 0.7265477506155759, 'grow_policy': 'SymmetricTree', 'depth': 5, 'colsample_bylevel': 0.9083015934534223, 'l2_leaf_reg': 0.001883913511943895, 'leaf_estimation_iterations': 11, 'one_hot_max_size': 19, 'model_size_reg': 0.21399549030176218, 'max_ctr_complexity': 4, 'boosting_type': 'Plain', 'max_bin': 254}. Best is trial 5 with value: 0.2388798042135567.
Trial 7 finished with value: 0.24015960458287566 and parameters: {'learning_rate': 0.007626348515257587, 'bootstrap_type': 'Bernoulli', 'subsample': 0.9406590942262119, 'grow_policy': 'Depthwise', 'depth': 7, 'colsample_bylevel': 0.8798073522301258, 'l2_leaf_reg': 0.00010615690854925657, 'leaf_estimation_iterations': 10, 'one_hot_max_size': 47, 'model_size_reg': 0.7200770311577639, 'max_ctr_complexity': 5, 'boosting_type': 'Plain', 'max_bin': 254}. Best is trial 5 with value: 0.2388798042135567.
Trial 8 finished with value: 0.24059489756262753 and parameters: {'learning_rate': 0.006241720498669827, 'bootstrap_type': 'Bernoulli', 'subsample': 0.8075397185632818, 'grow_policy': 'Depthwise', 'depth': 7, 'colsample_bylevel': 0.8996347037278973, 'l2_leaf_reg': 0.00019891099118865958, 'leaf_estimation_iterations': 2, 'one_hot_max_size': 17, 'model_size_reg': 0.7212460519889856, 'max_ctr_complexity': 4, 'boosting_type': 'Plain', 'max_bin': 254}. Best is trial 5 with value: 0.2388798042135567.
Trial 9 finished with value: 0.24609929637873706 and parameters: {'learning_rate': 0.07132805718188966, 'bootstrap_type': 'Bernoulli', 'subsample': 0.8416644775485848, 'grow_policy': 'Depthwise', 'depth': 7, 'colsample_bylevel': 0.9341915796354244, 'l2_leaf_reg': 0.4195190175255899, 'leaf_estimation_iterations': 3, 'one_hot_max_size': 29, 'model_size_reg': 0.318293122389662, 'max_ctr_complexity': 2, 'boosting_type': 'Plain', 'max_bin': 254}. Best is trial 5 with value: 0.2388798042135567.
Trial 10 finished with value: 0.24151979724745665 and parameters: {'learning_rate': 0.03273941684536397, 'bootstrap_type': 'Bernoulli', 'subsample': 0.701799154886745, 'grow_policy': 'Depthwise', 'depth': 8, 'colsample_bylevel': 0.9942561717820161, 'l2_leaf_reg': 1.841152012664479, 'leaf_estimation_iterations': 5, 'one_hot_max_size': 92, 'model_size_reg': 1.3327052390755632, 'max_ctr_complexity': 3, 'boosting_type': 'Plain', 'max_bin': 254}. Best is trial 5 with value: 0.2388798042135567.
Trial 11 finished with value: 0.2391458941866007 and parameters: {'learning_rate': 0.0052080693455495404, 'bootstrap_type': 'Bernoulli', 'subsample': 0.9038784049301825, 'grow_policy': 'Depthwise', 'depth': 6, 'colsample_bylevel': 0.8549932633645971, 'l2_leaf_reg': 2.4898729835966105, 'leaf_estimation_iterations': 20, 'one_hot_max_size': 79, 'model_size_reg': 1.2655561354454108, 'max_ctr_complexity': 5, 'boosting_type': 'Plain', 'max_bin': 254}. Best is trial 5 with value: 0.2388798042135567.
Trial 12 finished with value: 0.23948230191973008 and parameters: {'learning_rate': 0.01145480320111291, 'bootstrap_type': 'Bernoulli', 'subsample': 0.8975510374983446, 'grow_policy': 'Depthwise', 'depth': 6, 'colsample_bylevel': 0.8523899608636807, 'l2_leaf_reg': 4.6743187547226155, 'leaf_estimation_iterations': 20, 'one_hot_max_size': 99, 'model_size_reg': 1.4558824855576116, 'max_ctr_complexity': 4, 'boosting_type': 'Plain', 'max_bin': 254}. Best is trial 5 with value: 0.2388798042135567.
Trial 13 finished with value: 0.2412613261338864 and parameters: {'learning_rate': 0.005028314151771232, 'bootstrap_type': 'Bernoulli', 'subsample': 0.8923611381188941, 'grow_policy': 'Depthwise', 'depth': 6, 'colsample_bylevel': 0.857206299528177, 'l2_leaf_reg': 0.4535846565351268, 'leaf_estimation_iterations': 20, 'one_hot_max_size': 69, 'model_size_reg': 1.0533184455191151, 'max_ctr_complexity': 5, 'boosting_type': 'Plain', 'max_bin': 254}. Best is trial 5 with value: 0.2388798042135567.
Trial 14 finished with value: 0.24038647513598055 and parameters: {'learning_rate': 0.020244125405996457, 'bootstrap_type': 'Bernoulli', 'subsample': 0.8752685793201738, 'grow_policy': 'Depthwise', 'depth': 6, 'colsample_bylevel': 0.8696227881328189, 'l2_leaf_reg': 0.5927911408225328, 'leaf_estimation_iterations': 6, 'one_hot_max_size': 60, 'model_size_reg': 0.9510554511345759, 'max_ctr_complexity': 4, 'boosting_type': 'Plain', 'max_bin': 254}. Best is trial 5 with value: 0.2388798042135567.
Trial 15 finished with value: 0.2398369097326234 and parameters: {'learning_rate': 0.008854594321310676, 'bootstrap_type': 'Bernoulli', 'subsample': 0.9329494562140646, 'grow_policy': 'Depthwise', 'depth': 5, 'colsample_bylevel': 0.8507110179479633, 'l2_leaf_reg': 3.321539419246087, 'leaf_estimation_iterations': 7, 'one_hot_max_size': 66, 'model_size_reg': 0.45873983522616135, 'max_ctr_complexity': 3, 'boosting_type': 'Plain', 'max_bin': 254}. Best is trial 5 with value: 0.2388798042135567.
Trial 16 finished with value: 0.2401669736010289 and parameters: {'learning_rate': 0.022483798629122777, 'bootstrap_type': 'Bernoulli', 'subsample': 0.8673174560886974, 'grow_policy': 'Depthwise', 'depth': 5, 'colsample_bylevel': 0.8865031167222199, 'l2_leaf_reg': 0.18493330341352618, 'leaf_estimation_iterations': 14, 'one_hot_max_size': 51, 'model_size_reg': 0.948339953936371, 'max_ctr_complexity': 5, 'boosting_type': 'Plain', 'max_bin': 254}. Best is trial 5 with value: 0.2388798042135567.
Trial 17 finished with value: 0.23976255725228957 and parameters: {'learning_rate': 0.009409147767169336, 'bootstrap_type': 'Bernoulli', 'subsample': 0.7813209540255099, 'grow_policy': 'Depthwise', 'depth': 6, 'colsample_bylevel': 0.9093703234390815, 'l2_leaf_reg': 1.2147563354710502, 'leaf_estimation_iterations': 4, 'one_hot_max_size': 10, 'model_size_reg': 1.4648540125826155, 'max_ctr_complexity': 3, 'boosting_type': 'Plain', 'max_bin': 254}. Best is trial 5 with value: 0.2388798042135567.
Trial 18 finished with value: 0.23838693844407066 and parameters: {'learning_rate': 0.005209618639844861, 'bootstrap_type': 'Bernoulli', 'subsample': 0.916296230488915, 'grow_policy': 'Depthwise', 'depth': 8, 'colsample_bylevel': 0.8686124895345414, 'l2_leaf_reg': 0.078433032899594, 'leaf_estimation_iterations': 8, 'one_hot_max_size': 82, 'model_size_reg': 1.055475215624714, 'max_ctr_complexity': 4, 'boosting_type': 'Plain', 'max_bin': 254}. Best is trial 18 with value: 0.23838693844407066.
Trial 19 finished with value: 0.2472336883453209 and parameters: {'learning_rate': 0.03266540548786146, 'bootstrap_type': 'Bernoulli', 'subsample': 0.8426290126681601, 'grow_policy': 'SymmetricTree', 'depth': 8, 'colsample_bylevel': 0.974702632119091, 'l2_leaf_reg': 0.0032969969258211055, 'leaf_estimation_iterations': 8, 'one_hot_max_size': 52, 'model_size_reg': 0.4139481386875061, 'max_ctr_complexity': 4, 'boosting_type': 'Plain', 'max_bin': 254}. Best is trial 18 with value: 0.23838693844407066.
Trial 20 finished with value: 0.23998346642686574 and parameters: {'learning_rate': 0.007108234281787713, 'bootstrap_type': 'Bernoulli', 'subsample': 0.9631072309172714, 'grow_policy': 'Depthwise', 'depth': 8, 'colsample_bylevel': 0.9296758394224023, 'l2_leaf_reg': 0.07429084026563473, 'leaf_estimation_iterations': 3, 'one_hot_max_size': 99, 'model_size_reg': 0.5953836377154457, 'max_ctr_complexity': 3, 'boosting_type': 'Plain', 'max_bin': 254}. Best is trial 18 with value: 0.23838693844407066.
Trial 21 finished with value: 0.2393777586189264 and parameters: {'learning_rate': 0.0059656164314314765, 'bootstrap_type': 'Bernoulli', 'subsample': 0.9145308326944303, 'grow_policy': 'Depthwise', 'depth': 7, 'colsample_bylevel': 0.8653390880039833, 'l2_leaf_reg': 0.17456198394432884, 'leaf_estimation_iterations': 15, 'one_hot_max_size': 77, 'model_size_reg': 1.0683971118198847, 'max_ctr_complexity': 4, 'boosting_type': 'Plain', 'max_bin': 254}. Best is trial 18 with value: 0.23838693844407066.
Trial 22 finished with value: 0.24107910259406762 and parameters: {'learning_rate': 0.005281955321750829, 'bootstrap_type': 'Bernoulli', 'subsample': 0.9141683954973562, 'grow_policy': 'Depthwise', 'depth': 5, 'colsample_bylevel': 0.8834252006893253, 'l2_leaf_reg': 1.1967369316305523, 'leaf_estimation_iterations': 9, 'one_hot_max_size': 82, 'model_size_reg': 0.8942287610872371, 'max_ctr_complexity': 5, 'boosting_type': 'Plain', 'max_bin': 254}. Best is trial 18 with value: 0.23838693844407066.
Trial 23 finished with value: 0.2389493921173811 and parameters: {'learning_rate': 0.011970989505641757, 'bootstrap_type': 'Bernoulli', 'subsample': 0.8595699099024611, 'grow_policy': 'Depthwise', 'depth': 6, 'colsample_bylevel': 0.8657334000881844, 'l2_leaf_reg': 4.977922601866984, 'leaf_estimation_iterations': 5, 'one_hot_max_size': 70, 'model_size_reg': 1.2070172387336122, 'max_ctr_complexity': 4, 'boosting_type': 'Plain', 'max_bin': 254}. Best is trial 18 with value: 0.23838693844407066.
Trial 24 finished with value: 0.24088034179854423 and parameters: {'learning_rate': 0.013624435624615017, 'bootstrap_type': 'Bernoulli', 'subsample': 0.8459019570940292, 'grow_policy': 'Depthwise', 'depth': 7, 'colsample_bylevel': 0.8880074223202921, 'l2_leaf_reg': 0.009392317219168923, 'leaf_estimation_iterations': 5, 'one_hot_max_size': 43, 'model_size_reg': 0.8300399193846446, 'max_ctr_complexity': 4, 'boosting_type': 'Plain', 'max_bin': 254}. Best is trial 18 with value: 0.23838693844407066.
Trial 25 finished with value: 0.24163877204434414 and parameters: {'learning_rate': 0.016861216623956454, 'bootstrap_type': 'Bernoulli', 'subsample': 0.8658099921514485, 'grow_policy': 'Depthwise', 'depth': 8, 'colsample_bylevel': 0.8681836794088723, 'l2_leaf_reg': 0.18434427653351085, 'leaf_estimation_iterations': 4, 'one_hot_max_size': 65, 'model_size_reg': 1.1945401183123074, 'max_ctr_complexity': 3, 'boosting_type': 'Plain', 'max_bin': 254}. Best is trial 18 with value: 0.23838693844407066.
Optuna Search Completed in: 792.85 seconds

Training final model on optimized parameter setup...

[CATBOOST FINALIZED METRICS]
Optimal Trees:         651
1-AUROC:             0.2255 (Delta to TabPFN: +0.0024)
Accuracy:             0.8942 (Delta to TabPFN: -0.0020)
Final Train Time:      12.22 seconds (0.3379s per 1K)
Final Infer Time:      0.03 seconds (0.0030s per 1K)

--- CATBOOST Feature Importance (Raw vs. Scaled Share) ---
Feature | Raw gain | Share
poutcome | 9.92 | 9.92%
contact | 6.98 | 6.98%
pca_embed_5 | 5.77 | 5.77%
pca_embed_1 | 4.96 | 4.96%
pca_embed_6 | 3.13 | 3.13%
pca_embed_0 | 3.00 | 3.00%
pca_embed_8 | 2.77 | 2.77%
balance | 2.72 | 2.72%
pca_embed_17 | 2.71 | 2.71%
housing | 2.47 | 2.47%
pca_embed_3 | 2.31 | 2.31%
pca_embed_9 | 2.31 | 2.31%
pca_embed_12 | 2.20 | 2.20%
pca_embed_13 | 2.07 | 2.07%
pca_embed_22 | 2.07 | 2.07%
pca_embed_26 | 2.04 | 2.04%
pca_embed_7 | 2.02 | 2.02%
pca_embed_15 | 2.00 | 2.00%
pca_embed_20 | 1.96 | 1.96%
pca_embed_25 | 1.96 | 1.96%
pca_embed_14 | 1.95 | 1.95%
pca_embed_4 | 1.95 | 1.95%
pca_embed_19 | 1.93 | 1.93%
pca_embed_24 | 1.92 | 1.92%
pca_embed_23 | 1.91 | 1.91%
pca_embed_21 | 1.89 | 1.89%
pca_embed_27 | 1.88 | 1.88%
campaign | 1.88 | 1.88%
pca_embed_2 | 1.87 | 1.87%
pca_embed_16 | 1.85 | 1.85%
pdays | 1.83 | 1.83%
pca_embed_18 | 1.80 | 1.80%
pca_embed_10 | 1.78 | 1.78%
pca_embed_11 | 1.75 | 1.75%
job | 1.73 | 1.73%
age | 1.64 | 1.64%
education | 1.48 | 1.48%
marital | 1.42 | 1.42%
loan | 0.96 | 0.96%
previous | 0.88 | 0.88%
default | 0.33 | 0.33%

=====================================================================
METRIC TYPE                                  | VALUE / PROFILE
=====================================================================
Embedding Share                              | 65.75%
Raw Feature Share                            | 34.25%
---------------------------------------------------------------------
Active Text Embedding Density                | 100.00% (28/28)
Active Raw Tabular Feature Density           | 100.00% (13/13)
---------------------------------------------------------------------
Top-5 Concentration Ratio (CR5)              | 30.76% of total decision weight
Top-10 Concentration Ratio (CR10)            | 44.44% of total decision weight
=====================================================================

Total Pipeline Execution Time: 806.94 seconds

[SUCCESS] Permanent artifacts safely written to 'outputs/training-1/'
[W&B] Artifacts and localized metrics logged successfully for bank-marketing_combined_catboost
