[W&B] Child process started for job: coil2000_insurance_policies_embed-only_lightgbm in group session-training-1
Loading archive 'archives/coil2000_insurance_policies.npz' and initializing pipeline for target: LIGHTGBM...
Execution Mode: EMBED-ONLY
Session Output Target: outputs/training-1/
Task Type: BINARY
TabPFN Baselines Loaded - Primary: 0.2276 | Secondary: 0.9405
PCA reduced text embeddings to 57 components.
Final training matrix shape assembled for EMBED-ONLY: (7857, 57)

Running 26-Trial Optuna Study for LIGHTGBM (EMBED-ONLY)...
A new study created in RDB with name: 20260624_124322_coil2000_insurance_policies_embed-only_lightgbm
Trial 0 finished with value: 0.2775621811052249 and parameters: {}. Best is trial 0 with value: 0.2775621811052249.
Trial 1 finished with value: 0.2590531088753032 and parameters: {'learning_rate': 0.015355286838886862, 'feature_fraction': 0.9704285838459497, 'bagging_fraction': 0.9195981825434215, 'bagging_freq': 1, 'num_leaves': 28, 'min_data_in_leaf': 1, 'extra_trees': False, 'min_data_per_group': 57, 'cat_l2': 0.18327672955935934, 'cat_smooth': 3.4702669886504163, 'max_cat_to_onehot': 8, 'lambda_l1': 0.9699128611767781, 'lambda_l2': 1.6649020373367633}. Best is trial 1 with value: 0.2590531088753032.
Trial 2 finished with value: 0.25016351019015537 and parameters: {'learning_rate': 0.009445600138094694, 'feature_fraction': 0.5090949803242604, 'bagging_fraction': 0.7550213529560301, 'bagging_freq': 1, 'num_leaves': 7, 'min_data_in_leaf': 6, 'extra_trees': False, 'min_data_per_group': 20, 'cat_l2': 0.01153297626310632, 'cat_smooth': 0.028888383623653185, 'max_cat_to_onehot': 19, 'lambda_l1': 0.4561243772186142, 'lambda_l2': 1.5703734051898879}. Best is trial 2 with value: 0.25016351019015537.
Trial 3 finished with value: 0.27377629829755823 and parameters: {'learning_rate': 0.009093929525644107, 'feature_fraction': 0.708540663048167, 'bagging_fraction': 0.8777243706586128, 'bagging_freq': 1, 'num_leaves': 2, 'min_data_in_leaf': 10, 'extra_trees': False, 'min_data_per_group': 81, 'cat_l2': 1.6278053965878447, 'cat_smooth': 11.015056790269638, 'max_cat_to_onehot': 17, 'lambda_l1': 0.09776234679498323, 'lambda_l2': 1.3684976297216627}. Best is trial 2 with value: 0.25016351019015537.
Trial 4 finished with value: 0.26815183209714555 and parameters: {'learning_rate': 0.01869052934095898, 'feature_fraction': 0.47322294090686734, 'bagging_fraction': 0.848553073033381, 'bagging_freq': 1, 'num_leaves': 2, 'min_data_in_leaf': 42, 'extra_trees': True, 'min_data_per_group': 6, 'cat_l2': 0.11277639166461569, 'cat_smooth': 0.5414413211338525, 'max_cat_to_onehot': 12, 'lambda_l1': 0.9695876693017821, 'lambda_l2': 1.550288133439893}. Best is trial 2 with value: 0.25016351019015537.
Trial 5 finished with value: 0.26372803914906695 and parameters: {'learning_rate': 0.08342309693146736, 'feature_fraction': 0.9368964102565893, 'bagging_fraction': 0.8793699936433255, 'bagging_freq': 1, 'num_leaves': 137, 'min_data_in_leaf': 1, 'extra_trees': False, 'min_data_per_group': 6, 'cat_l2': 0.0513253156994884, 'cat_smooth': 0.022737628102536857, 'max_cat_to_onehot': 64, 'lambda_l1': 0.3568176513609199, 'lambda_l2': 0.5619409259237927}. Best is trial 2 with value: 0.25016351019015537.
Trial 6 finished with value: 0.26919684444150715 and parameters: {'learning_rate': 0.025411709798607296, 'feature_fraction': 0.4845545349848576, 'bagging_fraction': 0.9406590942262119, 'bagging_freq': 1, 'num_leaves': 2, 'min_data_in_leaf': 61, 'extra_trees': False, 'min_data_per_group': 2, 'cat_l2': 0.6619871537619337, 'cat_smooth': 3.4220529032706923, 'max_cat_to_onehot': 50, 'lambda_l1': 0.7712932196512772, 'lambda_l2': 0.1481818990030073}. Best is trial 2 with value: 0.25016351019015537.
Trial 7 finished with value: 0.24549363468065266 and parameters: {'learning_rate': 0.014633380642745364, 'feature_fraction': 0.4695214357150779, 'bagging_fraction': 0.958931027762678, 'bagging_freq': 1, 'num_leaves': 32, 'min_data_in_leaf': 2, 'extra_trees': True, 'min_data_per_group': 6, 'cat_l2': 0.3957756313952873, 'cat_smooth': 1.5409457762881555, 'max_cat_to_onehot': 75, 'lambda_l1': 0.4722677036694331, 'lambda_l2': 0.23927653245200955}. Best is trial 7 with value: 0.24549363468065266.
Trial 8 finished with value: 0.259561415475972 and parameters: {'learning_rate': 0.042356773126632795, 'feature_fraction': 0.8564710291701385, 'bagging_fraction': 0.8683831592708489, 'bagging_freq': 1, 'num_leaves': 65, 'min_data_in_leaf': 6, 'extra_trees': False, 'min_data_per_group': 2, 'cat_l2': 0.009543550367992308, 'cat_smooth': 0.0014359718569878096, 'max_cat_to_onehot': 39, 'lambda_l1': 0.314424545478219, 'lambda_l2': 1.017190525260289}. Best is trial 7 with value: 0.24549363468065266.
Trial 9 finished with value: 0.25395023468757727 and parameters: {'learning_rate': 0.07581256838789621, 'feature_fraction': 0.549575337489325, 'bagging_fraction': 0.8231148769106889, 'bagging_freq': 1, 'num_leaves': 61, 'min_data_in_leaf': 2, 'extra_trees': True, 'min_data_per_group': 3, 'cat_l2': 1.3124992669799407, 'cat_smooth': 10.979988817809668, 'max_cat_to_onehot': 39, 'lambda_l1': 0.871473444128699, 'lambda_l2': 1.607363786590539}. Best is trial 7 with value: 0.24549363468065266.
Trial 10 finished with value: 0.2464962495724765 and parameters: {'learning_rate': 0.005556572437269131, 'feature_fraction': 0.6839963928728011, 'bagging_fraction': 0.9908611332363597, 'bagging_freq': 1, 'num_leaves': 12, 'min_data_in_leaf': 19, 'extra_trees': True, 'min_data_per_group': 23, 'cat_l2': 0.03512175732792625, 'cat_smooth': 55.54162315706866, 'max_cat_to_onehot': 99, 'lambda_l1': 0.5905156421247704, 'lambda_l2': 0.02569074131920096}. Best is trial 7 with value: 0.24549363468065266.
Trial 11 finished with value: 0.2504918947319148 and parameters: {'learning_rate': 0.005738601544760158, 'feature_fraction': 0.6606137630538468, 'bagging_fraction': 0.9984567420564903, 'bagging_freq': 1, 'num_leaves': 14, 'min_data_in_leaf': 21, 'extra_trees': True, 'min_data_per_group': 22, 'cat_l2': 0.03352561511977935, 'cat_smooth': 52.38654328518467, 'max_cat_to_onehot': 100, 'lambda_l1': 0.6091129560474012, 'lambda_l2': 0.07101727097318089}. Best is trial 7 with value: 0.24549363468065266.
Trial 12 finished with value: 0.24736302516482644 and parameters: {'learning_rate': 0.005311126596497428, 'feature_fraction': 0.6537243008275448, 'bagging_fraction': 0.9979535080856271, 'bagging_freq': 1, 'num_leaves': 9, 'min_data_in_leaf': 3, 'extra_trees': True, 'min_data_per_group': 16, 'cat_l2': 0.2848884235393859, 'cat_smooth': 0.305128880331871, 'max_cat_to_onehot': 100, 'lambda_l1': 0.6091933662784068, 'lambda_l2': 0.4702775475535603}. Best is trial 7 with value: 0.24549363468065266.
Trial 13 finished with value: 0.24289042192047594 and parameters: {'learning_rate': 0.009804783701770422, 'feature_fraction': 0.7644768432606033, 'bagging_fraction': 0.9503189177548768, 'bagging_freq': 1, 'num_leaves': 25, 'min_data_in_leaf': 16, 'extra_trees': True, 'min_data_per_group': 9, 'cat_l2': 0.029147700650528047, 'cat_smooth': 41.27630723964667, 'max_cat_to_onehot': 69, 'lambda_l1': 0.5896395419955747, 'lambda_l2': 0.44189377158627724}. Best is trial 13 with value: 0.24289042192047594.
Trial 14 finished with value: 0.24498883926451298 and parameters: {'learning_rate': 0.010895440393473043, 'feature_fraction': 0.8229616337423648, 'bagging_fraction': 0.9409041505461242, 'bagging_freq': 1, 'num_leaves': 30, 'min_data_in_leaf': 3, 'extra_trees': True, 'min_data_per_group': 7, 'cat_l2': 0.005667458634051511, 'cat_smooth': 0.2652032650731302, 'max_cat_to_onehot': 60, 'lambda_l1': 0.17045177131759753, 'lambda_l2': 0.6480223495136972}. Best is trial 13 with value: 0.24289042192047594.
Trial 15 finished with value: 0.2431377045584977 and parameters: {'learning_rate': 0.0095594353078685, 'feature_fraction': 0.8243166871398107, 'bagging_fraction': 0.915900264139289, 'bagging_freq': 1, 'num_leaves': 26, 'min_data_in_leaf': 23, 'extra_trees': True, 'min_data_per_group': 10, 'cat_l2': 0.005201650905295392, 'cat_smooth': 0.07704079518116252, 'max_cat_to_onehot': 30, 'lambda_l1': 0.03640118275079507, 'lambda_l2': 0.8660521297628156}. Best is trial 13 with value: 0.24289042192047594.
Trial 16 finished with value: 0.2562502019387253 and parameters: {'learning_rate': 0.027556878263997272, 'feature_fraction': 0.7816162571198065, 'bagging_fraction': 0.8003126062483137, 'bagging_freq': 1, 'num_leaves': 5, 'min_data_in_leaf': 20, 'extra_trees': True, 'min_data_per_group': 12, 'cat_l2': 0.01525283131278148, 'cat_smooth': 0.0016697888938994273, 'max_cat_to_onehot': 27, 'lambda_l1': 0.012354692201737738, 'lambda_l2': 0.9777470903303886}. Best is trial 13 with value: 0.24289042192047594.
Trial 17 finished with value: 0.24538516851203607 and parameters: {'learning_rate': 0.007865855501333974, 'feature_fraction': 0.9016922247602093, 'bagging_fraction': 0.9088819521563148, 'bagging_freq': 1, 'num_leaves': 21, 'min_data_in_leaf': 35, 'extra_trees': True, 'min_data_per_group': 42, 'cat_l2': 0.005128838110849322, 'cat_smooth': 0.021472137291750935, 'max_cat_to_onehot': 28, 'lambda_l1': 0.26323231063908864, 'lambda_l2': 0.9062446416280758}. Best is trial 13 with value: 0.24289042192047594.
Trial 18 finished with value: 0.244551478139318 and parameters: {'learning_rate': 0.013019373982071928, 'feature_fraction': 0.757680051933401, 'bagging_fraction': 0.7351247059525575, 'bagging_freq': 1, 'num_leaves': 67, 'min_data_in_leaf': 10, 'extra_trees': True, 'min_data_per_group': 11, 'cat_l2': 0.07571944956775223, 'cat_smooth': 0.08347216184681973, 'max_cat_to_onehot': 29, 'lambda_l1': 0.756993139991207, 'lambda_l2': 1.2487456950536533}. Best is trial 13 with value: 0.24289042192047594.
Trial 19 finished with value: 0.24484261272151464 and parameters: {'learning_rate': 0.007451232376041963, 'feature_fraction': 0.5779146710856647, 'bagging_fraction': 0.9095523646561217, 'bagging_freq': 1, 'num_leaves': 190, 'min_data_in_leaf': 11, 'extra_trees': True, 'min_data_per_group': 4, 'cat_l2': 0.02242070401654341, 'cat_smooth': 0.004579745934369628, 'max_cat_to_onehot': 41, 'lambda_l1': 0.18057678880289035, 'lambda_l2': 0.7446389251272693}. Best is trial 13 with value: 0.24289042192047594.
Trial 20 finished with value: 0.25240697939926626 and parameters: {'learning_rate': 0.02145411100199554, 'feature_fraction': 0.8664006136069724, 'bagging_fraction': 0.8024056473923528, 'bagging_freq': 1, 'num_leaves': 5, 'min_data_in_leaf': 26, 'extra_trees': True, 'min_data_per_group': 10, 'cat_l2': 0.018192136593968157, 'cat_smooth': 18.086065571434148, 'max_cat_to_onehot': 20, 'lambda_l1': 0.434852086000726, 'lambda_l2': 0.3325183119030031}. Best is trial 13 with value: 0.24289042192047594.
Trial 21 finished with value: 0.24521455166177897 and parameters: {'learning_rate': 0.013339052319188301, 'feature_fraction': 0.7523616508623473, 'bagging_fraction': 0.7132617504359504, 'bagging_freq': 1, 'num_leaves': 62, 'min_data_in_leaf': 11, 'extra_trees': True, 'min_data_per_group': 10, 'cat_l2': 0.07525685513700302, 'cat_smooth': 0.12589204751921962, 'max_cat_to_onehot': 26, 'lambda_l1': 0.7859472407720919, 'lambda_l2': 1.2275731394672713}. Best is trial 13 with value: 0.24289042192047594.
Trial 22 finished with value: 0.2470004635174754 and parameters: {'learning_rate': 0.011211312325154325, 'feature_fraction': 0.40015726738282775, 'bagging_fraction': 0.7066013010889338, 'bagging_freq': 1, 'num_leaves': 95, 'min_data_in_leaf': 8, 'extra_trees': True, 'min_data_per_group': 33, 'cat_l2': 0.1053929121666928, 'cat_smooth': 0.07581961536672624, 'max_cat_to_onehot': 32, 'lambda_l1': 0.717612412432038, 'lambda_l2': 1.1336565712154199}. Best is trial 13 with value: 0.24289042192047594.
Trial 23 finished with value: 0.24463366053601876 and parameters: {'learning_rate': 0.007150327584377843, 'feature_fraction': 0.7784726703600352, 'bagging_fraction': 0.7494478610119301, 'bagging_freq': 1, 'num_leaves': 44, 'min_data_in_leaf': 14, 'extra_trees': True, 'min_data_per_group': 11, 'cat_l2': 0.04403892372458775, 'cat_smooth': 0.006887144023094747, 'max_cat_to_onehot': 14, 'lambda_l1': 0.680774881613519, 'lambda_l2': 1.8430123037313946}. Best is trial 13 with value: 0.24289042192047594.
Trial 24 finished with value: 0.24613126999714208 and parameters: {'learning_rate': 0.01213276001843043, 'feature_fraction': 0.7255400691309, 'bagging_fraction': 0.9546422085959807, 'bagging_freq': 1, 'num_leaves': 20, 'min_data_in_leaf': 34, 'extra_trees': True, 'min_data_per_group': 15, 'cat_l2': 0.06891297161839813, 'cat_smooth': 0.9405752237598528, 'max_cat_to_onehot': 51, 'lambda_l1': 0.853826316953791, 'lambda_l2': 0.825624151408976}. Best is trial 13 with value: 0.24289042192047594.
Trial 25 finished with value: 0.24316270905963933 and parameters: {'learning_rate': 0.01749756266678605, 'feature_fraction': 0.8188270002314172, 'bagging_fraction': 0.7392030116257073, 'bagging_freq': 1, 'num_leaves': 42, 'min_data_in_leaf': 6, 'extra_trees': True, 'min_data_per_group': 4, 'cat_l2': 0.008540060584659158, 'cat_smooth': 0.0685422418994942, 'max_cat_to_onehot': 23, 'lambda_l1': 0.5424647795756331, 'lambda_l2': 1.315019791772388}. Best is trial 13 with value: 0.24289042192047594.
Optuna Search Completed in: 84.52 seconds

Training final model on optimized parameter setup...

[LIGHTGBM FINALIZED METRICS]
Optimal Trees:         145
1-AUROC:             0.2537 (Delta to TabPFN: +0.0260)
Accuracy:             0.9405 (Delta to TabPFN: +0.0000)
Final Train Time:      0.17 seconds (0.0211s per 1K)
Final Infer Time:      0.00 seconds (0.0014s per 1K)

--- LIGHTGBM Feature Importance (Raw vs. Scaled Share) ---
Feature | Raw gain | Share
pca_embed_0 | 3985.14 | 13.74%
pca_embed_3 | 3152.81 | 10.87%
pca_embed_13 | 1744.21 | 6.01%
pca_embed_1 | 1732.02 | 5.97%
pca_embed_7 | 1692.18 | 5.83%
pca_embed_6 | 1654.40 | 5.70%
pca_embed_10 | 1086.41 | 3.75%
pca_embed_29 | 840.87 | 2.90%
pca_embed_9 | 827.14 | 2.85%
pca_embed_36 | 781.08 | 2.69%
pca_embed_40 | 681.32 | 2.35%
pca_embed_19 | 636.43 | 2.19%
pca_embed_23 | 519.89 | 1.79%
pca_embed_4 | 469.63 | 1.62%
pca_embed_45 | 455.18 | 1.57%
pca_embed_2 | 453.72 | 1.56%
pca_embed_26 | 442.55 | 1.53%
pca_embed_47 | 425.58 | 1.47%
pca_embed_56 | 412.11 | 1.42%
pca_embed_54 | 406.66 | 1.40%
pca_embed_31 | 401.39 | 1.38%
pca_embed_34 | 355.97 | 1.23%
pca_embed_53 | 311.15 | 1.07%
pca_embed_28 | 290.40 | 1.00%
pca_embed_18 | 289.63 | 1.00%
pca_embed_11 | 288.44 | 0.99%
pca_embed_12 | 283.53 | 0.98%
pca_embed_37 | 281.51 | 0.97%
pca_embed_14 | 273.68 | 0.94%
pca_embed_33 | 246.00 | 0.85%
pca_embed_15 | 215.32 | 0.74%
pca_embed_42 | 196.35 | 0.68%
pca_embed_30 | 194.71 | 0.67%
pca_embed_25 | 192.63 | 0.66%
pca_embed_5 | 188.65 | 0.65%
pca_embed_16 | 181.35 | 0.63%
pca_embed_21 | 167.03 | 0.58%
pca_embed_51 | 152.35 | 0.53%
pca_embed_49 | 151.91 | 0.52%
pca_embed_46 | 148.93 | 0.51%
pca_embed_22 | 142.97 | 0.49%
pca_embed_17 | 138.04 | 0.48%
pca_embed_32 | 133.54 | 0.46%
pca_embed_39 | 130.18 | 0.45%
pca_embed_43 | 129.96 | 0.45%
pca_embed_38 | 129.20 | 0.45%
pca_embed_41 | 120.52 | 0.42%
pca_embed_50 | 116.41 | 0.40%
pca_embed_27 | 111.36 | 0.38%
pca_embed_55 | 109.35 | 0.38%
pca_embed_48 | 108.93 | 0.38%
pca_embed_20 | 90.10 | 0.31%
pca_embed_52 | 79.14 | 0.27%
pca_embed_8 | 76.06 | 0.26%
pca_embed_44 | 71.13 | 0.25%
pca_embed_24 | 57.54 | 0.20%
pca_embed_35 | 50.38 | 0.17%

=====================================================================
METRIC TYPE                                  | VALUE / PROFILE
=====================================================================
Embedding Share                              | 100.00%
Raw Feature Share                            | 0.00%
---------------------------------------------------------------------
Active Text Embedding Density                | 100.00% (57/57)
Active Raw Tabular Feature Density           | 0.00% (0/0)
---------------------------------------------------------------------
Top-5 Concentration Ratio (CR5)              | 42.43% of total decision weight
Top-10 Concentration Ratio (CR10)            | 60.32% of total decision weight
=====================================================================

Total Pipeline Execution Time: 86.22 seconds

[SUCCESS] Permanent artifacts safely written to 'outputs/training-1/'
[W&B] Artifacts and localized metrics logged successfully for coil2000_insurance_policies_embed-only_lightgbm
