[W&B] Child process started for job: amazon_employee_access_embed-only_lightgbm in group session-training-1
Loading archive 'archives/amazon_employee_access.npz' and initializing pipeline for target: LIGHTGBM...
Execution Mode: EMBED-ONLY
Session Output Target: outputs/training-1/
Task Type: BINARY
TabPFN Baselines Loaded - Primary: 0.1468 | Secondary: 0.9490
PCA reduced text embeddings to 52 components.
Final training matrix shape assembled for EMBED-ONLY: (26215, 52)

Running 26-Trial Optuna Study for LIGHTGBM (EMBED-ONLY)...
A new study created in RDB with name: 20260623_231434_amazon_employee_access_embed-only_lightgbm
Trial 0 finished with value: 0.16093630283278493 and parameters: {}. Best is trial 0 with value: 0.16093630283278493.
Trial 1 finished with value: 0.15777824555365028 and parameters: {'learning_rate': 0.015355286838886862, 'feature_fraction': 0.9704285838459497, 'bagging_fraction': 0.9195981825434215, 'bagging_freq': 1, 'num_leaves': 28, 'min_data_in_leaf': 1, 'extra_trees': False, 'min_data_per_group': 57, 'cat_l2': 0.18327672955935934, 'cat_smooth': 3.4702669886504163, 'max_cat_to_onehot': 8, 'lambda_l1': 0.9699128611767781, 'lambda_l2': 1.6649020373367633}. Best is trial 1 with value: 0.15777824555365028.
Trial 2 finished with value: 0.1619606452122495 and parameters: {'learning_rate': 0.009445600138094694, 'feature_fraction': 0.5090949803242604, 'bagging_fraction': 0.7550213529560301, 'bagging_freq': 1, 'num_leaves': 7, 'min_data_in_leaf': 6, 'extra_trees': False, 'min_data_per_group': 20, 'cat_l2': 0.01153297626310632, 'cat_smooth': 0.028888383623653185, 'max_cat_to_onehot': 19, 'lambda_l1': 0.4561243772186142, 'lambda_l2': 1.5703734051898879}. Best is trial 1 with value: 0.15777824555365028.
Trial 3 finished with value: 0.1755643366074916 and parameters: {'learning_rate': 0.009093929525644107, 'feature_fraction': 0.708540663048167, 'bagging_fraction': 0.8777243706586128, 'bagging_freq': 1, 'num_leaves': 2, 'min_data_in_leaf': 10, 'extra_trees': False, 'min_data_per_group': 81, 'cat_l2': 1.6278053965878447, 'cat_smooth': 11.015056790269638, 'max_cat_to_onehot': 17, 'lambda_l1': 0.09776234679498323, 'lambda_l2': 1.3684976297216627}. Best is trial 1 with value: 0.15777824555365028.
Trial 4 finished with value: 0.1765514690037817 and parameters: {'learning_rate': 0.01869052934095898, 'feature_fraction': 0.47322294090686734, 'bagging_fraction': 0.848553073033381, 'bagging_freq': 1, 'num_leaves': 2, 'min_data_in_leaf': 42, 'extra_trees': True, 'min_data_per_group': 6, 'cat_l2': 0.11277639166461569, 'cat_smooth': 0.5414413211338525, 'max_cat_to_onehot': 12, 'lambda_l1': 0.9695876693017821, 'lambda_l2': 1.550288133439893}. Best is trial 1 with value: 0.15777824555365028.
Trial 5 finished with value: 0.15407150924216761 and parameters: {'learning_rate': 0.08342309693146736, 'feature_fraction': 0.9368964102565893, 'bagging_fraction': 0.8793699936433255, 'bagging_freq': 1, 'num_leaves': 137, 'min_data_in_leaf': 1, 'extra_trees': False, 'min_data_per_group': 6, 'cat_l2': 0.0513253156994884, 'cat_smooth': 0.022737628102536857, 'max_cat_to_onehot': 64, 'lambda_l1': 0.3568176513609199, 'lambda_l2': 0.5619409259237927}. Best is trial 5 with value: 0.15407150924216761.
Trial 6 finished with value: 0.16993932880961793 and parameters: {'learning_rate': 0.025411709798607296, 'feature_fraction': 0.4845545349848576, 'bagging_fraction': 0.9406590942262119, 'bagging_freq': 1, 'num_leaves': 2, 'min_data_in_leaf': 61, 'extra_trees': False, 'min_data_per_group': 2, 'cat_l2': 0.6619871537619337, 'cat_smooth': 3.4220529032706923, 'max_cat_to_onehot': 50, 'lambda_l1': 0.7712932196512772, 'lambda_l2': 0.1481818990030073}. Best is trial 5 with value: 0.15407150924216761.
Trial 7 finished with value: 0.15704062498292082 and parameters: {'learning_rate': 0.014633380642745364, 'feature_fraction': 0.4695214357150779, 'bagging_fraction': 0.958931027762678, 'bagging_freq': 1, 'num_leaves': 32, 'min_data_in_leaf': 2, 'extra_trees': True, 'min_data_per_group': 6, 'cat_l2': 0.3957756313952873, 'cat_smooth': 1.5409457762881555, 'max_cat_to_onehot': 75, 'lambda_l1': 0.4722677036694331, 'lambda_l2': 0.23927653245200955}. Best is trial 5 with value: 0.15407150924216761.
Trial 8 finished with value: 0.15656706334657877 and parameters: {'learning_rate': 0.042356773126632795, 'feature_fraction': 0.8564710291701385, 'bagging_fraction': 0.8683831592708489, 'bagging_freq': 1, 'num_leaves': 65, 'min_data_in_leaf': 6, 'extra_trees': False, 'min_data_per_group': 2, 'cat_l2': 0.009543550367992308, 'cat_smooth': 0.0014359718569878096, 'max_cat_to_onehot': 39, 'lambda_l1': 0.314424545478219, 'lambda_l2': 1.017190525260289}. Best is trial 5 with value: 0.15407150924216761.
Trial 9 finished with value: 0.15855845307790617 and parameters: {'learning_rate': 0.07581256838789621, 'feature_fraction': 0.549575337489325, 'bagging_fraction': 0.8231148769106889, 'bagging_freq': 1, 'num_leaves': 61, 'min_data_in_leaf': 2, 'extra_trees': True, 'min_data_per_group': 3, 'cat_l2': 1.3124992669799407, 'cat_smooth': 10.979988817809668, 'max_cat_to_onehot': 39, 'lambda_l1': 0.871473444128699, 'lambda_l2': 1.607363786590539}. Best is trial 5 with value: 0.15407150924216761.
Trial 10 finished with value: 0.15702617443060374 and parameters: {'learning_rate': 0.09147573288296829, 'feature_fraction': 0.6839963928728011, 'bagging_fraction': 0.7022641957948879, 'bagging_freq': 1, 'num_leaves': 146, 'min_data_in_leaf': 18, 'extra_trees': False, 'min_data_per_group': 23, 'cat_l2': 0.04511907294391529, 'cat_smooth': 0.04720368256012399, 'max_cat_to_onehot': 99, 'lambda_l1': 0.028575443310857374, 'lambda_l2': 0.7118736529455119}. Best is trial 5 with value: 0.15407150924216761.
Trial 11 finished with value: 0.15139450696277001 and parameters: {'learning_rate': 0.0464339747862408, 'feature_fraction': 0.9347446309627329, 'bagging_fraction': 0.802754798121327, 'bagging_freq': 1, 'num_leaves': 165, 'min_data_in_leaf': 1, 'extra_trees': False, 'min_data_per_group': 5, 'cat_l2': 0.005164006022200945, 'cat_smooth': 0.0020887870522944057, 'max_cat_to_onehot': 35, 'lambda_l1': 0.3000390111022635, 'lambda_l2': 0.891365775147946}. Best is trial 11 with value: 0.15139450696277001.
Trial 12 finished with value: 0.15203307125688204 and parameters: {'learning_rate': 0.05049708384913899, 'feature_fraction': 0.9956035372255873, 'bagging_fraction': 0.7929658168207508, 'bagging_freq': 1, 'num_leaves': 197, 'min_data_in_leaf': 1, 'extra_trees': False, 'min_data_per_group': 8, 'cat_l2': 0.00511023068865669, 'cat_smooth': 0.0013419844206405704, 'max_cat_to_onehot': 25, 'lambda_l1': 0.28164073716989446, 'lambda_l2': 0.6532413869928695}. Best is trial 11 with value: 0.15139450696277001.
Trial 13 finished with value: 0.1515610773090823 and parameters: {'learning_rate': 0.04180885439089342, 'feature_fraction': 0.856815538324733, 'bagging_fraction': 0.7729672415808808, 'bagging_freq': 1, 'num_leaves': 197, 'min_data_in_leaf': 1, 'extra_trees': False, 'min_data_per_group': 13, 'cat_l2': 0.00654767882506762, 'cat_smooth': 0.0014205771078698954, 'max_cat_to_onehot': 24, 'lambda_l1': 0.19329980363263743, 'lambda_l2': 0.8736894128174876}. Best is trial 11 with value: 0.15139450696277001.
Trial 14 finished with value: 0.15172062118506613 and parameters: {'learning_rate': 0.036385187905131414, 'feature_fraction': 0.8326931682760598, 'bagging_fraction': 0.7552016782137024, 'bagging_freq': 1, 'num_leaves': 83, 'min_data_in_leaf': 2, 'extra_trees': False, 'min_data_per_group': 16, 'cat_l2': 0.01826409437879532, 'cat_smooth': 0.005029587362215305, 'max_cat_to_onehot': 26, 'lambda_l1': 0.17045177131759753, 'lambda_l2': 1.032105674505173}. Best is trial 11 with value: 0.15139450696277001.
Trial 15 finished with value: 0.15541302557745662 and parameters: {'learning_rate': 0.02859554385374695, 'feature_fraction': 0.836178851072827, 'bagging_fraction': 0.7774448004832161, 'bagging_freq': 1, 'num_leaves': 28, 'min_data_in_leaf': 1, 'extra_trees': True, 'min_data_per_group': 12, 'cat_l2': 0.005201073919155597, 'cat_smooth': 0.007896418791253914, 'max_cat_to_onehot': 31, 'lambda_l1': 0.618589573186454, 'lambda_l2': 1.9591343319554362}. Best is trial 11 with value: 0.15139450696277001.
Trial 16 finished with value: 0.1546457941191446 and parameters: {'learning_rate': 0.05187527464169374, 'feature_fraction': 0.741078433453683, 'bagging_fraction': 0.7270789214433054, 'bagging_freq': 1, 'num_leaves': 104, 'min_data_in_leaf': 3, 'extra_trees': False, 'min_data_per_group': 32, 'cat_l2': 0.025693387296563272, 'cat_smooth': 0.18197180740024957, 'max_cat_to_onehot': 15, 'lambda_l1': 0.20684606995124905, 'lambda_l2': 1.079103964715293}. Best is trial 11 with value: 0.15139450696277001.
Trial 17 finished with value: 0.15499977406352294 and parameters: {'learning_rate': 0.005690829910093074, 'feature_fraction': 0.8923455767750882, 'bagging_fraction': 0.8062358126391972, 'bagging_freq': 1, 'num_leaves': 45, 'min_data_in_leaf': 1, 'extra_trees': False, 'min_data_per_group': 10, 'cat_l2': 0.010901113684062658, 'cat_smooth': 95.74738509612254, 'max_cat_to_onehot': 23, 'lambda_l1': 0.5174008299575452, 'lambda_l2': 0.39707958406050375}. Best is trial 11 with value: 0.15139450696277001.
Trial 18 finished with value: 0.1629656180350968 and parameters: {'learning_rate': 0.06040342567343057, 'feature_fraction': 0.7895985283700244, 'bagging_fraction': 0.9981528355149126, 'bagging_freq': 1, 'num_leaves': 10, 'min_data_in_leaf': 4, 'extra_trees': False, 'min_data_per_group': 4, 'cat_l2': 0.026346814490946963, 'cat_smooth': 0.0036394092169520983, 'max_cat_to_onehot': 36, 'lambda_l1': 0.017456667665418202, 'lambda_l2': 0.8418828466864591}. Best is trial 11 with value: 0.15139450696277001.
Trial 19 finished with value: 0.15589242042702245 and parameters: {'learning_rate': 0.03145451469817709, 'feature_fraction': 0.6047409738324911, 'bagging_fraction': 0.8307025982987003, 'bagging_freq': 1, 'num_leaves': 193, 'min_data_in_leaf': 1, 'extra_trees': True, 'min_data_per_group': 38, 'cat_l2': 0.00527516120622327, 'cat_smooth': 0.0011936174060360799, 'max_cat_to_onehot': 11, 'lambda_l1': 0.6405660803522937, 'lambda_l2': 1.3040929723532804}. Best is trial 11 with value: 0.15139450696277001.
Trial 20 finished with value: 0.15424663133572225 and parameters: {'learning_rate': 0.06753187125756885, 'feature_fraction': 0.9199508046565843, 'bagging_fraction': 0.765380071760643, 'bagging_freq': 1, 'num_leaves': 102, 'min_data_in_leaf': 2, 'extra_trees': False, 'min_data_per_group': 4, 'cat_l2': 0.010275363362089373, 'cat_smooth': 0.012311970221675034, 'max_cat_to_onehot': 53, 'lambda_l1': 0.1676503064975759, 'lambda_l2': 0.8517616205440965}. Best is trial 11 with value: 0.15139450696277001.
Trial 21 finished with value: 0.15583081986877123 and parameters: {'learning_rate': 0.0379456128327986, 'feature_fraction': 0.8055095233070643, 'bagging_fraction': 0.7398298010995012, 'bagging_freq': 1, 'num_leaves': 67, 'min_data_in_leaf': 2, 'extra_trees': False, 'min_data_per_group': 15, 'cat_l2': 0.020286628635442106, 'cat_smooth': 0.0044753293976969154, 'max_cat_to_onehot': 27, 'lambda_l1': 0.18251831524314494, 'lambda_l2': 1.0245413305553313}. Best is trial 11 with value: 0.15139450696277001.
Trial 22 finished with value: 0.1511096736827131 and parameters: {'learning_rate': 0.02284178197927639, 'feature_fraction': 0.40015726738282775, 'bagging_fraction': 0.7907746961934394, 'bagging_freq': 1, 'num_leaves': 90, 'min_data_in_leaf': 1, 'extra_trees': False, 'min_data_per_group': 17, 'cat_l2': 0.016363018792309156, 'cat_smooth': 0.003141450776769743, 'max_cat_to_onehot': 22, 'lambda_l1': 0.2772924593405304, 'lambda_l2': 1.183487379589127}. Best is trial 22 with value: 0.1511096736827131.
Trial 23 finished with value: 0.14574745460655802 and parameters: {'learning_rate': 0.022373410082934603, 'feature_fraction': 0.40059638837600675, 'bagging_fraction': 0.7975584308875577, 'bagging_freq': 1, 'num_leaves': 127, 'min_data_in_leaf': 1, 'extra_trees': False, 'min_data_per_group': 30, 'cat_l2': 0.04992603371298685, 'cat_smooth': 0.08051450992052975, 'max_cat_to_onehot': 19, 'lambda_l1': 0.3843127461962342, 'lambda_l2': 1.2136162651424294}. Best is trial 23 with value: 0.14574745460655802.
Trial 24 finished with value: 0.1509969041791257 and parameters: {'learning_rate': 0.022336158217737746, 'feature_fraction': 0.410986479361018, 'bagging_fraction': 0.7985107708560826, 'bagging_freq': 1, 'num_leaves': 111, 'min_data_in_leaf': 1, 'extra_trees': False, 'min_data_per_group': 33, 'cat_l2': 0.06877688088182135, 'cat_smooth': 0.12280812442762735, 'max_cat_to_onehot': 20, 'lambda_l1': 0.3973395084934649, 'lambda_l2': 1.304699778615744}. Best is trial 23 with value: 0.14574745460655802.
Trial 25 finished with value: 0.1546192470179819 and parameters: {'learning_rate': 0.022259499342103334, 'feature_fraction': 0.4284925264949988, 'bagging_fraction': 0.8485894310918616, 'bagging_freq': 1, 'num_leaves': 44, 'min_data_in_leaf': 1, 'extra_trees': False, 'min_data_per_group': 37, 'cat_l2': 0.08837310292178868, 'cat_smooth': 0.11291705328643419, 'max_cat_to_onehot': 13, 'lambda_l1': 0.40151357481416994, 'lambda_l2': 1.2433323472506856}. Best is trial 23 with value: 0.14574745460655802.
Optuna Search Completed in: 236.49 seconds

Training final model on optimized parameter setup...

[LIGHTGBM FINALIZED METRICS]
Optimal Trees:         256
1-AUROC:             0.1519 (Delta to TabPFN: +0.0051)
Accuracy:             0.9495 (Delta to TabPFN: +0.0005)
Final Train Time:      1.51 seconds (0.0575s per 1K)
Final Infer Time:      0.02 seconds (0.0032s per 1K)

--- LIGHTGBM Feature Importance (Raw vs. Scaled Share) ---
Feature | Raw gain | Share
pca_embed_1 | 17233.26 | 9.28%
pca_embed_14 | 13126.36 | 7.07%
pca_embed_35 | 6731.63 | 3.62%
pca_embed_3 | 6628.66 | 3.57%
pca_embed_16 | 5974.24 | 3.22%
pca_embed_11 | 5290.84 | 2.85%
pca_embed_13 | 4984.56 | 2.68%
pca_embed_19 | 4227.07 | 2.28%
pca_embed_17 | 4209.52 | 2.27%
pca_embed_29 | 4201.83 | 2.26%
pca_embed_12 | 3571.50 | 1.92%
pca_embed_20 | 3480.48 | 1.87%
pca_embed_2 | 3359.37 | 1.81%
pca_embed_5 | 3316.07 | 1.78%
pca_embed_44 | 3208.19 | 1.73%
pca_embed_27 | 3138.66 | 1.69%
pca_embed_25 | 3076.36 | 1.66%
pca_embed_43 | 3005.13 | 1.62%
pca_embed_23 | 2976.67 | 1.60%
pca_embed_41 | 2865.18 | 1.54%
pca_embed_0 | 2849.65 | 1.53%
pca_embed_22 | 2830.13 | 1.52%
pca_embed_36 | 2824.76 | 1.52%
pca_embed_6 | 2807.85 | 1.51%
pca_embed_47 | 2779.63 | 1.50%
pca_embed_34 | 2764.38 | 1.49%
pca_embed_49 | 2757.14 | 1.48%
pca_embed_18 | 2716.65 | 1.46%
pca_embed_8 | 2712.51 | 1.46%
pca_embed_7 | 2707.16 | 1.46%
pca_embed_4 | 2680.54 | 1.44%
pca_embed_24 | 2678.09 | 1.44%
pca_embed_10 | 2665.97 | 1.43%
pca_embed_9 | 2616.35 | 1.41%
pca_embed_38 | 2598.17 | 1.40%
pca_embed_30 | 2581.10 | 1.39%
pca_embed_39 | 2502.38 | 1.35%
pca_embed_31 | 2494.25 | 1.34%
pca_embed_33 | 2490.10 | 1.34%
pca_embed_40 | 2483.35 | 1.34%
pca_embed_37 | 2418.54 | 1.30%
pca_embed_46 | 2370.61 | 1.28%
pca_embed_32 | 2365.73 | 1.27%
pca_embed_28 | 2360.06 | 1.27%
pca_embed_50 | 2356.90 | 1.27%
pca_embed_48 | 2344.08 | 1.26%
pca_embed_45 | 2317.54 | 1.25%
pca_embed_42 | 2307.79 | 1.24%
pca_embed_26 | 2278.49 | 1.23%
pca_embed_51 | 2242.65 | 1.21%
pca_embed_21 | 2196.64 | 1.18%
pca_embed_15 | 2081.56 | 1.12%

=====================================================================
METRIC TYPE                                  | VALUE / PROFILE
=====================================================================
Embedding Share                              | 100.00%
Raw Feature Share                            | 0.00%
---------------------------------------------------------------------
Active Text Embedding Density                | 100.00% (52/52)
Active Raw Tabular Feature Density           | 0.00% (0/0)
---------------------------------------------------------------------
Top-5 Concentration Ratio (CR5)              | 26.75% of total decision weight
Top-10 Concentration Ratio (CR10)            | 39.08% of total decision weight
=====================================================================

Total Pipeline Execution Time: 239.82 seconds

[SUCCESS] Permanent artifacts safely written to 'outputs/training-1/'
[W&B] Artifacts and localized metrics logged successfully for amazon_employee_access_embed-only_lightgbm
