[W&B] Child process started for job: blood-transfusion-service-center_embed-only_catboost in group session-training-1
Loading archive 'archives/blood-transfusion-service-center.npz' and initializing pipeline for target: CATBOOST...
Execution Mode: EMBED-ONLY
Session Output Target: outputs/training-1/
Task Type: BINARY
TabPFN Baselines Loaded - Primary: 0.2148 | Secondary: 0.7933
PCA reduced text embeddings to 22 components.
Final training matrix shape assembled for EMBED-ONLY: (598, 22)

Running 26-Trial Optuna Study for CATBOOST (EMBED-ONLY)...
A new study created in RDB with name: 20260624_123731_blood-transfusion-service-center_embed-only_catboost
Trial 0 finished with value: 0.3062292168329319 and parameters: {}. Best is trial 0 with value: 0.3062292168329319.
Trial 1 finished with value: 0.31995327370714366 and parameters: {'learning_rate': 0.015355286838886862, 'bootstrap_type': 'Bernoulli', 'subsample': 0.9852142919229748, 'grow_policy': 'SymmetricTree', 'depth': 4, 'colsample_bylevel': 0.8733991780504303, 'l2_leaf_reg': 0.00018747059221802545, 'leaf_estimation_iterations': 12, 'one_hot_max_size': 36, 'model_size_reg': 0.6803900745073703, 'max_ctr_complexity': 2, 'boosting_type': 'Plain', 'max_bin': 254}. Best is trial 0 with value: 0.3062292168329319.
Trial 2 finished with value: 0.3191362802430915 and parameters: {'learning_rate': 0.09138013915892866, 'bootstrap_type': 'Bernoulli', 'subsample': 0.9497327922401265, 'grow_policy': 'SymmetricTree', 'depth': 4, 'colsample_bylevel': 0.8956363364439306, 'l2_leaf_reg': 0.02922905212920092, 'leaf_estimation_iterations': 2, 'one_hot_max_size': 16, 'model_size_reg': 0.5243180891902851, 'max_ctr_complexity': 2, 'boosting_type': 'Plain', 'max_bin': 254}. Best is trial 0 with value: 0.3062292168329319.
Trial 3 finished with value: 0.30168558651530797 and parameters: {'learning_rate': 0.011996621453406362, 'bootstrap_type': 'Bernoulli', 'subsample': 0.8099085529881075, 'grow_policy': 'Depthwise', 'depth': 4, 'colsample_bylevel': 0.9271351657620417, 'l2_leaf_reg': 0.06077686426194464, 'leaf_estimation_iterations': 1, 'one_hot_max_size': 36, 'model_size_reg': 0.15869086642715013, 'max_ctr_complexity': 2, 'boosting_type': 'Plain', 'max_bin': 254}. Best is trial 3 with value: 0.30168558651530797.
Trial 4 finished with value: 0.3237372434353858 and parameters: {'learning_rate': 0.08580222514877409, 'bootstrap_type': 'Bernoulli', 'subsample': 0.9896896099223678, 'grow_policy': 'SymmetricTree', 'depth': 4, 'colsample_bylevel': 0.9526349539768235, 'l2_leaf_reg': 0.011702088154220882, 'leaf_estimation_iterations': 1, 'one_hot_max_size': 27, 'model_size_reg': 0.10975998502129433, 'max_ctr_complexity': 5, 'boosting_type': 'Plain', 'max_bin': 254}. Best is trial 3 with value: 0.30168558651530797.
Trial 5 finished with value: 0.2939814814814815 and parameters: {'learning_rate': 0.010855517271883068, 'bootstrap_type': 'Bernoulli', 'subsample': 0.8987566853061946, 'grow_policy': 'Depthwise', 'depth': 6, 'colsample_bylevel': 0.877728168328829, 'l2_leaf_reg': 3.597899951374983, 'leaf_estimation_iterations': 9, 'one_hot_max_size': 86, 'model_size_reg': 1.128232550122133, 'max_ctr_complexity': 4, 'boosting_type': 'Plain', 'max_bin': 254}. Best is trial 5 with value: 0.2939814814814815.
Trial 6 finished with value: 0.37547299621603025 and parameters: {'learning_rate': 0.07913270952323785, 'bootstrap_type': 'Bernoulli', 'subsample': 0.7265477506155759, 'grow_policy': 'SymmetricTree', 'depth': 5, 'colsample_bylevel': 0.9083015934534223, 'l2_leaf_reg': 0.001883913511943895, 'leaf_estimation_iterations': 11, 'one_hot_max_size': 19, 'model_size_reg': 0.21399549030176218, 'max_ctr_complexity': 4, 'boosting_type': 'Plain', 'max_bin': 254}. Best is trial 5 with value: 0.2939814814814815.
Trial 7 finished with value: 0.34401158124068343 and parameters: {'learning_rate': 0.007626348515257587, 'bootstrap_type': 'Bernoulli', 'subsample': 0.9406590942262119, 'grow_policy': 'Depthwise', 'depth': 7, 'colsample_bylevel': 0.8798073522301258, 'l2_leaf_reg': 0.00010615690854925657, 'leaf_estimation_iterations': 10, 'one_hot_max_size': 47, 'model_size_reg': 0.7200770311577639, 'max_ctr_complexity': 5, 'boosting_type': 'Plain', 'max_bin': 254}. Best is trial 5 with value: 0.2939814814814815.
Trial 8 finished with value: 0.30633671597293877 and parameters: {'learning_rate': 0.006241720498669827, 'bootstrap_type': 'Bernoulli', 'subsample': 0.8075397185632818, 'grow_policy': 'Depthwise', 'depth': 7, 'colsample_bylevel': 0.8996347037278973, 'l2_leaf_reg': 0.00019891099118865958, 'leaf_estimation_iterations': 2, 'one_hot_max_size': 17, 'model_size_reg': 0.7212460519889856, 'max_ctr_complexity': 4, 'boosting_type': 'Plain', 'max_bin': 254}. Best is trial 5 with value: 0.2939814814814815.
Trial 9 finished with value: 0.33785546382295606 and parameters: {'learning_rate': 0.07132805718188966, 'bootstrap_type': 'Bernoulli', 'subsample': 0.8416644775485848, 'grow_policy': 'Depthwise', 'depth': 7, 'colsample_bylevel': 0.9341915796354244, 'l2_leaf_reg': 0.4195190175255899, 'leaf_estimation_iterations': 3, 'one_hot_max_size': 29, 'model_size_reg': 0.318293122389662, 'max_ctr_complexity': 2, 'boosting_type': 'Plain', 'max_bin': 254}. Best is trial 5 with value: 0.2939814814814815.
Trial 10 finished with value: 0.3229919160646715 and parameters: {'learning_rate': 0.03273941684536397, 'bootstrap_type': 'Bernoulli', 'subsample': 0.701799154886745, 'grow_policy': 'Depthwise', 'depth': 8, 'colsample_bylevel': 0.9942561717820161, 'l2_leaf_reg': 1.841152012664479, 'leaf_estimation_iterations': 5, 'one_hot_max_size': 92, 'model_size_reg': 1.3327052390755632, 'max_ctr_complexity': 3, 'boosting_type': 'Plain', 'max_bin': 254}. Best is trial 5 with value: 0.2939814814814815.
Trial 11 finished with value: 0.3026100791193671 and parameters: {'learning_rate': 0.014611907623616187, 'bootstrap_type': 'Bernoulli', 'subsample': 0.8654107265462174, 'grow_policy': 'Depthwise', 'depth': 6, 'colsample_bylevel': 0.8551596726501958, 'l2_leaf_reg': 0.3516104574478991, 'leaf_estimation_iterations': 1, 'one_hot_max_size': 100, 'model_size_reg': 0.10311112448815031, 'max_ctr_complexity': 3, 'boosting_type': 'Plain', 'max_bin': 254}. Best is trial 5 with value: 0.2939814814814815.
Trial 12 finished with value: 0.2987257768604519 and parameters: {'learning_rate': 0.01240198802083726, 'bootstrap_type': 'Bernoulli', 'subsample': 0.772242381250273, 'grow_policy': 'Depthwise', 'depth': 5, 'colsample_bylevel': 0.939629673182929, 'l2_leaf_reg': 4.58523005051498, 'leaf_estimation_iterations': 19, 'one_hot_max_size': 50, 'model_size_reg': 1.4073837677860848, 'max_ctr_complexity': 3, 'boosting_type': 'Plain', 'max_bin': 254}. Best is trial 5 with value: 0.2939814814814815.
Trial 13 finished with value: 0.3204119367045064 and parameters: {'learning_rate': 0.02711641797158028, 'bootstrap_type': 'Bernoulli', 'subsample': 0.7590979197065434, 'grow_policy': 'Depthwise', 'depth': 6, 'colsample_bylevel': 0.9765970152566792, 'l2_leaf_reg': 4.942886356445238, 'leaf_estimation_iterations': 19, 'one_hot_max_size': 62, 'model_size_reg': 1.4790995076214943, 'max_ctr_complexity': 4, 'boosting_type': 'Plain', 'max_bin': 254}. Best is trial 5 with value: 0.2939814814814815.
Trial 14 finished with value: 0.3088450292397662 and parameters: {'learning_rate': 0.008896844015565935, 'bootstrap_type': 'Bernoulli', 'subsample': 0.8953683793126899, 'grow_policy': 'Depthwise', 'depth': 5, 'colsample_bylevel': 0.9586094179074188, 'l2_leaf_reg': 0.9221583210829047, 'leaf_estimation_iterations': 20, 'one_hot_max_size': 10, 'model_size_reg': 1.1137342290979253, 'max_ctr_complexity': 3, 'boosting_type': 'Plain', 'max_bin': 254}. Best is trial 5 with value: 0.2939814814814815.
Trial 15 finished with value: 0.2981739479417498 and parameters: {'learning_rate': 0.02370618163191055, 'bootstrap_type': 'Bernoulli', 'subsample': 0.7653742487234865, 'grow_policy': 'Depthwise', 'depth': 5, 'colsample_bylevel': 0.8507110179479633, 'l2_leaf_reg': 3.321539419246087, 'leaf_estimation_iterations': 7, 'one_hot_max_size': 66, 'model_size_reg': 0.9922938731413029, 'max_ctr_complexity': 4, 'boosting_type': 'Plain', 'max_bin': 254}. Best is trial 5 with value: 0.2939814814814815.
Trial 16 finished with value: 0.3284098727210183 and parameters: {'learning_rate': 0.02329840613273556, 'bootstrap_type': 'Bernoulli', 'subsample': 0.9121583435699054, 'grow_policy': 'Depthwise', 'depth': 6, 'colsample_bylevel': 0.8503969586671809, 'l2_leaf_reg': 0.18493330341352618, 'leaf_estimation_iterations': 6, 'one_hot_max_size': 68, 'model_size_reg': 0.43171887056318564, 'max_ctr_complexity': 4, 'boosting_type': 'Plain', 'max_bin': 254}. Best is trial 5 with value: 0.2939814814814815.
Trial 17 finished with value: 0.32778637770897845 and parameters: {'learning_rate': 0.04388517908954123, 'bootstrap_type': 'Bernoulli', 'subsample': 0.8552349712303635, 'grow_policy': 'Depthwise', 'depth': 5, 'colsample_bylevel': 0.8749310480685797, 'l2_leaf_reg': 1.2147563354710502, 'leaf_estimation_iterations': 6, 'one_hot_max_size': 73, 'model_size_reg': 0.9181904270758328, 'max_ctr_complexity': 5, 'boosting_type': 'Plain', 'max_bin': 254}. Best is trial 5 with value: 0.2939814814814815.
Trial 18 finished with value: 0.30948285747047366 and parameters: {'learning_rate': 0.019976524986577385, 'bootstrap_type': 'Bernoulli', 'subsample': 0.7983300898317233, 'grow_policy': 'Depthwise', 'depth': 6, 'colsample_bylevel': 0.8634016228022348, 'l2_leaf_reg': 1.6777044411209185, 'leaf_estimation_iterations': 4, 'one_hot_max_size': 48, 'model_size_reg': 0.9591559957557209, 'max_ctr_complexity': 4, 'boosting_type': 'Plain', 'max_bin': 254}. Best is trial 5 with value: 0.2939814814814815.
Trial 19 finished with value: 0.3411019378511637 and parameters: {'learning_rate': 0.03958375949206714, 'bootstrap_type': 'Bernoulli', 'subsample': 0.7392046002527978, 'grow_policy': 'SymmetricTree', 'depth': 8, 'colsample_bylevel': 0.8855593903496718, 'l2_leaf_reg': 0.12262304321165567, 'leaf_estimation_iterations': 8, 'one_hot_max_size': 75, 'model_size_reg': 0.45190173393783545, 'max_ctr_complexity': 5, 'boosting_type': 'Plain', 'max_bin': 254}. Best is trial 5 with value: 0.2939814814814815.
Trial 20 finished with value: 0.2933221534227727 and parameters: {'learning_rate': 0.005571434351815997, 'bootstrap_type': 'Bernoulli', 'subsample': 0.879113402511832, 'grow_policy': 'Depthwise', 'depth': 5, 'colsample_bylevel': 0.9184272097899023, 'l2_leaf_reg': 0.6334720515440223, 'leaf_estimation_iterations': 3, 'one_hot_max_size': 57, 'model_size_reg': 0.8898251097854692, 'max_ctr_complexity': 4, 'boosting_type': 'Plain', 'max_bin': 254}. Best is trial 20 with value: 0.2933221534227727.
Trial 21 finished with value: 0.287932863203761 and parameters: {'learning_rate': 0.0059656164314314765, 'bootstrap_type': 'Bernoulli', 'subsample': 0.8784004819710834, 'grow_policy': 'Depthwise', 'depth': 5, 'colsample_bylevel': 0.9198136749138434, 'l2_leaf_reg': 0.5429614452636832, 'leaf_estimation_iterations': 2, 'one_hot_max_size': 57, 'model_size_reg': 0.8829209954214605, 'max_ctr_complexity': 4, 'boosting_type': 'Plain', 'max_bin': 254}. Best is trial 21 with value: 0.287932863203761.
Trial 22 finished with value: 0.2974572870083706 and parameters: {'learning_rate': 0.005281955321750829, 'bootstrap_type': 'Bernoulli', 'subsample': 0.8833307097222446, 'grow_policy': 'Depthwise', 'depth': 6, 'colsample_bylevel': 0.9182456474872109, 'l2_leaf_reg': 0.5802285600874378, 'leaf_estimation_iterations': 2, 'one_hot_max_size': 53, 'model_size_reg': 0.5965126280636398, 'max_ctr_complexity': 4, 'boosting_type': 'Plain', 'max_bin': 254}. Best is trial 21 with value: 0.287932863203761.
Trial 23 finished with value: 0.2890078546038297 and parameters: {'learning_rate': 0.00862220957083341, 'bootstrap_type': 'Bernoulli', 'subsample': 0.9150291355579593, 'grow_policy': 'Depthwise', 'depth': 5, 'colsample_bylevel': 0.9129965441701393, 'l2_leaf_reg': 0.19052600053700702, 'leaf_estimation_iterations': 3, 'one_hot_max_size': 83, 'model_size_reg': 0.8397444892578492, 'max_ctr_complexity': 3, 'boosting_type': 'Plain', 'max_bin': 254}. Best is trial 21 with value: 0.287932863203761.
Trial 24 finished with value: 0.3063510491916065 and parameters: {'learning_rate': 0.005006901477273214, 'bootstrap_type': 'Bernoulli', 'subsample': 0.9298305025750424, 'grow_policy': 'Depthwise', 'depth': 5, 'colsample_bylevel': 0.9116645641730754, 'l2_leaf_reg': 0.010740627415362872, 'leaf_estimation_iterations': 3, 'one_hot_max_size': 40, 'model_size_reg': 0.7581050022089247, 'max_ctr_complexity': 3, 'boosting_type': 'Plain', 'max_bin': 254}. Best is trial 21 with value: 0.287932863203761.
Trial 25 finished with value: 0.3003812636165577 and parameters: {'learning_rate': 0.007595430680840634, 'bootstrap_type': 'Bernoulli', 'subsample': 0.8298787187507303, 'grow_policy': 'Depthwise', 'depth': 5, 'colsample_bylevel': 0.9192542685198787, 'l2_leaf_reg': 0.09414416987556466, 'leaf_estimation_iterations': 3, 'one_hot_max_size': 59, 'model_size_reg': 0.3386732350756154, 'max_ctr_complexity': 3, 'boosting_type': 'Plain', 'max_bin': 254}. Best is trial 21 with value: 0.287932863203761.
Optuna Search Completed in: 74.54 seconds

Training final model on optimized parameter setup...

[CATBOOST FINALIZED METRICS]
Optimal Trees:         281
1-AUROC:             0.2314 (Delta to TabPFN: +0.0166)
Accuracy:             0.7733 (Delta to TabPFN: -0.0200)
Final Train Time:      0.44 seconds (0.7418s per 1K)
Final Infer Time:      0.00 seconds (0.0108s per 1K)

--- CATBOOST Feature Importance (Raw vs. Scaled Share) ---
Feature | Raw gain | Share
pca_embed_4 | 24.92 | 24.92%
pca_embed_0 | 6.14 | 6.14%
pca_embed_6 | 5.90 | 5.90%
pca_embed_8 | 5.89 | 5.89%
pca_embed_19 | 5.15 | 5.15%
pca_embed_18 | 5.03 | 5.03%
pca_embed_15 | 3.52 | 3.52%
pca_embed_21 | 3.50 | 3.50%
pca_embed_3 | 3.46 | 3.46%
pca_embed_14 | 3.46 | 3.46%
pca_embed_9 | 3.43 | 3.43%
pca_embed_2 | 3.28 | 3.28%
pca_embed_10 | 3.13 | 3.13%
pca_embed_12 | 3.10 | 3.10%
pca_embed_7 | 3.00 | 3.00%
pca_embed_20 | 2.71 | 2.71%
pca_embed_11 | 2.66 | 2.66%
pca_embed_5 | 2.57 | 2.57%
pca_embed_1 | 2.55 | 2.55%
pca_embed_17 | 2.40 | 2.40%
pca_embed_13 | 2.24 | 2.24%
pca_embed_16 | 1.96 | 1.96%

=====================================================================
METRIC TYPE                                  | VALUE / PROFILE
=====================================================================
Embedding Share                              | 100.00%
Raw Feature Share                            | 0.00%
---------------------------------------------------------------------
Active Text Embedding Density                | 100.00% (22/22)
Active Raw Tabular Feature Density           | 0.00% (0/0)
---------------------------------------------------------------------
Top-5 Concentration Ratio (CR5)              | 48.00% of total decision weight
Top-10 Concentration Ratio (CR10)            | 66.97% of total decision weight
=====================================================================

Total Pipeline Execution Time: 76.48 seconds

[SUCCESS] Permanent artifacts safely written to 'outputs/training-1/'
[W&B] Artifacts and localized metrics logged successfully for blood-transfusion-service-center_embed-only_catboost
