[W&B] Child process started for job: givemesomecredit_embed-only_lightgbm in group session-training-4
Loading archive 'archives/givemesomecredit.npz' and initializing pipeline for target: LIGHTGBM...
Execution Mode: EMBED-ONLY
Session Output Target: outputs/training-4/
Task Type: BINARY
TabPFN Baselines Loaded - Primary: 0.1253 | Secondary: 0.9378
PCA reduced text embeddings to 20 components.
Final training matrix shape assembled for EMBED-ONLY: (120000, 20)

Running 26-Trial Optuna Study for LIGHTGBM (EMBED-ONLY)...
A new study created in RDB with name: 20260624_193004_givemesomecredit_embed-only_lightgbm
Trial 0 finished with value: 0.13915504238429333 and parameters: {}. Best is trial 0 with value: 0.13915504238429333.
Trial 1 finished with value: 0.13670710517786766 and parameters: {'learning_rate': 0.015355286838886862, 'feature_fraction': 0.9704285838459497, 'bagging_fraction': 0.9195981825434215, 'bagging_freq': 1, 'num_leaves': 28, 'min_data_in_leaf': 1, 'extra_trees': False, 'min_data_per_group': 57, 'cat_l2': 0.18327672955935934, 'cat_smooth': 3.4702669886504163, 'max_cat_to_onehot': 8, 'lambda_l1': 0.9699128611767781, 'lambda_l2': 1.6649020373367633}. Best is trial 1 with value: 0.13670710517786766.
Trial 2 finished with value: 0.13799843025319003 and parameters: {'learning_rate': 0.009445600138094694, 'feature_fraction': 0.5090949803242604, 'bagging_fraction': 0.7550213529560301, 'bagging_freq': 1, 'num_leaves': 7, 'min_data_in_leaf': 6, 'extra_trees': False, 'min_data_per_group': 20, 'cat_l2': 0.01153297626310632, 'cat_smooth': 0.028888383623653185, 'max_cat_to_onehot': 19, 'lambda_l1': 0.4561243772186142, 'lambda_l2': 1.5703734051898879}. Best is trial 1 with value: 0.13670710517786766.
Trial 3 finished with value: 0.168450253367333 and parameters: {'learning_rate': 0.009093929525644107, 'feature_fraction': 0.708540663048167, 'bagging_fraction': 0.8777243706586128, 'bagging_freq': 1, 'num_leaves': 2, 'min_data_in_leaf': 10, 'extra_trees': False, 'min_data_per_group': 81, 'cat_l2': 1.6278053965878447, 'cat_smooth': 11.015056790269638, 'max_cat_to_onehot': 17, 'lambda_l1': 0.09776234679498323, 'lambda_l2': 1.3684976297216627}. Best is trial 1 with value: 0.13670710517786766.
Trial 4 finished with value: 0.15195477498579124 and parameters: {'learning_rate': 0.01869052934095898, 'feature_fraction': 0.47322294090686734, 'bagging_fraction': 0.848553073033381, 'bagging_freq': 1, 'num_leaves': 2, 'min_data_in_leaf': 42, 'extra_trees': True, 'min_data_per_group': 6, 'cat_l2': 0.11277639166461569, 'cat_smooth': 0.5414413211338525, 'max_cat_to_onehot': 12, 'lambda_l1': 0.9695876693017821, 'lambda_l2': 1.550288133439893}. Best is trial 1 with value: 0.13670710517786766.
Trial 5 finished with value: 0.14068023160977905 and parameters: {'learning_rate': 0.08342309693146736, 'feature_fraction': 0.9368964102565893, 'bagging_fraction': 0.8793699936433255, 'bagging_freq': 1, 'num_leaves': 137, 'min_data_in_leaf': 1, 'extra_trees': False, 'min_data_per_group': 6, 'cat_l2': 0.0513253156994884, 'cat_smooth': 0.022737628102536857, 'max_cat_to_onehot': 64, 'lambda_l1': 0.3568176513609199, 'lambda_l2': 0.5619409259237927}. Best is trial 1 with value: 0.13670710517786766.
Trial 6 finished with value: 0.1470754256939678 and parameters: {'learning_rate': 0.025411709798607296, 'feature_fraction': 0.4845545349848576, 'bagging_fraction': 0.9406590942262119, 'bagging_freq': 1, 'num_leaves': 2, 'min_data_in_leaf': 61, 'extra_trees': False, 'min_data_per_group': 2, 'cat_l2': 0.6619871537619337, 'cat_smooth': 3.4220529032706923, 'max_cat_to_onehot': 50, 'lambda_l1': 0.7712932196512772, 'lambda_l2': 0.1481818990030073}. Best is trial 1 with value: 0.13670710517786766.
Trial 7 finished with value: 0.13584551049786353 and parameters: {'learning_rate': 0.014633380642745364, 'feature_fraction': 0.4695214357150779, 'bagging_fraction': 0.958931027762678, 'bagging_freq': 1, 'num_leaves': 32, 'min_data_in_leaf': 2, 'extra_trees': True, 'min_data_per_group': 6, 'cat_l2': 0.3957756313952873, 'cat_smooth': 1.5409457762881555, 'max_cat_to_onehot': 75, 'lambda_l1': 0.4722677036694331, 'lambda_l2': 0.23927653245200955}. Best is trial 7 with value: 0.13584551049786353.
Trial 8 finished with value: 0.1376321357583925 and parameters: {'learning_rate': 0.042356773126632795, 'feature_fraction': 0.8564710291701385, 'bagging_fraction': 0.8683831592708489, 'bagging_freq': 1, 'num_leaves': 65, 'min_data_in_leaf': 6, 'extra_trees': False, 'min_data_per_group': 2, 'cat_l2': 0.009543550367992308, 'cat_smooth': 0.0014359718569878096, 'max_cat_to_onehot': 39, 'lambda_l1': 0.314424545478219, 'lambda_l2': 1.017190525260289}. Best is trial 7 with value: 0.13584551049786353.
Trial 9 finished with value: 0.1371115983355764 and parameters: {'learning_rate': 0.07581256838789621, 'feature_fraction': 0.549575337489325, 'bagging_fraction': 0.8231148769106889, 'bagging_freq': 1, 'num_leaves': 61, 'min_data_in_leaf': 2, 'extra_trees': True, 'min_data_per_group': 3, 'cat_l2': 1.3124992669799407, 'cat_smooth': 10.979988817809668, 'max_cat_to_onehot': 39, 'lambda_l1': 0.871473444128699, 'lambda_l2': 1.607363786590539}. Best is trial 7 with value: 0.13584551049786353.
Trial 10 finished with value: 0.13830264641014 and parameters: {'learning_rate': 0.005556572437269131, 'feature_fraction': 0.6839963928728011, 'bagging_fraction': 0.9908611332363597, 'bagging_freq': 1, 'num_leaves': 12, 'min_data_in_leaf': 19, 'extra_trees': True, 'min_data_per_group': 23, 'cat_l2': 0.03512175732792625, 'cat_smooth': 55.54162315706866, 'max_cat_to_onehot': 99, 'lambda_l1': 0.5905156421247704, 'lambda_l2': 0.02569074131920096}. Best is trial 7 with value: 0.13584551049786353.
Trial 11 finished with value: 0.13600043690423014 and parameters: {'learning_rate': 0.015826321876788667, 'feature_fraction': 0.9932835462766261, 'bagging_fraction': 0.9556589497314559, 'bagging_freq': 1, 'num_leaves': 21, 'min_data_in_leaf': 1, 'extra_trees': True, 'min_data_per_group': 64, 'cat_l2': 0.23962228699623062, 'cat_smooth': 0.46227281490227473, 'max_cat_to_onehot': 8, 'lambda_l1': 0.6816467100751789, 'lambda_l2': 0.8283239804909047}. Best is trial 7 with value: 0.13584551049786353.
Trial 12 finished with value: 0.13609346259892108 and parameters: {'learning_rate': 0.032775724668376326, 'feature_fraction': 0.7454499381608048, 'bagging_fraction': 0.9979535080856271, 'bagging_freq': 1, 'num_leaves': 17, 'min_data_in_leaf': 2, 'extra_trees': True, 'min_data_per_group': 30, 'cat_l2': 0.30554692565003283, 'cat_smooth': 0.305128880331871, 'max_cat_to_onehot': 25, 'lambda_l1': 0.66740092698866, 'lambda_l2': 0.6346532590112663}. Best is trial 7 with value: 0.13584551049786353.
Trial 13 finished with value: 0.1359970598717566 and parameters: {'learning_rate': 0.013397009950607065, 'feature_fraction': 0.6007487096338472, 'bagging_fraction': 0.9424198103341492, 'bagging_freq': 1, 'num_leaves': 38, 'min_data_in_leaf': 2, 'extra_trees': True, 'min_data_per_group': 10, 'cat_l2': 0.3922763492495516, 'cat_smooth': 0.29663605169731416, 'max_cat_to_onehot': 8, 'lambda_l1': 0.5358443065152803, 'lambda_l2': 0.5328909733430229}. Best is trial 7 with value: 0.13584551049786353.
Trial 14 finished with value: 0.13596871562097324 and parameters: {'learning_rate': 0.010148966229420704, 'feature_fraction': 0.5933510582157893, 'bagging_fraction': 0.9221653948947812, 'bagging_freq': 1, 'num_leaves': 43, 'min_data_in_leaf': 4, 'extra_trees': True, 'min_data_per_group': 9, 'cat_l2': 0.6078555124494182, 'cat_smooth': 0.07125861695751422, 'max_cat_to_onehot': 95, 'lambda_l1': 0.4881190252298699, 'lambda_l2': 0.3661477024005958}. Best is trial 7 with value: 0.13584551049786353.
Trial 15 finished with value: 0.13769776455226623 and parameters: {'learning_rate': 0.00501786776589709, 'feature_fraction': 0.41633141583471817, 'bagging_fraction': 0.703953764314277, 'bagging_freq': 1, 'num_leaves': 168, 'min_data_in_leaf': 4, 'extra_trees': True, 'min_data_per_group': 11, 'cat_l2': 0.7409940753705192, 'cat_smooth': 0.03778181272104498, 'max_cat_to_onehot': 91, 'lambda_l1': 0.1784600491591984, 'lambda_l2': 0.3019973942418896}. Best is trial 7 with value: 0.13584551049786353.
Trial 16 finished with value: 0.1377440934826577 and parameters: {'learning_rate': 0.009228907348324331, 'feature_fraction': 0.616407518203334, 'bagging_fraction': 0.9097644887733736, 'bagging_freq': 1, 'num_leaves': 8, 'min_data_in_leaf': 3, 'extra_trees': True, 'min_data_per_group': 5, 'cat_l2': 0.09023419518980497, 'cat_smooth': 0.004211320377109725, 'max_cat_to_onehot': 69, 'lambda_l1': 0.3795226161251355, 'lambda_l2': 0.3180667280830479}. Best is trial 7 with value: 0.13584551049786353.
Trial 17 finished with value: 0.13696284885536358 and parameters: {'learning_rate': 0.00716820999926509, 'feature_fraction': 0.42467288570284667, 'bagging_fraction': 0.7964213466755055, 'bagging_freq': 1, 'num_leaves': 80, 'min_data_in_leaf': 12, 'extra_trees': True, 'min_data_per_group': 12, 'cat_l2': 0.554915634386445, 'cat_smooth': 0.04883788576010936, 'max_cat_to_onehot': 70, 'lambda_l1': 0.2517675010580568, 'lambda_l2': 0.9748049842370548}. Best is trial 7 with value: 0.13584551049786353.
Trial 18 finished with value: 0.13622635945035544 and parameters: {'learning_rate': 0.023945326438141252, 'feature_fraction': 0.5912424142403055, 'bagging_fraction': 0.971808847727282, 'bagging_freq': 1, 'num_leaves': 43, 'min_data_in_leaf': 4, 'extra_trees': True, 'min_data_per_group': 5, 'cat_l2': 1.0457224973343155, 'cat_smooth': 0.11488993801238967, 'max_cat_to_onehot': 50, 'lambda_l1': 0.017456667665418202, 'lambda_l2': 0.3420185534047842}. Best is trial 7 with value: 0.13584551049786353.
Trial 19 finished with value: 0.13619784303872595 and parameters: {'learning_rate': 0.012148591357047035, 'feature_fraction': 0.677175996396318, 'bagging_fraction': 0.9138937590782098, 'bagging_freq': 1, 'num_leaves': 94, 'min_data_in_leaf': 1, 'extra_trees': True, 'min_data_per_group': 3, 'cat_l2': 1.9699097856314316, 'cat_smooth': 1.602967297174218, 'max_cat_to_onehot': 82, 'lambda_l1': 0.458557478294673, 'lambda_l2': 0.7841039706373274}. Best is trial 7 with value: 0.13584551049786353.
Trial 20 finished with value: 0.13669864755259242 and parameters: {'learning_rate': 0.052855323576134726, 'feature_fraction': 0.7654205575571325, 'bagging_fraction': 0.9001277507054775, 'bagging_freq': 1, 'num_leaves': 7, 'min_data_in_leaf': 20, 'extra_trees': True, 'min_data_per_group': 15, 'cat_l2': 0.14150968892074814, 'cat_smooth': 0.006288924568457818, 'max_cat_to_onehot': 48, 'lambda_l1': 0.5273596733327494, 'lambda_l2': 1.1806778074355009}. Best is trial 7 with value: 0.13584551049786353.
Trial 21 finished with value: 0.13593292723740502 and parameters: {'learning_rate': 0.012414938609153886, 'feature_fraction': 0.6092499941308273, 'bagging_fraction': 0.9522281085576344, 'bagging_freq': 1, 'num_leaves': 41, 'min_data_in_leaf': 2, 'extra_trees': True, 'min_data_per_group': 8, 'cat_l2': 0.3895942731650018, 'cat_smooth': 0.15448954853208519, 'max_cat_to_onehot': 29, 'lambda_l1': 0.5531067873384267, 'lambda_l2': 0.5073933404278719}. Best is trial 7 with value: 0.13584551049786353.
Trial 22 finished with value: 0.13613913546490708 and parameters: {'learning_rate': 0.011336672124866656, 'feature_fraction': 0.5437293338190584, 'bagging_fraction': 0.9726550050428248, 'bagging_freq': 1, 'num_leaves': 35, 'min_data_in_leaf': 2, 'extra_trees': True, 'min_data_per_group': 8, 'cat_l2': 0.42038144573299674, 'cat_smooth': 0.09330643109825604, 'max_cat_to_onehot': 32, 'lambda_l1': 0.6834996601443304, 'lambda_l2': 0.44450724894772464}. Best is trial 7 with value: 0.13584551049786353.
Trial 23 finished with value: 0.13605661097232247 and parameters: {'learning_rate': 0.022373410082934603, 'feature_fraction': 0.638872415277921, 'bagging_fraction': 0.9376632859589497, 'bagging_freq': 1, 'num_leaves': 23, 'min_data_in_leaf': 3, 'extra_trees': True, 'min_data_per_group': 3, 'cat_l2': 0.7895866850816313, 'cat_smooth': 0.7691032509089655, 'max_cat_to_onehot': 22, 'lambda_l1': 0.45716342312787434, 'lambda_l2': 0.1403256935319907}. Best is trial 7 with value: 0.13584551049786353.
Trial 24 finished with value: 0.1365640474362978 and parameters: {'learning_rate': 0.0065368791729934084, 'feature_fraction': 0.5518261210735841, 'bagging_fraction': 0.9589550853184193, 'bagging_freq': 1, 'num_leaves': 51, 'min_data_in_leaf': 6, 'extra_trees': True, 'min_data_per_group': 8, 'cat_l2': 0.2723017313370651, 'cat_smooth': 0.010883559210358891, 'max_cat_to_onehot': 13, 'lambda_l1': 0.7717038719785766, 'lambda_l2': 0.7258182679360244}. Best is trial 7 with value: 0.13584551049786353.
Trial 25 finished with value: 0.13640634024842968 and parameters: {'learning_rate': 0.018111294182156637, 'feature_fraction': 0.45923948413216636, 'bagging_fraction': 0.9291570346394931, 'bagging_freq': 1, 'num_leaves': 13, 'min_data_in_leaf': 1, 'extra_trees': True, 'min_data_per_group': 4, 'cat_l2': 0.06680027994560968, 'cat_smooth': 0.11936550102767951, 'max_cat_to_onehot': 60, 'lambda_l1': 0.5583328696950216, 'lambda_l2': 0.1983592359693257}. Best is trial 7 with value: 0.13584551049786353.
Optuna Search Completed in: 501.24 seconds

Training final model on optimized parameter setup...

[LIGHTGBM FINALIZED METRICS]
Optimal Trees:         995
1-AUROC:             0.1279 (Delta to TabPFN: +0.0026)
Accuracy:             0.9369 (Delta to TabPFN: -0.0009)
Final Train Time:      2.99 seconds (0.0249s per 1K)
Final Infer Time:      0.28 seconds (0.0092s per 1K)

--- LIGHTGBM Feature Importance (Raw vs. Scaled Share) ---
Feature | Raw gain | Share
pca_embed_1 | 126525.00 | 21.28%
pca_embed_8 | 64098.89 | 10.78%
pca_embed_12 | 58296.64 | 9.80%
pca_embed_6 | 46922.71 | 7.89%
pca_embed_0 | 44656.02 | 7.51%
pca_embed_5 | 35826.38 | 6.02%
pca_embed_14 | 27564.52 | 4.64%
pca_embed_15 | 25779.90 | 4.33%
pca_embed_9 | 25582.32 | 4.30%
pca_embed_7 | 22857.62 | 3.84%
pca_embed_2 | 19753.04 | 3.32%
pca_embed_3 | 19080.50 | 3.21%
pca_embed_13 | 17321.01 | 2.91%
pca_embed_17 | 9764.60 | 1.64%
pca_embed_4 | 9688.13 | 1.63%
pca_embed_10 | 9656.23 | 1.62%
pca_embed_18 | 9033.72 | 1.52%
pca_embed_19 | 8824.54 | 1.48%
pca_embed_11 | 7304.81 | 1.23%
pca_embed_16 | 6161.51 | 1.04%

=====================================================================
METRIC TYPE                                  | VALUE / PROFILE
=====================================================================
Embedding Share                              | 100.00%
Raw Feature Share                            | 0.00%
---------------------------------------------------------------------
Active Text Embedding Density                | 100.00% (20/20)
Active Raw Tabular Feature Density           | 0.00% (0/0)
---------------------------------------------------------------------
Top-5 Concentration Ratio (CR5)              | 57.26% of total decision weight
Top-10 Concentration Ratio (CR10)            | 80.40% of total decision weight
=====================================================================

Total Pipeline Execution Time: 507.26 seconds

[SUCCESS] Permanent artifacts safely written to 'outputs/training-4/'
[W&B] Artifacts and localized metrics logged successfully for givemesomecredit_embed-only_lightgbm
