[W&B] Child process started for job: bioresponse_raw-only_xgboost in group session-training-1
Loading archive 'archives/bioresponse.npz' and initializing pipeline for target: XGBOOST...
Execution Mode: RAW-ONLY
Session Output Target: outputs/training-1/
Task Type: BINARY
TabPFN Baselines Loaded - Primary: 0.1284 | Secondary: 0.7883
PCA reduced text embeddings to 54 components.
Final training matrix shape assembled for RAW-ONLY: (3000, 1776)

Running 26-Trial Optuna Study for XGBOOST (RAW-ONLY)...
A new study created in RDB with name: 20260624_074639_bioresponse_raw-only_xgboost
Trial 0 finished with value: 0.12633457429877504 and parameters: {}. Best is trial 0 with value: 0.12633457429877504.
Trial 1 finished with value: 0.11777308655093977 and parameters: {'learning_rate': 0.015355286838886862, 'max_depth': 10, 'min_child_weight': 0.5100627805979911, 'subsample': 0.8394633936788146, 'colsample_bylevel': 0.6624074561769746, 'colsample_bynode': 0.662397808134481, 'reg_alpha': 0.29051225247978046, 'reg_lambda': 4.330894111260099, 'grow_policy': 'lossguide', 'max_cat_to_onehot': 8, 'max_leaves': 884}. Best is trial 1 with value: 0.11777308655093977.
Trial 2 finished with value: 0.12130060882337235 and parameters: {'learning_rate': 0.060534484680010825, 'max_depth': 4, 'min_child_weight': 0.004705059281907645, 'subsample': 0.6733618039413735, 'colsample_bylevel': 0.7216968971838151, 'colsample_bynode': 0.8099025726528951, 'reg_alpha': 2.1597818987087147, 'reg_lambda': 1.4562165780761898, 'grow_policy': 'depthwise', 'max_cat_to_onehot': 16, 'max_leaves': 45}. Best is trial 1 with value: 0.11777308655093977.
Trial 3 finished with value: 0.11847853123578955 and parameters: {'learning_rate': 0.019603369861210685, 'max_depth': 8, 'min_child_weight': 0.005477562363971304, 'subsample': 0.8056937753654446, 'colsample_bylevel': 0.836965827544817, 'colsample_bynode': 0.6185801650879991, 'reg_alpha': 3.037763505022002, 'reg_lambda': 0.8527035660240889, 'grow_policy': 'lossguide', 'max_cat_to_onehot': 92, 'max_leaves': 399}. Best is trial 1 with value: 0.11777308655093977.
Trial 4 finished with value: 0.1256769802163421 and parameters: {'learning_rate': 0.012453219846912198, 'max_depth': 4, 'min_child_weight': 0.33959199243313637, 'subsample': 0.7760609974958406, 'colsample_bylevel': 0.6488152939379115, 'colsample_bynode': 0.798070764044508, 'reg_alpha': 0.17203916672398045, 'reg_lambda': 4.546611078353703, 'grow_policy': 'lossguide', 'max_cat_to_onehot': 17, 'max_leaves': 97}. Best is trial 1 with value: 0.11777308655093977.
Trial 5 finished with value: 0.12683024274722055 and parameters: {'learning_rate': 0.025719142025384646, 'max_depth': 4, 'min_child_weight': 3.8589082671053854, 'subsample': 0.9100531293444458, 'colsample_bylevel': 0.9757995766256756, 'colsample_bynode': 0.9579309401710595, 'reg_alpha': 2.989540104057545, 'reg_lambda': 4.609378987692081, 'grow_policy': 'lossguide', 'max_cat_to_onehot': 8, 'max_leaves': 37}. Best is trial 1 with value: 0.11777308655093977.
Trial 6 finished with value: 0.12125420320118563 and parameters: {'learning_rate': 0.016019568611465234, 'max_depth': 5, 'min_child_weight': 1.1627201204016835, 'subsample': 0.7427013306774357, 'colsample_bylevel': 0.7123738038749523, 'colsample_bynode': 0.8170784332632994, 'reg_alpha': 0.7047070324513158, 'reg_lambda': 4.011004684072123, 'grow_policy': 'lossguide', 'max_cat_to_onehot': 56, 'max_leaves': 20}. Best is trial 1 with value: 0.11777308655093977.
Trial 7 finished with value: 0.14333354914441476 and parameters: {'learning_rate': 0.0050834018700114374, 'max_depth': 9, 'min_child_weight': 0.4117599592262879, 'subsample': 0.8916028672163949, 'colsample_bylevel': 0.9085081386743783, 'colsample_bynode': 0.6296178606936361, 'reg_alpha': 1.7923927961485087, 'reg_lambda': 0.5794337107196961, 'grow_policy': 'depthwise', 'max_cat_to_onehot': 18, 'max_leaves': 10}. Best is trial 1 with value: 0.11777308655093977.
Trial 8 finished with value: 0.12098248944714518 and parameters: {'learning_rate': 0.012693089228250284, 'max_depth': 5, 'min_child_weight': 0.49979438035802604, 'subsample': 0.8550229885420852, 'colsample_bylevel': 0.9548850970305306, 'colsample_bynode': 0.7888859700647797, 'reg_alpha': 0.5980592702669147, 'reg_lambda': 3.566252611636253, 'grow_policy': 'depthwise', 'max_cat_to_onehot': 55, 'max_leaves': 85}. Best is trial 1 with value: 0.11777308655093977.
Trial 9 finished with value: 0.11928059050076034 and parameters: {'learning_rate': 0.02393652463662192, 'max_depth': 6, 'min_child_weight': 0.0012417226051008223, 'subsample': 0.6431565707973218, 'colsample_bylevel': 0.6125716742746937, 'colsample_bynode': 0.8545641645055122, 'reg_alpha': 1.5718484697835258, 'reg_lambda': 2.542902598754398, 'grow_policy': 'depthwise', 'max_cat_to_onehot': 22, 'max_leaves': 308}. Best is trial 1 with value: 0.11777308655093977.
Trial 10 finished with value: 0.12366352423860416 and parameters: {'learning_rate': 0.0864853073450281, 'max_depth': 7, 'min_child_weight': 0.05528731777524736, 'subsample': 0.9729161367647149, 'colsample_bylevel': 0.8262452362725613, 'colsample_bynode': 0.7202259292197385, 'reg_alpha': 4.7988577526525065, 'reg_lambda': 2.58248067449815, 'grow_policy': 'lossguide', 'max_cat_to_onehot': 8, 'max_leaves': 971}. Best is trial 1 with value: 0.11777308655093977.
Trial 11 finished with value: 0.11877999187829147 and parameters: {'learning_rate': 0.031790458723690476, 'max_depth': 10, 'min_child_weight': 0.028789455442955813, 'subsample': 0.7969511524558275, 'colsample_bylevel': 0.8167265665612355, 'colsample_bynode': 0.6039952029525323, 'reg_alpha': 3.838153225904187, 'reg_lambda': 0.11339104360127994, 'grow_policy': 'lossguide', 'max_cat_to_onehot': 84, 'max_leaves': 1021}. Best is trial 1 with value: 0.11777308655093977.
Trial 12 finished with value: 0.12050253023263169 and parameters: {'learning_rate': 0.007151134065784922, 'max_depth': 8, 'min_child_weight': 0.04426124104960989, 'subsample': 0.8419766872475172, 'colsample_bylevel': 0.8173466595551238, 'colsample_bynode': 0.6908556046603515, 'reg_alpha': 3.255113914277657, 'reg_lambda': 1.9184517258687528, 'grow_policy': 'lossguide', 'max_cat_to_onehot': 34, 'max_leaves': 360}. Best is trial 1 with value: 0.11777308655093977.
Trial 13 finished with value: 0.1195961840351254 and parameters: {'learning_rate': 0.0364822543842359, 'max_depth': 10, 'min_child_weight': 0.006871349895346334, 'subsample': 0.7174428023808301, 'colsample_bylevel': 0.7213785203554233, 'colsample_bynode': 0.6741038957536338, 'reg_alpha': 4.980085345107131, 'reg_lambda': 3.2241568158948057, 'grow_policy': 'lossguide', 'max_cat_to_onehot': 89, 'max_leaves': 365}. Best is trial 1 with value: 0.11777308655093977.
Trial 14 finished with value: 0.11823873225106152 and parameters: {'learning_rate': 0.008787903270079323, 'max_depth': 8, 'min_child_weight': 0.13925071458840985, 'subsample': 0.8222288590736007, 'colsample_bylevel': 0.8783455015235105, 'colsample_bynode': 0.7247011307670919, 'reg_alpha': 1.1855455336687406, 'reg_lambda': 1.1636683585691965, 'grow_policy': 'lossguide', 'max_cat_to_onehot': 33, 'max_leaves': 195}. Best is trial 1 with value: 0.11777308655093977.
Trial 15 finished with value: 0.11800972258888587 and parameters: {'learning_rate': 0.008571625541659572, 'max_depth': 7, 'min_child_weight': 0.12684502348282162, 'subsample': 0.9552801451296651, 'colsample_bylevel': 0.9003988944050104, 'colsample_bynode': 0.7426568569151955, 'reg_alpha': 1.1426332457280424, 'reg_lambda': 1.692483378996399, 'grow_policy': 'lossguide', 'max_cat_to_onehot': 12, 'max_leaves': 162}. Best is trial 1 with value: 0.11777308655093977.
Trial 16 finished with value: 0.12247228048448189 and parameters: {'learning_rate': 0.008757736843423953, 'max_depth': 6, 'min_child_weight': 2.057275411978941, 'subsample': 0.9781646541125446, 'colsample_bylevel': 0.7800119585123302, 'colsample_bynode': 0.7432872355587146, 'reg_alpha': 0.06025451354364483, 'reg_lambda': 2.248119293411004, 'grow_policy': 'lossguide', 'max_cat_to_onehot': 11, 'max_leaves': 146}. Best is trial 1 with value: 0.11777308655093977.
Trial 17 finished with value: 0.12098986951946755 and parameters: {'learning_rate': 0.006335276688843633, 'max_depth': 7, 'min_child_weight': 0.10419267616162689, 'subsample': 0.9220479541847539, 'colsample_bylevel': 0.6705035923114677, 'colsample_bynode': 0.9117712809246714, 'reg_alpha': 1.006897968252322, 'reg_lambda': 4.956386852998385, 'grow_policy': 'lossguide', 'max_cat_to_onehot': 11, 'max_leaves': 591}. Best is trial 1 with value: 0.11777308655093977.
Trial 18 finished with value: 0.12072781866020943 and parameters: {'learning_rate': 0.01222398464157439, 'max_depth': 6, 'min_child_weight': 0.18257560044975393, 'subsample': 0.9931367715994919, 'colsample_bylevel': 0.9984901537620983, 'colsample_bynode': 0.658182994849765, 'reg_alpha': 2.3560148152189067, 'reg_lambda': 3.153262331196973, 'grow_policy': 'lossguide', 'max_cat_to_onehot': 12, 'max_leaves': 67}. Best is trial 1 with value: 0.11777308655093977.
Trial 19 finished with value: 0.11985733834983181 and parameters: {'learning_rate': 0.04116933060311144, 'max_depth': 9, 'min_child_weight': 0.8575589366249956, 'subsample': 0.936389711335694, 'colsample_bylevel': 0.7719898235665422, 'colsample_bynode': 0.7580676192819298, 'reg_alpha': 1.3827180045863314, 'reg_lambda': 3.9034567304902894, 'grow_policy': 'depthwise', 'max_cat_to_onehot': 13, 'max_leaves': 186}. Best is trial 1 with value: 0.11777308655093977.
Trial 20 finished with value: 0.1165841091990476 and parameters: {'learning_rate': 0.01651543927421988, 'max_depth': 7, 'min_child_weight': 0.021257913870000342, 'subsample': 0.8595235584119085, 'colsample_bylevel': 0.9071895400460264, 'colsample_bynode': 0.8759710886560624, 'reg_alpha': 0.6609281689574125, 'reg_lambda': 1.4799441800368782, 'grow_policy': 'lossguide', 'max_cat_to_onehot': 8, 'max_leaves': 638}. Best is trial 20 with value: 0.1165841091990476.
Trial 21 finished with value: 0.11643375161701497 and parameters: {'learning_rate': 0.017096562339148396, 'max_depth': 7, 'min_child_weight': 0.017639852178814166, 'subsample': 0.8745561914243892, 'colsample_bylevel': 0.9165387377881695, 'colsample_bynode': 0.8487725144245746, 'reg_alpha': 0.6012024509469651, 'reg_lambda': 1.69659193912028, 'grow_policy': 'lossguide', 'max_cat_to_onehot': 8, 'max_leaves': 674}. Best is trial 21 with value: 0.11643375161701497.
Trial 22 finished with value: 0.12078462280347735 and parameters: {'learning_rate': 0.016879042371624905, 'max_depth': 5, 'min_child_weight': 0.013225450324084356, 'subsample': 0.8703257050640533, 'colsample_bylevel': 0.9372035386957237, 'colsample_bynode': 0.8881315335942289, 'reg_alpha': 0.49178261276492663, 'reg_lambda': 0.4390184726124602, 'grow_policy': 'lossguide', 'max_cat_to_onehot': 8, 'max_leaves': 639}. Best is trial 21 with value: 0.11643375161701497.
Trial 23 finished with value: 0.11684531605848958 and parameters: {'learning_rate': 0.021297925129373788, 'max_depth': 7, 'min_child_weight': 0.0016662758307970254, 'subsample': 0.8841103238955053, 'colsample_bylevel': 0.8638304532066474, 'colsample_bynode': 0.9767375765950344, 'reg_alpha': 0.4368194323122244, 'reg_lambda': 1.1860593975423421, 'grow_policy': 'lossguide', 'max_cat_to_onehot': 9, 'max_leaves': 606}. Best is trial 21 with value: 0.11643375161701497.
Trial 24 finished with value: 0.11735390230178655 and parameters: {'learning_rate': 0.023408205633923606, 'max_depth': 7, 'min_child_weight': 0.0010829660450081588, 'subsample': 0.8893591215097854, 'colsample_bylevel': 0.8667196064820522, 'colsample_bynode': 0.9847801718201128, 'reg_alpha': 0.8086448384037044, 'reg_lambda': 1.175478661797905, 'grow_policy': 'lossguide', 'max_cat_to_onehot': 10, 'max_leaves': 479}. Best is trial 21 with value: 0.11643375161701497.
Trial 25 finished with value: 0.11684152585892615 and parameters: {'learning_rate': 0.030084199449261002, 'max_depth': 6, 'min_child_weight': 0.0024852771939780625, 'subsample': 0.7701181245907752, 'colsample_bylevel': 0.9263926369800461, 'colsample_bynode': 0.9355404233995932, 'reg_alpha': 0.01969567105915665, 'reg_lambda': 2.075663645335383, 'grow_policy': 'lossguide', 'max_cat_to_onehot': 10, 'max_leaves': 608}. Best is trial 21 with value: 0.11643375161701497.
Optuna Search Completed in: 3211.50 seconds

Training final model on optimized parameter setup...

[XGBOOST FINALIZED METRICS]
Optimal Trees:         794
1-AUROC:             0.1249 (Delta to TabPFN: -0.0035)
Accuracy:             0.7870 (Delta to TabPFN: -0.0013)
Final Train Time:      22.29 seconds (7.4285s per 1K)
Final Infer Time:      0.01 seconds (0.0074s per 1K)

--- XGBOOST Feature Importance (Raw vs. Scaled Share) ---
Feature | Raw gain | Share
D27 | 17114.12 | 17.06%
D78 | 2861.06 | 2.85%
D469 | 1513.43 | 1.51%
D14 | 1193.67 | 1.19%
D6 | 1055.98 | 1.05%
D7 | 962.01 | 0.96%
D10 | 868.71 | 0.87%
D2 | 766.62 | 0.76%
D119 | 764.04 | 0.76%
D46 | 756.32 | 0.75%
D9 | 750.42 | 0.75%
D106 | 737.33 | 0.74%
D66 | 731.76 | 0.73%
D15 | 730.78 | 0.73%
D5 | 723.63 | 0.72%
D38 | 719.92 | 0.72%
D56 | 687.37 | 0.69%
D8 | 686.46 | 0.68%
D85 | 656.79 | 0.65%
D20 | 645.36 | 0.64%
D89 | 642.14 | 0.64%
D45 | 638.93 | 0.64%
D129 | 636.71 | 0.63%
D18 | 632.50 | 0.63%
D32 | 621.77 | 0.62%
D104 | 619.25 | 0.62%
D25 | 606.50 | 0.60%
D19 | 597.92 | 0.60%
D201 | 570.13 | 0.57%
D21 | 563.30 | 0.56%
D91 | 552.08 | 0.55%
D68 | 543.44 | 0.54%
D117 | 536.59 | 0.54%
D103 | 535.71 | 0.53%
D107 | 533.72 | 0.53%
D16 | 531.21 | 0.53%
D152 | 527.82 | 0.53%
D99 | 527.13 | 0.53%
D194 | 526.75 | 0.53%
D150 | 524.62 | 0.52%
D17 | 523.20 | 0.52%
D61 | 514.78 | 0.51%
D11 | 511.42 | 0.51%
D102 | 506.93 | 0.51%
D84 | 506.83 | 0.51%
D26 | 506.61 | 0.51%
D88 | 504.99 | 0.50%
D90 | 502.73 | 0.50%
D181 | 499.73 | 0.50%
D30 | 490.23 | 0.49%
D105 | 484.70 | 0.48%
D202 | 477.49 | 0.48%
D145 | 466.06 | 0.46%
D199 | 449.54 | 0.45%
D218 | 448.69 | 0.45%
D762 | 442.62 | 0.44%
D65 | 442.10 | 0.44%
D86 | 436.59 | 0.44%
D74 | 435.02 | 0.43%
D33 | 434.20 | 0.43%
D31 | 433.75 | 0.43%
D75 | 432.55 | 0.43%
D64 | 427.71 | 0.43%
D101 | 424.77 | 0.42%
D58 | 399.26 | 0.40%
D219 | 396.23 | 0.40%
D39 | 395.02 | 0.39%
D200 | 392.62 | 0.39%
D198 | 387.28 | 0.39%
D763 | 387.04 | 0.39%
D204 | 381.56 | 0.38%
D100 | 375.26 | 0.37%
D47 | 370.84 | 0.37%
D87 | 360.64 | 0.36%
D44 | 360.32 | 0.36%
D53 | 357.30 | 0.36%
D911 | 345.53 | 0.34%
D177 | 339.53 | 0.34%
D208 | 338.50 | 0.34%
D196 | 330.81 | 0.33%
D185 | 327.24 | 0.33%
D143 | 327.00 | 0.33%
D69 | 326.28 | 0.33%
D71 | 325.80 | 0.32%
D182 | 324.27 | 0.32%
D146 | 313.60 | 0.31%
D13 | 305.81 | 0.30%
D76 | 292.26 | 0.29%
D63 | 290.43 | 0.29%
D649 | 287.45 | 0.29%
D211 | 285.38 | 0.28%
D223 | 282.94 | 0.28%
D900 | 281.11 | 0.28%
D207 | 277.32 | 0.28%
D67 | 275.26 | 0.27%
D149 | 271.44 | 0.27%
D49 | 266.65 | 0.27%
D173 | 259.26 | 0.26%
D95 | 256.15 | 0.26%
D225 | 254.83 | 0.25%
D55 | 250.47 | 0.25%
D130 | 247.40 | 0.25%
D203 | 244.12 | 0.24%
D52 | 237.68 | 0.24%
D92 | 231.68 | 0.23%
D57 | 227.83 | 0.23%
D209 | 225.22 | 0.22%
D142 | 221.35 | 0.22%
D48 | 218.44 | 0.22%
D54 | 218.42 | 0.22%
D35 | 215.84 | 0.22%
D180 | 215.10 | 0.21%
D660 | 211.18 | 0.21%
D1071 | 208.32 | 0.21%
D951 | 207.75 | 0.21%
D1017 | 200.85 | 0.20%
D673 | 198.36 | 0.20%
D50 | 196.57 | 0.20%
D139 | 195.84 | 0.20%
D212 | 191.22 | 0.19%
D133 | 190.64 | 0.19%
D3 | 188.30 | 0.19%
D998 | 188.28 | 0.19%
D175 | 188.07 | 0.19%
D195 | 184.97 | 0.18%
D93 | 183.97 | 0.18%
D80 | 183.66 | 0.18%
D599 | 181.77 | 0.18%
D775 | 175.99 | 0.18%
D34 | 175.81 | 0.18%
D1100 | 174.08 | 0.17%
D136 | 173.43 | 0.17%
D215 | 167.09 | 0.17%
D808 | 166.50 | 0.17%
D151 | 166.27 | 0.17%
D741 | 164.37 | 0.16%
D197 | 163.77 | 0.16%
D1168 | 163.34 | 0.16%
D36 | 159.60 | 0.16%
D981 | 157.56 | 0.16%
D137 | 156.93 | 0.16%
D131 | 147.16 | 0.15%
D126 | 145.12 | 0.14%
D472 | 144.87 | 0.14%
D1059 | 141.62 | 0.14%
D925 | 139.29 | 0.14%
D1 | 137.28 | 0.14%
D1074 | 137.06 | 0.14%
D1050 | 133.73 | 0.13%
D739 | 132.87 | 0.13%
D416 | 131.37 | 0.13%
D809 | 130.00 | 0.13%
D128 | 129.95 | 0.13%
D43 | 127.32 | 0.13%
D40 | 127.06 | 0.13%
D504 | 123.96 | 0.12%
D205 | 123.22 | 0.12%
D127 | 118.44 | 0.12%
D62 | 117.11 | 0.12%
D1008 | 116.31 | 0.12%
D178 | 115.99 | 0.12%
D12 | 115.98 | 0.12%
D1127 | 113.81 | 0.11%
D83 | 112.14 | 0.11%
D458 | 109.83 | 0.11%
D1016 | 106.70 | 0.11%
D807 | 105.15 | 0.10%
D1075 | 103.51 | 0.10%
D927 | 103.21 | 0.10%
D1083 | 102.50 | 0.10%
D974 | 99.40 | 0.10%
D661 | 99.09 | 0.10%
D159 | 98.78 | 0.10%
D479 | 98.64 | 0.10%
D480 | 97.56 | 0.10%
D161 | 93.80 | 0.09%
D96 | 93.74 | 0.09%
D70 | 93.43 | 0.09%
D443 | 92.59 | 0.09%
D802 | 90.74 | 0.09%
D999 | 86.74 | 0.09%
D750 | 86.38 | 0.09%
D41 | 84.67 | 0.08%
D1287 | 83.62 | 0.08%
D73 | 83.37 | 0.08%
D1003 | 83.34 | 0.08%
D42 | 83.29 | 0.08%
D1063 | 82.97 | 0.08%
D51 | 82.19 | 0.08%
D37 | 81.14 | 0.08%
D1426 | 81.00 | 0.08%
D950 | 80.50 | 0.08%
D430 | 79.75 | 0.08%
D60 | 79.12 | 0.08%
D1012 | 78.20 | 0.08%
D958 | 78.19 | 0.08%
D1076 | 77.81 | 0.08%
D97 | 77.51 | 0.08%
D1082 | 76.18 | 0.08%
D1019 | 76.15 | 0.08%
D926 | 74.80 | 0.07%
D740 | 74.60 | 0.07%
D81 | 74.17 | 0.07%
D470 | 73.39 | 0.07%
D505 | 73.18 | 0.07%
D1111 | 72.25 | 0.07%
D1030 | 71.68 | 0.07%
D135 | 71.42 | 0.07%
D441 | 71.35 | 0.07%
D1118 | 70.76 | 0.07%
D949 | 70.55 | 0.07%
D1361 | 69.77 | 0.07%
D110 | 68.87 | 0.07%
D1167 | 68.33 | 0.07%
D1006 | 68.16 | 0.07%
D957 | 67.85 | 0.07%
D607 | 67.50 | 0.07%
D748 | 66.63 | 0.07%
D956 | 66.40 | 0.07%
D901 | 65.68 | 0.07%
D1191 | 65.34 | 0.07%
D1025 | 64.04 | 0.06%
D158 | 63.81 | 0.06%
D880 | 63.60 | 0.06%
D742 | 63.33 | 0.06%
D214 | 63.21 | 0.06%
D157 | 62.92 | 0.06%
D992 | 62.92 | 0.06%
D1060 | 62.04 | 0.06%
D1204 | 61.97 | 0.06%
D526 | 61.17 | 0.06%
D1115 | 61.14 | 0.06%
D597 | 60.81 | 0.06%
D118 | 59.98 | 0.06%
D1201 | 59.83 | 0.06%
D1088 | 57.63 | 0.06%
D162 | 57.57 | 0.06%
D984 | 57.56 | 0.06%
D461 | 56.99 | 0.06%
D513 | 56.90 | 0.06%
D1113 | 56.78 | 0.06%
D583 | 56.56 | 0.06%
D216 | 56.25 | 0.06%
D514 | 55.98 | 0.06%
D955 | 55.83 | 0.06%
D249 | 55.65 | 0.06%
D1144 | 55.64 | 0.06%
D1014 | 55.37 | 0.06%
D700 | 55.11 | 0.05%
D1347 | 54.64 | 0.05%
D582 | 54.26 | 0.05%
D160 | 54.25 | 0.05%
D191 | 54.18 | 0.05%
D662 | 53.62 | 0.05%
D976 | 53.60 | 0.05%
D1052 | 53.51 | 0.05%
D1027 | 53.22 | 0.05%
D174 | 52.96 | 0.05%
D747 | 52.29 | 0.05%
D688 | 51.65 | 0.05%
D960 | 51.62 | 0.05%
D444 | 51.54 | 0.05%
D442 | 51.49 | 0.05%
D1036 | 51.38 | 0.05%
D1087 | 51.16 | 0.05%
D1045 | 51.15 | 0.05%
D474 | 50.55 | 0.05%
D965 | 50.41 | 0.05%
D516 | 49.92 | 0.05%
D1132 | 49.58 | 0.05%
D947 | 49.18 | 0.05%
D973 | 49.05 | 0.05%
D1011 | 48.94 | 0.05%
D172 | 48.71 | 0.05%
D1123 | 48.16 | 0.05%
D1409 | 47.99 | 0.05%
D967 | 47.93 | 0.05%
D983 | 47.79 | 0.05%
D938 | 47.74 | 0.05%
D183 | 47.42 | 0.05%
D140 | 47.27 | 0.05%
D1018 | 47.04 | 0.05%
D961 | 46.85 | 0.05%
D701 | 46.14 | 0.05%
D334 | 46.09 | 0.05%
D1196 | 46.01 | 0.05%
D990 | 45.93 | 0.05%
D1048 | 45.91 | 0.05%
D59 | 45.84 | 0.05%
D806 | 45.43 | 0.05%
D959 | 45.16 | 0.05%
D1043 | 45.14 | 0.05%
D985 | 45.00 | 0.04%
D440 | 44.89 | 0.04%
D663 | 44.00 | 0.04%
D1067 | 43.72 | 0.04%
D418 | 43.69 | 0.04%
D1186 | 43.64 | 0.04%
D1022 | 43.59 | 0.04%
D457 | 43.50 | 0.04%
D659 | 43.06 | 0.04%
D320 | 42.79 | 0.04%
D1170 | 42.14 | 0.04%
D1033 | 41.76 | 0.04%
D557 | 41.73 | 0.04%
D459 | 41.58 | 0.04%
D1028 | 41.49 | 0.04%
D1105 | 41.19 | 0.04%
D1047 | 41.10 | 0.04%
D1009 | 40.82 | 0.04%
D1193 | 40.71 | 0.04%
D977 | 40.61 | 0.04%
D1049 | 40.53 | 0.04%
D187 | 40.52 | 0.04%
D1169 | 40.48 | 0.04%
D1007 | 40.26 | 0.04%
D988 | 40.23 | 0.04%
D1010 | 40.08 | 0.04%
D842 | 39.84 | 0.04%
D121 | 39.50 | 0.04%
D764 | 39.42 | 0.04%
D1023 | 39.40 | 0.04%
D1139 | 39.14 | 0.04%
D226 | 38.99 | 0.04%
D22 | 38.73 | 0.04%
D446 | 38.44 | 0.04%
D1029 | 38.44 | 0.04%
D1040 | 38.22 | 0.04%
D843 | 38.04 | 0.04%
D473 | 37.86 | 0.04%
D1114 | 37.81 | 0.04%
D622 | 37.81 | 0.04%
D1001 | 37.73 | 0.04%
D1163 | 37.51 | 0.04%
D1195 | 37.50 | 0.04%
D1141 | 37.34 | 0.04%
D811 | 37.08 | 0.04%
D595 | 36.99 | 0.04%
D535 | 36.87 | 0.04%
D1173 | 36.56 | 0.04%
D832 | 35.97 | 0.04%
D997 | 35.93 | 0.04%
D1184 | 35.72 | 0.04%
D1061 | 35.70 | 0.04%
D933 | 35.69 | 0.04%
D937 | 35.68 | 0.04%
D1046 | 35.60 | 0.04%
D79 | 35.12 | 0.04%
D1203 | 34.81 | 0.03%
D729 | 34.76 | 0.03%
D844 | 34.59 | 0.03%
D623 | 34.46 | 0.03%
D1147 | 34.33 | 0.03%
D1192 | 34.30 | 0.03%
D952 | 34.04 | 0.03%
D210 | 33.59 | 0.03%
D996 | 33.58 | 0.03%
D186 | 33.47 | 0.03%
D1106 | 33.44 | 0.03%
D1072 | 33.43 | 0.03%
D1136 | 33.41 | 0.03%
D936 | 33.37 | 0.03%
D1004 | 33.29 | 0.03%
D455 | 33.14 | 0.03%
D1070 | 33.08 | 0.03%
D366 | 32.89 | 0.03%
D1159 | 32.70 | 0.03%
D1037 | 32.68 | 0.03%
D1051 | 32.46 | 0.03%
D415 | 32.20 | 0.03%
D971 | 32.10 | 0.03%
D1057 | 31.96 | 0.03%
D815 | 31.93 | 0.03%
D1064 | 31.83 | 0.03%
D791 | 31.40 | 0.03%
D765 | 31.39 | 0.03%
D476 | 31.37 | 0.03%
D1039 | 31.36 | 0.03%
D1054 | 31.30 | 0.03%
D166 | 31.21 | 0.03%
D610 | 31.19 | 0.03%
D1400 | 31.10 | 0.03%
D1058 | 30.88 | 0.03%
D1015 | 30.72 | 0.03%
D609 | 30.69 | 0.03%
D1084 | 30.38 | 0.03%
D417 | 30.37 | 0.03%
D1128 | 30.30 | 0.03%
D889 | 30.26 | 0.03%
D515 | 30.23 | 0.03%
D963 | 30.15 | 0.03%
D1199 | 30.12 | 0.03%
D98 | 30.12 | 0.03%
D1026 | 29.96 | 0.03%
D966 | 29.87 | 0.03%
D1034 | 29.69 | 0.03%
D1041 | 29.65 | 0.03%
D1276 | 29.65 | 0.03%
D122 | 29.62 | 0.03%
D1164 | 29.60 | 0.03%
D1073 | 29.22 | 0.03%
D810 | 29.07 | 0.03%
D1101 | 28.78 | 0.03%
D964 | 28.70 | 0.03%
D1158 | 28.59 | 0.03%
D168 | 28.58 | 0.03%
D1055 | 28.56 | 0.03%
D1377 | 28.51 | 0.03%
D114 | 28.41 | 0.03%
D144 | 28.39 | 0.03%
D1020 | 28.38 | 0.03%
D1188 | 28.27 | 0.03%
D962 | 28.11 | 0.03%
D979 | 28.02 | 0.03%
D975 | 27.89 | 0.03%
D236 | 27.81 | 0.03%
D1107 | 27.70 | 0.03%
D1044 | 27.53 | 0.03%
D1091 | 27.39 | 0.03%
D699 | 27.36 | 0.03%
D987 | 27.33 | 0.03%
D953 | 27.29 | 0.03%
D625 | 27.27 | 0.03%
D608 | 27.24 | 0.03%
D982 | 27.17 | 0.03%
D1065 | 27.06 | 0.03%
D449 | 26.78 | 0.03%
D1121 | 26.49 | 0.03%
D460 | 26.46 | 0.03%
D559 | 26.45 | 0.03%
D1148 | 26.45 | 0.03%
D621 | 26.25 | 0.03%
D1591 | 26.13 | 0.03%
D492 | 26.01 | 0.03%
D624 | 25.94 | 0.03%
D1198 | 25.90 | 0.03%
D1021 | 25.69 | 0.03%
D82 | 25.66 | 0.03%
D1086 | 25.48 | 0.03%
D1116 | 25.32 | 0.03%
D1032 | 25.02 | 0.02%
D1165 | 24.93 | 0.02%
D1056 | 24.90 | 0.02%
D1206 | 24.88 | 0.02%
D1404 | 24.87 | 0.02%
D698 | 24.55 | 0.02%
D1069 | 24.25 | 0.02%
D220 | 24.16 | 0.02%
D1273 | 24.06 | 0.02%
D1200 | 24.01 | 0.02%
D1103 | 23.90 | 0.02%
D445 | 23.78 | 0.02%
D471 | 23.77 | 0.02%
D517 | 23.62 | 0.02%
D994 | 23.55 | 0.02%
D167 | 23.52 | 0.02%
D1185 | 23.49 | 0.02%
D1271 | 23.48 | 0.02%
D1177 | 23.25 | 0.02%
D192 | 23.23 | 0.02%
D978 | 23.20 | 0.02%
D1078 | 23.19 | 0.02%
D1094 | 23.10 | 0.02%
D1183 | 23.10 | 0.02%
D189 | 23.09 | 0.02%
D313 | 22.96 | 0.02%
D120 | 22.95 | 0.02%
D1135 | 22.83 | 0.02%
D154 | 22.62 | 0.02%
D995 | 22.61 | 0.02%
D1097 | 22.61 | 0.02%
D672 | 22.60 | 0.02%
D1119 | 22.48 | 0.02%
D147 | 22.48 | 0.02%
D1122 | 22.47 | 0.02%
D812 | 22.46 | 0.02%
D1180 | 22.33 | 0.02%
D421 | 22.28 | 0.02%
D1000 | 22.11 | 0.02%
D1166 | 22.05 | 0.02%
D932 | 21.90 | 0.02%
D451 | 21.89 | 0.02%
D1424 | 21.87 | 0.02%
D1095 | 21.76 | 0.02%
D1013 | 21.72 | 0.02%
D29 | 21.57 | 0.02%
D355 | 21.22 | 0.02%
D1359 | 21.05 | 0.02%
D319 | 20.96 | 0.02%
D351 | 20.89 | 0.02%
D1441 | 20.89 | 0.02%
D1182 | 20.83 | 0.02%
D1068 | 20.71 | 0.02%
D1142 | 20.70 | 0.02%
D1187 | 20.67 | 0.02%
D1104 | 20.66 | 0.02%
D1079 | 20.53 | 0.02%
D1308 | 20.53 | 0.02%
D1247 | 20.43 | 0.02%
D164 | 20.26 | 0.02%
D749 | 20.19 | 0.02%
D588 | 20.06 | 0.02%
D153 | 20.03 | 0.02%
D268 | 20.00 | 0.02%
D587 | 19.89 | 0.02%
D1758 | 19.86 | 0.02%
D1093 | 19.83 | 0.02%
D666 | 19.80 | 0.02%
D935 | 19.80 | 0.02%
D892 | 19.69 | 0.02%
D111 | 19.62 | 0.02%
D1162 | 19.56 | 0.02%
D986 | 19.52 | 0.02%
D1584 | 19.52 | 0.02%
D1153 | 19.46 | 0.02%
D335 | 19.41 | 0.02%
D1130 | 19.30 | 0.02%
D1131 | 19.14 | 0.02%
D1143 | 19.14 | 0.02%
D686 | 19.06 | 0.02%
D1038 | 19.02 | 0.02%
D1090 | 18.88 | 0.02%
D482 | 18.86 | 0.02%
D1140 | 18.85 | 0.02%
D1174 | 18.77 | 0.02%
D1110 | 18.64 | 0.02%
D1042 | 18.52 | 0.02%
D1209 | 18.52 | 0.02%
D512 | 18.50 | 0.02%
D537 | 18.41 | 0.02%
D1418 | 18.31 | 0.02%
D664 | 18.27 | 0.02%
D1002 | 18.26 | 0.02%
D991 | 18.25 | 0.02%
D989 | 18.22 | 0.02%
D730 | 18.19 | 0.02%
D968 | 18.13 | 0.02%
D612 | 18.12 | 0.02%
D389 | 18.12 | 0.02%
D1150 | 18.09 | 0.02%
D1370 | 18.05 | 0.02%
D1346 | 18.04 | 0.02%
D1379 | 17.97 | 0.02%
D4 | 17.90 | 0.02%
D233 | 17.89 | 0.02%
D447 | 17.88 | 0.02%
D481 | 17.66 | 0.02%
D548 | 17.60 | 0.02%
D1445 | 17.54 | 0.02%
D635 | 17.53 | 0.02%
D1099 | 17.51 | 0.02%
D1062 | 17.50 | 0.02%
D1422 | 17.41 | 0.02%
D1125 | 17.21 | 0.02%
D1259 | 17.19 | 0.02%
D1171 | 17.18 | 0.02%
D1341 | 17.18 | 0.02%
D1155 | 17.17 | 0.02%
D674 | 17.14 | 0.02%
D452 | 17.12 | 0.02%
D462 | 17.10 | 0.02%
D752 | 17.10 | 0.02%
D596 | 17.05 | 0.02%
D1024 | 17.00 | 0.02%
D611 | 16.93 | 0.02%
D934 | 16.90 | 0.02%
D1160 | 16.78 | 0.02%
D206 | 16.78 | 0.02%
D972 | 16.73 | 0.02%
D1197 | 16.71 | 0.02%
D1223 | 16.57 | 0.02%
D1210 | 16.55 | 0.02%
D845 | 16.53 | 0.02%
D614 | 16.37 | 0.02%
D503 | 16.35 | 0.02%
D310 | 16.30 | 0.02%
D1178 | 16.23 | 0.02%
D814 | 16.09 | 0.02%
D1211 | 16.09 | 0.02%
D1096 | 16.02 | 0.02%
D360 | 15.92 | 0.02%
D954 | 15.89 | 0.02%
D728 | 15.87 | 0.02%
D1053 | 15.85 | 0.02%
D676 | 15.81 | 0.02%
D1172 | 15.74 | 0.02%
D132 | 15.64 | 0.02%
D546 | 15.61 | 0.02%
D1120 | 15.60 | 0.02%
D1152 | 15.58 | 0.02%
D113 | 15.56 | 0.02%
D1035 | 15.48 | 0.02%
D388 | 15.37 | 0.02%
D1432 | 15.34 | 0.02%
D419 | 15.27 | 0.02%
D1154 | 15.19 | 0.02%
D237 | 15.17 | 0.02%
D627 | 15.16 | 0.02%
D1250 | 14.97 | 0.01%
D711 | 14.72 | 0.01%
D165 | 14.71 | 0.01%
D554 | 14.71 | 0.01%
D463 | 14.67 | 0.01%
D1124 | 14.62 | 0.01%
D390 | 14.56 | 0.01%
D373 | 14.54 | 0.01%
D1145 | 14.49 | 0.01%
D1138 | 14.48 | 0.01%
D338 | 14.41 | 0.01%
D1371 | 14.38 | 0.01%
D766 | 14.35 | 0.01%
D391 | 14.34 | 0.01%
D1298 | 14.34 | 0.01%
D1335 | 14.29 | 0.01%
D1179 | 14.15 | 0.01%
D697 | 14.14 | 0.01%
D616 | 14.00 | 0.01%
D496 | 13.97 | 0.01%
D1263 | 13.94 | 0.01%
D454 | 13.87 | 0.01%
D1262 | 13.78 | 0.01%
D374 | 13.77 | 0.01%
D1189 | 13.62 | 0.01%
D340 | 13.58 | 0.01%
D1278 | 13.54 | 0.01%
D1151 | 13.45 | 0.01%
D1334 | 13.45 | 0.01%
D262 | 13.42 | 0.01%
D108 | 13.21 | 0.01%
D1161 | 13.21 | 0.01%
D1268 | 13.13 | 0.01%
D549 | 13.11 | 0.01%
D586 | 13.02 | 0.01%
D1238 | 12.99 | 0.01%
D562 | 12.92 | 0.01%
D1181 | 12.90 | 0.01%
D1207 | 12.89 | 0.01%
D890 | 12.78 | 0.01%
D893 | 12.68 | 0.01%
D1358 | 12.65 | 0.01%
D1202 | 12.62 | 0.01%
D917 | 12.51 | 0.01%
D1081 | 12.47 | 0.01%
D1447 | 12.45 | 0.01%
D314 | 12.44 | 0.01%
D1220 | 12.41 | 0.01%
D754 | 12.34 | 0.01%
D493 | 12.34 | 0.01%
D928 | 12.29 | 0.01%
D1309 | 12.26 | 0.01%
D1295 | 12.24 | 0.01%
D1077 | 12.21 | 0.01%
D1433 | 12.20 | 0.01%
D1112 | 12.13 | 0.01%
D248 | 12.12 | 0.01%
D1272 | 12.09 | 0.01%
D494 | 12.08 | 0.01%
D1729 | 12.07 | 0.01%
D1190 | 12.06 | 0.01%
D1288 | 12.04 | 0.01%
D392 | 12.04 | 0.01%
D677 | 12.02 | 0.01%
D1281 | 12.01 | 0.01%
D1129 | 11.94 | 0.01%
D138 | 11.80 | 0.01%
D1340 | 11.72 | 0.01%
D1005 | 11.66 | 0.01%
D993 | 11.56 | 0.01%
D361 | 11.54 | 0.01%
D1297 | 11.51 | 0.01%
D600 | 11.49 | 0.01%
D884 | 11.44 | 0.01%
D841 | 11.35 | 0.01%
D420 | 11.33 | 0.01%
D1321 | 11.30 | 0.01%
D543 | 11.30 | 0.01%
D456 | 11.21 | 0.01%
D1098 | 11.20 | 0.01%
D239 | 11.02 | 0.01%
D544 | 11.00 | 0.01%
D1376 | 11.00 | 0.01%
D626 | 10.99 | 0.01%
D393 | 10.99 | 0.01%
D675 | 10.93 | 0.01%
D1421 | 10.87 | 0.01%
D1416 | 10.82 | 0.01%
D336 | 10.82 | 0.01%
D912 | 10.77 | 0.01%
D1289 | 10.74 | 0.01%
D1353 | 10.70 | 0.01%
D123 | 10.69 | 0.01%
D112 | 10.68 | 0.01%
D1411 | 10.65 | 0.01%
D1403 | 10.61 | 0.01%
D1244 | 10.59 | 0.01%
D1149 | 10.58 | 0.01%
D1355 | 10.52 | 0.01%
D813 | 10.49 | 0.01%
D1218 | 10.48 | 0.01%
D217 | 10.45 | 0.01%
D556 | 10.33 | 0.01%
D904 | 10.31 | 0.01%
D1080 | 10.27 | 0.01%
D1176 | 10.25 | 0.01%
D1417 | 10.23 | 0.01%
D1137 | 10.20 | 0.01%
D466 | 10.18 | 0.01%
D1392 | 10.00 | 0.01%
D1375 | 9.96 | 0.01%
D282 | 9.96 | 0.01%
D518 | 9.87 | 0.01%
D1407 | 9.86 | 0.01%
D1219 | 9.81 | 0.01%
D1102 | 9.80 | 0.01%
D753 | 9.56 | 0.01%
D1360 | 9.45 | 0.01%
D560 | 9.45 | 0.01%
D1252 | 9.43 | 0.01%
D603 | 9.39 | 0.01%
D495 | 9.37 | 0.01%
D1301 | 9.37 | 0.01%
D109 | 9.35 | 0.01%
D734 | 9.34 | 0.01%
D359 | 9.30 | 0.01%
D337 | 9.24 | 0.01%
D1117 | 9.23 | 0.01%
D1133 | 9.22 | 0.01%
D1305 | 9.18 | 0.01%
D803 | 9.12 | 0.01%
D1222 | 9.12 | 0.01%
D281 | 9.11 | 0.01%
D585 | 9.11 | 0.01%
D1405 | 9.10 | 0.01%
D594 | 9.00 | 0.01%
D1240 | 8.94 | 0.01%
D1423 | 8.84 | 0.01%
D918 | 8.82 | 0.01%
D24 | 8.74 | 0.01%
D1338 | 8.73 | 0.01%
D1383 | 8.67 | 0.01%
D475 | 8.66 | 0.01%
D650 | 8.61 | 0.01%
D1304 | 8.58 | 0.01%
D1311 | 8.57 | 0.01%
D1419 | 8.48 | 0.01%
D1156 | 8.44 | 0.01%
D1134 | 8.43 | 0.01%
D261 | 8.42 | 0.01%
D1378 | 8.33 | 0.01%
D1261 | 8.29 | 0.01%
D124 | 8.26 | 0.01%
D1327 | 8.21 | 0.01%
D362 | 8.19 | 0.01%
D315 | 8.18 | 0.01%
D1256 | 8.17 | 0.01%
D1249 | 8.17 | 0.01%
D1286 | 8.14 | 0.01%
D176 | 8.12 | 0.01%
D1345 | 8.12 | 0.01%
D1254 | 8.01 | 0.01%
D1431 | 7.99 | 0.01%
D1242 | 7.93 | 0.01%
D1258 | 7.93 | 0.01%
D1333 | 7.93 | 0.01%
D1386 | 7.92 | 0.01%
D1307 | 7.91 | 0.01%
D386 | 7.83 | 0.01%
D1085 | 7.80 | 0.01%
D1318 | 7.73 | 0.01%
D378 | 7.73 | 0.01%
D1414 | 7.71 | 0.01%
D794 | 7.67 | 0.01%
D1126 | 7.66 | 0.01%
D1228 | 7.64 | 0.01%
D1241 | 7.50 | 0.01%
D1237 | 7.50 | 0.01%
D970 | 7.49 | 0.01%
D275 | 7.34 | 0.01%
D1270 | 7.25 | 0.01%
D1332 | 7.24 | 0.01%
D1561 | 7.23 | 0.01%
D1513 | 7.23 | 0.01%
D1324 | 7.22 | 0.01%
D751 | 7.22 | 0.01%
D687 | 7.15 | 0.01%
D350 | 7.11 | 0.01%
D1175 | 7.11 | 0.01%
D1310 | 7.10 | 0.01%
D1109 | 7.04 | 0.01%
D339 | 7.00 | 0.01%
D891 | 6.93 | 0.01%
D224 | 6.89 | 0.01%
D685 | 6.87 | 0.01%
D453 | 6.83 | 0.01%
D1108 | 6.74 | 0.01%
D377 | 6.74 | 0.01%
D793 | 6.73 | 0.01%
D689 | 6.72 | 0.01%
D702 | 6.72 | 0.01%
D1293 | 6.71 | 0.01%
D309 | 6.65 | 0.01%
D770 | 6.63 | 0.01%
D343 | 6.62 | 0.01%
D1397 | 6.60 | 0.01%
D1429 | 6.56 | 0.01%
D1381 | 6.53 | 0.01%
D1089 | 6.50 | 0.01%
D1157 | 6.47 | 0.01%
D1267 | 6.46 | 0.01%
D1285 | 6.45 | 0.01%
D1367 | 6.45 | 0.01%
D1031 | 6.42 | 0.01%
D1260 | 6.33 | 0.01%
D615 | 6.26 | 0.01%
D1443 | 6.22 | 0.01%
D534 | 6.22 | 0.01%
D1351 | 6.19 | 0.01%
D1243 | 6.18 | 0.01%
D584 | 6.15 | 0.01%
D1226 | 6.12 | 0.01%
D1229 | 6.09 | 0.01%
D260 | 6.08 | 0.01%
D1768 | 6.07 | 0.01%
D617 | 6.04 | 0.01%
D254 | 6.01 | 0.01%
D1280 | 5.97 | 0.01%
D628 | 5.96 | 0.01%
D913 | 5.94 | 0.01%
D1449 | 5.89 | 0.01%
D1437 | 5.83 | 0.01%
D1325 | 5.83 | 0.01%
D1217 | 5.81 | 0.01%
D1388 | 5.79 | 0.01%
D1435 | 5.78 | 0.01%
D691 | 5.77 | 0.01%
D1224 | 5.76 | 0.01%
D769 | 5.74 | 0.01%
D522 | 5.74 | 0.01%
D1380 | 5.73 | 0.01%
D916 | 5.71 | 0.01%
D367 | 5.66 | 0.01%
D656 | 5.65 | 0.01%
D409 | 5.65 | 0.01%
D363 | 5.64 | 0.01%
D1394 | 5.62 | 0.01%
D1214 | 5.58 | 0.01%
D387 | 5.57 | 0.01%
D289 | 5.56 | 0.01%
D1438 | 5.50 | 0.01%
D1354 | 5.50 | 0.01%
D547 | 5.49 | 0.01%
D767 | 5.48 | 0.01%
D1323 | 5.48 | 0.01%
D163 | 5.47 | 0.01%
D569 | 5.46 | 0.01%
D1390 | 5.46 | 0.01%
D1212 | 5.44 | 0.01%
D894 | 5.40 | 0.01%
D1300 | 5.38 | 0.01%
D590 | 5.38 | 0.01%
D228 | 5.38 | 0.01%
D1208 | 5.31 | 0.01%
D1146 | 5.29 | 0.01%
D1248 | 5.21 | 0.01%
D1251 | 5.21 | 0.01%
D246 | 5.21 | 0.01%
D1344 | 5.20 | 0.01%
D213 | 5.17 | 0.01%
D1294 | 5.10 | 0.01%
D1245 | 5.09 | 0.01%
D939 | 5.07 | 0.01%
D777 | 5.05 | 0.01%
D1446 | 5.05 | 0.01%
D1236 | 4.99 | 0.00%
D1339 | 4.95 | 0.00%
D980 | 4.94 | 0.00%
D756 | 4.90 | 0.00%
D1369 | 4.89 | 0.00%
D227 | 4.86 | 0.00%
D704 | 4.82 | 0.00%
D1303 | 4.79 | 0.00%
D1350 | 4.78 | 0.00%
D1066 | 4.78 | 0.00%
D436 | 4.78 | 0.00%
D1092 | 4.76 | 0.00%
D705 | 4.74 | 0.00%
D221 | 4.71 | 0.00%
D1302 | 4.65 | 0.00%
D1227 | 4.63 | 0.00%
D413 | 4.63 | 0.00%
D665 | 4.61 | 0.00%
D1472 | 4.57 | 0.00%
D1363 | 4.55 | 0.00%
D1352 | 4.53 | 0.00%
D1644 | 4.52 | 0.00%
D1296 | 4.50 | 0.00%
D792 | 4.43 | 0.00%
D545 | 4.39 | 0.00%
D969 | 4.38 | 0.00%
D651 | 4.37 | 0.00%
D1374 | 4.37 | 0.00%
D375 | 4.35 | 0.00%
D243 | 4.35 | 0.00%
D1526 | 4.32 | 0.00%
D245 | 4.30 | 0.00%
D410 | 4.29 | 0.00%
D636 | 4.28 | 0.00%
D94 | 4.26 | 0.00%
D429 | 4.25 | 0.00%
D352 | 4.24 | 0.00%
D331 | 4.22 | 0.00%
D1257 | 4.22 | 0.00%
D801 | 4.21 | 0.00%
D1365 | 4.21 | 0.00%
D327 | 4.20 | 0.00%
D768 | 4.19 | 0.00%
D1536 | 4.19 | 0.00%
D1279 | 4.18 | 0.00%
D1396 | 4.18 | 0.00%
D1205 | 4.17 | 0.00%
D1436 | 4.16 | 0.00%
D379 | 4.15 | 0.00%
D1316 | 4.11 | 0.00%
D1415 | 4.11 | 0.00%
D797 | 4.11 | 0.00%
D670 | 4.09 | 0.00%
D1291 | 4.08 | 0.00%
D1444 | 4.08 | 0.00%
D1425 | 4.07 | 0.00%
D347 | 4.05 | 0.00%
D1463 | 4.02 | 0.00%
D1384 | 4.02 | 0.00%
D1569 | 4.01 | 0.00%
D536 | 3.94 | 0.00%
D1315 | 3.85 | 0.00%
D881 | 3.82 | 0.00%
D222 | 3.79 | 0.00%
D1481 | 3.77 | 0.00%
D1393 | 3.76 | 0.00%
D521 | 3.76 | 0.00%
D1430 | 3.74 | 0.00%
D1726 | 3.73 | 0.00%
D141 | 3.66 | 0.00%
D529 | 3.63 | 0.00%
D311 | 3.61 | 0.00%
D833 | 3.60 | 0.00%
D1319 | 3.60 | 0.00%
D1412 | 3.58 | 0.00%
D1221 | 3.56 | 0.00%
D312 | 3.56 | 0.00%
D155 | 3.55 | 0.00%
D291 | 3.53 | 0.00%
D1342 | 3.52 | 0.00%
D948 | 3.47 | 0.00%
D230 | 3.47 | 0.00%
D1427 | 3.46 | 0.00%
D1402 | 3.46 | 0.00%
D1357 | 3.44 | 0.00%
D348 | 3.33 | 0.00%
D710 | 3.32 | 0.00%
D1264 | 3.31 | 0.00%
D1329 | 3.31 | 0.00%
D259 | 3.31 | 0.00%
D1282 | 3.30 | 0.00%
D188 | 3.28 | 0.00%
D613 | 3.24 | 0.00%
D229 | 3.24 | 0.00%
D1372 | 3.21 | 0.00%
D520 | 3.18 | 0.00%
D1234 | 3.14 | 0.00%
D407 | 3.12 | 0.00%
D719 | 3.11 | 0.00%
D1274 | 3.09 | 0.00%
D1233 | 3.06 | 0.00%
D712 | 3.05 | 0.00%
D423 | 3.05 | 0.00%
D376 | 3.03 | 0.00%
D1657 | 3.03 | 0.00%
D427 | 2.99 | 0.00%
D1387 | 2.99 | 0.00%
D250 | 2.98 | 0.00%
D317 | 2.97 | 0.00%
D558 | 2.97 | 0.00%
D1509 | 2.91 | 0.00%
D1213 | 2.91 | 0.00%
D1642 | 2.90 | 0.00%
D703 | 2.89 | 0.00%
D678 | 2.88 | 0.00%
D1253 | 2.87 | 0.00%
D1326 | 2.85 | 0.00%
D525 | 2.83 | 0.00%
D1373 | 2.82 | 0.00%
D432 | 2.73 | 0.00%
D1331 | 2.73 | 0.00%
D341 | 2.68 | 0.00%
D1265 | 2.65 | 0.00%
D1613 | 2.64 | 0.00%
D293 | 2.63 | 0.00%
D902 | 2.59 | 0.00%
D1410 | 2.58 | 0.00%
D679 | 2.57 | 0.00%
D733 | 2.57 | 0.00%
D256 | 2.55 | 0.00%
D1573 | 2.50 | 0.00%
D464 | 2.50 | 0.00%
D465 | 2.50 | 0.00%
D1364 | 2.49 | 0.00%
D1356 | 2.49 | 0.00%
D1401 | 2.46 | 0.00%
D690 | 2.46 | 0.00%
D1290 | 2.45 | 0.00%
D519 | 2.39 | 0.00%
D116 | 2.39 | 0.00%
D318 | 2.37 | 0.00%
D652 | 2.37 | 0.00%
D290 | 2.37 | 0.00%
D349 | 2.36 | 0.00%
D1398 | 2.35 | 0.00%
D1749 | 2.35 | 0.00%
D426 | 2.33 | 0.00%
D1225 | 2.33 | 0.00%
D1266 | 2.32 | 0.00%
D606 | 2.32 | 0.00%
D1730 | 2.32 | 0.00%
D134 | 2.28 | 0.00%
D629 | 2.25 | 0.00%
D760 | 2.23 | 0.00%
D1230 | 2.21 | 0.00%
D1660 | 2.20 | 0.00%
D563 | 2.19 | 0.00%
D428 | 2.17 | 0.00%
D148 | 2.16 | 0.00%
D1194 | 2.15 | 0.00%
D1336 | 2.15 | 0.00%
D1413 | 2.15 | 0.00%
D498 | 2.14 | 0.00%
D1283 | 2.11 | 0.00%
D326 | 2.09 | 0.00%
D771 | 2.09 | 0.00%
D329 | 2.09 | 0.00%
D1314 | 2.05 | 0.00%
D1556 | 2.04 | 0.00%
D875 | 2.03 | 0.00%
D1328 | 2.03 | 0.00%
D1695 | 2.03 | 0.00%
D713 | 2.02 | 0.00%
D882 | 2.02 | 0.00%
D850 | 2.02 | 0.00%
D1246 | 2.01 | 0.00%
D642 | 2.01 | 0.00%
D499 | 1.99 | 0.00%
D1679 | 1.97 | 0.00%
D1681 | 1.94 | 0.00%
D1284 | 1.94 | 0.00%
D731 | 1.94 | 0.00%
D169 | 1.94 | 0.00%
D681 | 1.93 | 0.00%
D231 | 1.92 | 0.00%
D1448 | 1.91 | 0.00%
D184 | 1.91 | 0.00%
D1317 | 1.90 | 0.00%
D1320 | 1.88 | 0.00%
D722 | 1.86 | 0.00%
D528 | 1.85 | 0.00%
D1577 | 1.82 | 0.00%
D433 | 1.82 | 0.00%
D601 | 1.79 | 0.00%
D325 | 1.79 | 0.00%
D1368 | 1.78 | 0.00%
D1510 | 1.78 | 0.00%
D395 | 1.77 | 0.00%
D274 | 1.76 | 0.00%
D382 | 1.76 | 0.00%
D156 | 1.73 | 0.00%
D358 | 1.72 | 0.00%
D864 | 1.71 | 0.00%
D538 | 1.69 | 0.00%
D286 | 1.68 | 0.00%
D1269 | 1.68 | 0.00%
D1391 | 1.67 | 0.00%
D365 | 1.66 | 0.00%
D692 | 1.65 | 0.00%
D283 | 1.65 | 0.00%
D1231 | 1.63 | 0.00%
D846 | 1.63 | 0.00%
D759 | 1.61 | 0.00%
D1292 | 1.60 | 0.00%
D1552 | 1.60 | 0.00%
D1442 | 1.59 | 0.00%
D328 | 1.57 | 0.00%
D886 | 1.55 | 0.00%
D630 | 1.54 | 0.00%
D1349 | 1.54 | 0.00%
D776 | 1.53 | 0.00%
D1348 | 1.53 | 0.00%
D576 | 1.51 | 0.00%
D887 | 1.51 | 0.00%
D929 | 1.50 | 0.00%
D798 | 1.49 | 0.00%
D1216 | 1.49 | 0.00%
D637 | 1.46 | 0.00%
D1567 | 1.42 | 0.00%
D1541 | 1.42 | 0.00%
D491 | 1.40 | 0.00%
D448 | 1.40 | 0.00%
D307 | 1.39 | 0.00%
D787 | 1.38 | 0.00%
D1725 | 1.37 | 0.00%
D497 | 1.37 | 0.00%
D620 | 1.36 | 0.00%
D604 | 1.36 | 0.00%
D1399 | 1.36 | 0.00%
D1451 | 1.31 | 0.00%
D667 | 1.30 | 0.00%
D648 | 1.29 | 0.00%
D77 | 1.28 | 0.00%
D412 | 1.27 | 0.00%
D1645 | 1.24 | 0.00%
D190 | 1.23 | 0.00%
D252 | 1.23 | 0.00%
D1464 | 1.23 | 0.00%
D723 | 1.22 | 0.00%
D849 | 1.20 | 0.00%
D816 | 1.16 | 0.00%
D1655 | 1.15 | 0.00%
D1277 | 1.13 | 0.00%
D693 | 1.13 | 0.00%
D903 | 1.12 | 0.00%
D115 | 1.10 | 0.00%
D1516 | 1.10 | 0.00%
D524 | 1.10 | 0.00%
D530 | 1.08 | 0.00%
D645 | 1.07 | 0.00%
D1545 | 1.07 | 0.00%
D598 | 1.06 | 0.00%
D1439 | 1.06 | 0.00%
D1343 | 1.04 | 0.00%
D1540 | 1.04 | 0.00%
D1322 | 1.03 | 0.00%
D1596 | 1.02 | 0.00%
D914 | 1.02 | 0.00%
D709 | 1.02 | 0.00%
D732 | 0.99 | 0.00%
D561 | 0.99 | 0.00%
D883 | 0.98 | 0.00%
D1466 | 0.98 | 0.00%
D346 | 0.98 | 0.00%
D668 | 0.98 | 0.00%
D653 | 0.97 | 0.00%
D896 | 0.96 | 0.00%
D23 | 0.95 | 0.00%
D288 | 0.95 | 0.00%
D866 | 0.95 | 0.00%
D574 | 0.94 | 0.00%
D735 | 0.93 | 0.00%
D680 | 0.92 | 0.00%
D478 | 0.91 | 0.00%
D364 | 0.91 | 0.00%
D368 | 0.91 | 0.00%
D280 | 0.91 | 0.00%
D323 | 0.90 | 0.00%
D724 | 0.90 | 0.00%
D1717 | 0.89 | 0.00%
D551 | 0.89 | 0.00%
D344 | 0.88 | 0.00%
D1428 | 0.88 | 0.00%
D1395 | 0.88 | 0.00%
D1770 | 0.87 | 0.00%
D527 | 0.86 | 0.00%
D591 | 0.84 | 0.00%
D564 | 0.84 | 0.00%
D1748 | 0.83 | 0.00%
D1382 | 0.83 | 0.00%
D1494 | 0.82 | 0.00%
D1637 | 0.80 | 0.00%
D930 | 0.79 | 0.00%
D380 | 0.79 | 0.00%
D1470 | 0.78 | 0.00%
D755 | 0.78 | 0.00%
D1599 | 0.77 | 0.00%
D1232 | 0.77 | 0.00%
D1420 | 0.76 | 0.00%
D431 | 0.76 | 0.00%
D848 | 0.75 | 0.00%
D1275 | 0.74 | 0.00%
D1450 | 0.71 | 0.00%
D1592 | 0.70 | 0.00%
D542 | 0.69 | 0.00%
D1741 | 0.66 | 0.00%
D778 | 0.66 | 0.00%
D270 | 0.65 | 0.00%
D272 | 0.64 | 0.00%
D276 | 0.64 | 0.00%
D1537 | 0.63 | 0.00%
D258 | 0.62 | 0.00%
D28 | 0.62 | 0.00%
D1235 | 0.61 | 0.00%
D1362 | 0.61 | 0.00%
D773 | 0.61 | 0.00%
D269 | 0.59 | 0.00%
D863 | 0.59 | 0.00%
D1406 | 0.58 | 0.00%
D394 | 0.57 | 0.00%
D550 | 0.57 | 0.00%
D1532 | 0.57 | 0.00%
D1434 | 0.56 | 0.00%
D895 | 0.56 | 0.00%
D1455 | 0.55 | 0.00%
D273 | 0.55 | 0.00%
D1239 | 0.55 | 0.00%
D717 | 0.54 | 0.00%
D1453 | 0.54 | 0.00%
D865 | 0.53 | 0.00%
D408 | 0.53 | 0.00%
D1330 | 0.52 | 0.00%
D715 | 0.51 | 0.00%
D381 | 0.51 | 0.00%
D1734 | 0.50 | 0.00%
D644 | 0.50 | 0.00%
D790 | 0.50 | 0.00%
D707 | 0.49 | 0.00%
D640 | 0.49 | 0.00%
D1313 | 0.48 | 0.00%
D1690 | 0.48 | 0.00%
D867 | 0.47 | 0.00%
D486 | 0.46 | 0.00%
D1693 | 0.43 | 0.00%
D1602 | 0.42 | 0.00%
D1629 | 0.41 | 0.00%
D267 | 0.41 | 0.00%
D658 | 0.41 | 0.00%
D1491 | 0.41 | 0.00%
D1619 | 0.40 | 0.00%
D1709 | 0.39 | 0.00%
D1738 | 0.38 | 0.00%
D501 | 0.37 | 0.00%
D506 | 0.37 | 0.00%
D1523 | 0.37 | 0.00%
D1578 | 0.35 | 0.00%
D706 | 0.35 | 0.00%
D1646 | 0.35 | 0.00%
D1527 | 0.35 | 0.00%
D1255 | 0.35 | 0.00%
D1520 | 0.34 | 0.00%
D885 | 0.34 | 0.00%
D1560 | 0.34 | 0.00%
D477 | 0.34 | 0.00%
D279 | 0.33 | 0.00%
D1743 | 0.33 | 0.00%
D1670 | 0.32 | 0.00%
D1647 | 0.32 | 0.00%
D1628 | 0.31 | 0.00%
D908 | 0.31 | 0.00%
D539 | 0.30 | 0.00%
D171 | 0.30 | 0.00%
D1663 | 0.29 | 0.00%
D1531 | 0.29 | 0.00%
D1756 | 0.25 | 0.00%
D1465 | 0.24 | 0.00%
D1755 | 0.24 | 0.00%
D835 | 0.23 | 0.00%
D1506 | 0.23 | 0.00%
D1539 | 0.23 | 0.00%
D671 | 0.23 | 0.00%
D1625 | 0.23 | 0.00%
D1558 | 0.21 | 0.00%
D400 | 0.21 | 0.00%
D1458 | 0.20 | 0.00%
D1337 | 0.19 | 0.00%
D1759 | 0.19 | 0.00%
D1479 | 0.19 | 0.00%
D1497 | 0.18 | 0.00%
D1215 | 0.18 | 0.00%
D342 | 0.18 | 0.00%
D555 | 0.18 | 0.00%
D761 | 0.17 | 0.00%
D125 | 0.17 | 0.00%
D1485 | 0.17 | 0.00%
D818 | 0.17 | 0.00%
D1763 | 0.17 | 0.00%
D316 | 0.16 | 0.00%
D795 | 0.16 | 0.00%
D784 | 0.15 | 0.00%
D694 | 0.14 | 0.00%
D714 | 0.13 | 0.00%
D940 | 0.12 | 0.00%
D1683 | 0.12 | 0.00%
D1440 | 0.11 | 0.00%
D489 | 0.11 | 0.00%
D589 | 0.11 | 0.00%
D450 | 0.10 | 0.00%
D757 | 0.10 | 0.00%
D1636 | 0.10 | 0.00%
D1524 | 0.10 | 0.00%
D1408 | 0.08 | 0.00%
D580 | 0.08 | 0.00%
D411 | 0.08 | 0.00%
D1456 | 0.08 | 0.00%
D434 | 0.07 | 0.00%
D332 | 0.06 | 0.00%
D772 | 0.06 | 0.00%
D422 | 0.06 | 0.00%
D251 | 0.06 | 0.00%
D297 | 0.05 | 0.00%
D264 | 0.05 | 0.00%
D1746 | 0.05 | 0.00%
D871 | 0.05 | 0.00%
D633 | 0.04 | 0.00%
D298 | 0.04 | 0.00%
D579 | 0.04 | 0.00%
D1575 | 0.04 | 0.00%
D1754 | 0.03 | 0.00%
D1521 | 0.03 | 0.00%
D1389 | 0.03 | 0.00%
D552 | 0.03 | 0.00%
D915 | 0.03 | 0.00%
D1543 | 0.03 | 0.00%
D1299 | 0.03 | 0.00%
D1495 | 0.02 | 0.00%
D819 | 0.02 | 0.00%
D507 | 0.01 | 0.00%
D943 | 0.01 | 0.00%
D1522 | 0.00 | 0.00%
D1658 | 0.00 | 0.00%
D737 | 0.00 | 0.00%
D170 | 0.00 | 0.00%
D566 | 0.00 | 0.00%
D265 | 0.00 | 0.00%
D634 | 0.00 | 0.00%
D72 | 0.00 | 0.00%
D179 | 0.00 | 0.00%
D193 | 0.00 | 0.00%
D232 | 0.00 | 0.00%
D234 | 0.00 | 0.00%
D235 | 0.00 | 0.00%
D238 | 0.00 | 0.00%
D240 | 0.00 | 0.00%
D241 | 0.00 | 0.00%
D242 | 0.00 | 0.00%
D244 | 0.00 | 0.00%
D247 | 0.00 | 0.00%
D253 | 0.00 | 0.00%
D255 | 0.00 | 0.00%
D257 | 0.00 | 0.00%
D263 | 0.00 | 0.00%
D266 | 0.00 | 0.00%
D271 | 0.00 | 0.00%
D277 | 0.00 | 0.00%
D278 | 0.00 | 0.00%
D284 | 0.00 | 0.00%
D285 | 0.00 | 0.00%
D287 | 0.00 | 0.00%
D292 | 0.00 | 0.00%
D294 | 0.00 | 0.00%
D295 | 0.00 | 0.00%
D296 | 0.00 | 0.00%
D299 | 0.00 | 0.00%
D300 | 0.00 | 0.00%
D301 | 0.00 | 0.00%
D302 | 0.00 | 0.00%
D303 | 0.00 | 0.00%
D304 | 0.00 | 0.00%
D305 | 0.00 | 0.00%
D306 | 0.00 | 0.00%
D308 | 0.00 | 0.00%
D321 | 0.00 | 0.00%
D322 | 0.00 | 0.00%
D324 | 0.00 | 0.00%
D330 | 0.00 | 0.00%
D333 | 0.00 | 0.00%
D345 | 0.00 | 0.00%
D353 | 0.00 | 0.00%
D354 | 0.00 | 0.00%
D356 | 0.00 | 0.00%
D357 | 0.00 | 0.00%
D369 | 0.00 | 0.00%
D370 | 0.00 | 0.00%
D371 | 0.00 | 0.00%
D372 | 0.00 | 0.00%
D383 | 0.00 | 0.00%
D384 | 0.00 | 0.00%
D385 | 0.00 | 0.00%
D396 | 0.00 | 0.00%
D397 | 0.00 | 0.00%
D398 | 0.00 | 0.00%
D399 | 0.00 | 0.00%
D401 | 0.00 | 0.00%
D402 | 0.00 | 0.00%
D403 | 0.00 | 0.00%
D404 | 0.00 | 0.00%
D405 | 0.00 | 0.00%
D406 | 0.00 | 0.00%
D414 | 0.00 | 0.00%
D424 | 0.00 | 0.00%
D425 | 0.00 | 0.00%
D435 | 0.00 | 0.00%
D437 | 0.00 | 0.00%
D438 | 0.00 | 0.00%
D439 | 0.00 | 0.00%
D467 | 0.00 | 0.00%
D468 | 0.00 | 0.00%
D483 | 0.00 | 0.00%
D484 | 0.00 | 0.00%
D485 | 0.00 | 0.00%
D487 | 0.00 | 0.00%
D488 | 0.00 | 0.00%
D490 | 0.00 | 0.00%
D500 | 0.00 | 0.00%
D502 | 0.00 | 0.00%
D508 | 0.00 | 0.00%
D509 | 0.00 | 0.00%
D510 | 0.00 | 0.00%
D511 | 0.00 | 0.00%
D523 | 0.00 | 0.00%
D531 | 0.00 | 0.00%
D532 | 0.00 | 0.00%
D533 | 0.00 | 0.00%
D540 | 0.00 | 0.00%
D541 | 0.00 | 0.00%
D553 | 0.00 | 0.00%
D565 | 0.00 | 0.00%
D567 | 0.00 | 0.00%
D568 | 0.00 | 0.00%
D570 | 0.00 | 0.00%
D571 | 0.00 | 0.00%
D572 | 0.00 | 0.00%
D573 | 0.00 | 0.00%
D575 | 0.00 | 0.00%
D577 | 0.00 | 0.00%
D578 | 0.00 | 0.00%
D581 | 0.00 | 0.00%
D592 | 0.00 | 0.00%
D593 | 0.00 | 0.00%
D602 | 0.00 | 0.00%
D605 | 0.00 | 0.00%
D618 | 0.00 | 0.00%
D619 | 0.00 | 0.00%
D631 | 0.00 | 0.00%
D632 | 0.00 | 0.00%
D638 | 0.00 | 0.00%
D639 | 0.00 | 0.00%
D641 | 0.00 | 0.00%
D643 | 0.00 | 0.00%
D646 | 0.00 | 0.00%
D647 | 0.00 | 0.00%
D654 | 0.00 | 0.00%
D655 | 0.00 | 0.00%
D657 | 0.00 | 0.00%
D669 | 0.00 | 0.00%
D682 | 0.00 | 0.00%
D683 | 0.00 | 0.00%
D684 | 0.00 | 0.00%
D695 | 0.00 | 0.00%
D696 | 0.00 | 0.00%
D708 | 0.00 | 0.00%
D716 | 0.00 | 0.00%
D718 | 0.00 | 0.00%
D720 | 0.00 | 0.00%
D721 | 0.00 | 0.00%
D725 | 0.00 | 0.00%
D726 | 0.00 | 0.00%
D727 | 0.00 | 0.00%
D736 | 0.00 | 0.00%
D738 | 0.00 | 0.00%
D743 | 0.00 | 0.00%
D744 | 0.00 | 0.00%
D745 | 0.00 | 0.00%
D746 | 0.00 | 0.00%
D758 | 0.00 | 0.00%
D774 | 0.00 | 0.00%
D779 | 0.00 | 0.00%
D780 | 0.00 | 0.00%
D781 | 0.00 | 0.00%
D782 | 0.00 | 0.00%
D783 | 0.00 | 0.00%
D785 | 0.00 | 0.00%
D786 | 0.00 | 0.00%
D788 | 0.00 | 0.00%
D789 | 0.00 | 0.00%
D796 | 0.00 | 0.00%
D799 | 0.00 | 0.00%
D800 | 0.00 | 0.00%
D804 | 0.00 | 0.00%
D805 | 0.00 | 0.00%
D817 | 0.00 | 0.00%
D820 | 0.00 | 0.00%
D821 | 0.00 | 0.00%
D822 | 0.00 | 0.00%
D823 | 0.00 | 0.00%
D824 | 0.00 | 0.00%
D825 | 0.00 | 0.00%
D826 | 0.00 | 0.00%
D827 | 0.00 | 0.00%
D828 | 0.00 | 0.00%
D829 | 0.00 | 0.00%
D830 | 0.00 | 0.00%
D831 | 0.00 | 0.00%
D834 | 0.00 | 0.00%
D836 | 0.00 | 0.00%
D837 | 0.00 | 0.00%
D838 | 0.00 | 0.00%
D839 | 0.00 | 0.00%
D840 | 0.00 | 0.00%
D847 | 0.00 | 0.00%
D851 | 0.00 | 0.00%
D852 | 0.00 | 0.00%
D853 | 0.00 | 0.00%
D854 | 0.00 | 0.00%
D855 | 0.00 | 0.00%
D856 | 0.00 | 0.00%
D857 | 0.00 | 0.00%
D858 | 0.00 | 0.00%
D859 | 0.00 | 0.00%
D860 | 0.00 | 0.00%
D861 | 0.00 | 0.00%
D862 | 0.00 | 0.00%
D868 | 0.00 | 0.00%
D869 | 0.00 | 0.00%
D870 | 0.00 | 0.00%
D872 | 0.00 | 0.00%
D873 | 0.00 | 0.00%
D874 | 0.00 | 0.00%
D876 | 0.00 | 0.00%
D877 | 0.00 | 0.00%
D878 | 0.00 | 0.00%
D879 | 0.00 | 0.00%
D888 | 0.00 | 0.00%
D897 | 0.00 | 0.00%
D898 | 0.00 | 0.00%
D899 | 0.00 | 0.00%
D905 | 0.00 | 0.00%
D906 | 0.00 | 0.00%
D907 | 0.00 | 0.00%
D909 | 0.00 | 0.00%
D910 | 0.00 | 0.00%
D919 | 0.00 | 0.00%
D920 | 0.00 | 0.00%
D921 | 0.00 | 0.00%
D922 | 0.00 | 0.00%
D923 | 0.00 | 0.00%
D924 | 0.00 | 0.00%
D931 | 0.00 | 0.00%
D941 | 0.00 | 0.00%
D942 | 0.00 | 0.00%
D944 | 0.00 | 0.00%
D945 | 0.00 | 0.00%
D946 | 0.00 | 0.00%
D1306 | 0.00 | 0.00%
D1312 | 0.00 | 0.00%
D1366 | 0.00 | 0.00%
D1385 | 0.00 | 0.00%
D1452 | 0.00 | 0.00%
D1454 | 0.00 | 0.00%
D1457 | 0.00 | 0.00%
D1459 | 0.00 | 0.00%
D1460 | 0.00 | 0.00%
D1461 | 0.00 | 0.00%
D1462 | 0.00 | 0.00%
D1467 | 0.00 | 0.00%
D1468 | 0.00 | 0.00%
D1469 | 0.00 | 0.00%
D1471 | 0.00 | 0.00%
D1473 | 0.00 | 0.00%
D1474 | 0.00 | 0.00%
D1475 | 0.00 | 0.00%
D1476 | 0.00 | 0.00%
D1477 | 0.00 | 0.00%
D1478 | 0.00 | 0.00%
D1480 | 0.00 | 0.00%
D1482 | 0.00 | 0.00%
D1483 | 0.00 | 0.00%
D1484 | 0.00 | 0.00%
D1486 | 0.00 | 0.00%
D1487 | 0.00 | 0.00%
D1488 | 0.00 | 0.00%
D1489 | 0.00 | 0.00%
D1490 | 0.00 | 0.00%
D1492 | 0.00 | 0.00%
D1493 | 0.00 | 0.00%
D1496 | 0.00 | 0.00%
D1498 | 0.00 | 0.00%
D1499 | 0.00 | 0.00%
D1500 | 0.00 | 0.00%
D1501 | 0.00 | 0.00%
D1502 | 0.00 | 0.00%
D1503 | 0.00 | 0.00%
D1504 | 0.00 | 0.00%
D1505 | 0.00 | 0.00%
D1507 | 0.00 | 0.00%
D1508 | 0.00 | 0.00%
D1511 | 0.00 | 0.00%
D1512 | 0.00 | 0.00%
D1514 | 0.00 | 0.00%
D1515 | 0.00 | 0.00%
D1517 | 0.00 | 0.00%
D1518 | 0.00 | 0.00%
D1519 | 0.00 | 0.00%
D1525 | 0.00 | 0.00%
D1528 | 0.00 | 0.00%
D1529 | 0.00 | 0.00%
D1530 | 0.00 | 0.00%
D1533 | 0.00 | 0.00%
D1534 | 0.00 | 0.00%
D1535 | 0.00 | 0.00%
D1538 | 0.00 | 0.00%
D1542 | 0.00 | 0.00%
D1544 | 0.00 | 0.00%
D1546 | 0.00 | 0.00%
D1547 | 0.00 | 0.00%
D1548 | 0.00 | 0.00%
D1549 | 0.00 | 0.00%
D1550 | 0.00 | 0.00%
D1551 | 0.00 | 0.00%
D1553 | 0.00 | 0.00%
D1554 | 0.00 | 0.00%
D1555 | 0.00 | 0.00%
D1557 | 0.00 | 0.00%
D1559 | 0.00 | 0.00%
D1562 | 0.00 | 0.00%
D1563 | 0.00 | 0.00%
D1564 | 0.00 | 0.00%
D1565 | 0.00 | 0.00%
D1566 | 0.00 | 0.00%
D1568 | 0.00 | 0.00%
D1570 | 0.00 | 0.00%
D1571 | 0.00 | 0.00%
D1572 | 0.00 | 0.00%
D1574 | 0.00 | 0.00%
D1576 | 0.00 | 0.00%
D1579 | 0.00 | 0.00%
D1580 | 0.00 | 0.00%
D1581 | 0.00 | 0.00%
D1582 | 0.00 | 0.00%
D1583 | 0.00 | 0.00%
D1585 | 0.00 | 0.00%
D1586 | 0.00 | 0.00%
D1587 | 0.00 | 0.00%
D1588 | 0.00 | 0.00%
D1589 | 0.00 | 0.00%
D1590 | 0.00 | 0.00%
D1593 | 0.00 | 0.00%
D1594 | 0.00 | 0.00%
D1595 | 0.00 | 0.00%
D1597 | 0.00 | 0.00%
D1598 | 0.00 | 0.00%
D1600 | 0.00 | 0.00%
D1601 | 0.00 | 0.00%
D1603 | 0.00 | 0.00%
D1604 | 0.00 | 0.00%
D1605 | 0.00 | 0.00%
D1606 | 0.00 | 0.00%
D1607 | 0.00 | 0.00%
D1608 | 0.00 | 0.00%
D1609 | 0.00 | 0.00%
D1610 | 0.00 | 0.00%
D1611 | 0.00 | 0.00%
D1612 | 0.00 | 0.00%
D1614 | 0.00 | 0.00%
D1615 | 0.00 | 0.00%
D1616 | 0.00 | 0.00%
D1617 | 0.00 | 0.00%
D1618 | 0.00 | 0.00%
D1620 | 0.00 | 0.00%
D1621 | 0.00 | 0.00%
D1622 | 0.00 | 0.00%
D1623 | 0.00 | 0.00%
D1624 | 0.00 | 0.00%
D1626 | 0.00 | 0.00%
D1627 | 0.00 | 0.00%
D1630 | 0.00 | 0.00%
D1631 | 0.00 | 0.00%
D1632 | 0.00 | 0.00%
D1633 | 0.00 | 0.00%
D1634 | 0.00 | 0.00%
D1635 | 0.00 | 0.00%
D1638 | 0.00 | 0.00%
D1639 | 0.00 | 0.00%
D1640 | 0.00 | 0.00%
D1641 | 0.00 | 0.00%
D1643 | 0.00 | 0.00%
D1648 | 0.00 | 0.00%
D1649 | 0.00 | 0.00%
D1650 | 0.00 | 0.00%
D1651 | 0.00 | 0.00%
D1652 | 0.00 | 0.00%
D1653 | 0.00 | 0.00%
D1654 | 0.00 | 0.00%
D1656 | 0.00 | 0.00%
D1659 | 0.00 | 0.00%
D1661 | 0.00 | 0.00%
D1662 | 0.00 | 0.00%
D1664 | 0.00 | 0.00%
D1665 | 0.00 | 0.00%
D1666 | 0.00 | 0.00%
D1667 | 0.00 | 0.00%
D1668 | 0.00 | 0.00%
D1669 | 0.00 | 0.00%
D1671 | 0.00 | 0.00%
D1672 | 0.00 | 0.00%
D1673 | 0.00 | 0.00%
D1674 | 0.00 | 0.00%
D1675 | 0.00 | 0.00%
D1676 | 0.00 | 0.00%
D1677 | 0.00 | 0.00%
D1678 | 0.00 | 0.00%
D1680 | 0.00 | 0.00%
D1682 | 0.00 | 0.00%
D1684 | 0.00 | 0.00%
D1685 | 0.00 | 0.00%
D1686 | 0.00 | 0.00%
D1687 | 0.00 | 0.00%
D1688 | 0.00 | 0.00%
D1689 | 0.00 | 0.00%
D1691 | 0.00 | 0.00%
D1692 | 0.00 | 0.00%
D1694 | 0.00 | 0.00%
D1696 | 0.00 | 0.00%
D1697 | 0.00 | 0.00%
D1698 | 0.00 | 0.00%
D1699 | 0.00 | 0.00%
D1700 | 0.00 | 0.00%
D1701 | 0.00 | 0.00%
D1702 | 0.00 | 0.00%
D1703 | 0.00 | 0.00%
D1704 | 0.00 | 0.00%
D1705 | 0.00 | 0.00%
D1706 | 0.00 | 0.00%
D1707 | 0.00 | 0.00%
D1708 | 0.00 | 0.00%
D1710 | 0.00 | 0.00%
D1711 | 0.00 | 0.00%
D1712 | 0.00 | 0.00%
D1713 | 0.00 | 0.00%
D1714 | 0.00 | 0.00%
D1715 | 0.00 | 0.00%
D1716 | 0.00 | 0.00%
D1718 | 0.00 | 0.00%
D1719 | 0.00 | 0.00%
D1720 | 0.00 | 0.00%
D1721 | 0.00 | 0.00%
D1722 | 0.00 | 0.00%
D1723 | 0.00 | 0.00%
D1724 | 0.00 | 0.00%
D1727 | 0.00 | 0.00%
D1728 | 0.00 | 0.00%
D1731 | 0.00 | 0.00%
D1732 | 0.00 | 0.00%
D1733 | 0.00 | 0.00%
D1735 | 0.00 | 0.00%
D1736 | 0.00 | 0.00%
D1737 | 0.00 | 0.00%
D1739 | 0.00 | 0.00%
D1740 | 0.00 | 0.00%
D1742 | 0.00 | 0.00%
D1744 | 0.00 | 0.00%
D1745 | 0.00 | 0.00%
D1747 | 0.00 | 0.00%
D1750 | 0.00 | 0.00%
D1751 | 0.00 | 0.00%
D1752 | 0.00 | 0.00%
D1753 | 0.00 | 0.00%
D1757 | 0.00 | 0.00%
D1760 | 0.00 | 0.00%
D1761 | 0.00 | 0.00%
D1762 | 0.00 | 0.00%
D1764 | 0.00 | 0.00%
D1765 | 0.00 | 0.00%
D1766 | 0.00 | 0.00%
D1767 | 0.00 | 0.00%
D1769 | 0.00 | 0.00%
D1771 | 0.00 | 0.00%
D1772 | 0.00 | 0.00%
D1773 | 0.00 | 0.00%
D1774 | 0.00 | 0.00%
D1775 | 0.00 | 0.00%
D1776 | 0.00 | 0.00%

=====================================================================
METRIC TYPE                                  | VALUE / PROFILE
=====================================================================
Embedding Share                              | 0.00%
Raw Feature Share                            | 100.00%
---------------------------------------------------------------------
Active Text Embedding Density                | 0.00% (0/0)
Active Raw Tabular Feature Density           | 74.83% (1329/1776)
---------------------------------------------------------------------
Top-5 Concentration Ratio (CR5)              | 23.67% of total decision weight
Top-10 Concentration Ratio (CR10)            | 27.77% of total decision weight
=====================================================================

Total Pipeline Execution Time: 3236.61 seconds

[SUCCESS] Permanent artifacts safely written to 'outputs/training-1/'
[W&B] Artifacts and localized metrics logged successfully for bioresponse_raw-only_xgboost
