[W&B] Child process started for job: food_delivery_time_combined_catboost in group session-training-4
Loading archive 'archives/food_delivery_time.npz' and initializing pipeline for target: CATBOOST...
Execution Mode: COMBINED
Session Output Target: outputs/training-4/
Task Type: REGRESSION
TabPFN Baselines Loaded - Primary: 7.4065 | Secondary: 0.3650
PCA reduced text embeddings to 34 components.
Final training matrix shape assembled for COMBINED: (36360, 43)

Running 26-Trial Optuna Study for CATBOOST (COMBINED)...
A new study created in RDB with name: 20260624_173717_food_delivery_time_combined_catboost
Trial 0 finished with value: 7.490454024887659 and parameters: {}. Best is trial 0 with value: 7.490454024887659.
Trial 1 finished with value: 7.322211520842272 and parameters: {'learning_rate': 0.015355286838886862, 'bootstrap_type': 'Bernoulli', 'subsample': 0.9852142919229748, 'grow_policy': 'SymmetricTree', 'depth': 4, 'colsample_bylevel': 0.8733991780504303, 'l2_leaf_reg': 0.00018747059221802545, 'leaf_estimation_iterations': 12, 'one_hot_max_size': 36, 'model_size_reg': 0.6803900745073703, 'max_ctr_complexity': 2, 'boosting_type': 'Plain', 'max_bin': 254}. Best is trial 1 with value: 7.322211520842272.
Trial 2 finished with value: 7.331633488133042 and parameters: {'learning_rate': 0.09138013915892866, 'bootstrap_type': 'Bernoulli', 'subsample': 0.9497327922401265, 'grow_policy': 'SymmetricTree', 'depth': 4, 'colsample_bylevel': 0.8956363364439306, 'l2_leaf_reg': 0.02922905212920092, 'leaf_estimation_iterations': 2, 'one_hot_max_size': 16, 'model_size_reg': 0.5243180891902851, 'max_ctr_complexity': 2, 'boosting_type': 'Plain', 'max_bin': 254}. Best is trial 1 with value: 7.322211520842272.
Trial 3 finished with value: 7.318931954286837 and parameters: {'learning_rate': 0.011996621453406362, 'bootstrap_type': 'Bernoulli', 'subsample': 0.8099085529881075, 'grow_policy': 'Depthwise', 'depth': 4, 'colsample_bylevel': 0.9271351657620417, 'l2_leaf_reg': 0.06077686426194464, 'leaf_estimation_iterations': 1, 'one_hot_max_size': 36, 'model_size_reg': 0.15869086642715013, 'max_ctr_complexity': 2, 'boosting_type': 'Plain', 'max_bin': 254}. Best is trial 3 with value: 7.318931954286837.
Trial 4 finished with value: 7.330806579857971 and parameters: {'learning_rate': 0.08580222514877409, 'bootstrap_type': 'Bernoulli', 'subsample': 0.9896896099223678, 'grow_policy': 'SymmetricTree', 'depth': 4, 'colsample_bylevel': 0.9526349539768235, 'l2_leaf_reg': 0.011702088154220882, 'leaf_estimation_iterations': 1, 'one_hot_max_size': 27, 'model_size_reg': 0.10975998502129433, 'max_ctr_complexity': 5, 'boosting_type': 'Plain', 'max_bin': 254}. Best is trial 3 with value: 7.318931954286837.
Trial 5 finished with value: 7.318582150944589 and parameters: {'learning_rate': 0.010855517271883068, 'bootstrap_type': 'Bernoulli', 'subsample': 0.8987566853061946, 'grow_policy': 'Depthwise', 'depth': 6, 'colsample_bylevel': 0.877728168328829, 'l2_leaf_reg': 3.597899951374983, 'leaf_estimation_iterations': 9, 'one_hot_max_size': 86, 'model_size_reg': 1.128232550122133, 'max_ctr_complexity': 4, 'boosting_type': 'Plain', 'max_bin': 254}. Best is trial 5 with value: 7.318582150944589.
Trial 6 finished with value: 7.331393714312886 and parameters: {'learning_rate': 0.07913270952323785, 'bootstrap_type': 'Bernoulli', 'subsample': 0.7265477506155759, 'grow_policy': 'SymmetricTree', 'depth': 5, 'colsample_bylevel': 0.9083015934534223, 'l2_leaf_reg': 0.001883913511943895, 'leaf_estimation_iterations': 11, 'one_hot_max_size': 19, 'model_size_reg': 0.21399549030176218, 'max_ctr_complexity': 4, 'boosting_type': 'Plain', 'max_bin': 254}. Best is trial 5 with value: 7.318582150944589.
Trial 7 finished with value: 7.316167665509796 and parameters: {'learning_rate': 0.007626348515257587, 'bootstrap_type': 'Bernoulli', 'subsample': 0.9406590942262119, 'grow_policy': 'Depthwise', 'depth': 7, 'colsample_bylevel': 0.8798073522301258, 'l2_leaf_reg': 0.00010615690854925657, 'leaf_estimation_iterations': 10, 'one_hot_max_size': 47, 'model_size_reg': 0.7200770311577639, 'max_ctr_complexity': 5, 'boosting_type': 'Plain', 'max_bin': 254}. Best is trial 7 with value: 7.316167665509796.
Trial 8 finished with value: 7.317243364413401 and parameters: {'learning_rate': 0.006241720498669827, 'bootstrap_type': 'Bernoulli', 'subsample': 0.8075397185632818, 'grow_policy': 'Depthwise', 'depth': 7, 'colsample_bylevel': 0.8996347037278973, 'l2_leaf_reg': 0.00019891099118865958, 'leaf_estimation_iterations': 2, 'one_hot_max_size': 17, 'model_size_reg': 0.7212460519889856, 'max_ctr_complexity': 4, 'boosting_type': 'Plain', 'max_bin': 254}. Best is trial 7 with value: 7.316167665509796.
Trial 9 finished with value: 7.357547598835451 and parameters: {'learning_rate': 0.07132805718188966, 'bootstrap_type': 'Bernoulli', 'subsample': 0.8416644775485848, 'grow_policy': 'Depthwise', 'depth': 7, 'colsample_bylevel': 0.9341915796354244, 'l2_leaf_reg': 0.4195190175255899, 'leaf_estimation_iterations': 3, 'one_hot_max_size': 29, 'model_size_reg': 0.318293122389662, 'max_ctr_complexity': 2, 'boosting_type': 'Plain', 'max_bin': 254}. Best is trial 7 with value: 7.316167665509796.
Trial 10 finished with value: 7.335544077522141 and parameters: {'learning_rate': 0.03240424724296597, 'bootstrap_type': 'Bernoulli', 'subsample': 0.701799154886745, 'grow_policy': 'Depthwise', 'depth': 8, 'colsample_bylevel': 0.994248489293539, 'l2_leaf_reg': 0.0025843128549611844, 'leaf_estimation_iterations': 5, 'one_hot_max_size': 8, 'model_size_reg': 1.3206749356439977, 'max_ctr_complexity': 5, 'boosting_type': 'Plain', 'max_bin': 254}. Best is trial 7 with value: 7.316167665509796.
Trial 11 finished with value: 7.323709654500605 and parameters: {'learning_rate': 0.005160968868344048, 'bootstrap_type': 'Bernoulli', 'subsample': 0.7938486548065454, 'grow_policy': 'Depthwise', 'depth': 7, 'colsample_bylevel': 0.8590619822699883, 'l2_leaf_reg': 0.00011503802445361178, 'leaf_estimation_iterations': 18, 'one_hot_max_size': 77, 'model_size_reg': 0.7232953892120296, 'max_ctr_complexity': 4, 'boosting_type': 'Plain', 'max_bin': 254}. Best is trial 7 with value: 7.316167665509796.
Trial 12 finished with value: 7.318195109252597 and parameters: {'learning_rate': 0.006115354809250252, 'bootstrap_type': 'Bernoulli', 'subsample': 0.8995968310061069, 'grow_policy': 'Depthwise', 'depth': 7, 'colsample_bylevel': 0.8996205894413146, 'l2_leaf_reg': 0.0004572927128841937, 'leaf_estimation_iterations': 5, 'one_hot_max_size': 8, 'model_size_reg': 0.4308982248042183, 'max_ctr_complexity': 5, 'boosting_type': 'Plain', 'max_bin': 254}. Best is trial 7 with value: 7.316167665509796.
Trial 13 finished with value: 7.3156255673868085 and parameters: {'learning_rate': 0.008072181527948957, 'bootstrap_type': 'Bernoulli', 'subsample': 0.8861423174337517, 'grow_policy': 'Depthwise', 'depth': 8, 'colsample_bylevel': 0.8576098372700082, 'l2_leaf_reg': 0.0011011419606430683, 'leaf_estimation_iterations': 2, 'one_hot_max_size': 55, 'model_size_reg': 0.8919887969933109, 'max_ctr_complexity': 3, 'boosting_type': 'Plain', 'max_bin': 254}. Best is trial 13 with value: 7.3156255673868085.
Trial 14 finished with value: 7.32016274102608 and parameters: {'learning_rate': 0.019558042131534576, 'bootstrap_type': 'Bernoulli', 'subsample': 0.906281702532057, 'grow_policy': 'Depthwise', 'depth': 8, 'colsample_bylevel': 0.8574765382014897, 'l2_leaf_reg': 0.0021682726082947906, 'leaf_estimation_iterations': 1, 'one_hot_max_size': 55, 'model_size_reg': 0.9463640187314748, 'max_ctr_complexity': 3, 'boosting_type': 'Plain', 'max_bin': 254}. Best is trial 13 with value: 7.3156255673868085.
Trial 15 finished with value: 7.314243433805926 and parameters: {'learning_rate': 0.008800018124765356, 'bootstrap_type': 'Bernoulli', 'subsample': 0.9346004161236103, 'grow_policy': 'Depthwise', 'depth': 8, 'colsample_bylevel': 0.8507110179479633, 'l2_leaf_reg': 0.0007507995027296141, 'leaf_estimation_iterations': 5, 'one_hot_max_size': 60, 'model_size_reg': 0.3685291511391102, 'max_ctr_complexity': 3, 'boosting_type': 'Plain', 'max_bin': 254}. Best is trial 15 with value: 7.314243433805926.
Trial 16 finished with value: 7.314953533543036 and parameters: {'learning_rate': 0.009270123697155868, 'bootstrap_type': 'Bernoulli', 'subsample': 0.867884767929035, 'grow_policy': 'Depthwise', 'depth': 8, 'colsample_bylevel': 0.8503969586671809, 'l2_leaf_reg': 0.0010052908010927742, 'leaf_estimation_iterations': 4, 'one_hot_max_size': 62, 'model_size_reg': 0.30158889048426835, 'max_ctr_complexity': 3, 'boosting_type': 'Plain', 'max_bin': 254}. Best is trial 15 with value: 7.314243433805926.
Trial 17 finished with value: 7.323193381387043 and parameters: {'learning_rate': 0.02433482013887542, 'bootstrap_type': 'Bernoulli', 'subsample': 0.8572959943054353, 'grow_policy': 'Depthwise', 'depth': 8, 'colsample_bylevel': 0.8559923294510831, 'l2_leaf_reg': 0.010800867700378226, 'leaf_estimation_iterations': 5, 'one_hot_max_size': 95, 'model_size_reg': 0.3148812279540953, 'max_ctr_complexity': 3, 'boosting_type': 'Plain', 'max_bin': 254}. Best is trial 15 with value: 7.314243433805926.
Trial 18 finished with value: 7.31635517491516 and parameters: {'learning_rate': 0.009910174326785265, 'bootstrap_type': 'Bernoulli', 'subsample': 0.94089451485038, 'grow_policy': 'Depthwise', 'depth': 6, 'colsample_bylevel': 0.8820783754492352, 'l2_leaf_reg': 0.0005505110092464307, 'leaf_estimation_iterations': 3, 'one_hot_max_size': 65, 'model_size_reg': 0.2569629875667376, 'max_ctr_complexity': 3, 'boosting_type': 'Plain', 'max_bin': 254}. Best is trial 15 with value: 7.314243433805926.
Trial 19 finished with value: 7.324129097045363 and parameters: {'learning_rate': 0.03266540548786146, 'bootstrap_type': 'Bernoulli', 'subsample': 0.7653511896922122, 'grow_policy': 'SymmetricTree', 'depth': 8, 'colsample_bylevel': 0.852253181743853, 'l2_leaf_reg': 0.00738836580729759, 'leaf_estimation_iterations': 7, 'one_hot_max_size': 44, 'model_size_reg': 0.45296804669928337, 'max_ctr_complexity': 3, 'boosting_type': 'Plain', 'max_bin': 254}. Best is trial 15 with value: 7.314243433805926.
Trial 20 finished with value: 7.3169080707213725 and parameters: {'learning_rate': 0.014603265597456819, 'bootstrap_type': 'Bernoulli', 'subsample': 0.8617481665812298, 'grow_policy': 'Depthwise', 'depth': 6, 'colsample_bylevel': 0.8718378580111287, 'l2_leaf_reg': 0.17612517167877018, 'leaf_estimation_iterations': 3, 'one_hot_max_size': 73, 'model_size_reg': 0.17444604135423047, 'max_ctr_complexity': 3, 'boosting_type': 'Plain', 'max_bin': 254}. Best is trial 15 with value: 7.314243433805926.
Trial 21 finished with value: 7.313753048334681 and parameters: {'learning_rate': 0.008125049631632358, 'bootstrap_type': 'Bernoulli', 'subsample': 0.8726967106427781, 'grow_policy': 'Depthwise', 'depth': 8, 'colsample_bylevel': 0.851944800433526, 'l2_leaf_reg': 0.0007481675436263841, 'leaf_estimation_iterations': 2, 'one_hot_max_size': 57, 'model_size_reg': 0.34653486093419855, 'max_ctr_complexity': 3, 'boosting_type': 'Plain', 'max_bin': 254}. Best is trial 21 with value: 7.313753048334681.
Trial 22 finished with value: 7.314747013307512 and parameters: {'learning_rate': 0.008225273331722092, 'bootstrap_type': 'Bernoulli', 'subsample': 0.9248687600122693, 'grow_policy': 'Depthwise', 'depth': 8, 'colsample_bylevel': 0.8506447793464671, 'l2_leaf_reg': 0.0006353231598141214, 'leaf_estimation_iterations': 4, 'one_hot_max_size': 64, 'model_size_reg': 0.3539062702593589, 'max_ctr_complexity': 3, 'boosting_type': 'Plain', 'max_bin': 254}. Best is trial 21 with value: 7.313753048334681.
Trial 23 finished with value: 7.315877206326362 and parameters: {'learning_rate': 0.007101915204719655, 'bootstrap_type': 'Bernoulli', 'subsample': 0.9254344831021176, 'grow_policy': 'Depthwise', 'depth': 8, 'colsample_bylevel': 0.8661840063806581, 'l2_leaf_reg': 0.004469502357248378, 'leaf_estimation_iterations': 2, 'one_hot_max_size': 44, 'model_size_reg': 0.467423303632269, 'max_ctr_complexity': 4, 'boosting_type': 'Plain', 'max_bin': 254}. Best is trial 21 with value: 7.313753048334681.
Trial 24 finished with value: 7.324154409727149 and parameters: {'learning_rate': 0.00501177813585492, 'bootstrap_type': 'Bernoulli', 'subsample': 0.9583932528143377, 'grow_policy': 'Depthwise', 'depth': 7, 'colsample_bylevel': 0.8861023400870344, 'l2_leaf_reg': 0.0004995584898528781, 'leaf_estimation_iterations': 7, 'one_hot_max_size': 95, 'model_size_reg': 0.35044381429246524, 'max_ctr_complexity': 3, 'boosting_type': 'Plain', 'max_bin': 254}. Best is trial 21 with value: 7.313753048334681.
Trial 25 finished with value: 7.318901119339729 and parameters: {'learning_rate': 0.012607463654708046, 'bootstrap_type': 'Bernoulli', 'subsample': 0.9707056246564217, 'grow_policy': 'Depthwise', 'depth': 8, 'colsample_bylevel': 0.8666473582920405, 'l2_leaf_reg': 0.0005251450899993413, 'leaf_estimation_iterations': 3, 'one_hot_max_size': 54, 'model_size_reg': 0.23215109710541756, 'max_ctr_complexity': 2, 'boosting_type': 'Plain', 'max_bin': 254}. Best is trial 21 with value: 7.313753048334681.
Optuna Search Completed in: 2790.47 seconds

Training final model on optimized parameter setup...

[CATBOOST FINALIZED METRICS]
Optimal Trees:         1000
RMSE:             7.3034 (Delta to TabPFN: -0.1032)
R2_Score:             0.3826 (Delta to TabPFN: +0.0176)
Final Train Time:      24.05 seconds (0.6615s per 1K)
Final Infer Time:      0.03 seconds (0.0037s per 1K)

--- CATBOOST Feature Importance (Raw vs. Scaled Share) ---
Feature | Raw gain | Share
pca_embed_0 | 60.42 | 60.42%
pca_embed_1 | 6.40 | 6.40%
pca_embed_3 | 2.60 | 2.60%
Delivery_person_Ratings | 2.48 | 2.48%
pca_embed_2 | 1.76 | 1.76%
Delivery_person_Age | 1.46 | 1.46%
pca_embed_11 | 1.29 | 1.29%
pca_embed_4 | 1.29 | 1.29%
pca_embed_5 | 1.01 | 1.01%
pca_embed_10 | 0.93 | 0.93%
Delivery_person_ID | 0.88 | 0.88%
pca_embed_18 | 0.78 | 0.78%
pca_embed_8 | 0.74 | 0.74%
pca_embed_31 | 0.73 | 0.73%
pca_embed_9 | 0.70 | 0.70%
pca_embed_7 | 0.70 | 0.70%
pca_embed_24 | 0.69 | 0.69%
pca_embed_12 | 0.68 | 0.68%
pca_embed_13 | 0.68 | 0.68%
pca_embed_15 | 0.68 | 0.68%
pca_embed_19 | 0.67 | 0.67%
pca_embed_33 | 0.66 | 0.66%
pca_embed_14 | 0.66 | 0.66%
pca_embed_21 | 0.65 | 0.65%
pca_embed_6 | 0.65 | 0.65%
pca_embed_17 | 0.65 | 0.65%
pca_embed_27 | 0.65 | 0.65%
pca_embed_28 | 0.64 | 0.64%
pca_embed_26 | 0.64 | 0.64%
pca_embed_30 | 0.63 | 0.63%
pca_embed_25 | 0.62 | 0.62%
pca_embed_20 | 0.62 | 0.62%
pca_embed_29 | 0.61 | 0.61%
pca_embed_32 | 0.60 | 0.60%
pca_embed_16 | 0.60 | 0.60%
pca_embed_22 | 0.59 | 0.59%
pca_embed_23 | 0.59 | 0.59%
Delivery_location_longitude | 0.44 | 0.44%
Delivery_location_latitude | 0.43 | 0.43%
Restaurant_longitude | 0.42 | 0.42%
Restaurant_latitude | 0.40 | 0.40%
Type_of_order | 0.39 | 0.39%
Type_of_vehicle | 0.30 | 0.30%

=====================================================================
METRIC TYPE                                  | VALUE / PROFILE
=====================================================================
Embedding Share                              | 92.81%
Raw Feature Share                            | 7.19%
---------------------------------------------------------------------
Active Text Embedding Density                | 100.00% (34/34)
Active Raw Tabular Feature Density           | 100.00% (9/9)
---------------------------------------------------------------------
Top-5 Concentration Ratio (CR5)              | 73.65% of total decision weight
Top-10 Concentration Ratio (CR10)            | 79.63% of total decision weight
=====================================================================

Total Pipeline Execution Time: 2816.47 seconds

[SUCCESS] Permanent artifacts safely written to 'outputs/training-4/'
[W&B] Artifacts and localized metrics logged successfully for food_delivery_time_combined_catboost
