[W&B] Child process started for job: another-dataset-on-used-fiat-500_embed-only_catboost in group session-training-1
Loading archive 'archives/another-dataset-on-used-fiat-500.npz' and initializing pipeline for target: CATBOOST...
Execution Mode: EMBED-ONLY
Session Output Target: outputs/training-1/
Task Type: REGRESSION
TabPFN Baselines Loaded - Primary: 727.5814 | Secondary: 0.8716
PCA reduced text embeddings to 54 components.
Final training matrix shape assembled for EMBED-ONLY: (1230, 54)

Running 26-Trial Optuna Study for CATBOOST (EMBED-ONLY)...
A new study created in RDB with name: 20260624_024324_another-dataset-on-used-fiat-500_embed-only_catboost
Trial 0 finished with value: 1041.447816451129 and parameters: {}. Best is trial 0 with value: 1041.447816451129.
Trial 1 finished with value: 724.470267483243 and parameters: {'learning_rate': 0.015355286838886862, 'bootstrap_type': 'Bernoulli', 'subsample': 0.9852142919229748, 'grow_policy': 'SymmetricTree', 'depth': 4, 'colsample_bylevel': 0.8733991780504303, 'l2_leaf_reg': 0.00018747059221802545, 'leaf_estimation_iterations': 12, 'one_hot_max_size': 36, 'model_size_reg': 0.6803900745073703, 'max_ctr_complexity': 2, 'boosting_type': 'Plain', 'max_bin': 254}. Best is trial 1 with value: 724.470267483243.
Trial 2 finished with value: 753.1771121736869 and parameters: {'learning_rate': 0.09138013915892866, 'bootstrap_type': 'Bernoulli', 'subsample': 0.9497327922401265, 'grow_policy': 'SymmetricTree', 'depth': 4, 'colsample_bylevel': 0.8956363364439306, 'l2_leaf_reg': 0.02922905212920092, 'leaf_estimation_iterations': 2, 'one_hot_max_size': 16, 'model_size_reg': 0.5243180891902851, 'max_ctr_complexity': 2, 'boosting_type': 'Plain', 'max_bin': 254}. Best is trial 1 with value: 724.470267483243.
Trial 3 finished with value: 723.9427357984591 and parameters: {'learning_rate': 0.011996621453406362, 'bootstrap_type': 'Bernoulli', 'subsample': 0.8099085529881075, 'grow_policy': 'Depthwise', 'depth': 4, 'colsample_bylevel': 0.9271351657620417, 'l2_leaf_reg': 0.06077686426194464, 'leaf_estimation_iterations': 1, 'one_hot_max_size': 36, 'model_size_reg': 0.15869086642715013, 'max_ctr_complexity': 2, 'boosting_type': 'Plain', 'max_bin': 254}. Best is trial 3 with value: 723.9427357984591.
Trial 4 finished with value: 737.532970571151 and parameters: {'learning_rate': 0.08580222514877409, 'bootstrap_type': 'Bernoulli', 'subsample': 0.9896896099223678, 'grow_policy': 'SymmetricTree', 'depth': 4, 'colsample_bylevel': 0.9526349539768235, 'l2_leaf_reg': 0.011702088154220882, 'leaf_estimation_iterations': 1, 'one_hot_max_size': 27, 'model_size_reg': 0.10975998502129433, 'max_ctr_complexity': 5, 'boosting_type': 'Plain', 'max_bin': 254}. Best is trial 3 with value: 723.9427357984591.
Trial 5 finished with value: 740.5826722286911 and parameters: {'learning_rate': 0.010855517271883068, 'bootstrap_type': 'Bernoulli', 'subsample': 0.8987566853061946, 'grow_policy': 'Depthwise', 'depth': 6, 'colsample_bylevel': 0.877728168328829, 'l2_leaf_reg': 3.597899951374983, 'leaf_estimation_iterations': 9, 'one_hot_max_size': 86, 'model_size_reg': 1.128232550122133, 'max_ctr_complexity': 4, 'boosting_type': 'Plain', 'max_bin': 254}. Best is trial 3 with value: 723.9427357984591.
Trial 6 finished with value: 746.9430152141382 and parameters: {'learning_rate': 0.07913270952323785, 'bootstrap_type': 'Bernoulli', 'subsample': 0.7265477506155759, 'grow_policy': 'SymmetricTree', 'depth': 5, 'colsample_bylevel': 0.9083015934534223, 'l2_leaf_reg': 0.001883913511943895, 'leaf_estimation_iterations': 11, 'one_hot_max_size': 19, 'model_size_reg': 0.21399549030176218, 'max_ctr_complexity': 4, 'boosting_type': 'Plain', 'max_bin': 254}. Best is trial 3 with value: 723.9427357984591.
Trial 7 finished with value: 758.2924682398905 and parameters: {'learning_rate': 0.007626348515257587, 'bootstrap_type': 'Bernoulli', 'subsample': 0.9406590942262119, 'grow_policy': 'Depthwise', 'depth': 7, 'colsample_bylevel': 0.8798073522301258, 'l2_leaf_reg': 0.00010615690854925657, 'leaf_estimation_iterations': 10, 'one_hot_max_size': 47, 'model_size_reg': 0.7200770311577639, 'max_ctr_complexity': 5, 'boosting_type': 'Plain', 'max_bin': 254}. Best is trial 3 with value: 723.9427357984591.
Trial 8 finished with value: 756.0969386859275 and parameters: {'learning_rate': 0.006241720498669827, 'bootstrap_type': 'Bernoulli', 'subsample': 0.8075397185632818, 'grow_policy': 'Depthwise', 'depth': 7, 'colsample_bylevel': 0.8996347037278973, 'l2_leaf_reg': 0.00019891099118865958, 'leaf_estimation_iterations': 2, 'one_hot_max_size': 17, 'model_size_reg': 0.7212460519889856, 'max_ctr_complexity': 4, 'boosting_type': 'Plain', 'max_bin': 254}. Best is trial 3 with value: 723.9427357984591.
Trial 9 finished with value: 812.6569132282897 and parameters: {'learning_rate': 0.07132805718188966, 'bootstrap_type': 'Bernoulli', 'subsample': 0.8416644775485848, 'grow_policy': 'Depthwise', 'depth': 7, 'colsample_bylevel': 0.9341915796354244, 'l2_leaf_reg': 0.4195190175255899, 'leaf_estimation_iterations': 3, 'one_hot_max_size': 29, 'model_size_reg': 0.318293122389662, 'max_ctr_complexity': 2, 'boosting_type': 'Plain', 'max_bin': 254}. Best is trial 3 with value: 723.9427357984591.
Trial 10 finished with value: 837.3885445048504 and parameters: {'learning_rate': 0.02632754856303217, 'bootstrap_type': 'Bernoulli', 'subsample': 0.701799154886745, 'grow_policy': 'Depthwise', 'depth': 8, 'colsample_bylevel': 0.9947167472260312, 'l2_leaf_reg': 0.17516619421446947, 'leaf_estimation_iterations': 1, 'one_hot_max_size': 8, 'model_size_reg': 0.11492914573793168, 'max_ctr_complexity': 3, 'boosting_type': 'Plain', 'max_bin': 254}. Best is trial 3 with value: 723.9427357984591.
Trial 11 finished with value: 723.0331511076063 and parameters: {'learning_rate': 0.015753387726212563, 'bootstrap_type': 'Bernoulli', 'subsample': 0.7979239426070239, 'grow_policy': 'SymmetricTree', 'depth': 4, 'colsample_bylevel': 0.8601730401643931, 'l2_leaf_reg': 0.0017481163980583247, 'leaf_estimation_iterations': 19, 'one_hot_max_size': 51, 'model_size_reg': 0.2204948892099201, 'max_ctr_complexity': 2, 'boosting_type': 'Plain', 'max_bin': 254}. Best is trial 11 with value: 723.0331511076063.
Trial 12 finished with value: 725.4153767084734 and parameters: {'learning_rate': 0.020334499458120252, 'bootstrap_type': 'Bernoulli', 'subsample': 0.7811858575604234, 'grow_policy': 'SymmetricTree', 'depth': 5, 'colsample_bylevel': 0.8541922776832994, 'l2_leaf_reg': 0.002859945715985297, 'leaf_estimation_iterations': 5, 'one_hot_max_size': 65, 'model_size_reg': 0.20744925311840962, 'max_ctr_complexity': 3, 'boosting_type': 'Plain', 'max_bin': 254}. Best is trial 11 with value: 723.0331511076063.
Trial 13 finished with value: 734.723016307689 and parameters: {'learning_rate': 0.027532708516903086, 'bootstrap_type': 'Bernoulli', 'subsample': 0.8463664784189642, 'grow_policy': 'Depthwise', 'depth': 5, 'colsample_bylevel': 0.9636007742720188, 'l2_leaf_reg': 0.10697993006690087, 'leaf_estimation_iterations': 18, 'one_hot_max_size': 54, 'model_size_reg': 0.20881565191192614, 'max_ctr_complexity': 3, 'boosting_type': 'Plain', 'max_bin': 254}. Best is trial 11 with value: 723.0331511076063.
Trial 14 finished with value: 726.5380359533254 and parameters: {'learning_rate': 0.012034057135110266, 'bootstrap_type': 'Bernoulli', 'subsample': 0.7624841225940271, 'grow_policy': 'SymmetricTree', 'depth': 4, 'colsample_bylevel': 0.9241667179579247, 'l2_leaf_reg': 0.006439679936871292, 'leaf_estimation_iterations': 5, 'one_hot_max_size': 93, 'model_size_reg': 0.32462778233459855, 'max_ctr_complexity': 2, 'boosting_type': 'Plain', 'max_bin': 254}. Best is trial 11 with value: 723.0331511076063.
Trial 15 finished with value: 730.0805514687108 and parameters: {'learning_rate': 0.04415017166722884, 'bootstrap_type': 'Bernoulli', 'subsample': 0.8563310824892957, 'grow_policy': 'SymmetricTree', 'depth': 5, 'colsample_bylevel': 0.8507110179479633, 'l2_leaf_reg': 0.0009649417649234434, 'leaf_estimation_iterations': 1, 'one_hot_max_size': 38, 'model_size_reg': 0.15862413474372106, 'max_ctr_complexity': 2, 'boosting_type': 'Plain', 'max_bin': 254}. Best is trial 11 with value: 723.0331511076063.
Trial 16 finished with value: 733.8774575822088 and parameters: {'learning_rate': 0.005041462745872785, 'bootstrap_type': 'Bernoulli', 'subsample': 0.8024650284806477, 'grow_policy': 'Depthwise', 'depth': 4, 'colsample_bylevel': 0.9950571306332299, 'l2_leaf_reg': 1.2556849320310421, 'leaf_estimation_iterations': 5, 'one_hot_max_size': 66, 'model_size_reg': 0.32575658412201763, 'max_ctr_complexity': 3, 'boosting_type': 'Plain', 'max_bin': 254}. Best is trial 11 with value: 723.0331511076063.
Trial 17 finished with value: 730.3233023201942 and parameters: {'learning_rate': 0.010007918752186118, 'bootstrap_type': 'Bernoulli', 'subsample': 0.7525255121737926, 'grow_policy': 'SymmetricTree', 'depth': 6, 'colsample_bylevel': 0.9739071074276635, 'l2_leaf_reg': 0.039732991402858436, 'leaf_estimation_iterations': 2, 'one_hot_max_size': 23, 'model_size_reg': 0.15748206109657623, 'max_ctr_complexity': 2, 'boosting_type': 'Plain', 'max_bin': 254}. Best is trial 11 with value: 723.0331511076063.
Trial 18 finished with value: 729.2237304145143 and parameters: {'learning_rate': 0.016963336704513762, 'bootstrap_type': 'Bernoulli', 'subsample': 0.8798608855346057, 'grow_policy': 'Depthwise', 'depth': 5, 'colsample_bylevel': 0.9358595091451619, 'l2_leaf_reg': 0.0008201688600278081, 'leaf_estimation_iterations': 20, 'one_hot_max_size': 13, 'model_size_reg': 0.4257650150846379, 'max_ctr_complexity': 3, 'boosting_type': 'Plain', 'max_bin': 254}. Best is trial 11 with value: 723.0331511076063.
Trial 19 finished with value: 733.2185158206618 and parameters: {'learning_rate': 0.03266540548786146, 'bootstrap_type': 'Bernoulli', 'subsample': 0.8159887397166963, 'grow_policy': 'Depthwise', 'depth': 4, 'colsample_bylevel': 0.9168615749229699, 'l2_leaf_reg': 0.04572673757626009, 'leaf_estimation_iterations': 1, 'one_hot_max_size': 41, 'model_size_reg': 0.14516215422337356, 'max_ctr_complexity': 2, 'boosting_type': 'Plain', 'max_bin': 254}. Best is trial 11 with value: 723.0331511076063.
Trial 20 finished with value: 729.2216765287675 and parameters: {'learning_rate': 0.008254996255912084, 'bootstrap_type': 'Bernoulli', 'subsample': 0.775116927475355, 'grow_policy': 'SymmetricTree', 'depth': 6, 'colsample_bylevel': 0.9469307822788757, 'l2_leaf_reg': 0.006229221140283893, 'leaf_estimation_iterations': 3, 'one_hot_max_size': 63, 'model_size_reg': 0.2460096901471415, 'max_ctr_complexity': 3, 'boosting_type': 'Plain', 'max_bin': 254}. Best is trial 11 with value: 723.0331511076063.
Trial 21 finished with value: 720.7354985562047 and parameters: {'learning_rate': 0.015184277322558098, 'bootstrap_type': 'Bernoulli', 'subsample': 0.9968383766596345, 'grow_policy': 'SymmetricTree', 'depth': 4, 'colsample_bylevel': 0.876064409062362, 'l2_leaf_reg': 0.00038045169138715247, 'leaf_estimation_iterations': 15, 'one_hot_max_size': 34, 'model_size_reg': 1.431612154278977, 'max_ctr_complexity': 2, 'boosting_type': 'Plain', 'max_bin': 254}. Best is trial 21 with value: 720.7354985562047.
Trial 22 finished with value: 724.2618133228664 and parameters: {'learning_rate': 0.01560758552820561, 'bootstrap_type': 'Bernoulli', 'subsample': 0.9244223954772075, 'grow_policy': 'SymmetricTree', 'depth': 4, 'colsample_bylevel': 0.8641753582586515, 'l2_leaf_reg': 0.000592892959452084, 'leaf_estimation_iterations': 16, 'one_hot_max_size': 32, 'model_size_reg': 1.374567715314178, 'max_ctr_complexity': 2, 'boosting_type': 'Plain', 'max_bin': 254}. Best is trial 21 with value: 720.7354985562047.
Trial 23 finished with value: 722.3445555561094 and parameters: {'learning_rate': 0.012678079717848081, 'bootstrap_type': 'Bernoulli', 'subsample': 0.8894756063759067, 'grow_policy': 'SymmetricTree', 'depth': 4, 'colsample_bylevel': 0.8868750590675255, 'l2_leaf_reg': 0.000551916169558477, 'leaf_estimation_iterations': 7, 'one_hot_max_size': 51, 'model_size_reg': 1.105077501917386, 'max_ctr_complexity': 2, 'boosting_type': 'Plain', 'max_bin': 254}. Best is trial 21 with value: 720.7354985562047.
Trial 24 finished with value: 726.7681853506282 and parameters: {'learning_rate': 0.020936186328751282, 'bootstrap_type': 'Bernoulli', 'subsample': 0.8918754287368027, 'grow_policy': 'SymmetricTree', 'depth': 5, 'colsample_bylevel': 0.889235640888087, 'l2_leaf_reg': 0.00036088638154679236, 'leaf_estimation_iterations': 7, 'one_hot_max_size': 55, 'model_size_reg': 0.9709711256640273, 'max_ctr_complexity': 2, 'boosting_type': 'Plain', 'max_bin': 254}. Best is trial 21 with value: 720.7354985562047.
Trial 25 finished with value: 723.0157756448987 and parameters: {'learning_rate': 0.014293158589843404, 'bootstrap_type': 'Bernoulli', 'subsample': 0.9665108135625272, 'grow_policy': 'SymmetricTree', 'depth': 4, 'colsample_bylevel': 0.8655206165786786, 'l2_leaf_reg': 0.0020230668376156925, 'leaf_estimation_iterations': 14, 'one_hot_max_size': 48, 'model_size_reg': 1.3961401821274613, 'max_ctr_complexity': 2, 'boosting_type': 'Plain', 'max_bin': 254}. Best is trial 21 with value: 720.7354985562047.
Optuna Search Completed in: 424.64 seconds

Training final model on optimized parameter setup...

[CATBOOST FINALIZED METRICS]
Optimal Trees:         935
RMSE:             751.3264 (Delta to TabPFN: +23.7450)
R2_Score:             0.8630 (Delta to TabPFN: -0.0085)
Final Train Time:      0.84 seconds (0.6799s per 1K)
Final Infer Time:      0.00 seconds (0.0051s per 1K)

--- CATBOOST Feature Importance (Raw vs. Scaled Share) ---
Feature | Raw gain | Share
pca_embed_0 | 71.91 | 71.91%
pca_embed_1 | 10.78 | 10.78%
pca_embed_2 | 1.83 | 1.83%
pca_embed_4 | 0.85 | 0.85%
pca_embed_3 | 0.81 | 0.81%
pca_embed_6 | 0.60 | 0.60%
pca_embed_51 | 0.58 | 0.58%
pca_embed_46 | 0.49 | 0.49%
pca_embed_50 | 0.47 | 0.47%
pca_embed_5 | 0.44 | 0.44%
pca_embed_42 | 0.43 | 0.43%
pca_embed_20 | 0.43 | 0.43%
pca_embed_30 | 0.42 | 0.42%
pca_embed_35 | 0.41 | 0.41%
pca_embed_12 | 0.40 | 0.40%
pca_embed_31 | 0.37 | 0.37%
pca_embed_11 | 0.36 | 0.36%
pca_embed_43 | 0.35 | 0.35%
pca_embed_21 | 0.34 | 0.34%
pca_embed_8 | 0.32 | 0.32%
pca_embed_19 | 0.32 | 0.32%
pca_embed_14 | 0.32 | 0.32%
pca_embed_40 | 0.31 | 0.31%
pca_embed_24 | 0.31 | 0.31%
pca_embed_18 | 0.29 | 0.29%
pca_embed_41 | 0.29 | 0.29%
pca_embed_27 | 0.29 | 0.29%
pca_embed_49 | 0.28 | 0.28%
pca_embed_37 | 0.28 | 0.28%
pca_embed_10 | 0.25 | 0.25%
pca_embed_33 | 0.25 | 0.25%
pca_embed_7 | 0.25 | 0.25%
pca_embed_48 | 0.24 | 0.24%
pca_embed_13 | 0.24 | 0.24%
pca_embed_22 | 0.23 | 0.23%
pca_embed_28 | 0.23 | 0.23%
pca_embed_15 | 0.23 | 0.23%
pca_embed_29 | 0.22 | 0.22%
pca_embed_45 | 0.21 | 0.21%
pca_embed_38 | 0.20 | 0.20%
pca_embed_34 | 0.19 | 0.19%
pca_embed_44 | 0.19 | 0.19%
pca_embed_17 | 0.19 | 0.19%
pca_embed_16 | 0.18 | 0.18%
pca_embed_47 | 0.17 | 0.17%
pca_embed_53 | 0.17 | 0.17%
pca_embed_25 | 0.16 | 0.16%
pca_embed_52 | 0.16 | 0.16%
pca_embed_36 | 0.16 | 0.16%
pca_embed_26 | 0.15 | 0.15%
pca_embed_23 | 0.15 | 0.15%
pca_embed_39 | 0.13 | 0.13%
pca_embed_32 | 0.13 | 0.13%
pca_embed_9 | 0.08 | 0.08%

=====================================================================
METRIC TYPE                                  | VALUE / PROFILE
=====================================================================
Embedding Share                              | 100.00%
Raw Feature Share                            | 0.00%
---------------------------------------------------------------------
Active Text Embedding Density                | 100.00% (54/54)
Active Raw Tabular Feature Density           | 0.00% (0/0)
---------------------------------------------------------------------
Top-5 Concentration Ratio (CR5)              | 86.18% of total decision weight
Top-10 Concentration Ratio (CR10)            | 88.74% of total decision weight
=====================================================================

Total Pipeline Execution Time: 427.03 seconds

[SUCCESS] Permanent artifacts safely written to 'outputs/training-1/'
[W&B] Artifacts and localized metrics logged successfully for another-dataset-on-used-fiat-500_embed-only_catboost
