[W&B] Child process started for job: sdss17_embed-only_lightgbm in group session-training-2
Loading archive 'archives/sdss17.npz' and initializing pipeline for target: LIGHTGBM...
Execution Mode: EMBED-ONLY
Session Output Target: outputs/training-2/
Task Type: MULTICLASS
TabPFN Baselines Loaded - Primary: 0.0635 | Secondary: 0.9795
PCA reduced text embeddings to 21 components.
Final training matrix shape assembled for EMBED-ONLY: (62442, 21)

Running 26-Trial Optuna Study for LIGHTGBM (EMBED-ONLY)...
A new study created in RDB with name: 20260625_015132_sdss17_embed-only_lightgbm
Trial 0 finished with value: 0.06929083997444445 and parameters: {}. Best is trial 0 with value: 0.06929083997444445.
Trial 1 finished with value: 0.06760077379288593 and parameters: {'learning_rate': 0.015355286838886862, 'feature_fraction': 0.9704285838459497, 'bagging_fraction': 0.9195981825434215, 'bagging_freq': 1, 'num_leaves': 28, 'min_data_in_leaf': 1, 'extra_trees': False, 'min_data_per_group': 57, 'cat_l2': 0.18327672955935934, 'cat_smooth': 3.4702669886504163, 'max_cat_to_onehot': 8, 'lambda_l1': 0.9699128611767781, 'lambda_l2': 1.6649020373367633}. Best is trial 1 with value: 0.06760077379288593.
Trial 2 finished with value: 0.07406990856319619 and parameters: {'learning_rate': 0.009445600138094694, 'feature_fraction': 0.5090949803242604, 'bagging_fraction': 0.7550213529560301, 'bagging_freq': 1, 'num_leaves': 7, 'min_data_in_leaf': 6, 'extra_trees': False, 'min_data_per_group': 20, 'cat_l2': 0.01153297626310632, 'cat_smooth': 0.028888383623653185, 'max_cat_to_onehot': 19, 'lambda_l1': 0.4561243772186142, 'lambda_l2': 1.5703734051898879}. Best is trial 1 with value: 0.06760077379288593.
Trial 3 finished with value: 0.1482300670495093 and parameters: {'learning_rate': 0.009093929525644107, 'feature_fraction': 0.708540663048167, 'bagging_fraction': 0.8777243706586128, 'bagging_freq': 1, 'num_leaves': 2, 'min_data_in_leaf': 10, 'extra_trees': False, 'min_data_per_group': 81, 'cat_l2': 1.6278053965878447, 'cat_smooth': 11.015056790269638, 'max_cat_to_onehot': 17, 'lambda_l1': 0.09776234679498323, 'lambda_l2': 1.3684976297216627}. Best is trial 1 with value: 0.06760077379288593.
Trial 4 finished with value: 0.12161716454857804 and parameters: {'learning_rate': 0.01869052934095898, 'feature_fraction': 0.47322294090686734, 'bagging_fraction': 0.848553073033381, 'bagging_freq': 1, 'num_leaves': 2, 'min_data_in_leaf': 42, 'extra_trees': True, 'min_data_per_group': 6, 'cat_l2': 0.11277639166461569, 'cat_smooth': 0.5414413211338525, 'max_cat_to_onehot': 12, 'lambda_l1': 0.9695876693017821, 'lambda_l2': 1.550288133439893}. Best is trial 1 with value: 0.06760077379288593.
Trial 5 finished with value: 0.07053251255232376 and parameters: {'learning_rate': 0.08342309693146736, 'feature_fraction': 0.9368964102565893, 'bagging_fraction': 0.8793699936433255, 'bagging_freq': 1, 'num_leaves': 137, 'min_data_in_leaf': 1, 'extra_trees': False, 'min_data_per_group': 6, 'cat_l2': 0.0513253156994884, 'cat_smooth': 0.022737628102536857, 'max_cat_to_onehot': 64, 'lambda_l1': 0.3568176513609199, 'lambda_l2': 0.5619409259237927}. Best is trial 1 with value: 0.06760077379288593.
Trial 6 finished with value: 0.09327642679707132 and parameters: {'learning_rate': 0.025411709798607296, 'feature_fraction': 0.4845545349848576, 'bagging_fraction': 0.9406590942262119, 'bagging_freq': 1, 'num_leaves': 2, 'min_data_in_leaf': 61, 'extra_trees': False, 'min_data_per_group': 2, 'cat_l2': 0.6619871537619337, 'cat_smooth': 3.4220529032706923, 'max_cat_to_onehot': 50, 'lambda_l1': 0.7712932196512772, 'lambda_l2': 0.1481818990030073}. Best is trial 1 with value: 0.06760077379288593.
Trial 7 finished with value: 0.0681796410976526 and parameters: {'learning_rate': 0.014633380642745364, 'feature_fraction': 0.4695214357150779, 'bagging_fraction': 0.958931027762678, 'bagging_freq': 1, 'num_leaves': 32, 'min_data_in_leaf': 2, 'extra_trees': True, 'min_data_per_group': 6, 'cat_l2': 0.3957756313952873, 'cat_smooth': 1.5409457762881555, 'max_cat_to_onehot': 75, 'lambda_l1': 0.4722677036694331, 'lambda_l2': 0.23927653245200955}. Best is trial 1 with value: 0.06760077379288593.
Trial 8 finished with value: 0.06791886265007253 and parameters: {'learning_rate': 0.042356773126632795, 'feature_fraction': 0.8564710291701385, 'bagging_fraction': 0.8683831592708489, 'bagging_freq': 1, 'num_leaves': 65, 'min_data_in_leaf': 6, 'extra_trees': False, 'min_data_per_group': 2, 'cat_l2': 0.009543550367992308, 'cat_smooth': 0.0014359718569878096, 'max_cat_to_onehot': 39, 'lambda_l1': 0.314424545478219, 'lambda_l2': 1.017190525260289}. Best is trial 1 with value: 0.06760077379288593.
Trial 9 finished with value: 0.06755326414016014 and parameters: {'learning_rate': 0.07581256838789621, 'feature_fraction': 0.549575337489325, 'bagging_fraction': 0.8231148769106889, 'bagging_freq': 1, 'num_leaves': 61, 'min_data_in_leaf': 2, 'extra_trees': True, 'min_data_per_group': 3, 'cat_l2': 1.3124992669799407, 'cat_smooth': 10.979988817809668, 'max_cat_to_onehot': 39, 'lambda_l1': 0.871473444128699, 'lambda_l2': 1.607363786590539}. Best is trial 9 with value: 0.06755326414016014.
Trial 10 finished with value: 0.06829071337614787 and parameters: {'learning_rate': 0.09141317099962805, 'feature_fraction': 0.666846038484066, 'bagging_fraction': 0.7022641957948879, 'bagging_freq': 1, 'num_leaves': 8, 'min_data_in_leaf': 19, 'extra_trees': True, 'min_data_per_group': 24, 'cat_l2': 0.03512175732792625, 'cat_smooth': 59.56241765548436, 'max_cat_to_onehot': 31, 'lambda_l1': 0.6782859743712771, 'lambda_l2': 0.9020635371946518}. Best is trial 9 with value: 0.06755326414016014.
Trial 11 finished with value: 0.07277130108205582 and parameters: {'learning_rate': 0.005667047811023766, 'feature_fraction': 0.9937232153494244, 'bagging_fraction': 0.8008216404230066, 'bagging_freq': 1, 'num_leaves': 31, 'min_data_in_leaf': 1, 'extra_trees': True, 'min_data_per_group': 62, 'cat_l2': 0.23962228699623062, 'cat_smooth': 57.2369255333606, 'max_cat_to_onehot': 8, 'lambda_l1': 0.995622672553587, 'lambda_l2': 1.8411006276864175}. Best is trial 9 with value: 0.06755326414016014.
Trial 12 finished with value: 0.06709120371377594 and parameters: {'learning_rate': 0.04091863740326166, 'feature_fraction': 0.7520330091508673, 'bagging_fraction': 0.9964647820411011, 'bagging_freq': 1, 'num_leaves': 23, 'min_data_in_leaf': 2, 'extra_trees': True, 'min_data_per_group': 26, 'cat_l2': 1.7562728004083052, 'cat_smooth': 0.305128880331871, 'max_cat_to_onehot': 97, 'lambda_l1': 0.7973940558374307, 'lambda_l2': 1.9956018741225776}. Best is trial 12 with value: 0.06709120371377594.
Trial 13 finished with value: 0.06687929752391003 and parameters: {'learning_rate': 0.0507546634841729, 'feature_fraction': 0.641035751893952, 'bagging_fraction': 0.9969054074219766, 'bagging_freq': 1, 'num_leaves': 197, 'min_data_in_leaf': 3, 'extra_trees': True, 'min_data_per_group': 16, 'cat_l2': 1.9347548375068084, 'cat_smooth': 0.18265499970366575, 'max_cat_to_onehot': 94, 'lambda_l1': 0.7423740146756317, 'lambda_l2': 1.938542777112231}. Best is trial 13 with value: 0.06687929752391003.
Trial 14 finished with value: 0.06701675917963776 and parameters: {'learning_rate': 0.0436601021937959, 'feature_fraction': 0.7265092428033695, 'bagging_fraction': 0.9956996525563071, 'bagging_freq': 1, 'num_leaves': 181, 'min_data_in_leaf': 4, 'extra_trees': True, 'min_data_per_group': 20, 'cat_l2': 0.889687494934975, 'cat_smooth': 0.19877254977714987, 'max_cat_to_onehot': 97, 'lambda_l1': 0.6558783843977375, 'lambda_l2': 1.9661979930578684}. Best is trial 13 with value: 0.06687929752391003.
Trial 15 finished with value: 0.06710124570209278 and parameters: {'learning_rate': 0.0451159727146497, 'feature_fraction': 0.6049300569612954, 'bagging_fraction': 0.9837015358384811, 'bagging_freq': 1, 'num_leaves': 190, 'min_data_in_leaf': 4, 'extra_trees': True, 'min_data_per_group': 13, 'cat_l2': 0.7194669308706173, 'cat_smooth': 0.0694210228105888, 'max_cat_to_onehot': 93, 'lambda_l1': 0.5930561185887602, 'lambda_l2': 1.996973123536984}. Best is trial 13 with value: 0.06687929752391003.
Trial 16 finished with value: 0.0669519056831031 and parameters: {'learning_rate': 0.05462071850104387, 'feature_fraction': 0.8006754697504556, 'bagging_fraction': 0.9301387369578467, 'bagging_freq': 1, 'num_leaves': 110, 'min_data_in_leaf': 18, 'extra_trees': True, 'min_data_per_group': 12, 'cat_l2': 0.6630525929076998, 'cat_smooth': 0.004946394726737128, 'max_cat_to_onehot': 66, 'lambda_l1': 0.6353886283524557, 'lambda_l2': 1.255193934302572}. Best is trial 13 with value: 0.06687929752391003.
Trial 17 finished with value: 0.06693601196071064 and parameters: {'learning_rate': 0.05831953689891746, 'feature_fraction': 0.8340196688933261, 'bagging_fraction': 0.9129404790552595, 'bagging_freq': 1, 'num_leaves': 94, 'min_data_in_leaf': 19, 'extra_trees': True, 'min_data_per_group': 10, 'cat_l2': 0.41215178462723234, 'cat_smooth': 0.0014752263265107998, 'max_cat_to_onehot': 60, 'lambda_l1': 0.5670001460608123, 'lambda_l2': 1.2181418646156232}. Best is trial 13 with value: 0.06687929752391003.
Trial 18 finished with value: 0.06757929374626703 and parameters: {'learning_rate': 0.06315285981637254, 'feature_fraction': 0.40697257697653194, 'bagging_fraction': 0.9150157229202756, 'bagging_freq': 1, 'num_leaves': 70, 'min_data_in_leaf': 18, 'extra_trees': True, 'min_data_per_group': 10, 'cat_l2': 0.3320174866365005, 'cat_smooth': 0.0012993824727188029, 'max_cat_to_onehot': 50, 'lambda_l1': 0.18831110456179845, 'lambda_l2': 0.6648020539849382}. Best is trial 13 with value: 0.06687929752391003.
Trial 19 finished with value: 0.06686082219982922 and parameters: {'learning_rate': 0.028337704460506246, 'feature_fraction': 0.8522224825935032, 'bagging_fraction': 0.9568478889288566, 'bagging_freq': 1, 'num_leaves': 94, 'min_data_in_leaf': 25, 'extra_trees': True, 'min_data_per_group': 38, 'cat_l2': 0.1245870611803578, 'cat_smooth': 0.005508388781550827, 'max_cat_to_onehot': 26, 'lambda_l1': 0.5265775927677651, 'lambda_l2': 1.136502244284113}. Best is trial 19 with value: 0.06686082219982922.
Trial 20 finished with value: 0.06668199147634996 and parameters: {'learning_rate': 0.02828342875649004, 'feature_fraction': 0.895761842282685, 'bagging_fraction': 0.9626084161785518, 'bagging_freq': 1, 'num_leaves': 47, 'min_data_in_leaf': 45, 'extra_trees': True, 'min_data_per_group': 33, 'cat_l2': 0.05972923524146761, 'cat_smooth': 0.008440535196634059, 'max_cat_to_onehot': 21, 'lambda_l1': 0.5109562061464263, 'lambda_l2': 0.5419076422355238}. Best is trial 20 with value: 0.06668199147634996.
Trial 21 finished with value: 0.06659391697450802 and parameters: {'learning_rate': 0.0281579274922874, 'feature_fraction': 0.8794644657387367, 'bagging_fraction': 0.9716782693034085, 'bagging_freq': 1, 'num_leaves': 49, 'min_data_in_leaf': 33, 'extra_trees': True, 'min_data_per_group': 38, 'cat_l2': 0.05440770131665595, 'cat_smooth': 0.006220595229699782, 'max_cat_to_onehot': 23, 'lambda_l1': 0.45094013326189525, 'lambda_l2': 0.4872788393451939}. Best is trial 21 with value: 0.06659391697450802.
Trial 22 finished with value: 0.06679671979635175 and parameters: {'learning_rate': 0.02786946185577446, 'feature_fraction': 0.8963219878842269, 'bagging_fraction': 0.9586691745451186, 'bagging_freq': 1, 'num_leaves': 16, 'min_data_in_leaf': 35, 'extra_trees': True, 'min_data_per_group': 37, 'cat_l2': 0.06003498524381247, 'cat_smooth': 0.0071974773826159796, 'max_cat_to_onehot': 23, 'lambda_l1': 0.48339793385716984, 'lambda_l2': 0.40270674061044914}. Best is trial 21 with value: 0.06659391697450802.
Trial 23 finished with value: 0.06673987290057024 and parameters: {'learning_rate': 0.029987137439005933, 'feature_fraction': 0.9104333637601695, 'bagging_fraction': 0.9591730662320627, 'bagging_freq': 1, 'num_leaves': 15, 'min_data_in_leaf': 39, 'extra_trees': True, 'min_data_per_group': 34, 'cat_l2': 0.035470208449278576, 'cat_smooth': 0.007763773305297979, 'max_cat_to_onehot': 20, 'lambda_l1': 0.351214303221288, 'lambda_l2': 0.3949224126553501}. Best is trial 21 with value: 0.06659391697450802.
Trial 24 finished with value: 0.06719054864269546 and parameters: {'learning_rate': 0.021879571689577708, 'feature_fraction': 0.916343817780243, 'bagging_fraction': 0.9658963738973072, 'bagging_freq': 1, 'num_leaves': 12, 'min_data_in_leaf': 61, 'extra_trees': True, 'min_data_per_group': 39, 'cat_l2': 0.022967714806724684, 'cat_smooth': 0.015747322247237593, 'max_cat_to_onehot': 13, 'lambda_l1': 0.34296249597695094, 'lambda_l2': 0.020121822333530215}. Best is trial 21 with value: 0.06659391697450802.
Trial 25 finished with value: 0.06682841286252594 and parameters: {'learning_rate': 0.031595405851194386, 'feature_fraction': 0.7828717410134488, 'bagging_fraction': 0.9051589920287724, 'bagging_freq': 1, 'num_leaves': 51, 'min_data_in_leaf': 35, 'extra_trees': True, 'min_data_per_group': 32, 'cat_l2': 0.021405022765127957, 'cat_smooth': 0.06218540616303613, 'max_cat_to_onehot': 16, 'lambda_l1': 0.1863434115494991, 'lambda_l2': 0.7137486380561281}. Best is trial 21 with value: 0.06659391697450802.
Optuna Search Completed in: 753.62 seconds

Training final model on optimized parameter setup...

[LIGHTGBM FINALIZED METRICS]
Optimal Trees:         576
Log_Loss:             0.0646 (Delta to TabPFN: +0.0010)
Accuracy:             0.9794 (Delta to TabPFN: -0.0001)
Final Train Time:      4.17 seconds (0.0668s per 1K)
Final Infer Time:      0.30 seconds (0.0190s per 1K)

--- LIGHTGBM Feature Importance (Raw vs. Scaled Share) ---
Feature | Raw gain | Share
pca_embed_0 | 699950.21 | 35.88%
pca_embed_1 | 255390.43 | 13.09%
pca_embed_6 | 170683.60 | 8.75%
pca_embed_8 | 132997.09 | 6.82%
pca_embed_9 | 84913.99 | 4.35%
pca_embed_5 | 75684.44 | 3.88%
pca_embed_4 | 66632.88 | 3.42%
pca_embed_7 | 65905.75 | 3.38%
pca_embed_3 | 61905.56 | 3.17%
pca_embed_11 | 57458.21 | 2.95%
pca_embed_10 | 53457.73 | 2.74%
pca_embed_2 | 50232.96 | 2.57%
pca_embed_18 | 40439.52 | 2.07%
pca_embed_12 | 31960.55 | 1.64%
pca_embed_17 | 21754.95 | 1.12%
pca_embed_13 | 19097.38 | 0.98%
pca_embed_14 | 18269.39 | 0.94%
pca_embed_19 | 14045.60 | 0.72%
pca_embed_20 | 12754.04 | 0.65%
pca_embed_16 | 9559.18 | 0.49%
pca_embed_15 | 7743.39 | 0.40%

=====================================================================
METRIC TYPE                                  | VALUE / PROFILE
=====================================================================
Embedding Share                              | 100.00%
Raw Feature Share                            | 0.00%
---------------------------------------------------------------------
Active Text Embedding Density                | 100.00% (21/21)
Active Raw Tabular Feature Density           | 0.00% (0/0)
---------------------------------------------------------------------
Top-5 Concentration Ratio (CR5)              | 68.89% of total decision weight
Top-10 Concentration Ratio (CR10)            | 85.68% of total decision weight
=====================================================================

Total Pipeline Execution Time: 760.33 seconds

[SUCCESS] Permanent artifacts safely written to 'outputs/training-2/'
[W&B] Artifacts and localized metrics logged successfully for sdss17_embed-only_lightgbm
