[W&B] Child process started for job: diabetes_raw-only_xgboost in group session-training-4
Loading archive 'archives/diabetes.npz' and initializing pipeline for target: XGBOOST...
Execution Mode: RAW-ONLY
Session Output Target: outputs/training-4/
Task Type: BINARY
TabPFN Baselines Loaded - Primary: 0.1320 | Secondary: 0.7597
PCA reduced text embeddings to 32 components.
Final training matrix shape assembled for RAW-ONLY: (614, 8)

Running 26-Trial Optuna Study for XGBOOST (RAW-ONLY)...
A new study created in RDB with name: 20260624_155415_diabetes_raw-only_xgboost
Trial 0 finished with value: 0.19819800569800572 and parameters: {}. Best is trial 0 with value: 0.19819800569800572.
Trial 1 finished with value: 0.18344373219373222 and parameters: {'learning_rate': 0.015355286838886862, 'max_depth': 10, 'min_child_weight': 0.5100627805979911, 'subsample': 0.8394633936788146, 'colsample_bylevel': 0.6624074561769746, 'colsample_bynode': 0.662397808134481, 'reg_alpha': 0.29051225247978046, 'reg_lambda': 4.330894111260099, 'grow_policy': 'lossguide', 'max_cat_to_onehot': 8, 'max_leaves': 884}. Best is trial 1 with value: 0.18344373219373222.
Trial 2 finished with value: 0.18586894586894576 and parameters: {'learning_rate': 0.060534484680010825, 'max_depth': 4, 'min_child_weight': 0.004705059281907645, 'subsample': 0.6733618039413735, 'colsample_bylevel': 0.7216968971838151, 'colsample_bynode': 0.8099025726528951, 'reg_alpha': 2.1597818987087147, 'reg_lambda': 1.4562165780761898, 'grow_policy': 'depthwise', 'max_cat_to_onehot': 16, 'max_leaves': 45}. Best is trial 1 with value: 0.18344373219373222.
Trial 3 finished with value: 0.1834366096866097 and parameters: {'learning_rate': 0.019603369861210685, 'max_depth': 8, 'min_child_weight': 0.005477562363971304, 'subsample': 0.8056937753654446, 'colsample_bylevel': 0.836965827544817, 'colsample_bynode': 0.6185801650879991, 'reg_alpha': 3.037763505022002, 'reg_lambda': 0.8527035660240889, 'grow_policy': 'lossguide', 'max_cat_to_onehot': 92, 'max_leaves': 399}. Best is trial 3 with value: 0.1834366096866097.
Trial 4 finished with value: 0.17810897435897433 and parameters: {'learning_rate': 0.012453219846912198, 'max_depth': 4, 'min_child_weight': 0.33959199243313637, 'subsample': 0.7760609974958406, 'colsample_bylevel': 0.6488152939379115, 'colsample_bynode': 0.798070764044508, 'reg_alpha': 0.17203916672398045, 'reg_lambda': 4.546611078353703, 'grow_policy': 'lossguide', 'max_cat_to_onehot': 17, 'max_leaves': 97}. Best is trial 4 with value: 0.17810897435897433.
Trial 5 finished with value: 0.18337606837606835 and parameters: {'learning_rate': 0.025719142025384646, 'max_depth': 4, 'min_child_weight': 3.8589082671053854, 'subsample': 0.9100531293444458, 'colsample_bylevel': 0.9757995766256756, 'colsample_bynode': 0.9579309401710595, 'reg_alpha': 2.989540104057545, 'reg_lambda': 4.609378987692081, 'grow_policy': 'lossguide', 'max_cat_to_onehot': 8, 'max_leaves': 37}. Best is trial 4 with value: 0.17810897435897433.
Trial 6 finished with value: 0.18284188034188031 and parameters: {'learning_rate': 0.016019568611465234, 'max_depth': 5, 'min_child_weight': 1.1627201204016835, 'subsample': 0.7427013306774357, 'colsample_bylevel': 0.7123738038749523, 'colsample_bynode': 0.8170784332632994, 'reg_alpha': 0.7047070324513158, 'reg_lambda': 4.011004684072123, 'grow_policy': 'lossguide', 'max_cat_to_onehot': 56, 'max_leaves': 20}. Best is trial 4 with value: 0.17810897435897433.
Trial 7 finished with value: 0.17974715099715088 and parameters: {'learning_rate': 0.0050834018700114374, 'max_depth': 9, 'min_child_weight': 0.4117599592262879, 'subsample': 0.8916028672163949, 'colsample_bylevel': 0.9085081386743783, 'colsample_bynode': 0.6296178606936361, 'reg_alpha': 1.7923927961485087, 'reg_lambda': 0.5794337107196961, 'grow_policy': 'depthwise', 'max_cat_to_onehot': 18, 'max_leaves': 10}. Best is trial 4 with value: 0.17810897435897433.
Trial 8 finished with value: 0.18325498575498578 and parameters: {'learning_rate': 0.012693089228250284, 'max_depth': 5, 'min_child_weight': 0.49979438035802604, 'subsample': 0.8550229885420852, 'colsample_bylevel': 0.9548850970305306, 'colsample_bynode': 0.7888859700647797, 'reg_alpha': 0.5980592702669147, 'reg_lambda': 3.566252611636253, 'grow_policy': 'depthwise', 'max_cat_to_onehot': 55, 'max_leaves': 85}. Best is trial 4 with value: 0.17810897435897433.
Trial 9 finished with value: 0.1792307692307693 and parameters: {'learning_rate': 0.02393652463662192, 'max_depth': 6, 'min_child_weight': 0.0012417226051008223, 'subsample': 0.6431565707973218, 'colsample_bylevel': 0.6125716742746937, 'colsample_bynode': 0.8545641645055122, 'reg_alpha': 1.5718484697835258, 'reg_lambda': 2.542902598754398, 'grow_policy': 'depthwise', 'max_cat_to_onehot': 22, 'max_leaves': 308}. Best is trial 4 with value: 0.17810897435897433.
Trial 10 finished with value: 0.181068376068376 and parameters: {'learning_rate': 0.08641685654424158, 'max_depth': 7, 'min_child_weight': 0.05330630380208628, 'subsample': 0.9729161367647149, 'colsample_bylevel': 0.8067426612208689, 'colsample_bynode': 0.9630659181130071, 'reg_alpha': 4.7988577526525065, 'reg_lambda': 2.5876151166352477, 'grow_policy': 'lossguide', 'max_cat_to_onehot': 31, 'max_leaves': 137}. Best is trial 4 with value: 0.17810897435897433.
Trial 11 finished with value: 0.18377492877492885 and parameters: {'learning_rate': 0.007631609688708743, 'max_depth': 6, 'min_child_weight': 0.04042693539277767, 'subsample': 0.6112090741931764, 'colsample_bylevel': 0.6046474205309514, 'colsample_bynode': 0.8759561693398767, 'reg_alpha': 1.6094980895413644, 'reg_lambda': 2.6071607627764326, 'grow_policy': 'depthwise', 'max_cat_to_onehot': 18, 'max_leaves': 223}. Best is trial 4 with value: 0.17810897435897433.
Trial 12 finished with value: 0.18019230769230776 and parameters: {'learning_rate': 0.03175878639036045, 'max_depth': 5, 'min_child_weight': 0.0013323040179599695, 'subsample': 0.7171659860910148, 'colsample_bylevel': 0.6013565469900577, 'colsample_bynode': 0.7336320081207262, 'reg_alpha': 1.2194504168217553, 'reg_lambda': 2.7844391711890415, 'grow_policy': 'depthwise', 'max_cat_to_onehot': 27, 'max_leaves': 369}. Best is trial 4 with value: 0.17810897435897433.
Trial 13 finished with value: 0.1771866096866097 and parameters: {'learning_rate': 0.03663053703759853, 'max_depth': 6, 'min_child_weight': 0.05090057180402597, 'subsample': 0.6052561262871233, 'colsample_bylevel': 0.685455074227567, 'colsample_bynode': 0.883798810243418, 'reg_alpha': 0.029466508441890804, 'reg_lambda': 4.986191441624831, 'grow_policy': 'depthwise', 'max_cat_to_onehot': 29, 'max_leaves': 95}. Best is trial 13 with value: 0.1771866096866097.
Trial 14 finished with value: 0.17971866096866096 and parameters: {'learning_rate': 0.0437519493631013, 'max_depth': 4, 'min_child_weight': 0.06425156029737598, 'subsample': 0.7455318333555111, 'colsample_bylevel': 0.7437676091094831, 'colsample_bynode': 0.8984748718422547, 'reg_alpha': 0.18585189074510572, 'reg_lambda': 4.911524182692407, 'grow_policy': 'lossguide', 'max_cat_to_onehot': 39, 'max_leaves': 79}. Best is trial 13 with value: 0.1771866096866097.
Trial 15 finished with value: 0.18129273504273513 and parameters: {'learning_rate': 0.010225309888755396, 'max_depth': 6, 'min_child_weight': 0.201468410642177, 'subsample': 0.7911302960155628, 'colsample_bylevel': 0.6732132011401761, 'colsample_bynode': 0.7273245014903308, 'reg_alpha': 0.1361924100533458, 'reg_lambda': 3.6641559108030726, 'grow_policy': 'lossguide', 'max_cat_to_onehot': 13, 'max_leaves': 96}. Best is trial 13 with value: 0.1771866096866097.
Trial 16 finished with value: 0.18104700854700861 and parameters: {'learning_rate': 0.04071080400307333, 'max_depth': 7, 'min_child_weight': 0.016269636891711393, 'subsample': 0.6891404984361571, 'colsample_bylevel': 0.7782524407042799, 'colsample_bynode': 0.9185914755768421, 'reg_alpha': 1.0230393593771117, 'reg_lambda': 4.826166066144186, 'grow_policy': 'depthwise', 'max_cat_to_onehot': 12, 'max_leaves': 40}. Best is trial 13 with value: 0.1771866096866097.
Trial 17 finished with value: 0.1745619658119658 and parameters: {'learning_rate': 0.008025449819134587, 'max_depth': 4, 'min_child_weight': 0.14066722243523666, 'subsample': 0.6090073982204239, 'colsample_bylevel': 0.6789339792954019, 'colsample_bynode': 0.7502608345953417, 'reg_alpha': 0.060749223339732095, 'reg_lambda': 3.3805822662377807, 'grow_policy': 'depthwise', 'max_cat_to_onehot': 37, 'max_leaves': 167}. Best is trial 17 with value: 0.1745619658119658.
Trial 18 finished with value: 0.17731125356125355 and parameters: {'learning_rate': 0.09808430647241417, 'max_depth': 5, 'min_child_weight': 0.12757201168988824, 'subsample': 0.6005474561460495, 'colsample_bylevel': 0.6938804244919852, 'colsample_bynode': 0.7075496061281158, 'reg_alpha': 0.9870867560412909, 'reg_lambda': 3.223940929508584, 'grow_policy': 'depthwise', 'max_cat_to_onehot': 41, 'max_leaves': 994}. Best is trial 17 with value: 0.1745619658119658.
Trial 19 finished with value: 0.18483618233618238 and parameters: {'learning_rate': 0.005009749281998703, 'max_depth': 7, 'min_child_weight': 0.013633405542229726, 'subsample': 0.6499157526109127, 'colsample_bylevel': 0.7629823104488291, 'colsample_bynode': 0.753723332915716, 'reg_alpha': 2.5236209090483994, 'reg_lambda': 1.9083088930479097, 'grow_policy': 'depthwise', 'max_cat_to_onehot': 73, 'max_leaves': 174}. Best is trial 17 with value: 0.1745619658119658.
Trial 20 finished with value: 0.1804237891737891 and parameters: {'learning_rate': 0.007840006002883875, 'max_depth': 4, 'min_child_weight': 1.7856858015894965, 'subsample': 0.6361773083106397, 'colsample_bylevel': 0.8366867850424077, 'colsample_bynode': 0.9989879313923895, 'reg_alpha': 4.851901986528535, 'reg_lambda': 1.8463835632400238, 'grow_policy': 'depthwise', 'max_cat_to_onehot': 32, 'max_leaves': 22}. Best is trial 17 with value: 0.1745619658119658.
Trial 21 finished with value: 0.18124287749287749 and parameters: {'learning_rate': 0.08860236914957563, 'max_depth': 5, 'min_child_weight': 0.11355970530146925, 'subsample': 0.601863447288663, 'colsample_bylevel': 0.6931542636244482, 'colsample_bynode': 0.6851718269745974, 'reg_alpha': 0.9383809030511566, 'reg_lambda': 3.2423775599079265, 'grow_policy': 'depthwise', 'max_cat_to_onehot': 43, 'max_leaves': 778}. Best is trial 17 with value: 0.1745619658119658.
Trial 22 finished with value: 0.17840099715099722 and parameters: {'learning_rate': 0.06193561627636287, 'max_depth': 5, 'min_child_weight': 0.14547673520799476, 'subsample': 0.6027239059970473, 'colsample_bylevel': 0.6406093978227206, 'colsample_bynode': 0.6793769502963011, 'reg_alpha': 0.661474433642357, 'reg_lambda': 3.2506511167107965, 'grow_policy': 'depthwise', 'max_cat_to_onehot': 38, 'max_leaves': 633}. Best is trial 17 with value: 0.1745619658119658.
Trial 23 finished with value: 0.1738087606837606 and parameters: {'learning_rate': 0.06267560341123683, 'max_depth': 6, 'min_child_weight': 0.025148142040711752, 'subsample': 0.6784050312954912, 'colsample_bylevel': 0.7115913124662825, 'colsample_bynode': 0.7140337096776928, 'reg_alpha': 1.2596627391332684, 'reg_lambda': 4.025219986272059, 'grow_policy': 'depthwise', 'max_cat_to_onehot': 52, 'max_leaves': 498}. Best is trial 23 with value: 0.1738087606837606.
Trial 24 finished with value: 0.1825854700854701 and parameters: {'learning_rate': 0.05269387048889683, 'max_depth': 6, 'min_child_weight': 0.018805509817202033, 'subsample': 0.6884153498754272, 'colsample_bylevel': 0.7393024872131001, 'colsample_bynode': 0.7778197250715323, 'reg_alpha': 0.008470735939534756, 'reg_lambda': 4.027883754221644, 'grow_policy': 'depthwise', 'max_cat_to_onehot': 65, 'max_leaves': 233}. Best is trial 23 with value: 0.1738087606837606.
Trial 25 finished with value: 0.1841346153846154 and parameters: {'learning_rate': 0.036864516929328024, 'max_depth': 8, 'min_child_weight': 0.025458728734425583, 'subsample': 0.6620124324609108, 'colsample_bylevel': 0.6964454203553094, 'colsample_bynode': 0.7553833131967876, 'reg_alpha': 1.252708316201844, 'reg_lambda': 4.121151073202938, 'grow_policy': 'depthwise', 'max_cat_to_onehot': 49, 'max_leaves': 456}. Best is trial 23 with value: 0.1738087606837606.
Optuna Search Completed in: 24.72 seconds

Training final model on optimized parameter setup...

[XGBOOST FINALIZED METRICS]
Optimal Trees:         12
1-AUROC:             0.1284 (Delta to TabPFN: -0.0036)
Accuracy:             0.7078 (Delta to TabPFN: -0.0519)
Final Train Time:      0.01 seconds (0.0105s per 1K)
Final Infer Time:      0.00 seconds (0.0033s per 1K)

--- XGBOOST Feature Importance (Raw vs. Scaled Share) ---
Feature | Raw gain | Share
Glucose | 426.64 | 43.61%
BMI | 207.80 | 21.24%
Age | 138.10 | 14.12%
Pregnancies | 52.47 | 5.36%
Insulin | 50.99 | 5.21%
DiabetesPedigreeFunction | 50.72 | 5.18%
SkinThickness | 30.84 | 3.15%
BloodPressure | 20.65 | 2.11%

=====================================================================
METRIC TYPE                                  | VALUE / PROFILE
=====================================================================
Embedding Share                              | 0.00%
Raw Feature Share                            | 100.00%
---------------------------------------------------------------------
Active Text Embedding Density                | 0.00% (0/0)
Active Raw Tabular Feature Density           | 100.00% (8/8)
---------------------------------------------------------------------
Top-5 Concentration Ratio (CR5)              | 89.55% of total decision weight
Top-10 Concentration Ratio (CR10)            | 100.00% of total decision weight
=====================================================================

Total Pipeline Execution Time: 26.28 seconds

[SUCCESS] Permanent artifacts safely written to 'outputs/training-4/'
[W&B] Artifacts and localized metrics logged successfully for diabetes_raw-only_xgboost
