[W&B] Child process started for job: maternal_health_risk_raw-only_xgboost in group session-training-2
Loading archive 'archives/maternal_health_risk.npz' and initializing pipeline for target: XGBOOST...
Execution Mode: RAW-ONLY
Session Output Target: outputs/training-2/
Task Type: MULTICLASS
TabPFN Baselines Loaded - Primary: 0.3258 | Secondary: 0.8621
PCA reduced text embeddings to 38 components.
Final training matrix shape assembled for RAW-ONLY: (811, 6)

Running 26-Trial Optuna Study for XGBOOST (RAW-ONLY)...
A new study created in RDB with name: 20260624_222901_maternal_health_risk_raw-only_xgboost
Trial 0 finished with value: 0.47234988594894994 and parameters: {}. Best is trial 0 with value: 0.47234988594894994.
Trial 1 finished with value: 0.4884152765584251 and parameters: {'learning_rate': 0.015355286838886862, 'max_depth': 10, 'min_child_weight': 0.5100627805979911, 'subsample': 0.8394633936788146, 'colsample_bylevel': 0.6624074561769746, 'colsample_bynode': 0.662397808134481, 'reg_alpha': 0.29051225247978046, 'reg_lambda': 4.330894111260099, 'grow_policy': 'lossguide', 'max_cat_to_onehot': 8, 'max_leaves': 884}. Best is trial 0 with value: 0.47234988594894994.
Trial 2 finished with value: 0.5101478574489183 and parameters: {'learning_rate': 0.060534484680010825, 'max_depth': 4, 'min_child_weight': 0.004705059281907645, 'subsample': 0.6733618039413735, 'colsample_bylevel': 0.7216968971838151, 'colsample_bynode': 0.8099025726528951, 'reg_alpha': 2.1597818987087147, 'reg_lambda': 1.4562165780761898, 'grow_policy': 'depthwise', 'max_cat_to_onehot': 16, 'max_leaves': 45}. Best is trial 0 with value: 0.47234988594894994.
Trial 3 finished with value: 0.5261296014713893 and parameters: {'learning_rate': 0.019603369861210685, 'max_depth': 8, 'min_child_weight': 0.005477562363971304, 'subsample': 0.8056937753654446, 'colsample_bylevel': 0.836965827544817, 'colsample_bynode': 0.6185801650879991, 'reg_alpha': 3.037763505022002, 'reg_lambda': 0.8527035660240889, 'grow_policy': 'lossguide', 'max_cat_to_onehot': 92, 'max_leaves': 399}. Best is trial 0 with value: 0.47234988594894994.
Trial 4 finished with value: 0.5267624944110186 and parameters: {'learning_rate': 0.012453219846912198, 'max_depth': 4, 'min_child_weight': 0.33959199243313637, 'subsample': 0.7760609974958406, 'colsample_bylevel': 0.6488152939379115, 'colsample_bynode': 0.798070764044508, 'reg_alpha': 0.17203916672398045, 'reg_lambda': 4.546611078353703, 'grow_policy': 'lossguide', 'max_cat_to_onehot': 17, 'max_leaves': 97}. Best is trial 0 with value: 0.47234988594894994.
Trial 5 finished with value: 0.5504092824170232 and parameters: {'learning_rate': 0.025719142025384646, 'max_depth': 4, 'min_child_weight': 3.8589082671053854, 'subsample': 0.9100531293444458, 'colsample_bylevel': 0.9757995766256756, 'colsample_bynode': 0.9579309401710595, 'reg_alpha': 2.989540104057545, 'reg_lambda': 4.609378987692081, 'grow_policy': 'lossguide', 'max_cat_to_onehot': 8, 'max_leaves': 37}. Best is trial 0 with value: 0.47234988594894994.
Trial 6 finished with value: 0.5051965434308288 and parameters: {'learning_rate': 0.016019568611465234, 'max_depth': 5, 'min_child_weight': 1.1627201204016835, 'subsample': 0.7427013306774357, 'colsample_bylevel': 0.7123738038749523, 'colsample_bynode': 0.8170784332632994, 'reg_alpha': 0.7047070324513158, 'reg_lambda': 4.011004684072123, 'grow_policy': 'lossguide', 'max_cat_to_onehot': 56, 'max_leaves': 20}. Best is trial 0 with value: 0.47234988594894994.
Trial 7 finished with value: 0.5694827073972568 and parameters: {'learning_rate': 0.0050834018700114374, 'max_depth': 9, 'min_child_weight': 0.4117599592262879, 'subsample': 0.8916028672163949, 'colsample_bylevel': 0.9085081386743783, 'colsample_bynode': 0.6296178606936361, 'reg_alpha': 1.7923927961485087, 'reg_lambda': 0.5794337107196961, 'grow_policy': 'depthwise', 'max_cat_to_onehot': 18, 'max_leaves': 10}. Best is trial 0 with value: 0.47234988594894994.
Trial 8 finished with value: 0.5043378412801276 and parameters: {'learning_rate': 0.012693089228250284, 'max_depth': 5, 'min_child_weight': 0.49979438035802604, 'subsample': 0.8550229885420852, 'colsample_bylevel': 0.9548850970305306, 'colsample_bynode': 0.7888859700647797, 'reg_alpha': 0.5980592702669147, 'reg_lambda': 3.566252611636253, 'grow_policy': 'depthwise', 'max_cat_to_onehot': 55, 'max_leaves': 85}. Best is trial 0 with value: 0.47234988594894994.
Trial 9 finished with value: 0.5075377104782167 and parameters: {'learning_rate': 0.02393652463662192, 'max_depth': 6, 'min_child_weight': 0.0012417226051008223, 'subsample': 0.6431565707973218, 'colsample_bylevel': 0.6125716742746937, 'colsample_bynode': 0.8545641645055122, 'reg_alpha': 1.5718484697835258, 'reg_lambda': 2.542902598754398, 'grow_policy': 'depthwise', 'max_cat_to_onehot': 22, 'max_leaves': 308}. Best is trial 0 with value: 0.47234988594894994.
Trial 10 finished with value: 0.5616046939992108 and parameters: {'learning_rate': 0.08949625745239276, 'max_depth': 7, 'min_child_weight': 0.038946887834449, 'subsample': 0.9729161367647149, 'colsample_bylevel': 0.8262452362725613, 'colsample_bynode': 0.9630659181130071, 'reg_alpha': 4.7988577526525065, 'reg_lambda': 2.71904209561275, 'grow_policy': 'depthwise', 'max_cat_to_onehot': 34, 'max_leaves': 9}. Best is trial 0 with value: 0.47234988594894994.
Trial 11 finished with value: 0.6013702137926943 and parameters: {'learning_rate': 0.005235264940199332, 'max_depth': 10, 'min_child_weight': 0.04042693539277767, 'subsample': 0.9955755074724779, 'colsample_bylevel': 0.8044101216064796, 'colsample_bynode': 0.664021539196621, 'reg_alpha': 4.977790432379125, 'reg_lambda': 2.0058140000654903, 'grow_policy': 'lossguide', 'max_cat_to_onehot': 10, 'max_leaves': 1016}. Best is trial 0 with value: 0.47234988594894994.
Trial 12 finished with value: 0.5380295760719241 and parameters: {'learning_rate': 0.050457787252396434, 'max_depth': 6, 'min_child_weight': 0.09909199881818531, 'subsample': 0.7099725813105942, 'colsample_bylevel': 0.7403227135411227, 'colsample_bynode': 0.7061096367639027, 'reg_alpha': 3.8279366924088967, 'reg_lambda': 0.03556311240368615, 'grow_policy': 'lossguide', 'max_cat_to_onehot': 34, 'max_leaves': 194}. Best is trial 0 with value: 0.47234988594894994.
Trial 13 finished with value: 0.5940827613999213 and parameters: {'learning_rate': 0.008410037724463188, 'max_depth': 10, 'min_child_weight': 4.84945231525358, 'subsample': 0.6052561262871233, 'colsample_bylevel': 0.8878745420426452, 'colsample_bynode': 0.8989199381854913, 'reg_alpha': 3.879306086722645, 'reg_lambda': 3.186392082867091, 'grow_policy': 'lossguide', 'max_cat_to_onehot': 11, 'max_leaves': 956}. Best is trial 0 with value: 0.47234988594894994.
Trial 14 finished with value: 0.48304949650812595 and parameters: {'learning_rate': 0.03633683735730855, 'max_depth': 7, 'min_child_weight': 0.012192727578520031, 'subsample': 0.827684455145088, 'colsample_bylevel': 0.651129729713056, 'colsample_bynode': 0.725202341719977, 'reg_alpha': 1.25278625121095, 'reg_lambda': 4.897130016304546, 'grow_policy': 'lossguide', 'max_cat_to_onehot': 95, 'max_leaves': 526}. Best is trial 0 with value: 0.47234988594894994.
Trial 15 finished with value: 0.48183503717492693 and parameters: {'learning_rate': 0.03463582136578147, 'max_depth': 7, 'min_child_weight': 0.0010751809437107224, 'subsample': 0.9362148766913247, 'colsample_bylevel': 0.7767072407226203, 'colsample_bynode': 0.7326062858757199, 'reg_alpha': 1.40714315646884, 'reg_lambda': 1.692483378996399, 'grow_policy': 'lossguide', 'max_cat_to_onehot': 95, 'max_leaves': 162}. Best is trial 0 with value: 0.47234988594894994.
Trial 16 finished with value: 0.5125239419083668 and parameters: {'learning_rate': 0.08591009827794409, 'max_depth': 5, 'min_child_weight': 0.001625725663386405, 'subsample': 0.9255974822311327, 'colsample_bylevel': 0.9993602002271919, 'colsample_bynode': 0.997446781652372, 'reg_alpha': 2.6526369869249438, 'reg_lambda': 1.6623121847589961, 'grow_policy': 'lossguide', 'max_cat_to_onehot': 63, 'max_leaves': 146}. Best is trial 0 with value: 0.47234988594894994.
Trial 17 finished with value: 0.5677187194055302 and parameters: {'learning_rate': 0.008331922867077847, 'max_depth': 8, 'min_child_weight': 0.06110020394896116, 'subsample': 0.9518397905115925, 'colsample_bylevel': 0.7616287146723625, 'colsample_bynode': 0.7451765623165412, 'reg_alpha': 3.8927787946246584, 'reg_lambda': 1.0747795657312316, 'grow_policy': 'depthwise', 'max_cat_to_onehot': 31, 'max_leaves': 20}. Best is trial 0 with value: 0.47234988594894994.
Trial 18 finished with value: 0.46747273179261206 and parameters: {'learning_rate': 0.03727108851366251, 'max_depth': 6, 'min_child_weight': 0.14531130777953669, 'subsample': 0.7546516529555951, 'colsample_bylevel': 0.8765458013504066, 'colsample_bynode': 0.8908506561752689, 'reg_alpha': 0.9857148725556706, 'reg_lambda': 2.320392081770821, 'grow_policy': 'lossguide', 'max_cat_to_onehot': 72, 'max_leaves': 48}. Best is trial 18 with value: 0.46747273179261206.
Trial 19 finished with value: 0.4999644001051551 and parameters: {'learning_rate': 0.05099942140746045, 'max_depth': 6, 'min_child_weight': 0.16160334436765317, 'subsample': 0.7309504895099954, 'colsample_bylevel': 0.8801151332999179, 'colsample_bynode': 0.8874958133168993, 'reg_alpha': 2.482056922746836, 'reg_lambda': 2.3741136762777497, 'grow_policy': 'depthwise', 'max_cat_to_onehot': 25, 'max_leaves': 59}. Best is trial 18 with value: 0.46747273179261206.
Trial 20 finished with value: 0.584508538058254 and parameters: {'learning_rate': 0.008125049631632358, 'max_depth': 5, 'min_child_weight': 0.0162473620742987, 'subsample': 0.685949367022604, 'colsample_bylevel': 0.920013753866693, 'colsample_bynode': 0.9309097467567278, 'reg_alpha': 4.422016557797586, 'reg_lambda': 3.220249849824823, 'grow_policy': 'lossguide', 'max_cat_to_onehot': 44, 'max_leaves': 22}. Best is trial 18 with value: 0.46747273179261206.
Trial 21 finished with value: 0.4692673103716303 and parameters: {'learning_rate': 0.03459607893553768, 'max_depth': 7, 'min_child_weight': 1.6804986530772745, 'subsample': 0.8711839666907409, 'colsample_bylevel': 0.7814063791151116, 'colsample_bynode': 0.7625597771461663, 'reg_alpha': 1.0170940311513055, 'reg_lambda': 2.0021592449761547, 'grow_policy': 'lossguide', 'max_cat_to_onehot': 74, 'max_leaves': 184}. Best is trial 18 with value: 0.46747273179261206.
Trial 22 finished with value: 0.4698919500717097 and parameters: {'learning_rate': 0.0340102378988045, 'max_depth': 6, 'min_child_weight': 1.84551155500629, 'subsample': 0.8768738524782623, 'colsample_bylevel': 0.8515116340198532, 'colsample_bynode': 0.8702704342173871, 'reg_alpha': 0.9452137246009169, 'reg_lambda': 2.201275876402472, 'grow_policy': 'lossguide', 'max_cat_to_onehot': 74, 'max_leaves': 232}. Best is trial 18 with value: 0.46747273179261206.
Trial 23 finished with value: 0.4731853659335155 and parameters: {'learning_rate': 0.034120892782043395, 'max_depth': 6, 'min_child_weight': 2.071496750898918, 'subsample': 0.8777837401238018, 'colsample_bylevel': 0.8570552384294299, 'colsample_bynode': 0.8523666715390361, 'reg_alpha': 1.0191321431200435, 'reg_lambda': 2.138054438748558, 'grow_policy': 'lossguide', 'max_cat_to_onehot': 71, 'max_leaves': 248}. Best is trial 18 with value: 0.46747273179261206.
Trial 24 finished with value: 0.4658677108872214 and parameters: {'learning_rate': 0.042786235060845425, 'max_depth': 7, 'min_child_weight': 1.2038359833294547, 'subsample': 0.765643850782963, 'colsample_bylevel': 0.8120555707197958, 'colsample_bynode': 0.8622675931738528, 'reg_alpha': 0.9283018137774888, 'reg_lambda': 2.884331858246498, 'grow_policy': 'lossguide', 'max_cat_to_onehot': 74, 'max_leaves': 112}. Best is trial 24 with value: 0.4658677108872214.
Trial 25 finished with value: 0.4882237229537227 and parameters: {'learning_rate': 0.057268404575978135, 'max_depth': 8, 'min_child_weight': 1.0962686574359388, 'subsample': 0.7778855802407671, 'colsample_bylevel': 0.7919765900623296, 'colsample_bynode': 0.7726722574000178, 'reg_alpha': 1.8963764701514032, 'reg_lambda': 2.759064764935214, 'grow_policy': 'lossguide', 'max_cat_to_onehot': 45, 'max_leaves': 109}. Best is trial 24 with value: 0.4658677108872214.
Optuna Search Completed in: 233.87 seconds

Training final model on optimized parameter setup...

[XGBOOST FINALIZED METRICS]
Optimal Trees:         1000
Log_Loss:             0.3950 (Delta to TabPFN: +0.0693)
Accuracy:             0.8424 (Delta to TabPFN: -0.0197)
Final Train Time:      1.67 seconds (2.0542s per 1K)
Final Infer Time:      0.01 seconds (0.0327s per 1K)

--- XGBOOST Feature Importance (Raw vs. Scaled Share) ---
Feature | Raw gain | Share
BS | 5211.17 | 39.16%
SystolicBP | 2685.24 | 20.18%
Age | 1955.32 | 14.69%
HeartRate | 1307.42 | 9.83%
DiastolicBP | 1241.61 | 9.33%
BodyTemp | 905.54 | 6.81%

=====================================================================
METRIC TYPE                                  | VALUE / PROFILE
=====================================================================
Embedding Share                              | 0.00%
Raw Feature Share                            | 100.00%
---------------------------------------------------------------------
Active Text Embedding Density                | 0.00% (0/0)
Active Raw Tabular Feature Density           | 100.00% (6/6)
---------------------------------------------------------------------
Top-5 Concentration Ratio (CR5)              | 93.19% of total decision weight
Top-10 Concentration Ratio (CR10)            | 100.00% of total decision weight
=====================================================================

Total Pipeline Execution Time: 237.25 seconds

[SUCCESS] Permanent artifacts safely written to 'outputs/training-2/'
[W&B] Artifacts and localized metrics logged successfully for maternal_health_risk_raw-only_xgboost
