[W&B] Child process started for job: qsar-tid-11_combined_catboost in group session-training-4
Loading archive 'archives/qsar-tid-11.npz' and initializing pipeline for target: CATBOOST...
Execution Mode: COMBINED
Session Output Target: outputs/training-4/
Task Type: REGRESSION
TabPFN Baselines Loaded - Primary: 0.6736 | Secondary: 0.8041
PCA reduced text embeddings to 41 components.
Final training matrix shape assembled for COMBINED: (4593, 1065)

Running 26-Trial Optuna Study for CATBOOST (COMBINED)...
A new study created in RDB with name: 20260625_052753_qsar-tid-11_combined_catboost
Trial 0 finished with value: 0.8496879985842878 and parameters: {}. Best is trial 0 with value: 0.8496879985842878.
Trial 1 finished with value: 0.7345703853658716 and parameters: {'learning_rate': 0.015355286838886862, 'bootstrap_type': 'Bernoulli', 'subsample': 0.9852142919229748, 'grow_policy': 'SymmetricTree', 'depth': 4, 'colsample_bylevel': 0.8733991780504303, 'l2_leaf_reg': 0.00018747059221802545, 'leaf_estimation_iterations': 12, 'one_hot_max_size': 36, 'model_size_reg': 0.6803900745073703, 'max_ctr_complexity': 2, 'boosting_type': 'Plain', 'max_bin': 254}. Best is trial 1 with value: 0.7345703853658716.
Trial 2 finished with value: 0.7430884916234701 and parameters: {'learning_rate': 0.09138013915892866, 'bootstrap_type': 'Bernoulli', 'subsample': 0.9497327922401265, 'grow_policy': 'SymmetricTree', 'depth': 4, 'colsample_bylevel': 0.8956363364439306, 'l2_leaf_reg': 0.02922905212920092, 'leaf_estimation_iterations': 2, 'one_hot_max_size': 16, 'model_size_reg': 0.5243180891902851, 'max_ctr_complexity': 2, 'boosting_type': 'Plain', 'max_bin': 254}. Best is trial 1 with value: 0.7345703853658716.
Trial 3 finished with value: 0.736067289646458 and parameters: {'learning_rate': 0.011996621453406362, 'bootstrap_type': 'Bernoulli', 'subsample': 0.8099085529881075, 'grow_policy': 'Depthwise', 'depth': 4, 'colsample_bylevel': 0.9271351657620417, 'l2_leaf_reg': 0.06077686426194464, 'leaf_estimation_iterations': 1, 'one_hot_max_size': 36, 'model_size_reg': 0.15869086642715013, 'max_ctr_complexity': 2, 'boosting_type': 'Plain', 'max_bin': 254}. Best is trial 1 with value: 0.7345703853658716.
Trial 4 finished with value: 0.7455673741872021 and parameters: {'learning_rate': 0.08580222514877409, 'bootstrap_type': 'Bernoulli', 'subsample': 0.9896896099223678, 'grow_policy': 'SymmetricTree', 'depth': 4, 'colsample_bylevel': 0.9526349539768235, 'l2_leaf_reg': 0.011702088154220882, 'leaf_estimation_iterations': 1, 'one_hot_max_size': 27, 'model_size_reg': 0.10975998502129433, 'max_ctr_complexity': 5, 'boosting_type': 'Plain', 'max_bin': 254}. Best is trial 1 with value: 0.7345703853658716.
Trial 5 finished with value: 0.7347494667989792 and parameters: {'learning_rate': 0.010855517271883068, 'bootstrap_type': 'Bernoulli', 'subsample': 0.8987566853061946, 'grow_policy': 'Depthwise', 'depth': 6, 'colsample_bylevel': 0.877728168328829, 'l2_leaf_reg': 3.597899951374983, 'leaf_estimation_iterations': 9, 'one_hot_max_size': 86, 'model_size_reg': 1.128232550122133, 'max_ctr_complexity': 4, 'boosting_type': 'Plain', 'max_bin': 254}. Best is trial 1 with value: 0.7345703853658716.
Trial 6 finished with value: 0.747189187637872 and parameters: {'learning_rate': 0.07913270952323785, 'bootstrap_type': 'Bernoulli', 'subsample': 0.7265477506155759, 'grow_policy': 'SymmetricTree', 'depth': 5, 'colsample_bylevel': 0.9083015934534223, 'l2_leaf_reg': 0.001883913511943895, 'leaf_estimation_iterations': 11, 'one_hot_max_size': 19, 'model_size_reg': 0.21399549030176218, 'max_ctr_complexity': 4, 'boosting_type': 'Plain', 'max_bin': 254}. Best is trial 1 with value: 0.7345703853658716.
Trial 7 finished with value: 0.7350645368860873 and parameters: {'learning_rate': 0.007626348515257587, 'bootstrap_type': 'Bernoulli', 'subsample': 0.9406590942262119, 'grow_policy': 'Depthwise', 'depth': 7, 'colsample_bylevel': 0.8798073522301258, 'l2_leaf_reg': 0.00010615690854925657, 'leaf_estimation_iterations': 10, 'one_hot_max_size': 47, 'model_size_reg': 0.7200770311577639, 'max_ctr_complexity': 5, 'boosting_type': 'Plain', 'max_bin': 254}. Best is trial 1 with value: 0.7345703853658716.
Trial 8 finished with value: 0.7371538689833204 and parameters: {'learning_rate': 0.006241720498669827, 'bootstrap_type': 'Bernoulli', 'subsample': 0.8075397185632818, 'grow_policy': 'Depthwise', 'depth': 7, 'colsample_bylevel': 0.8996347037278973, 'l2_leaf_reg': 0.00019891099118865958, 'leaf_estimation_iterations': 2, 'one_hot_max_size': 17, 'model_size_reg': 0.7212460519889856, 'max_ctr_complexity': 4, 'boosting_type': 'Plain', 'max_bin': 254}. Best is trial 1 with value: 0.7345703853658716.
Trial 9 finished with value: 0.7505596876349883 and parameters: {'learning_rate': 0.07132805718188966, 'bootstrap_type': 'Bernoulli', 'subsample': 0.8416644775485848, 'grow_policy': 'Depthwise', 'depth': 7, 'colsample_bylevel': 0.9341915796354244, 'l2_leaf_reg': 0.4195190175255899, 'leaf_estimation_iterations': 3, 'one_hot_max_size': 29, 'model_size_reg': 0.318293122389662, 'max_ctr_complexity': 2, 'boosting_type': 'Plain', 'max_bin': 254}. Best is trial 1 with value: 0.7345703853658716.
Trial 10 finished with value: 0.7331575785196183 and parameters: {'learning_rate': 0.027075555569701922, 'bootstrap_type': 'Bernoulli', 'subsample': 0.701799154886745, 'grow_policy': 'SymmetricTree', 'depth': 8, 'colsample_bylevel': 0.9942739726130633, 'l2_leaf_reg': 0.0025843128549611844, 'leaf_estimation_iterations': 18, 'one_hot_max_size': 8, 'model_size_reg': 1.3180934075316322, 'max_ctr_complexity': 3, 'boosting_type': 'Plain', 'max_bin': 254}. Best is trial 10 with value: 0.7331575785196183.
Trial 11 finished with value: 0.7316797139345651 and parameters: {'learning_rate': 0.024929427191427694, 'bootstrap_type': 'Bernoulli', 'subsample': 0.7061676316911134, 'grow_policy': 'SymmetricTree', 'depth': 8, 'colsample_bylevel': 0.9977617491134793, 'l2_leaf_reg': 0.0013429680269363487, 'leaf_estimation_iterations': 20, 'one_hot_max_size': 8, 'model_size_reg': 1.3544869200492156, 'max_ctr_complexity': 3, 'boosting_type': 'Plain', 'max_bin': 254}. Best is trial 11 with value: 0.7316797139345651.
Trial 12 finished with value: 0.7320356211985556 and parameters: {'learning_rate': 0.028887781417624332, 'bootstrap_type': 'Bernoulli', 'subsample': 0.7021351519791277, 'grow_policy': 'SymmetricTree', 'depth': 8, 'colsample_bylevel': 0.9986935665342613, 'l2_leaf_reg': 0.0020464469652277696, 'leaf_estimation_iterations': 20, 'one_hot_max_size': 8, 'model_size_reg': 1.4594423092216235, 'max_ctr_complexity': 3, 'boosting_type': 'Plain', 'max_bin': 254}. Best is trial 11 with value: 0.7316797139345651.
Trial 13 finished with value: 0.7347563575890063 and parameters: {'learning_rate': 0.03765546753694463, 'bootstrap_type': 'Bernoulli', 'subsample': 0.7497128718699666, 'grow_policy': 'SymmetricTree', 'depth': 8, 'colsample_bylevel': 0.9996210467426331, 'l2_leaf_reg': 0.0022313073800259197, 'leaf_estimation_iterations': 20, 'one_hot_max_size': 8, 'model_size_reg': 1.4799845106766385, 'max_ctr_complexity': 3, 'boosting_type': 'Plain', 'max_bin': 254}. Best is trial 11 with value: 0.7316797139345651.
Trial 14 finished with value: 0.7348906858270282 and parameters: {'learning_rate': 0.027940995960257158, 'bootstrap_type': 'Bernoulli', 'subsample': 0.7654349563804492, 'grow_policy': 'SymmetricTree', 'depth': 8, 'colsample_bylevel': 0.9730708379780038, 'l2_leaf_reg': 0.0007625750499256816, 'leaf_estimation_iterations': 6, 'one_hot_max_size': 11, 'model_size_reg': 1.0208629512195964, 'max_ctr_complexity': 3, 'boosting_type': 'Plain', 'max_bin': 254}. Best is trial 11 with value: 0.7316797139345651.
Trial 15 finished with value: 0.7375663044952683 and parameters: {'learning_rate': 0.04049835273363108, 'bootstrap_type': 'Bernoulli', 'subsample': 0.7120275111089998, 'grow_policy': 'SymmetricTree', 'depth': 8, 'colsample_bylevel': 0.9734833872710406, 'l2_leaf_reg': 0.009110447940012235, 'leaf_estimation_iterations': 20, 'one_hot_max_size': 11, 'model_size_reg': 0.9392422751116695, 'max_ctr_complexity': 3, 'boosting_type': 'Plain', 'max_bin': 254}. Best is trial 11 with value: 0.7316797139345651.
Trial 16 finished with value: 0.7300736267528419 and parameters: {'learning_rate': 0.019412107115859143, 'bootstrap_type': 'Bernoulli', 'subsample': 0.7609524784084656, 'grow_policy': 'SymmetricTree', 'depth': 7, 'colsample_bylevel': 0.980594200172791, 'l2_leaf_reg': 0.0006384892180789077, 'leaf_estimation_iterations': 6, 'one_hot_max_size': 11, 'model_size_reg': 0.4400336329322587, 'max_ctr_complexity': 3, 'boosting_type': 'Plain', 'max_bin': 254}. Best is trial 16 with value: 0.7300736267528419.
Trial 17 finished with value: 0.7334491414918767 and parameters: {'learning_rate': 0.017693810640658055, 'bootstrap_type': 'Bernoulli', 'subsample': 0.7737898959464786, 'grow_policy': 'SymmetricTree', 'depth': 6, 'colsample_bylevel': 0.9728341764159205, 'l2_leaf_reg': 0.0005703550817840633, 'leaf_estimation_iterations': 5, 'one_hot_max_size': 12, 'model_size_reg': 0.4576582138018837, 'max_ctr_complexity': 4, 'boosting_type': 'Plain', 'max_bin': 254}. Best is trial 16 with value: 0.7300736267528419.
Trial 18 finished with value: 0.7335191840681413 and parameters: {'learning_rate': 0.01987992145108151, 'bootstrap_type': 'Bernoulli', 'subsample': 0.8490207663294507, 'grow_policy': 'SymmetricTree', 'depth': 6, 'colsample_bylevel': 0.9534272106625382, 'l2_leaf_reg': 0.0006528863069365702, 'leaf_estimation_iterations': 5, 'one_hot_max_size': 13, 'model_size_reg': 0.31597258070319684, 'max_ctr_complexity': 3, 'boosting_type': 'Plain', 'max_bin': 254}. Best is trial 16 with value: 0.7300736267528419.
Trial 19 finished with value: 0.7393859244266539 and parameters: {'learning_rate': 0.05360116129238042, 'bootstrap_type': 'Bernoulli', 'subsample': 0.7425226927929021, 'grow_policy': 'SymmetricTree', 'depth': 7, 'colsample_bylevel': 0.852253181743853, 'l2_leaf_reg': 0.008353794059715439, 'leaf_estimation_iterations': 3, 'one_hot_max_size': 21, 'model_size_reg': 0.3553995065914644, 'max_ctr_complexity': 4, 'boosting_type': 'Plain', 'max_bin': 254}. Best is trial 16 with value: 0.7300736267528419.
Trial 20 finished with value: 0.7343782487126167 and parameters: {'learning_rate': 0.009479888254679747, 'bootstrap_type': 'Bernoulli', 'subsample': 0.7920205640102996, 'grow_policy': 'SymmetricTree', 'depth': 7, 'colsample_bylevel': 0.983246242261472, 'l2_leaf_reg': 0.2681832053993195, 'leaf_estimation_iterations': 6, 'one_hot_max_size': 10, 'model_size_reg': 0.2148918974025254, 'max_ctr_complexity': 3, 'boosting_type': 'Plain', 'max_bin': 254}. Best is trial 16 with value: 0.7300736267528419.
Trial 21 finished with value: 0.7310180176347794 and parameters: {'learning_rate': 0.02475201529078406, 'bootstrap_type': 'Bernoulli', 'subsample': 0.7292995199543999, 'grow_policy': 'SymmetricTree', 'depth': 8, 'colsample_bylevel': 0.9881022246122522, 'l2_leaf_reg': 0.003707610343385823, 'leaf_estimation_iterations': 14, 'one_hot_max_size': 8, 'model_size_reg': 0.8931042133519854, 'max_ctr_complexity': 3, 'boosting_type': 'Plain', 'max_bin': 254}. Best is trial 16 with value: 0.7300736267528419.
Trial 22 finished with value: 0.7311829349949162 and parameters: {'learning_rate': 0.020512792121421253, 'bootstrap_type': 'Bernoulli', 'subsample': 0.7385918857086029, 'grow_policy': 'SymmetricTree', 'depth': 8, 'colsample_bylevel': 0.9635972149215041, 'l2_leaf_reg': 0.00046435202919283783, 'leaf_estimation_iterations': 13, 'one_hot_max_size': 14, 'model_size_reg': 0.8305098343293507, 'max_ctr_complexity': 3, 'boosting_type': 'Plain', 'max_bin': 254}. Best is trial 16 with value: 0.7300736267528419.
Trial 23 finished with value: 0.7301287303422713 and parameters: {'learning_rate': 0.01557460980771901, 'bootstrap_type': 'Bernoulli', 'subsample': 0.7440971497866057, 'grow_policy': 'SymmetricTree', 'depth': 7, 'colsample_bylevel': 0.9560249393064947, 'l2_leaf_reg': 0.00030451495088732697, 'leaf_estimation_iterations': 13, 'one_hot_max_size': 14, 'model_size_reg': 0.5567134870812461, 'max_ctr_complexity': 2, 'boosting_type': 'Plain', 'max_bin': 254}. Best is trial 16 with value: 0.7300736267528419.
Trial 24 finished with value: 0.7302275544377113 and parameters: {'learning_rate': 0.012695517120140755, 'bootstrap_type': 'Bernoulli', 'subsample': 0.7684684621276071, 'grow_policy': 'SymmetricTree', 'depth': 7, 'colsample_bylevel': 0.9423473937771065, 'l2_leaf_reg': 0.004351238663963982, 'leaf_estimation_iterations': 7, 'one_hot_max_size': 10, 'model_size_reg': 0.5192413989032837, 'max_ctr_complexity': 2, 'boosting_type': 'Plain', 'max_bin': 254}. Best is trial 16 with value: 0.7300736267528419.
Trial 25 finished with value: 0.7322011578049469 and parameters: {'learning_rate': 0.014623415366967969, 'bootstrap_type': 'Bernoulli', 'subsample': 0.8298787187507303, 'grow_policy': 'SymmetricTree', 'depth': 6, 'colsample_bylevel': 0.9367060918980515, 'l2_leaf_reg': 0.0001757233397273375, 'leaf_estimation_iterations': 8, 'one_hot_max_size': 22, 'model_size_reg': 0.5200412135109995, 'max_ctr_complexity': 2, 'boosting_type': 'Plain', 'max_bin': 254}. Best is trial 16 with value: 0.7300736267528419.
Optuna Search Completed in: 2193.58 seconds

Training final model on optimized parameter setup...

[CATBOOST FINALIZED METRICS]
Optimal Trees:         1000
RMSE:             0.6711 (Delta to TabPFN: -0.0024)
R2_Score:             0.8055 (Delta to TabPFN: +0.0014)
Final Train Time:      13.70 seconds (2.9818s per 1K)
Final Infer Time:      0.02 seconds (0.0172s per 1K)

--- CATBOOST Feature Importance (Raw vs. Scaled Share) ---
Feature | Raw gain | Share
pca_embed_0 | 51.17 | 51.17%
pca_embed_1 | 8.66 | 8.66%
pca_embed_3 | 1.91 | 1.91%
pca_embed_2 | 1.66 | 1.66%
pca_embed_6 | 1.55 | 1.55%
pca_embed_7 | 1.24 | 1.24%
pca_embed_4 | 1.22 | 1.22%
pca_embed_9 | 0.99 | 0.99%
pca_embed_40 | 0.91 | 0.91%
pca_embed_29 | 0.88 | 0.88%
pca_embed_33 | 0.85 | 0.85%
pca_embed_20 | 0.81 | 0.81%
pca_embed_19 | 0.71 | 0.71%
pca_embed_12 | 0.69 | 0.69%
pca_embed_36 | 0.69 | 0.69%
pca_embed_31 | 0.64 | 0.64%
pca_embed_11 | 0.62 | 0.62%
pca_embed_21 | 0.60 | 0.60%
pca_embed_17 | 0.59 | 0.59%
FCFP6_1024_617 | 0.58 | 0.58%
pca_embed_14 | 0.56 | 0.56%
pca_embed_30 | 0.55 | 0.55%
pca_embed_35 | 0.52 | 0.52%
pca_embed_37 | 0.51 | 0.51%
pca_embed_38 | 0.49 | 0.49%
pca_embed_32 | 0.49 | 0.49%
pca_embed_25 | 0.48 | 0.48%
pca_embed_18 | 0.48 | 0.48%
pca_embed_28 | 0.43 | 0.43%
pca_embed_34 | 0.43 | 0.43%
pca_embed_26 | 0.43 | 0.43%
pca_embed_27 | 0.42 | 0.42%
pca_embed_22 | 0.42 | 0.42%
pca_embed_8 | 0.42 | 0.42%
pca_embed_13 | 0.41 | 0.41%
FCFP6_1024_612 | 0.41 | 0.41%
pca_embed_16 | 0.40 | 0.40%
pca_embed_10 | 0.39 | 0.39%
pca_embed_39 | 0.39 | 0.39%
pca_embed_24 | 0.37 | 0.37%
pca_embed_5 | 0.36 | 0.36%
pca_embed_23 | 0.35 | 0.35%
FCFP6_1024_473 | 0.31 | 0.31%
pca_embed_15 | 0.27 | 0.27%
FCFP6_1024_112 | 0.25 | 0.25%
FCFP6_1024_82 | 0.21 | 0.21%
FCFP6_1024_359 | 0.21 | 0.21%
FCFP6_1024_275 | 0.16 | 0.16%
FCFP6_1024_334 | 0.14 | 0.14%
FCFP6_1024_239 | 0.13 | 0.13%
FCFP6_1024_358 | 0.11 | 0.11%
FCFP6_1024_727 | 0.11 | 0.11%
FCFP6_1024_1014 | 0.10 | 0.10%
FCFP6_1024_656 | 0.10 | 0.10%
FCFP6_1024_846 | 0.09 | 0.09%
FCFP6_1024_463 | 0.09 | 0.09%
FCFP6_1024_489 | 0.09 | 0.09%
FCFP6_1024_395 | 0.08 | 0.08%
FCFP6_1024_196 | 0.08 | 0.08%
FCFP6_1024_667 | 0.08 | 0.08%
FCFP6_1024_116 | 0.07 | 0.07%
FCFP6_1024_798 | 0.07 | 0.07%
FCFP6_1024_107 | 0.07 | 0.07%
FCFP6_1024_925 | 0.07 | 0.07%
FCFP6_1024_313 | 0.07 | 0.07%
FCFP6_1024_348 | 0.06 | 0.06%
FCFP6_1024_834 | 0.06 | 0.06%
FCFP6_1024_748 | 0.06 | 0.06%
FCFP6_1024_627 | 0.06 | 0.06%
FCFP6_1024_199 | 0.06 | 0.06%
FCFP6_1024_696 | 0.06 | 0.06%
FCFP6_1024_166 | 0.06 | 0.06%
FCFP6_1024_530 | 0.06 | 0.06%
FCFP6_1024_921 | 0.06 | 0.06%
FCFP6_1024_249 | 0.06 | 0.06%
FCFP6_1024_652 | 0.06 | 0.06%
FCFP6_1024_4 | 0.06 | 0.06%
FCFP6_1024_482 | 0.06 | 0.06%
FCFP6_1024_213 | 0.06 | 0.06%
FCFP6_1024_322 | 0.06 | 0.06%
FCFP6_1024_607 | 0.06 | 0.06%
FCFP6_1024_269 | 0.05 | 0.05%
FCFP6_1024_1 | 0.05 | 0.05%
FCFP6_1024_169 | 0.05 | 0.05%
FCFP6_1024_880 | 0.05 | 0.05%
FCFP6_1024_861 | 0.05 | 0.05%
FCFP6_1024_537 | 0.05 | 0.05%
FCFP6_1024_546 | 0.05 | 0.05%
FCFP6_1024_462 | 0.05 | 0.05%
FCFP6_1024_238 | 0.05 | 0.05%
FCFP6_1024_906 | 0.05 | 0.05%
FCFP6_1024_1003 | 0.05 | 0.05%
FCFP6_1024_807 | 0.05 | 0.05%
FCFP6_1024_248 | 0.05 | 0.05%
FCFP6_1024_471 | 0.05 | 0.05%
FCFP6_1024_902 | 0.05 | 0.05%
FCFP6_1024_305 | 0.05 | 0.05%
FCFP6_1024_194 | 0.05 | 0.05%
FCFP6_1024_363 | 0.05 | 0.05%
FCFP6_1024_871 | 0.05 | 0.05%
FCFP6_1024_353 | 0.05 | 0.05%
FCFP6_1024_904 | 0.05 | 0.05%
FCFP6_1024_309 | 0.05 | 0.05%
FCFP6_1024_594 | 0.05 | 0.05%
FCFP6_1024_408 | 0.05 | 0.05%
FCFP6_1024_3 | 0.05 | 0.05%
FCFP6_1024_111 | 0.05 | 0.05%
FCFP6_1024_674 | 0.05 | 0.05%
FCFP6_1024_494 | 0.04 | 0.04%
FCFP6_1024_540 | 0.04 | 0.04%
FCFP6_1024_407 | 0.04 | 0.04%
FCFP6_1024_809 | 0.04 | 0.04%
FCFP6_1024_179 | 0.04 | 0.04%
FCFP6_1024_30 | 0.04 | 0.04%
FCFP6_1024_273 | 0.04 | 0.04%
FCFP6_1024_743 | 0.04 | 0.04%
FCFP6_1024_428 | 0.04 | 0.04%
FCFP6_1024_163 | 0.04 | 0.04%
FCFP6_1024_180 | 0.04 | 0.04%
FCFP6_1024_994 | 0.04 | 0.04%
FCFP6_1024_820 | 0.04 | 0.04%
FCFP6_1024_100 | 0.04 | 0.04%
FCFP6_1024_852 | 0.04 | 0.04%
FCFP6_1024_543 | 0.04 | 0.04%
FCFP6_1024_7 | 0.04 | 0.04%
FCFP6_1024_124 | 0.04 | 0.04%
FCFP6_1024_268 | 0.04 | 0.04%
FCFP6_1024_47 | 0.04 | 0.04%
FCFP6_1024_400 | 0.04 | 0.04%
FCFP6_1024_412 | 0.04 | 0.04%
FCFP6_1024_43 | 0.04 | 0.04%
FCFP6_1024_622 | 0.04 | 0.04%
FCFP6_1024_919 | 0.04 | 0.04%
FCFP6_1024_88 | 0.03 | 0.03%
FCFP6_1024_735 | 0.03 | 0.03%
FCFP6_1024_831 | 0.03 | 0.03%
FCFP6_1024_850 | 0.03 | 0.03%
FCFP6_1024_339 | 0.03 | 0.03%
FCFP6_1024_553 | 0.03 | 0.03%
FCFP6_1024_176 | 0.03 | 0.03%
FCFP6_1024_192 | 0.03 | 0.03%
FCFP6_1024_728 | 0.03 | 0.03%
FCFP6_1024_999 | 0.03 | 0.03%
FCFP6_1024_762 | 0.03 | 0.03%
FCFP6_1024_943 | 0.03 | 0.03%
FCFP6_1024_645 | 0.03 | 0.03%
FCFP6_1024_890 | 0.03 | 0.03%
FCFP6_1024_177 | 0.03 | 0.03%
FCFP6_1024_483 | 0.03 | 0.03%
FCFP6_1024_887 | 0.03 | 0.03%
FCFP6_1024_37 | 0.03 | 0.03%
FCFP6_1024_946 | 0.03 | 0.03%
FCFP6_1024_431 | 0.03 | 0.03%
FCFP6_1024_653 | 0.03 | 0.03%
FCFP6_1024_233 | 0.03 | 0.03%
FCFP6_1024_128 | 0.03 | 0.03%
FCFP6_1024_539 | 0.03 | 0.03%
FCFP6_1024_588 | 0.03 | 0.03%
FCFP6_1024_123 | 0.03 | 0.03%
FCFP6_1024_346 | 0.03 | 0.03%
FCFP6_1024_782 | 0.03 | 0.03%
FCFP6_1024_304 | 0.03 | 0.03%
FCFP6_1024_523 | 0.03 | 0.03%
FCFP6_1024_422 | 0.03 | 0.03%
FCFP6_1024_960 | 0.03 | 0.03%
FCFP6_1024_344 | 0.03 | 0.03%
FCFP6_1024_521 | 0.03 | 0.03%
FCFP6_1024_952 | 0.03 | 0.03%
FCFP6_1024_454 | 0.03 | 0.03%
FCFP6_1024_637 | 0.03 | 0.03%
FCFP6_1024_474 | 0.03 | 0.03%
FCFP6_1024_44 | 0.03 | 0.03%
FCFP6_1024_765 | 0.03 | 0.03%
FCFP6_1024_694 | 0.03 | 0.03%
FCFP6_1024_22 | 0.03 | 0.03%
FCFP6_1024_170 | 0.03 | 0.03%
FCFP6_1024_734 | 0.03 | 0.03%
FCFP6_1024_811 | 0.03 | 0.03%
FCFP6_1024_104 | 0.03 | 0.03%
FCFP6_1024_16 | 0.03 | 0.03%
FCFP6_1024_518 | 0.03 | 0.03%
FCFP6_1024_282 | 0.03 | 0.03%
FCFP6_1024_182 | 0.03 | 0.03%
FCFP6_1024_662 | 0.03 | 0.03%
FCFP6_1024_730 | 0.03 | 0.03%
FCFP6_1024_77 | 0.03 | 0.03%
FCFP6_1024_676 | 0.02 | 0.02%
FCFP6_1024_745 | 0.02 | 0.02%
FCFP6_1024_110 | 0.02 | 0.02%
FCFP6_1024_263 | 0.02 | 0.02%
FCFP6_1024_522 | 0.02 | 0.02%
FCFP6_1024_586 | 0.02 | 0.02%
FCFP6_1024_1002 | 0.02 | 0.02%
FCFP6_1024_912 | 0.02 | 0.02%
FCFP6_1024_649 | 0.02 | 0.02%
FCFP6_1024_810 | 0.02 | 0.02%
FCFP6_1024_160 | 0.02 | 0.02%
FCFP6_1024_675 | 0.02 | 0.02%
FCFP6_1024_301 | 0.02 | 0.02%
FCFP6_1024_899 | 0.02 | 0.02%
FCFP6_1024_443 | 0.02 | 0.02%
FCFP6_1024_882 | 0.02 | 0.02%
FCFP6_1024_274 | 0.02 | 0.02%
FCFP6_1024_312 | 0.02 | 0.02%
FCFP6_1024_49 | 0.02 | 0.02%
FCFP6_1024_922 | 0.02 | 0.02%
FCFP6_1024_814 | 0.02 | 0.02%
FCFP6_1024_284 | 0.02 | 0.02%
FCFP6_1024_461 | 0.02 | 0.02%
FCFP6_1024_689 | 0.02 | 0.02%
FCFP6_1024_801 | 0.02 | 0.02%
FCFP6_1024_511 | 0.02 | 0.02%
FCFP6_1024_102 | 0.02 | 0.02%
FCFP6_1024_442 | 0.02 | 0.02%
FCFP6_1024_614 | 0.02 | 0.02%
FCFP6_1024_938 | 0.02 | 0.02%
FCFP6_1024_565 | 0.02 | 0.02%
FCFP6_1024_624 | 0.02 | 0.02%
FCFP6_1024_648 | 0.02 | 0.02%
FCFP6_1024_362 | 0.02 | 0.02%
FCFP6_1024_508 | 0.02 | 0.02%
FCFP6_1024_754 | 0.02 | 0.02%
FCFP6_1024_891 | 0.02 | 0.02%
FCFP6_1024_867 | 0.02 | 0.02%
FCFP6_1024_437 | 0.02 | 0.02%
FCFP6_1024_464 | 0.02 | 0.02%
FCFP6_1024_12 | 0.02 | 0.02%
FCFP6_1024_492 | 0.02 | 0.02%
FCFP6_1024_264 | 0.02 | 0.02%
FCFP6_1024_857 | 0.02 | 0.02%
FCFP6_1024_907 | 0.02 | 0.02%
FCFP6_1024_985 | 0.02 | 0.02%
FCFP6_1024_892 | 0.02 | 0.02%
FCFP6_1024_858 | 0.02 | 0.02%
FCFP6_1024_755 | 0.02 | 0.02%
FCFP6_1024_536 | 0.02 | 0.02%
FCFP6_1024_498 | 0.02 | 0.02%
FCFP6_1024_323 | 0.02 | 0.02%
FCFP6_1024_142 | 0.02 | 0.02%
FCFP6_1024_936 | 0.02 | 0.02%
FCFP6_1024_825 | 0.02 | 0.02%
FCFP6_1024_259 | 0.02 | 0.02%
FCFP6_1024_506 | 0.02 | 0.02%
FCFP6_1024_774 | 0.02 | 0.02%
FCFP6_1024_114 | 0.02 | 0.02%
FCFP6_1024_721 | 0.02 | 0.02%
FCFP6_1024_262 | 0.02 | 0.02%
FCFP6_1024_25 | 0.02 | 0.02%
FCFP6_1024_432 | 0.02 | 0.02%
FCFP6_1024_66 | 0.02 | 0.02%
FCFP6_1024_158 | 0.02 | 0.02%
FCFP6_1024_558 | 0.02 | 0.02%
FCFP6_1024_347 | 0.02 | 0.02%
FCFP6_1024_600 | 0.02 | 0.02%
FCFP6_1024_963 | 0.02 | 0.02%
FCFP6_1024_390 | 0.02 | 0.02%
FCFP6_1024_970 | 0.02 | 0.02%
FCFP6_1024_394 | 0.02 | 0.02%
FCFP6_1024_19 | 0.02 | 0.02%
FCFP6_1024_141 | 0.02 | 0.02%
FCFP6_1024_526 | 0.02 | 0.02%
FCFP6_1024_460 | 0.02 | 0.02%
FCFP6_1024_78 | 0.02 | 0.02%
FCFP6_1024_379 | 0.02 | 0.02%
FCFP6_1024_147 | 0.02 | 0.02%
FCFP6_1024_707 | 0.02 | 0.02%
FCFP6_1024_964 | 0.02 | 0.02%
FCFP6_1024_491 | 0.02 | 0.02%
FCFP6_1024_812 | 0.02 | 0.02%
FCFP6_1024_560 | 0.02 | 0.02%
FCFP6_1024_32 | 0.02 | 0.02%
FCFP6_1024_60 | 0.02 | 0.02%
FCFP6_1024_778 | 0.02 | 0.02%
FCFP6_1024_430 | 0.02 | 0.02%
FCFP6_1024_57 | 0.02 | 0.02%
FCFP6_1024_816 | 0.02 | 0.02%
FCFP6_1024_8 | 0.02 | 0.02%
FCFP6_1024_613 | 0.02 | 0.02%
FCFP6_1024_661 | 0.02 | 0.02%
FCFP6_1024_513 | 0.02 | 0.02%
FCFP6_1024_636 | 0.02 | 0.02%
FCFP6_1024_366 | 0.02 | 0.02%
FCFP6_1024_884 | 0.02 | 0.02%
FCFP6_1024_386 | 0.02 | 0.02%
FCFP6_1024_610 | 0.02 | 0.02%
FCFP6_1024_713 | 0.02 | 0.02%
FCFP6_1024_439 | 0.02 | 0.02%
FCFP6_1024_737 | 0.02 | 0.02%
FCFP6_1024_911 | 0.02 | 0.02%
FCFP6_1024_629 | 0.02 | 0.02%
FCFP6_1024_865 | 0.02 | 0.02%
FCFP6_1024_966 | 0.02 | 0.02%
FCFP6_1024_705 | 0.02 | 0.02%
FCFP6_1024_270 | 0.02 | 0.02%
FCFP6_1024_926 | 0.02 | 0.02%
FCFP6_1024_957 | 0.02 | 0.02%
FCFP6_1024_803 | 0.02 | 0.02%
FCFP6_1024_64 | 0.02 | 0.02%
FCFP6_1024_679 | 0.02 | 0.02%
FCFP6_1024_9 | 0.02 | 0.02%
FCFP6_1024_214 | 0.02 | 0.02%
FCFP6_1024_421 | 0.02 | 0.02%
FCFP6_1024_808 | 0.01 | 0.01%
FCFP6_1024_794 | 0.01 | 0.01%
FCFP6_1024_240 | 0.01 | 0.01%
FCFP6_1024_223 | 0.01 | 0.01%
FCFP6_1024_59 | 0.01 | 0.01%
FCFP6_1024_484 | 0.01 | 0.01%
FCFP6_1024_426 | 0.01 | 0.01%
FCFP6_1024_436 | 0.01 | 0.01%
FCFP6_1024_716 | 0.01 | 0.01%
FCFP6_1024_567 | 0.01 | 0.01%
FCFP6_1024_333 | 0.01 | 0.01%
FCFP6_1024_181 | 0.01 | 0.01%
FCFP6_1024_501 | 0.01 | 0.01%
FCFP6_1024_799 | 0.01 | 0.01%
FCFP6_1024_106 | 0.01 | 0.01%
FCFP6_1024_330 | 0.01 | 0.01%
FCFP6_1024_580 | 0.01 | 0.01%
FCFP6_1024_455 | 0.01 | 0.01%
FCFP6_1024_817 | 0.01 | 0.01%
FCFP6_1024_692 | 0.01 | 0.01%
FCFP6_1024_725 | 0.01 | 0.01%
FCFP6_1024_364 | 0.01 | 0.01%
FCFP6_1024_122 | 0.01 | 0.01%
FCFP6_1024_173 | 0.01 | 0.01%
FCFP6_1024_935 | 0.01 | 0.01%
FCFP6_1024_996 | 0.01 | 0.01%
FCFP6_1024_113 | 0.01 | 0.01%
FCFP6_1024_566 | 0.01 | 0.01%
FCFP6_1024_590 | 0.01 | 0.01%
FCFP6_1024_605 | 0.01 | 0.01%
FCFP6_1024_777 | 0.01 | 0.01%
FCFP6_1024_1018 | 0.01 | 0.01%
FCFP6_1024_376 | 0.01 | 0.01%
FCFP6_1024_928 | 0.01 | 0.01%
FCFP6_1024_382 | 0.01 | 0.01%
FCFP6_1024_75 | 0.01 | 0.01%
FCFP6_1024_291 | 0.01 | 0.01%
FCFP6_1024_544 | 0.01 | 0.01%
FCFP6_1024_368 | 0.01 | 0.01%
FCFP6_1024_1017 | 0.01 | 0.01%
FCFP6_1024_302 | 0.01 | 0.01%
FCFP6_1024_326 | 0.01 | 0.01%
FCFP6_1024_434 | 0.01 | 0.01%
FCFP6_1024_896 | 0.01 | 0.01%
FCFP6_1024_375 | 0.01 | 0.01%
FCFP6_1024_27 | 0.01 | 0.01%
FCFP6_1024_760 | 0.01 | 0.01%
FCFP6_1024_130 | 0.01 | 0.01%
FCFP6_1024_94 | 0.01 | 0.01%
FCFP6_1024_709 | 0.01 | 0.01%
FCFP6_1024_36 | 0.01 | 0.01%
FCFP6_1024_381 | 0.01 | 0.01%
FCFP6_1024_295 | 0.01 | 0.01%
FCFP6_1024_918 | 0.01 | 0.01%
FCFP6_1024_137 | 0.01 | 0.01%
FCFP6_1024_751 | 0.01 | 0.01%
FCFP6_1024_581 | 0.01 | 0.01%
FCFP6_1024_991 | 0.01 | 0.01%
FCFP6_1024_332 | 0.01 | 0.01%
FCFP6_1024_712 | 0.01 | 0.01%
FCFP6_1024_872 | 0.01 | 0.01%
FCFP6_1024_458 | 0.01 | 0.01%
FCFP6_1024_942 | 0.01 | 0.01%
FCFP6_1024_631 | 0.01 | 0.01%
FCFP6_1024_41 | 0.01 | 0.01%
FCFP6_1024_878 | 0.01 | 0.01%
FCFP6_1024_83 | 0.01 | 0.01%
FCFP6_1024_584 | 0.01 | 0.01%
FCFP6_1024_923 | 0.01 | 0.01%
FCFP6_1024_55 | 0.01 | 0.01%
FCFP6_1024_250 | 0.01 | 0.01%
FCFP6_1024_357 | 0.01 | 0.01%
FCFP6_1024_685 | 0.01 | 0.01%
FCFP6_1024_469 | 0.01 | 0.01%
FCFP6_1024_247 | 0.01 | 0.01%
FCFP6_1024_916 | 0.01 | 0.01%
FCFP6_1024_968 | 0.01 | 0.01%
FCFP6_1024_311 | 0.01 | 0.01%
FCFP6_1024_959 | 0.01 | 0.01%
FCFP6_1024_829 | 0.01 | 0.01%
FCFP6_1024_140 | 0.01 | 0.01%
FCFP6_1024_924 | 0.01 | 0.01%
FCFP6_1024_969 | 0.01 | 0.01%
FCFP6_1024_398 | 0.01 | 0.01%
FCFP6_1024_853 | 0.01 | 0.01%
FCFP6_1024_70 | 0.01 | 0.01%
FCFP6_1024_26 | 0.01 | 0.01%
FCFP6_1024_156 | 0.01 | 0.01%
FCFP6_1024_67 | 0.01 | 0.01%
FCFP6_1024_639 | 0.01 | 0.01%
FCFP6_1024_68 | 0.01 | 0.01%
FCFP6_1024_345 | 0.01 | 0.01%
FCFP6_1024_1006 | 0.01 | 0.01%
FCFP6_1024_984 | 0.01 | 0.01%
FCFP6_1024_830 | 0.01 | 0.01%
FCFP6_1024_134 | 0.01 | 0.01%
FCFP6_1024_576 | 0.01 | 0.01%
FCFP6_1024_655 | 0.01 | 0.01%
FCFP6_1024_895 | 0.01 | 0.01%
FCFP6_1024_61 | 0.01 | 0.01%
FCFP6_1024_611 | 0.01 | 0.01%
FCFP6_1024_894 | 0.01 | 0.01%
FCFP6_1024_704 | 0.01 | 0.01%
FCFP6_1024_993 | 0.01 | 0.01%
FCFP6_1024_780 | 0.01 | 0.01%
FCFP6_1024_592 | 0.01 | 0.01%
FCFP6_1024_318 | 0.01 | 0.01%
FCFP6_1024_885 | 0.01 | 0.01%
FCFP6_1024_859 | 0.01 | 0.01%
FCFP6_1024_908 | 0.01 | 0.01%
FCFP6_1024_971 | 0.01 | 0.01%
FCFP6_1024_487 | 0.01 | 0.01%
FCFP6_1024_978 | 0.01 | 0.01%
FCFP6_1024_800 | 0.01 | 0.01%
FCFP6_1024_380 | 0.01 | 0.01%
FCFP6_1024_325 | 0.01 | 0.01%
FCFP6_1024_299 | 0.01 | 0.01%
FCFP6_1024_479 | 0.01 | 0.01%
FCFP6_1024_350 | 0.01 | 0.01%
FCFP6_1024_53 | 0.01 | 0.01%
FCFP6_1024_982 | 0.01 | 0.01%
FCFP6_1024_46 | 0.01 | 0.01%
FCFP6_1024_327 | 0.01 | 0.01%
FCFP6_1024_245 | 0.01 | 0.01%
FCFP6_1024_383 | 0.01 | 0.01%
FCFP6_1024_79 | 0.01 | 0.01%
FCFP6_1024_45 | 0.01 | 0.01%
FCFP6_1024_21 | 0.01 | 0.01%
FCFP6_1024_603 | 0.01 | 0.01%
FCFP6_1024_932 | 0.01 | 0.01%
FCFP6_1024_786 | 0.01 | 0.01%
FCFP6_1024_1011 | 0.01 | 0.01%
FCFP6_1024_200 | 0.01 | 0.01%
FCFP6_1024_759 | 0.01 | 0.01%
FCFP6_1024_69 | 0.01 | 0.01%
FCFP6_1024_178 | 0.01 | 0.01%
FCFP6_1024_472 | 0.01 | 0.01%
FCFP6_1024_538 | 0.01 | 0.01%
FCFP6_1024_145 | 0.01 | 0.01%
FCFP6_1024_574 | 0.01 | 0.01%
FCFP6_1024_396 | 0.01 | 0.01%
FCFP6_1024_698 | 0.01 | 0.01%
FCFP6_1024_987 | 0.01 | 0.01%
FCFP6_1024_835 | 0.01 | 0.01%
FCFP6_1024_1004 | 0.01 | 0.01%
FCFP6_1024_165 | 0.01 | 0.01%
FCFP6_1024_99 | 0.01 | 0.01%
FCFP6_1024_988 | 0.01 | 0.01%
FCFP6_1024_889 | 0.01 | 0.01%
FCFP6_1024_139 | 0.01 | 0.01%
FCFP6_1024_355 | 0.01 | 0.01%
FCFP6_1024_901 | 0.01 | 0.01%
FCFP6_1024_52 | 0.01 | 0.01%
FCFP6_1024_848 | 0.01 | 0.01%
FCFP6_1024_710 | 0.01 | 0.01%
FCFP6_1024_480 | 0.01 | 0.01%
FCFP6_1024_684 | 0.01 | 0.01%
FCFP6_1024_747 | 0.01 | 0.01%
FCFP6_1024_384 | 0.01 | 0.01%
FCFP6_1024_105 | 0.01 | 0.01%
FCFP6_1024_232 | 0.01 | 0.01%
FCFP6_1024_875 | 0.01 | 0.01%
FCFP6_1024_56 | 0.01 | 0.01%
FCFP6_1024_599 | 0.01 | 0.01%
FCFP6_1024_351 | 0.01 | 0.01%
FCFP6_1024_445 | 0.01 | 0.01%
FCFP6_1024_746 | 0.01 | 0.01%
FCFP6_1024_802 | 0.01 | 0.01%
FCFP6_1024_18 | 0.01 | 0.01%
FCFP6_1024_931 | 0.01 | 0.01%
FCFP6_1024_162 | 0.01 | 0.01%
FCFP6_1024_550 | 0.01 | 0.01%
FCFP6_1024_90 | 0.01 | 0.01%
FCFP6_1024_342 | 0.01 | 0.01%
FCFP6_1024_1007 | 0.01 | 0.01%
FCFP6_1024_615 | 0.01 | 0.01%
FCFP6_1024_708 | 0.01 | 0.01%
FCFP6_1024_324 | 0.01 | 0.01%
FCFP6_1024_948 | 0.01 | 0.01%
FCFP6_1024_343 | 0.01 | 0.01%
FCFP6_1024_202 | 0.01 | 0.01%
FCFP6_1024_570 | 0.01 | 0.01%
FCFP6_1024_643 | 0.01 | 0.01%
FCFP6_1024_958 | 0.01 | 0.01%
FCFP6_1024_444 | 0.01 | 0.01%
FCFP6_1024_17 | 0.01 | 0.01%
FCFP6_1024_206 | 0.01 | 0.01%
FCFP6_1024_138 | 0.01 | 0.01%
FCFP6_1024_564 | 0.01 | 0.01%
FCFP6_1024_541 | 0.01 | 0.01%
FCFP6_1024_372 | 0.01 | 0.01%
FCFP6_1024_341 | 0.01 | 0.01%
FCFP6_1024_120 | 0.01 | 0.01%
FCFP6_1024_401 | 0.01 | 0.01%
FCFP6_1024_691 | 0.01 | 0.01%
FCFP6_1024_222 | 0.01 | 0.01%
FCFP6_1024_517 | 0.01 | 0.01%
FCFP6_1024_496 | 0.01 | 0.01%
FCFP6_1024_556 | 0.01 | 0.01%
FCFP6_1024_276 | 0.01 | 0.01%
FCFP6_1024_769 | 0.01 | 0.01%
FCFP6_1024_399 | 0.01 | 0.01%
FCFP6_1024_193 | 0.01 | 0.01%
FCFP6_1024_678 | 0.01 | 0.01%
FCFP6_1024_121 | 0.01 | 0.01%
FCFP6_1024_995 | 0.01 | 0.01%
FCFP6_1024_224 | 0.01 | 0.01%
FCFP6_1024_253 | 0.01 | 0.01%
FCFP6_1024_207 | 0.01 | 0.01%
FCFP6_1024_671 | 0.01 | 0.01%
FCFP6_1024_280 | 0.01 | 0.01%
FCFP6_1024_505 | 0.01 | 0.01%
FCFP6_1024_296 | 0.01 | 0.01%
FCFP6_1024_1016 | 0.01 | 0.01%
FCFP6_1024_272 | 0.01 | 0.01%
FCFP6_1024_329 | 0.01 | 0.01%
FCFP6_1024_784 | 0.01 | 0.01%
FCFP6_1024_466 | 0.01 | 0.01%
FCFP6_1024_109 | 0.01 | 0.01%
FCFP6_1024_51 | 0.01 | 0.01%
FCFP6_1024_986 | 0.01 | 0.01%
FCFP6_1024_602 | 0.01 | 0.01%
FCFP6_1024_288 | 0.01 | 0.01%
FCFP6_1024_974 | 0.01 | 0.01%
FCFP6_1024_843 | 0.01 | 0.01%
FCFP6_1024_211 | 0.01 | 0.01%
FCFP6_1024_210 | 0.01 | 0.01%
FCFP6_1024_261 | 0.01 | 0.01%
FCFP6_1024_435 | 0.01 | 0.01%
FCFP6_1024_292 | 0.01 | 0.01%
FCFP6_1024_405 | 0.01 | 0.01%
FCFP6_1024_203 | 0.01 | 0.01%
FCFP6_1024_226 | 0.01 | 0.01%
FCFP6_1024_940 | 0.01 | 0.01%
FCFP6_1024_569 | 0.01 | 0.01%
FCFP6_1024_886 | 0.01 | 0.01%
FCFP6_1024_81 | 0.01 | 0.01%
FCFP6_1024_71 | 0.01 | 0.01%
FCFP6_1024_503 | 0.01 | 0.01%
FCFP6_1024_117 | 0.01 | 0.01%
FCFP6_1024_89 | 0.01 | 0.01%
FCFP6_1024_486 | 0.01 | 0.01%
FCFP6_1024_781 | 0.01 | 0.01%
FCFP6_1024_450 | 0.01 | 0.01%
FCFP6_1024_410 | 0.01 | 0.01%
FCFP6_1024_148 | 0.01 | 0.01%
FCFP6_1024_670 | 0.01 | 0.01%
FCFP6_1024_119 | 0.01 | 0.01%
FCFP6_1024_905 | 0.01 | 0.01%
FCFP6_1024_478 | 0.01 | 0.01%
FCFP6_1024_197 | 0.01 | 0.01%
FCFP6_1024_686 | 0.01 | 0.01%
FCFP6_1024_507 | 0.01 | 0.01%
FCFP6_1024_95 | 0.01 | 0.01%
FCFP6_1024_265 | 0.01 | 0.01%
FCFP6_1024_917 | 0.01 | 0.01%
FCFP6_1024_129 | 0.01 | 0.01%
FCFP6_1024_74 | 0.01 | 0.01%
FCFP6_1024_836 | 0.01 | 0.01%
FCFP6_1024_29 | 0.01 | 0.01%
FCFP6_1024_133 | 0.01 | 0.01%
FCFP6_1024_433 | 0.01 | 0.01%
FCFP6_1024_664 | 0.01 | 0.01%
FCFP6_1024_598 | 0.01 | 0.01%
FCFP6_1024_453 | 0.01 | 0.01%
FCFP6_1024_758 | 0.01 | 0.01%
FCFP6_1024_440 | 0.01 | 0.01%
FCFP6_1024_149 | 0.01 | 0.01%
FCFP6_1024_559 | 0.01 | 0.01%
FCFP6_1024_1012 | 0.01 | 0.01%
FCFP6_1024_572 | 0.01 | 0.01%
FCFP6_1024_557 | 0.01 | 0.01%
FCFP6_1024_287 | 0.00 | 0.00%
FCFP6_1024_459 | 0.00 | 0.00%
FCFP6_1024_669 | 0.00 | 0.00%
FCFP6_1024_947 | 0.00 | 0.00%
FCFP6_1024_65 | 0.00 | 0.00%
FCFP6_1024_132 | 0.00 | 0.00%
FCFP6_1024_502 | 0.00 | 0.00%
FCFP6_1024_756 | 0.00 | 0.00%
FCFP6_1024_220 | 0.00 | 0.00%
FCFP6_1024_216 | 0.00 | 0.00%
FCFP6_1024_218 | 0.00 | 0.00%
FCFP6_1024_152 | 0.00 | 0.00%
FCFP6_1024_164 | 0.00 | 0.00%
FCFP6_1024_723 | 0.00 | 0.00%
FCFP6_1024_690 | 0.00 | 0.00%
FCFP6_1024_900 | 0.00 | 0.00%
FCFP6_1024_660 | 0.00 | 0.00%
FCFP6_1024_977 | 0.00 | 0.00%
FCFP6_1024_722 | 0.00 | 0.00%
FCFP6_1024_241 | 0.00 | 0.00%
FCFP6_1024_879 | 0.00 | 0.00%
FCFP6_1024_84 | 0.00 | 0.00%
FCFP6_1024_604 | 0.00 | 0.00%
FCFP6_1024_15 | 0.00 | 0.00%
FCFP6_1024_419 | 0.00 | 0.00%
FCFP6_1024_281 | 0.00 | 0.00%
FCFP6_1024_33 | 0.00 | 0.00%
FCFP6_1024_633 | 0.00 | 0.00%
FCFP6_1024_951 | 0.00 | 0.00%
FCFP6_1024_6 | 0.00 | 0.00%
FCFP6_1024_446 | 0.00 | 0.00%
FCFP6_1024_320 | 0.00 | 0.00%
FCFP6_1024_246 | 0.00 | 0.00%
FCFP6_1024_779 | 0.00 | 0.00%
FCFP6_1024_529 | 0.00 | 0.00%
FCFP6_1024_531 | 0.00 | 0.00%
FCFP6_1024_14 | 0.00 | 0.00%
FCFP6_1024_215 | 0.00 | 0.00%
FCFP6_1024_724 | 0.00 | 0.00%
FCFP6_1024_103 | 0.00 | 0.00%
FCFP6_1024_414 | 0.00 | 0.00%
FCFP6_1024_271 | 0.00 | 0.00%
FCFP6_1024_813 | 0.00 | 0.00%
FCFP6_1024_950 | 0.00 | 0.00%
FCFP6_1024_979 | 0.00 | 0.00%
FCFP6_1024_307 | 0.00 | 0.00%
FCFP6_1024_397 | 0.00 | 0.00%
FCFP6_1024_303 | 0.00 | 0.00%
FCFP6_1024_915 | 0.00 | 0.00%
FCFP6_1024_578 | 0.00 | 0.00%
FCFP6_1024_24 | 0.00 | 0.00%
FCFP6_1024_715 | 0.00 | 0.00%
FCFP6_1024_101 | 0.00 | 0.00%
FCFP6_1024_298 | 0.00 | 0.00%
FCFP6_1024_700 | 0.00 | 0.00%
FCFP6_1024_575 | 0.00 | 0.00%
FCFP6_1024_31 | 0.00 | 0.00%
FCFP6_1024_35 | 0.00 | 0.00%
FCFP6_1024_448 | 0.00 | 0.00%
FCFP6_1024_673 | 0.00 | 0.00%
FCFP6_1024_87 | 0.00 | 0.00%
FCFP6_1024_493 | 0.00 | 0.00%
FCFP6_1024_251 | 0.00 | 0.00%
FCFP6_1024_190 | 0.00 | 0.00%
FCFP6_1024_573 | 0.00 | 0.00%
FCFP6_1024_208 | 0.00 | 0.00%
FCFP6_1024_659 | 0.00 | 0.00%
FCFP6_1024_826 | 0.00 | 0.00%
FCFP6_1024_377 | 0.00 | 0.00%
FCFP6_1024_201 | 0.00 | 0.00%
FCFP6_1024_975 | 0.00 | 0.00%
FCFP6_1024_221 | 0.00 | 0.00%
FCFP6_1024_93 | 0.00 | 0.00%
FCFP6_1024_525 | 0.00 | 0.00%
FCFP6_1024_555 | 0.00 | 0.00%
FCFP6_1024_796 | 0.00 | 0.00%
FCFP6_1024_787 | 0.00 | 0.00%
FCFP6_1024_314 | 0.00 | 0.00%
FCFP6_1024_23 | 0.00 | 0.00%
FCFP6_1024_992 | 0.00 | 0.00%
FCFP6_1024_154 | 0.00 | 0.00%
FCFP6_1024_729 | 0.00 | 0.00%
FCFP6_1024_209 | 0.00 | 0.00%
FCFP6_1024_844 | 0.00 | 0.00%
FCFP6_1024_369 | 0.00 | 0.00%
FCFP6_1024_874 | 0.00 | 0.00%
FCFP6_1024_903 | 0.00 | 0.00%
FCFP6_1024_150 | 0.00 | 0.00%
FCFP6_1024_989 | 0.00 | 0.00%
FCFP6_1024_515 | 0.00 | 0.00%
FCFP6_1024_711 | 0.00 | 0.00%
FCFP6_1024_42 | 0.00 | 0.00%
FCFP6_1024_447 | 0.00 | 0.00%
FCFP6_1024_547 | 0.00 | 0.00%
FCFP6_1024_242 | 0.00 | 0.00%
FCFP6_1024_520 | 0.00 | 0.00%
FCFP6_1024_340 | 0.00 | 0.00%
FCFP6_1024_804 | 0.00 | 0.00%
FCFP6_1024_297 | 0.00 | 0.00%
FCFP6_1024_533 | 0.00 | 0.00%
FCFP6_1024_231 | 0.00 | 0.00%
FCFP6_1024_658 | 0.00 | 0.00%
FCFP6_1024_583 | 0.00 | 0.00%
FCFP6_1024_577 | 0.00 | 0.00%
FCFP6_1024_719 | 0.00 | 0.00%
FCFP6_1024_626 | 0.00 | 0.00%
FCFP6_1024_738 | 0.00 | 0.00%
FCFP6_1024_866 | 0.00 | 0.00%
FCFP6_1024_512 | 0.00 | 0.00%
FCFP6_1024_893 | 0.00 | 0.00%
FCFP6_1024_941 | 0.00 | 0.00%
FCFP6_1024_373 | 0.00 | 0.00%
FCFP6_1024_184 | 0.00 | 0.00%
FCFP6_1024_1001 | 0.00 | 0.00%
FCFP6_1024_934 | 0.00 | 0.00%
FCFP6_1024_930 | 0.00 | 0.00%
FCFP6_1024_953 | 0.00 | 0.00%
FCFP6_1024_392 | 0.00 | 0.00%
FCFP6_1024_477 | 0.00 | 0.00%
FCFP6_1024_360 | 0.00 | 0.00%
FCFP6_1024_933 | 0.00 | 0.00%
FCFP6_1024_828 | 0.00 | 0.00%
FCFP6_1024_845 | 0.00 | 0.00%
FCFP6_1024_818 | 0.00 | 0.00%
FCFP6_1024_683 | 0.00 | 0.00%
FCFP6_1024_283 | 0.00 | 0.00%
FCFP6_1024_542 | 0.00 | 0.00%
FCFP6_1024_714 | 0.00 | 0.00%
FCFP6_1024_91 | 0.00 | 0.00%
FCFP6_1024_403 | 0.00 | 0.00%
FCFP6_1024_563 | 0.00 | 0.00%
FCFP6_1024_742 | 0.00 | 0.00%
FCFP6_1024_499 | 0.00 | 0.00%
FCFP6_1024_870 | 0.00 | 0.00%
FCFP6_1024_532 | 0.00 | 0.00%
FCFP6_1024_315 | 0.00 | 0.00%
FCFP6_1024_651 | 0.00 | 0.00%
FCFP6_1024_278 | 0.00 | 0.00%
FCFP6_1024_805 | 0.00 | 0.00%
FCFP6_1024_862 | 0.00 | 0.00%
FCFP6_1024_647 | 0.00 | 0.00%
FCFP6_1024_504 | 0.00 | 0.00%
FCFP6_1024_308 | 0.00 | 0.00%
FCFP6_1024_413 | 0.00 | 0.00%
FCFP6_1024_739 | 0.00 | 0.00%
FCFP6_1024_254 | 0.00 | 0.00%
FCFP6_1024_365 | 0.00 | 0.00%
FCFP6_1024_481 | 0.00 | 0.00%
FCFP6_1024_195 | 0.00 | 0.00%
FCFP6_1024_838 | 0.00 | 0.00%
FCFP6_1024_186 | 0.00 | 0.00%
FCFP6_1024_641 | 0.00 | 0.00%
FCFP6_1024_427 | 0.00 | 0.00%
FCFP6_1024_230 | 0.00 | 0.00%
FCFP6_1024_48 | 0.00 | 0.00%
FCFP6_1024_680 | 0.00 | 0.00%
FCFP6_1024_854 | 0.00 | 0.00%
FCFP6_1024_258 | 0.00 | 0.00%
FCFP6_1024_788 | 0.00 | 0.00%
FCFP6_1024_300 | 0.00 | 0.00%
FCFP6_1024_319 | 0.00 | 0.00%
FCFP6_1024_378 | 0.00 | 0.00%
FCFP6_1024_219 | 0.00 | 0.00%
FCFP6_1024_634 | 0.00 | 0.00%
FCFP6_1024_217 | 0.00 | 0.00%
FCFP6_1024_125 | 0.00 | 0.00%
FCFP6_1024_212 | 0.00 | 0.00%
FCFP6_1024_135 | 0.00 | 0.00%
FCFP6_1024_367 | 0.00 | 0.00%
FCFP6_1024_452 | 0.00 | 0.00%
FCFP6_1024_328 | 0.00 | 0.00%
FCFP6_1024_772 | 0.00 | 0.00%
FCFP6_1024_582 | 0.00 | 0.00%
FCFP6_1024_1023 | 0.00 | 0.00%
FCFP6_1024_155 | 0.00 | 0.00%
FCFP6_1024_204 | 0.00 | 0.00%
FCFP6_1024_562 | 0.00 | 0.00%
FCFP6_1024_693 | 0.00 | 0.00%
FCFP6_1024_1021 | 0.00 | 0.00%
FCFP6_1024_28 | 0.00 | 0.00%
FCFP6_1024_516 | 0.00 | 0.00%
FCFP6_1024_630 | 0.00 | 0.00%
FCFP6_1024_839 | 0.00 | 0.00%
FCFP6_1024_310 | 0.00 | 0.00%
FCFP6_1024_1015 | 0.00 | 0.00%
FCFP6_1024_699 | 0.00 | 0.00%
FCFP6_1024_665 | 0.00 | 0.00%
FCFP6_1024_115 | 0.00 | 0.00%
FCFP6_1024_733 | 0.00 | 0.00%
FCFP6_1024_488 | 0.00 | 0.00%
FCFP6_1024_159 | 0.00 | 0.00%
FCFP6_1024_92 | 0.00 | 0.00%
FCFP6_1024_897 | 0.00 | 0.00%
FCFP6_1024_131 | 0.00 | 0.00%
FCFP6_1024_545 | 0.00 | 0.00%
FCFP6_1024_153 | 0.00 | 0.00%
FCFP6_1024_601 | 0.00 | 0.00%
FCFP6_1024_338 | 0.00 | 0.00%
FCFP6_1024_267 | 0.00 | 0.00%
FCFP6_1024_509 | 0.00 | 0.00%
FCFP6_1024_832 | 0.00 | 0.00%
FCFP6_1024_876 | 0.00 | 0.00%
FCFP6_1024_864 | 0.00 | 0.00%
FCFP6_1024_718 | 0.00 | 0.00%
FCFP6_1024_888 | 0.00 | 0.00%
FCFP6_1024_171 | 0.00 | 0.00%
FCFP6_1024_596 | 0.00 | 0.00%
FCFP6_1024_235 | 0.00 | 0.00%
FCFP6_1024_441 | 0.00 | 0.00%
FCFP6_1024_451 | 0.00 | 0.00%
FCFP6_1024_695 | 0.00 | 0.00%
FCFP6_1024_955 | 0.00 | 0.00%
FCFP6_1024_618 | 0.00 | 0.00%
FCFP6_1024_819 | 0.00 | 0.00%
FCFP6_1024_385 | 0.00 | 0.00%
FCFP6_1024_822 | 0.00 | 0.00%
FCFP6_1024_568 | 0.00 | 0.00%
FCFP6_1024_456 | 0.00 | 0.00%
FCFP6_1024_336 | 0.00 | 0.00%
FCFP6_1024_40 | 0.00 | 0.00%
FCFP6_1024_939 | 0.00 | 0.00%
FCFP6_1024_873 | 0.00 | 0.00%
FCFP6_1024_168 | 0.00 | 0.00%
FCFP6_1024_720 | 0.00 | 0.00%
FCFP6_1024_837 | 0.00 | 0.00%
FCFP6_1024_228 | 0.00 | 0.00%
FCFP6_1024_20 | 0.00 | 0.00%
FCFP6_1024_290 | 0.00 | 0.00%
FCFP6_1024_823 | 0.00 | 0.00%
FCFP6_1024_976 | 0.00 | 0.00%
FCFP6_1024_949 | 0.00 | 0.00%
FCFP6_1024_527 | 0.00 | 0.00%
FCFP6_1024_595 | 0.00 | 0.00%
FCFP6_1024_706 | 0.00 | 0.00%
FCFP6_1024_608 | 0.00 | 0.00%
FCFP6_1024_591 | 0.00 | 0.00%
FCFP6_1024_681 | 0.00 | 0.00%
FCFP6_1024_175 | 0.00 | 0.00%
FCFP6_1024_731 | 0.00 | 0.00%
FCFP6_1024_229 | 0.00 | 0.00%
FCFP6_1024_409 | 0.00 | 0.00%
FCFP6_1024_188 | 0.00 | 0.00%
FCFP6_1024_883 | 0.00 | 0.00%
FCFP6_1024_389 | 0.00 | 0.00%
FCFP6_1024_597 | 0.00 | 0.00%
FCFP6_1024_619 | 0.00 | 0.00%
FCFP6_1024_785 | 0.00 | 0.00%
FCFP6_1024_143 | 0.00 | 0.00%
FCFP6_1024_847 | 0.00 | 0.00%
FCFP6_1024_983 | 0.00 | 0.00%
FCFP6_1024_467 | 0.00 | 0.00%
FCFP6_1024_404 | 0.00 | 0.00%
FCFP6_1024_791 | 0.00 | 0.00%
FCFP6_1024_205 | 0.00 | 0.00%
FCFP6_1024_775 | 0.00 | 0.00%
FCFP6_1024_764 | 0.00 | 0.00%
FCFP6_1024_849 | 0.00 | 0.00%
FCFP6_1024_863 | 0.00 | 0.00%
FCFP6_1024_349 | 0.00 | 0.00%
FCFP6_1024_391 | 0.00 | 0.00%
FCFP6_1024_973 | 0.00 | 0.00%
FCFP6_1024_967 | 0.00 | 0.00%
FCFP6_1024_962 | 0.00 | 0.00%
FCFP6_1024_286 | 0.00 | 0.00%
FCFP6_1024_773 | 0.00 | 0.00%
FCFP6_1024_736 | 0.00 | 0.00%
FCFP6_1024_0 | 0.00 | 0.00%
FCFP6_1024_2 | 0.00 | 0.00%
FCFP6_1024_5 | 0.00 | 0.00%
FCFP6_1024_10 | 0.00 | 0.00%
FCFP6_1024_11 | 0.00 | 0.00%
FCFP6_1024_13 | 0.00 | 0.00%
FCFP6_1024_34 | 0.00 | 0.00%
FCFP6_1024_38 | 0.00 | 0.00%
FCFP6_1024_39 | 0.00 | 0.00%
FCFP6_1024_50 | 0.00 | 0.00%
FCFP6_1024_54 | 0.00 | 0.00%
FCFP6_1024_58 | 0.00 | 0.00%
FCFP6_1024_62 | 0.00 | 0.00%
FCFP6_1024_63 | 0.00 | 0.00%
FCFP6_1024_72 | 0.00 | 0.00%
FCFP6_1024_73 | 0.00 | 0.00%
FCFP6_1024_76 | 0.00 | 0.00%
FCFP6_1024_80 | 0.00 | 0.00%
FCFP6_1024_85 | 0.00 | 0.00%
FCFP6_1024_86 | 0.00 | 0.00%
FCFP6_1024_96 | 0.00 | 0.00%
FCFP6_1024_97 | 0.00 | 0.00%
FCFP6_1024_98 | 0.00 | 0.00%
FCFP6_1024_108 | 0.00 | 0.00%
FCFP6_1024_118 | 0.00 | 0.00%
FCFP6_1024_126 | 0.00 | 0.00%
FCFP6_1024_127 | 0.00 | 0.00%
FCFP6_1024_136 | 0.00 | 0.00%
FCFP6_1024_144 | 0.00 | 0.00%
FCFP6_1024_146 | 0.00 | 0.00%
FCFP6_1024_151 | 0.00 | 0.00%
FCFP6_1024_157 | 0.00 | 0.00%
FCFP6_1024_161 | 0.00 | 0.00%
FCFP6_1024_167 | 0.00 | 0.00%
FCFP6_1024_172 | 0.00 | 0.00%
FCFP6_1024_174 | 0.00 | 0.00%
FCFP6_1024_183 | 0.00 | 0.00%
FCFP6_1024_185 | 0.00 | 0.00%
FCFP6_1024_187 | 0.00 | 0.00%
FCFP6_1024_189 | 0.00 | 0.00%
FCFP6_1024_191 | 0.00 | 0.00%
FCFP6_1024_198 | 0.00 | 0.00%
FCFP6_1024_225 | 0.00 | 0.00%
FCFP6_1024_227 | 0.00 | 0.00%
FCFP6_1024_234 | 0.00 | 0.00%
FCFP6_1024_236 | 0.00 | 0.00%
FCFP6_1024_237 | 0.00 | 0.00%
FCFP6_1024_243 | 0.00 | 0.00%
FCFP6_1024_244 | 0.00 | 0.00%
FCFP6_1024_252 | 0.00 | 0.00%
FCFP6_1024_255 | 0.00 | 0.00%
FCFP6_1024_256 | 0.00 | 0.00%
FCFP6_1024_257 | 0.00 | 0.00%
FCFP6_1024_260 | 0.00 | 0.00%
FCFP6_1024_266 | 0.00 | 0.00%
FCFP6_1024_277 | 0.00 | 0.00%
FCFP6_1024_279 | 0.00 | 0.00%
FCFP6_1024_285 | 0.00 | 0.00%
FCFP6_1024_289 | 0.00 | 0.00%
FCFP6_1024_293 | 0.00 | 0.00%
FCFP6_1024_294 | 0.00 | 0.00%
FCFP6_1024_306 | 0.00 | 0.00%
FCFP6_1024_316 | 0.00 | 0.00%
FCFP6_1024_317 | 0.00 | 0.00%
FCFP6_1024_321 | 0.00 | 0.00%
FCFP6_1024_331 | 0.00 | 0.00%
FCFP6_1024_335 | 0.00 | 0.00%
FCFP6_1024_337 | 0.00 | 0.00%
FCFP6_1024_352 | 0.00 | 0.00%
FCFP6_1024_354 | 0.00 | 0.00%
FCFP6_1024_356 | 0.00 | 0.00%
FCFP6_1024_361 | 0.00 | 0.00%
FCFP6_1024_370 | 0.00 | 0.00%
FCFP6_1024_371 | 0.00 | 0.00%
FCFP6_1024_374 | 0.00 | 0.00%
FCFP6_1024_387 | 0.00 | 0.00%
FCFP6_1024_388 | 0.00 | 0.00%
FCFP6_1024_393 | 0.00 | 0.00%
FCFP6_1024_402 | 0.00 | 0.00%
FCFP6_1024_406 | 0.00 | 0.00%
FCFP6_1024_411 | 0.00 | 0.00%
FCFP6_1024_415 | 0.00 | 0.00%
FCFP6_1024_416 | 0.00 | 0.00%
FCFP6_1024_417 | 0.00 | 0.00%
FCFP6_1024_418 | 0.00 | 0.00%
FCFP6_1024_420 | 0.00 | 0.00%
FCFP6_1024_423 | 0.00 | 0.00%
FCFP6_1024_424 | 0.00 | 0.00%
FCFP6_1024_425 | 0.00 | 0.00%
FCFP6_1024_429 | 0.00 | 0.00%
FCFP6_1024_438 | 0.00 | 0.00%
FCFP6_1024_449 | 0.00 | 0.00%
FCFP6_1024_457 | 0.00 | 0.00%
FCFP6_1024_465 | 0.00 | 0.00%
FCFP6_1024_468 | 0.00 | 0.00%
FCFP6_1024_470 | 0.00 | 0.00%
FCFP6_1024_475 | 0.00 | 0.00%
FCFP6_1024_476 | 0.00 | 0.00%
FCFP6_1024_485 | 0.00 | 0.00%
FCFP6_1024_490 | 0.00 | 0.00%
FCFP6_1024_495 | 0.00 | 0.00%
FCFP6_1024_497 | 0.00 | 0.00%
FCFP6_1024_500 | 0.00 | 0.00%
FCFP6_1024_510 | 0.00 | 0.00%
FCFP6_1024_514 | 0.00 | 0.00%
FCFP6_1024_519 | 0.00 | 0.00%
FCFP6_1024_524 | 0.00 | 0.00%
FCFP6_1024_528 | 0.00 | 0.00%
FCFP6_1024_534 | 0.00 | 0.00%
FCFP6_1024_535 | 0.00 | 0.00%
FCFP6_1024_548 | 0.00 | 0.00%
FCFP6_1024_549 | 0.00 | 0.00%
FCFP6_1024_551 | 0.00 | 0.00%
FCFP6_1024_552 | 0.00 | 0.00%
FCFP6_1024_554 | 0.00 | 0.00%
FCFP6_1024_561 | 0.00 | 0.00%
FCFP6_1024_571 | 0.00 | 0.00%
FCFP6_1024_579 | 0.00 | 0.00%
FCFP6_1024_585 | 0.00 | 0.00%
FCFP6_1024_587 | 0.00 | 0.00%
FCFP6_1024_589 | 0.00 | 0.00%
FCFP6_1024_593 | 0.00 | 0.00%
FCFP6_1024_606 | 0.00 | 0.00%
FCFP6_1024_609 | 0.00 | 0.00%
FCFP6_1024_616 | 0.00 | 0.00%
FCFP6_1024_620 | 0.00 | 0.00%
FCFP6_1024_621 | 0.00 | 0.00%
FCFP6_1024_623 | 0.00 | 0.00%
FCFP6_1024_625 | 0.00 | 0.00%
FCFP6_1024_628 | 0.00 | 0.00%
FCFP6_1024_632 | 0.00 | 0.00%
FCFP6_1024_635 | 0.00 | 0.00%
FCFP6_1024_638 | 0.00 | 0.00%
FCFP6_1024_640 | 0.00 | 0.00%
FCFP6_1024_642 | 0.00 | 0.00%
FCFP6_1024_644 | 0.00 | 0.00%
FCFP6_1024_646 | 0.00 | 0.00%
FCFP6_1024_650 | 0.00 | 0.00%
FCFP6_1024_654 | 0.00 | 0.00%
FCFP6_1024_657 | 0.00 | 0.00%
FCFP6_1024_663 | 0.00 | 0.00%
FCFP6_1024_666 | 0.00 | 0.00%
FCFP6_1024_668 | 0.00 | 0.00%
FCFP6_1024_672 | 0.00 | 0.00%
FCFP6_1024_677 | 0.00 | 0.00%
FCFP6_1024_682 | 0.00 | 0.00%
FCFP6_1024_687 | 0.00 | 0.00%
FCFP6_1024_688 | 0.00 | 0.00%
FCFP6_1024_697 | 0.00 | 0.00%
FCFP6_1024_701 | 0.00 | 0.00%
FCFP6_1024_702 | 0.00 | 0.00%
FCFP6_1024_703 | 0.00 | 0.00%
FCFP6_1024_717 | 0.00 | 0.00%
FCFP6_1024_726 | 0.00 | 0.00%
FCFP6_1024_732 | 0.00 | 0.00%
FCFP6_1024_740 | 0.00 | 0.00%
FCFP6_1024_741 | 0.00 | 0.00%
FCFP6_1024_744 | 0.00 | 0.00%
FCFP6_1024_749 | 0.00 | 0.00%
FCFP6_1024_750 | 0.00 | 0.00%
FCFP6_1024_752 | 0.00 | 0.00%
FCFP6_1024_753 | 0.00 | 0.00%
FCFP6_1024_757 | 0.00 | 0.00%
FCFP6_1024_761 | 0.00 | 0.00%
FCFP6_1024_763 | 0.00 | 0.00%
FCFP6_1024_766 | 0.00 | 0.00%
FCFP6_1024_767 | 0.00 | 0.00%
FCFP6_1024_768 | 0.00 | 0.00%
FCFP6_1024_770 | 0.00 | 0.00%
FCFP6_1024_771 | 0.00 | 0.00%
FCFP6_1024_776 | 0.00 | 0.00%
FCFP6_1024_783 | 0.00 | 0.00%
FCFP6_1024_789 | 0.00 | 0.00%
FCFP6_1024_790 | 0.00 | 0.00%
FCFP6_1024_792 | 0.00 | 0.00%
FCFP6_1024_793 | 0.00 | 0.00%
FCFP6_1024_795 | 0.00 | 0.00%
FCFP6_1024_797 | 0.00 | 0.00%
FCFP6_1024_806 | 0.00 | 0.00%
FCFP6_1024_815 | 0.00 | 0.00%
FCFP6_1024_821 | 0.00 | 0.00%
FCFP6_1024_824 | 0.00 | 0.00%
FCFP6_1024_827 | 0.00 | 0.00%
FCFP6_1024_833 | 0.00 | 0.00%
FCFP6_1024_840 | 0.00 | 0.00%
FCFP6_1024_841 | 0.00 | 0.00%
FCFP6_1024_842 | 0.00 | 0.00%
FCFP6_1024_851 | 0.00 | 0.00%
FCFP6_1024_855 | 0.00 | 0.00%
FCFP6_1024_856 | 0.00 | 0.00%
FCFP6_1024_860 | 0.00 | 0.00%
FCFP6_1024_868 | 0.00 | 0.00%
FCFP6_1024_869 | 0.00 | 0.00%
FCFP6_1024_877 | 0.00 | 0.00%
FCFP6_1024_881 | 0.00 | 0.00%
FCFP6_1024_898 | 0.00 | 0.00%
FCFP6_1024_909 | 0.00 | 0.00%
FCFP6_1024_910 | 0.00 | 0.00%
FCFP6_1024_913 | 0.00 | 0.00%
FCFP6_1024_914 | 0.00 | 0.00%
FCFP6_1024_920 | 0.00 | 0.00%
FCFP6_1024_927 | 0.00 | 0.00%
FCFP6_1024_929 | 0.00 | 0.00%
FCFP6_1024_937 | 0.00 | 0.00%
FCFP6_1024_944 | 0.00 | 0.00%
FCFP6_1024_945 | 0.00 | 0.00%
FCFP6_1024_954 | 0.00 | 0.00%
FCFP6_1024_956 | 0.00 | 0.00%
FCFP6_1024_961 | 0.00 | 0.00%
FCFP6_1024_965 | 0.00 | 0.00%
FCFP6_1024_972 | 0.00 | 0.00%
FCFP6_1024_980 | 0.00 | 0.00%
FCFP6_1024_981 | 0.00 | 0.00%
FCFP6_1024_990 | 0.00 | 0.00%
FCFP6_1024_997 | 0.00 | 0.00%
FCFP6_1024_998 | 0.00 | 0.00%
FCFP6_1024_1000 | 0.00 | 0.00%
FCFP6_1024_1005 | 0.00 | 0.00%
FCFP6_1024_1008 | 0.00 | 0.00%
FCFP6_1024_1009 | 0.00 | 0.00%
FCFP6_1024_1010 | 0.00 | 0.00%
FCFP6_1024_1013 | 0.00 | 0.00%
FCFP6_1024_1019 | 0.00 | 0.00%
FCFP6_1024_1020 | 0.00 | 0.00%
FCFP6_1024_1022 | 0.00 | 0.00%

=====================================================================
METRIC TYPE                                  | VALUE / PROFILE
=====================================================================
Embedding Share                              | 85.96%
Raw Feature Share                            | 14.04%
---------------------------------------------------------------------
Active Text Embedding Density                | 100.00% (41/41)
Active Raw Tabular Feature Density           | 78.03% (799/1024)
---------------------------------------------------------------------
Top-5 Concentration Ratio (CR5)              | 64.95% of total decision weight
Top-10 Concentration Ratio (CR10)            | 70.18% of total decision weight
=====================================================================

Total Pipeline Execution Time: 2209.81 seconds

[SUCCESS] Permanent artifacts safely written to 'outputs/training-4/'
[W&B] Artifacts and localized metrics logged successfully for qsar-tid-11_combined_catboost
