[W&B] Child process started for job: houses_combined_xgboost in group session-training-2
Loading archive 'archives/houses.npz' and initializing pipeline for target: XGBOOST...
Execution Mode: COMBINED
Session Output Target: outputs/training-2/
Task Type: REGRESSION
TabPFN Baselines Loaded - Primary: 0.1762 | Secondary: 0.9042
PCA reduced text embeddings to 77 components.
Final training matrix shape assembled for COMBINED: (16512, 85)

Running 26-Trial Optuna Study for XGBOOST (COMBINED)...
A new study created in RDB with name: 20260624_162931_houses_combined_xgboost
Trial 0 finished with value: 0.19882932523282204 and parameters: {}. Best is trial 0 with value: 0.19882932523282204.
Trial 1 finished with value: 0.19483766062265398 and parameters: {'learning_rate': 0.015355286838886862, 'max_depth': 10, 'min_child_weight': 0.5100627805979911, 'subsample': 0.8394633936788146, 'colsample_bylevel': 0.6624074561769746, 'colsample_bynode': 0.662397808134481, 'reg_alpha': 0.29051225247978046, 'reg_lambda': 4.330894111260099, 'grow_policy': 'lossguide', 'max_cat_to_onehot': 8, 'max_leaves': 884}. Best is trial 1 with value: 0.19483766062265398.
Trial 2 finished with value: 0.19314513709009912 and parameters: {'learning_rate': 0.060534484680010825, 'max_depth': 4, 'min_child_weight': 0.004705059281907645, 'subsample': 0.6733618039413735, 'colsample_bylevel': 0.7216968971838151, 'colsample_bynode': 0.8099025726528951, 'reg_alpha': 2.1597818987087147, 'reg_lambda': 1.4562165780761898, 'grow_policy': 'depthwise', 'max_cat_to_onehot': 16, 'max_leaves': 45}. Best is trial 2 with value: 0.19314513709009912.
Trial 3 finished with value: 0.19340276811497734 and parameters: {'learning_rate': 0.019603369861210685, 'max_depth': 8, 'min_child_weight': 0.005477562363971304, 'subsample': 0.8056937753654446, 'colsample_bylevel': 0.836965827544817, 'colsample_bynode': 0.6185801650879991, 'reg_alpha': 3.037763505022002, 'reg_lambda': 0.8527035660240889, 'grow_policy': 'lossguide', 'max_cat_to_onehot': 92, 'max_leaves': 399}. Best is trial 2 with value: 0.19314513709009912.
Trial 4 finished with value: 0.1929136488857911 and parameters: {'learning_rate': 0.012453219846912198, 'max_depth': 4, 'min_child_weight': 0.33959199243313637, 'subsample': 0.7760609974958406, 'colsample_bylevel': 0.6488152939379115, 'colsample_bynode': 0.798070764044508, 'reg_alpha': 0.17203916672398045, 'reg_lambda': 4.546611078353703, 'grow_policy': 'lossguide', 'max_cat_to_onehot': 17, 'max_leaves': 97}. Best is trial 4 with value: 0.1929136488857911.
Trial 5 finished with value: 0.19312657448411602 and parameters: {'learning_rate': 0.025719142025384646, 'max_depth': 4, 'min_child_weight': 3.8589082671053854, 'subsample': 0.9100531293444458, 'colsample_bylevel': 0.9757995766256756, 'colsample_bynode': 0.9579309401710595, 'reg_alpha': 2.989540104057545, 'reg_lambda': 4.609378987692081, 'grow_policy': 'lossguide', 'max_cat_to_onehot': 8, 'max_leaves': 37}. Best is trial 4 with value: 0.1929136488857911.
Trial 6 finished with value: 0.1929624630660577 and parameters: {'learning_rate': 0.016019568611465234, 'max_depth': 5, 'min_child_weight': 1.1627201204016835, 'subsample': 0.7427013306774357, 'colsample_bylevel': 0.7123738038749523, 'colsample_bynode': 0.8170784332632994, 'reg_alpha': 0.7047070324513158, 'reg_lambda': 4.011004684072123, 'grow_policy': 'lossguide', 'max_cat_to_onehot': 56, 'max_leaves': 20}. Best is trial 4 with value: 0.1929136488857911.
Trial 7 finished with value: 0.19327793580508157 and parameters: {'learning_rate': 0.0050834018700114374, 'max_depth': 9, 'min_child_weight': 0.4117599592262879, 'subsample': 0.8916028672163949, 'colsample_bylevel': 0.9085081386743783, 'colsample_bynode': 0.6296178606936361, 'reg_alpha': 1.7923927961485087, 'reg_lambda': 0.5794337107196961, 'grow_policy': 'depthwise', 'max_cat_to_onehot': 18, 'max_leaves': 10}. Best is trial 4 with value: 0.1929136488857911.
Trial 8 finished with value: 0.19341222259474478 and parameters: {'learning_rate': 0.012693089228250284, 'max_depth': 5, 'min_child_weight': 0.49979438035802604, 'subsample': 0.8550229885420852, 'colsample_bylevel': 0.9548850970305306, 'colsample_bynode': 0.7888859700647797, 'reg_alpha': 0.5980592702669147, 'reg_lambda': 3.566252611636253, 'grow_policy': 'depthwise', 'max_cat_to_onehot': 55, 'max_leaves': 85}. Best is trial 4 with value: 0.1929136488857911.
Trial 9 finished with value: 0.19301963351507773 and parameters: {'learning_rate': 0.02393652463662192, 'max_depth': 6, 'min_child_weight': 0.0012417226051008223, 'subsample': 0.6431565707973218, 'colsample_bylevel': 0.6125716742746937, 'colsample_bynode': 0.8545641645055122, 'reg_alpha': 1.5718484697835258, 'reg_lambda': 2.542902598754398, 'grow_policy': 'depthwise', 'max_cat_to_onehot': 22, 'max_leaves': 308}. Best is trial 4 with value: 0.1929136488857911.
Trial 10 finished with value: 0.1944468681173664 and parameters: {'learning_rate': 0.08641685654424158, 'max_depth': 7, 'min_child_weight': 0.05330630380208628, 'subsample': 0.9729161367647149, 'colsample_bylevel': 0.8067426612208689, 'colsample_bynode': 0.9630659181130071, 'reg_alpha': 4.7988577526525065, 'reg_lambda': 2.5876151166352477, 'grow_policy': 'lossguide', 'max_cat_to_onehot': 31, 'max_leaves': 137}. Best is trial 4 with value: 0.1929136488857911.
Trial 11 finished with value: 0.1933296361349458 and parameters: {'learning_rate': 0.008236597407822864, 'max_depth': 5, 'min_child_weight': 4.359105583337639, 'subsample': 0.742869807831149, 'colsample_bylevel': 0.7273145000499233, 'colsample_bynode': 0.7708449222533328, 'reg_alpha': 0.034142440330290236, 'reg_lambda': 3.6785387663492077, 'grow_policy': 'lossguide', 'max_cat_to_onehot': 45, 'max_leaves': 9}. Best is trial 4 with value: 0.1929136488857911.
Trial 12 finished with value: 0.1932909652561729 and parameters: {'learning_rate': 0.038622519787404504, 'max_depth': 5, 'min_child_weight': 0.09909199881818531, 'subsample': 0.7548944548876555, 'colsample_bylevel': 0.7004606473476435, 'colsample_bynode': 0.8847911208853647, 'reg_alpha': 1.0346127805831378, 'reg_lambda': 4.971418225794803, 'grow_policy': 'lossguide', 'max_cat_to_onehot': 91, 'max_leaves': 23}. Best is trial 4 with value: 0.1929136488857911.
Trial 13 finished with value: 0.19273146069925445 and parameters: {'learning_rate': 0.010309562071127988, 'max_depth': 4, 'min_child_weight': 1.0614229136484359, 'subsample': 0.7230023214504617, 'colsample_bylevel': 0.6081843496493194, 'colsample_bynode': 0.7223586916717624, 'reg_alpha': 1.0522260977505589, 'reg_lambda': 3.689098993127759, 'grow_policy': 'lossguide', 'max_cat_to_onehot': 50, 'max_leaves': 123}. Best is trial 13 with value: 0.19273146069925445.
Trial 14 finished with value: 0.1928741141824042 and parameters: {'learning_rate': 0.008846808792590102, 'max_depth': 4, 'min_child_weight': 0.06425156029737598, 'subsample': 0.6035561676223679, 'colsample_bylevel': 0.6043956756975085, 'colsample_bynode': 0.7204293407727411, 'reg_alpha': 1.334592070002556, 'reg_lambda': 2.8256779266294014, 'grow_policy': 'lossguide', 'max_cat_to_onehot': 29, 'max_leaves': 142}. Best is trial 13 with value: 0.19273146069925445.
Trial 15 finished with value: 0.19258288003630128 and parameters: {'learning_rate': 0.007692335773292521, 'max_depth': 4, 'min_child_weight': 0.04529442426173348, 'subsample': 0.6013844118193789, 'colsample_bylevel': 0.6046736369941282, 'colsample_bynode': 0.7071265298659016, 'reg_alpha': 2.5497266035443644, 'reg_lambda': 2.825592496597905, 'grow_policy': 'lossguide', 'max_cat_to_onehot': 34, 'max_leaves': 216}. Best is trial 15 with value: 0.19258288003630128.
Trial 16 finished with value: 0.19263074796454538 and parameters: {'learning_rate': 0.0062544811969929585, 'max_depth': 4, 'min_child_weight': 0.016269636891711393, 'subsample': 0.6891404984361571, 'colsample_bylevel': 0.643875292116061, 'colsample_bynode': 0.7112273391582298, 'reg_alpha': 2.848786004989158, 'reg_lambda': 1.8629401908372012, 'grow_policy': 'lossguide', 'max_cat_to_onehot': 43, 'max_leaves': 303}. Best is trial 15 with value: 0.19258288003630128.
Trial 17 finished with value: 0.19281363374018723 and parameters: {'learning_rate': 0.005447078048874161, 'max_depth': 6, 'min_child_weight': 0.018628663928281795, 'subsample': 0.6657586950439942, 'colsample_bylevel': 0.7963236298897758, 'colsample_bynode': 0.7017222744122499, 'reg_alpha': 3.2966725327861863, 'reg_lambda': 1.8863676793390698, 'grow_policy': 'lossguide', 'max_cat_to_onehot': 36, 'max_leaves': 296}. Best is trial 15 with value: 0.19258288003630128.
Trial 18 finished with value: 0.19267685485347824 and parameters: {'learning_rate': 0.007445035625731834, 'max_depth': 4, 'min_child_weight': 0.021193013199747167, 'subsample': 0.6005306137965307, 'colsample_bylevel': 0.6589045438667185, 'colsample_bynode': 0.6727872451928174, 'reg_alpha': 3.9365413543221925, 'reg_lambda': 1.8079338060463273, 'grow_policy': 'lossguide', 'max_cat_to_onehot': 72, 'max_leaves': 781}. Best is trial 15 with value: 0.19258288003630128.
Trial 19 finished with value: 0.1927783014278324 and parameters: {'learning_rate': 0.006367717644469032, 'max_depth': 5, 'min_child_weight': 0.012037578552438965, 'subsample': 0.6988869257034052, 'colsample_bylevel': 0.7719898235665422, 'colsample_bynode': 0.7504472659447355, 'reg_alpha': 2.4674951765298982, 'reg_lambda': 0.08689028168849333, 'grow_policy': 'depthwise', 'max_cat_to_onehot': 12, 'max_leaves': 491}. Best is trial 15 with value: 0.19258288003630128.
Trial 20 finished with value: 0.19286595825407815 and parameters: {'learning_rate': 0.006962744294207044, 'max_depth': 6, 'min_child_weight': 0.0016034900695416868, 'subsample': 0.633353609288991, 'colsample_bylevel': 0.6722435614267015, 'colsample_bynode': 0.6742411179304397, 'reg_alpha': 3.9228802334928576, 'reg_lambda': 3.0674667894375274, 'grow_policy': 'lossguide', 'max_cat_to_onehot': 24, 'max_leaves': 238}. Best is trial 15 with value: 0.19258288003630128.
Trial 21 finished with value: 0.1927137809839086 and parameters: {'learning_rate': 0.007670507242659239, 'max_depth': 4, 'min_child_weight': 0.02305192725923445, 'subsample': 0.6051308904657906, 'colsample_bylevel': 0.6448450201170167, 'colsample_bynode': 0.6705644229886321, 'reg_alpha': 3.70316186447993, 'reg_lambda': 1.9167795407802557, 'grow_policy': 'lossguide', 'max_cat_to_onehot': 69, 'max_leaves': 834}. Best is trial 15 with value: 0.19258288003630128.
Trial 22 finished with value: 0.19271051733621936 and parameters: {'learning_rate': 0.010222881989706792, 'max_depth': 4, 'min_child_weight': 0.10443142131867546, 'subsample': 0.6966136475472826, 'colsample_bylevel': 0.6831866431750553, 'colsample_bynode': 0.7376662348730785, 'reg_alpha': 4.435860666469466, 'reg_lambda': 2.0109404829762623, 'grow_policy': 'lossguide', 'max_cat_to_onehot': 38, 'max_leaves': 582}. Best is trial 15 with value: 0.19258288003630128.
Trial 23 finished with value: 0.19276415222035498 and parameters: {'learning_rate': 0.00501902246248666, 'max_depth': 4, 'min_child_weight': 0.03187683649811498, 'subsample': 0.6316090886328699, 'colsample_bylevel': 0.6356593004367647, 'colsample_bynode': 0.6907939095057635, 'reg_alpha': 2.5069678596482285, 'reg_lambda': 1.458402958821222, 'grow_policy': 'lossguide', 'max_cat_to_onehot': 69, 'max_leaves': 223}. Best is trial 15 with value: 0.19258288003630128.
Trial 24 finished with value: 0.19264526899575654 and parameters: {'learning_rate': 0.006787170826242702, 'max_depth': 4, 'min_child_weight': 0.007384374905592193, 'subsample': 0.6001294667556051, 'colsample_bylevel': 0.7619384117633832, 'colsample_bynode': 0.6314129027145786, 'reg_alpha': 3.8363192965008523, 'reg_lambda': 2.250558289225727, 'grow_policy': 'lossguide', 'max_cat_to_onehot': 65, 'max_leaves': 554}. Best is trial 15 with value: 0.19258288003630128.
Trial 25 finished with value: 0.19266545472724556 and parameters: {'learning_rate': 0.010570855194122594, 'max_depth': 5, 'min_child_weight': 0.006497012003913681, 'subsample': 0.6589921561830732, 'colsample_bylevel': 0.7553525529367558, 'colsample_bynode': 0.6414462346237297, 'reg_alpha': 3.4817118593761944, 'reg_lambda': 3.1974232590011273, 'grow_policy': 'lossguide', 'max_cat_to_onehot': 41, 'max_leaves': 185}. Best is trial 15 with value: 0.19258288003630128.
Optuna Search Completed in: 612.40 seconds

Training final model on optimized parameter setup...

[XGBOOST FINALIZED METRICS]
Optimal Trees:         828
RMSE:             0.1780 (Delta to TabPFN: +0.0019)
R2_Score:             0.9022 (Delta to TabPFN: -0.0020)
Final Train Time:      1.89 seconds (0.1142s per 1K)
Final Infer Time:      0.01 seconds (0.0014s per 1K)

--- XGBOOST Feature Importance (Raw vs. Scaled Share) ---
Feature | Raw gain | Share
pca_embed_0 | 101267.09 | 53.84%
pca_embed_1 | 29865.86 | 15.88%
MedianIncome | 25985.64 | 13.82%
pca_embed_2 | 14993.25 | 7.97%
pca_embed_3 | 8032.24 | 4.27%
pca_embed_6 | 1790.76 | 0.95%
Latitude | 1265.18 | 0.67%
pca_embed_5 | 1053.10 | 0.56%
pca_embed_4 | 727.08 | 0.39%
Longitude | 303.17 | 0.16%
pca_embed_9 | 202.04 | 0.11%
pca_embed_7 | 153.58 | 0.08%
TotalRooms | 150.71 | 0.08%
Population | 105.59 | 0.06%
pca_embed_16 | 100.20 | 0.05%
pca_embed_10 | 94.73 | 0.05%
pca_embed_8 | 73.91 | 0.04%
pca_embed_38 | 72.13 | 0.04%
Households | 67.26 | 0.04%
pca_embed_14 | 65.29 | 0.03%
pca_embed_64 | 59.65 | 0.03%
pca_embed_27 | 55.07 | 0.03%
pca_embed_12 | 52.02 | 0.03%
pca_embed_15 | 44.54 | 0.02%
TotalBedrooms | 44.33 | 0.02%
pca_embed_59 | 44.15 | 0.02%
pca_embed_74 | 43.18 | 0.02%
pca_embed_25 | 43.14 | 0.02%
pca_embed_18 | 38.69 | 0.02%
pca_embed_47 | 38.60 | 0.02%
pca_embed_26 | 37.61 | 0.02%
pca_embed_65 | 35.83 | 0.02%
pca_embed_69 | 34.36 | 0.02%
pca_embed_51 | 34.20 | 0.02%
pca_embed_55 | 33.89 | 0.02%
pca_embed_44 | 33.75 | 0.02%
pca_embed_30 | 33.36 | 0.02%
pca_embed_35 | 33.31 | 0.02%
pca_embed_58 | 32.21 | 0.02%
pca_embed_52 | 29.30 | 0.02%
pca_embed_73 | 29.05 | 0.02%
pca_embed_50 | 28.98 | 0.02%
pca_embed_32 | 28.79 | 0.02%
pca_embed_23 | 28.46 | 0.02%
pca_embed_63 | 28.21 | 0.01%
pca_embed_33 | 28.11 | 0.01%
pca_embed_45 | 27.83 | 0.01%
pca_embed_43 | 26.65 | 0.01%
pca_embed_28 | 26.42 | 0.01%
pca_embed_41 | 25.12 | 0.01%
pca_embed_76 | 24.03 | 0.01%
pca_embed_66 | 23.30 | 0.01%
pca_embed_11 | 22.71 | 0.01%
pca_embed_49 | 22.25 | 0.01%
HousingMedianAge | 21.76 | 0.01%
pca_embed_54 | 21.25 | 0.01%
pca_embed_24 | 21.22 | 0.01%
pca_embed_19 | 20.64 | 0.01%
pca_embed_48 | 20.40 | 0.01%
pca_embed_46 | 19.96 | 0.01%
pca_embed_29 | 19.81 | 0.01%
pca_embed_60 | 19.64 | 0.01%
pca_embed_17 | 19.34 | 0.01%
pca_embed_34 | 19.31 | 0.01%
pca_embed_37 | 19.18 | 0.01%
pca_embed_13 | 19.00 | 0.01%
pca_embed_70 | 18.82 | 0.01%
pca_embed_22 | 18.81 | 0.01%
pca_embed_21 | 18.69 | 0.01%
pca_embed_39 | 18.61 | 0.01%
pca_embed_62 | 18.59 | 0.01%
pca_embed_72 | 18.50 | 0.01%
pca_embed_56 | 18.49 | 0.01%
pca_embed_53 | 17.16 | 0.01%
pca_embed_61 | 16.30 | 0.01%
pca_embed_57 | 15.86 | 0.01%
pca_embed_20 | 15.86 | 0.01%
pca_embed_75 | 15.28 | 0.01%
pca_embed_71 | 15.20 | 0.01%
pca_embed_36 | 14.73 | 0.01%
pca_embed_40 | 14.03 | 0.01%
pca_embed_42 | 13.68 | 0.01%
pca_embed_67 | 10.29 | 0.01%
pca_embed_31 | 9.23 | 0.00%
pca_embed_68 | 8.77 | 0.00%

=====================================================================
METRIC TYPE                                  | VALUE / PROFILE
=====================================================================
Embedding Share                              | 85.14%
Raw Feature Share                            | 14.86%
---------------------------------------------------------------------
Active Text Embedding Density                | 100.00% (77/77)
Active Raw Tabular Feature Density           | 100.00% (8/8)
---------------------------------------------------------------------
Top-5 Concentration Ratio (CR5)              | 95.78% of total decision weight
Top-10 Concentration Ratio (CR10)            | 98.51% of total decision weight
=====================================================================

Total Pipeline Execution Time: 616.17 seconds

[SUCCESS] Permanent artifacts safely written to 'outputs/training-2/'
[W&B] Artifacts and localized metrics logged successfully for houses_combined_xgboost
