[W&B] Child process started for job: qsar-biodeg_combined_lightgbm in group session-training-4
Loading archive 'archives/qsar-biodeg.npz' and initializing pipeline for target: LIGHTGBM...
Execution Mode: COMBINED
Session Output Target: outputs/training-4/
Task Type: BINARY
TabPFN Baselines Loaded - Primary: 0.0419 | Secondary: 0.8863
PCA reduced text embeddings to 45 components.
Final training matrix shape assembled for COMBINED: (843, 86)

Running 26-Trial Optuna Study for LIGHTGBM (COMBINED)...
A new study created in RDB with name: 20260625_040434_qsar-biodeg_combined_lightgbm
Trial 0 finished with value: 0.08357896661079889 and parameters: {}. Best is trial 0 with value: 0.08357896661079889.
Trial 1 finished with value: 0.07949456110946795 and parameters: {'learning_rate': 0.015355286838886862, 'feature_fraction': 0.9704285838459497, 'bagging_fraction': 0.9195981825434215, 'bagging_freq': 1, 'num_leaves': 28, 'min_data_in_leaf': 1, 'extra_trees': False, 'min_data_per_group': 57, 'cat_l2': 0.18327672955935934, 'cat_smooth': 3.4702669886504163, 'max_cat_to_onehot': 8, 'lambda_l1': 0.9699128611767781, 'lambda_l2': 1.6649020373367633}. Best is trial 1 with value: 0.07949456110946795.
Trial 2 finished with value: 0.07900536905583488 and parameters: {'learning_rate': 0.009445600138094694, 'feature_fraction': 0.5090949803242604, 'bagging_fraction': 0.7550213529560301, 'bagging_freq': 1, 'num_leaves': 7, 'min_data_in_leaf': 6, 'extra_trees': False, 'min_data_per_group': 20, 'cat_l2': 0.01153297626310632, 'cat_smooth': 0.028888383623653185, 'max_cat_to_onehot': 19, 'lambda_l1': 0.4561243772186142, 'lambda_l2': 1.5703734051898879}. Best is trial 2 with value: 0.07900536905583488.
Trial 3 finished with value: 0.09836021969174147 and parameters: {'learning_rate': 0.009093929525644107, 'feature_fraction': 0.708540663048167, 'bagging_fraction': 0.8777243706586128, 'bagging_freq': 1, 'num_leaves': 2, 'min_data_in_leaf': 10, 'extra_trees': False, 'min_data_per_group': 81, 'cat_l2': 1.6278053965878447, 'cat_smooth': 11.015056790269638, 'max_cat_to_onehot': 17, 'lambda_l1': 0.09776234679498323, 'lambda_l2': 1.3684976297216627}. Best is trial 2 with value: 0.07900536905583488.
Trial 4 finished with value: 0.08288665828650299 and parameters: {'learning_rate': 0.01869052934095898, 'feature_fraction': 0.47322294090686734, 'bagging_fraction': 0.848553073033381, 'bagging_freq': 1, 'num_leaves': 2, 'min_data_in_leaf': 42, 'extra_trees': True, 'min_data_per_group': 6, 'cat_l2': 0.11277639166461569, 'cat_smooth': 0.5414413211338525, 'max_cat_to_onehot': 12, 'lambda_l1': 0.9695876693017821, 'lambda_l2': 1.550288133439893}. Best is trial 2 with value: 0.07900536905583488.
Trial 5 finished with value: 0.0804667833316901 and parameters: {'learning_rate': 0.08342309693146736, 'feature_fraction': 0.9368964102565893, 'bagging_fraction': 0.8793699936433255, 'bagging_freq': 1, 'num_leaves': 137, 'min_data_in_leaf': 1, 'extra_trees': False, 'min_data_per_group': 6, 'cat_l2': 0.0513253156994884, 'cat_smooth': 0.022737628102536857, 'max_cat_to_onehot': 64, 'lambda_l1': 0.3568176513609199, 'lambda_l2': 0.5619409259237927}. Best is trial 2 with value: 0.07900536905583488.
Trial 6 finished with value: 0.09161334582142044 and parameters: {'learning_rate': 0.025411709798607296, 'feature_fraction': 0.4845545349848576, 'bagging_fraction': 0.9406590942262119, 'bagging_freq': 1, 'num_leaves': 2, 'min_data_in_leaf': 61, 'extra_trees': False, 'min_data_per_group': 2, 'cat_l2': 0.6619871537619337, 'cat_smooth': 3.4220529032706923, 'max_cat_to_onehot': 50, 'lambda_l1': 0.7712932196512772, 'lambda_l2': 0.1481818990030073}. Best is trial 2 with value: 0.07900536905583488.
Trial 7 finished with value: 0.06781746031746039 and parameters: {'learning_rate': 0.014633380642745364, 'feature_fraction': 0.4695214357150779, 'bagging_fraction': 0.958931027762678, 'bagging_freq': 1, 'num_leaves': 32, 'min_data_in_leaf': 2, 'extra_trees': True, 'min_data_per_group': 6, 'cat_l2': 0.3957756313952873, 'cat_smooth': 1.5409457762881555, 'max_cat_to_onehot': 75, 'lambda_l1': 0.4722677036694331, 'lambda_l2': 0.23927653245200955}. Best is trial 7 with value: 0.06781746031746039.
Trial 8 finished with value: 0.07744575487199712 and parameters: {'learning_rate': 0.042356773126632795, 'feature_fraction': 0.8564710291701385, 'bagging_fraction': 0.8683831592708489, 'bagging_freq': 1, 'num_leaves': 65, 'min_data_in_leaf': 6, 'extra_trees': False, 'min_data_per_group': 2, 'cat_l2': 0.009543550367992308, 'cat_smooth': 0.0014359718569878096, 'max_cat_to_onehot': 39, 'lambda_l1': 0.314424545478219, 'lambda_l2': 1.017190525260289}. Best is trial 7 with value: 0.06781746031746039.
Trial 9 finished with value: 0.07327896496762953 and parameters: {'learning_rate': 0.07581256838789621, 'feature_fraction': 0.549575337489325, 'bagging_fraction': 0.8231148769106889, 'bagging_freq': 1, 'num_leaves': 61, 'min_data_in_leaf': 2, 'extra_trees': True, 'min_data_per_group': 3, 'cat_l2': 1.3124992669799407, 'cat_smooth': 10.979988817809668, 'max_cat_to_onehot': 39, 'lambda_l1': 0.871473444128699, 'lambda_l2': 1.607363786590539}. Best is trial 7 with value: 0.06781746031746039.
Trial 10 finished with value: 0.0723250640836044 and parameters: {'learning_rate': 0.005556572437269131, 'feature_fraction': 0.6839963928728011, 'bagging_fraction': 0.9908611332363597, 'bagging_freq': 1, 'num_leaves': 12, 'min_data_in_leaf': 19, 'extra_trees': True, 'min_data_per_group': 23, 'cat_l2': 0.03512175732792625, 'cat_smooth': 55.54162315706866, 'max_cat_to_onehot': 99, 'lambda_l1': 0.5905156421247704, 'lambda_l2': 0.02569074131920096}. Best is trial 7 with value: 0.06781746031746039.
Trial 11 finished with value: 0.07238255447106379 and parameters: {'learning_rate': 0.005738601544760158, 'feature_fraction': 0.6606137630538468, 'bagging_fraction': 0.9984567420564903, 'bagging_freq': 1, 'num_leaves': 14, 'min_data_in_leaf': 21, 'extra_trees': True, 'min_data_per_group': 22, 'cat_l2': 0.03352561511977935, 'cat_smooth': 52.38654328518467, 'max_cat_to_onehot': 100, 'lambda_l1': 0.6091129560474012, 'lambda_l2': 0.07101727097318089}. Best is trial 7 with value: 0.06781746031746039.
Trial 12 finished with value: 0.07308833678398896 and parameters: {'learning_rate': 0.005311126596497428, 'feature_fraction': 0.6537243008275448, 'bagging_fraction': 0.9979535080856271, 'bagging_freq': 1, 'num_leaves': 9, 'min_data_in_leaf': 3, 'extra_trees': True, 'min_data_per_group': 16, 'cat_l2': 0.2848884235393859, 'cat_smooth': 0.305128880331871, 'max_cat_to_onehot': 100, 'lambda_l1': 0.6091933662784068, 'lambda_l2': 0.4702775475535603}. Best is trial 7 with value: 0.06781746031746039.
Trial 13 finished with value: 0.07181978951000689 and parameters: {'learning_rate': 0.009804783701770422, 'feature_fraction': 0.7644768432606033, 'bagging_fraction': 0.9503189177548768, 'bagging_freq': 1, 'num_leaves': 25, 'min_data_in_leaf': 16, 'extra_trees': True, 'min_data_per_group': 9, 'cat_l2': 0.029147700650528047, 'cat_smooth': 41.27630723964667, 'max_cat_to_onehot': 69, 'lambda_l1': 0.5896395419955747, 'lambda_l2': 0.44189377158627724}. Best is trial 7 with value: 0.06781746031746039.
Trial 14 finished with value: 0.0675659732492031 and parameters: {'learning_rate': 0.010895440393473043, 'feature_fraction': 0.8229616337423648, 'bagging_fraction': 0.9409041505461242, 'bagging_freq': 1, 'num_leaves': 30, 'min_data_in_leaf': 3, 'extra_trees': True, 'min_data_per_group': 7, 'cat_l2': 0.005667458634051511, 'cat_smooth': 0.2652032650731302, 'max_cat_to_onehot': 60, 'lambda_l1': 0.17045177131759753, 'lambda_l2': 0.6480223495136972}. Best is trial 14 with value: 0.0675659732492031.
Trial 15 finished with value: 0.07017456620329288 and parameters: {'learning_rate': 0.028815039460611834, 'feature_fraction': 0.41633141583471817, 'bagging_fraction': 0.9210095278538653, 'bagging_freq': 1, 'num_leaves': 45, 'min_data_in_leaf': 2, 'extra_trees': True, 'min_data_per_group': 4, 'cat_l2': 0.005430648942847082, 'cat_smooth': 0.1515301900271508, 'max_cat_to_onehot': 30, 'lambda_l1': 0.03640118275079507, 'lambda_l2': 0.8839013887645427}. Best is trial 14 with value: 0.0675659732492031.
Trial 16 finished with value: 0.069044764040882 and parameters: {'learning_rate': 0.012050312669091071, 'feature_fraction': 0.8579465042876557, 'bagging_fraction': 0.8003126062483137, 'bagging_freq': 1, 'num_leaves': 124, 'min_data_in_leaf': 3, 'extra_trees': True, 'min_data_per_group': 10, 'cat_l2': 0.35096256635015266, 'cat_smooth': 0.9486976016049646, 'max_cat_to_onehot': 60, 'lambda_l1': 0.2789881298449375, 'lambda_l2': 0.8019923786807336}. Best is trial 14 with value: 0.0675659732492031.
Trial 17 finished with value: 0.07330718640113054 and parameters: {'learning_rate': 0.018767066770940925, 'feature_fraction': 0.5817133886507502, 'bagging_fraction': 0.959735960676903, 'bagging_freq': 1, 'num_leaves': 5, 'min_data_in_leaf': 1, 'extra_trees': True, 'min_data_per_group': 10, 'cat_l2': 0.0823288321877385, 'cat_smooth': 0.06016682737339128, 'max_cat_to_onehot': 27, 'lambda_l1': 0.10050513311973884, 'lambda_l2': 0.3507851211336097}. Best is trial 14 with value: 0.0675659732492031.
Trial 18 finished with value: 0.07089797150744359 and parameters: {'learning_rate': 0.04047759240129704, 'feature_fraction': 0.7943449398325466, 'bagging_fraction': 0.9095983281899567, 'bagging_freq': 1, 'num_leaves': 22, 'min_data_in_leaf': 4, 'extra_trees': True, 'min_data_per_group': 4, 'cat_l2': 0.015941233488464924, 'cat_smooth': 0.00435218614867589, 'max_cat_to_onehot': 46, 'lambda_l1': 0.16032232715008218, 'lambda_l2': 1.125705384197264}. Best is trial 14 with value: 0.0675659732492031.
Trial 19 finished with value: 0.07054723701074628 and parameters: {'learning_rate': 0.013534864855197488, 'feature_fraction': 0.9050328639008035, 'bagging_fraction': 0.7176826027544516, 'bagging_freq': 1, 'num_leaves': 40, 'min_data_in_leaf': 2, 'extra_trees': True, 'min_data_per_group': 38, 'cat_l2': 0.005594460724131175, 'cat_smooth': 1.0388873520098532, 'max_cat_to_onehot': 70, 'lambda_l1': 0.41454978518202185, 'lambda_l2': 0.6340034479274692}. Best is trial 14 with value: 0.0675659732492031.
Trial 20 finished with value: 0.06831141756219394 and parameters: {'learning_rate': 0.007802879010691229, 'feature_fraction': 0.5919071915724204, 'bagging_fraction': 0.900555330494056, 'bagging_freq': 1, 'num_leaves': 82, 'min_data_in_leaf': 1, 'extra_trees': True, 'min_data_per_group': 6, 'cat_l2': 0.581705718441697, 'cat_smooth': 0.11986664530142917, 'max_cat_to_onehot': 78, 'lambda_l1': 0.26470567104456555, 'lambda_l2': 0.24667605360868405}. Best is trial 14 with value: 0.0675659732492031.
Trial 21 finished with value: 0.06805861595846063 and parameters: {'learning_rate': 0.007849137672387383, 'feature_fraction': 0.5938771933287312, 'bagging_fraction': 0.961449761577934, 'bagging_freq': 1, 'num_leaves': 197, 'min_data_in_leaf': 1, 'extra_trees': True, 'min_data_per_group': 6, 'cat_l2': 0.699931177804584, 'cat_smooth': 0.14844841628969566, 'max_cat_to_onehot': 79, 'lambda_l1': 0.17475586028289136, 'lambda_l2': 0.3165619082084167}. Best is trial 14 with value: 0.0675659732492031.
Trial 22 finished with value: 0.06673038055802039 and parameters: {'learning_rate': 0.006773570658535831, 'feature_fraction': 0.40015726738282775, 'bagging_fraction': 0.9726550050428248, 'bagging_freq': 1, 'num_leaves': 183, 'min_data_in_leaf': 1, 'extra_trees': True, 'min_data_per_group': 13, 'cat_l2': 0.8397156662505194, 'cat_smooth': 0.01305893675324715, 'max_cat_to_onehot': 50, 'lambda_l1': 0.20676234490163747, 'lambda_l2': 0.7123282192467891}. Best is trial 22 with value: 0.06673038055802039.
Trial 23 finished with value: 0.06905261017450459 and parameters: {'learning_rate': 0.007150327584377843, 'feature_fraction': 0.4001933765727732, 'bagging_fraction': 0.973743803750061, 'bagging_freq': 1, 'num_leaves': 17, 'min_data_in_leaf': 2, 'extra_trees': True, 'min_data_per_group': 15, 'cat_l2': 1.1552888782624944, 'cat_smooth': 0.010152729132844297, 'max_cat_to_onehot': 52, 'lambda_l1': 0.45716342312787434, 'lambda_l2': 0.7784570359839823}. Best is trial 22 with value: 0.06673038055802039.
Trial 24 finished with value: 0.07525452693154566 and parameters: {'learning_rate': 0.011754412396226323, 'feature_fraction': 0.4585197540031973, 'bagging_fraction': 0.9368418046397778, 'bagging_freq': 1, 'num_leaves': 4, 'min_data_in_leaf': 5, 'extra_trees': True, 'min_data_per_group': 12, 'cat_l2': 0.28762594726274593, 'cat_smooth': 0.0010265593695612302, 'max_cat_to_onehot': 34, 'lambda_l1': 0.1990963740660723, 'lambda_l2': 1.200522305386297}. Best is trial 22 with value: 0.06673038055802039.
Trial 25 finished with value: 0.07024674241677342 and parameters: {'learning_rate': 0.019251326660810714, 'feature_fraction': 0.5361968357650064, 'bagging_fraction': 0.975631289528959, 'bagging_freq': 1, 'num_leaves': 38, 'min_data_in_leaf': 1, 'extra_trees': True, 'min_data_per_group': 32, 'cat_l2': 0.13376575602491084, 'cat_smooth': 2.447430723637985, 'max_cat_to_onehot': 24, 'lambda_l1': 0.7264764841835101, 'lambda_l2': 0.6006980508815227}. Best is trial 22 with value: 0.06673038055802039.
Optuna Search Completed in: 82.14 seconds

Training final model on optimized parameter setup...

[LIGHTGBM FINALIZED METRICS]
Optimal Trees:         997
1-AUROC:             0.0523 (Delta to TabPFN: +0.0105)
Accuracy:             0.8863 (Delta to TabPFN: +0.0000)
Final Train Time:      1.12 seconds (1.3279s per 1K)
Final Infer Time:      0.01 seconds (0.0290s per 1K)

--- LIGHTGBM Feature Importance (Raw vs. Scaled Share) ---
Feature | Raw gain | Share
Weighted_LeadingEigenvalue_Burden_Matrix | 4324.97 | 7.07%
pca_embed_2 | 3356.98 | 5.49%
Laplace_Leading_Eigenvalue | 3015.01 | 4.93%
Weighted_SpectralMoment6_Burden_Matrix | 2941.70 | 4.81%
pca_embed_7 | 2622.84 | 4.29%
Weighted_Normalized_SpectralPositiveSum_Burden_Matrix | 2133.71 | 3.49%
Num_Nitrogen_Atoms | 1649.95 | 2.70%
Freq_CN_At_Dist2 | 1496.31 | 2.45%
pca_embed_0 | 1291.92 | 2.11%
Adjacency_LeadingEigenvalue | 1249.68 | 2.04%
Sum_dssC_EStates | 1242.92 | 2.03%
pca_embed_20 | 1185.75 | 1.94%
Num_Heavy_Atoms | 1142.87 | 1.87%
pca_embed_17 | 1114.99 | 1.82%
Num_Esters | 995.84 | 1.63%
pca_embed_13 | 971.05 | 1.59%
pca_embed_14 | 946.05 | 1.55%
Presence_CCl_At_Dist3 | 870.75 | 1.42%
pca_embed_8 | 865.36 | 1.41%
Num_Substituted_BenzeneC | 853.27 | 1.40%
Sum_dO_EStates | 827.97 | 1.35%
Freq_CN_At_Dist3 | 815.76 | 1.33%
Num_Oxygen_Atoms | 809.00 | 1.32%
Lopping_Centric_Index | 779.82 | 1.28%
Laplace_Spectral_Moment6 | 779.06 | 1.27%
pca_embed_11 | 778.96 | 1.27%
Num_ssssC_Atoms | 728.06 | 1.19%
Intrinsic_State_Pseudoconnectivity_SAvg | 722.81 | 1.18%
pca_embed_5 | 709.07 | 1.16%
pca_embed_1 | 707.85 | 1.16%
Freq_CN_At_Dist4 | 699.05 | 1.14%
Num_Halogen_Atoms | 676.68 | 1.11%
pca_embed_3 | 641.35 | 1.05%
Num_Terminal_PrimaryC | 602.21 | 0.98%
pca_embed_16 | 588.44 | 0.96%
pca_embed_31 | 586.74 | 0.96%
pca_embed_21 | 553.24 | 0.90%
Laplace_MoharIndex2 | 549.54 | 0.90%
pca_embed_26 | 548.54 | 0.90%
Weighted_HyperWiener_Index_Burden_Matrix | 539.37 | 0.88%
pca_embed_23 | 537.68 | 0.88%
pca_embed_9 | 536.71 | 0.88%
pca_embed_30 | 535.33 | 0.88%
pca_embed_22 | 527.51 | 0.86%
pca_embed_33 | 504.27 | 0.82%
pca_embed_15 | 489.02 | 0.80%
C026_chemical_substructure | 482.31 | 0.79%
Weighted_Balaban_Index_Barysz_Matrix | 482.13 | 0.79%
pca_embed_43 | 442.01 | 0.72%
pca_embed_41 | 408.95 | 0.67%
pca_embed_42 | 403.46 | 0.66%
pca_embed_6 | 382.34 | 0.63%
pca_embed_24 | 380.83 | 0.62%
pca_embed_10 | 350.46 | 0.57%
Num_Circuits | 341.79 | 0.56%
pca_embed_19 | 331.66 | 0.54%
pca_embed_18 | 323.12 | 0.53%
Freq_CO_At_Dist3 | 319.50 | 0.52%
Num_RingTertiaryC | 308.11 | 0.50%
pca_embed_36 | 302.84 | 0.50%
pca_embed_29 | 282.75 | 0.46%
Percentage_C_Atoms | 273.76 | 0.45%
pca_embed_28 | 267.45 | 0.44%
pca_embed_44 | 257.86 | 0.42%
pca_embed_34 | 241.63 | 0.40%
pca_embed_12 | 239.63 | 0.39%
pca_embed_40 | 239.38 | 0.39%
pca_embed_25 | 229.67 | 0.38%
Mean_Sanderson_Electronegativity | 223.63 | 0.37%
pca_embed_27 | 216.37 | 0.35%
pca_embed_39 | 211.33 | 0.35%
pca_embed_35 | 202.83 | 0.33%
Num_HBond_Donors_Atoms | 199.94 | 0.33%
pca_embed_37 | 194.06 | 0.32%
Mean_Ionization_Potential | 187.81 | 0.31%
pca_embed_38 | 177.86 | 0.29%
pca_embed_4 | 172.77 | 0.28%
pca_embed_32 | 170.37 | 0.28%
Num_N_Hydrazine | 167.24 | 0.27%
Num_Aromatic_Nitro_Groups | 159.40 | 0.26%
Intrinsic_State_Pseudoconnectivity | 140.74 | 0.23%
Presence_CBr_At_Dist1 | 128.49 | 0.21%
Freq_NN_At_Dist1 | 127.71 | 0.21%
N073_chemical_substructure | 67.88 | 0.11%
Presence_CBr_At_Dist4 | 47.69 | 0.08%
Num_CRX3 | 24.54 | 0.04%

=====================================================================
METRIC TYPE                                  | VALUE / PROFILE
=====================================================================
Embedding Share                              | 44.20%
Raw Feature Share                            | 55.80%
---------------------------------------------------------------------
Active Text Embedding Density                | 100.00% (45/45)
Active Raw Tabular Feature Density           | 100.00% (41/41)
---------------------------------------------------------------------
Top-5 Concentration Ratio (CR5)              | 26.59% of total decision weight
Top-10 Concentration Ratio (CR10)            | 39.38% of total decision weight
=====================================================================

Total Pipeline Execution Time: 84.77 seconds

[SUCCESS] Permanent artifacts safely written to 'outputs/training-4/'
[W&B] Artifacts and localized metrics logged successfully for qsar-biodeg_combined_lightgbm
