[W&B] Child process started for job: another-dataset-on-used-fiat-500_raw-only_lightgbm in group session-training-1
Loading archive 'archives/another-dataset-on-used-fiat-500.npz' and initializing pipeline for target: LIGHTGBM...
Execution Mode: RAW-ONLY
Session Output Target: outputs/training-1/
Task Type: REGRESSION
TabPFN Baselines Loaded - Primary: 727.5814 | Secondary: 0.8716
PCA reduced text embeddings to 54 components.
Final training matrix shape assembled for RAW-ONLY: (1230, 7)

Running 26-Trial Optuna Study for LIGHTGBM (RAW-ONLY)...
A new study created in RDB with name: 20260624_021851_another-dataset-on-used-fiat-500_raw-only_lightgbm
Trial 0 finished with value: 740.7701370862865 and parameters: {}. Best is trial 0 with value: 740.7701370862865.
Trial 1 finished with value: 728.3343597076903 and parameters: {'learning_rate': 0.015355286838886862, 'feature_fraction': 0.9704285838459497, 'bagging_fraction': 0.9195981825434215, 'bagging_freq': 1, 'num_leaves': 28, 'min_data_in_leaf': 1, 'extra_trees': False, 'min_data_per_group': 57, 'cat_l2': 0.18327672955935934, 'cat_smooth': 3.4702669886504163, 'max_cat_to_onehot': 8, 'lambda_l1': 0.9699128611767781, 'lambda_l2': 1.6649020373367633}. Best is trial 1 with value: 728.3343597076903.
Trial 2 finished with value: 732.7090543396517 and parameters: {'learning_rate': 0.009445600138094694, 'feature_fraction': 0.5090949803242604, 'bagging_fraction': 0.7550213529560301, 'bagging_freq': 1, 'num_leaves': 7, 'min_data_in_leaf': 6, 'extra_trees': False, 'min_data_per_group': 20, 'cat_l2': 0.01153297626310632, 'cat_smooth': 0.028888383623653185, 'max_cat_to_onehot': 19, 'lambda_l1': 0.4561243772186142, 'lambda_l2': 1.5703734051898879}. Best is trial 1 with value: 728.3343597076903.
Trial 3 finished with value: 748.7947338449633 and parameters: {'learning_rate': 0.009093929525644107, 'feature_fraction': 0.708540663048167, 'bagging_fraction': 0.8777243706586128, 'bagging_freq': 1, 'num_leaves': 2, 'min_data_in_leaf': 10, 'extra_trees': False, 'min_data_per_group': 81, 'cat_l2': 1.6278053965878447, 'cat_smooth': 11.015056790269638, 'max_cat_to_onehot': 17, 'lambda_l1': 0.09776234679498323, 'lambda_l2': 1.3684976297216627}. Best is trial 1 with value: 728.3343597076903.
Trial 4 finished with value: 754.0883532985702 and parameters: {'learning_rate': 0.01869052934095898, 'feature_fraction': 0.47322294090686734, 'bagging_fraction': 0.848553073033381, 'bagging_freq': 1, 'num_leaves': 2, 'min_data_in_leaf': 42, 'extra_trees': True, 'min_data_per_group': 6, 'cat_l2': 0.11277639166461569, 'cat_smooth': 0.5414413211338525, 'max_cat_to_onehot': 12, 'lambda_l1': 0.9695876693017821, 'lambda_l2': 1.550288133439893}. Best is trial 1 with value: 728.3343597076903.
Trial 5 finished with value: 740.650290247006 and parameters: {'learning_rate': 0.08342309693146736, 'feature_fraction': 0.9368964102565893, 'bagging_fraction': 0.8793699936433255, 'bagging_freq': 1, 'num_leaves': 137, 'min_data_in_leaf': 1, 'extra_trees': False, 'min_data_per_group': 6, 'cat_l2': 0.0513253156994884, 'cat_smooth': 0.022737628102536857, 'max_cat_to_onehot': 64, 'lambda_l1': 0.3568176513609199, 'lambda_l2': 0.5619409259237927}. Best is trial 1 with value: 728.3343597076903.
Trial 6 finished with value: 739.1123870645538 and parameters: {'learning_rate': 0.025411709798607296, 'feature_fraction': 0.4845545349848576, 'bagging_fraction': 0.9406590942262119, 'bagging_freq': 1, 'num_leaves': 2, 'min_data_in_leaf': 61, 'extra_trees': False, 'min_data_per_group': 2, 'cat_l2': 0.6619871537619337, 'cat_smooth': 3.4220529032706923, 'max_cat_to_onehot': 50, 'lambda_l1': 0.7712932196512772, 'lambda_l2': 0.1481818990030073}. Best is trial 1 with value: 728.3343597076903.
Trial 7 finished with value: 743.8588729907706 and parameters: {'learning_rate': 0.014633380642745364, 'feature_fraction': 0.4695214357150779, 'bagging_fraction': 0.958931027762678, 'bagging_freq': 1, 'num_leaves': 32, 'min_data_in_leaf': 2, 'extra_trees': True, 'min_data_per_group': 6, 'cat_l2': 0.3957756313952873, 'cat_smooth': 1.5409457762881555, 'max_cat_to_onehot': 75, 'lambda_l1': 0.4722677036694331, 'lambda_l2': 0.23927653245200955}. Best is trial 1 with value: 728.3343597076903.
Trial 8 finished with value: 729.970065149595 and parameters: {'learning_rate': 0.042356773126632795, 'feature_fraction': 0.8564710291701385, 'bagging_fraction': 0.8683831592708489, 'bagging_freq': 1, 'num_leaves': 65, 'min_data_in_leaf': 6, 'extra_trees': False, 'min_data_per_group': 2, 'cat_l2': 0.009543550367992308, 'cat_smooth': 0.0014359718569878096, 'max_cat_to_onehot': 39, 'lambda_l1': 0.314424545478219, 'lambda_l2': 1.017190525260289}. Best is trial 1 with value: 728.3343597076903.
Trial 9 finished with value: 747.4349605329429 and parameters: {'learning_rate': 0.07581256838789621, 'feature_fraction': 0.549575337489325, 'bagging_fraction': 0.8231148769106889, 'bagging_freq': 1, 'num_leaves': 61, 'min_data_in_leaf': 2, 'extra_trees': True, 'min_data_per_group': 3, 'cat_l2': 1.3124992669799407, 'cat_smooth': 10.979988817809668, 'max_cat_to_onehot': 39, 'lambda_l1': 0.871473444128699, 'lambda_l2': 1.607363786590539}. Best is trial 1 with value: 728.3343597076903.
Trial 10 finished with value: 731.6318362422148 and parameters: {'learning_rate': 0.00556850707848256, 'feature_fraction': 0.7311216826067799, 'bagging_fraction': 0.7022641957948879, 'bagging_freq': 1, 'num_leaves': 12, 'min_data_in_leaf': 18, 'extra_trees': False, 'min_data_per_group': 85, 'cat_l2': 0.06432414175835927, 'cat_smooth': 57.71736365719864, 'max_cat_to_onehot': 8, 'lambda_l1': 0.6782859743712771, 'lambda_l2': 1.891624858975429}. Best is trial 1 with value: 728.3343597076903.
Trial 11 finished with value: 742.4993091886686 and parameters: {'learning_rate': 0.036130176327022874, 'feature_fraction': 0.997017217496806, 'bagging_fraction': 0.997185108046352, 'bagging_freq': 1, 'num_leaves': 32, 'min_data_in_leaf': 1, 'extra_trees': False, 'min_data_per_group': 22, 'cat_l2': 0.005234939090735748, 'cat_smooth': 0.003067614502323185, 'max_cat_to_onehot': 30, 'lambda_l1': 0.05619573850050308, 'lambda_l2': 0.9843201610931961}. Best is trial 1 with value: 728.3343597076903.
Trial 12 finished with value: 740.5233463024308 and parameters: {'learning_rate': 0.040851082831757854, 'feature_fraction': 0.8595566678354043, 'bagging_fraction': 0.9160269836051458, 'bagging_freq': 1, 'num_leaves': 197, 'min_data_in_leaf': 4, 'extra_trees': False, 'min_data_per_group': 27, 'cat_l2': 0.0213358431058263, 'cat_smooth': 0.0013419844206405704, 'max_cat_to_onehot': 97, 'lambda_l1': 0.2831294266642498, 'lambda_l2': 1.0486797790265414}. Best is trial 1 with value: 728.3343597076903.
Trial 13 finished with value: 735.1816530667047 and parameters: {'learning_rate': 0.04451506475158212, 'feature_fraction': 0.8453733905329051, 'bagging_fraction': 0.7964112275156837, 'bagging_freq': 1, 'num_leaves': 66, 'min_data_in_leaf': 3, 'extra_trees': False, 'min_data_per_group': 41, 'cat_l2': 0.20553494054411556, 'cat_smooth': 0.13681772724526498, 'max_cat_to_onehot': 23, 'lambda_l1': 0.6618040375958354, 'lambda_l2': 0.9863942205986849}. Best is trial 1 with value: 728.3343597076903.
Trial 14 finished with value: 736.3827133016898 and parameters: {'learning_rate': 0.02456627754543285, 'feature_fraction': 0.8356195326396348, 'bagging_fraction': 0.8964737581537803, 'bagging_freq': 1, 'num_leaves': 15, 'min_data_in_leaf': 17, 'extra_trees': False, 'min_data_per_group': 12, 'cat_l2': 0.02398610997602265, 'cat_smooth': 0.01375133179800525, 'max_cat_to_onehot': 8, 'lambda_l1': 0.21288488901212446, 'lambda_l2': 1.9328891813246218}. Best is trial 1 with value: 728.3343597076903.
Trial 15 finished with value: 743.0312655597611 and parameters: {'learning_rate': 0.01264445189228099, 'feature_fraction': 0.7357695358580703, 'bagging_fraction': 0.9700644510349015, 'bagging_freq': 1, 'num_leaves': 68, 'min_data_in_leaf': 1, 'extra_trees': True, 'min_data_per_group': 11, 'cat_l2': 0.0053926872721359945, 'cat_smooth': 93.48359474173813, 'max_cat_to_onehot': 13, 'lambda_l1': 0.5737320985588414, 'lambda_l2': 1.2286186278001592}. Best is trial 1 with value: 728.3343597076903.
Trial 16 finished with value: 735.9795833294332 and parameters: {'learning_rate': 0.062060035761805556, 'feature_fraction': 0.9233970872880972, 'bagging_fraction': 0.915521488756824, 'bagging_freq': 1, 'num_leaves': 27, 'min_data_in_leaf': 7, 'extra_trees': False, 'min_data_per_group': 2, 'cat_l2': 0.22968693229734016, 'cat_smooth': 0.1617805416359588, 'max_cat_to_onehot': 36, 'lambda_l1': 0.9612951231591922, 'lambda_l2': 0.6692938801655539}. Best is trial 1 with value: 728.3343597076903.
Trial 17 finished with value: 733.9845578876661 and parameters: {'learning_rate': 0.005690829910093074, 'feature_fraction': 0.9880969887731189, 'bagging_fraction': 0.8440087109041423, 'bagging_freq': 1, 'num_leaves': 5, 'min_data_in_leaf': 1, 'extra_trees': False, 'min_data_per_group': 47, 'cat_l2': 0.03909370010736211, 'cat_smooth': 0.005448874413511189, 'max_cat_to_onehot': 12, 'lambda_l1': 0.1618188745308929, 'lambda_l2': 0.637553317732714}. Best is trial 1 with value: 728.3343597076903.
Trial 18 finished with value: 729.6799094902651 and parameters: {'learning_rate': 0.026072229504961218, 'feature_fraction': 0.6174963397468256, 'bagging_fraction': 0.7822247503216296, 'bagging_freq': 1, 'num_leaves': 104, 'min_data_in_leaf': 18, 'extra_trees': False, 'min_data_per_group': 4, 'cat_l2': 0.11549653928055244, 'cat_smooth': 0.11957785828976533, 'max_cat_to_onehot': 26, 'lambda_l1': 0.8200750628794274, 'lambda_l2': 1.757266150465408}. Best is trial 1 with value: 728.3343597076903.
Trial 19 finished with value: 743.6296217453603 and parameters: {'learning_rate': 0.02656407245306332, 'feature_fraction': 0.6314651307498491, 'bagging_fraction': 0.7688917835847556, 'bagging_freq': 1, 'num_leaves': 94, 'min_data_in_leaf': 21, 'extra_trees': True, 'min_data_per_group': 4, 'cat_l2': 0.11093531985351793, 'cat_smooth': 0.10237231362873576, 'max_cat_to_onehot': 24, 'lambda_l1': 0.778727120689267, 'lambda_l2': 1.7888815805002571}. Best is trial 1 with value: 728.3343597076903.
Trial 20 finished with value: 729.3815268517826 and parameters: {'learning_rate': 0.01753435716745658, 'feature_fraction': 0.41046089182996026, 'bagging_fraction': 0.7334473792400974, 'bagging_freq': 1, 'num_leaves': 15, 'min_data_in_leaf': 26, 'extra_trees': False, 'min_data_per_group': 11, 'cat_l2': 0.581705718441697, 'cat_smooth': 0.734258635308781, 'max_cat_to_onehot': 10, 'lambda_l1': 0.8395779922033109, 'lambda_l2': 1.747602929487222}. Best is trial 1 with value: 728.3343597076903.
Trial 21 finished with value: 728.1407134318907 and parameters: {'learning_rate': 0.017059206053920875, 'feature_fraction': 0.41284782811693105, 'bagging_fraction': 0.7132617504359504, 'bagging_freq': 1, 'num_leaves': 15, 'min_data_in_leaf': 32, 'extra_trees': False, 'min_data_per_group': 10, 'cat_l2': 0.5556793321771961, 'cat_smooth': 1.7025903094629595, 'max_cat_to_onehot': 9, 'lambda_l1': 0.837234671384753, 'lambda_l2': 1.7255450006876079}. Best is trial 21 with value: 728.1407134318907.
Trial 22 finished with value: 728.5352525492491 and parameters: {'learning_rate': 0.0166462500329133, 'feature_fraction': 0.40015726738282775, 'bagging_fraction': 0.7066013010889338, 'bagging_freq': 1, 'num_leaves': 17, 'min_data_in_leaf': 33, 'extra_trees': False, 'min_data_per_group': 10, 'cat_l2': 0.6334150676086423, 'cat_smooth': 0.8498278719298684, 'max_cat_to_onehot': 10, 'lambda_l1': 0.9049789573569695, 'lambda_l2': 1.458084275659245}. Best is trial 21 with value: 728.1407134318907.
Trial 23 finished with value: 730.9420451057201 and parameters: {'learning_rate': 0.010936342587785704, 'feature_fraction': 0.4001933765727732, 'bagging_fraction': 0.7146643316120082, 'bagging_freq': 1, 'num_leaves': 22, 'min_data_in_leaf': 39, 'extra_trees': False, 'min_data_per_group': 17, 'cat_l2': 0.7492443772286671, 'cat_smooth': 8.721535084196042, 'max_cat_to_onehot': 10, 'lambda_l1': 0.9132323335138436, 'lambda_l2': 1.3730094248239788}. Best is trial 21 with value: 728.1407134318907.
Trial 24 finished with value: 735.2012839634026 and parameters: {'learning_rate': 0.007813707187020107, 'feature_fraction': 0.564695879860103, 'bagging_fraction': 0.7342853494681346, 'bagging_freq': 1, 'num_leaves': 8, 'min_data_in_leaf': 12, 'extra_trees': False, 'min_data_per_group': 41, 'cat_l2': 0.2696968753293114, 'cat_smooth': 3.5527304838640834, 'max_cat_to_onehot': 16, 'lambda_l1': 0.7164396710704671, 'lambda_l2': 1.4080323635409047}. Best is trial 21 with value: 728.1407134318907.
Trial 25 finished with value: 732.9361967233199 and parameters: {'learning_rate': 0.018181109360700297, 'feature_fraction': 0.4267265982383204, 'bagging_fraction': 0.8034443742698839, 'bagging_freq': 1, 'num_leaves': 4, 'min_data_in_leaf': 32, 'extra_trees': False, 'min_data_per_group': 9, 'cat_l2': 1.0310651440625496, 'cat_smooth': 0.5202653720409472, 'max_cat_to_onehot': 9, 'lambda_l1': 0.978786855824797, 'lambda_l2': 1.620538792592097}. Best is trial 21 with value: 728.1407134318907.
Optuna Search Completed in: 58.01 seconds

Training final model on optimized parameter setup...

[LIGHTGBM FINALIZED METRICS]
Optimal Trees:         625
RMSE:             759.1344 (Delta to TabPFN: +31.5530)
R2_Score:             0.8602 (Delta to TabPFN: -0.0114)
Final Train Time:      0.26 seconds (0.2107s per 1K)
Final Infer Time:      0.00 seconds (0.0091s per 1K)

--- LIGHTGBM Feature Importance (Raw vs. Scaled Share) ---
Feature | Raw gain | Share
age_in_days | 44959521871.59 | 49.82%
km | 36633580065.78 | 40.59%
lat | 3002407980.20 | 3.33%
lon | 2850523561.79 | 3.16%
model | 2134587734.00 | 2.37%
engine_power | 533992747.00 | 0.59%
previous_owners | 127662427.35 | 0.14%

=====================================================================
METRIC TYPE                                  | VALUE / PROFILE
=====================================================================
Embedding Share                              | 0.00%
Raw Feature Share                            | 100.00%
---------------------------------------------------------------------
Active Text Embedding Density                | 0.00% (0/0)
Active Raw Tabular Feature Density           | 100.00% (7/7)
---------------------------------------------------------------------
Top-5 Concentration Ratio (CR5)              | 99.27% of total decision weight
Top-10 Concentration Ratio (CR10)            | 100.00% of total decision weight
=====================================================================

Total Pipeline Execution Time: 59.80 seconds

[SUCCESS] Permanent artifacts safely written to 'outputs/training-1/'
[W&B] Artifacts and localized metrics logged successfully for another-dataset-on-used-fiat-500_raw-only_lightgbm
