[W&B] Child process started for job: concrete_compressive_strength_combined_catboost in group session-training-3
Loading archive 'archives/concrete_compressive_strength.npz' and initializing pipeline for target: CATBOOST...
Execution Mode: COMBINED
Session Output Target: outputs/training-3/
Task Type: REGRESSION
TabPFN Baselines Loaded - Primary: 3.1552 | Secondary: 0.9640
PCA reduced text embeddings to 78 components.
Final training matrix shape assembled for COMBINED: (824, 86)

Running 26-Trial Optuna Study for CATBOOST (COMBINED)...
A new study created in RDB with name: 20260624_160119_concrete_compressive_strength_combined_catboost
Trial 0 finished with value: 6.545059596070842 and parameters: {}. Best is trial 0 with value: 6.545059596070842.
Trial 1 finished with value: 4.357174534302413 and parameters: {'learning_rate': 0.015355286838886862, 'bootstrap_type': 'Bernoulli', 'subsample': 0.9852142919229748, 'grow_policy': 'SymmetricTree', 'depth': 4, 'colsample_bylevel': 0.8733991780504303, 'l2_leaf_reg': 0.00018747059221802545, 'leaf_estimation_iterations': 12, 'one_hot_max_size': 36, 'model_size_reg': 0.6803900745073703, 'max_ctr_complexity': 2, 'boosting_type': 'Plain', 'max_bin': 254}. Best is trial 1 with value: 4.357174534302413.
Trial 2 finished with value: 4.529471156493062 and parameters: {'learning_rate': 0.09138013915892866, 'bootstrap_type': 'Bernoulli', 'subsample': 0.9497327922401265, 'grow_policy': 'SymmetricTree', 'depth': 4, 'colsample_bylevel': 0.8956363364439306, 'l2_leaf_reg': 0.02922905212920092, 'leaf_estimation_iterations': 2, 'one_hot_max_size': 16, 'model_size_reg': 0.5243180891902851, 'max_ctr_complexity': 2, 'boosting_type': 'Plain', 'max_bin': 254}. Best is trial 1 with value: 4.357174534302413.
Trial 3 finished with value: 4.268404848812879 and parameters: {'learning_rate': 0.011996621453406362, 'bootstrap_type': 'Bernoulli', 'subsample': 0.8099085529881075, 'grow_policy': 'Depthwise', 'depth': 4, 'colsample_bylevel': 0.9271351657620417, 'l2_leaf_reg': 0.06077686426194464, 'leaf_estimation_iterations': 1, 'one_hot_max_size': 36, 'model_size_reg': 0.15869086642715013, 'max_ctr_complexity': 2, 'boosting_type': 'Plain', 'max_bin': 254}. Best is trial 3 with value: 4.268404848812879.
Trial 4 finished with value: 4.549237772814971 and parameters: {'learning_rate': 0.08580222514877409, 'bootstrap_type': 'Bernoulli', 'subsample': 0.9896896099223678, 'grow_policy': 'SymmetricTree', 'depth': 4, 'colsample_bylevel': 0.9526349539768235, 'l2_leaf_reg': 0.011702088154220882, 'leaf_estimation_iterations': 1, 'one_hot_max_size': 27, 'model_size_reg': 0.10975998502129433, 'max_ctr_complexity': 5, 'boosting_type': 'Plain', 'max_bin': 254}. Best is trial 3 with value: 4.268404848812879.
Trial 5 finished with value: 4.385287093723963 and parameters: {'learning_rate': 0.010855517271883068, 'bootstrap_type': 'Bernoulli', 'subsample': 0.8987566853061946, 'grow_policy': 'Depthwise', 'depth': 6, 'colsample_bylevel': 0.877728168328829, 'l2_leaf_reg': 3.597899951374983, 'leaf_estimation_iterations': 9, 'one_hot_max_size': 86, 'model_size_reg': 1.128232550122133, 'max_ctr_complexity': 4, 'boosting_type': 'Plain', 'max_bin': 254}. Best is trial 3 with value: 4.268404848812879.
Trial 6 finished with value: 4.397052352433211 and parameters: {'learning_rate': 0.07913270952323785, 'bootstrap_type': 'Bernoulli', 'subsample': 0.7265477506155759, 'grow_policy': 'SymmetricTree', 'depth': 5, 'colsample_bylevel': 0.9083015934534223, 'l2_leaf_reg': 0.001883913511943895, 'leaf_estimation_iterations': 11, 'one_hot_max_size': 19, 'model_size_reg': 0.21399549030176218, 'max_ctr_complexity': 4, 'boosting_type': 'Plain', 'max_bin': 254}. Best is trial 3 with value: 4.268404848812879.
Trial 7 finished with value: 4.654278825141132 and parameters: {'learning_rate': 0.007626348515257587, 'bootstrap_type': 'Bernoulli', 'subsample': 0.9406590942262119, 'grow_policy': 'Depthwise', 'depth': 7, 'colsample_bylevel': 0.8798073522301258, 'l2_leaf_reg': 0.00010615690854925657, 'leaf_estimation_iterations': 10, 'one_hot_max_size': 47, 'model_size_reg': 0.7200770311577639, 'max_ctr_complexity': 5, 'boosting_type': 'Plain', 'max_bin': 254}. Best is trial 3 with value: 4.268404848812879.
Trial 8 finished with value: 4.7155027603574995 and parameters: {'learning_rate': 0.006241720498669827, 'bootstrap_type': 'Bernoulli', 'subsample': 0.8075397185632818, 'grow_policy': 'Depthwise', 'depth': 7, 'colsample_bylevel': 0.8996347037278973, 'l2_leaf_reg': 0.00019891099118865958, 'leaf_estimation_iterations': 2, 'one_hot_max_size': 17, 'model_size_reg': 0.7212460519889856, 'max_ctr_complexity': 4, 'boosting_type': 'Plain', 'max_bin': 254}. Best is trial 3 with value: 4.268404848812879.
Trial 9 finished with value: 5.028998436449915 and parameters: {'learning_rate': 0.07132805718188966, 'bootstrap_type': 'Bernoulli', 'subsample': 0.8416644775485848, 'grow_policy': 'Depthwise', 'depth': 7, 'colsample_bylevel': 0.9341915796354244, 'l2_leaf_reg': 0.4195190175255899, 'leaf_estimation_iterations': 3, 'one_hot_max_size': 29, 'model_size_reg': 0.318293122389662, 'max_ctr_complexity': 2, 'boosting_type': 'Plain', 'max_bin': 254}. Best is trial 3 with value: 4.268404848812879.
Trial 10 finished with value: 5.295348249001925 and parameters: {'learning_rate': 0.02632754856303217, 'bootstrap_type': 'Bernoulli', 'subsample': 0.701799154886745, 'grow_policy': 'Depthwise', 'depth': 8, 'colsample_bylevel': 0.9947167472260312, 'l2_leaf_reg': 0.17516619421446947, 'leaf_estimation_iterations': 1, 'one_hot_max_size': 8, 'model_size_reg': 0.11492914573793168, 'max_ctr_complexity': 3, 'boosting_type': 'Plain', 'max_bin': 254}. Best is trial 3 with value: 4.268404848812879.
Trial 11 finished with value: 4.308656776285584 and parameters: {'learning_rate': 0.015753387726212563, 'bootstrap_type': 'Bernoulli', 'subsample': 0.7979239426070239, 'grow_policy': 'SymmetricTree', 'depth': 4, 'colsample_bylevel': 0.8601730401643931, 'l2_leaf_reg': 0.0017481163980583247, 'leaf_estimation_iterations': 19, 'one_hot_max_size': 51, 'model_size_reg': 0.2204948892099201, 'max_ctr_complexity': 2, 'boosting_type': 'Plain', 'max_bin': 254}. Best is trial 3 with value: 4.268404848812879.
Trial 12 finished with value: 4.313053529094942 and parameters: {'learning_rate': 0.020334499458120252, 'bootstrap_type': 'Bernoulli', 'subsample': 0.7811858575604234, 'grow_policy': 'SymmetricTree', 'depth': 5, 'colsample_bylevel': 0.8541922776832994, 'l2_leaf_reg': 0.002859945715985297, 'leaf_estimation_iterations': 5, 'one_hot_max_size': 65, 'model_size_reg': 0.20744925311840962, 'max_ctr_complexity': 3, 'boosting_type': 'Plain', 'max_bin': 254}. Best is trial 3 with value: 4.268404848812879.
Trial 13 finished with value: 4.317846619465455 and parameters: {'learning_rate': 0.027532708516903086, 'bootstrap_type': 'Bernoulli', 'subsample': 0.8463664784189642, 'grow_policy': 'Depthwise', 'depth': 5, 'colsample_bylevel': 0.9636007742720188, 'l2_leaf_reg': 0.10697993006690087, 'leaf_estimation_iterations': 18, 'one_hot_max_size': 54, 'model_size_reg': 0.20881565191192614, 'max_ctr_complexity': 3, 'boosting_type': 'Plain', 'max_bin': 254}. Best is trial 3 with value: 4.268404848812879.
Trial 14 finished with value: 4.330417773174671 and parameters: {'learning_rate': 0.012034057135110266, 'bootstrap_type': 'Bernoulli', 'subsample': 0.7624841225940271, 'grow_policy': 'SymmetricTree', 'depth': 4, 'colsample_bylevel': 0.9241667179579247, 'l2_leaf_reg': 0.006439679936871292, 'leaf_estimation_iterations': 5, 'one_hot_max_size': 93, 'model_size_reg': 0.32462778233459855, 'max_ctr_complexity': 2, 'boosting_type': 'Plain', 'max_bin': 254}. Best is trial 3 with value: 4.268404848812879.
Trial 15 finished with value: 4.408552481473239 and parameters: {'learning_rate': 0.04415017166722884, 'bootstrap_type': 'Bernoulli', 'subsample': 0.8563310824892957, 'grow_policy': 'SymmetricTree', 'depth': 5, 'colsample_bylevel': 0.8507110179479633, 'l2_leaf_reg': 0.0009649417649234434, 'leaf_estimation_iterations': 1, 'one_hot_max_size': 38, 'model_size_reg': 0.15862413474372106, 'max_ctr_complexity': 2, 'boosting_type': 'Plain', 'max_bin': 254}. Best is trial 3 with value: 4.268404848812879.
Trial 16 finished with value: 4.48555915887787 and parameters: {'learning_rate': 0.005041462745872785, 'bootstrap_type': 'Bernoulli', 'subsample': 0.8024650284806477, 'grow_policy': 'Depthwise', 'depth': 4, 'colsample_bylevel': 0.9950571306332299, 'l2_leaf_reg': 1.2556849320310421, 'leaf_estimation_iterations': 5, 'one_hot_max_size': 66, 'model_size_reg': 0.32575658412201763, 'max_ctr_complexity': 3, 'boosting_type': 'Plain', 'max_bin': 254}. Best is trial 3 with value: 4.268404848812879.
Trial 17 finished with value: 4.3279285058974235 and parameters: {'learning_rate': 0.010007918752186118, 'bootstrap_type': 'Bernoulli', 'subsample': 0.7525255121737926, 'grow_policy': 'SymmetricTree', 'depth': 6, 'colsample_bylevel': 0.9739071074276635, 'l2_leaf_reg': 0.039732991402858436, 'leaf_estimation_iterations': 2, 'one_hot_max_size': 23, 'model_size_reg': 0.15748206109657623, 'max_ctr_complexity': 2, 'boosting_type': 'Plain', 'max_bin': 254}. Best is trial 3 with value: 4.268404848812879.
Trial 18 finished with value: 4.28407973944492 and parameters: {'learning_rate': 0.016963336704513762, 'bootstrap_type': 'Bernoulli', 'subsample': 0.8798608855346057, 'grow_policy': 'Depthwise', 'depth': 5, 'colsample_bylevel': 0.9358595091451619, 'l2_leaf_reg': 0.0008201688600278081, 'leaf_estimation_iterations': 20, 'one_hot_max_size': 13, 'model_size_reg': 0.4257650150846379, 'max_ctr_complexity': 3, 'boosting_type': 'Plain', 'max_bin': 254}. Best is trial 3 with value: 4.268404848812879.
Trial 19 finished with value: 4.439955544840645 and parameters: {'learning_rate': 0.03266540548786146, 'bootstrap_type': 'Bernoulli', 'subsample': 0.8851509006897812, 'grow_policy': 'Depthwise', 'depth': 6, 'colsample_bylevel': 0.9326586915869293, 'l2_leaf_reg': 0.0004511746321487734, 'leaf_estimation_iterations': 1, 'one_hot_max_size': 10, 'model_size_reg': 1.4751962929798974, 'max_ctr_complexity': 3, 'boosting_type': 'Plain', 'max_bin': 254}. Best is trial 3 with value: 4.268404848812879.
Trial 20 finished with value: 4.442410839926056 and parameters: {'learning_rate': 0.04479359316524599, 'bootstrap_type': 'Bernoulli', 'subsample': 0.9009360187501729, 'grow_policy': 'Depthwise', 'depth': 5, 'colsample_bylevel': 0.9483394204378444, 'l2_leaf_reg': 0.023530829884637113, 'leaf_estimation_iterations': 3, 'one_hot_max_size': 11, 'model_size_reg': 0.4868402247416911, 'max_ctr_complexity': 3, 'boosting_type': 'Plain', 'max_bin': 254}. Best is trial 3 with value: 4.268404848812879.
Trial 21 finished with value: 4.276834225391289 and parameters: {'learning_rate': 0.01693061509880122, 'bootstrap_type': 'Bernoulli', 'subsample': 0.8167867026547497, 'grow_policy': 'Depthwise', 'depth': 4, 'colsample_bylevel': 0.9161385551792433, 'l2_leaf_reg': 0.000910431759100045, 'leaf_estimation_iterations': 18, 'one_hot_max_size': 41, 'model_size_reg': 0.26581601218058976, 'max_ctr_complexity': 2, 'boosting_type': 'Plain', 'max_bin': 254}. Best is trial 3 with value: 4.268404848812879.
Trial 22 finished with value: 4.293808719548971 and parameters: {'learning_rate': 0.017251446805152528, 'bootstrap_type': 'Bernoulli', 'subsample': 0.8277798024589611, 'grow_policy': 'Depthwise', 'depth': 5, 'colsample_bylevel': 0.9191765133654268, 'l2_leaf_reg': 0.004686777722903644, 'leaf_estimation_iterations': 20, 'one_hot_max_size': 14, 'model_size_reg': 0.2819992754482152, 'max_ctr_complexity': 2, 'boosting_type': 'Plain', 'max_bin': 254}. Best is trial 3 with value: 4.268404848812879.
Trial 23 finished with value: 4.345271147528592 and parameters: {'learning_rate': 0.008275258164811727, 'bootstrap_type': 'Bernoulli', 'subsample': 0.8726651573896489, 'grow_policy': 'Depthwise', 'depth': 4, 'colsample_bylevel': 0.9416533222824036, 'l2_leaf_reg': 0.000822972039488031, 'leaf_estimation_iterations': 7, 'one_hot_max_size': 34, 'model_size_reg': 0.467423303632269, 'max_ctr_complexity': 3, 'boosting_type': 'Plain', 'max_bin': 254}. Best is trial 3 with value: 4.268404848812879.
Trial 24 finished with value: 4.348388942380373 and parameters: {'learning_rate': 0.020936186328751282, 'bootstrap_type': 'Bernoulli', 'subsample': 0.9280047939099944, 'grow_policy': 'Depthwise', 'depth': 5, 'colsample_bylevel': 0.9146170736438447, 'l2_leaf_reg': 0.0003915702668233953, 'leaf_estimation_iterations': 14, 'one_hot_max_size': 22, 'model_size_reg': 0.14344603189815522, 'max_ctr_complexity': 4, 'boosting_type': 'Plain', 'max_bin': 254}. Best is trial 3 with value: 4.268404848812879.
Trial 25 finished with value: 4.306836099222096 and parameters: {'learning_rate': 0.013504359695753169, 'bootstrap_type': 'Bernoulli', 'subsample': 0.8226775972650134, 'grow_policy': 'Depthwise', 'depth': 4, 'colsample_bylevel': 0.8967233656850015, 'l2_leaf_reg': 0.009825631002917284, 'leaf_estimation_iterations': 7, 'one_hot_max_size': 44, 'model_size_reg': 0.3890123209656707, 'max_ctr_complexity': 2, 'boosting_type': 'Plain', 'max_bin': 254}. Best is trial 3 with value: 4.268404848812879.
Optuna Search Completed in: 842.13 seconds

Training final model on optimized parameter setup...

[CATBOOST FINALIZED METRICS]
Optimal Trees:         1000
RMSE:             3.4566 (Delta to TabPFN: +0.3014)
R2_Score:             0.9568 (Delta to TabPFN: -0.0072)
Final Train Time:      2.26 seconds (2.7427s per 1K)
Final Infer Time:      0.01 seconds (0.0269s per 1K)

--- CATBOOST Feature Importance (Raw vs. Scaled Share) ---
Feature | Raw gain | Share
pca_embed_0 | 63.85 | 63.85%
pca_embed_1 | 13.84 | 13.84%
pca_embed_2 | 10.15 | 10.15%
pca_embed_4 | 2.06 | 2.06%
pca_embed_3 | 1.55 | 1.55%
Age | 1.38 | 1.38%
Cement | 0.61 | 0.61%
pca_embed_6 | 0.44 | 0.44%
pca_embed_5 | 0.34 | 0.34%
Water | 0.30 | 0.30%
CoarseAggregate | 0.29 | 0.29%
pca_embed_7 | 0.27 | 0.27%
pca_embed_48 | 0.16 | 0.16%
pca_embed_15 | 0.15 | 0.15%
pca_embed_16 | 0.13 | 0.13%
pca_embed_11 | 0.12 | 0.12%
pca_embed_63 | 0.12 | 0.12%
pca_embed_65 | 0.12 | 0.12%
pca_embed_38 | 0.12 | 0.12%
pca_embed_61 | 0.11 | 0.11%
pca_embed_36 | 0.11 | 0.11%
FlyAsh | 0.11 | 0.11%
pca_embed_24 | 0.10 | 0.10%
pca_embed_34 | 0.10 | 0.10%
Superplasticizer | 0.10 | 0.10%
pca_embed_41 | 0.09 | 0.09%
pca_embed_70 | 0.09 | 0.09%
pca_embed_66 | 0.09 | 0.09%
pca_embed_18 | 0.09 | 0.09%
pca_embed_62 | 0.08 | 0.08%
pca_embed_54 | 0.08 | 0.08%
pca_embed_49 | 0.08 | 0.08%
pca_embed_60 | 0.08 | 0.08%
pca_embed_31 | 0.08 | 0.08%
pca_embed_55 | 0.07 | 0.07%
pca_embed_64 | 0.07 | 0.07%
pca_embed_59 | 0.07 | 0.07%
pca_embed_52 | 0.07 | 0.07%
pca_embed_12 | 0.07 | 0.07%
pca_embed_72 | 0.07 | 0.07%
pca_embed_17 | 0.07 | 0.07%
pca_embed_33 | 0.07 | 0.07%
pca_embed_30 | 0.06 | 0.06%
pca_embed_20 | 0.06 | 0.06%
pca_embed_8 | 0.06 | 0.06%
pca_embed_9 | 0.06 | 0.06%
pca_embed_69 | 0.06 | 0.06%
pca_embed_71 | 0.06 | 0.06%
pca_embed_56 | 0.06 | 0.06%
pca_embed_14 | 0.06 | 0.06%
pca_embed_35 | 0.06 | 0.06%
pca_embed_32 | 0.06 | 0.06%
pca_embed_57 | 0.06 | 0.06%
pca_embed_13 | 0.06 | 0.06%
pca_embed_75 | 0.06 | 0.06%
pca_embed_45 | 0.05 | 0.05%
pca_embed_25 | 0.05 | 0.05%
pca_embed_22 | 0.05 | 0.05%
pca_embed_46 | 0.05 | 0.05%
pca_embed_10 | 0.05 | 0.05%
pca_embed_43 | 0.05 | 0.05%
pca_embed_68 | 0.05 | 0.05%
pca_embed_44 | 0.05 | 0.05%
pca_embed_21 | 0.05 | 0.05%
pca_embed_51 | 0.05 | 0.05%
pca_embed_40 | 0.05 | 0.05%
pca_embed_29 | 0.05 | 0.05%
pca_embed_39 | 0.04 | 0.04%
BlastFurnaceSlag | 0.04 | 0.04%
FineAggregate | 0.04 | 0.04%
pca_embed_77 | 0.04 | 0.04%
pca_embed_19 | 0.04 | 0.04%
pca_embed_53 | 0.04 | 0.04%
pca_embed_42 | 0.04 | 0.04%
pca_embed_73 | 0.04 | 0.04%
pca_embed_28 | 0.04 | 0.04%
pca_embed_37 | 0.04 | 0.04%
pca_embed_27 | 0.04 | 0.04%
pca_embed_58 | 0.04 | 0.04%
pca_embed_26 | 0.03 | 0.03%
pca_embed_50 | 0.03 | 0.03%
pca_embed_47 | 0.03 | 0.03%
pca_embed_74 | 0.03 | 0.03%
pca_embed_23 | 0.03 | 0.03%
pca_embed_67 | 0.02 | 0.02%
pca_embed_76 | 0.02 | 0.02%

=====================================================================
METRIC TYPE                                  | VALUE / PROFILE
=====================================================================
Embedding Share                              | 97.13%
Raw Feature Share                            | 2.87%
---------------------------------------------------------------------
Active Text Embedding Density                | 100.00% (78/78)
Active Raw Tabular Feature Density           | 100.00% (8/8)
---------------------------------------------------------------------
Top-5 Concentration Ratio (CR5)              | 91.44% of total decision weight
Top-10 Concentration Ratio (CR10)            | 94.50% of total decision weight
=====================================================================

Total Pipeline Execution Time: 846.23 seconds

[SUCCESS] Permanent artifacts safely written to 'outputs/training-3/'
[W&B] Artifacts and localized metrics logged successfully for concrete_compressive_strength_combined_catboost
