[W&B] Child process started for job: diabetes_combined_catboost in group session-training-4
Loading archive 'archives/diabetes.npz' and initializing pipeline for target: CATBOOST...
Execution Mode: COMBINED
Session Output Target: outputs/training-4/
Task Type: BINARY
TabPFN Baselines Loaded - Primary: 0.1320 | Secondary: 0.7597
PCA reduced text embeddings to 32 components.
Final training matrix shape assembled for COMBINED: (614, 40)

Running 26-Trial Optuna Study for CATBOOST (COMBINED)...
A new study created in RDB with name: 20260624_155548_diabetes_combined_catboost
Trial 0 finished with value: 0.19055911680911675 and parameters: {}. Best is trial 0 with value: 0.19055911680911675.
Trial 1 finished with value: 0.19089387464387464 and parameters: {'learning_rate': 0.015355286838886862, 'bootstrap_type': 'Bernoulli', 'subsample': 0.9852142919229748, 'grow_policy': 'SymmetricTree', 'depth': 4, 'colsample_bylevel': 0.8733991780504303, 'l2_leaf_reg': 0.00018747059221802545, 'leaf_estimation_iterations': 12, 'one_hot_max_size': 36, 'model_size_reg': 0.6803900745073703, 'max_ctr_complexity': 2, 'boosting_type': 'Plain', 'max_bin': 254}. Best is trial 0 with value: 0.19055911680911675.
Trial 2 finished with value: 0.20023860398860394 and parameters: {'learning_rate': 0.09138013915892866, 'bootstrap_type': 'Bernoulli', 'subsample': 0.9497327922401265, 'grow_policy': 'SymmetricTree', 'depth': 4, 'colsample_bylevel': 0.8956363364439306, 'l2_leaf_reg': 0.02922905212920092, 'leaf_estimation_iterations': 2, 'one_hot_max_size': 16, 'model_size_reg': 0.5243180891902851, 'max_ctr_complexity': 2, 'boosting_type': 'Plain', 'max_bin': 254}. Best is trial 0 with value: 0.19055911680911675.
Trial 3 finished with value: 0.18784188034188043 and parameters: {'learning_rate': 0.011996621453406362, 'bootstrap_type': 'Bernoulli', 'subsample': 0.8099085529881075, 'grow_policy': 'Depthwise', 'depth': 4, 'colsample_bylevel': 0.9271351657620417, 'l2_leaf_reg': 0.06077686426194464, 'leaf_estimation_iterations': 1, 'one_hot_max_size': 36, 'model_size_reg': 0.15869086642715013, 'max_ctr_complexity': 2, 'boosting_type': 'Plain', 'max_bin': 254}. Best is trial 3 with value: 0.18784188034188043.
Trial 4 finished with value: 0.19843304843304843 and parameters: {'learning_rate': 0.08580222514877409, 'bootstrap_type': 'Bernoulli', 'subsample': 0.9896896099223678, 'grow_policy': 'SymmetricTree', 'depth': 4, 'colsample_bylevel': 0.9526349539768235, 'l2_leaf_reg': 0.011702088154220882, 'leaf_estimation_iterations': 1, 'one_hot_max_size': 27, 'model_size_reg': 0.10975998502129433, 'max_ctr_complexity': 5, 'boosting_type': 'Plain', 'max_bin': 254}. Best is trial 3 with value: 0.18784188034188043.
Trial 5 finished with value: 0.18449786324786321 and parameters: {'learning_rate': 0.010855517271883068, 'bootstrap_type': 'Bernoulli', 'subsample': 0.8987566853061946, 'grow_policy': 'Depthwise', 'depth': 6, 'colsample_bylevel': 0.877728168328829, 'l2_leaf_reg': 3.597899951374983, 'leaf_estimation_iterations': 9, 'one_hot_max_size': 86, 'model_size_reg': 1.128232550122133, 'max_ctr_complexity': 4, 'boosting_type': 'Plain', 'max_bin': 254}. Best is trial 5 with value: 0.18449786324786321.
Trial 6 finished with value: 0.20576923076923082 and parameters: {'learning_rate': 0.07913270952323785, 'bootstrap_type': 'Bernoulli', 'subsample': 0.7265477506155759, 'grow_policy': 'SymmetricTree', 'depth': 5, 'colsample_bylevel': 0.9083015934534223, 'l2_leaf_reg': 0.001883913511943895, 'leaf_estimation_iterations': 11, 'one_hot_max_size': 19, 'model_size_reg': 0.21399549030176218, 'max_ctr_complexity': 4, 'boosting_type': 'Plain', 'max_bin': 254}. Best is trial 5 with value: 0.18449786324786321.
Trial 7 finished with value: 0.19265669515669515 and parameters: {'learning_rate': 0.007626348515257587, 'bootstrap_type': 'Bernoulli', 'subsample': 0.9406590942262119, 'grow_policy': 'Depthwise', 'depth': 7, 'colsample_bylevel': 0.8798073522301258, 'l2_leaf_reg': 0.00010615690854925657, 'leaf_estimation_iterations': 10, 'one_hot_max_size': 47, 'model_size_reg': 0.7200770311577639, 'max_ctr_complexity': 5, 'boosting_type': 'Plain', 'max_bin': 254}. Best is trial 5 with value: 0.18449786324786321.
Trial 8 finished with value: 0.182724358974359 and parameters: {'learning_rate': 0.006241720498669827, 'bootstrap_type': 'Bernoulli', 'subsample': 0.8075397185632818, 'grow_policy': 'Depthwise', 'depth': 7, 'colsample_bylevel': 0.8996347037278973, 'l2_leaf_reg': 0.00019891099118865958, 'leaf_estimation_iterations': 2, 'one_hot_max_size': 17, 'model_size_reg': 0.7212460519889856, 'max_ctr_complexity': 4, 'boosting_type': 'Plain', 'max_bin': 254}. Best is trial 8 with value: 0.182724358974359.
Trial 9 finished with value: 0.1942307692307691 and parameters: {'learning_rate': 0.07132805718188966, 'bootstrap_type': 'Bernoulli', 'subsample': 0.8416644775485848, 'grow_policy': 'Depthwise', 'depth': 7, 'colsample_bylevel': 0.9341915796354244, 'l2_leaf_reg': 0.4195190175255899, 'leaf_estimation_iterations': 3, 'one_hot_max_size': 29, 'model_size_reg': 0.318293122389662, 'max_ctr_complexity': 2, 'boosting_type': 'Plain', 'max_bin': 254}. Best is trial 8 with value: 0.182724358974359.
Trial 10 finished with value: 0.19639245014245021 and parameters: {'learning_rate': 0.030271331966456122, 'bootstrap_type': 'Bernoulli', 'subsample': 0.701799154886745, 'grow_policy': 'Depthwise', 'depth': 8, 'colsample_bylevel': 0.9942230638674576, 'l2_leaf_reg': 0.0025843128549611844, 'leaf_estimation_iterations': 4, 'one_hot_max_size': 8, 'model_size_reg': 1.3207438549980748, 'max_ctr_complexity': 3, 'boosting_type': 'Plain', 'max_bin': 254}. Best is trial 8 with value: 0.182724358974359.
Trial 11 finished with value: 0.18531339031339034 and parameters: {'learning_rate': 0.005160968868344048, 'bootstrap_type': 'Bernoulli', 'subsample': 0.8633100588308208, 'grow_policy': 'Depthwise', 'depth': 6, 'colsample_bylevel': 0.8590619822699883, 'l2_leaf_reg': 2.4898729835966105, 'leaf_estimation_iterations': 5, 'one_hot_max_size': 99, 'model_size_reg': 1.2655561354454108, 'max_ctr_complexity': 4, 'boosting_type': 'Plain', 'max_bin': 254}. Best is trial 8 with value: 0.182724358974359.
Trial 12 finished with value: 0.18158831908831907 and parameters: {'learning_rate': 0.012940395513776229, 'bootstrap_type': 'Bernoulli', 'subsample': 0.772242381250273, 'grow_policy': 'Depthwise', 'depth': 6, 'colsample_bylevel': 0.898227943447388, 'l2_leaf_reg': 3.8935651542805925, 'leaf_estimation_iterations': 20, 'one_hot_max_size': 99, 'model_size_reg': 0.9638906978134099, 'max_ctr_complexity': 4, 'boosting_type': 'Plain', 'max_bin': 254}. Best is trial 12 with value: 0.18158831908831907.
Trial 13 finished with value: 0.19003205128205125 and parameters: {'learning_rate': 0.02331769225743145, 'bootstrap_type': 'Bernoulli', 'subsample': 0.7761169251151101, 'grow_policy': 'Depthwise', 'depth': 7, 'colsample_bylevel': 0.9101433954523066, 'l2_leaf_reg': 0.18075785131930827, 'leaf_estimation_iterations': 18, 'one_hot_max_size': 8, 'model_size_reg': 0.43921962859310926, 'max_ctr_complexity': 3, 'boosting_type': 'Plain', 'max_bin': 254}. Best is trial 12 with value: 0.18158831908831907.
Trial 14 finished with value: 0.1838960113960113 and parameters: {'learning_rate': 0.005751144305360923, 'bootstrap_type': 'Bernoulli', 'subsample': 0.7716901036124854, 'grow_policy': 'Depthwise', 'depth': 6, 'colsample_bylevel': 0.9586094179074188, 'l2_leaf_reg': 0.0013665263921221252, 'leaf_estimation_iterations': 1, 'one_hot_max_size': 59, 'model_size_reg': 0.9305296977163441, 'max_ctr_complexity': 4, 'boosting_type': 'Plain', 'max_bin': 254}. Best is trial 12 with value: 0.18158831908831907.
Trial 15 finished with value: 0.18430911680911677 and parameters: {'learning_rate': 0.008414825237112877, 'bootstrap_type': 'Bernoulli', 'subsample': 0.7701675832449931, 'grow_policy': 'Depthwise', 'depth': 8, 'colsample_bylevel': 0.8507110179479633, 'l2_leaf_reg': 0.7757959394658933, 'leaf_estimation_iterations': 2, 'one_hot_max_size': 13, 'model_size_reg': 0.7911095647346524, 'max_ctr_complexity': 3, 'boosting_type': 'Plain', 'max_bin': 254}. Best is trial 12 with value: 0.18158831908831907.
Trial 16 finished with value: 0.19445868945868938 and parameters: {'learning_rate': 0.026671478257729787, 'bootstrap_type': 'Bernoulli', 'subsample': 0.8166307584359158, 'grow_policy': 'Depthwise', 'depth': 5, 'colsample_bylevel': 0.914881433984619, 'l2_leaf_reg': 0.0004794338440344329, 'leaf_estimation_iterations': 6, 'one_hot_max_size': 65, 'model_size_reg': 0.43171887056318564, 'max_ctr_complexity': 5, 'boosting_type': 'Plain', 'max_bin': 254}. Best is trial 12 with value: 0.18158831908831907.
Trial 17 finished with value: 0.190673076923077 and parameters: {'learning_rate': 0.017227554434242887, 'bootstrap_type': 'Bernoulli', 'subsample': 0.7525255121737926, 'grow_policy': 'Depthwise', 'depth': 7, 'colsample_bylevel': 0.8919997094316447, 'l2_leaf_reg': 0.008312831780675108, 'leaf_estimation_iterations': 2, 'one_hot_max_size': 12, 'model_size_reg': 0.5859383891020135, 'max_ctr_complexity': 4, 'boosting_type': 'Plain', 'max_bin': 254}. Best is trial 12 with value: 0.18158831908831907.
Trial 18 finished with value: 0.20116096866096855 and parameters: {'learning_rate': 0.040964350810976005, 'bootstrap_type': 'Bernoulli', 'subsample': 0.8084308011932392, 'grow_policy': 'Depthwise', 'depth': 5, 'colsample_bylevel': 0.9470211998528004, 'l2_leaf_reg': 0.09578245059864886, 'leaf_estimation_iterations': 20, 'one_hot_max_size': 26, 'model_size_reg': 0.3103039908403339, 'max_ctr_complexity': 3, 'boosting_type': 'Plain', 'max_bin': 254}. Best is trial 12 with value: 0.18158831908831907.
Trial 19 finished with value: 0.18422720797720804 and parameters: {'learning_rate': 0.008144309940193327, 'bootstrap_type': 'Bernoulli', 'subsample': 0.8558866315111868, 'grow_policy': 'SymmetricTree', 'depth': 6, 'colsample_bylevel': 0.9892154302349309, 'l2_leaf_reg': 0.8719578110698722, 'leaf_estimation_iterations': 1, 'one_hot_max_size': 20, 'model_size_reg': 1.0101970844260741, 'max_ctr_complexity': 5, 'boosting_type': 'Plain', 'max_bin': 254}. Best is trial 12 with value: 0.18158831908831907.
Trial 20 finished with value: 0.18407763532763532 and parameters: {'learning_rate': 0.012279224833824346, 'bootstrap_type': 'Bernoulli', 'subsample': 0.8800271389666965, 'grow_policy': 'Depthwise', 'depth': 8, 'colsample_bylevel': 0.896432278371712, 'l2_leaf_reg': 0.009047230608193669, 'leaf_estimation_iterations': 7, 'one_hot_max_size': 73, 'model_size_reg': 0.8769111197192543, 'max_ctr_complexity': 4, 'boosting_type': 'Plain', 'max_bin': 254}. Best is trial 12 with value: 0.18158831908831907.
Trial 21 finished with value: 0.18430911680911677 and parameters: {'learning_rate': 0.0059656164314314765, 'bootstrap_type': 'Bernoulli', 'subsample': 0.7853738256431316, 'grow_policy': 'Depthwise', 'depth': 6, 'colsample_bylevel': 0.9765036961773045, 'l2_leaf_reg': 0.001016734327592685, 'leaf_estimation_iterations': 1, 'one_hot_max_size': 55, 'model_size_reg': 1.431612154278977, 'max_ctr_complexity': 4, 'boosting_type': 'Plain', 'max_bin': 254}. Best is trial 12 with value: 0.18158831908831907.
Trial 22 finished with value: 0.18114316239316242 and parameters: {'learning_rate': 0.00654076340363262, 'bootstrap_type': 'Bernoulli', 'subsample': 0.7407454791765651, 'grow_policy': 'Depthwise', 'depth': 6, 'colsample_bylevel': 0.9635972149215041, 'l2_leaf_reg': 0.0003552364471797318, 'leaf_estimation_iterations': 1, 'one_hot_max_size': 100, 'model_size_reg': 0.9434013415891885, 'max_ctr_complexity': 4, 'boosting_type': 'Plain', 'max_bin': 254}. Best is trial 22 with value: 0.18114316239316242.
Trial 23 finished with value: 0.17953703703703716 and parameters: {'learning_rate': 0.0071592645266338045, 'bootstrap_type': 'Bernoulli', 'subsample': 0.738250436293813, 'grow_policy': 'Depthwise', 'depth': 7, 'colsample_bylevel': 0.9727784334069313, 'l2_leaf_reg': 0.00022214889870419735, 'leaf_estimation_iterations': 2, 'one_hot_max_size': 96, 'model_size_reg': 0.6003370253895982, 'max_ctr_complexity': 3, 'boosting_type': 'Plain', 'max_bin': 254}. Best is trial 23 with value: 0.17953703703703716.
Trial 24 finished with value: 0.17787393162393172 and parameters: {'learning_rate': 0.009146571702405395, 'bootstrap_type': 'Bernoulli', 'subsample': 0.7387425606944165, 'grow_policy': 'Depthwise', 'depth': 5, 'colsample_bylevel': 0.9710697278043372, 'l2_leaf_reg': 0.00043880459314909554, 'leaf_estimation_iterations': 3, 'one_hot_max_size': 98, 'model_size_reg': 0.5131143705149895, 'max_ctr_complexity': 3, 'boosting_type': 'Plain', 'max_bin': 254}. Best is trial 24 with value: 0.17787393162393172.
Trial 25 finished with value: 0.18631410256410263 and parameters: {'learning_rate': 0.009464431959846385, 'bootstrap_type': 'Bernoulli', 'subsample': 0.7349585577220541, 'grow_policy': 'Depthwise', 'depth': 5, 'colsample_bylevel': 0.9704945954526867, 'l2_leaf_reg': 0.0004805755520488868, 'leaf_estimation_iterations': 3, 'one_hot_max_size': 79, 'model_size_reg': 0.3386732350756154, 'max_ctr_complexity': 3, 'boosting_type': 'Plain', 'max_bin': 254}. Best is trial 24 with value: 0.17787393162393172.
Optuna Search Completed in: 174.58 seconds

Training final model on optimized parameter setup...

[CATBOOST FINALIZED METRICS]
Optimal Trees:         561
1-AUROC:             0.1559 (Delta to TabPFN: +0.0239)
Accuracy:             0.7792 (Delta to TabPFN: +0.0195)
Final Train Time:      1.16 seconds (1.8890s per 1K)
Final Infer Time:      0.00 seconds (0.0151s per 1K)

--- CATBOOST Feature Importance (Raw vs. Scaled Share) ---
Feature | Raw gain | Share
Glucose | 16.34 | 16.34%
BMI | 6.61 | 6.61%
Age | 4.38 | 4.38%
pca_embed_1 | 3.91 | 3.91%
pca_embed_8 | 3.72 | 3.72%
pca_embed_0 | 3.43 | 3.43%
DiabetesPedigreeFunction | 2.80 | 2.80%
pca_embed_20 | 2.48 | 2.48%
pca_embed_5 | 2.35 | 2.35%
pca_embed_2 | 2.30 | 2.30%
pca_embed_3 | 2.28 | 2.28%
pca_embed_21 | 2.20 | 2.20%
pca_embed_18 | 2.19 | 2.19%
pca_embed_6 | 2.06 | 2.06%
pca_embed_29 | 1.99 | 1.99%
pca_embed_26 | 1.97 | 1.97%
pca_embed_4 | 1.94 | 1.94%
pca_embed_7 | 1.94 | 1.94%
pca_embed_16 | 1.88 | 1.88%
pca_embed_9 | 1.85 | 1.85%
pca_embed_12 | 1.83 | 1.83%
Pregnancies | 1.83 | 1.83%
pca_embed_30 | 1.78 | 1.78%
pca_embed_19 | 1.74 | 1.74%
pca_embed_15 | 1.72 | 1.72%
pca_embed_17 | 1.71 | 1.71%
pca_embed_24 | 1.66 | 1.66%
pca_embed_25 | 1.65 | 1.65%
pca_embed_22 | 1.64 | 1.64%
pca_embed_11 | 1.59 | 1.59%
pca_embed_10 | 1.57 | 1.57%
pca_embed_23 | 1.55 | 1.55%
pca_embed_13 | 1.47 | 1.47%
Insulin | 1.47 | 1.47%
pca_embed_14 | 1.46 | 1.46%
BloodPressure | 1.44 | 1.44%
pca_embed_27 | 1.44 | 1.44%
pca_embed_28 | 1.39 | 1.39%
pca_embed_31 | 1.37 | 1.37%
SkinThickness | 1.10 | 1.10%

=====================================================================
METRIC TYPE                                  | VALUE / PROFILE
=====================================================================
Embedding Share                              | 64.05%
Raw Feature Share                            | 35.95%
---------------------------------------------------------------------
Active Text Embedding Density                | 100.00% (32/32)
Active Raw Tabular Feature Density           | 100.00% (8/8)
---------------------------------------------------------------------
Top-5 Concentration Ratio (CR5)              | 34.96% of total decision weight
Top-10 Concentration Ratio (CR10)            | 48.32% of total decision weight
=====================================================================

Total Pipeline Execution Time: 177.24 seconds

[SUCCESS] Permanent artifacts safely written to 'outputs/training-4/'
[W&B] Artifacts and localized metrics logged successfully for diabetes_combined_catboost
