[W&B] Child process started for job: amazon_employee_access_raw-only_catboost in group session-training-1
Loading archive 'archives/amazon_employee_access.npz' and initializing pipeline for target: CATBOOST...
Execution Mode: RAW-ONLY
Session Output Target: outputs/training-1/
Task Type: BINARY
TabPFN Baselines Loaded - Primary: 0.1468 | Secondary: 0.9490
PCA reduced text embeddings to 52 components.
Final training matrix shape assembled for RAW-ONLY: (26215, 9)

Running 26-Trial Optuna Study for CATBOOST (RAW-ONLY)...
A new study created in RDB with name: 20260624_004025_amazon_employee_access_raw-only_catboost
Trial 0 finished with value: 0.15980700594492603 and parameters: {}. Best is trial 0 with value: 0.15980700594492603.
Trial 1 finished with value: 0.1161894353825178 and parameters: {'learning_rate': 0.015355286838886862, 'bootstrap_type': 'Bernoulli', 'subsample': 0.9852142919229748, 'grow_policy': 'SymmetricTree', 'depth': 4, 'colsample_bylevel': 0.8733991780504303, 'l2_leaf_reg': 0.00018747059221802545, 'leaf_estimation_iterations': 12, 'one_hot_max_size': 36, 'model_size_reg': 0.6803900745073703, 'max_ctr_complexity': 2, 'boosting_type': 'Plain', 'max_bin': 254}. Best is trial 1 with value: 0.1161894353825178.
Trial 2 finished with value: 0.11145765693841403 and parameters: {'learning_rate': 0.09138013915892866, 'bootstrap_type': 'Bernoulli', 'subsample': 0.9497327922401265, 'grow_policy': 'SymmetricTree', 'depth': 4, 'colsample_bylevel': 0.8956363364439306, 'l2_leaf_reg': 0.02922905212920092, 'leaf_estimation_iterations': 2, 'one_hot_max_size': 16, 'model_size_reg': 0.5243180891902851, 'max_ctr_complexity': 2, 'boosting_type': 'Plain', 'max_bin': 254}. Best is trial 2 with value: 0.11145765693841403.
Trial 3 finished with value: 0.14461899051731486 and parameters: {'learning_rate': 0.011996621453406362, 'bootstrap_type': 'Bernoulli', 'subsample': 0.8099085529881075, 'grow_policy': 'Depthwise', 'depth': 4, 'colsample_bylevel': 0.9271351657620417, 'l2_leaf_reg': 0.06077686426194464, 'leaf_estimation_iterations': 1, 'one_hot_max_size': 36, 'model_size_reg': 0.15869086642715013, 'max_ctr_complexity': 2, 'boosting_type': 'Plain', 'max_bin': 254}. Best is trial 2 with value: 0.11145765693841403.
Trial 4 finished with value: 0.1085820914226211 and parameters: {'learning_rate': 0.08580222514877409, 'bootstrap_type': 'Bernoulli', 'subsample': 0.9896896099223678, 'grow_policy': 'SymmetricTree', 'depth': 4, 'colsample_bylevel': 0.9526349539768235, 'l2_leaf_reg': 0.011702088154220882, 'leaf_estimation_iterations': 1, 'one_hot_max_size': 27, 'model_size_reg': 0.10975998502129433, 'max_ctr_complexity': 5, 'boosting_type': 'Plain', 'max_bin': 254}. Best is trial 4 with value: 0.1085820914226211.
Trial 5 finished with value: 0.14118558056150265 and parameters: {'learning_rate': 0.010855517271883068, 'bootstrap_type': 'Bernoulli', 'subsample': 0.8987566853061946, 'grow_policy': 'Depthwise', 'depth': 6, 'colsample_bylevel': 0.877728168328829, 'l2_leaf_reg': 3.597899951374983, 'leaf_estimation_iterations': 9, 'one_hot_max_size': 86, 'model_size_reg': 1.128232550122133, 'max_ctr_complexity': 4, 'boosting_type': 'Plain', 'max_bin': 254}. Best is trial 4 with value: 0.1085820914226211.
Trial 6 finished with value: 0.11437659993129001 and parameters: {'learning_rate': 0.07913270952323785, 'bootstrap_type': 'Bernoulli', 'subsample': 0.7265477506155759, 'grow_policy': 'SymmetricTree', 'depth': 5, 'colsample_bylevel': 0.9083015934534223, 'l2_leaf_reg': 0.001883913511943895, 'leaf_estimation_iterations': 11, 'one_hot_max_size': 19, 'model_size_reg': 0.21399549030176218, 'max_ctr_complexity': 4, 'boosting_type': 'Plain', 'max_bin': 254}. Best is trial 4 with value: 0.1085820914226211.
Trial 7 finished with value: 0.1431722093759692 and parameters: {'learning_rate': 0.007626348515257587, 'bootstrap_type': 'Bernoulli', 'subsample': 0.9406590942262119, 'grow_policy': 'Depthwise', 'depth': 7, 'colsample_bylevel': 0.8798073522301258, 'l2_leaf_reg': 0.00010615690854925657, 'leaf_estimation_iterations': 10, 'one_hot_max_size': 47, 'model_size_reg': 0.7200770311577639, 'max_ctr_complexity': 5, 'boosting_type': 'Plain', 'max_bin': 254}. Best is trial 4 with value: 0.1085820914226211.
Trial 8 finished with value: 0.14090841452389802 and parameters: {'learning_rate': 0.006241720498669827, 'bootstrap_type': 'Bernoulli', 'subsample': 0.8075397185632818, 'grow_policy': 'Depthwise', 'depth': 7, 'colsample_bylevel': 0.8996347037278973, 'l2_leaf_reg': 0.00019891099118865958, 'leaf_estimation_iterations': 2, 'one_hot_max_size': 17, 'model_size_reg': 0.7212460519889856, 'max_ctr_complexity': 4, 'boosting_type': 'Plain', 'max_bin': 254}. Best is trial 4 with value: 0.1085820914226211.
Trial 9 finished with value: 0.13948948381583903 and parameters: {'learning_rate': 0.07132805718188966, 'bootstrap_type': 'Bernoulli', 'subsample': 0.8416644775485848, 'grow_policy': 'Depthwise', 'depth': 7, 'colsample_bylevel': 0.9341915796354244, 'l2_leaf_reg': 0.4195190175255899, 'leaf_estimation_iterations': 3, 'one_hot_max_size': 29, 'model_size_reg': 0.318293122389662, 'max_ctr_complexity': 2, 'boosting_type': 'Plain', 'max_bin': 254}. Best is trial 4 with value: 0.1085820914226211.
Trial 10 finished with value: 0.10721360246932565 and parameters: {'learning_rate': 0.034321113130611855, 'bootstrap_type': 'Bernoulli', 'subsample': 0.701799154886745, 'grow_policy': 'SymmetricTree', 'depth': 8, 'colsample_bylevel': 0.9960251846987156, 'l2_leaf_reg': 0.004741852087302937, 'leaf_estimation_iterations': 1, 'one_hot_max_size': 8, 'model_size_reg': 0.11435780773318148, 'max_ctr_complexity': 5, 'boosting_type': 'Plain', 'max_bin': 254}. Best is trial 10 with value: 0.10721360246932565.
Trial 11 finished with value: 0.10924695718184418 and parameters: {'learning_rate': 0.036695966425610134, 'bootstrap_type': 'Bernoulli', 'subsample': 0.7061529043360109, 'grow_policy': 'SymmetricTree', 'depth': 8, 'colsample_bylevel': 0.99449267934606, 'l2_leaf_reg': 0.00603023340415315, 'leaf_estimation_iterations': 1, 'one_hot_max_size': 8, 'model_size_reg': 0.10124160009401961, 'max_ctr_complexity': 5, 'boosting_type': 'Plain', 'max_bin': 254}. Best is trial 10 with value: 0.10721360246932565.
Trial 12 finished with value: 0.10787686727576618 and parameters: {'learning_rate': 0.035362804733525724, 'bootstrap_type': 'Bernoulli', 'subsample': 0.772242381250273, 'grow_policy': 'SymmetricTree', 'depth': 8, 'colsample_bylevel': 0.9905549992268511, 'l2_leaf_reg': 0.002814976915282134, 'leaf_estimation_iterations': 1, 'one_hot_max_size': 8, 'model_size_reg': 0.11380867009016345, 'max_ctr_complexity': 5, 'boosting_type': 'Plain', 'max_bin': 254}. Best is trial 10 with value: 0.10721360246932565.
Trial 13 finished with value: 0.10841724323448876 and parameters: {'learning_rate': 0.02790910698757208, 'bootstrap_type': 'Bernoulli', 'subsample': 0.7576948534719532, 'grow_policy': 'SymmetricTree', 'depth': 8, 'colsample_bylevel': 0.9995446543387643, 'l2_leaf_reg': 0.0011283551613015107, 'leaf_estimation_iterations': 1, 'one_hot_max_size': 8, 'model_size_reg': 0.17558114149174145, 'max_ctr_complexity': 5, 'boosting_type': 'Plain', 'max_bin': 254}. Best is trial 10 with value: 0.10721360246932565.
Trial 14 finished with value: 0.11453833818014914 and parameters: {'learning_rate': 0.03632491739148344, 'bootstrap_type': 'Bernoulli', 'subsample': 0.7497879138775224, 'grow_policy': 'SymmetricTree', 'depth': 8, 'colsample_bylevel': 0.9730708379780038, 'l2_leaf_reg': 0.0014857413731713866, 'leaf_estimation_iterations': 4, 'one_hot_max_size': 11, 'model_size_reg': 0.2753162913817534, 'max_ctr_complexity': 4, 'boosting_type': 'Plain', 'max_bin': 254}. Best is trial 10 with value: 0.10721360246932565.
Trial 15 finished with value: 0.10842735658710834 and parameters: {'learning_rate': 0.022313835168824455, 'bootstrap_type': 'Bernoulli', 'subsample': 0.7853692729409494, 'grow_policy': 'SymmetricTree', 'depth': 8, 'colsample_bylevel': 0.9727917492398599, 'l2_leaf_reg': 0.13906041440984798, 'leaf_estimation_iterations': 2, 'one_hot_max_size': 11, 'model_size_reg': 0.1315750924992059, 'max_ctr_complexity': 3, 'boosting_type': 'Plain', 'max_bin': 254}. Best is trial 10 with value: 0.10721360246932565.
Trial 16 finished with value: 0.10958706265064122 and parameters: {'learning_rate': 0.046690197585704564, 'bootstrap_type': 'Bernoulli', 'subsample': 0.8618292835423322, 'grow_policy': 'SymmetricTree', 'depth': 7, 'colsample_bylevel': 0.9793238616456406, 'l2_leaf_reg': 0.006151126055249891, 'leaf_estimation_iterations': 1, 'one_hot_max_size': 11, 'model_size_reg': 0.22333009560692518, 'max_ctr_complexity': 5, 'boosting_type': 'Plain', 'max_bin': 254}. Best is trial 10 with value: 0.10721360246932565.
Trial 17 finished with value: 0.1125516321917539 and parameters: {'learning_rate': 0.05099892737767782, 'bootstrap_type': 'Bernoulli', 'subsample': 0.7122934057056766, 'grow_policy': 'SymmetricTree', 'depth': 6, 'colsample_bylevel': 0.9639235854711397, 'l2_leaf_reg': 0.0005802115144907408, 'leaf_estimation_iterations': 5, 'one_hot_max_size': 8, 'model_size_reg': 0.1405190420522975, 'max_ctr_complexity': 4, 'boosting_type': 'Plain', 'max_bin': 254}. Best is trial 10 with value: 0.10721360246932565.
Trial 18 finished with value: 0.10786439685600013 and parameters: {'learning_rate': 0.019128265054335375, 'bootstrap_type': 'Bernoulli', 'subsample': 0.763785524124854, 'grow_policy': 'SymmetricTree', 'depth': 8, 'colsample_bylevel': 0.9514164963170597, 'l2_leaf_reg': 0.016543209017038832, 'leaf_estimation_iterations': 1, 'one_hot_max_size': 13, 'model_size_reg': 0.3416222830024623, 'max_ctr_complexity': 5, 'boosting_type': 'Plain', 'max_bin': 254}. Best is trial 10 with value: 0.10721360246932565.
Trial 19 finished with value: 0.11040125509492327 and parameters: {'learning_rate': 0.018915137025867522, 'bootstrap_type': 'Bernoulli', 'subsample': 0.7410734933656137, 'grow_policy': 'SymmetricTree', 'depth': 6, 'colsample_bylevel': 0.852253181743853, 'l2_leaf_reg': 0.3119236143289955, 'leaf_estimation_iterations': 2, 'one_hot_max_size': 14, 'model_size_reg': 0.4231530021247138, 'max_ctr_complexity': 3, 'boosting_type': 'Plain', 'max_bin': 254}. Best is trial 10 with value: 0.10721360246932565.
Trial 20 finished with value: 0.12323130419453698 and parameters: {'learning_rate': 0.025800079456462184, 'bootstrap_type': 'Bernoulli', 'subsample': 0.7024283469362109, 'grow_policy': 'SymmetricTree', 'depth': 7, 'colsample_bylevel': 0.9469570234623541, 'l2_leaf_reg': 0.023530829884637113, 'leaf_estimation_iterations': 18, 'one_hot_max_size': 24, 'model_size_reg': 1.288464091163862, 'max_ctr_complexity': 5, 'boosting_type': 'Plain', 'max_bin': 254}. Best is trial 10 with value: 0.10721360246932565.
Trial 21 finished with value: 0.10816725009614148 and parameters: {'learning_rate': 0.03474004512741149, 'bootstrap_type': 'Bernoulli', 'subsample': 0.7735221638433175, 'grow_policy': 'SymmetricTree', 'depth': 8, 'colsample_bylevel': 0.986340577591367, 'l2_leaf_reg': 0.004199464638951724, 'leaf_estimation_iterations': 1, 'one_hot_max_size': 12, 'model_size_reg': 0.3239719342063158, 'max_ctr_complexity': 5, 'boosting_type': 'Plain', 'max_bin': 254}. Best is trial 10 with value: 0.10721360246932565.
Trial 22 finished with value: 0.10958913010376348 and parameters: {'learning_rate': 0.05515710372644754, 'bootstrap_type': 'Bernoulli', 'subsample': 0.7816749633916292, 'grow_policy': 'SymmetricTree', 'depth': 8, 'colsample_bylevel': 0.9529935845740952, 'l2_leaf_reg': 0.017855272847198855, 'leaf_estimation_iterations': 1, 'one_hot_max_size': 9, 'model_size_reg': 0.18937341004778802, 'max_ctr_complexity': 5, 'boosting_type': 'Plain', 'max_bin': 254}. Best is trial 10 with value: 0.10721360246932565.
Trial 23 finished with value: 0.10695892428260678 and parameters: {'learning_rate': 0.01839297908944334, 'bootstrap_type': 'Bernoulli', 'subsample': 0.8126082114117797, 'grow_policy': 'SymmetricTree', 'depth': 8, 'colsample_bylevel': 0.9879404965611405, 'l2_leaf_reg': 0.0006928909416998343, 'leaf_estimation_iterations': 1, 'one_hot_max_size': 10, 'model_size_reg': 0.1272521688164809, 'max_ctr_complexity': 5, 'boosting_type': 'Plain', 'max_bin': 254}. Best is trial 23 with value: 0.10695892428260678.
Trial 24 finished with value: 0.10954626451870131 and parameters: {'learning_rate': 0.013863235903281272, 'bootstrap_type': 'Bernoulli', 'subsample': 0.8229381157971372, 'grow_policy': 'SymmetricTree', 'depth': 7, 'colsample_bylevel': 0.9667859032219996, 'l2_leaf_reg': 0.0005792588339650933, 'leaf_estimation_iterations': 1, 'one_hot_max_size': 14, 'model_size_reg': 0.24930059572907662, 'max_ctr_complexity': 4, 'boosting_type': 'Plain', 'max_bin': 254}. Best is trial 23 with value: 0.10695892428260678.
Trial 25 finished with value: 0.10955722321876993 and parameters: {'learning_rate': 0.01769065643139391, 'bootstrap_type': 'Bernoulli', 'subsample': 0.7361757856179885, 'grow_policy': 'SymmetricTree', 'depth': 8, 'colsample_bylevel': 0.932173624169679, 'l2_leaf_reg': 0.0005724830676961631, 'leaf_estimation_iterations': 2, 'one_hot_max_size': 20, 'model_size_reg': 0.13878627314094943, 'max_ctr_complexity': 5, 'boosting_type': 'Plain', 'max_bin': 254}. Best is trial 23 with value: 0.10695892428260678.
Optuna Search Completed in: 1493.70 seconds

Training final model on optimized parameter setup...

[CATBOOST FINALIZED METRICS]
Optimal Trees:         1000
1-AUROC:             0.1040 (Delta to TabPFN: -0.0428)
Accuracy:             0.9574 (Delta to TabPFN: +0.0084)
Final Train Time:      13.40 seconds (0.5111s per 1K)
Final Infer Time:      0.02 seconds (0.0027s per 1K)

--- CATBOOST Feature Importance (Raw vs. Scaled Share) ---
Feature | Raw gain | Share
RESOURCE | 19.14 | 19.14%
ROLE_DEPTNAME | 15.19 | 15.19%
MGR_ID | 14.63 | 14.63%
ROLE_ROLLUP_2 | 11.90 | 11.90%
ROLE_FAMILY_DESC | 10.26 | 10.26%
ROLE_TITLE | 7.94 | 7.94%
ROLE_FAMILY | 7.31 | 7.31%
ROLE_ROLLUP_1 | 7.21 | 7.21%
ROLE_CODE | 6.43 | 6.43%

=====================================================================
METRIC TYPE                                  | VALUE / PROFILE
=====================================================================
Embedding Share                              | 0.00%
Raw Feature Share                            | 100.00%
---------------------------------------------------------------------
Active Text Embedding Density                | 0.00% (0/0)
Active Raw Tabular Feature Density           | 100.00% (9/9)
---------------------------------------------------------------------
Top-5 Concentration Ratio (CR5)              | 71.12% of total decision weight
Top-10 Concentration Ratio (CR10)            | 100.00% of total decision weight
=====================================================================

Total Pipeline Execution Time: 1508.92 seconds

[SUCCESS] Permanent artifacts safely written to 'outputs/training-1/'
[W&B] Artifacts and localized metrics logged successfully for amazon_employee_access_raw-only_catboost
