[W&B] Child process started for job: givemesomecredit_embed-only_xgboost in group session-training-4
Loading archive 'archives/givemesomecredit.npz' and initializing pipeline for target: XGBOOST...
Execution Mode: EMBED-ONLY
Session Output Target: outputs/training-4/
Task Type: BINARY
TabPFN Baselines Loaded - Primary: 0.1253 | Secondary: 0.9378
PCA reduced text embeddings to 20 components.
Final training matrix shape assembled for EMBED-ONLY: (120000, 20)

Running 26-Trial Optuna Study for XGBOOST (EMBED-ONLY)...
A new study created in RDB with name: 20260624_200323_givemesomecredit_embed-only_xgboost
Trial 0 finished with value: 0.14262233517805756 and parameters: {}. Best is trial 0 with value: 0.14262233517805756.
Trial 1 finished with value: 0.13813172434914267 and parameters: {'learning_rate': 0.015355286838886862, 'max_depth': 10, 'min_child_weight': 0.5100627805979911, 'subsample': 0.8394633936788146, 'colsample_bylevel': 0.6624074561769746, 'colsample_bynode': 0.662397808134481, 'reg_alpha': 0.29051225247978046, 'reg_lambda': 4.330894111260099, 'grow_policy': 'lossguide', 'max_cat_to_onehot': 8, 'max_leaves': 884}. Best is trial 1 with value: 0.13813172434914267.
Trial 2 finished with value: 0.1373847937330096 and parameters: {'learning_rate': 0.060534484680010825, 'max_depth': 4, 'min_child_weight': 0.004705059281907645, 'subsample': 0.6733618039413735, 'colsample_bylevel': 0.7216968971838151, 'colsample_bynode': 0.8099025726528951, 'reg_alpha': 2.1597818987087147, 'reg_lambda': 1.4562165780761898, 'grow_policy': 'depthwise', 'max_cat_to_onehot': 16, 'max_leaves': 45}. Best is trial 2 with value: 0.1373847937330096.
Trial 3 finished with value: 0.13729404128710487 and parameters: {'learning_rate': 0.019603369861210685, 'max_depth': 8, 'min_child_weight': 0.005477562363971304, 'subsample': 0.8056937753654446, 'colsample_bylevel': 0.836965827544817, 'colsample_bynode': 0.6185801650879991, 'reg_alpha': 3.037763505022002, 'reg_lambda': 0.8527035660240889, 'grow_policy': 'lossguide', 'max_cat_to_onehot': 92, 'max_leaves': 399}. Best is trial 3 with value: 0.13729404128710487.
Trial 4 finished with value: 0.13667143516324343 and parameters: {'learning_rate': 0.012453219846912198, 'max_depth': 4, 'min_child_weight': 0.33959199243313637, 'subsample': 0.7760609974958406, 'colsample_bylevel': 0.6488152939379115, 'colsample_bynode': 0.798070764044508, 'reg_alpha': 0.17203916672398045, 'reg_lambda': 4.546611078353703, 'grow_policy': 'lossguide', 'max_cat_to_onehot': 17, 'max_leaves': 97}. Best is trial 4 with value: 0.13667143516324343.
Trial 5 finished with value: 0.13701830783329272 and parameters: {'learning_rate': 0.025719142025384646, 'max_depth': 4, 'min_child_weight': 3.8589082671053854, 'subsample': 0.9100531293444458, 'colsample_bylevel': 0.9757995766256756, 'colsample_bynode': 0.9579309401710595, 'reg_alpha': 2.989540104057545, 'reg_lambda': 4.609378987692081, 'grow_policy': 'lossguide', 'max_cat_to_onehot': 8, 'max_leaves': 37}. Best is trial 4 with value: 0.13667143516324343.
Trial 6 finished with value: 0.1365340151589427 and parameters: {'learning_rate': 0.016019568611465234, 'max_depth': 5, 'min_child_weight': 1.1627201204016835, 'subsample': 0.7427013306774357, 'colsample_bylevel': 0.7123738038749523, 'colsample_bynode': 0.8170784332632994, 'reg_alpha': 0.7047070324513158, 'reg_lambda': 4.011004684072123, 'grow_policy': 'lossguide', 'max_cat_to_onehot': 56, 'max_leaves': 20}. Best is trial 6 with value: 0.1365340151589427.
Trial 7 finished with value: 0.14141224198086877 and parameters: {'learning_rate': 0.0050834018700114374, 'max_depth': 9, 'min_child_weight': 0.4117599592262879, 'subsample': 0.8916028672163949, 'colsample_bylevel': 0.9085081386743783, 'colsample_bynode': 0.6296178606936361, 'reg_alpha': 1.7923927961485087, 'reg_lambda': 0.5794337107196961, 'grow_policy': 'depthwise', 'max_cat_to_onehot': 18, 'max_leaves': 10}. Best is trial 6 with value: 0.1365340151589427.
Trial 8 finished with value: 0.1370181470617058 and parameters: {'learning_rate': 0.012693089228250284, 'max_depth': 5, 'min_child_weight': 0.49979438035802604, 'subsample': 0.8550229885420852, 'colsample_bylevel': 0.9548850970305306, 'colsample_bynode': 0.7888859700647797, 'reg_alpha': 0.5980592702669147, 'reg_lambda': 3.566252611636253, 'grow_policy': 'depthwise', 'max_cat_to_onehot': 55, 'max_leaves': 85}. Best is trial 6 with value: 0.1365340151589427.
Trial 9 finished with value: 0.1369987484709383 and parameters: {'learning_rate': 0.02393652463662192, 'max_depth': 6, 'min_child_weight': 0.0012417226051008223, 'subsample': 0.6431565707973218, 'colsample_bylevel': 0.6125716742746937, 'colsample_bynode': 0.8545641645055122, 'reg_alpha': 1.5718484697835258, 'reg_lambda': 2.542902598754398, 'grow_policy': 'depthwise', 'max_cat_to_onehot': 22, 'max_leaves': 308}. Best is trial 6 with value: 0.1365340151589427.
Trial 10 finished with value: 0.13759406414802955 and parameters: {'learning_rate': 0.08651476814006658, 'max_depth': 7, 'min_child_weight': 0.038946887834449, 'subsample': 0.9729161367647149, 'colsample_bylevel': 0.7785521584210519, 'colsample_bynode': 0.9630659181130071, 'reg_alpha': 4.7988577526525065, 'reg_lambda': 2.5700768651765165, 'grow_policy': 'lossguide', 'max_cat_to_onehot': 40, 'max_leaves': 9}. Best is trial 6 with value: 0.1365340151589427.
Trial 11 finished with value: 0.13663061445109093 and parameters: {'learning_rate': 0.008236597407822864, 'max_depth': 5, 'min_child_weight': 4.359105583337639, 'subsample': 0.742869807831149, 'colsample_bylevel': 0.7024866646845546, 'colsample_bynode': 0.7708449222533328, 'reg_alpha': 0.034142440330290236, 'reg_lambda': 3.6785387663492077, 'grow_policy': 'lossguide', 'max_cat_to_onehot': 34, 'max_leaves': 108}. Best is trial 6 with value: 0.1365340151589427.
Trial 12 finished with value: 0.13698520928351332 and parameters: {'learning_rate': 0.006517848044415345, 'max_depth': 5, 'min_child_weight': 4.641207405733372, 'subsample': 0.7280726683578693, 'colsample_bylevel': 0.7364017498141542, 'colsample_bynode': 0.7203717816173676, 'reg_alpha': 1.0542861605406522, 'reg_lambda': 3.3362613278321276, 'grow_policy': 'lossguide', 'max_cat_to_onehot': 39, 'max_leaves': 23}. Best is trial 6 with value: 0.1365340151589427.
Trial 13 finished with value: 0.13680985448797633 and parameters: {'learning_rate': 0.00906444097976681, 'max_depth': 5, 'min_child_weight': 1.7786982260211155, 'subsample': 0.7231297516673613, 'colsample_bylevel': 0.7974320891700961, 'colsample_bynode': 0.885677745634264, 'reg_alpha': 0.008472600268174982, 'reg_lambda': 3.4999986044466387, 'grow_policy': 'lossguide', 'max_cat_to_onehot': 73, 'max_leaves': 166}. Best is trial 6 with value: 0.1365340151589427.
Trial 14 finished with value: 0.13684773503013414 and parameters: {'learning_rate': 0.03603551866269188, 'max_depth': 6, 'min_child_weight': 1.3739087396414398, 'subsample': 0.6034234159979652, 'colsample_bylevel': 0.6984170480745291, 'colsample_bynode': 0.7277689938441474, 'reg_alpha': 1.0233714058752723, 'reg_lambda': 2.768886902267992, 'grow_policy': 'lossguide', 'max_cat_to_onehot': 30, 'max_leaves': 29}. Best is trial 6 with value: 0.1365340151589427.
Trial 15 finished with value: 0.1365671895185503 and parameters: {'learning_rate': 0.008669997622808045, 'max_depth': 6, 'min_child_weight': 0.10512508956529677, 'subsample': 0.7354083230104643, 'colsample_bylevel': 0.8351342951527347, 'colsample_bynode': 0.7326539706064991, 'reg_alpha': 1.01595432264829, 'reg_lambda': 3.9744456030362865, 'grow_policy': 'lossguide', 'max_cat_to_onehot': 48, 'max_leaves': 17}. Best is trial 6 with value: 0.1365340151589427.
Trial 16 finished with value: 0.13671926911549637 and parameters: {'learning_rate': 0.03824966379473254, 'max_depth': 6, 'min_child_weight': 0.09577508565789067, 'subsample': 0.6891404984361571, 'colsample_bylevel': 0.8695308687859609, 'colsample_bynode': 0.881887550001576, 'reg_alpha': 2.555087987986947, 'reg_lambda': 3.979359222691677, 'grow_policy': 'lossguide', 'max_cat_to_onehot': 57, 'max_leaves': 15}. Best is trial 6 with value: 0.1365340151589427.
Trial 17 finished with value: 0.13657414278284907 and parameters: {'learning_rate': 0.00928547893123685, 'max_depth': 7, 'min_child_weight': 0.06110020394896116, 'subsample': 0.7840041127730011, 'colsample_bylevel': 0.7821264608586318, 'colsample_bynode': 0.7426583664951063, 'reg_alpha': 1.121268221874343, 'reg_lambda': 4.956386852998385, 'grow_policy': 'lossguide', 'max_cat_to_onehot': 53, 'max_leaves': 17}. Best is trial 6 with value: 0.1365340151589427.
Trial 18 finished with value: 0.1366360072243833 and parameters: {'learning_rate': 0.017009892520461256, 'max_depth': 7, 'min_child_weight': 0.14394548647048844, 'subsample': 0.6909841031277661, 'colsample_bylevel': 0.8900948419240639, 'colsample_bynode': 0.6942602118077638, 'reg_alpha': 4.433016251430651, 'reg_lambda': 1.9883133925896401, 'grow_policy': 'lossguide', 'max_cat_to_onehot': 96, 'max_leaves': 49}. Best is trial 6 with value: 0.1365340151589427.
Trial 19 finished with value: 0.13937007619064956 and parameters: {'learning_rate': 0.005009749281998703, 'max_depth': 6, 'min_child_weight': 0.018349439323125764, 'subsample': 0.6263618717716342, 'colsample_bylevel': 0.8282674091006154, 'colsample_bynode': 0.8301316476489174, 'reg_alpha': 1.482510476621452, 'reg_lambda': 3.027606646601157, 'grow_policy': 'depthwise', 'max_cat_to_onehot': 27, 'max_leaves': 15}. Best is trial 6 with value: 0.1365340151589427.
Trial 20 finished with value: 0.13761327997115014 and parameters: {'learning_rate': 0.011399743853020302, 'max_depth': 5, 'min_child_weight': 0.020900837030103005, 'subsample': 0.7562564258667259, 'colsample_bylevel': 0.9356680701762747, 'colsample_bynode': 0.9989879313923895, 'reg_alpha': 0.7048984008221579, 'reg_lambda': 4.088616987728279, 'grow_policy': 'lossguide', 'max_cat_to_onehot': 72, 'max_leaves': 8}. Best is trial 6 with value: 0.1365340151589427.
Trial 21 finished with value: 0.1366585519333221 and parameters: {'learning_rate': 0.008886926636776813, 'max_depth': 7, 'min_child_weight': 0.13122627293175992, 'subsample': 0.7996037522585402, 'colsample_bylevel': 0.7644092671030834, 'colsample_bynode': 0.7527998447162596, 'reg_alpha': 1.0910432539487758, 'reg_lambda': 4.838769479364274, 'grow_policy': 'lossguide', 'max_cat_to_onehot': 51, 'max_leaves': 17}. Best is trial 6 with value: 0.1365340151589427.
Trial 22 finished with value: 0.13673988718908126 and parameters: {'learning_rate': 0.007151071991410895, 'max_depth': 8, 'min_child_weight': 0.048999831881415594, 'subsample': 0.793394102442976, 'colsample_bylevel': 0.8258989733300435, 'colsample_bynode': 0.6757671234691769, 'reg_alpha': 1.946735116957816, 'reg_lambda': 4.100660055278657, 'grow_policy': 'lossguide', 'max_cat_to_onehot': 47, 'max_leaves': 18}. Best is trial 6 with value: 0.1365340151589427.
Trial 23 finished with value: 0.13653791854233066 and parameters: {'learning_rate': 0.010683516900655233, 'max_depth': 6, 'min_child_weight': 1.112006807347285, 'subsample': 0.8375918716557357, 'colsample_bylevel': 0.7575927736367499, 'colsample_bynode': 0.743715122962231, 'reg_alpha': 1.290533036095878, 'reg_lambda': 4.908340813524168, 'grow_policy': 'lossguide', 'max_cat_to_onehot': 74, 'max_leaves': 29}. Best is trial 6 with value: 0.1365340151589427.
Trial 24 finished with value: 0.1365585394237263 and parameters: {'learning_rate': 0.01442387747940987, 'max_depth': 6, 'min_child_weight': 1.2038359833294547, 'subsample': 0.8331626440590685, 'colsample_bylevel': 0.7494485230680807, 'colsample_bynode': 0.7100196891034444, 'reg_alpha': 0.6446370443802476, 'reg_lambda': 4.375003132482135, 'grow_policy': 'lossguide', 'max_cat_to_onehot': 65, 'max_leaves': 58}. Best is trial 6 with value: 0.1365340151589427.
Trial 25 finished with value: 0.13689540821989687 and parameters: {'learning_rate': 0.023342165924453935, 'max_depth': 5, 'min_child_weight': 1.173136888316136, 'subsample': 0.8419516426858559, 'colsample_bylevel': 0.7482716254233802, 'colsample_bynode': 0.6991725800217209, 'reg_alpha': 0.463437683301908, 'reg_lambda': 4.9330150759500775, 'grow_policy': 'lossguide', 'max_cat_to_onehot': 72, 'max_leaves': 64}. Best is trial 6 with value: 0.1365340151589427.
Optuna Search Completed in: 867.76 seconds

Training final model on optimized parameter setup...

[XGBOOST FINALIZED METRICS]
Optimal Trees:         744
1-AUROC:             0.1281 (Delta to TabPFN: +0.0028)
Accuracy:             0.9374 (Delta to TabPFN: -0.0004)
Final Train Time:      1.99 seconds (0.0166s per 1K)
Final Infer Time:      0.04 seconds (0.0013s per 1K)

--- XGBOOST Feature Importance (Raw vs. Scaled Share) ---
Feature | Raw gain | Share
pca_embed_1 | 105810.27 | 23.40%
pca_embed_12 | 83744.88 | 18.52%
pca_embed_8 | 58156.12 | 12.86%
pca_embed_0 | 49112.48 | 10.86%
pca_embed_6 | 31335.08 | 6.93%
pca_embed_5 | 22990.92 | 5.08%
pca_embed_3 | 16132.55 | 3.57%
pca_embed_14 | 10895.13 | 2.41%
pca_embed_2 | 10354.63 | 2.29%
pca_embed_15 | 9264.86 | 2.05%
pca_embed_13 | 8453.04 | 1.87%
pca_embed_7 | 7243.04 | 1.60%
pca_embed_9 | 6648.10 | 1.47%
pca_embed_17 | 5311.62 | 1.17%
pca_embed_4 | 5201.50 | 1.15%
pca_embed_18 | 4688.64 | 1.04%
pca_embed_19 | 4615.17 | 1.02%
pca_embed_11 | 4539.48 | 1.00%
pca_embed_10 | 4043.78 | 0.89%
pca_embed_16 | 3730.50 | 0.82%

=====================================================================
METRIC TYPE                                  | VALUE / PROFILE
=====================================================================
Embedding Share                              | 100.00%
Raw Feature Share                            | 0.00%
---------------------------------------------------------------------
Active Text Embedding Density                | 100.00% (20/20)
Active Raw Tabular Feature Density           | 0.00% (0/0)
---------------------------------------------------------------------
Top-5 Concentration Ratio (CR5)              | 72.56% of total decision weight
Top-10 Concentration Ratio (CR10)            | 87.96% of total decision weight
=====================================================================

Total Pipeline Execution Time: 872.75 seconds

[SUCCESS] Permanent artifacts safely written to 'outputs/training-4/'
[W&B] Artifacts and localized metrics logged successfully for givemesomecredit_embed-only_xgboost
