[W&B] Child process started for job: churn_embed-only_catboost in group session-training-3
Loading archive 'archives/churn.npz' and initializing pipeline for target: CATBOOST...
Execution Mode: EMBED-ONLY
Session Output Target: outputs/training-3/
Task Type: BINARY
TabPFN Baselines Loaded - Primary: 0.0860 | Secondary: 0.9730
PCA reduced text embeddings to 20 components.
Final training matrix shape assembled for EMBED-ONLY: (4000, 20)

Running 26-Trial Optuna Study for CATBOOST (EMBED-ONLY)...
A new study created in RDB with name: 20260624_153654_churn_embed-only_catboost
Trial 0 finished with value: 0.05807582661906274 and parameters: {}. Best is trial 0 with value: 0.05807582661906274.
Trial 1 finished with value: 0.0588583433162535 and parameters: {'learning_rate': 0.015355286838886862, 'bootstrap_type': 'Bernoulli', 'subsample': 0.9852142919229748, 'grow_policy': 'SymmetricTree', 'depth': 4, 'colsample_bylevel': 0.8733991780504303, 'l2_leaf_reg': 0.00018747059221802545, 'leaf_estimation_iterations': 12, 'one_hot_max_size': 36, 'model_size_reg': 0.6803900745073703, 'max_ctr_complexity': 2, 'boosting_type': 'Plain', 'max_bin': 254}. Best is trial 0 with value: 0.05807582661906274.
Trial 2 finished with value: 0.05707179871116974 and parameters: {'learning_rate': 0.09138013915892866, 'bootstrap_type': 'Bernoulli', 'subsample': 0.9497327922401265, 'grow_policy': 'SymmetricTree', 'depth': 4, 'colsample_bylevel': 0.8956363364439306, 'l2_leaf_reg': 0.02922905212920092, 'leaf_estimation_iterations': 2, 'one_hot_max_size': 16, 'model_size_reg': 0.5243180891902851, 'max_ctr_complexity': 2, 'boosting_type': 'Plain', 'max_bin': 254}. Best is trial 2 with value: 0.05707179871116974.
Trial 3 finished with value: 0.0688199806526042 and parameters: {'learning_rate': 0.011996621453406362, 'bootstrap_type': 'Bernoulli', 'subsample': 0.8099085529881075, 'grow_policy': 'Depthwise', 'depth': 4, 'colsample_bylevel': 0.9271351657620417, 'l2_leaf_reg': 0.06077686426194464, 'leaf_estimation_iterations': 1, 'one_hot_max_size': 36, 'model_size_reg': 0.15869086642715013, 'max_ctr_complexity': 2, 'boosting_type': 'Plain', 'max_bin': 254}. Best is trial 2 with value: 0.05707179871116974.
Trial 4 finished with value: 0.056569823614533665 and parameters: {'learning_rate': 0.08580222514877409, 'bootstrap_type': 'Bernoulli', 'subsample': 0.9896896099223678, 'grow_policy': 'SymmetricTree', 'depth': 4, 'colsample_bylevel': 0.9526349539768235, 'l2_leaf_reg': 0.011702088154220882, 'leaf_estimation_iterations': 1, 'one_hot_max_size': 27, 'model_size_reg': 0.10975998502129433, 'max_ctr_complexity': 5, 'boosting_type': 'Plain', 'max_bin': 254}. Best is trial 4 with value: 0.056569823614533665.
Trial 5 finished with value: 0.06010211537561683 and parameters: {'learning_rate': 0.010855517271883068, 'bootstrap_type': 'Bernoulli', 'subsample': 0.8987566853061946, 'grow_policy': 'Depthwise', 'depth': 6, 'colsample_bylevel': 0.877728168328829, 'l2_leaf_reg': 3.597899951374983, 'leaf_estimation_iterations': 9, 'one_hot_max_size': 86, 'model_size_reg': 1.128232550122133, 'max_ctr_complexity': 4, 'boosting_type': 'Plain', 'max_bin': 254}. Best is trial 4 with value: 0.056569823614533665.
Trial 6 finished with value: 0.06877545290172216 and parameters: {'learning_rate': 0.07913270952323785, 'bootstrap_type': 'Bernoulli', 'subsample': 0.7265477506155759, 'grow_policy': 'SymmetricTree', 'depth': 5, 'colsample_bylevel': 0.9083015934534223, 'l2_leaf_reg': 0.001883913511943895, 'leaf_estimation_iterations': 11, 'one_hot_max_size': 19, 'model_size_reg': 0.21399549030176218, 'max_ctr_complexity': 4, 'boosting_type': 'Plain', 'max_bin': 254}. Best is trial 4 with value: 0.056569823614533665.
Trial 7 finished with value: 0.06170681458513094 and parameters: {'learning_rate': 0.007626348515257587, 'bootstrap_type': 'Bernoulli', 'subsample': 0.9406590942262119, 'grow_policy': 'Depthwise', 'depth': 7, 'colsample_bylevel': 0.8798073522301258, 'l2_leaf_reg': 0.00010615690854925657, 'leaf_estimation_iterations': 10, 'one_hot_max_size': 47, 'model_size_reg': 0.7200770311577639, 'max_ctr_complexity': 5, 'boosting_type': 'Plain', 'max_bin': 254}. Best is trial 4 with value: 0.056569823614533665.
Trial 8 finished with value: 0.06270043827773941 and parameters: {'learning_rate': 0.006241720498669827, 'bootstrap_type': 'Bernoulli', 'subsample': 0.8075397185632818, 'grow_policy': 'Depthwise', 'depth': 7, 'colsample_bylevel': 0.8996347037278973, 'l2_leaf_reg': 0.00019891099118865958, 'leaf_estimation_iterations': 2, 'one_hot_max_size': 17, 'model_size_reg': 0.7212460519889856, 'max_ctr_complexity': 4, 'boosting_type': 'Plain', 'max_bin': 254}. Best is trial 4 with value: 0.056569823614533665.
Trial 9 finished with value: 0.05226382417669673 and parameters: {'learning_rate': 0.07132805718188966, 'bootstrap_type': 'Bernoulli', 'subsample': 0.8416644775485848, 'grow_policy': 'Depthwise', 'depth': 7, 'colsample_bylevel': 0.9341915796354244, 'l2_leaf_reg': 0.4195190175255899, 'leaf_estimation_iterations': 3, 'one_hot_max_size': 29, 'model_size_reg': 0.318293122389662, 'max_ctr_complexity': 2, 'boosting_type': 'Plain', 'max_bin': 254}. Best is trial 9 with value: 0.05226382417669673.
Trial 10 finished with value: 0.06085246094663066 and parameters: {'learning_rate': 0.03414773973543375, 'bootstrap_type': 'Bernoulli', 'subsample': 0.701799154886745, 'grow_policy': 'Depthwise', 'depth': 8, 'colsample_bylevel': 0.9952774372665997, 'l2_leaf_reg': 1.841152012664479, 'leaf_estimation_iterations': 4, 'one_hot_max_size': 8, 'model_size_reg': 0.32179828307036606, 'max_ctr_complexity': 3, 'boosting_type': 'Plain', 'max_bin': 254}. Best is trial 9 with value: 0.05226382417669673.
Trial 11 finished with value: 0.05672988164799486 and parameters: {'learning_rate': 0.04797176988157405, 'bootstrap_type': 'Bernoulli', 'subsample': 0.867557419233787, 'grow_policy': 'SymmetricTree', 'depth': 6, 'colsample_bylevel': 0.9544227875734034, 'l2_leaf_reg': 0.18192612464540064, 'leaf_estimation_iterations': 1, 'one_hot_max_size': 26, 'model_size_reg': 0.10185420531460712, 'max_ctr_complexity': 5, 'boosting_type': 'Plain', 'max_bin': 254}. Best is trial 9 with value: 0.05226382417669673.
Trial 12 finished with value: 0.06331635936942193 and parameters: {'learning_rate': 0.04745793427549161, 'bootstrap_type': 'Bernoulli', 'subsample': 0.8082423868551915, 'grow_policy': 'SymmetricTree', 'depth': 8, 'colsample_bylevel': 0.955174389309064, 'l2_leaf_reg': 0.006503045476381733, 'leaf_estimation_iterations': 3, 'one_hot_max_size': 57, 'model_size_reg': 0.3096750676428624, 'max_ctr_complexity': 3, 'boosting_type': 'Plain', 'max_bin': 254}. Best is trial 9 with value: 0.05226382417669673.
Trial 13 finished with value: 0.05961131755022997 and parameters: {'learning_rate': 0.05998991871686413, 'bootstrap_type': 'Bernoulli', 'subsample': 0.8751149588068563, 'grow_policy': 'SymmetricTree', 'depth': 5, 'colsample_bylevel': 0.9492389043810932, 'l2_leaf_reg': 0.3759581157412442, 'leaf_estimation_iterations': 1, 'one_hot_max_size': 10, 'model_size_reg': 0.11644959104636494, 'max_ctr_complexity': 3, 'boosting_type': 'Plain', 'max_bin': 254}. Best is trial 9 with value: 0.05226382417669673.
Trial 14 finished with value: 0.05827074170506863 and parameters: {'learning_rate': 0.027264847920455724, 'bootstrap_type': 'Bernoulli', 'subsample': 0.9919010663811301, 'grow_policy': 'Depthwise', 'depth': 6, 'colsample_bylevel': 0.9803395167689583, 'l2_leaf_reg': 0.0036464231694122505, 'leaf_estimation_iterations': 5, 'one_hot_max_size': 26, 'model_size_reg': 0.2532414206579729, 'max_ctr_complexity': 5, 'boosting_type': 'Plain', 'max_bin': 254}. Best is trial 9 with value: 0.05226382417669673.
Trial 15 finished with value: 0.05706582695609885 and parameters: {'learning_rate': 0.09523738791279265, 'bootstrap_type': 'Bernoulli', 'subsample': 0.7517116105005144, 'grow_policy': 'Depthwise', 'depth': 5, 'colsample_bylevel': 0.8507110179479633, 'l2_leaf_reg': 0.6106181658110571, 'leaf_estimation_iterations': 2, 'one_hot_max_size': 25, 'model_size_reg': 0.15862413474372106, 'max_ctr_complexity': 3, 'boosting_type': 'Plain', 'max_bin': 254}. Best is trial 9 with value: 0.05226382417669673.
Trial 16 finished with value: 0.060679458656857865 and parameters: {'learning_rate': 0.0333951634952057, 'bootstrap_type': 'Bernoulli', 'subsample': 0.9180894255364134, 'grow_policy': 'SymmetricTree', 'depth': 7, 'colsample_bylevel': 0.9243136378927084, 'l2_leaf_reg': 0.020385600382187553, 'leaf_estimation_iterations': 1, 'one_hot_max_size': 13, 'model_size_reg': 0.43171887056318564, 'max_ctr_complexity': 4, 'boosting_type': 'Plain', 'max_bin': 254}. Best is trial 9 with value: 0.05226382417669673.
Trial 17 finished with value: 0.0630835631777329 and parameters: {'learning_rate': 0.060934883262802025, 'bootstrap_type': 'Bernoulli', 'subsample': 0.8537351219229143, 'grow_policy': 'SymmetricTree', 'depth': 8, 'colsample_bylevel': 0.9357289563507534, 'l2_leaf_reg': 0.0007834578177073222, 'leaf_estimation_iterations': 6, 'one_hot_max_size': 64, 'model_size_reg': 1.2304157115019618, 'max_ctr_complexity': 2, 'boosting_type': 'Plain', 'max_bin': 254}. Best is trial 9 with value: 0.05226382417669673.
Trial 18 finished with value: 0.060638958432112755 and parameters: {'learning_rate': 0.023820132258279145, 'bootstrap_type': 'Bernoulli', 'subsample': 0.7820205971305001, 'grow_policy': 'Depthwise', 'depth': 5, 'colsample_bylevel': 0.9761187324650897, 'l2_leaf_reg': 0.14454271118743944, 'leaf_estimation_iterations': 18, 'one_hot_max_size': 34, 'model_size_reg': 0.16656764597163806, 'max_ctr_complexity': 5, 'boosting_type': 'Plain', 'max_bin': 254}. Best is trial 9 with value: 0.05226382417669673.
Trial 19 finished with value: 0.05634524744826075 and parameters: {'learning_rate': 0.06450048303691547, 'bootstrap_type': 'Bernoulli', 'subsample': 0.8440080144506198, 'grow_policy': 'Depthwise', 'depth': 6, 'colsample_bylevel': 0.9634045454846307, 'l2_leaf_reg': 0.011592180908170845, 'leaf_estimation_iterations': 3, 'one_hot_max_size': 22, 'model_size_reg': 0.40210151142584, 'max_ctr_complexity': 3, 'boosting_type': 'Plain', 'max_bin': 254}. Best is trial 9 with value: 0.05226382417669673.
Trial 20 finished with value: 0.05785643279092334 and parameters: {'learning_rate': 0.05550253643395957, 'bootstrap_type': 'Bernoulli', 'subsample': 0.8410838119234255, 'grow_policy': 'Depthwise', 'depth': 7, 'colsample_bylevel': 0.9730249478567409, 'l2_leaf_reg': 0.877965578337285, 'leaf_estimation_iterations': 3, 'one_hot_max_size': 12, 'model_size_reg': 0.45820688328569786, 'max_ctr_complexity': 3, 'boosting_type': 'Plain', 'max_bin': 254}. Best is trial 9 with value: 0.05226382417669673.
Trial 21 finished with value: 0.054437432585975 and parameters: {'learning_rate': 0.07028336207525918, 'bootstrap_type': 'Bernoulli', 'subsample': 0.8318736635029778, 'grow_policy': 'Depthwise', 'depth': 6, 'colsample_bylevel': 0.9411846087621247, 'l2_leaf_reg': 0.02582983695644154, 'leaf_estimation_iterations': 2, 'one_hot_max_size': 22, 'model_size_reg': 0.3743155635627479, 'max_ctr_complexity': 2, 'boosting_type': 'Plain', 'max_bin': 254}. Best is trial 9 with value: 0.05226382417669673.
Trial 22 finished with value: 0.06116300039080924 and parameters: {'learning_rate': 0.06849343647581463, 'bootstrap_type': 'Bernoulli', 'subsample': 0.8341437663641844, 'grow_policy': 'Depthwise', 'depth': 6, 'colsample_bylevel': 0.9368649003627453, 'l2_leaf_reg': 0.057727549787196936, 'leaf_estimation_iterations': 3, 'one_hot_max_size': 21, 'model_size_reg': 0.34901590539872174, 'max_ctr_complexity': 2, 'boosting_type': 'Plain', 'max_bin': 254}. Best is trial 9 with value: 0.05226382417669673.
Trial 23 finished with value: 0.05704789532991317 and parameters: {'learning_rate': 0.03864875256573091, 'bootstrap_type': 'Bernoulli', 'subsample': 0.8926802869978262, 'grow_policy': 'Depthwise', 'depth': 6, 'colsample_bylevel': 0.9218358456331751, 'l2_leaf_reg': 0.000822972039488031, 'leaf_estimation_iterations': 2, 'one_hot_max_size': 42, 'model_size_reg': 0.23210872221317586, 'max_ctr_complexity': 2, 'boosting_type': 'Plain', 'max_bin': 254}. Best is trial 9 with value: 0.05226382417669673.
Trial 24 finished with value: 0.059237292077940484 and parameters: {'learning_rate': 0.04308974818063015, 'bootstrap_type': 'Bernoulli', 'subsample': 0.7726974528931654, 'grow_policy': 'Depthwise', 'depth': 7, 'colsample_bylevel': 0.9619477782470318, 'l2_leaf_reg': 0.0867961826196636, 'leaf_estimation_iterations': 6, 'one_hot_max_size': 22, 'model_size_reg': 0.5608301802433513, 'max_ctr_complexity': 3, 'boosting_type': 'Plain', 'max_bin': 254}. Best is trial 9 with value: 0.05226382417669673.
Trial 25 finished with value: 0.057962151943481754 and parameters: {'learning_rate': 0.06891298291431285, 'bootstrap_type': 'Bernoulli', 'subsample': 0.8298787187507303, 'grow_policy': 'Depthwise', 'depth': 6, 'colsample_bylevel': 0.9430326683456305, 'l2_leaf_reg': 0.022202277943540426, 'leaf_estimation_iterations': 4, 'one_hot_max_size': 14, 'model_size_reg': 0.38169271762537865, 'max_ctr_complexity': 2, 'boosting_type': 'Plain', 'max_bin': 254}. Best is trial 9 with value: 0.05226382417669673.
Optuna Search Completed in: 163.75 seconds

Training final model on optimized parameter setup...

[CATBOOST FINALIZED METRICS]
Optimal Trees:         581
1-AUROC:             0.0747 (Delta to TabPFN: -0.0113)
Accuracy:             0.9720 (Delta to TabPFN: -0.0010)
Final Train Time:      3.09 seconds (0.7730s per 1K)
Final Infer Time:      0.00 seconds (0.0043s per 1K)

--- CATBOOST Feature Importance (Raw vs. Scaled Share) ---
Feature | Raw gain | Share
pca_embed_0 | 21.26 | 21.26%
pca_embed_1 | 12.83 | 12.83%
pca_embed_5 | 12.69 | 12.69%
pca_embed_3 | 9.52 | 9.52%
pca_embed_2 | 5.40 | 5.40%
pca_embed_18 | 3.93 | 3.93%
pca_embed_12 | 3.09 | 3.09%
pca_embed_7 | 2.96 | 2.96%
pca_embed_8 | 2.79 | 2.79%
pca_embed_6 | 2.73 | 2.73%
pca_embed_10 | 2.66 | 2.66%
pca_embed_9 | 2.42 | 2.42%
pca_embed_19 | 2.41 | 2.41%
pca_embed_17 | 2.39 | 2.39%
pca_embed_4 | 2.38 | 2.38%
pca_embed_14 | 2.37 | 2.37%
pca_embed_16 | 2.26 | 2.26%
pca_embed_15 | 2.07 | 2.07%
pca_embed_11 | 2.00 | 2.00%
pca_embed_13 | 1.86 | 1.86%

=====================================================================
METRIC TYPE                                  | VALUE / PROFILE
=====================================================================
Embedding Share                              | 100.00%
Raw Feature Share                            | 0.00%
---------------------------------------------------------------------
Active Text Embedding Density                | 100.00% (20/20)
Active Raw Tabular Feature Density           | 0.00% (0/0)
---------------------------------------------------------------------
Top-5 Concentration Ratio (CR5)              | 61.70% of total decision weight
Top-10 Concentration Ratio (CR10)            | 77.19% of total decision weight
=====================================================================

Total Pipeline Execution Time: 168.80 seconds

[SUCCESS] Permanent artifacts safely written to 'outputs/training-3/'
[W&B] Artifacts and localized metrics logged successfully for churn_embed-only_catboost
