[W&B] Child process started for job: splice_embed-only_lightgbm in group session-training-4
Loading archive 'archives/splice.npz' and initializing pipeline for target: LIGHTGBM...
Execution Mode: EMBED-ONLY
Session Output Target: outputs/training-4/
Task Type: MULTICLASS
TabPFN Baselines Loaded - Primary: 0.1046 | Secondary: 0.9718
PCA reduced text embeddings to 33 components.
Final training matrix shape assembled for EMBED-ONLY: (2552, 33)

Running 26-Trial Optuna Study for LIGHTGBM (EMBED-ONLY)...
A new study created in RDB with name: 20260625_072025_splice_embed-only_lightgbm
Trial 0 finished with value: 0.1461786758965571 and parameters: {}. Best is trial 0 with value: 0.1461786758965571.
Trial 1 finished with value: 0.13816360036409175 and parameters: {'learning_rate': 0.015355286838886862, 'feature_fraction': 0.9704285838459497, 'bagging_fraction': 0.9195981825434215, 'bagging_freq': 1, 'num_leaves': 28, 'min_data_in_leaf': 1, 'extra_trees': False, 'min_data_per_group': 57, 'cat_l2': 0.18327672955935934, 'cat_smooth': 3.4702669886504163, 'max_cat_to_onehot': 8, 'lambda_l1': 0.9699128611767781, 'lambda_l2': 1.6649020373367633}. Best is trial 1 with value: 0.13816360036409175.
Trial 2 finished with value: 0.14733888443978957 and parameters: {'learning_rate': 0.009445600138094694, 'feature_fraction': 0.5090949803242604, 'bagging_fraction': 0.7550213529560301, 'bagging_freq': 1, 'num_leaves': 7, 'min_data_in_leaf': 6, 'extra_trees': False, 'min_data_per_group': 20, 'cat_l2': 0.01153297626310632, 'cat_smooth': 0.028888383623653185, 'max_cat_to_onehot': 19, 'lambda_l1': 0.4561243772186142, 'lambda_l2': 1.5703734051898879}. Best is trial 1 with value: 0.13816360036409175.
Trial 3 finished with value: 0.30666975806924496 and parameters: {'learning_rate': 0.009093929525644107, 'feature_fraction': 0.708540663048167, 'bagging_fraction': 0.8777243706586128, 'bagging_freq': 1, 'num_leaves': 2, 'min_data_in_leaf': 10, 'extra_trees': False, 'min_data_per_group': 81, 'cat_l2': 1.6278053965878447, 'cat_smooth': 11.015056790269638, 'max_cat_to_onehot': 17, 'lambda_l1': 0.09776234679498323, 'lambda_l2': 1.3684976297216627}. Best is trial 1 with value: 0.13816360036409175.
Trial 4 finished with value: 0.23084874388429558 and parameters: {'learning_rate': 0.01869052934095898, 'feature_fraction': 0.47322294090686734, 'bagging_fraction': 0.848553073033381, 'bagging_freq': 1, 'num_leaves': 2, 'min_data_in_leaf': 42, 'extra_trees': True, 'min_data_per_group': 6, 'cat_l2': 0.11277639166461569, 'cat_smooth': 0.5414413211338525, 'max_cat_to_onehot': 12, 'lambda_l1': 0.9695876693017821, 'lambda_l2': 1.550288133439893}. Best is trial 1 with value: 0.13816360036409175.
Trial 5 finished with value: 0.14445370541062083 and parameters: {'learning_rate': 0.08342309693146736, 'feature_fraction': 0.9368964102565893, 'bagging_fraction': 0.8793699936433255, 'bagging_freq': 1, 'num_leaves': 137, 'min_data_in_leaf': 1, 'extra_trees': False, 'min_data_per_group': 6, 'cat_l2': 0.0513253156994884, 'cat_smooth': 0.022737628102536857, 'max_cat_to_onehot': 64, 'lambda_l1': 0.3568176513609199, 'lambda_l2': 0.5619409259237927}. Best is trial 1 with value: 0.13816360036409175.
Trial 6 finished with value: 0.18062153871938136 and parameters: {'learning_rate': 0.025411709798607296, 'feature_fraction': 0.4845545349848576, 'bagging_fraction': 0.9406590942262119, 'bagging_freq': 1, 'num_leaves': 2, 'min_data_in_leaf': 61, 'extra_trees': False, 'min_data_per_group': 2, 'cat_l2': 0.6619871537619337, 'cat_smooth': 3.4220529032706923, 'max_cat_to_onehot': 50, 'lambda_l1': 0.7712932196512772, 'lambda_l2': 0.1481818990030073}. Best is trial 1 with value: 0.13816360036409175.
Trial 7 finished with value: 0.13220649050387262 and parameters: {'learning_rate': 0.014633380642745364, 'feature_fraction': 0.4695214357150779, 'bagging_fraction': 0.958931027762678, 'bagging_freq': 1, 'num_leaves': 32, 'min_data_in_leaf': 2, 'extra_trees': True, 'min_data_per_group': 6, 'cat_l2': 0.3957756313952873, 'cat_smooth': 1.5409457762881555, 'max_cat_to_onehot': 75, 'lambda_l1': 0.4722677036694331, 'lambda_l2': 0.23927653245200955}. Best is trial 7 with value: 0.13220649050387262.
Trial 8 finished with value: 0.13729776800618781 and parameters: {'learning_rate': 0.042356773126632795, 'feature_fraction': 0.8564710291701385, 'bagging_fraction': 0.8683831592708489, 'bagging_freq': 1, 'num_leaves': 65, 'min_data_in_leaf': 6, 'extra_trees': False, 'min_data_per_group': 2, 'cat_l2': 0.009543550367992308, 'cat_smooth': 0.0014359718569878096, 'max_cat_to_onehot': 39, 'lambda_l1': 0.314424545478219, 'lambda_l2': 1.017190525260289}. Best is trial 7 with value: 0.13220649050387262.
Trial 9 finished with value: 0.13289160233373815 and parameters: {'learning_rate': 0.07581256838789621, 'feature_fraction': 0.549575337489325, 'bagging_fraction': 0.8231148769106889, 'bagging_freq': 1, 'num_leaves': 61, 'min_data_in_leaf': 2, 'extra_trees': True, 'min_data_per_group': 3, 'cat_l2': 1.3124992669799407, 'cat_smooth': 10.979988817809668, 'max_cat_to_onehot': 39, 'lambda_l1': 0.871473444128699, 'lambda_l2': 1.607363786590539}. Best is trial 7 with value: 0.13220649050387262.
Trial 10 finished with value: 0.17223397860500916 and parameters: {'learning_rate': 0.005556572437269131, 'feature_fraction': 0.6839963928728011, 'bagging_fraction': 0.9908611332363597, 'bagging_freq': 1, 'num_leaves': 12, 'min_data_in_leaf': 19, 'extra_trees': True, 'min_data_per_group': 23, 'cat_l2': 0.03512175732792625, 'cat_smooth': 55.54162315706866, 'max_cat_to_onehot': 99, 'lambda_l1': 0.5905156421247704, 'lambda_l2': 0.02569074131920096}. Best is trial 7 with value: 0.13220649050387262.
Trial 11 finished with value: 0.1318409244320471 and parameters: {'learning_rate': 0.08435621740171995, 'feature_fraction': 0.6109555747170158, 'bagging_fraction': 0.7494110184930092, 'bagging_freq': 1, 'num_leaves': 42, 'min_data_in_leaf': 2, 'extra_trees': True, 'min_data_per_group': 5, 'cat_l2': 0.6646745230859595, 'cat_smooth': 0.5200105656740905, 'max_cat_to_onehot': 30, 'lambda_l1': 0.7561101271802751, 'lambda_l2': 0.9437374915354393}. Best is trial 11 with value: 0.1318409244320471.
Trial 12 finished with value: 0.13164690544841076 and parameters: {'learning_rate': 0.040851082831757854, 'feature_fraction': 0.6477184395873087, 'bagging_fraction': 0.7025152260406509, 'bagging_freq': 1, 'num_leaves': 22, 'min_data_in_leaf': 2, 'extra_trees': True, 'min_data_per_group': 8, 'cat_l2': 0.4106232633100717, 'cat_smooth': 0.22712937948801454, 'max_cat_to_onehot': 26, 'lambda_l1': 0.6869218470911971, 'lambda_l2': 0.7264397755151069}. Best is trial 12 with value: 0.13164690544841076.
Trial 13 finished with value: 0.13115133712265556 and parameters: {'learning_rate': 0.04451506475158212, 'feature_fraction': 0.6658555107635588, 'bagging_fraction': 0.7041671492724401, 'bagging_freq': 1, 'num_leaves': 11, 'min_data_in_leaf': 3, 'extra_trees': True, 'min_data_per_group': 13, 'cat_l2': 0.3484519871408787, 'cat_smooth': 0.18265499970366575, 'max_cat_to_onehot': 27, 'lambda_l1': 0.6668640643445861, 'lambda_l2': 0.8534255667130447}. Best is trial 13 with value: 0.13115133712265556.
Trial 14 finished with value: 0.13079593263579387 and parameters: {'learning_rate': 0.04360998022338296, 'feature_fraction': 0.774391436921246, 'bagging_fraction': 0.7114131411475125, 'bagging_freq': 1, 'num_leaves': 11, 'min_data_in_leaf': 4, 'extra_trees': True, 'min_data_per_group': 15, 'cat_l2': 0.23062443319243245, 'cat_smooth': 0.06820889243587828, 'max_cat_to_onehot': 24, 'lambda_l1': 0.6387666246268591, 'lambda_l2': 0.7415486310574158}. Best is trial 14 with value: 0.13079593263579387.
Trial 15 finished with value: 0.1363468039060109 and parameters: {'learning_rate': 0.0451159727146497, 'feature_fraction': 0.7942444295787365, 'bagging_fraction': 0.703953764314277, 'bagging_freq': 1, 'num_leaves': 6, 'min_data_in_leaf': 4, 'extra_trees': True, 'min_data_per_group': 17, 'cat_l2': 0.15239237163742003, 'cat_smooth': 0.04339632352059452, 'max_cat_to_onehot': 22, 'lambda_l1': 0.5737320985588414, 'lambda_l2': 1.1445511569293831}. Best is trial 14 with value: 0.13079593263579387.
Trial 16 finished with value: 0.13150094609699348 and parameters: {'learning_rate': 0.029994633086099246, 'feature_fraction': 0.8006754697504556, 'bagging_fraction': 0.7613070890086187, 'bagging_freq': 1, 'num_leaves': 11, 'min_data_in_leaf': 18, 'extra_trees': True, 'min_data_per_group': 12, 'cat_l2': 0.07904646028901316, 'cat_smooth': 0.004322921427139556, 'max_cat_to_onehot': 15, 'lambda_l1': 0.6426704052589517, 'lambda_l2': 0.5068687848169833}. Best is trial 14 with value: 0.13079593263579387.
Trial 17 finished with value: 0.13207750861262282 and parameters: {'learning_rate': 0.05979936181951198, 'feature_fraction': 0.7446565756240248, 'bagging_fraction': 0.7964213466755055, 'bagging_freq': 1, 'num_leaves': 4, 'min_data_in_leaf': 4, 'extra_trees': True, 'min_data_per_group': 42, 'cat_l2': 0.2446084420218914, 'cat_smooth': 0.11031551039904586, 'max_cat_to_onehot': 32, 'lambda_l1': 0.015119709504524625, 'lambda_l2': 0.7953614979979642}. Best is trial 14 with value: 0.13079593263579387.
Trial 18 finished with value: 0.12904150075612247 and parameters: {'learning_rate': 0.028566120663123827, 'feature_fraction': 0.5830874036452105, 'bagging_fraction': 0.7351247059525575, 'bagging_freq': 1, 'num_leaves': 14, 'min_data_in_leaf': 1, 'extra_trees': True, 'min_data_per_group': 33, 'cat_l2': 0.018014818027319714, 'cat_smooth': 0.009306979692482441, 'max_cat_to_onehot': 11, 'lambda_l1': 0.2438279626245637, 'lambda_l2': 0.41574879167073486}. Best is trial 18 with value: 0.12904150075612247.
Trial 19 finished with value: 0.12719049249046943 and parameters: {'learning_rate': 0.029987611082188302, 'feature_fraction': 0.5877433372535564, 'bagging_fraction': 0.7373648502140865, 'bagging_freq': 1, 'num_leaves': 17, 'min_data_in_leaf': 1, 'extra_trees': True, 'min_data_per_group': 37, 'cat_l2': 0.019478213898681547, 'cat_smooth': 0.005535235728432123, 'max_cat_to_onehot': 8, 'lambda_l1': 0.1997091156143698, 'lambda_l2': 0.4254719074583409}. Best is trial 19 with value: 0.12719049249046943.
Trial 20 finished with value: 0.12772486868824212 and parameters: {'learning_rate': 0.023071249414452665, 'feature_fraction': 0.4116594206723767, 'bagging_fraction': 0.7847741988403697, 'bagging_freq': 1, 'num_leaves': 20, 'min_data_in_leaf': 1, 'extra_trees': True, 'min_data_per_group': 33, 'cat_l2': 0.005085507384102657, 'cat_smooth': 0.007381198794837376, 'max_cat_to_onehot': 9, 'lambda_l1': 0.2166279229539966, 'lambda_l2': 0.4021064234887867}. Best is trial 19 with value: 0.12719049249046943.
Trial 21 finished with value: 0.12765136154223616 and parameters: {'learning_rate': 0.026045723531433196, 'feature_fraction': 0.41082547754806004, 'bagging_fraction': 0.7960365747275568, 'bagging_freq': 1, 'num_leaves': 20, 'min_data_in_leaf': 1, 'extra_trees': True, 'min_data_per_group': 33, 'cat_l2': 0.0057706450059746015, 'cat_smooth': 0.009655103606276375, 'max_cat_to_onehot': 8, 'lambda_l1': 0.19419715424035733, 'lambda_l2': 0.41902927985268373}. Best is trial 19 with value: 0.12719049249046943.
Trial 22 finished with value: 0.12678653033002332 and parameters: {'learning_rate': 0.022057573816132138, 'feature_fraction': 0.40015726738282775, 'bagging_fraction': 0.7889044594951741, 'bagging_freq': 1, 'num_leaves': 16, 'min_data_in_leaf': 1, 'extra_trees': True, 'min_data_per_group': 31, 'cat_l2': 0.005629477793939277, 'cat_smooth': 0.0013760649237714781, 'max_cat_to_onehot': 8, 'lambda_l1': 0.16901012829675044, 'lambda_l2': 0.3508439204908808}. Best is trial 22 with value: 0.12678653033002332.
Trial 23 finished with value: 0.12755137984681642 and parameters: {'learning_rate': 0.01849341939745699, 'feature_fraction': 0.4001933765727732, 'bagging_fraction': 0.7959889103315229, 'bagging_freq': 1, 'num_leaves': 18, 'min_data_in_leaf': 1, 'extra_trees': True, 'min_data_per_group': 94, 'cat_l2': 0.005069240010466909, 'cat_smooth': 0.0010138379163144062, 'max_cat_to_onehot': 10, 'lambda_l1': 0.14064405852323106, 'lambda_l2': 0.26865418121227247}. Best is trial 22 with value: 0.12678653033002332.
Trial 24 finished with value: 0.17034974011604084 and parameters: {'learning_rate': 0.011224868171113775, 'feature_fraction': 0.4052166461379644, 'bagging_fraction': 0.820280326887031, 'bagging_freq': 1, 'num_leaves': 5, 'min_data_in_leaf': 1, 'extra_trees': True, 'min_data_per_group': 96, 'cat_l2': 0.022967714806724684, 'cat_smooth': 0.001008797883359273, 'max_cat_to_onehot': 11, 'lambda_l1': 0.11518302310678007, 'lambda_l2': 0.253284074350828}. Best is trial 22 with value: 0.12678653033002332.
Trial 25 finished with value: 0.12479586789071867 and parameters: {'learning_rate': 0.01859744776815931, 'feature_fraction': 0.5251097294595738, 'bagging_fraction': 0.7795537646347727, 'bagging_freq': 1, 'num_leaves': 45, 'min_data_in_leaf': 1, 'extra_trees': True, 'min_data_per_group': 61, 'cat_l2': 0.010662236692718964, 'cat_smooth': 0.002776091743567506, 'max_cat_to_onehot': 14, 'lambda_l1': 0.056419514652185546, 'lambda_l2': 0.050810661219009456}. Best is trial 25 with value: 0.12479586789071867.
Optuna Search Completed in: 196.34 seconds

Training final model on optimized parameter setup...

[LIGHTGBM FINALIZED METRICS]
Optimal Trees:         696
Log_Loss:             0.1189 (Delta to TabPFN: +0.0143)
Accuracy:             0.9639 (Delta to TabPFN: -0.0078)
Final Train Time:      2.21 seconds (0.8653s per 1K)
Final Infer Time:      0.02 seconds (0.0274s per 1K)

--- LIGHTGBM Feature Importance (Raw vs. Scaled Share) ---
Feature | Raw gain | Share
pca_embed_1 | 23156.51 | 20.37%
pca_embed_3 | 11599.17 | 10.21%
pca_embed_0 | 10043.94 | 8.84%
pca_embed_7 | 6340.40 | 5.58%
pca_embed_10 | 5272.24 | 4.64%
pca_embed_8 | 5196.67 | 4.57%
pca_embed_4 | 4763.67 | 4.19%
pca_embed_2 | 4710.33 | 4.14%
pca_embed_5 | 4616.33 | 4.06%
pca_embed_15 | 4122.00 | 3.63%
pca_embed_16 | 4061.48 | 3.57%
pca_embed_17 | 2245.39 | 1.98%
pca_embed_18 | 2160.83 | 1.90%
pca_embed_6 | 2148.68 | 1.89%
pca_embed_14 | 2088.73 | 1.84%
pca_embed_26 | 1594.40 | 1.40%
pca_embed_13 | 1439.30 | 1.27%
pca_embed_30 | 1436.42 | 1.26%
pca_embed_27 | 1317.22 | 1.16%
pca_embed_11 | 1284.87 | 1.13%
pca_embed_25 | 1281.77 | 1.13%
pca_embed_23 | 1233.31 | 1.09%
pca_embed_24 | 1230.55 | 1.08%
pca_embed_29 | 1184.12 | 1.04%
pca_embed_22 | 1178.97 | 1.04%
pca_embed_12 | 1116.43 | 0.98%
pca_embed_20 | 1098.33 | 0.97%
pca_embed_9 | 1059.30 | 0.93%
pca_embed_19 | 1014.30 | 0.89%
pca_embed_28 | 1004.22 | 0.88%
pca_embed_31 | 924.76 | 0.81%
pca_embed_32 | 910.12 | 0.80%
pca_embed_21 | 818.22 | 0.72%

=====================================================================
METRIC TYPE                                  | VALUE / PROFILE
=====================================================================
Embedding Share                              | 100.00%
Raw Feature Share                            | 0.00%
---------------------------------------------------------------------
Active Text Embedding Density                | 100.00% (33/33)
Active Raw Tabular Feature Density           | 0.00% (0/0)
---------------------------------------------------------------------
Top-5 Concentration Ratio (CR5)              | 49.64% of total decision weight
Top-10 Concentration Ratio (CR10)            | 70.23% of total decision weight
=====================================================================

Total Pipeline Execution Time: 200.37 seconds

[SUCCESS] Permanent artifacts safely written to 'outputs/training-4/'
[W&B] Artifacts and localized metrics logged successfully for splice_embed-only_lightgbm
