[W&B] Child process started for job: airfoil_self_noise_combined_catboost in group session-training-1
Loading archive 'archives/airfoil_self_noise.npz' and initializing pipeline for target: CATBOOST...
Execution Mode: COMBINED
Session Output Target: outputs/training-1/
Task Type: REGRESSION
TabPFN Baselines Loaded - Primary: 0.8975 | Secondary: 0.9836
PCA reduced text embeddings to 57 components.
Final training matrix shape assembled for COMBINED: (1202, 62)

Running 26-Trial Optuna Study for CATBOOST (COMBINED)...
A new study created in RDB with name: 20260623_223726_airfoil_self_noise_combined_catboost
Trial 0 finished with value: 9.997931291739254 and parameters: {}. Best is trial 0 with value: 9.997931291739254.
Trial 1 finished with value: 1.179388617906524 and parameters: {'learning_rate': 0.015355286838886862, 'bootstrap_type': 'Bernoulli', 'subsample': 0.9852142919229748, 'grow_policy': 'SymmetricTree', 'depth': 4, 'colsample_bylevel': 0.8733991780504303, 'l2_leaf_reg': 0.00018747059221802545, 'leaf_estimation_iterations': 12, 'one_hot_max_size': 36, 'model_size_reg': 0.6803900745073703, 'max_ctr_complexity': 2, 'boosting_type': 'Plain', 'max_bin': 254}. Best is trial 1 with value: 1.179388617906524.
Trial 2 finished with value: 1.4777022995695372 and parameters: {'learning_rate': 0.09138013915892866, 'bootstrap_type': 'Bernoulli', 'subsample': 0.9497327922401265, 'grow_policy': 'SymmetricTree', 'depth': 4, 'colsample_bylevel': 0.8956363364439306, 'l2_leaf_reg': 0.02922905212920092, 'leaf_estimation_iterations': 2, 'one_hot_max_size': 16, 'model_size_reg': 0.5243180891902851, 'max_ctr_complexity': 2, 'boosting_type': 'Plain', 'max_bin': 254}. Best is trial 1 with value: 1.179388617906524.
Trial 3 finished with value: 1.1758793733600883 and parameters: {'learning_rate': 0.011996621453406362, 'bootstrap_type': 'Bernoulli', 'subsample': 0.8099085529881075, 'grow_policy': 'Depthwise', 'depth': 4, 'colsample_bylevel': 0.9271351657620417, 'l2_leaf_reg': 0.06077686426194464, 'leaf_estimation_iterations': 1, 'one_hot_max_size': 36, 'model_size_reg': 0.15869086642715013, 'max_ctr_complexity': 2, 'boosting_type': 'Plain', 'max_bin': 254}. Best is trial 3 with value: 1.1758793733600883.
Trial 4 finished with value: 1.3730116766237188 and parameters: {'learning_rate': 0.08580222514877409, 'bootstrap_type': 'Bernoulli', 'subsample': 0.9896896099223678, 'grow_policy': 'SymmetricTree', 'depth': 4, 'colsample_bylevel': 0.9526349539768235, 'l2_leaf_reg': 0.011702088154220882, 'leaf_estimation_iterations': 1, 'one_hot_max_size': 27, 'model_size_reg': 0.10975998502129433, 'max_ctr_complexity': 5, 'boosting_type': 'Plain', 'max_bin': 254}. Best is trial 3 with value: 1.1758793733600883.
Trial 5 finished with value: 1.7491826673636066 and parameters: {'learning_rate': 0.010855517271883068, 'bootstrap_type': 'Bernoulli', 'subsample': 0.8987566853061946, 'grow_policy': 'Depthwise', 'depth': 6, 'colsample_bylevel': 0.877728168328829, 'l2_leaf_reg': 3.597899951374983, 'leaf_estimation_iterations': 9, 'one_hot_max_size': 86, 'model_size_reg': 1.128232550122133, 'max_ctr_complexity': 4, 'boosting_type': 'Plain', 'max_bin': 254}. Best is trial 3 with value: 1.1758793733600883.
Trial 6 finished with value: 1.7436067346769912 and parameters: {'learning_rate': 0.07913270952323785, 'bootstrap_type': 'Bernoulli', 'subsample': 0.7265477506155759, 'grow_policy': 'SymmetricTree', 'depth': 5, 'colsample_bylevel': 0.9083015934534223, 'l2_leaf_reg': 0.001883913511943895, 'leaf_estimation_iterations': 11, 'one_hot_max_size': 19, 'model_size_reg': 0.21399549030176218, 'max_ctr_complexity': 4, 'boosting_type': 'Plain', 'max_bin': 254}. Best is trial 3 with value: 1.1758793733600883.
Trial 7 finished with value: 2.5118206038940407 and parameters: {'learning_rate': 0.007626348515257587, 'bootstrap_type': 'Bernoulli', 'subsample': 0.9406590942262119, 'grow_policy': 'Depthwise', 'depth': 7, 'colsample_bylevel': 0.8798073522301258, 'l2_leaf_reg': 0.00010615690854925657, 'leaf_estimation_iterations': 10, 'one_hot_max_size': 47, 'model_size_reg': 0.7200770311577639, 'max_ctr_complexity': 5, 'boosting_type': 'Plain', 'max_bin': 254}. Best is trial 3 with value: 1.1758793733600883.
Trial 8 finished with value: 2.6328801613597785 and parameters: {'learning_rate': 0.006241720498669827, 'bootstrap_type': 'Bernoulli', 'subsample': 0.8075397185632818, 'grow_policy': 'Depthwise', 'depth': 7, 'colsample_bylevel': 0.8996347037278973, 'l2_leaf_reg': 0.00019891099118865958, 'leaf_estimation_iterations': 2, 'one_hot_max_size': 17, 'model_size_reg': 0.7212460519889856, 'max_ctr_complexity': 4, 'boosting_type': 'Plain', 'max_bin': 254}. Best is trial 3 with value: 1.1758793733600883.
Trial 9 finished with value: 3.4002696454100896 and parameters: {'learning_rate': 0.07132805718188966, 'bootstrap_type': 'Bernoulli', 'subsample': 0.8416644775485848, 'grow_policy': 'Depthwise', 'depth': 7, 'colsample_bylevel': 0.9341915796354244, 'l2_leaf_reg': 0.4195190175255899, 'leaf_estimation_iterations': 3, 'one_hot_max_size': 29, 'model_size_reg': 0.318293122389662, 'max_ctr_complexity': 2, 'boosting_type': 'Plain', 'max_bin': 254}. Best is trial 3 with value: 1.1758793733600883.
Trial 10 finished with value: 4.073528273260191 and parameters: {'learning_rate': 0.02632754856303217, 'bootstrap_type': 'Bernoulli', 'subsample': 0.701799154886745, 'grow_policy': 'Depthwise', 'depth': 8, 'colsample_bylevel': 0.9947167472260312, 'l2_leaf_reg': 0.17516619421446947, 'leaf_estimation_iterations': 1, 'one_hot_max_size': 8, 'model_size_reg': 0.11492914573793168, 'max_ctr_complexity': 3, 'boosting_type': 'Plain', 'max_bin': 254}. Best is trial 3 with value: 1.1758793733600883.
Trial 11 finished with value: 1.1781466236792075 and parameters: {'learning_rate': 0.015753387726212563, 'bootstrap_type': 'Bernoulli', 'subsample': 0.7979239426070239, 'grow_policy': 'SymmetricTree', 'depth': 4, 'colsample_bylevel': 0.8601730401643931, 'l2_leaf_reg': 0.0017481163980583247, 'leaf_estimation_iterations': 19, 'one_hot_max_size': 51, 'model_size_reg': 0.2204948892099201, 'max_ctr_complexity': 2, 'boosting_type': 'Plain', 'max_bin': 254}. Best is trial 3 with value: 1.1758793733600883.
Trial 12 finished with value: 1.4086663257447212 and parameters: {'learning_rate': 0.020334499458120252, 'bootstrap_type': 'Bernoulli', 'subsample': 0.7811858575604234, 'grow_policy': 'SymmetricTree', 'depth': 5, 'colsample_bylevel': 0.8541922776832994, 'l2_leaf_reg': 0.002859945715985297, 'leaf_estimation_iterations': 5, 'one_hot_max_size': 65, 'model_size_reg': 0.20744925311840962, 'max_ctr_complexity': 3, 'boosting_type': 'Plain', 'max_bin': 254}. Best is trial 3 with value: 1.1758793733600883.
Trial 13 finished with value: 1.4060050102693895 and parameters: {'learning_rate': 0.027532708516903086, 'bootstrap_type': 'Bernoulli', 'subsample': 0.8463664784189642, 'grow_policy': 'Depthwise', 'depth': 5, 'colsample_bylevel': 0.9636007742720188, 'l2_leaf_reg': 0.10697993006690087, 'leaf_estimation_iterations': 18, 'one_hot_max_size': 54, 'model_size_reg': 0.20881565191192614, 'max_ctr_complexity': 3, 'boosting_type': 'Plain', 'max_bin': 254}. Best is trial 3 with value: 1.1758793733600883.
Trial 14 finished with value: 1.1938800977807735 and parameters: {'learning_rate': 0.012034057135110266, 'bootstrap_type': 'Bernoulli', 'subsample': 0.7624841225940271, 'grow_policy': 'SymmetricTree', 'depth': 4, 'colsample_bylevel': 0.9241667179579247, 'l2_leaf_reg': 0.006439679936871292, 'leaf_estimation_iterations': 5, 'one_hot_max_size': 93, 'model_size_reg': 0.32462778233459855, 'max_ctr_complexity': 2, 'boosting_type': 'Plain', 'max_bin': 254}. Best is trial 3 with value: 1.1758793733600883.
Trial 15 finished with value: 1.6213641160912051 and parameters: {'learning_rate': 0.04415017166722884, 'bootstrap_type': 'Bernoulli', 'subsample': 0.8563310824892957, 'grow_policy': 'SymmetricTree', 'depth': 5, 'colsample_bylevel': 0.8507110179479633, 'l2_leaf_reg': 0.0009649417649234434, 'leaf_estimation_iterations': 1, 'one_hot_max_size': 38, 'model_size_reg': 0.15862413474372106, 'max_ctr_complexity': 2, 'boosting_type': 'Plain', 'max_bin': 254}. Best is trial 3 with value: 1.1758793733600883.
Trial 16 finished with value: 1.8352826881463389 and parameters: {'learning_rate': 0.005041462745872785, 'bootstrap_type': 'Bernoulli', 'subsample': 0.8024650284806477, 'grow_policy': 'Depthwise', 'depth': 4, 'colsample_bylevel': 0.9950571306332299, 'l2_leaf_reg': 1.2556849320310421, 'leaf_estimation_iterations': 5, 'one_hot_max_size': 66, 'model_size_reg': 0.32575658412201763, 'max_ctr_complexity': 3, 'boosting_type': 'Plain', 'max_bin': 254}. Best is trial 3 with value: 1.1758793733600883.
Trial 17 finished with value: 1.5980985036397952 and parameters: {'learning_rate': 0.010007918752186118, 'bootstrap_type': 'Bernoulli', 'subsample': 0.7525255121737926, 'grow_policy': 'SymmetricTree', 'depth': 6, 'colsample_bylevel': 0.9739071074276635, 'l2_leaf_reg': 0.039732991402858436, 'leaf_estimation_iterations': 2, 'one_hot_max_size': 23, 'model_size_reg': 0.15748206109657623, 'max_ctr_complexity': 2, 'boosting_type': 'Plain', 'max_bin': 254}. Best is trial 3 with value: 1.1758793733600883.
Trial 18 finished with value: 1.353920115010053 and parameters: {'learning_rate': 0.016963336704513762, 'bootstrap_type': 'Bernoulli', 'subsample': 0.8798608855346057, 'grow_policy': 'Depthwise', 'depth': 5, 'colsample_bylevel': 0.9358595091451619, 'l2_leaf_reg': 0.0008201688600278081, 'leaf_estimation_iterations': 20, 'one_hot_max_size': 13, 'model_size_reg': 0.4257650150846379, 'max_ctr_complexity': 3, 'boosting_type': 'Plain', 'max_bin': 254}. Best is trial 3 with value: 1.1758793733600883.
Trial 19 finished with value: 1.2927971878182294 and parameters: {'learning_rate': 0.03266540548786146, 'bootstrap_type': 'Bernoulli', 'subsample': 0.8159887397166963, 'grow_policy': 'Depthwise', 'depth': 4, 'colsample_bylevel': 0.9168615749229699, 'l2_leaf_reg': 0.04572673757626009, 'leaf_estimation_iterations': 1, 'one_hot_max_size': 41, 'model_size_reg': 0.14516215422337356, 'max_ctr_complexity': 2, 'boosting_type': 'Plain', 'max_bin': 254}. Best is trial 3 with value: 1.1758793733600883.
Trial 20 finished with value: 1.7541910044016498 and parameters: {'learning_rate': 0.008254996255912084, 'bootstrap_type': 'Bernoulli', 'subsample': 0.775116927475355, 'grow_policy': 'SymmetricTree', 'depth': 6, 'colsample_bylevel': 0.9469307822788757, 'l2_leaf_reg': 0.006229221140283893, 'leaf_estimation_iterations': 3, 'one_hot_max_size': 63, 'model_size_reg': 0.2460096901471415, 'max_ctr_complexity': 3, 'boosting_type': 'Plain', 'max_bin': 254}. Best is trial 3 with value: 1.1758793733600883.
Trial 21 finished with value: 1.1872104904933753 and parameters: {'learning_rate': 0.015184277322558098, 'bootstrap_type': 'Bernoulli', 'subsample': 0.9968383766596345, 'grow_policy': 'SymmetricTree', 'depth': 4, 'colsample_bylevel': 0.876064409062362, 'l2_leaf_reg': 0.00038045169138715247, 'leaf_estimation_iterations': 15, 'one_hot_max_size': 34, 'model_size_reg': 1.431612154278977, 'max_ctr_complexity': 2, 'boosting_type': 'Plain', 'max_bin': 254}. Best is trial 3 with value: 1.1758793733600883.
Trial 22 finished with value: 1.1810613998215205 and parameters: {'learning_rate': 0.013433473810228126, 'bootstrap_type': 'Bernoulli', 'subsample': 0.9143342041876494, 'grow_policy': 'SymmetricTree', 'depth': 4, 'colsample_bylevel': 0.8615673254289361, 'l2_leaf_reg': 0.0003430496316137856, 'leaf_estimation_iterations': 7, 'one_hot_max_size': 46, 'model_size_reg': 0.9243403439826616, 'max_ctr_complexity': 2, 'boosting_type': 'Plain', 'max_bin': 254}. Best is trial 3 with value: 1.1758793733600883.
Trial 23 finished with value: 1.198764042733988 and parameters: {'learning_rate': 0.019767613974676173, 'bootstrap_type': 'Bernoulli', 'subsample': 0.869691080971378, 'grow_policy': 'SymmetricTree', 'depth': 4, 'colsample_bylevel': 0.8667686265471943, 'l2_leaf_reg': 0.0001263687733576004, 'leaf_estimation_iterations': 13, 'one_hot_max_size': 31, 'model_size_reg': 0.467423303632269, 'max_ctr_complexity': 2, 'boosting_type': 'Plain', 'max_bin': 254}. Best is trial 3 with value: 1.1758793733600883.
Trial 24 finished with value: 1.3512647151609753 and parameters: {'learning_rate': 0.020936186328751282, 'bootstrap_type': 'Bernoulli', 'subsample': 0.7333594081210194, 'grow_policy': 'SymmetricTree', 'depth': 5, 'colsample_bylevel': 0.8846898159960264, 'l2_leaf_reg': 0.0007381488408183004, 'leaf_estimation_iterations': 7, 'one_hot_max_size': 24, 'model_size_reg': 0.6057676368354762, 'max_ctr_complexity': 2, 'boosting_type': 'Plain', 'max_bin': 254}. Best is trial 3 with value: 1.1758793733600883.
Trial 25 finished with value: 1.1869012192348445 and parameters: {'learning_rate': 0.010086889077711875, 'bootstrap_type': 'Bernoulli', 'subsample': 0.960429607909195, 'grow_policy': 'SymmetricTree', 'depth': 4, 'colsample_bylevel': 0.8927869789484951, 'l2_leaf_reg': 0.002082810886456268, 'leaf_estimation_iterations': 16, 'one_hot_max_size': 53, 'model_size_reg': 0.2845496887674549, 'max_ctr_complexity': 2, 'boosting_type': 'Plain', 'max_bin': 254}. Best is trial 3 with value: 1.1758793733600883.
Optuna Search Completed in: 615.22 seconds

Training final model on optimized parameter setup...

[CATBOOST FINALIZED METRICS]
Optimal Trees:         1000
RMSE:             0.9297 (Delta to TabPFN: +0.0322)
R2_Score:             0.9824 (Delta to TabPFN: -0.0012)
Final Train Time:      1.49 seconds (1.2402s per 1K)
Final Infer Time:      0.00 seconds (0.0152s per 1K)

--- CATBOOST Feature Importance (Raw vs. Scaled Share) ---
Feature | Raw gain | Share
pca_embed_0 | 67.38 | 67.38%
pca_embed_1 | 13.28 | 13.28%
pca_embed_2 | 10.28 | 10.28%
pca_embed_4 | 2.43 | 2.43%
pca_embed_3 | 2.16 | 2.16%
pca_embed_5 | 1.17 | 1.17%
pca_embed_7 | 0.44 | 0.44%
pca_embed_13 | 0.23 | 0.23%
pca_embed_12 | 0.17 | 0.17%
frequency | 0.16 | 0.16%
suction-side-displacement-thickness | 0.15 | 0.15%
pca_embed_9 | 0.11 | 0.11%
pca_embed_29 | 0.10 | 0.10%
pca_embed_11 | 0.09 | 0.09%
pca_embed_43 | 0.09 | 0.09%
pca_embed_17 | 0.09 | 0.09%
pca_embed_20 | 0.08 | 0.08%
pca_embed_16 | 0.08 | 0.08%
pca_embed_8 | 0.08 | 0.08%
attack-angle | 0.07 | 0.07%
pca_embed_25 | 0.06 | 0.06%
pca_embed_6 | 0.06 | 0.06%
pca_embed_18 | 0.05 | 0.05%
pca_embed_26 | 0.05 | 0.05%
pca_embed_10 | 0.05 | 0.05%
pca_embed_24 | 0.05 | 0.05%
pca_embed_22 | 0.05 | 0.05%
pca_embed_33 | 0.04 | 0.04%
chord-length | 0.04 | 0.04%
pca_embed_19 | 0.04 | 0.04%
pca_embed_32 | 0.04 | 0.04%
pca_embed_15 | 0.04 | 0.04%
pca_embed_40 | 0.04 | 0.04%
pca_embed_21 | 0.04 | 0.04%
pca_embed_42 | 0.04 | 0.04%
pca_embed_31 | 0.04 | 0.04%
pca_embed_37 | 0.03 | 0.03%
pca_embed_56 | 0.03 | 0.03%
pca_embed_34 | 0.03 | 0.03%
pca_embed_23 | 0.03 | 0.03%
pca_embed_54 | 0.03 | 0.03%
pca_embed_44 | 0.03 | 0.03%
pca_embed_41 | 0.03 | 0.03%
pca_embed_49 | 0.03 | 0.03%
pca_embed_50 | 0.03 | 0.03%
pca_embed_30 | 0.03 | 0.03%
pca_embed_51 | 0.03 | 0.03%
pca_embed_39 | 0.03 | 0.03%
pca_embed_35 | 0.03 | 0.03%
pca_embed_47 | 0.03 | 0.03%
pca_embed_38 | 0.02 | 0.02%
pca_embed_53 | 0.02 | 0.02%
pca_embed_45 | 0.02 | 0.02%
pca_embed_46 | 0.02 | 0.02%
pca_embed_36 | 0.02 | 0.02%
pca_embed_27 | 0.02 | 0.02%
pca_embed_28 | 0.02 | 0.02%
pca_embed_48 | 0.02 | 0.02%
pca_embed_14 | 0.02 | 0.02%
pca_embed_55 | 0.02 | 0.02%
pca_embed_52 | 0.02 | 0.02%
free-stream-velocity | 0.01 | 0.01%

=====================================================================
METRIC TYPE                                  | VALUE / PROFILE
=====================================================================
Embedding Share                              | 99.56%
Raw Feature Share                            | 0.44%
---------------------------------------------------------------------
Active Text Embedding Density                | 100.00% (57/57)
Active Raw Tabular Feature Density           | 100.00% (5/5)
---------------------------------------------------------------------
Top-5 Concentration Ratio (CR5)              | 95.54% of total decision weight
Top-10 Concentration Ratio (CR10)            | 97.71% of total decision weight
=====================================================================

Total Pipeline Execution Time: 618.32 seconds

[SUCCESS] Permanent artifacts safely written to 'outputs/training-1/'
[W&B] Artifacts and localized metrics logged successfully for airfoil_self_noise_combined_catboost
