[W&B] Child process started for job: sdss17_raw-only_catboost in group session-training-2
Loading archive 'archives/sdss17.npz' and initializing pipeline for target: CATBOOST...
Execution Mode: RAW-ONLY
Session Output Target: outputs/training-2/
Task Type: MULTICLASS
TabPFN Baselines Loaded - Primary: 0.0635 | Secondary: 0.9795
PCA reduced text embeddings to 21 components.
Final training matrix shape assembled for RAW-ONLY: (62442, 11)

Running 26-Trial Optuna Study for CATBOOST (RAW-ONLY)...
A new study created in RDB with name: 20260625_055313_sdss17_raw-only_catboost
Trial 0 finished with value: 0.13056387316242085 and parameters: {}. Best is trial 0 with value: 0.13056387316242085.
Trial 1 finished with value: 0.07871473039837243 and parameters: {'learning_rate': 0.015355286838886862, 'bootstrap_type': 'Bernoulli', 'subsample': 0.9852142919229748, 'grow_policy': 'SymmetricTree', 'depth': 4, 'colsample_bylevel': 0.8733991780504303, 'l2_leaf_reg': 0.00018747059221802545, 'leaf_estimation_iterations': 12, 'one_hot_max_size': 36, 'model_size_reg': 0.6803900745073703, 'max_ctr_complexity': 2, 'boosting_type': 'Plain', 'max_bin': 254}. Best is trial 1 with value: 0.07871473039837243.
Trial 2 finished with value: 0.07628808504450271 and parameters: {'learning_rate': 0.09138013915892866, 'bootstrap_type': 'Bernoulli', 'subsample': 0.9497327922401265, 'grow_policy': 'SymmetricTree', 'depth': 4, 'colsample_bylevel': 0.8956363364439306, 'l2_leaf_reg': 0.02922905212920092, 'leaf_estimation_iterations': 2, 'one_hot_max_size': 16, 'model_size_reg': 0.5243180891902851, 'max_ctr_complexity': 2, 'boosting_type': 'Plain', 'max_bin': 254}. Best is trial 2 with value: 0.07628808504450271.
Trial 3 finished with value: 0.0826903803432029 and parameters: {'learning_rate': 0.011996621453406362, 'bootstrap_type': 'Bernoulli', 'subsample': 0.8099085529881075, 'grow_policy': 'Depthwise', 'depth': 4, 'colsample_bylevel': 0.9271351657620417, 'l2_leaf_reg': 0.06077686426194464, 'leaf_estimation_iterations': 1, 'one_hot_max_size': 36, 'model_size_reg': 0.15869086642715013, 'max_ctr_complexity': 2, 'boosting_type': 'Plain', 'max_bin': 254}. Best is trial 2 with value: 0.07628808504450271.
Trial 4 finished with value: 0.07648703898630907 and parameters: {'learning_rate': 0.08580222514877409, 'bootstrap_type': 'Bernoulli', 'subsample': 0.9896896099223678, 'grow_policy': 'SymmetricTree', 'depth': 4, 'colsample_bylevel': 0.9526349539768235, 'l2_leaf_reg': 0.011702088154220882, 'leaf_estimation_iterations': 1, 'one_hot_max_size': 27, 'model_size_reg': 0.10975998502129433, 'max_ctr_complexity': 5, 'boosting_type': 'Plain', 'max_bin': 254}. Best is trial 2 with value: 0.07628808504450271.
Trial 5 finished with value: 0.07803459116090518 and parameters: {'learning_rate': 0.010855517271883068, 'bootstrap_type': 'Bernoulli', 'subsample': 0.8987566853061946, 'grow_policy': 'Depthwise', 'depth': 6, 'colsample_bylevel': 0.877728168328829, 'l2_leaf_reg': 3.597899951374983, 'leaf_estimation_iterations': 9, 'one_hot_max_size': 86, 'model_size_reg': 1.128232550122133, 'max_ctr_complexity': 4, 'boosting_type': 'Plain', 'max_bin': 254}. Best is trial 2 with value: 0.07628808504450271.
Trial 6 finished with value: 0.07802921624240527 and parameters: {'learning_rate': 0.07913270952323785, 'bootstrap_type': 'Bernoulli', 'subsample': 0.7265477506155759, 'grow_policy': 'SymmetricTree', 'depth': 5, 'colsample_bylevel': 0.9083015934534223, 'l2_leaf_reg': 0.001883913511943895, 'leaf_estimation_iterations': 11, 'one_hot_max_size': 19, 'model_size_reg': 0.21399549030176218, 'max_ctr_complexity': 4, 'boosting_type': 'Plain', 'max_bin': 254}. Best is trial 2 with value: 0.07628808504450271.
Trial 7 finished with value: 0.07795463003519523 and parameters: {'learning_rate': 0.007626348515257587, 'bootstrap_type': 'Bernoulli', 'subsample': 0.9406590942262119, 'grow_policy': 'Depthwise', 'depth': 7, 'colsample_bylevel': 0.8798073522301258, 'l2_leaf_reg': 0.00010615690854925657, 'leaf_estimation_iterations': 10, 'one_hot_max_size': 47, 'model_size_reg': 0.7200770311577639, 'max_ctr_complexity': 5, 'boosting_type': 'Plain', 'max_bin': 254}. Best is trial 2 with value: 0.07628808504450271.
Trial 8 finished with value: 0.08024566390595966 and parameters: {'learning_rate': 0.006241720498669827, 'bootstrap_type': 'Bernoulli', 'subsample': 0.8075397185632818, 'grow_policy': 'Depthwise', 'depth': 7, 'colsample_bylevel': 0.8996347037278973, 'l2_leaf_reg': 0.00019891099118865958, 'leaf_estimation_iterations': 2, 'one_hot_max_size': 17, 'model_size_reg': 0.7212460519889856, 'max_ctr_complexity': 4, 'boosting_type': 'Plain', 'max_bin': 254}. Best is trial 2 with value: 0.07628808504450271.
Trial 9 finished with value: 0.07754772025947032 and parameters: {'learning_rate': 0.07132805718188966, 'bootstrap_type': 'Bernoulli', 'subsample': 0.8416644775485848, 'grow_policy': 'Depthwise', 'depth': 7, 'colsample_bylevel': 0.9341915796354244, 'l2_leaf_reg': 0.4195190175255899, 'leaf_estimation_iterations': 3, 'one_hot_max_size': 29, 'model_size_reg': 0.318293122389662, 'max_ctr_complexity': 2, 'boosting_type': 'Plain', 'max_bin': 254}. Best is trial 2 with value: 0.07628808504450271.
Trial 10 finished with value: 0.07552951402162444 and parameters: {'learning_rate': 0.034362454376490444, 'bootstrap_type': 'Bernoulli', 'subsample': 0.701799154886745, 'grow_policy': 'SymmetricTree', 'depth': 8, 'colsample_bylevel': 0.994218715820859, 'l2_leaf_reg': 0.16834311272906852, 'leaf_estimation_iterations': 4, 'one_hot_max_size': 8, 'model_size_reg': 0.37215132795144673, 'max_ctr_complexity': 3, 'boosting_type': 'Plain', 'max_bin': 254}. Best is trial 10 with value: 0.07552951402162444.
Trial 11 finished with value: 0.07557466704283107 and parameters: {'learning_rate': 0.03630354218961072, 'bootstrap_type': 'Bernoulli', 'subsample': 0.7062764734427406, 'grow_policy': 'SymmetricTree', 'depth': 8, 'colsample_bylevel': 0.9977105725359634, 'l2_leaf_reg': 0.08150259101837247, 'leaf_estimation_iterations': 4, 'one_hot_max_size': 8, 'model_size_reg': 0.38632923746259723, 'max_ctr_complexity': 3, 'boosting_type': 'Plain', 'max_bin': 254}. Best is trial 10 with value: 0.07552951402162444.
Trial 12 finished with value: 0.07509672040587351 and parameters: {'learning_rate': 0.033288450375343226, 'bootstrap_type': 'Bernoulli', 'subsample': 0.7021376742178523, 'grow_policy': 'SymmetricTree', 'depth': 8, 'colsample_bylevel': 0.9986921358549545, 'l2_leaf_reg': 0.3462412715907595, 'leaf_estimation_iterations': 5, 'one_hot_max_size': 8, 'model_size_reg': 0.35360586656532517, 'max_ctr_complexity': 3, 'boosting_type': 'Plain', 'max_bin': 254}. Best is trial 12 with value: 0.07509672040587351.
Trial 13 finished with value: 0.07436904857706439 and parameters: {'learning_rate': 0.02711641797158028, 'bootstrap_type': 'Bernoulli', 'subsample': 0.7497138084188557, 'grow_policy': 'SymmetricTree', 'depth': 8, 'colsample_bylevel': 0.9996210351001275, 'l2_leaf_reg': 1.0163453635132311, 'leaf_estimation_iterations': 5, 'one_hot_max_size': 8, 'model_size_reg': 0.2603850114326197, 'max_ctr_complexity': 3, 'boosting_type': 'Plain', 'max_bin': 254}. Best is trial 13 with value: 0.07436904857706439.
Trial 14 finished with value: 0.07457658121359821 and parameters: {'learning_rate': 0.025455861661928342, 'bootstrap_type': 'Bernoulli', 'subsample': 0.7666172181997991, 'grow_policy': 'SymmetricTree', 'depth': 8, 'colsample_bylevel': 0.9730708379780038, 'l2_leaf_reg': 1.670480165334409, 'leaf_estimation_iterations': 20, 'one_hot_max_size': 11, 'model_size_reg': 0.23660607598056638, 'max_ctr_complexity': 3, 'boosting_type': 'Plain', 'max_bin': 254}. Best is trial 13 with value: 0.07436904857706439.
Trial 15 finished with value: 0.07440939293673159 and parameters: {'learning_rate': 0.021611270454550274, 'bootstrap_type': 'Bernoulli', 'subsample': 0.7668101032872505, 'grow_policy': 'SymmetricTree', 'depth': 8, 'colsample_bylevel': 0.9704958627532083, 'l2_leaf_reg': 2.7355756910051285, 'leaf_estimation_iterations': 20, 'one_hot_max_size': 12, 'model_size_reg': 0.20682992712560946, 'max_ctr_complexity': 3, 'boosting_type': 'Plain', 'max_bin': 254}. Best is trial 13 with value: 0.07436904857706439.
Trial 16 finished with value: 0.07474437949537226 and parameters: {'learning_rate': 0.020872609372749255, 'bootstrap_type': 'Bernoulli', 'subsample': 0.7606223945404278, 'grow_policy': 'SymmetricTree', 'depth': 7, 'colsample_bylevel': 0.9705308965631888, 'l2_leaf_reg': 1.3037573475403719, 'leaf_estimation_iterations': 17, 'one_hot_max_size': 12, 'model_size_reg': 0.15359078654047303, 'max_ctr_complexity': 3, 'boosting_type': 'Plain', 'max_bin': 254}. Best is trial 13 with value: 0.07436904857706439.
Trial 17 finished with value: 0.07425021467316871 and parameters: {'learning_rate': 0.05011419823179264, 'bootstrap_type': 'Bernoulli', 'subsample': 0.7648728540062815, 'grow_policy': 'SymmetricTree', 'depth': 6, 'colsample_bylevel': 0.9722979030925358, 'l2_leaf_reg': 3.62887021416661, 'leaf_estimation_iterations': 5, 'one_hot_max_size': 12, 'model_size_reg': 0.23705713521944344, 'max_ctr_complexity': 4, 'boosting_type': 'Plain', 'max_bin': 254}. Best is trial 17 with value: 0.07425021467316871.
Trial 18 finished with value: 0.07472045954538122 and parameters: {'learning_rate': 0.05035068617365357, 'bootstrap_type': 'Bernoulli', 'subsample': 0.8348399268826485, 'grow_policy': 'SymmetricTree', 'depth': 6, 'colsample_bylevel': 0.9514164963170597, 'l2_leaf_reg': 0.713154094881591, 'leaf_estimation_iterations': 6, 'one_hot_max_size': 12, 'model_size_reg': 0.11962849525660482, 'max_ctr_complexity': 4, 'boosting_type': 'Plain', 'max_bin': 254}. Best is trial 17 with value: 0.07425021467316871.
Trial 19 finished with value: 0.07457621187885244 and parameters: {'learning_rate': 0.05360116129238042, 'bootstrap_type': 'Bernoulli', 'subsample': 0.745000544284152, 'grow_policy': 'SymmetricTree', 'depth': 6, 'colsample_bylevel': 0.852253181743853, 'l2_leaf_reg': 4.110314126987869, 'leaf_estimation_iterations': 2, 'one_hot_max_size': 22, 'model_size_reg': 0.2610916571451404, 'max_ctr_complexity': 5, 'boosting_type': 'Plain', 'max_bin': 254}. Best is trial 17 with value: 0.07425021467316871.
Trial 20 finished with value: 0.07520595109223621 and parameters: {'learning_rate': 0.046748846781673084, 'bootstrap_type': 'Bernoulli', 'subsample': 0.7920205640102996, 'grow_policy': 'SymmetricTree', 'depth': 5, 'colsample_bylevel': 0.983760163657312, 'l2_leaf_reg': 0.6925301257385463, 'leaf_estimation_iterations': 7, 'one_hot_max_size': 10, 'model_size_reg': 0.1652777300232624, 'max_ctr_complexity': 4, 'boosting_type': 'Plain', 'max_bin': 254}. Best is trial 17 with value: 0.07425021467316871.
Trial 21 finished with value: 0.07428290938740802 and parameters: {'learning_rate': 0.021933266082460993, 'bootstrap_type': 'Bernoulli', 'subsample': 0.77954864840098, 'grow_policy': 'SymmetricTree', 'depth': 8, 'colsample_bylevel': 0.9638217665286416, 'l2_leaf_reg': 4.864977143985637, 'leaf_estimation_iterations': 7, 'one_hot_max_size': 15, 'model_size_reg': 0.20193508144752698, 'max_ctr_complexity': 3, 'boosting_type': 'Plain', 'max_bin': 254}. Best is trial 17 with value: 0.07425021467316871.
Trial 22 finished with value: 0.0753715572188702 and parameters: {'learning_rate': 0.016088292410355108, 'bootstrap_type': 'Bernoulli', 'subsample': 0.8607861496578445, 'grow_policy': 'SymmetricTree', 'depth': 7, 'colsample_bylevel': 0.9635972149215041, 'l2_leaf_reg': 1.3622115580298444, 'leaf_estimation_iterations': 3, 'one_hot_max_size': 15, 'model_size_reg': 0.28974188106312043, 'max_ctr_complexity': 3, 'boosting_type': 'Plain', 'max_bin': 254}. Best is trial 17 with value: 0.07425021467316871.
Trial 23 finished with value: 0.07575469807184976 and parameters: {'learning_rate': 0.027060701058532585, 'bootstrap_type': 'Bernoulli', 'subsample': 0.7857833396100271, 'grow_policy': 'SymmetricTree', 'depth': 5, 'colsample_bylevel': 0.9852564448901723, 'l2_leaf_reg': 4.960835642117499, 'leaf_estimation_iterations': 7, 'one_hot_max_size': 14, 'model_size_reg': 0.4719420915810851, 'max_ctr_complexity': 4, 'boosting_type': 'Plain', 'max_bin': 254}. Best is trial 17 with value: 0.07425021467316871.
Trial 24 finished with value: 0.07514283635862758 and parameters: {'learning_rate': 0.059947232670263625, 'bootstrap_type': 'Bernoulli', 'subsample': 0.7425979044459801, 'grow_policy': 'SymmetricTree', 'depth': 6, 'colsample_bylevel': 0.9543605217252402, 'l2_leaf_reg': 0.19399065288495632, 'leaf_estimation_iterations': 4, 'one_hot_max_size': 9, 'model_size_reg': 0.1849076198554708, 'max_ctr_complexity': 3, 'boosting_type': 'Plain', 'max_bin': 254}. Best is trial 17 with value: 0.07425021467316871.
Trial 25 finished with value: 0.07421179262228898 and parameters: {'learning_rate': 0.0413906979922867, 'bootstrap_type': 'Bernoulli', 'subsample': 0.7332057341149422, 'grow_policy': 'SymmetricTree', 'depth': 8, 'colsample_bylevel': 0.9370918114325002, 'l2_leaf_reg': 1.1547720200079652, 'leaf_estimation_iterations': 3, 'one_hot_max_size': 22, 'model_size_reg': 0.14220251680999124, 'max_ctr_complexity': 4, 'boosting_type': 'Plain', 'max_bin': 254}. Best is trial 25 with value: 0.07421179262228898.
Optuna Search Completed in: 7409.02 seconds

Training final model on optimized parameter setup...

[CATBOOST FINALIZED METRICS]
Optimal Trees:         833
Log_Loss:             0.0755 (Delta to TabPFN: +0.0119)
Accuracy:             0.9769 (Delta to TabPFN: -0.0026)
Final Train Time:      33.39 seconds (0.5347s per 1K)
Final Infer Time:      0.08 seconds (0.0053s per 1K)

--- CATBOOST Feature Importance (Raw vs. Scaled Share) ---
Feature | Raw gain | Share
redshift | 50.03 | 50.03%
plate | 7.90 | 7.90%
u | 7.26 | 7.26%
fiber_ID | 7.25 | 7.25%
g | 6.55 | 6.55%
z | 5.63 | 5.63%
i | 4.12 | 4.12%
delta | 3.68 | 3.68%
alpha | 3.29 | 3.29%
r | 2.80 | 2.80%
cam_col | 1.50 | 1.50%

=====================================================================
METRIC TYPE                                  | VALUE / PROFILE
=====================================================================
Embedding Share                              | 0.00%
Raw Feature Share                            | 100.00%
---------------------------------------------------------------------
Active Text Embedding Density                | 0.00% (0/0)
Active Raw Tabular Feature Density           | 100.00% (11/11)
---------------------------------------------------------------------
Top-5 Concentration Ratio (CR5)              | 78.98% of total decision weight
Top-10 Concentration Ratio (CR10)            | 98.50% of total decision weight
=====================================================================

Total Pipeline Execution Time: 7444.82 seconds

[SUCCESS] Permanent artifacts safely written to 'outputs/training-2/'
[W&B] Artifacts and localized metrics logged successfully for sdss17_raw-only_catboost
