[W&B] Child process started for job: naticusdroid_embed-only_catboost in group session-training-4
Loading archive 'archives/naticusdroid.npz' and initializing pipeline for target: CATBOOST...
Execution Mode: EMBED-ONLY
Session Output Target: outputs/training-4/
Task Type: BINARY
TabPFN Baselines Loaded - Primary: 0.0105 | Secondary: 0.9460
PCA reduced text embeddings to 36 components.
Final training matrix shape assembled for EMBED-ONLY: (5992, 36)

Running 26-Trial Optuna Study for CATBOOST (EMBED-ONLY)...
A new study created in RDB with name: 20260625_000349_naticusdroid_embed-only_catboost
Trial 0 finished with value: 0.024503545860880327 and parameters: {}. Best is trial 0 with value: 0.024503545860880327.
Trial 1 finished with value: 0.020690235989599737 and parameters: {'learning_rate': 0.015355286838886862, 'bootstrap_type': 'Bernoulli', 'subsample': 0.9852142919229748, 'grow_policy': 'SymmetricTree', 'depth': 4, 'colsample_bylevel': 0.8733991780504303, 'l2_leaf_reg': 0.00018747059221802545, 'leaf_estimation_iterations': 12, 'one_hot_max_size': 36, 'model_size_reg': 0.6803900745073703, 'max_ctr_complexity': 2, 'boosting_type': 'Plain', 'max_bin': 254}. Best is trial 1 with value: 0.020690235989599737.
Trial 2 finished with value: 0.020660375525947017 and parameters: {'learning_rate': 0.09138013915892866, 'bootstrap_type': 'Bernoulli', 'subsample': 0.9497327922401265, 'grow_policy': 'SymmetricTree', 'depth': 4, 'colsample_bylevel': 0.8956363364439306, 'l2_leaf_reg': 0.02922905212920092, 'leaf_estimation_iterations': 2, 'one_hot_max_size': 16, 'model_size_reg': 0.5243180891902851, 'max_ctr_complexity': 2, 'boosting_type': 'Plain', 'max_bin': 254}. Best is trial 2 with value: 0.020660375525947017.
Trial 3 finished with value: 0.019594951278864348 and parameters: {'learning_rate': 0.011996621453406362, 'bootstrap_type': 'Bernoulli', 'subsample': 0.8099085529881075, 'grow_policy': 'Depthwise', 'depth': 4, 'colsample_bylevel': 0.9271351657620417, 'l2_leaf_reg': 0.06077686426194464, 'leaf_estimation_iterations': 1, 'one_hot_max_size': 36, 'model_size_reg': 0.15869086642715013, 'max_ctr_complexity': 2, 'boosting_type': 'Plain', 'max_bin': 254}. Best is trial 3 with value: 0.019594951278864348.
Trial 4 finished with value: 0.02034229297367296 and parameters: {'learning_rate': 0.08580222514877409, 'bootstrap_type': 'Bernoulli', 'subsample': 0.9896896099223678, 'grow_policy': 'SymmetricTree', 'depth': 4, 'colsample_bylevel': 0.9526349539768235, 'l2_leaf_reg': 0.011702088154220882, 'leaf_estimation_iterations': 1, 'one_hot_max_size': 27, 'model_size_reg': 0.10975998502129433, 'max_ctr_complexity': 5, 'boosting_type': 'Plain', 'max_bin': 254}. Best is trial 3 with value: 0.019594951278864348.
Trial 5 finished with value: 0.018468007475379578 and parameters: {'learning_rate': 0.010855517271883068, 'bootstrap_type': 'Bernoulli', 'subsample': 0.8987566853061946, 'grow_policy': 'Depthwise', 'depth': 6, 'colsample_bylevel': 0.877728168328829, 'l2_leaf_reg': 3.597899951374983, 'leaf_estimation_iterations': 9, 'one_hot_max_size': 86, 'model_size_reg': 1.128232550122133, 'max_ctr_complexity': 4, 'boosting_type': 'Plain', 'max_bin': 254}. Best is trial 5 with value: 0.018468007475379578.
Trial 6 finished with value: 0.02261263603488939 and parameters: {'learning_rate': 0.07913270952323785, 'bootstrap_type': 'Bernoulli', 'subsample': 0.7265477506155759, 'grow_policy': 'SymmetricTree', 'depth': 5, 'colsample_bylevel': 0.9083015934534223, 'l2_leaf_reg': 0.001883913511943895, 'leaf_estimation_iterations': 11, 'one_hot_max_size': 19, 'model_size_reg': 0.21399549030176218, 'max_ctr_complexity': 4, 'boosting_type': 'Plain', 'max_bin': 254}. Best is trial 5 with value: 0.018468007475379578.
Trial 7 finished with value: 0.020130162174558208 and parameters: {'learning_rate': 0.007626348515257587, 'bootstrap_type': 'Bernoulli', 'subsample': 0.9406590942262119, 'grow_policy': 'Depthwise', 'depth': 7, 'colsample_bylevel': 0.8798073522301258, 'l2_leaf_reg': 0.00010615690854925657, 'leaf_estimation_iterations': 10, 'one_hot_max_size': 47, 'model_size_reg': 0.7200770311577639, 'max_ctr_complexity': 5, 'boosting_type': 'Plain', 'max_bin': 254}. Best is trial 5 with value: 0.018468007475379578.
Trial 8 finished with value: 0.01871275705560238 and parameters: {'learning_rate': 0.006241720498669827, 'bootstrap_type': 'Bernoulli', 'subsample': 0.8075397185632818, 'grow_policy': 'Depthwise', 'depth': 7, 'colsample_bylevel': 0.8996347037278973, 'l2_leaf_reg': 0.00019891099118865958, 'leaf_estimation_iterations': 2, 'one_hot_max_size': 17, 'model_size_reg': 0.7212460519889856, 'max_ctr_complexity': 4, 'boosting_type': 'Plain', 'max_bin': 254}. Best is trial 5 with value: 0.018468007475379578.
Trial 9 finished with value: 0.0200783655072605 and parameters: {'learning_rate': 0.07132805718188966, 'bootstrap_type': 'Bernoulli', 'subsample': 0.8416644775485848, 'grow_policy': 'Depthwise', 'depth': 7, 'colsample_bylevel': 0.9341915796354244, 'l2_leaf_reg': 0.4195190175255899, 'leaf_estimation_iterations': 3, 'one_hot_max_size': 29, 'model_size_reg': 0.318293122389662, 'max_ctr_complexity': 2, 'boosting_type': 'Plain', 'max_bin': 254}. Best is trial 5 with value: 0.018468007475379578.
Trial 10 finished with value: 0.018679325485266407 and parameters: {'learning_rate': 0.03273941684536397, 'bootstrap_type': 'Bernoulli', 'subsample': 0.701799154886745, 'grow_policy': 'Depthwise', 'depth': 8, 'colsample_bylevel': 0.9942561717820161, 'l2_leaf_reg': 1.841152012664479, 'leaf_estimation_iterations': 5, 'one_hot_max_size': 92, 'model_size_reg': 1.3327052390755632, 'max_ctr_complexity': 3, 'boosting_type': 'Plain', 'max_bin': 254}. Best is trial 5 with value: 0.018468007475379578.
Trial 11 finished with value: 0.01905577291862648 and parameters: {'learning_rate': 0.032292835893222384, 'bootstrap_type': 'Bernoulli', 'subsample': 0.7062334097277313, 'grow_policy': 'Depthwise', 'depth': 8, 'colsample_bylevel': 0.9977495407596995, 'l2_leaf_reg': 3.4391948739985434, 'leaf_estimation_iterations': 5, 'one_hot_max_size': 100, 'model_size_reg': 1.3562496261778056, 'max_ctr_complexity': 3, 'boosting_type': 'Plain', 'max_bin': 254}. Best is trial 5 with value: 0.018468007475379578.
Trial 12 finished with value: 0.018866810900833086 and parameters: {'learning_rate': 0.027762138031158075, 'bootstrap_type': 'Bernoulli', 'subsample': 0.8728834389053947, 'grow_policy': 'Depthwise', 'depth': 6, 'colsample_bylevel': 0.9968091155777735, 'l2_leaf_reg': 4.64094441301541, 'leaf_estimation_iterations': 20, 'one_hot_max_size': 99, 'model_size_reg': 1.4586328171552265, 'max_ctr_complexity': 4, 'boosting_type': 'Plain', 'max_bin': 254}. Best is trial 5 with value: 0.018468007475379578.
Trial 13 finished with value: 0.019567666654606186 and parameters: {'learning_rate': 0.030979639130536484, 'bootstrap_type': 'Bernoulli', 'subsample': 0.7562934386152302, 'grow_policy': 'Depthwise', 'depth': 8, 'colsample_bylevel': 0.9696992303618526, 'l2_leaf_reg': 0.7400650019112361, 'leaf_estimation_iterations': 5, 'one_hot_max_size': 69, 'model_size_reg': 1.0601594222951765, 'max_ctr_complexity': 3, 'boosting_type': 'Plain', 'max_bin': 254}. Best is trial 5 with value: 0.018468007475379578.
Trial 14 finished with value: 0.01862612040741296 and parameters: {'learning_rate': 0.017251789430967935, 'bootstrap_type': 'Bernoulli', 'subsample': 0.8952905014665653, 'grow_policy': 'Depthwise', 'depth': 6, 'colsample_bylevel': 0.8605658041701576, 'l2_leaf_reg': 0.5570157641836385, 'leaf_estimation_iterations': 6, 'one_hot_max_size': 61, 'model_size_reg': 0.9510554511345759, 'max_ctr_complexity': 3, 'boosting_type': 'Plain', 'max_bin': 254}. Best is trial 5 with value: 0.018468007475379578.
Trial 15 finished with value: 0.01871829899891997 and parameters: {'learning_rate': 0.014605596143183658, 'bootstrap_type': 'Bernoulli', 'subsample': 0.8965093050191362, 'grow_policy': 'Depthwise', 'depth': 6, 'colsample_bylevel': 0.8507110179479633, 'l2_leaf_reg': 0.24966841048430308, 'leaf_estimation_iterations': 7, 'one_hot_max_size': 60, 'model_size_reg': 0.45873983522616135, 'max_ctr_complexity': 4, 'boosting_type': 'Plain', 'max_bin': 254}. Best is trial 5 with value: 0.018468007475379578.
Trial 16 finished with value: 0.018586537621834265 and parameters: {'learning_rate': 0.010162998928893018, 'bootstrap_type': 'Bernoulli', 'subsample': 0.9121583435699054, 'grow_policy': 'Depthwise', 'depth': 6, 'colsample_bylevel': 0.850496142027363, 'l2_leaf_reg': 0.10599792051466628, 'leaf_estimation_iterations': 18, 'one_hot_max_size': 61, 'model_size_reg': 1.0211703131970615, 'max_ctr_complexity': 3, 'boosting_type': 'Plain', 'max_bin': 254}. Best is trial 5 with value: 0.018468007475379578.
Trial 17 finished with value: 0.018651896023646364 and parameters: {'learning_rate': 0.009409147767169336, 'bootstrap_type': 'Bernoulli', 'subsample': 0.9300089218061615, 'grow_policy': 'Depthwise', 'depth': 5, 'colsample_bylevel': 0.8750381063586635, 'l2_leaf_reg': 0.07396888061948041, 'leaf_estimation_iterations': 17, 'one_hot_max_size': 10, 'model_size_reg': 0.9181904270758328, 'max_ctr_complexity': 4, 'boosting_type': 'Plain', 'max_bin': 254}. Best is trial 5 with value: 0.018468007475379578.
Trial 18 finished with value: 0.0191868058474024 and parameters: {'learning_rate': 0.005504434152974584, 'bootstrap_type': 'Bernoulli', 'subsample': 0.8556677661947276, 'grow_policy': 'Depthwise', 'depth': 5, 'colsample_bylevel': 0.8560016251479623, 'l2_leaf_reg': 0.0026491686342597245, 'leaf_estimation_iterations': 15, 'one_hot_max_size': 69, 'model_size_reg': 0.42877191800857767, 'max_ctr_complexity': 3, 'boosting_type': 'Plain', 'max_bin': 254}. Best is trial 5 with value: 0.018468007475379578.
Trial 19 finished with value: 0.018805381418446898 and parameters: {'learning_rate': 0.02128115987394272, 'bootstrap_type': 'Bernoulli', 'subsample': 0.9100497871825075, 'grow_policy': 'SymmetricTree', 'depth': 6, 'colsample_bylevel': 0.8855593903496718, 'l2_leaf_reg': 0.16551802564393897, 'leaf_estimation_iterations': 8, 'one_hot_max_size': 47, 'model_size_reg': 1.045629979048268, 'max_ctr_complexity': 5, 'boosting_type': 'Plain', 'max_bin': 254}. Best is trial 5 with value: 0.018468007475379578.
Trial 20 finished with value: 0.018551690512893404 and parameters: {'learning_rate': 0.01026780540529718, 'bootstrap_type': 'Bernoulli', 'subsample': 0.8154735089091577, 'grow_policy': 'Depthwise', 'depth': 7, 'colsample_bylevel': 0.9182894499452476, 'l2_leaf_reg': 0.007414672525707709, 'leaf_estimation_iterations': 3, 'one_hot_max_size': 46, 'model_size_reg': 0.33531013302282126, 'max_ctr_complexity': 4, 'boosting_type': 'Plain', 'max_bin': 254}. Best is trial 5 with value: 0.018468007475379578.
Trial 21 finished with value: 0.018817123193369145 and parameters: {'learning_rate': 0.009792558560331907, 'bootstrap_type': 'Bernoulli', 'subsample': 0.8149959037700653, 'grow_policy': 'Depthwise', 'depth': 7, 'colsample_bylevel': 0.9198136749138434, 'l2_leaf_reg': 0.010764239217089834, 'leaf_estimation_iterations': 2, 'one_hot_max_size': 50, 'model_size_reg': 0.32112516004656627, 'max_ctr_complexity': 4, 'boosting_type': 'Plain', 'max_bin': 254}. Best is trial 5 with value: 0.018468007475379578.
Trial 22 finished with value: 0.01858574174831018 and parameters: {'learning_rate': 0.008548855794001652, 'bootstrap_type': 'Bernoulli', 'subsample': 0.7654314481061647, 'grow_policy': 'Depthwise', 'depth': 6, 'colsample_bylevel': 0.8697271344284533, 'l2_leaf_reg': 0.0013939469317462015, 'leaf_estimation_iterations': 3, 'one_hot_max_size': 76, 'model_size_reg': 0.24831696154038319, 'max_ctr_complexity': 4, 'boosting_type': 'Plain', 'max_bin': 254}. Best is trial 5 with value: 0.018468007475379578.
Trial 23 finished with value: 0.018693774508620087 and parameters: {'learning_rate': 0.007724434163197924, 'bootstrap_type': 'Bernoulli', 'subsample': 0.7724075339181474, 'grow_policy': 'Depthwise', 'depth': 7, 'colsample_bylevel': 0.9416533222824036, 'l2_leaf_reg': 0.000822972039488031, 'leaf_estimation_iterations': 3, 'one_hot_max_size': 83, 'model_size_reg': 0.2286714024043027, 'max_ctr_complexity': 4, 'boosting_type': 'Plain', 'max_bin': 254}. Best is trial 5 with value: 0.018468007475379578.
Trial 24 finished with value: 0.020238052565497378 and parameters: {'learning_rate': 0.00501948775321319, 'bootstrap_type': 'Bernoulli', 'subsample': 0.7681941257746244, 'grow_policy': 'Depthwise', 'depth': 5, 'colsample_bylevel': 0.9104165706591932, 'l2_leaf_reg': 0.000821766140311979, 'leaf_estimation_iterations': 3, 'one_hot_max_size': 78, 'model_size_reg': 0.1849076198554708, 'max_ctr_complexity': 5, 'boosting_type': 'Plain', 'max_bin': 254}. Best is trial 5 with value: 0.018468007475379578.
Trial 25 finished with value: 0.01911940535912171 and parameters: {'learning_rate': 0.007304320455623878, 'bootstrap_type': 'Bernoulli', 'subsample': 0.7902208211313464, 'grow_policy': 'Depthwise', 'depth': 6, 'colsample_bylevel': 0.8668841697918964, 'l2_leaf_reg': 0.00631641244650687, 'leaf_estimation_iterations': 1, 'one_hot_max_size': 50, 'model_size_reg': 0.2935880333852841, 'max_ctr_complexity': 4, 'boosting_type': 'Plain', 'max_bin': 254}. Best is trial 5 with value: 0.018468007475379578.
Optuna Search Completed in: 836.50 seconds

Training final model on optimized parameter setup...

[CATBOOST FINALIZED METRICS]
Optimal Trees:         1000
1-AUROC:             0.0209 (Delta to TabPFN: +0.0104)
Accuracy:             0.9246 (Delta to TabPFN: -0.0213)
Final Train Time:      4.80 seconds (0.8012s per 1K)
Final Infer Time:      0.01 seconds (0.0064s per 1K)

--- CATBOOST Feature Importance (Raw vs. Scaled Share) ---
Feature | Raw gain | Share
pca_embed_8 | 24.86 | 24.86%
pca_embed_4 | 12.07 | 12.07%
pca_embed_0 | 8.84 | 8.84%
pca_embed_5 | 7.18 | 7.18%
pca_embed_11 | 7.03 | 7.03%
pca_embed_9 | 5.25 | 5.25%
pca_embed_6 | 5.18 | 5.18%
pca_embed_3 | 2.62 | 2.62%
pca_embed_1 | 2.52 | 2.52%
pca_embed_2 | 2.32 | 2.32%
pca_embed_10 | 2.24 | 2.24%
pca_embed_22 | 1.89 | 1.89%
pca_embed_13 | 1.76 | 1.76%
pca_embed_12 | 1.51 | 1.51%
pca_embed_7 | 1.36 | 1.36%
pca_embed_25 | 1.23 | 1.23%
pca_embed_18 | 1.01 | 1.01%
pca_embed_14 | 0.95 | 0.95%
pca_embed_16 | 0.87 | 0.87%
pca_embed_34 | 0.80 | 0.80%
pca_embed_15 | 0.73 | 0.73%
pca_embed_24 | 0.72 | 0.72%
pca_embed_20 | 0.67 | 0.67%
pca_embed_29 | 0.60 | 0.60%
pca_embed_27 | 0.60 | 0.60%
pca_embed_31 | 0.58 | 0.58%
pca_embed_26 | 0.55 | 0.55%
pca_embed_17 | 0.52 | 0.52%
pca_embed_33 | 0.51 | 0.51%
pca_embed_35 | 0.50 | 0.50%
pca_embed_21 | 0.50 | 0.50%
pca_embed_19 | 0.49 | 0.49%
pca_embed_32 | 0.40 | 0.40%
pca_embed_28 | 0.38 | 0.38%
pca_embed_30 | 0.38 | 0.38%
pca_embed_23 | 0.37 | 0.37%

=====================================================================
METRIC TYPE                                  | VALUE / PROFILE
=====================================================================
Embedding Share                              | 100.00%
Raw Feature Share                            | 0.00%
---------------------------------------------------------------------
Active Text Embedding Density                | 100.00% (36/36)
Active Raw Tabular Feature Density           | 0.00% (0/0)
---------------------------------------------------------------------
Top-5 Concentration Ratio (CR5)              | 59.99% of total decision weight
Top-10 Concentration Ratio (CR10)            | 77.88% of total decision weight
=====================================================================

Total Pipeline Execution Time: 842.83 seconds

[SUCCESS] Permanent artifacts safely written to 'outputs/training-4/'
[W&B] Artifacts and localized metrics logged successfully for naticusdroid_embed-only_catboost
