[W&B] Child process started for job: qsar-tid-11_raw-only_catboost in group session-training-4
Loading archive 'archives/qsar-tid-11.npz' and initializing pipeline for target: CATBOOST...
Execution Mode: RAW-ONLY
Session Output Target: outputs/training-4/
Task Type: REGRESSION
TabPFN Baselines Loaded - Primary: 0.6736 | Secondary: 0.8041
PCA reduced text embeddings to 41 components.
Final training matrix shape assembled for RAW-ONLY: (4593, 1024)

Running 26-Trial Optuna Study for CATBOOST (RAW-ONLY)...
A new study created in RDB with name: 20260625_060450_qsar-tid-11_raw-only_catboost
Trial 0 finished with value: 1.3059792655777516 and parameters: {}. Best is trial 0 with value: 1.3059792655777516.
Trial 1 finished with value: 0.9856522678078008 and parameters: {'learning_rate': 0.015355286838886862, 'bootstrap_type': 'Bernoulli', 'subsample': 0.9852142919229748, 'grow_policy': 'SymmetricTree', 'depth': 4, 'colsample_bylevel': 0.8733991780504303, 'l2_leaf_reg': 0.00018747059221802545, 'leaf_estimation_iterations': 12, 'one_hot_max_size': 36, 'model_size_reg': 0.6803900745073703, 'max_ctr_complexity': 2, 'boosting_type': 'Plain', 'max_bin': 254}. Best is trial 1 with value: 0.9856522678078008.
Trial 2 finished with value: 0.8133676056076911 and parameters: {'learning_rate': 0.09138013915892866, 'bootstrap_type': 'Bernoulli', 'subsample': 0.9497327922401265, 'grow_policy': 'SymmetricTree', 'depth': 4, 'colsample_bylevel': 0.8956363364439306, 'l2_leaf_reg': 0.02922905212920092, 'leaf_estimation_iterations': 2, 'one_hot_max_size': 16, 'model_size_reg': 0.5243180891902851, 'max_ctr_complexity': 2, 'boosting_type': 'Plain', 'max_bin': 254}. Best is trial 2 with value: 0.8133676056076911.
Trial 3 finished with value: 0.9685993731628904 and parameters: {'learning_rate': 0.011996621453406362, 'bootstrap_type': 'Bernoulli', 'subsample': 0.8099085529881075, 'grow_policy': 'Depthwise', 'depth': 4, 'colsample_bylevel': 0.9271351657620417, 'l2_leaf_reg': 0.06077686426194464, 'leaf_estimation_iterations': 1, 'one_hot_max_size': 36, 'model_size_reg': 0.15869086642715013, 'max_ctr_complexity': 2, 'boosting_type': 'Plain', 'max_bin': 254}. Best is trial 2 with value: 0.8133676056076911.
Trial 4 finished with value: 0.8156661495098794 and parameters: {'learning_rate': 0.08580222514877409, 'bootstrap_type': 'Bernoulli', 'subsample': 0.9896896099223678, 'grow_policy': 'SymmetricTree', 'depth': 4, 'colsample_bylevel': 0.9526349539768235, 'l2_leaf_reg': 0.011702088154220882, 'leaf_estimation_iterations': 1, 'one_hot_max_size': 27, 'model_size_reg': 0.10975998502129433, 'max_ctr_complexity': 5, 'boosting_type': 'Plain', 'max_bin': 254}. Best is trial 2 with value: 0.8133676056076911.
Trial 5 finished with value: 0.8894965429277306 and parameters: {'learning_rate': 0.010855517271883068, 'bootstrap_type': 'Bernoulli', 'subsample': 0.8987566853061946, 'grow_policy': 'Depthwise', 'depth': 6, 'colsample_bylevel': 0.877728168328829, 'l2_leaf_reg': 3.597899951374983, 'leaf_estimation_iterations': 9, 'one_hot_max_size': 86, 'model_size_reg': 1.128232550122133, 'max_ctr_complexity': 4, 'boosting_type': 'Plain', 'max_bin': 254}. Best is trial 2 with value: 0.8133676056076911.
Trial 6 finished with value: 0.801257477271947 and parameters: {'learning_rate': 0.07913270952323785, 'bootstrap_type': 'Bernoulli', 'subsample': 0.7265477506155759, 'grow_policy': 'SymmetricTree', 'depth': 5, 'colsample_bylevel': 0.9083015934534223, 'l2_leaf_reg': 0.001883913511943895, 'leaf_estimation_iterations': 11, 'one_hot_max_size': 19, 'model_size_reg': 0.21399549030176218, 'max_ctr_complexity': 4, 'boosting_type': 'Plain', 'max_bin': 254}. Best is trial 6 with value: 0.801257477271947.
Trial 7 finished with value: 0.9293695289127447 and parameters: {'learning_rate': 0.007626348515257587, 'bootstrap_type': 'Bernoulli', 'subsample': 0.9406590942262119, 'grow_policy': 'Depthwise', 'depth': 7, 'colsample_bylevel': 0.8798073522301258, 'l2_leaf_reg': 0.00010615690854925657, 'leaf_estimation_iterations': 10, 'one_hot_max_size': 47, 'model_size_reg': 0.7200770311577639, 'max_ctr_complexity': 5, 'boosting_type': 'Plain', 'max_bin': 254}. Best is trial 6 with value: 0.801257477271947.
Trial 8 finished with value: 0.9781625364137978 and parameters: {'learning_rate': 0.006241720498669827, 'bootstrap_type': 'Bernoulli', 'subsample': 0.8075397185632818, 'grow_policy': 'Depthwise', 'depth': 7, 'colsample_bylevel': 0.8996347037278973, 'l2_leaf_reg': 0.00019891099118865958, 'leaf_estimation_iterations': 2, 'one_hot_max_size': 17, 'model_size_reg': 0.7212460519889856, 'max_ctr_complexity': 4, 'boosting_type': 'Plain', 'max_bin': 254}. Best is trial 6 with value: 0.801257477271947.
Trial 9 finished with value: 0.7955192765419861 and parameters: {'learning_rate': 0.07132805718188966, 'bootstrap_type': 'Bernoulli', 'subsample': 0.8416644775485848, 'grow_policy': 'Depthwise', 'depth': 7, 'colsample_bylevel': 0.9341915796354244, 'l2_leaf_reg': 0.4195190175255899, 'leaf_estimation_iterations': 3, 'one_hot_max_size': 29, 'model_size_reg': 0.318293122389662, 'max_ctr_complexity': 2, 'boosting_type': 'Plain', 'max_bin': 254}. Best is trial 9 with value: 0.7955192765419861.
Trial 10 finished with value: 0.7743730207068118 and parameters: {'learning_rate': 0.03414773973543375, 'bootstrap_type': 'Bernoulli', 'subsample': 0.701799154886745, 'grow_policy': 'Depthwise', 'depth': 8, 'colsample_bylevel': 0.9952774372665997, 'l2_leaf_reg': 1.841152012664479, 'leaf_estimation_iterations': 4, 'one_hot_max_size': 8, 'model_size_reg': 0.32179828307036606, 'max_ctr_complexity': 3, 'boosting_type': 'Plain', 'max_bin': 254}. Best is trial 10 with value: 0.7743730207068118.
Trial 11 finished with value: 0.7797986969851186 and parameters: {'learning_rate': 0.03760658130803768, 'bootstrap_type': 'Bernoulli', 'subsample': 0.7049310477720269, 'grow_policy': 'Depthwise', 'depth': 8, 'colsample_bylevel': 0.997909355529375, 'l2_leaf_reg': 1.5987032054039245, 'leaf_estimation_iterations': 4, 'one_hot_max_size': 8, 'model_size_reg': 0.29633979528395843, 'max_ctr_complexity': 3, 'boosting_type': 'Plain', 'max_bin': 254}. Best is trial 10 with value: 0.7743730207068118.
Trial 12 finished with value: 0.771309156743704 and parameters: {'learning_rate': 0.03421597605087581, 'bootstrap_type': 'Bernoulli', 'subsample': 0.7021068150698374, 'grow_policy': 'Depthwise', 'depth': 8, 'colsample_bylevel': 0.9986976795041005, 'l2_leaf_reg': 4.6235860805390905, 'leaf_estimation_iterations': 5, 'one_hot_max_size': 8, 'model_size_reg': 0.3262065221435666, 'max_ctr_complexity': 3, 'boosting_type': 'Plain', 'max_bin': 254}. Best is trial 12 with value: 0.771309156743704.
Trial 13 finished with value: 0.783256692017139 and parameters: {'learning_rate': 0.027164624632231727, 'bootstrap_type': 'Bernoulli', 'subsample': 0.7497023514683363, 'grow_policy': 'Depthwise', 'depth': 8, 'colsample_bylevel': 0.9996210802098354, 'l2_leaf_reg': 0.5525353539116049, 'leaf_estimation_iterations': 5, 'one_hot_max_size': 8, 'model_size_reg': 0.35516866300496064, 'max_ctr_complexity': 3, 'boosting_type': 'Plain', 'max_bin': 254}. Best is trial 12 with value: 0.771309156743704.
Trial 14 finished with value: 0.7744633075068046 and parameters: {'learning_rate': 0.03618203784778384, 'bootstrap_type': 'Bernoulli', 'subsample': 0.7654223943979137, 'grow_policy': 'Depthwise', 'depth': 8, 'colsample_bylevel': 0.9730708379780038, 'l2_leaf_reg': 4.48960940555066, 'leaf_estimation_iterations': 20, 'one_hot_max_size': 11, 'model_size_reg': 0.45063614914336764, 'max_ctr_complexity': 3, 'boosting_type': 'Plain', 'max_bin': 254}. Best is trial 12 with value: 0.771309156743704.
Trial 15 finished with value: 0.7929002467789606 and parameters: {'learning_rate': 0.02221893230729242, 'bootstrap_type': 'Bernoulli', 'subsample': 0.7120241826255375, 'grow_policy': 'Depthwise', 'depth': 8, 'colsample_bylevel': 0.9724869989456246, 'l2_leaf_reg': 0.3190628122959427, 'leaf_estimation_iterations': 5, 'one_hot_max_size': 11, 'model_size_reg': 0.20972319682223292, 'max_ctr_complexity': 3, 'boosting_type': 'Plain', 'max_bin': 254}. Best is trial 12 with value: 0.771309156743704.
Trial 16 finished with value: 0.7861021146668858 and parameters: {'learning_rate': 0.04652263351126124, 'bootstrap_type': 'Bernoulli', 'subsample': 0.7609524784084656, 'grow_policy': 'Depthwise', 'depth': 7, 'colsample_bylevel': 0.980594200172791, 'l2_leaf_reg': 0.14429199384839014, 'leaf_estimation_iterations': 2, 'one_hot_max_size': 11, 'model_size_reg': 1.423163141638238, 'max_ctr_complexity': 3, 'boosting_type': 'Plain', 'max_bin': 254}. Best is trial 12 with value: 0.771309156743704.
Trial 17 finished with value: 0.7914998907883596 and parameters: {'learning_rate': 0.04987345835367172, 'bootstrap_type': 'Bernoulli', 'subsample': 0.7884446276211443, 'grow_policy': 'Depthwise', 'depth': 6, 'colsample_bylevel': 0.950706980149989, 'l2_leaf_reg': 0.9547692695524044, 'leaf_estimation_iterations': 7, 'one_hot_max_size': 8, 'model_size_reg': 0.20389131328389265, 'max_ctr_complexity': 4, 'boosting_type': 'Plain', 'max_bin': 254}. Best is trial 12 with value: 0.771309156743704.
Trial 18 finished with value: 0.7838106532769292 and parameters: {'learning_rate': 0.0246318797159814, 'bootstrap_type': 'Bernoulli', 'subsample': 0.7006131941651311, 'grow_policy': 'Depthwise', 'depth': 8, 'colsample_bylevel': 0.9840073436185193, 'l2_leaf_reg': 1.8259063380141156, 'leaf_estimation_iterations': 3, 'one_hot_max_size': 13, 'model_size_reg': 0.434439397447054, 'max_ctr_complexity': 3, 'boosting_type': 'Plain', 'max_bin': 254}. Best is trial 12 with value: 0.771309156743704.
Trial 19 finished with value: 0.884372875238965 and parameters: {'learning_rate': 0.01859226082201422, 'bootstrap_type': 'Bernoulli', 'subsample': 0.7410734933656137, 'grow_policy': 'SymmetricTree', 'depth': 6, 'colsample_bylevel': 0.852253181743853, 'l2_leaf_reg': 0.1480399470118041, 'leaf_estimation_iterations': 17, 'one_hot_max_size': 10, 'model_size_reg': 0.1314890057509425, 'max_ctr_complexity': 4, 'boosting_type': 'Plain', 'max_bin': 254}. Best is trial 12 with value: 0.771309156743704.
Trial 20 finished with value: 0.7805935614184463 and parameters: {'learning_rate': 0.054931547925775405, 'bootstrap_type': 'Bernoulli', 'subsample': 0.8410838119234255, 'grow_policy': 'Depthwise', 'depth': 7, 'colsample_bylevel': 0.9578109299938373, 'l2_leaf_reg': 4.400812265560632, 'leaf_estimation_iterations': 6, 'one_hot_max_size': 14, 'model_size_reg': 0.26070559721790865, 'max_ctr_complexity': 3, 'boosting_type': 'Plain', 'max_bin': 254}. Best is trial 12 with value: 0.771309156743704.
Trial 21 finished with value: 0.7767670169149998 and parameters: {'learning_rate': 0.033735924020988774, 'bootstrap_type': 'Bernoulli', 'subsample': 0.7752824181655236, 'grow_policy': 'Depthwise', 'depth': 8, 'colsample_bylevel': 0.9651960775172599, 'l2_leaf_reg': 4.864977143985637, 'leaf_estimation_iterations': 18, 'one_hot_max_size': 10, 'model_size_reg': 0.48790982966363267, 'max_ctr_complexity': 3, 'boosting_type': 'Plain', 'max_bin': 254}. Best is trial 12 with value: 0.771309156743704.
Trial 22 finished with value: 0.775095081094837 and parameters: {'learning_rate': 0.035139935625899454, 'bootstrap_type': 'Bernoulli', 'subsample': 0.736866708822074, 'grow_policy': 'Depthwise', 'depth': 8, 'colsample_bylevel': 0.9866915642245152, 'l2_leaf_reg': 1.1967369316305523, 'leaf_estimation_iterations': 3, 'one_hot_max_size': 8, 'model_size_reg': 0.3902997468634514, 'max_ctr_complexity': 3, 'boosting_type': 'Plain', 'max_bin': 254}. Best is trial 12 with value: 0.771309156743704.
Trial 23 finished with value: 0.7743721771151528 and parameters: {'learning_rate': 0.06098984130799891, 'bootstrap_type': 'Bernoulli', 'subsample': 0.7301717966109834, 'grow_policy': 'Depthwise', 'depth': 8, 'colsample_bylevel': 0.9879404965611405, 'l2_leaf_reg': 2.0254272474681674, 'leaf_estimation_iterations': 1, 'one_hot_max_size': 20, 'model_size_reg': 0.5766194920089518, 'max_ctr_complexity': 2, 'boosting_type': 'Plain', 'max_bin': 254}. Best is trial 12 with value: 0.771309156743704.
Trial 24 finished with value: 0.7774131602312483 and parameters: {'learning_rate': 0.0599472326702636, 'bootstrap_type': 'Bernoulli', 'subsample': 0.7250462564444183, 'grow_policy': 'Depthwise', 'depth': 7, 'colsample_bylevel': 0.9926440578382778, 'l2_leaf_reg': 1.4193539870426983, 'leaf_estimation_iterations': 1, 'one_hot_max_size': 23, 'model_size_reg': 0.6057676368354762, 'max_ctr_complexity': 2, 'boosting_type': 'Plain', 'max_bin': 254}. Best is trial 12 with value: 0.771309156743704.
Trial 25 finished with value: 0.7791684109900886 and parameters: {'learning_rate': 0.04262830931395436, 'bootstrap_type': 'Bernoulli', 'subsample': 0.7041261237503277, 'grow_policy': 'Depthwise', 'depth': 8, 'colsample_bylevel': 0.9763393980107244, 'l2_leaf_reg': 0.19311370142147996, 'leaf_estimation_iterations': 1, 'one_hot_max_size': 63, 'model_size_reg': 0.887615326936768, 'max_ctr_complexity': 2, 'boosting_type': 'Plain', 'max_bin': 254}. Best is trial 12 with value: 0.771309156743704.
Optuna Search Completed in: 2992.77 seconds

Training final model on optimized parameter setup...

[CATBOOST FINALIZED METRICS]
Optimal Trees:         1000
RMSE:             0.7155 (Delta to TabPFN: +0.0419)
R2_Score:             0.7789 (Delta to TabPFN: -0.0252)
Final Train Time:      19.67 seconds (4.2825s per 1K)
Final Infer Time:      0.02 seconds (0.0179s per 1K)

--- CATBOOST Feature Importance (Raw vs. Scaled Share) ---
Feature | Raw gain | Share
FCFP6_1024_867 | 6.08 | 6.08%
FCFP6_1024_652 | 4.18 | 4.18%
FCFP6_1024_907 | 3.33 | 3.33%
FCFP6_1024_602 | 2.90 | 2.90%
FCFP6_1024_238 | 2.77 | 2.77%
FCFP6_1024_728 | 1.56 | 1.56%
FCFP6_1024_344 | 1.17 | 1.17%
FCFP6_1024_491 | 0.87 | 0.87%
FCFP6_1024_358 | 0.83 | 0.83%
FCFP6_1024_702 | 0.82 | 0.82%
FCFP6_1024_936 | 0.80 | 0.80%
FCFP6_1024_708 | 0.79 | 0.79%
FCFP6_1024_911 | 0.72 | 0.72%
FCFP6_1024_452 | 0.70 | 0.70%
FCFP6_1024_49 | 0.68 | 0.68%
FCFP6_1024_346 | 0.67 | 0.67%
FCFP6_1024_53 | 0.62 | 0.62%
FCFP6_1024_77 | 0.62 | 0.62%
FCFP6_1024_994 | 0.62 | 0.62%
FCFP6_1024_727 | 0.60 | 0.60%
FCFP6_1024_407 | 0.58 | 0.58%
FCFP6_1024_439 | 0.57 | 0.57%
FCFP6_1024_651 | 0.49 | 0.49%
FCFP6_1024_199 | 0.49 | 0.49%
FCFP6_1024_642 | 0.48 | 0.48%
FCFP6_1024_807 | 0.48 | 0.48%
FCFP6_1024_376 | 0.46 | 0.46%
FCFP6_1024_350 | 0.45 | 0.45%
FCFP6_1024_105 | 0.44 | 0.44%
FCFP6_1024_862 | 0.43 | 0.43%
FCFP6_1024_594 | 0.42 | 0.42%
FCFP6_1024_472 | 0.42 | 0.42%
FCFP6_1024_526 | 0.42 | 0.42%
FCFP6_1024_679 | 0.42 | 0.42%
FCFP6_1024_264 | 0.41 | 0.41%
FCFP6_1024_412 | 0.39 | 0.39%
FCFP6_1024_942 | 0.39 | 0.39%
FCFP6_1024_123 | 0.39 | 0.39%
FCFP6_1024_317 | 0.38 | 0.38%
FCFP6_1024_605 | 0.38 | 0.38%
FCFP6_1024_716 | 0.38 | 0.38%
FCFP6_1024_662 | 0.38 | 0.38%
FCFP6_1024_922 | 0.37 | 0.37%
FCFP6_1024_939 | 0.36 | 0.36%
FCFP6_1024_634 | 0.36 | 0.36%
FCFP6_1024_995 | 0.35 | 0.35%
FCFP6_1024_523 | 0.35 | 0.35%
FCFP6_1024_363 | 0.34 | 0.34%
FCFP6_1024_1003 | 0.34 | 0.34%
FCFP6_1024_540 | 0.34 | 0.34%
FCFP6_1024_498 | 0.33 | 0.33%
FCFP6_1024_151 | 0.33 | 0.33%
FCFP6_1024_617 | 0.32 | 0.32%
FCFP6_1024_814 | 0.31 | 0.31%
FCFP6_1024_824 | 0.31 | 0.31%
FCFP6_1024_648 | 0.31 | 0.31%
FCFP6_1024_78 | 0.30 | 0.30%
FCFP6_1024_467 | 0.30 | 0.30%
FCFP6_1024_58 | 0.28 | 0.28%
FCFP6_1024_953 | 0.27 | 0.27%
FCFP6_1024_82 | 0.27 | 0.27%
FCFP6_1024_713 | 0.26 | 0.26%
FCFP6_1024_896 | 0.26 | 0.26%
FCFP6_1024_137 | 0.25 | 0.25%
FCFP6_1024_588 | 0.25 | 0.25%
FCFP6_1024_556 | 0.25 | 0.25%
FCFP6_1024_818 | 0.25 | 0.25%
FCFP6_1024_513 | 0.24 | 0.24%
FCFP6_1024_1004 | 0.24 | 0.24%
FCFP6_1024_398 | 0.24 | 0.24%
FCFP6_1024_166 | 0.23 | 0.23%
FCFP6_1024_251 | 0.23 | 0.23%
FCFP6_1024_858 | 0.23 | 0.23%
FCFP6_1024_318 | 0.23 | 0.23%
FCFP6_1024_21 | 0.23 | 0.23%
FCFP6_1024_669 | 0.23 | 0.23%
FCFP6_1024_673 | 0.22 | 0.22%
FCFP6_1024_192 | 0.22 | 0.22%
FCFP6_1024_489 | 0.22 | 0.22%
FCFP6_1024_1014 | 0.22 | 0.22%
FCFP6_1024_737 | 0.22 | 0.22%
FCFP6_1024_803 | 0.21 | 0.21%
FCFP6_1024_364 | 0.21 | 0.21%
FCFP6_1024_97 | 0.21 | 0.21%
FCFP6_1024_902 | 0.21 | 0.21%
FCFP6_1024_553 | 0.21 | 0.21%
FCFP6_1024_130 | 0.21 | 0.21%
FCFP6_1024_576 | 0.20 | 0.20%
FCFP6_1024_655 | 0.20 | 0.20%
FCFP6_1024_775 | 0.20 | 0.20%
FCFP6_1024_193 | 0.20 | 0.20%
FCFP6_1024_804 | 0.20 | 0.20%
FCFP6_1024_287 | 0.20 | 0.20%
FCFP6_1024_428 | 0.20 | 0.20%
FCFP6_1024_941 | 0.19 | 0.19%
FCFP6_1024_834 | 0.19 | 0.19%
FCFP6_1024_825 | 0.19 | 0.19%
FCFP6_1024_409 | 0.19 | 0.19%
FCFP6_1024_589 | 0.19 | 0.19%
FCFP6_1024_4 | 0.19 | 0.19%
FCFP6_1024_544 | 0.19 | 0.19%
FCFP6_1024_607 | 0.19 | 0.19%
FCFP6_1024_890 | 0.19 | 0.19%
FCFP6_1024_263 | 0.19 | 0.19%
FCFP6_1024_190 | 0.18 | 0.18%
FCFP6_1024_47 | 0.18 | 0.18%
FCFP6_1024_405 | 0.18 | 0.18%
FCFP6_1024_362 | 0.18 | 0.18%
FCFP6_1024_776 | 0.18 | 0.18%
FCFP6_1024_424 | 0.18 | 0.18%
FCFP6_1024_919 | 0.18 | 0.18%
FCFP6_1024_257 | 0.18 | 0.18%
FCFP6_1024_520 | 0.18 | 0.18%
FCFP6_1024_64 | 0.18 | 0.18%
FCFP6_1024_323 | 0.18 | 0.18%
FCFP6_1024_258 | 0.18 | 0.18%
FCFP6_1024_626 | 0.18 | 0.18%
FCFP6_1024_900 | 0.18 | 0.18%
FCFP6_1024_985 | 0.17 | 0.17%
FCFP6_1024_32 | 0.17 | 0.17%
FCFP6_1024_798 | 0.17 | 0.17%
FCFP6_1024_460 | 0.17 | 0.17%
FCFP6_1024_891 | 0.17 | 0.17%
FCFP6_1024_471 | 0.17 | 0.17%
FCFP6_1024_846 | 0.17 | 0.17%
FCFP6_1024_163 | 0.17 | 0.17%
FCFP6_1024_918 | 0.17 | 0.17%
FCFP6_1024_17 | 0.17 | 0.17%
FCFP6_1024_450 | 0.17 | 0.17%
FCFP6_1024_1007 | 0.17 | 0.17%
FCFP6_1024_464 | 0.17 | 0.17%
FCFP6_1024_357 | 0.17 | 0.17%
FCFP6_1024_375 | 0.17 | 0.17%
FCFP6_1024_889 | 0.16 | 0.16%
FCFP6_1024_619 | 0.16 | 0.16%
FCFP6_1024_228 | 0.16 | 0.16%
FCFP6_1024_24 | 0.16 | 0.16%
FCFP6_1024_170 | 0.16 | 0.16%
FCFP6_1024_34 | 0.16 | 0.16%
FCFP6_1024_240 | 0.16 | 0.16%
FCFP6_1024_454 | 0.16 | 0.16%
FCFP6_1024_970 | 0.16 | 0.16%
FCFP6_1024_180 | 0.15 | 0.15%
FCFP6_1024_427 | 0.15 | 0.15%
FCFP6_1024_19 | 0.15 | 0.15%
FCFP6_1024_621 | 0.15 | 0.15%
FCFP6_1024_56 | 0.15 | 0.15%
FCFP6_1024_875 | 0.15 | 0.15%
FCFP6_1024_223 | 0.15 | 0.15%
FCFP6_1024_715 | 0.15 | 0.15%
FCFP6_1024_903 | 0.15 | 0.15%
FCFP6_1024_128 | 0.15 | 0.15%
FCFP6_1024_29 | 0.15 | 0.15%
FCFP6_1024_330 | 0.14 | 0.14%
FCFP6_1024_244 | 0.14 | 0.14%
FCFP6_1024_380 | 0.14 | 0.14%
FCFP6_1024_668 | 0.14 | 0.14%
FCFP6_1024_99 | 0.14 | 0.14%
FCFP6_1024_874 | 0.14 | 0.14%
FCFP6_1024_1005 | 0.14 | 0.14%
FCFP6_1024_280 | 0.14 | 0.14%
FCFP6_1024_508 | 0.14 | 0.14%
FCFP6_1024_1002 | 0.14 | 0.14%
FCFP6_1024_550 | 0.14 | 0.14%
FCFP6_1024_313 | 0.13 | 0.13%
FCFP6_1024_924 | 0.13 | 0.13%
FCFP6_1024_353 | 0.13 | 0.13%
FCFP6_1024_584 | 0.13 | 0.13%
FCFP6_1024_992 | 0.13 | 0.13%
FCFP6_1024_705 | 0.13 | 0.13%
FCFP6_1024_697 | 0.13 | 0.13%
FCFP6_1024_581 | 0.13 | 0.13%
FCFP6_1024_334 | 0.13 | 0.13%
FCFP6_1024_887 | 0.13 | 0.13%
FCFP6_1024_436 | 0.13 | 0.13%
FCFP6_1024_8 | 0.13 | 0.13%
FCFP6_1024_537 | 0.13 | 0.13%
FCFP6_1024_212 | 0.13 | 0.13%
FCFP6_1024_309 | 0.12 | 0.12%
FCFP6_1024_172 | 0.12 | 0.12%
FCFP6_1024_394 | 0.12 | 0.12%
FCFP6_1024_631 | 0.12 | 0.12%
FCFP6_1024_745 | 0.12 | 0.12%
FCFP6_1024_69 | 0.12 | 0.12%
FCFP6_1024_141 | 0.12 | 0.12%
FCFP6_1024_356 | 0.12 | 0.12%
FCFP6_1024_816 | 0.12 | 0.12%
FCFP6_1024_614 | 0.12 | 0.12%
FCFP6_1024_227 | 0.12 | 0.12%
FCFP6_1024_667 | 0.12 | 0.12%
FCFP6_1024_455 | 0.12 | 0.12%
FCFP6_1024_797 | 0.12 | 0.12%
FCFP6_1024_463 | 0.12 | 0.12%
FCFP6_1024_612 | 0.12 | 0.12%
FCFP6_1024_946 | 0.11 | 0.11%
FCFP6_1024_765 | 0.11 | 0.11%
FCFP6_1024_656 | 0.11 | 0.11%
FCFP6_1024_659 | 0.11 | 0.11%
FCFP6_1024_969 | 0.11 | 0.11%
FCFP6_1024_622 | 0.11 | 0.11%
FCFP6_1024_154 | 0.11 | 0.11%
FCFP6_1024_30 | 0.11 | 0.11%
FCFP6_1024_177 | 0.11 | 0.11%
FCFP6_1024_932 | 0.11 | 0.11%
FCFP6_1024_821 | 0.11 | 0.11%
FCFP6_1024_121 | 0.11 | 0.11%
FCFP6_1024_68 | 0.11 | 0.11%
FCFP6_1024_239 | 0.11 | 0.11%
FCFP6_1024_735 | 0.11 | 0.11%
FCFP6_1024_707 | 0.11 | 0.11%
FCFP6_1024_120 | 0.11 | 0.11%
FCFP6_1024_912 | 0.11 | 0.11%
FCFP6_1024_88 | 0.11 | 0.11%
FCFP6_1024_52 | 0.11 | 0.11%
FCFP6_1024_111 | 0.11 | 0.11%
FCFP6_1024_324 | 0.11 | 0.11%
FCFP6_1024_901 | 0.11 | 0.11%
FCFP6_1024_372 | 0.11 | 0.11%
FCFP6_1024_194 | 0.11 | 0.11%
FCFP6_1024_107 | 0.11 | 0.11%
FCFP6_1024_573 | 0.10 | 0.10%
FCFP6_1024_1018 | 0.10 | 0.10%
FCFP6_1024_247 | 0.10 | 0.10%
FCFP6_1024_365 | 0.10 | 0.10%
FCFP6_1024_984 | 0.10 | 0.10%
FCFP6_1024_383 | 0.10 | 0.10%
FCFP6_1024_810 | 0.10 | 0.10%
FCFP6_1024_637 | 0.10 | 0.10%
FCFP6_1024_176 | 0.10 | 0.10%
FCFP6_1024_133 | 0.10 | 0.10%
FCFP6_1024_685 | 0.10 | 0.10%
FCFP6_1024_629 | 0.10 | 0.10%
FCFP6_1024_559 | 0.10 | 0.10%
FCFP6_1024_968 | 0.10 | 0.10%
FCFP6_1024_496 | 0.10 | 0.10%
FCFP6_1024_1019 | 0.10 | 0.10%
FCFP6_1024_743 | 0.10 | 0.10%
FCFP6_1024_524 | 0.10 | 0.10%
FCFP6_1024_466 | 0.10 | 0.10%
FCFP6_1024_275 | 0.10 | 0.10%
FCFP6_1024_127 | 0.10 | 0.10%
FCFP6_1024_377 | 0.09 | 0.09%
FCFP6_1024_473 | 0.09 | 0.09%
FCFP6_1024_106 | 0.09 | 0.09%
FCFP6_1024_79 | 0.09 | 0.09%
FCFP6_1024_249 | 0.09 | 0.09%
FCFP6_1024_643 | 0.09 | 0.09%
FCFP6_1024_36 | 0.09 | 0.09%
FCFP6_1024_566 | 0.09 | 0.09%
FCFP6_1024_373 | 0.09 | 0.09%
FCFP6_1024_960 | 0.09 | 0.09%
FCFP6_1024_242 | 0.09 | 0.09%
FCFP6_1024_7 | 0.09 | 0.09%
FCFP6_1024_437 | 0.09 | 0.09%
FCFP6_1024_432 | 0.09 | 0.09%
FCFP6_1024_522 | 0.09 | 0.09%
FCFP6_1024_447 | 0.09 | 0.09%
FCFP6_1024_696 | 0.09 | 0.09%
FCFP6_1024_1013 | 0.09 | 0.09%
FCFP6_1024_691 | 0.09 | 0.09%
FCFP6_1024_861 | 0.09 | 0.09%
FCFP6_1024_234 | 0.09 | 0.09%
FCFP6_1024_75 | 0.09 | 0.09%
FCFP6_1024_884 | 0.09 | 0.09%
FCFP6_1024_400 | 0.09 | 0.09%
FCFP6_1024_221 | 0.09 | 0.09%
FCFP6_1024_694 | 0.09 | 0.09%
FCFP6_1024_67 | 0.09 | 0.09%
FCFP6_1024_615 | 0.09 | 0.09%
FCFP6_1024_233 | 0.09 | 0.09%
FCFP6_1024_966 | 0.09 | 0.09%
FCFP6_1024_980 | 0.08 | 0.08%
FCFP6_1024_113 | 0.08 | 0.08%
FCFP6_1024_112 | 0.08 | 0.08%
FCFP6_1024_132 | 0.08 | 0.08%
FCFP6_1024_795 | 0.08 | 0.08%
FCFP6_1024_871 | 0.08 | 0.08%
FCFP6_1024_570 | 0.08 | 0.08%
FCFP6_1024_270 | 0.08 | 0.08%
FCFP6_1024_359 | 0.08 | 0.08%
FCFP6_1024_664 | 0.08 | 0.08%
FCFP6_1024_755 | 0.08 | 0.08%
FCFP6_1024_81 | 0.08 | 0.08%
FCFP6_1024_395 | 0.08 | 0.08%
FCFP6_1024_418 | 0.08 | 0.08%
FCFP6_1024_459 | 0.08 | 0.08%
FCFP6_1024_782 | 0.08 | 0.08%
FCFP6_1024_408 | 0.08 | 0.08%
FCFP6_1024_838 | 0.08 | 0.08%
FCFP6_1024_215 | 0.08 | 0.08%
FCFP6_1024_786 | 0.08 | 0.08%
FCFP6_1024_457 | 0.08 | 0.08%
FCFP6_1024_899 | 0.08 | 0.08%
FCFP6_1024_613 | 0.08 | 0.08%
FCFP6_1024_676 | 0.08 | 0.08%
FCFP6_1024_517 | 0.08 | 0.08%
FCFP6_1024_764 | 0.08 | 0.08%
FCFP6_1024_18 | 0.08 | 0.08%
FCFP6_1024_747 | 0.08 | 0.08%
FCFP6_1024_530 | 0.08 | 0.08%
FCFP6_1024_140 | 0.08 | 0.08%
FCFP6_1024_811 | 0.08 | 0.08%
FCFP6_1024_195 | 0.08 | 0.08%
FCFP6_1024_935 | 0.08 | 0.08%
FCFP6_1024_499 | 0.08 | 0.08%
FCFP6_1024_3 | 0.08 | 0.08%
FCFP6_1024_973 | 0.08 | 0.08%
FCFP6_1024_214 | 0.08 | 0.08%
FCFP6_1024_971 | 0.08 | 0.08%
FCFP6_1024_207 | 0.08 | 0.08%
FCFP6_1024_12 | 0.08 | 0.08%
FCFP6_1024_443 | 0.07 | 0.07%
FCFP6_1024_616 | 0.07 | 0.07%
FCFP6_1024_923 | 0.07 | 0.07%
FCFP6_1024_37 | 0.07 | 0.07%
FCFP6_1024_304 | 0.07 | 0.07%
FCFP6_1024_991 | 0.07 | 0.07%
FCFP6_1024_949 | 0.07 | 0.07%
FCFP6_1024_339 | 0.07 | 0.07%
FCFP6_1024_268 | 0.07 | 0.07%
FCFP6_1024_894 | 0.07 | 0.07%
FCFP6_1024_906 | 0.07 | 0.07%
FCFP6_1024_525 | 0.07 | 0.07%
FCFP6_1024_719 | 0.07 | 0.07%
FCFP6_1024_196 | 0.07 | 0.07%
FCFP6_1024_347 | 0.07 | 0.07%
FCFP6_1024_282 | 0.07 | 0.07%
FCFP6_1024_208 | 0.07 | 0.07%
FCFP6_1024_904 | 0.07 | 0.07%
FCFP6_1024_134 | 0.07 | 0.07%
FCFP6_1024_609 | 0.07 | 0.07%
FCFP6_1024_483 | 0.07 | 0.07%
FCFP6_1024_684 | 0.07 | 0.07%
FCFP6_1024_893 | 0.07 | 0.07%
FCFP6_1024_739 | 0.07 | 0.07%
FCFP6_1024_852 | 0.07 | 0.07%
FCFP6_1024_273 | 0.07 | 0.07%
FCFP6_1024_279 | 0.07 | 0.07%
FCFP6_1024_938 | 0.07 | 0.07%
FCFP6_1024_638 | 0.07 | 0.07%
FCFP6_1024_65 | 0.07 | 0.07%
FCFP6_1024_482 | 0.07 | 0.07%
FCFP6_1024_590 | 0.07 | 0.07%
FCFP6_1024_178 | 0.07 | 0.07%
FCFP6_1024_674 | 0.07 | 0.07%
FCFP6_1024_817 | 0.07 | 0.07%
FCFP6_1024_387 | 0.07 | 0.07%
FCFP6_1024_521 | 0.07 | 0.07%
FCFP6_1024_299 | 0.07 | 0.07%
FCFP6_1024_386 | 0.07 | 0.07%
FCFP6_1024_564 | 0.07 | 0.07%
FCFP6_1024_43 | 0.07 | 0.07%
FCFP6_1024_26 | 0.07 | 0.07%
FCFP6_1024_291 | 0.07 | 0.07%
FCFP6_1024_541 | 0.06 | 0.06%
FCFP6_1024_259 | 0.06 | 0.06%
FCFP6_1024_410 | 0.06 | 0.06%
FCFP6_1024_374 | 0.06 | 0.06%
FCFP6_1024_600 | 0.06 | 0.06%
FCFP6_1024_760 | 0.06 | 0.06%
FCFP6_1024_116 | 0.06 | 0.06%
FCFP6_1024_361 | 0.06 | 0.06%
FCFP6_1024_947 | 0.06 | 0.06%
FCFP6_1024_61 | 0.06 | 0.06%
FCFP6_1024_956 | 0.06 | 0.06%
FCFP6_1024_933 | 0.06 | 0.06%
FCFP6_1024_226 | 0.06 | 0.06%
FCFP6_1024_136 | 0.06 | 0.06%
FCFP6_1024_701 | 0.06 | 0.06%
FCFP6_1024_1017 | 0.06 | 0.06%
FCFP6_1024_168 | 0.06 | 0.06%
FCFP6_1024_243 | 0.06 | 0.06%
FCFP6_1024_964 | 0.06 | 0.06%
FCFP6_1024_536 | 0.06 | 0.06%
FCFP6_1024_60 | 0.06 | 0.06%
FCFP6_1024_529 | 0.06 | 0.06%
FCFP6_1024_368 | 0.06 | 0.06%
FCFP6_1024_961 | 0.06 | 0.06%
FCFP6_1024_925 | 0.06 | 0.06%
FCFP6_1024_419 | 0.06 | 0.06%
FCFP6_1024_161 | 0.06 | 0.06%
FCFP6_1024_343 | 0.06 | 0.06%
FCFP6_1024_420 | 0.06 | 0.06%
FCFP6_1024_1010 | 0.06 | 0.06%
FCFP6_1024_453 | 0.06 | 0.06%
FCFP6_1024_442 | 0.06 | 0.06%
FCFP6_1024_952 | 0.06 | 0.06%
FCFP6_1024_331 | 0.06 | 0.06%
FCFP6_1024_820 | 0.06 | 0.06%
FCFP6_1024_658 | 0.06 | 0.06%
FCFP6_1024_879 | 0.06 | 0.06%
FCFP6_1024_384 | 0.06 | 0.06%
FCFP6_1024_999 | 0.06 | 0.06%
FCFP6_1024_382 | 0.06 | 0.06%
FCFP6_1024_85 | 0.06 | 0.06%
FCFP6_1024_70 | 0.05 | 0.05%
FCFP6_1024_322 | 0.05 | 0.05%
FCFP6_1024_915 | 0.05 | 0.05%
FCFP6_1024_142 | 0.05 | 0.05%
FCFP6_1024_297 | 0.05 | 0.05%
FCFP6_1024_635 | 0.05 | 0.05%
FCFP6_1024_686 | 0.05 | 0.05%
FCFP6_1024_66 | 0.05 | 0.05%
FCFP6_1024_72 | 0.05 | 0.05%
FCFP6_1024_780 | 0.05 | 0.05%
FCFP6_1024_1001 | 0.05 | 0.05%
FCFP6_1024_1016 | 0.05 | 0.05%
FCFP6_1024_552 | 0.05 | 0.05%
FCFP6_1024_610 | 0.05 | 0.05%
FCFP6_1024_117 | 0.05 | 0.05%
FCFP6_1024_624 | 0.05 | 0.05%
FCFP6_1024_974 | 0.05 | 0.05%
FCFP6_1024_62 | 0.05 | 0.05%
FCFP6_1024_549 | 0.05 | 0.05%
FCFP6_1024_783 | 0.05 | 0.05%
FCFP6_1024_22 | 0.05 | 0.05%
FCFP6_1024_138 | 0.05 | 0.05%
FCFP6_1024_687 | 0.05 | 0.05%
FCFP6_1024_213 | 0.05 | 0.05%
FCFP6_1024_492 | 0.05 | 0.05%
FCFP6_1024_698 | 0.05 | 0.05%
FCFP6_1024_411 | 0.05 | 0.05%
FCFP6_1024_414 | 0.05 | 0.05%
FCFP6_1024_401 | 0.05 | 0.05%
FCFP6_1024_746 | 0.05 | 0.05%
FCFP6_1024_511 | 0.05 | 0.05%
FCFP6_1024_799 | 0.05 | 0.05%
FCFP6_1024_165 | 0.05 | 0.05%
FCFP6_1024_486 | 0.05 | 0.05%
FCFP6_1024_406 | 0.05 | 0.05%
FCFP6_1024_103 | 0.05 | 0.05%
FCFP6_1024_539 | 0.05 | 0.05%
FCFP6_1024_277 | 0.05 | 0.05%
FCFP6_1024_9 | 0.05 | 0.05%
FCFP6_1024_863 | 0.05 | 0.05%
FCFP6_1024_332 | 0.05 | 0.05%
FCFP6_1024_300 | 0.05 | 0.05%
FCFP6_1024_921 | 0.05 | 0.05%
FCFP6_1024_301 | 0.05 | 0.05%
FCFP6_1024_729 | 0.05 | 0.05%
FCFP6_1024_295 | 0.05 | 0.05%
FCFP6_1024_854 | 0.05 | 0.05%
FCFP6_1024_122 | 0.05 | 0.05%
FCFP6_1024_181 | 0.05 | 0.05%
FCFP6_1024_599 | 0.05 | 0.05%
FCFP6_1024_693 | 0.05 | 0.05%
FCFP6_1024_881 | 0.05 | 0.05%
FCFP6_1024_260 | 0.05 | 0.05%
FCFP6_1024_730 | 0.05 | 0.05%
FCFP6_1024_690 | 0.05 | 0.05%
FCFP6_1024_129 | 0.05 | 0.05%
FCFP6_1024_325 | 0.05 | 0.05%
FCFP6_1024_305 | 0.05 | 0.05%
FCFP6_1024_788 | 0.05 | 0.05%
FCFP6_1024_269 | 0.05 | 0.05%
FCFP6_1024_186 | 0.05 | 0.05%
FCFP6_1024_147 | 0.05 | 0.05%
FCFP6_1024_677 | 0.05 | 0.05%
FCFP6_1024_819 | 0.05 | 0.05%
FCFP6_1024_505 | 0.05 | 0.05%
FCFP6_1024_124 | 0.05 | 0.05%
FCFP6_1024_360 | 0.05 | 0.05%
FCFP6_1024_644 | 0.05 | 0.05%
FCFP6_1024_982 | 0.05 | 0.05%
FCFP6_1024_506 | 0.05 | 0.05%
FCFP6_1024_515 | 0.05 | 0.05%
FCFP6_1024_653 | 0.05 | 0.05%
FCFP6_1024_822 | 0.05 | 0.05%
FCFP6_1024_562 | 0.04 | 0.04%
FCFP6_1024_422 | 0.04 | 0.04%
FCFP6_1024_680 | 0.04 | 0.04%
FCFP6_1024_115 | 0.04 | 0.04%
FCFP6_1024_835 | 0.04 | 0.04%
FCFP6_1024_518 | 0.04 | 0.04%
FCFP6_1024_794 | 0.04 | 0.04%
FCFP6_1024_574 | 0.04 | 0.04%
FCFP6_1024_736 | 0.04 | 0.04%
FCFP6_1024_265 | 0.04 | 0.04%
FCFP6_1024_445 | 0.04 | 0.04%
FCFP6_1024_759 | 0.04 | 0.04%
FCFP6_1024_989 | 0.04 | 0.04%
FCFP6_1024_567 | 0.04 | 0.04%
FCFP6_1024_647 | 0.04 | 0.04%
FCFP6_1024_44 | 0.04 | 0.04%
FCFP6_1024_808 | 0.04 | 0.04%
FCFP6_1024_430 | 0.04 | 0.04%
FCFP6_1024_157 | 0.04 | 0.04%
FCFP6_1024_598 | 0.04 | 0.04%
FCFP6_1024_102 | 0.04 | 0.04%
FCFP6_1024_979 | 0.04 | 0.04%
FCFP6_1024_262 | 0.04 | 0.04%
FCFP6_1024_681 | 0.04 | 0.04%
FCFP6_1024_738 | 0.04 | 0.04%
FCFP6_1024_772 | 0.04 | 0.04%
FCFP6_1024_465 | 0.04 | 0.04%
FCFP6_1024_431 | 0.04 | 0.04%
FCFP6_1024_859 | 0.04 | 0.04%
FCFP6_1024_462 | 0.04 | 0.04%
FCFP6_1024_45 | 0.04 | 0.04%
FCFP6_1024_895 | 0.04 | 0.04%
FCFP6_1024_246 | 0.04 | 0.04%
FCFP6_1024_649 | 0.04 | 0.04%
FCFP6_1024_869 | 0.04 | 0.04%
FCFP6_1024_779 | 0.04 | 0.04%
FCFP6_1024_722 | 0.04 | 0.04%
FCFP6_1024_488 | 0.04 | 0.04%
FCFP6_1024_458 | 0.04 | 0.04%
FCFP6_1024_950 | 0.04 | 0.04%
FCFP6_1024_341 | 0.04 | 0.04%
FCFP6_1024_57 | 0.04 | 0.04%
FCFP6_1024_118 | 0.04 | 0.04%
FCFP6_1024_495 | 0.04 | 0.04%
FCFP6_1024_876 | 0.04 | 0.04%
FCFP6_1024_429 | 0.04 | 0.04%
FCFP6_1024_864 | 0.04 | 0.04%
FCFP6_1024_42 | 0.04 | 0.04%
FCFP6_1024_641 | 0.04 | 0.04%
FCFP6_1024_957 | 0.04 | 0.04%
FCFP6_1024_748 | 0.04 | 0.04%
FCFP6_1024_248 | 0.04 | 0.04%
FCFP6_1024_882 | 0.04 | 0.04%
FCFP6_1024_426 | 0.04 | 0.04%
FCFP6_1024_575 | 0.04 | 0.04%
FCFP6_1024_294 | 0.04 | 0.04%
FCFP6_1024_654 | 0.04 | 0.04%
FCFP6_1024_139 | 0.04 | 0.04%
FCFP6_1024_446 | 0.04 | 0.04%
FCFP6_1024_285 | 0.04 | 0.04%
FCFP6_1024_209 | 0.04 | 0.04%
FCFP6_1024_1000 | 0.04 | 0.04%
FCFP6_1024_434 | 0.04 | 0.04%
FCFP6_1024_100 | 0.04 | 0.04%
FCFP6_1024_1021 | 0.04 | 0.04%
FCFP6_1024_402 | 0.04 | 0.04%
FCFP6_1024_16 | 0.04 | 0.04%
FCFP6_1024_692 | 0.04 | 0.04%
FCFP6_1024_519 | 0.04 | 0.04%
FCFP6_1024_723 | 0.04 | 0.04%
FCFP6_1024_461 | 0.04 | 0.04%
FCFP6_1024_369 | 0.04 | 0.04%
FCFP6_1024_494 | 0.04 | 0.04%
FCFP6_1024_546 | 0.03 | 0.03%
FCFP6_1024_413 | 0.03 | 0.03%
FCFP6_1024_732 | 0.03 | 0.03%
FCFP6_1024_823 | 0.03 | 0.03%
FCFP6_1024_666 | 0.03 | 0.03%
FCFP6_1024_153 | 0.03 | 0.03%
FCFP6_1024_1008 | 0.03 | 0.03%
FCFP6_1024_555 | 0.03 | 0.03%
FCFP6_1024_83 | 0.03 | 0.03%
FCFP6_1024_633 | 0.03 | 0.03%
FCFP6_1024_202 | 0.03 | 0.03%
FCFP6_1024_714 | 0.03 | 0.03%
FCFP6_1024_793 | 0.03 | 0.03%
FCFP6_1024_625 | 0.03 | 0.03%
FCFP6_1024_842 | 0.03 | 0.03%
FCFP6_1024_89 | 0.03 | 0.03%
FCFP6_1024_80 | 0.03 | 0.03%
FCFP6_1024_27 | 0.03 | 0.03%
FCFP6_1024_182 | 0.03 | 0.03%
FCFP6_1024_683 | 0.03 | 0.03%
FCFP6_1024_813 | 0.03 | 0.03%
FCFP6_1024_706 | 0.03 | 0.03%
FCFP6_1024_531 | 0.03 | 0.03%
FCFP6_1024_220 | 0.03 | 0.03%
FCFP6_1024_104 | 0.03 | 0.03%
FCFP6_1024_205 | 0.03 | 0.03%
FCFP6_1024_527 | 0.03 | 0.03%
FCFP6_1024_582 | 0.03 | 0.03%
FCFP6_1024_329 | 0.03 | 0.03%
FCFP6_1024_222 | 0.03 | 0.03%
FCFP6_1024_650 | 0.03 | 0.03%
FCFP6_1024_319 | 0.03 | 0.03%
FCFP6_1024_307 | 0.03 | 0.03%
FCFP6_1024_48 | 0.03 | 0.03%
FCFP6_1024_733 | 0.03 | 0.03%
FCFP6_1024_670 | 0.03 | 0.03%
FCFP6_1024_185 | 0.03 | 0.03%
FCFP6_1024_164 | 0.03 | 0.03%
FCFP6_1024_812 | 0.03 | 0.03%
FCFP6_1024_423 | 0.03 | 0.03%
FCFP6_1024_878 | 0.03 | 0.03%
FCFP6_1024_826 | 0.03 | 0.03%
FCFP6_1024_497 | 0.03 | 0.03%
FCFP6_1024_601 | 0.03 | 0.03%
FCFP6_1024_179 | 0.03 | 0.03%
FCFP6_1024_503 | 0.03 | 0.03%
FCFP6_1024_131 | 0.03 | 0.03%
FCFP6_1024_156 | 0.03 | 0.03%
FCFP6_1024_416 | 0.03 | 0.03%
FCFP6_1024_267 | 0.03 | 0.03%
FCFP6_1024_33 | 0.03 | 0.03%
FCFP6_1024_184 | 0.03 | 0.03%
FCFP6_1024_796 | 0.03 | 0.03%
FCFP6_1024_448 | 0.03 | 0.03%
FCFP6_1024_853 | 0.03 | 0.03%
FCFP6_1024_618 | 0.03 | 0.03%
FCFP6_1024_578 | 0.03 | 0.03%
FCFP6_1024_232 | 0.03 | 0.03%
FCFP6_1024_149 | 0.03 | 0.03%
FCFP6_1024_640 | 0.03 | 0.03%
FCFP6_1024_671 | 0.03 | 0.03%
FCFP6_1024_379 | 0.03 | 0.03%
FCFP6_1024_126 | 0.03 | 0.03%
FCFP6_1024_5 | 0.03 | 0.03%
FCFP6_1024_197 | 0.03 | 0.03%
FCFP6_1024_345 | 0.03 | 0.03%
FCFP6_1024_712 | 0.03 | 0.03%
FCFP6_1024_586 | 0.03 | 0.03%
FCFP6_1024_734 | 0.03 | 0.03%
FCFP6_1024_278 | 0.03 | 0.03%
FCFP6_1024_596 | 0.03 | 0.03%
FCFP6_1024_774 | 0.03 | 0.03%
FCFP6_1024_591 | 0.03 | 0.03%
FCFP6_1024_800 | 0.03 | 0.03%
FCFP6_1024_286 | 0.03 | 0.03%
FCFP6_1024_41 | 0.03 | 0.03%
FCFP6_1024_920 | 0.03 | 0.03%
FCFP6_1024_554 | 0.03 | 0.03%
FCFP6_1024_55 | 0.03 | 0.03%
FCFP6_1024_348 | 0.03 | 0.03%
FCFP6_1024_315 | 0.03 | 0.03%
FCFP6_1024_109 | 0.03 | 0.03%
FCFP6_1024_449 | 0.03 | 0.03%
FCFP6_1024_877 | 0.03 | 0.03%
FCFP6_1024_787 | 0.03 | 0.03%
FCFP6_1024_627 | 0.03 | 0.03%
FCFP6_1024_35 | 0.03 | 0.03%
FCFP6_1024_433 | 0.03 | 0.03%
FCFP6_1024_784 | 0.03 | 0.03%
FCFP6_1024_604 | 0.03 | 0.03%
FCFP6_1024_231 | 0.03 | 0.03%
FCFP6_1024_86 | 0.03 | 0.03%
FCFP6_1024_720 | 0.03 | 0.03%
FCFP6_1024_236 | 0.03 | 0.03%
FCFP6_1024_158 | 0.02 | 0.02%
FCFP6_1024_477 | 0.02 | 0.02%
FCFP6_1024_98 | 0.02 | 0.02%
FCFP6_1024_848 | 0.02 | 0.02%
FCFP6_1024_366 | 0.02 | 0.02%
FCFP6_1024_84 | 0.02 | 0.02%
FCFP6_1024_6 | 0.02 | 0.02%
FCFP6_1024_101 | 0.02 | 0.02%
FCFP6_1024_250 | 0.02 | 0.02%
FCFP6_1024_283 | 0.02 | 0.02%
FCFP6_1024_218 | 0.02 | 0.02%
FCFP6_1024_724 | 0.02 | 0.02%
FCFP6_1024_59 | 0.02 | 0.02%
FCFP6_1024_751 | 0.02 | 0.02%
FCFP6_1024_1 | 0.02 | 0.02%
FCFP6_1024_71 | 0.02 | 0.02%
FCFP6_1024_645 | 0.02 | 0.02%
FCFP6_1024_639 | 0.02 | 0.02%
FCFP6_1024_211 | 0.02 | 0.02%
FCFP6_1024_886 | 0.02 | 0.02%
FCFP6_1024_528 | 0.02 | 0.02%
FCFP6_1024_762 | 0.02 | 0.02%
FCFP6_1024_560 | 0.02 | 0.02%
FCFP6_1024_898 | 0.02 | 0.02%
FCFP6_1024_171 | 0.02 | 0.02%
FCFP6_1024_926 | 0.02 | 0.02%
FCFP6_1024_726 | 0.02 | 0.02%
FCFP6_1024_603 | 0.02 | 0.02%
FCFP6_1024_312 | 0.02 | 0.02%
FCFP6_1024_298 | 0.02 | 0.02%
FCFP6_1024_870 | 0.02 | 0.02%
FCFP6_1024_661 | 0.02 | 0.02%
FCFP6_1024_959 | 0.02 | 0.02%
FCFP6_1024_484 | 0.02 | 0.02%
FCFP6_1024_805 | 0.02 | 0.02%
FCFP6_1024_31 | 0.02 | 0.02%
FCFP6_1024_327 | 0.02 | 0.02%
FCFP6_1024_883 | 0.02 | 0.02%
FCFP6_1024_241 | 0.02 | 0.02%
FCFP6_1024_144 | 0.02 | 0.02%
FCFP6_1024_415 | 0.02 | 0.02%
FCFP6_1024_781 | 0.02 | 0.02%
FCFP6_1024_25 | 0.02 | 0.02%
FCFP6_1024_198 | 0.02 | 0.02%
FCFP6_1024_689 | 0.02 | 0.02%
FCFP6_1024_255 | 0.02 | 0.02%
FCFP6_1024_224 | 0.02 | 0.02%
FCFP6_1024_749 | 0.02 | 0.02%
FCFP6_1024_493 | 0.02 | 0.02%
FCFP6_1024_533 | 0.02 | 0.02%
FCFP6_1024_510 | 0.02 | 0.02%
FCFP6_1024_396 | 0.02 | 0.02%
FCFP6_1024_929 | 0.02 | 0.02%
FCFP6_1024_274 | 0.02 | 0.02%
FCFP6_1024_74 | 0.02 | 0.02%
FCFP6_1024_500 | 0.02 | 0.02%
FCFP6_1024_967 | 0.02 | 0.02%
FCFP6_1024_201 | 0.02 | 0.02%
FCFP6_1024_741 | 0.02 | 0.02%
FCFP6_1024_711 | 0.02 | 0.02%
FCFP6_1024_160 | 0.02 | 0.02%
FCFP6_1024_169 | 0.02 | 0.02%
FCFP6_1024_119 | 0.02 | 0.02%
FCFP6_1024_253 | 0.02 | 0.02%
FCFP6_1024_90 | 0.02 | 0.02%
FCFP6_1024_509 | 0.02 | 0.02%
FCFP6_1024_393 | 0.02 | 0.02%
FCFP6_1024_558 | 0.02 | 0.02%
FCFP6_1024_311 | 0.02 | 0.02%
FCFP6_1024_381 | 0.02 | 0.02%
FCFP6_1024_11 | 0.02 | 0.02%
FCFP6_1024_217 | 0.02 | 0.02%
FCFP6_1024_928 | 0.02 | 0.02%
FCFP6_1024_583 | 0.02 | 0.02%
FCFP6_1024_390 | 0.02 | 0.02%
FCFP6_1024_630 | 0.02 | 0.02%
FCFP6_1024_146 | 0.02 | 0.02%
FCFP6_1024_135 | 0.02 | 0.02%
FCFP6_1024_351 | 0.02 | 0.02%
FCFP6_1024_1012 | 0.02 | 0.02%
FCFP6_1024_276 | 0.02 | 0.02%
FCFP6_1024_469 | 0.02 | 0.02%
FCFP6_1024_87 | 0.02 | 0.02%
FCFP6_1024_963 | 0.02 | 0.02%
FCFP6_1024_885 | 0.02 | 0.02%
FCFP6_1024_399 | 0.02 | 0.02%
FCFP6_1024_444 | 0.02 | 0.02%
FCFP6_1024_593 | 0.02 | 0.02%
FCFP6_1024_910 | 0.02 | 0.02%
FCFP6_1024_757 | 0.02 | 0.02%
FCFP6_1024_569 | 0.02 | 0.02%
FCFP6_1024_767 | 0.02 | 0.02%
FCFP6_1024_548 | 0.02 | 0.02%
FCFP6_1024_10 | 0.02 | 0.02%
FCFP6_1024_577 | 0.02 | 0.02%
FCFP6_1024_955 | 0.02 | 0.02%
FCFP6_1024_840 | 0.02 | 0.02%
FCFP6_1024_700 | 0.02 | 0.02%
FCFP6_1024_568 | 0.02 | 0.02%
FCFP6_1024_342 | 0.02 | 0.02%
FCFP6_1024_542 | 0.02 | 0.02%
FCFP6_1024_210 | 0.02 | 0.02%
FCFP6_1024_565 | 0.02 | 0.02%
FCFP6_1024_245 | 0.02 | 0.02%
FCFP6_1024_296 | 0.02 | 0.02%
FCFP6_1024_349 | 0.02 | 0.02%
FCFP6_1024_51 | 0.02 | 0.02%
FCFP6_1024_63 | 0.02 | 0.02%
FCFP6_1024_572 | 0.02 | 0.02%
FCFP6_1024_252 | 0.02 | 0.02%
FCFP6_1024_114 | 0.02 | 0.02%
FCFP6_1024_993 | 0.02 | 0.02%
FCFP6_1024_699 | 0.02 | 0.02%
FCFP6_1024_857 | 0.02 | 0.02%
FCFP6_1024_225 | 0.02 | 0.02%
FCFP6_1024_791 | 0.02 | 0.02%
FCFP6_1024_978 | 0.02 | 0.02%
FCFP6_1024_191 | 0.02 | 0.02%
FCFP6_1024_421 | 0.02 | 0.02%
FCFP6_1024_367 | 0.02 | 0.02%
FCFP6_1024_470 | 0.02 | 0.02%
FCFP6_1024_200 | 0.02 | 0.02%
FCFP6_1024_308 | 0.02 | 0.02%
FCFP6_1024_485 | 0.02 | 0.02%
FCFP6_1024_288 | 0.02 | 0.02%
FCFP6_1024_173 | 0.02 | 0.02%
FCFP6_1024_370 | 0.02 | 0.02%
FCFP6_1024_235 | 0.02 | 0.02%
FCFP6_1024_672 | 0.02 | 0.02%
FCFP6_1024_167 | 0.01 | 0.01%
FCFP6_1024_272 | 0.01 | 0.01%
FCFP6_1024_704 | 0.01 | 0.01%
FCFP6_1024_93 | 0.01 | 0.01%
FCFP6_1024_636 | 0.01 | 0.01%
FCFP6_1024_660 | 0.01 | 0.01%
FCFP6_1024_1023 | 0.01 | 0.01%
FCFP6_1024_125 | 0.01 | 0.01%
FCFP6_1024_972 | 0.01 | 0.01%
FCFP6_1024_480 | 0.01 | 0.01%
FCFP6_1024_504 | 0.01 | 0.01%
FCFP6_1024_92 | 0.01 | 0.01%
FCFP6_1024_831 | 0.01 | 0.01%
FCFP6_1024_478 | 0.01 | 0.01%
FCFP6_1024_934 | 0.01 | 0.01%
FCFP6_1024_839 | 0.01 | 0.01%
FCFP6_1024_623 | 0.01 | 0.01%
FCFP6_1024_744 | 0.01 | 0.01%
FCFP6_1024_326 | 0.01 | 0.01%
FCFP6_1024_996 | 0.01 | 0.01%
FCFP6_1024_905 | 0.01 | 0.01%
FCFP6_1024_487 | 0.01 | 0.01%
FCFP6_1024_844 | 0.01 | 0.01%
FCFP6_1024_695 | 0.01 | 0.01%
FCFP6_1024_543 | 0.01 | 0.01%
FCFP6_1024_628 | 0.01 | 0.01%
FCFP6_1024_663 | 0.01 | 0.01%
FCFP6_1024_742 | 0.01 | 0.01%
FCFP6_1024_512 | 0.01 | 0.01%
FCFP6_1024_203 | 0.01 | 0.01%
FCFP6_1024_721 | 0.01 | 0.01%
FCFP6_1024_392 | 0.01 | 0.01%
FCFP6_1024_856 | 0.01 | 0.01%
FCFP6_1024_792 | 0.01 | 0.01%
FCFP6_1024_352 | 0.01 | 0.01%
FCFP6_1024_872 | 0.01 | 0.01%
FCFP6_1024_847 | 0.01 | 0.01%
FCFP6_1024_54 | 0.01 | 0.01%
FCFP6_1024_389 | 0.01 | 0.01%
FCFP6_1024_866 | 0.01 | 0.01%
FCFP6_1024_289 | 0.01 | 0.01%
FCFP6_1024_931 | 0.01 | 0.01%
FCFP6_1024_962 | 0.01 | 0.01%
FCFP6_1024_290 | 0.01 | 0.01%
FCFP6_1024_145 | 0.01 | 0.01%
FCFP6_1024_1006 | 0.01 | 0.01%
FCFP6_1024_1020 | 0.01 | 0.01%
FCFP6_1024_254 | 0.01 | 0.01%
FCFP6_1024_403 | 0.01 | 0.01%
FCFP6_1024_976 | 0.01 | 0.01%
FCFP6_1024_756 | 0.01 | 0.01%
FCFP6_1024_490 | 0.01 | 0.01%
FCFP6_1024_2 | 0.01 | 0.01%
FCFP6_1024_990 | 0.01 | 0.01%
FCFP6_1024_150 | 0.01 | 0.01%
FCFP6_1024_958 | 0.01 | 0.01%
FCFP6_1024_333 | 0.01 | 0.01%
FCFP6_1024_1015 | 0.01 | 0.01%
FCFP6_1024_256 | 0.01 | 0.01%
FCFP6_1024_316 | 0.01 | 0.01%
FCFP6_1024_535 | 0.01 | 0.01%
FCFP6_1024_188 | 0.01 | 0.01%
FCFP6_1024_850 | 0.01 | 0.01%
FCFP6_1024_159 | 0.01 | 0.01%
FCFP6_1024_975 | 0.01 | 0.01%
FCFP6_1024_860 | 0.01 | 0.01%
FCFP6_1024_189 | 0.01 | 0.01%
FCFP6_1024_40 | 0.01 | 0.01%
FCFP6_1024_538 | 0.01 | 0.01%
FCFP6_1024_682 | 0.01 | 0.01%
FCFP6_1024_110 | 0.01 | 0.01%
FCFP6_1024_219 | 0.01 | 0.01%
FCFP6_1024_557 | 0.01 | 0.01%
FCFP6_1024_397 | 0.01 | 0.01%
FCFP6_1024_1009 | 0.01 | 0.01%
FCFP6_1024_988 | 0.01 | 0.01%
FCFP6_1024_802 | 0.01 | 0.01%
FCFP6_1024_479 | 0.01 | 0.01%
FCFP6_1024_865 | 0.01 | 0.01%
FCFP6_1024_771 | 0.01 | 0.01%
FCFP6_1024_440 | 0.01 | 0.01%
FCFP6_1024_829 | 0.01 | 0.01%
FCFP6_1024_843 | 0.01 | 0.01%
FCFP6_1024_944 | 0.01 | 0.01%
FCFP6_1024_611 | 0.01 | 0.01%
FCFP6_1024_948 | 0.01 | 0.01%
FCFP6_1024_561 | 0.01 | 0.01%
FCFP6_1024_832 | 0.01 | 0.01%
FCFP6_1024_187 | 0.01 | 0.01%
FCFP6_1024_355 | 0.01 | 0.01%
FCFP6_1024_14 | 0.01 | 0.01%
FCFP6_1024_873 | 0.01 | 0.01%
FCFP6_1024_981 | 0.01 | 0.01%
FCFP6_1024_841 | 0.01 | 0.01%
FCFP6_1024_769 | 0.01 | 0.01%
FCFP6_1024_750 | 0.01 | 0.01%
FCFP6_1024_837 | 0.01 | 0.01%
FCFP6_1024_292 | 0.01 | 0.01%
FCFP6_1024_73 | 0.01 | 0.01%
FCFP6_1024_868 | 0.01 | 0.01%
FCFP6_1024_91 | 0.01 | 0.01%
FCFP6_1024_809 | 0.01 | 0.01%
FCFP6_1024_830 | 0.01 | 0.01%
FCFP6_1024_507 | 0.01 | 0.01%
FCFP6_1024_587 | 0.01 | 0.01%
FCFP6_1024_204 | 0.01 | 0.01%
FCFP6_1024_892 | 0.01 | 0.01%
FCFP6_1024_321 | 0.01 | 0.01%
FCFP6_1024_206 | 0.01 | 0.01%
FCFP6_1024_425 | 0.01 | 0.01%
FCFP6_1024_778 | 0.01 | 0.01%
FCFP6_1024_435 | 0.01 | 0.01%
FCFP6_1024_675 | 0.01 | 0.01%
FCFP6_1024_753 | 0.01 | 0.01%
FCFP6_1024_20 | 0.01 | 0.01%
FCFP6_1024_986 | 0.01 | 0.01%
FCFP6_1024_388 | 0.01 | 0.01%
FCFP6_1024_474 | 0.01 | 0.01%
FCFP6_1024_551 | 0.01 | 0.01%
FCFP6_1024_916 | 0.01 | 0.01%
FCFP6_1024_766 | 0.01 | 0.01%
FCFP6_1024_855 | 0.01 | 0.01%
FCFP6_1024_162 | 0.01 | 0.01%
FCFP6_1024_320 | 0.01 | 0.01%
FCFP6_1024_534 | 0.01 | 0.01%
FCFP6_1024_76 | 0.01 | 0.01%
FCFP6_1024_740 | 0.01 | 0.01%
FCFP6_1024_836 | 0.01 | 0.01%
FCFP6_1024_954 | 0.01 | 0.01%
FCFP6_1024_152 | 0.01 | 0.01%
FCFP6_1024_880 | 0.01 | 0.01%
FCFP6_1024_451 | 0.01 | 0.01%
FCFP6_1024_216 | 0.01 | 0.01%
FCFP6_1024_665 | 0.01 | 0.01%
FCFP6_1024_754 | 0.01 | 0.01%
FCFP6_1024_657 | 0.01 | 0.01%
FCFP6_1024_328 | 0.01 | 0.01%
FCFP6_1024_914 | 0.01 | 0.01%
FCFP6_1024_943 | 0.01 | 0.01%
FCFP6_1024_608 | 0.01 | 0.01%
FCFP6_1024_378 | 0.01 | 0.01%
FCFP6_1024_183 | 0.01 | 0.01%
FCFP6_1024_998 | 0.01 | 0.01%
FCFP6_1024_595 | 0.01 | 0.01%
FCFP6_1024_777 | 0.01 | 0.01%
FCFP6_1024_768 | 0.01 | 0.01%
FCFP6_1024_302 | 0.01 | 0.01%
FCFP6_1024_266 | 0.01 | 0.01%
FCFP6_1024_580 | 0.01 | 0.01%
FCFP6_1024_731 | 0.01 | 0.01%
FCFP6_1024_752 | 0.01 | 0.01%
FCFP6_1024_143 | 0.01 | 0.01%
FCFP6_1024_646 | 0.01 | 0.01%
FCFP6_1024_758 | 0.01 | 0.01%
FCFP6_1024_271 | 0.01 | 0.01%
FCFP6_1024_237 | 0.01 | 0.01%
FCFP6_1024_502 | 0.01 | 0.01%
FCFP6_1024_585 | 0.01 | 0.01%
FCFP6_1024_38 | 0.01 | 0.01%
FCFP6_1024_951 | 0.01 | 0.01%
FCFP6_1024_965 | 0.01 | 0.01%
FCFP6_1024_571 | 0.01 | 0.01%
FCFP6_1024_997 | 0.01 | 0.01%
FCFP6_1024_148 | 0.01 | 0.01%
FCFP6_1024_908 | 0.01 | 0.01%
FCFP6_1024_516 | 0.01 | 0.01%
FCFP6_1024_501 | 0.01 | 0.01%
FCFP6_1024_391 | 0.01 | 0.01%
FCFP6_1024_532 | 0.01 | 0.01%
FCFP6_1024_46 | 0.01 | 0.01%
FCFP6_1024_514 | 0.01 | 0.01%
FCFP6_1024_789 | 0.01 | 0.01%
FCFP6_1024_337 | 0.01 | 0.01%
FCFP6_1024_39 | 0.01 | 0.01%
FCFP6_1024_592 | 0.01 | 0.01%
FCFP6_1024_703 | 0.01 | 0.01%
FCFP6_1024_28 | 0.01 | 0.01%
FCFP6_1024_293 | 0.01 | 0.01%
FCFP6_1024_917 | 0.01 | 0.01%
FCFP6_1024_806 | 0.01 | 0.01%
FCFP6_1024_13 | 0.01 | 0.01%
FCFP6_1024_481 | 0.01 | 0.01%
FCFP6_1024_303 | 0.01 | 0.01%
FCFP6_1024_815 | 0.00 | 0.00%
FCFP6_1024_108 | 0.00 | 0.00%
FCFP6_1024_785 | 0.00 | 0.00%
FCFP6_1024_338 | 0.00 | 0.00%
FCFP6_1024_761 | 0.00 | 0.00%
FCFP6_1024_404 | 0.00 | 0.00%
FCFP6_1024_987 | 0.00 | 0.00%
FCFP6_1024_937 | 0.00 | 0.00%
FCFP6_1024_230 | 0.00 | 0.00%
FCFP6_1024_456 | 0.00 | 0.00%
FCFP6_1024_770 | 0.00 | 0.00%
FCFP6_1024_801 | 0.00 | 0.00%
FCFP6_1024_261 | 0.00 | 0.00%
FCFP6_1024_845 | 0.00 | 0.00%
FCFP6_1024_354 | 0.00 | 0.00%
FCFP6_1024_335 | 0.00 | 0.00%
FCFP6_1024_579 | 0.00 | 0.00%
FCFP6_1024_940 | 0.00 | 0.00%
FCFP6_1024_717 | 0.00 | 0.00%
FCFP6_1024_983 | 0.00 | 0.00%
FCFP6_1024_597 | 0.00 | 0.00%
FCFP6_1024_284 | 0.00 | 0.00%
FCFP6_1024_1022 | 0.00 | 0.00%
FCFP6_1024_773 | 0.00 | 0.00%
FCFP6_1024_1011 | 0.00 | 0.00%
FCFP6_1024_909 | 0.00 | 0.00%
FCFP6_1024_833 | 0.00 | 0.00%
FCFP6_1024_977 | 0.00 | 0.00%
FCFP6_1024_340 | 0.00 | 0.00%
FCFP6_1024_417 | 0.00 | 0.00%
FCFP6_1024_336 | 0.00 | 0.00%
FCFP6_1024_620 | 0.00 | 0.00%
FCFP6_1024_888 | 0.00 | 0.00%
FCFP6_1024_851 | 0.00 | 0.00%
FCFP6_1024_23 | 0.00 | 0.00%
FCFP6_1024_709 | 0.00 | 0.00%
FCFP6_1024_828 | 0.00 | 0.00%
FCFP6_1024_763 | 0.00 | 0.00%
FCFP6_1024_725 | 0.00 | 0.00%
FCFP6_1024_306 | 0.00 | 0.00%
FCFP6_1024_96 | 0.00 | 0.00%
FCFP6_1024_94 | 0.00 | 0.00%
FCFP6_1024_632 | 0.00 | 0.00%
FCFP6_1024_827 | 0.00 | 0.00%
FCFP6_1024_15 | 0.00 | 0.00%
FCFP6_1024_95 | 0.00 | 0.00%
FCFP6_1024_475 | 0.00 | 0.00%
FCFP6_1024_927 | 0.00 | 0.00%
FCFP6_1024_438 | 0.00 | 0.00%
FCFP6_1024_678 | 0.00 | 0.00%
FCFP6_1024_547 | 0.00 | 0.00%
FCFP6_1024_710 | 0.00 | 0.00%
FCFP6_1024_175 | 0.00 | 0.00%
FCFP6_1024_606 | 0.00 | 0.00%
FCFP6_1024_913 | 0.00 | 0.00%
FCFP6_1024_930 | 0.00 | 0.00%
FCFP6_1024_310 | 0.00 | 0.00%
FCFP6_1024_371 | 0.00 | 0.00%
FCFP6_1024_385 | 0.00 | 0.00%
FCFP6_1024_790 | 0.00 | 0.00%
FCFP6_1024_563 | 0.00 | 0.00%
FCFP6_1024_468 | 0.00 | 0.00%
FCFP6_1024_545 | 0.00 | 0.00%
FCFP6_1024_50 | 0.00 | 0.00%
FCFP6_1024_155 | 0.00 | 0.00%
FCFP6_1024_441 | 0.00 | 0.00%
FCFP6_1024_718 | 0.00 | 0.00%
FCFP6_1024_688 | 0.00 | 0.00%
FCFP6_1024_897 | 0.00 | 0.00%
FCFP6_1024_174 | 0.00 | 0.00%
FCFP6_1024_229 | 0.00 | 0.00%
FCFP6_1024_849 | 0.00 | 0.00%
FCFP6_1024_314 | 0.00 | 0.00%
FCFP6_1024_476 | 0.00 | 0.00%
FCFP6_1024_281 | 0.00 | 0.00%
FCFP6_1024_945 | 0.00 | 0.00%
FCFP6_1024_0 | 0.00 | 0.00%

=====================================================================
METRIC TYPE                                  | VALUE / PROFILE
=====================================================================
Embedding Share                              | 0.00%
Raw Feature Share                            | 100.00%
---------------------------------------------------------------------
Active Text Embedding Density                | 0.00% (0/0)
Active Raw Tabular Feature Density           | 99.90% (1023/1024)
---------------------------------------------------------------------
Top-5 Concentration Ratio (CR5)              | 19.25% of total decision weight
Top-10 Concentration Ratio (CR10)            | 24.51% of total decision weight
=====================================================================

Total Pipeline Execution Time: 3015.23 seconds

[SUCCESS] Permanent artifacts safely written to 'outputs/training-4/'
[W&B] Artifacts and localized metrics logged successfully for qsar-tid-11_raw-only_catboost
