[W&B] Child process started for job: qsar-biodeg_embed-only_lightgbm in group session-training-4
Loading archive 'archives/qsar-biodeg.npz' and initializing pipeline for target: LIGHTGBM...
Execution Mode: EMBED-ONLY
Session Output Target: outputs/training-4/
Task Type: BINARY
TabPFN Baselines Loaded - Primary: 0.0419 | Secondary: 0.8863
PCA reduced text embeddings to 45 components.
Final training matrix shape assembled for EMBED-ONLY: (843, 45)

Running 26-Trial Optuna Study for LIGHTGBM (EMBED-ONLY)...
A new study created in RDB with name: 20260625_040708_qsar-biodeg_embed-only_lightgbm
Trial 0 finished with value: 0.10562647885241061 and parameters: {}. Best is trial 0 with value: 0.10562647885241061.
Trial 1 finished with value: 0.1000574287686089 and parameters: {'learning_rate': 0.015355286838886862, 'feature_fraction': 0.9704285838459497, 'bagging_fraction': 0.9195981825434215, 'bagging_freq': 1, 'num_leaves': 28, 'min_data_in_leaf': 1, 'extra_trees': False, 'min_data_per_group': 57, 'cat_l2': 0.18327672955935934, 'cat_smooth': 3.4702669886504163, 'max_cat_to_onehot': 8, 'lambda_l1': 0.9699128611767781, 'lambda_l2': 1.6649020373367633}. Best is trial 1 with value: 0.1000574287686089.
Trial 2 finished with value: 0.10215444148673958 and parameters: {'learning_rate': 0.009445600138094694, 'feature_fraction': 0.5090949803242604, 'bagging_fraction': 0.7550213529560301, 'bagging_freq': 1, 'num_leaves': 7, 'min_data_in_leaf': 6, 'extra_trees': False, 'min_data_per_group': 20, 'cat_l2': 0.01153297626310632, 'cat_smooth': 0.028888383623653185, 'max_cat_to_onehot': 19, 'lambda_l1': 0.4561243772186142, 'lambda_l2': 1.5703734051898879}. Best is trial 1 with value: 0.1000574287686089.
Trial 3 finished with value: 0.14205020293141413 and parameters: {'learning_rate': 0.009093929525644107, 'feature_fraction': 0.708540663048167, 'bagging_fraction': 0.8777243706586128, 'bagging_freq': 1, 'num_leaves': 2, 'min_data_in_leaf': 10, 'extra_trees': False, 'min_data_per_group': 81, 'cat_l2': 1.6278053965878447, 'cat_smooth': 11.015056790269638, 'max_cat_to_onehot': 17, 'lambda_l1': 0.09776234679498323, 'lambda_l2': 1.3684976297216627}. Best is trial 1 with value: 0.1000574287686089.
Trial 4 finished with value: 0.11628643728022614 and parameters: {'learning_rate': 0.01869052934095898, 'feature_fraction': 0.47322294090686734, 'bagging_fraction': 0.848553073033381, 'bagging_freq': 1, 'num_leaves': 2, 'min_data_in_leaf': 42, 'extra_trees': True, 'min_data_per_group': 6, 'cat_l2': 0.11277639166461569, 'cat_smooth': 0.5414413211338525, 'max_cat_to_onehot': 12, 'lambda_l1': 0.9695876693017821, 'lambda_l2': 1.550288133439893}. Best is trial 1 with value: 0.1000574287686089.
Trial 5 finished with value: 0.09260317049525124 and parameters: {'learning_rate': 0.08342309693146736, 'feature_fraction': 0.9368964102565893, 'bagging_fraction': 0.8793699936433255, 'bagging_freq': 1, 'num_leaves': 137, 'min_data_in_leaf': 1, 'extra_trees': False, 'min_data_per_group': 6, 'cat_l2': 0.0513253156994884, 'cat_smooth': 0.022737628102536857, 'max_cat_to_onehot': 64, 'lambda_l1': 0.3568176513609199, 'lambda_l2': 0.5619409259237927}. Best is trial 5 with value: 0.09260317049525124.
Trial 6 finished with value: 0.12833614726083664 and parameters: {'learning_rate': 0.025411709798607296, 'feature_fraction': 0.4845545349848576, 'bagging_fraction': 0.9406590942262119, 'bagging_freq': 1, 'num_leaves': 2, 'min_data_in_leaf': 61, 'extra_trees': False, 'min_data_per_group': 2, 'cat_l2': 0.6619871537619337, 'cat_smooth': 3.4220529032706923, 'max_cat_to_onehot': 50, 'lambda_l1': 0.7712932196512772, 'lambda_l2': 0.1481818990030073}. Best is trial 5 with value: 0.09260317049525124.
Trial 7 finished with value: 0.08765651188011436 and parameters: {'learning_rate': 0.014633380642745364, 'feature_fraction': 0.4695214357150779, 'bagging_fraction': 0.958931027762678, 'bagging_freq': 1, 'num_leaves': 32, 'min_data_in_leaf': 2, 'extra_trees': True, 'min_data_per_group': 6, 'cat_l2': 0.3957756313952873, 'cat_smooth': 1.5409457762881555, 'max_cat_to_onehot': 75, 'lambda_l1': 0.4722677036694331, 'lambda_l2': 0.23927653245200955}. Best is trial 7 with value: 0.08765651188011436.
Trial 8 finished with value: 0.09551279207335117 and parameters: {'learning_rate': 0.042356773126632795, 'feature_fraction': 0.8564710291701385, 'bagging_fraction': 0.8683831592708489, 'bagging_freq': 1, 'num_leaves': 65, 'min_data_in_leaf': 6, 'extra_trees': False, 'min_data_per_group': 2, 'cat_l2': 0.009543550367992308, 'cat_smooth': 0.0014359718569878096, 'max_cat_to_onehot': 39, 'lambda_l1': 0.314424545478219, 'lambda_l2': 1.017190525260289}. Best is trial 7 with value: 0.08765651188011436.
Trial 9 finished with value: 0.09568078559926385 and parameters: {'learning_rate': 0.07581256838789621, 'feature_fraction': 0.549575337489325, 'bagging_fraction': 0.8231148769106889, 'bagging_freq': 1, 'num_leaves': 61, 'min_data_in_leaf': 2, 'extra_trees': True, 'min_data_per_group': 3, 'cat_l2': 1.3124992669799407, 'cat_smooth': 10.979988817809668, 'max_cat_to_onehot': 39, 'lambda_l1': 0.871473444128699, 'lambda_l2': 1.607363786590539}. Best is trial 7 with value: 0.08765651188011436.
Trial 10 finished with value: 0.09322231670445946 and parameters: {'learning_rate': 0.005556572437269131, 'feature_fraction': 0.6839963928728011, 'bagging_fraction': 0.9908611332363597, 'bagging_freq': 1, 'num_leaves': 12, 'min_data_in_leaf': 19, 'extra_trees': True, 'min_data_per_group': 23, 'cat_l2': 0.03512175732792625, 'cat_smooth': 55.54162315706866, 'max_cat_to_onehot': 99, 'lambda_l1': 0.5905156421247704, 'lambda_l2': 0.02569074131920096}. Best is trial 7 with value: 0.08765651188011436.
Trial 11 finished with value: 0.09036435226264417 and parameters: {'learning_rate': 0.0763511546716652, 'feature_fraction': 0.9931771745328085, 'bagging_fraction': 0.9944634815414494, 'bagging_freq': 1, 'num_leaves': 160, 'min_data_in_leaf': 1, 'extra_trees': True, 'min_data_per_group': 8, 'cat_l2': 0.19642009200287727, 'cat_smooth': 0.09670598516074501, 'max_cat_to_onehot': 92, 'lambda_l1': 0.2515842063401913, 'lambda_l2': 0.5490424980676336}. Best is trial 7 with value: 0.08765651188011436.
Trial 12 finished with value: 0.0874067090604358 and parameters: {'learning_rate': 0.040851082831757854, 'feature_fraction': 0.7454354042150941, 'bagging_fraction': 0.9979535080856271, 'bagging_freq': 1, 'num_leaves': 197, 'min_data_in_leaf': 2, 'extra_trees': True, 'min_data_per_group': 9, 'cat_l2': 0.3871583872495808, 'cat_smooth': 0.305128880331871, 'max_cat_to_onehot': 100, 'lambda_l1': 0.14343945186186488, 'lambda_l2': 0.5605293003787863}. Best is trial 12 with value: 0.0874067090604358.
Trial 13 finished with value: 0.09444873722435831 and parameters: {'learning_rate': 0.040881208467459594, 'feature_fraction': 0.6577514175654342, 'bagging_fraction': 0.9503189177548768, 'bagging_freq': 1, 'num_leaves': 21, 'min_data_in_leaf': 3, 'extra_trees': True, 'min_data_per_group': 14, 'cat_l2': 0.3922763492495516, 'cat_smooth': 0.40624551647814333, 'max_cat_to_onehot': 69, 'lambda_l1': 0.06129579790518597, 'lambda_l2': 0.4911683189017154}. Best is trial 12 with value: 0.0874067090604358.
Trial 14 finished with value: 0.09413121528804769 and parameters: {'learning_rate': 0.036385187905131414, 'feature_fraction': 0.8097542395495967, 'bagging_fraction': 0.9663694231027784, 'bagging_freq': 1, 'num_leaves': 56, 'min_data_in_leaf': 2, 'extra_trees': True, 'min_data_per_group': 10, 'cat_l2': 0.49160813075424775, 'cat_smooth': 0.2652032650731302, 'max_cat_to_onehot': 68, 'lambda_l1': 0.6007331311267093, 'lambda_l2': 0.9950818453959926}. Best is trial 12 with value: 0.0874067090604358.
Trial 15 finished with value: 0.09543864405665647 and parameters: {'learning_rate': 0.01264445189228099, 'feature_fraction': 0.41633141583471817, 'bagging_fraction': 0.9192404732149412, 'bagging_freq': 1, 'num_leaves': 6, 'min_data_in_leaf': 4, 'extra_trees': True, 'min_data_per_group': 4, 'cat_l2': 0.08334709068455096, 'cat_smooth': 1.5423609998130932, 'max_cat_to_onehot': 28, 'lambda_l1': 0.14270326175622366, 'lambda_l2': 0.3019973942418896}. Best is trial 12 with value: 0.0874067090604358.
Trial 16 finished with value: 0.09083941305990995 and parameters: {'learning_rate': 0.024293632450368568, 'feature_fraction': 0.5994694515601107, 'bagging_fraction': 0.9953360672442162, 'bagging_freq': 1, 'num_leaves': 103, 'min_data_in_leaf': 2, 'extra_trees': True, 'min_data_per_group': 34, 'cat_l2': 0.2787142033084451, 'cat_smooth': 0.0037695701752224696, 'max_cat_to_onehot': 100, 'lambda_l1': 0.508231472878358, 'lambda_l2': 0.8439928951725435}. Best is trial 12 with value: 0.0874067090604358.
Trial 17 finished with value: 0.09195662443721442 and parameters: {'learning_rate': 0.005690829910093074, 'feature_fraction': 0.7582074332198886, 'bagging_fraction': 0.7302637689507951, 'bagging_freq': 1, 'num_leaves': 29, 'min_data_in_leaf': 1, 'extra_trees': True, 'min_data_per_group': 4, 'cat_l2': 0.9586503685503517, 'cat_smooth': 0.06016682737339128, 'max_cat_to_onehot': 50, 'lambda_l1': 0.6845804052185094, 'lambda_l2': 0.7611486765978107}. Best is trial 12 with value: 0.0874067090604358.
Trial 18 finished with value: 0.09279466134279801 and parameters: {'learning_rate': 0.05402317772666315, 'feature_fraction': 0.6071738299085014, 'bagging_fraction': 0.9146766521848216, 'bagging_freq': 1, 'num_leaves': 13, 'min_data_in_leaf': 14, 'extra_trees': True, 'min_data_per_group': 12, 'cat_l2': 0.6425769976286783, 'cat_smooth': 55.99440150677432, 'max_cat_to_onehot': 68, 'lambda_l1': 0.017456667665418202, 'lambda_l2': 0.30920242854203767}. Best is trial 12 with value: 0.0874067090604358.
Trial 19 finished with value: 0.09067581501199506 and parameters: {'learning_rate': 0.027567351117986902, 'feature_fraction': 0.8881774060848531, 'bagging_fraction': 0.9662824267072887, 'bagging_freq': 1, 'num_leaves': 190, 'min_data_in_leaf': 3, 'extra_trees': True, 'min_data_per_group': 6, 'cat_l2': 0.0302270562059511, 'cat_smooth': 1.1252542001038424, 'max_cat_to_onehot': 50, 'lambda_l1': 0.24080412649906552, 'lambda_l2': 0.21761947832063902}. Best is trial 12 with value: 0.0874067090604358.
Trial 20 finished with value: 0.09068797446514831 and parameters: {'learning_rate': 0.009646865691609158, 'feature_fraction': 0.41739882570116477, 'bagging_fraction': 0.8024056473923528, 'bagging_freq': 1, 'num_leaves': 82, 'min_data_in_leaf': 1, 'extra_trees': True, 'min_data_per_group': 19, 'cat_l2': 1.9929842751903621, 'cat_smooth': 0.11986664530142917, 'max_cat_to_onehot': 80, 'lambda_l1': 0.434852086000726, 'lambda_l2': 1.284571019889842}. Best is trial 12 with value: 0.0874067090604358.
Trial 21 finished with value: 0.09334682786157944 and parameters: {'learning_rate': 0.06035679976790568, 'feature_fraction': 0.9963690950087012, 'bagging_fraction': 0.9976007145460616, 'bagging_freq': 1, 'num_leaves': 199, 'min_data_in_leaf': 1, 'extra_trees': True, 'min_data_per_group': 8, 'cat_l2': 0.21573406884685067, 'cat_smooth': 0.14844841628969566, 'max_cat_to_onehot': 88, 'lambda_l1': 0.17475586028289136, 'lambda_l2': 0.5401419050817033}. Best is trial 12 with value: 0.0874067090604358.
Trial 22 finished with value: 0.10100042311610635 and parameters: {'learning_rate': 0.09515110277532458, 'feature_fraction': 0.7597822619137817, 'bagging_fraction': 0.9708205599634503, 'bagging_freq': 1, 'num_leaves': 41, 'min_data_in_leaf': 2, 'extra_trees': True, 'min_data_per_group': 8, 'cat_l2': 0.10272063805410932, 'cat_smooth': 0.01305893675324715, 'max_cat_to_onehot': 81, 'lambda_l1': 0.23549494337284393, 'lambda_l2': 0.6997813256653608}. Best is trial 12 with value: 0.0874067090604358.
Trial 23 finished with value: 0.09536153833514083 and parameters: {'learning_rate': 0.060602519852266695, 'feature_fraction': 0.8923347510403546, 'bagging_fraction': 0.9394169533935445, 'bagging_freq': 1, 'num_leaves': 123, 'min_data_in_leaf': 1, 'extra_trees': True, 'min_data_per_group': 4, 'cat_l2': 0.3425248754933238, 'cat_smooth': 0.07559551872791549, 'max_cat_to_onehot': 55, 'lambda_l1': 0.33517785873187267, 'lambda_l2': 0.4208182385283392}. Best is trial 12 with value: 0.0874067090604358.
Trial 24 finished with value: 0.09510664169049265 and parameters: {'learning_rate': 0.05099428433750841, 'feature_fraction': 0.8229526860004286, 'bagging_fraction': 0.9735243450032867, 'bagging_freq': 1, 'num_leaves': 139, 'min_data_in_leaf': 4, 'extra_trees': True, 'min_data_per_group': 15, 'cat_l2': 0.16332696215102185, 'cat_smooth': 1.017535240449469, 'max_cat_to_onehot': 40, 'lambda_l1': 0.23249035529385284, 'lambda_l2': 0.034836580597231714}. Best is trial 12 with value: 0.0874067090604358.
Trial 25 finished with value: 0.09183034687304881 and parameters: {'learning_rate': 0.03255801303593711, 'feature_fraction': 0.6077482505301062, 'bagging_fraction': 0.9025558822017603, 'bagging_freq': 1, 'num_leaves': 91, 'min_data_in_leaf': 1, 'extra_trees': True, 'min_data_per_group': 32, 'cat_l2': 0.8516576981308075, 'cat_smooth': 12.16367414484039, 'max_cat_to_onehot': 100, 'lambda_l1': 0.41083228040973097, 'lambda_l2': 0.6790734047254405}. Best is trial 12 with value: 0.0874067090604358.
Optuna Search Completed in: 47.31 seconds

Training final model on optimized parameter setup...

[LIGHTGBM FINALIZED METRICS]
Optimal Trees:         150
1-AUROC:             0.0845 (Delta to TabPFN: +0.0427)
Accuracy:             0.8578 (Delta to TabPFN: -0.0284)
Final Train Time:      0.21 seconds (0.2462s per 1K)
Final Infer Time:      0.00 seconds (0.0052s per 1K)

--- LIGHTGBM Feature Importance (Raw vs. Scaled Share) ---
Feature | Raw gain | Share
pca_embed_2 | 1558.52 | 14.34%
pca_embed_0 | 1161.58 | 10.69%
pca_embed_7 | 871.04 | 8.01%
pca_embed_8 | 503.94 | 4.64%
pca_embed_13 | 422.26 | 3.88%
pca_embed_20 | 414.15 | 3.81%
pca_embed_3 | 380.16 | 3.50%
pca_embed_17 | 372.71 | 3.43%
pca_embed_1 | 352.16 | 3.24%
pca_embed_5 | 319.90 | 2.94%
pca_embed_11 | 307.29 | 2.83%
pca_embed_14 | 296.37 | 2.73%
pca_embed_22 | 247.09 | 2.27%
pca_embed_30 | 202.42 | 1.86%
pca_embed_12 | 185.17 | 1.70%
pca_embed_26 | 179.65 | 1.65%
pca_embed_15 | 172.53 | 1.59%
pca_embed_9 | 167.90 | 1.54%
pca_embed_34 | 167.78 | 1.54%
pca_embed_41 | 163.05 | 1.50%
pca_embed_42 | 159.94 | 1.47%
pca_embed_21 | 151.84 | 1.40%
pca_embed_33 | 136.45 | 1.26%
pca_embed_36 | 135.57 | 1.25%
pca_embed_10 | 134.38 | 1.24%
pca_embed_18 | 125.04 | 1.15%
pca_embed_16 | 124.30 | 1.14%
pca_embed_23 | 122.87 | 1.13%
pca_embed_19 | 111.65 | 1.03%
pca_embed_29 | 110.48 | 1.02%
pca_embed_6 | 104.74 | 0.96%
pca_embed_31 | 102.21 | 0.94%
pca_embed_44 | 86.27 | 0.79%
pca_embed_4 | 82.61 | 0.76%
pca_embed_27 | 81.93 | 0.75%
pca_embed_24 | 80.47 | 0.74%
pca_embed_39 | 75.25 | 0.69%
pca_embed_43 | 72.92 | 0.67%
pca_embed_38 | 69.75 | 0.64%
pca_embed_25 | 67.37 | 0.62%
pca_embed_40 | 66.24 | 0.61%
pca_embed_32 | 62.79 | 0.58%
pca_embed_28 | 62.42 | 0.57%
pca_embed_35 | 59.55 | 0.55%
pca_embed_37 | 37.16 | 0.34%

=====================================================================
METRIC TYPE                                  | VALUE / PROFILE
=====================================================================
Embedding Share                              | 100.00%
Raw Feature Share                            | 0.00%
---------------------------------------------------------------------
Active Text Embedding Density                | 100.00% (45/45)
Active Raw Tabular Feature Density           | 0.00% (0/0)
---------------------------------------------------------------------
Top-5 Concentration Ratio (CR5)              | 41.56% of total decision weight
Top-10 Concentration Ratio (CR10)            | 58.48% of total decision weight
=====================================================================

Total Pipeline Execution Time: 49.05 seconds

[SUCCESS] Permanent artifacts safely written to 'outputs/training-4/'
[W&B] Artifacts and localized metrics logged successfully for qsar-biodeg_embed-only_lightgbm
