[W&B] Child process started for job: houses_embed-only_xgboost in group session-training-2
Loading archive 'archives/houses.npz' and initializing pipeline for target: XGBOOST...
Execution Mode: EMBED-ONLY
Session Output Target: outputs/training-2/
Task Type: REGRESSION
TabPFN Baselines Loaded - Primary: 0.1762 | Secondary: 0.9042
PCA reduced text embeddings to 77 components.
Final training matrix shape assembled for EMBED-ONLY: (16512, 77)

Running 26-Trial Optuna Study for XGBOOST (EMBED-ONLY)...
A new study created in RDB with name: 20260624_164900_houses_embed-only_xgboost
Trial 0 finished with value: 0.19828747492973298 and parameters: {}. Best is trial 0 with value: 0.19828747492973298.
Trial 1 finished with value: 0.19435887137907346 and parameters: {'learning_rate': 0.015355286838886862, 'max_depth': 10, 'min_child_weight': 0.5100627805979911, 'subsample': 0.8394633936788146, 'colsample_bylevel': 0.6624074561769746, 'colsample_bynode': 0.662397808134481, 'reg_alpha': 0.29051225247978046, 'reg_lambda': 4.330894111260099, 'grow_policy': 'lossguide', 'max_cat_to_onehot': 8, 'max_leaves': 884}. Best is trial 1 with value: 0.19435887137907346.
Trial 2 finished with value: 0.19328980769341628 and parameters: {'learning_rate': 0.060534484680010825, 'max_depth': 4, 'min_child_weight': 0.004705059281907645, 'subsample': 0.6733618039413735, 'colsample_bylevel': 0.7216968971838151, 'colsample_bynode': 0.8099025726528951, 'reg_alpha': 2.1597818987087147, 'reg_lambda': 1.4562165780761898, 'grow_policy': 'depthwise', 'max_cat_to_onehot': 16, 'max_leaves': 45}. Best is trial 2 with value: 0.19328980769341628.
Trial 3 finished with value: 0.1938614300364232 and parameters: {'learning_rate': 0.019603369861210685, 'max_depth': 8, 'min_child_weight': 0.005477562363971304, 'subsample': 0.8056937753654446, 'colsample_bylevel': 0.836965827544817, 'colsample_bynode': 0.6185801650879991, 'reg_alpha': 3.037763505022002, 'reg_lambda': 0.8527035660240889, 'grow_policy': 'lossguide', 'max_cat_to_onehot': 92, 'max_leaves': 399}. Best is trial 2 with value: 0.19328980769341628.
Trial 4 finished with value: 0.19271870044581454 and parameters: {'learning_rate': 0.012453219846912198, 'max_depth': 4, 'min_child_weight': 0.33959199243313637, 'subsample': 0.7760609974958406, 'colsample_bylevel': 0.6488152939379115, 'colsample_bynode': 0.798070764044508, 'reg_alpha': 0.17203916672398045, 'reg_lambda': 4.546611078353703, 'grow_policy': 'lossguide', 'max_cat_to_onehot': 17, 'max_leaves': 97}. Best is trial 4 with value: 0.19271870044581454.
Trial 5 finished with value: 0.1932396183137389 and parameters: {'learning_rate': 0.025719142025384646, 'max_depth': 4, 'min_child_weight': 3.8589082671053854, 'subsample': 0.9100531293444458, 'colsample_bylevel': 0.9757995766256756, 'colsample_bynode': 0.9579309401710595, 'reg_alpha': 2.989540104057545, 'reg_lambda': 4.609378987692081, 'grow_policy': 'lossguide', 'max_cat_to_onehot': 8, 'max_leaves': 37}. Best is trial 4 with value: 0.19271870044581454.
Trial 6 finished with value: 0.19268678817416618 and parameters: {'learning_rate': 0.016019568611465234, 'max_depth': 5, 'min_child_weight': 1.1627201204016835, 'subsample': 0.7427013306774357, 'colsample_bylevel': 0.7123738038749523, 'colsample_bynode': 0.8170784332632994, 'reg_alpha': 0.7047070324513158, 'reg_lambda': 4.011004684072123, 'grow_policy': 'lossguide', 'max_cat_to_onehot': 56, 'max_leaves': 20}. Best is trial 6 with value: 0.19268678817416618.
Trial 7 finished with value: 0.19290280731007636 and parameters: {'learning_rate': 0.0050834018700114374, 'max_depth': 9, 'min_child_weight': 0.4117599592262879, 'subsample': 0.8916028672163949, 'colsample_bylevel': 0.9085081386743783, 'colsample_bynode': 0.6296178606936361, 'reg_alpha': 1.7923927961485087, 'reg_lambda': 0.5794337107196961, 'grow_policy': 'depthwise', 'max_cat_to_onehot': 18, 'max_leaves': 10}. Best is trial 6 with value: 0.19268678817416618.
Trial 8 finished with value: 0.19298853389296952 and parameters: {'learning_rate': 0.012693089228250284, 'max_depth': 5, 'min_child_weight': 0.49979438035802604, 'subsample': 0.8550229885420852, 'colsample_bylevel': 0.9548850970305306, 'colsample_bynode': 0.7888859700647797, 'reg_alpha': 0.5980592702669147, 'reg_lambda': 3.566252611636253, 'grow_policy': 'depthwise', 'max_cat_to_onehot': 55, 'max_leaves': 85}. Best is trial 6 with value: 0.19268678817416618.
Trial 9 finished with value: 0.19305803490049211 and parameters: {'learning_rate': 0.02393652463662192, 'max_depth': 6, 'min_child_weight': 0.0012417226051008223, 'subsample': 0.6431565707973218, 'colsample_bylevel': 0.6125716742746937, 'colsample_bynode': 0.8545641645055122, 'reg_alpha': 1.5718484697835258, 'reg_lambda': 2.542902598754398, 'grow_policy': 'depthwise', 'max_cat_to_onehot': 22, 'max_leaves': 308}. Best is trial 6 with value: 0.19268678817416618.
Trial 10 finished with value: 0.19334848970404173 and parameters: {'learning_rate': 0.08651476814006658, 'max_depth': 7, 'min_child_weight': 0.038946887834449, 'subsample': 0.9729161367647149, 'colsample_bylevel': 0.7785521584210519, 'colsample_bynode': 0.9630659181130071, 'reg_alpha': 4.7988577526525065, 'reg_lambda': 2.5700768651765165, 'grow_policy': 'lossguide', 'max_cat_to_onehot': 40, 'max_leaves': 9}. Best is trial 6 with value: 0.19268678817416618.
Trial 11 finished with value: 0.19290653025396304 and parameters: {'learning_rate': 0.008236597407822864, 'max_depth': 5, 'min_child_weight': 4.359105583337639, 'subsample': 0.742869807831149, 'colsample_bylevel': 0.7024866646845546, 'colsample_bynode': 0.7708449222533328, 'reg_alpha': 0.034142440330290236, 'reg_lambda': 3.6785387663492077, 'grow_policy': 'lossguide', 'max_cat_to_onehot': 34, 'max_leaves': 108}. Best is trial 6 with value: 0.19268678817416618.
Trial 12 finished with value: 0.19279152570435903 and parameters: {'learning_rate': 0.038622519787404504, 'max_depth': 5, 'min_child_weight': 0.1197151592307809, 'subsample': 0.7548944548876555, 'colsample_bylevel': 0.6039084527473784, 'colsample_bynode': 0.8847911208853647, 'reg_alpha': 1.0346127805831378, 'reg_lambda': 4.971418225794803, 'grow_policy': 'lossguide', 'max_cat_to_onehot': 91, 'max_leaves': 23}. Best is trial 6 with value: 0.19268678817416618.
Trial 13 finished with value: 0.1926250910736825 and parameters: {'learning_rate': 0.010309562071127988, 'max_depth': 4, 'min_child_weight': 1.0614229136484359, 'subsample': 0.7230023214504617, 'colsample_bylevel': 0.766040755430863, 'colsample_bynode': 0.7223586916717624, 'reg_alpha': 1.0522260977505589, 'reg_lambda': 3.689098993127759, 'grow_policy': 'lossguide', 'max_cat_to_onehot': 14, 'max_leaves': 139}. Best is trial 13 with value: 0.1926250910736825.
Trial 14 finished with value: 0.19310826707555828 and parameters: {'learning_rate': 0.007462886546415874, 'max_depth': 6, 'min_child_weight': 1.6833193110784321, 'subsample': 0.6985806696003056, 'colsample_bylevel': 0.7903224287060718, 'colsample_bynode': 0.7204293407727411, 'reg_alpha': 1.0775662668683872, 'reg_lambda': 3.141400458743509, 'grow_policy': 'lossguide', 'max_cat_to_onehot': 12, 'max_leaves': 241}. Best is trial 13 with value: 0.1926250910736825.
Trial 15 finished with value: 0.1925950893479162 and parameters: {'learning_rate': 0.009025487249086401, 'max_depth': 4, 'min_child_weight': 1.237679687034366, 'subsample': 0.6041781190606464, 'colsample_bylevel': 0.7559159668394202, 'colsample_bynode': 0.7238803118866866, 'reg_alpha': 2.576520956410427, 'reg_lambda': 3.879146847759522, 'grow_policy': 'lossguide', 'max_cat_to_onehot': 30, 'max_leaves': 19}. Best is trial 15 with value: 0.1925950893479162.
Trial 16 finished with value: 0.19265035076510628 and parameters: {'learning_rate': 0.008553157946591802, 'max_depth': 4, 'min_child_weight': 0.0994936305984191, 'subsample': 0.6289252569758341, 'colsample_bylevel': 0.8445394106327805, 'colsample_bynode': 0.7086740262548956, 'reg_alpha': 2.848786004989158, 'reg_lambda': 2.8711586635221664, 'grow_policy': 'lossguide', 'max_cat_to_onehot': 29, 'max_leaves': 681}. Best is trial 15 with value: 0.1925950893479162.
Trial 17 finished with value: 0.19253571241708245 and parameters: {'learning_rate': 0.005682832100775162, 'max_depth': 4, 'min_child_weight': 1.2980564412024043, 'subsample': 0.606412868526799, 'colsample_bylevel': 0.7819349470199373, 'colsample_bynode': 0.7131161336078565, 'reg_alpha': 4.082694686525883, 'reg_lambda': 2.006461108484631, 'grow_policy': 'lossguide', 'max_cat_to_onehot': 12, 'max_leaves': 168}. Best is trial 17 with value: 0.19253571241708245.
Trial 18 finished with value: 0.1925920239576443 and parameters: {'learning_rate': 0.005341383213792089, 'max_depth': 4, 'min_child_weight': 0.1215155987115292, 'subsample': 0.6005426838025545, 'colsample_bylevel': 0.8531710025418279, 'colsample_bynode': 0.6818284971574555, 'reg_alpha': 4.397172217433836, 'reg_lambda': 1.9373050683555868, 'grow_policy': 'lossguide', 'max_cat_to_onehot': 11, 'max_leaves': 46}. Best is trial 17 with value: 0.19253571241708245.
Trial 19 finished with value: 0.1927257525155157 and parameters: {'learning_rate': 0.005009749281998703, 'max_depth': 5, 'min_child_weight': 0.03187200038929047, 'subsample': 0.6643474133536639, 'colsample_bylevel': 0.8801151332999179, 'colsample_bynode': 0.6722613501836476, 'reg_alpha': 4.420843170655173, 'reg_lambda': 1.9083088930479097, 'grow_policy': 'depthwise', 'max_cat_to_onehot': 11, 'max_leaves': 54}. Best is trial 17 with value: 0.19253571241708245.
Trial 20 finished with value: 0.1929158841504185 and parameters: {'learning_rate': 0.006507492197772447, 'max_depth': 6, 'min_child_weight': 0.12558799819769534, 'subsample': 0.6089671918747096, 'colsample_bylevel': 0.8459323689197213, 'colsample_bynode': 0.6636449176699788, 'reg_alpha': 3.769556602801796, 'reg_lambda': 1.6399145807867115, 'grow_policy': 'lossguide', 'max_cat_to_onehot': 10, 'max_leaves': 243}. Best is trial 17 with value: 0.19253571241708245.
Trial 21 finished with value: 0.19263200242290263 and parameters: {'learning_rate': 0.00616116317780957, 'max_depth': 4, 'min_child_weight': 1.292157085104744, 'subsample': 0.6018144452471478, 'colsample_bylevel': 0.8040627970981543, 'colsample_bynode': 0.7527998447162596, 'reg_alpha': 3.953126505049572, 'reg_lambda': 2.0349578344528374, 'grow_policy': 'lossguide', 'max_cat_to_onehot': 23, 'max_leaves': 18}. Best is trial 17 with value: 0.19253571241708245.
Trial 22 finished with value: 0.19251215969749674 and parameters: {'learning_rate': 0.009765660195629713, 'max_depth': 4, 'min_child_weight': 0.028801762341439698, 'subsample': 0.655236533821594, 'colsample_bylevel': 0.7485202093651706, 'colsample_bynode': 0.6961149709463904, 'reg_alpha': 3.6681702444371833, 'reg_lambda': 1.1741887458278912, 'grow_policy': 'lossguide', 'max_cat_to_onehot': 21, 'max_leaves': 30}. Best is trial 22 with value: 0.19251215969749674.
Trial 23 finished with value: 0.19269114789784036 and parameters: {'learning_rate': 0.006124404183987503, 'max_depth': 4, 'min_child_weight': 0.01801381307599878, 'subsample': 0.6862634946755232, 'colsample_bylevel': 0.8881336934963435, 'colsample_bynode': 0.6875171316534704, 'reg_alpha': 3.5578896835238805, 'reg_lambda': 0.1307427611712777, 'grow_policy': 'lossguide', 'max_cat_to_onehot': 13, 'max_leaves': 63}. Best is trial 22 with value: 0.19251215969749674.
Trial 24 finished with value: 0.1923970068275349 and parameters: {'learning_rate': 0.010134850875180677, 'max_depth': 4, 'min_child_weight': 0.009720438681941173, 'subsample': 0.650773441009233, 'colsample_bylevel': 0.8133077557605083, 'colsample_bynode': 0.610311685463581, 'reg_alpha': 4.165841225356452, 'reg_lambda': 1.1601178279377868, 'grow_policy': 'lossguide', 'max_cat_to_onehot': 10, 'max_leaves': 40}. Best is trial 24 with value: 0.1923970068275349.
Trial 25 finished with value: 0.19277936330152945 and parameters: {'learning_rate': 0.011645342805703767, 'max_depth': 5, 'min_child_weight': 0.00792727028439016, 'subsample': 0.6483301681678832, 'colsample_bylevel': 0.7408712519760827, 'colsample_bynode': 0.6203274667414868, 'reg_alpha': 4.934623054778516, 'reg_lambda': 0.960478332564175, 'grow_policy': 'lossguide', 'max_cat_to_onehot': 22, 'max_leaves': 30}. Best is trial 24 with value: 0.1923970068275349.
Optuna Search Completed in: 533.21 seconds

Training final model on optimized parameter setup...

[XGBOOST FINALIZED METRICS]
Optimal Trees:         645
RMSE:             0.1778 (Delta to TabPFN: +0.0017)
R2_Score:             0.9024 (Delta to TabPFN: -0.0018)
Final Train Time:      1.30 seconds (0.0790s per 1K)
Final Infer Time:      0.00 seconds (0.0008s per 1K)

--- XGBOOST Feature Importance (Raw vs. Scaled Share) ---
Feature | Raw gain | Share
pca_embed_0 | 96008.71 | 62.65%
pca_embed_1 | 25743.67 | 16.80%
pca_embed_2 | 16883.91 | 11.02%
pca_embed_3 | 8921.03 | 5.82%
pca_embed_5 | 1787.12 | 1.17%
pca_embed_6 | 1282.74 | 0.84%
pca_embed_4 | 655.18 | 0.43%
pca_embed_7 | 245.97 | 0.16%
pca_embed_10 | 170.48 | 0.11%
pca_embed_15 | 124.41 | 0.08%
pca_embed_16 | 112.94 | 0.07%
pca_embed_8 | 48.71 | 0.03%
pca_embed_12 | 45.96 | 0.03%
pca_embed_14 | 44.61 | 0.03%
pca_embed_55 | 43.51 | 0.03%
pca_embed_18 | 42.70 | 0.03%
pca_embed_64 | 42.38 | 0.03%
pca_embed_26 | 39.16 | 0.03%
pca_embed_74 | 35.50 | 0.02%
pca_embed_58 | 34.15 | 0.02%
pca_embed_38 | 32.01 | 0.02%
pca_embed_30 | 30.26 | 0.02%
pca_embed_9 | 28.91 | 0.02%
pca_embed_33 | 26.53 | 0.02%
pca_embed_25 | 26.31 | 0.02%
pca_embed_65 | 25.43 | 0.02%
pca_embed_11 | 24.88 | 0.02%
pca_embed_27 | 23.79 | 0.02%
pca_embed_59 | 22.46 | 0.01%
pca_embed_32 | 21.91 | 0.01%
pca_embed_45 | 21.56 | 0.01%
pca_embed_41 | 21.50 | 0.01%
pca_embed_29 | 20.65 | 0.01%
pca_embed_23 | 19.96 | 0.01%
pca_embed_66 | 19.84 | 0.01%
pca_embed_35 | 19.15 | 0.01%
pca_embed_39 | 19.12 | 0.01%
pca_embed_43 | 18.69 | 0.01%
pca_embed_34 | 18.64 | 0.01%
pca_embed_44 | 18.27 | 0.01%
pca_embed_52 | 17.44 | 0.01%
pca_embed_21 | 17.40 | 0.01%
pca_embed_28 | 17.39 | 0.01%
pca_embed_50 | 17.38 | 0.01%
pca_embed_47 | 17.20 | 0.01%
pca_embed_76 | 16.94 | 0.01%
pca_embed_51 | 16.78 | 0.01%
pca_embed_72 | 16.03 | 0.01%
pca_embed_40 | 15.84 | 0.01%
pca_embed_49 | 15.81 | 0.01%
pca_embed_20 | 15.71 | 0.01%
pca_embed_69 | 15.30 | 0.01%
pca_embed_70 | 15.23 | 0.01%
pca_embed_36 | 14.79 | 0.01%
pca_embed_73 | 14.75 | 0.01%
pca_embed_46 | 14.64 | 0.01%
pca_embed_56 | 14.04 | 0.01%
pca_embed_48 | 14.00 | 0.01%
pca_embed_63 | 13.90 | 0.01%
pca_embed_13 | 12.75 | 0.01%
pca_embed_71 | 12.59 | 0.01%
pca_embed_60 | 12.48 | 0.01%
pca_embed_24 | 12.26 | 0.01%
pca_embed_37 | 11.79 | 0.01%
pca_embed_68 | 11.17 | 0.01%
pca_embed_22 | 10.90 | 0.01%
pca_embed_61 | 10.50 | 0.01%
pca_embed_19 | 9.84 | 0.01%
pca_embed_54 | 9.73 | 0.01%
pca_embed_53 | 9.65 | 0.01%
pca_embed_75 | 9.53 | 0.01%
pca_embed_17 | 9.34 | 0.01%
pca_embed_67 | 8.26 | 0.01%
pca_embed_31 | 7.65 | 0.00%
pca_embed_42 | 6.91 | 0.00%
pca_embed_57 | 6.73 | 0.00%
pca_embed_62 | 6.33 | 0.00%

=====================================================================
METRIC TYPE                                  | VALUE / PROFILE
=====================================================================
Embedding Share                              | 100.00%
Raw Feature Share                            | 0.00%
---------------------------------------------------------------------
Active Text Embedding Density                | 100.00% (77/77)
Active Raw Tabular Feature Density           | 0.00% (0/0)
---------------------------------------------------------------------
Top-5 Concentration Ratio (CR5)              | 97.45% of total decision weight
Top-10 Concentration Ratio (CR10)            | 99.07% of total decision weight
=====================================================================

Total Pipeline Execution Time: 536.26 seconds

[SUCCESS] Permanent artifacts safely written to 'outputs/training-2/'
[W&B] Artifacts and localized metrics logged successfully for houses_embed-only_xgboost
