[W&B] Child process started for job: another-dataset-on-used-fiat-500_combined_catboost in group session-training-1
Loading archive 'archives/another-dataset-on-used-fiat-500.npz' and initializing pipeline for target: CATBOOST...
Execution Mode: COMBINED
Session Output Target: outputs/training-1/
Task Type: REGRESSION
TabPFN Baselines Loaded - Primary: 727.5814 | Secondary: 0.8716
PCA reduced text embeddings to 54 components.
Final training matrix shape assembled for COMBINED: (1230, 61)

Running 26-Trial Optuna Study for CATBOOST (COMBINED)...
A new study created in RDB with name: 20260624_023152_another-dataset-on-used-fiat-500_combined_catboost
Trial 0 finished with value: 1002.8198874925843 and parameters: {}. Best is trial 0 with value: 1002.8198874925843.
Trial 1 finished with value: 717.7029549277873 and parameters: {'learning_rate': 0.015355286838886862, 'bootstrap_type': 'Bernoulli', 'subsample': 0.9852142919229748, 'grow_policy': 'SymmetricTree', 'depth': 4, 'colsample_bylevel': 0.8733991780504303, 'l2_leaf_reg': 0.00018747059221802545, 'leaf_estimation_iterations': 12, 'one_hot_max_size': 36, 'model_size_reg': 0.6803900745073703, 'max_ctr_complexity': 2, 'boosting_type': 'Plain', 'max_bin': 254}. Best is trial 1 with value: 717.7029549277873.
Trial 2 finished with value: 738.2934083992947 and parameters: {'learning_rate': 0.09138013915892866, 'bootstrap_type': 'Bernoulli', 'subsample': 0.9497327922401265, 'grow_policy': 'SymmetricTree', 'depth': 4, 'colsample_bylevel': 0.8956363364439306, 'l2_leaf_reg': 0.02922905212920092, 'leaf_estimation_iterations': 2, 'one_hot_max_size': 16, 'model_size_reg': 0.5243180891902851, 'max_ctr_complexity': 2, 'boosting_type': 'Plain', 'max_bin': 254}. Best is trial 1 with value: 717.7029549277873.
Trial 3 finished with value: 722.7250104470133 and parameters: {'learning_rate': 0.011996621453406362, 'bootstrap_type': 'Bernoulli', 'subsample': 0.8099085529881075, 'grow_policy': 'Depthwise', 'depth': 4, 'colsample_bylevel': 0.9271351657620417, 'l2_leaf_reg': 0.06077686426194464, 'leaf_estimation_iterations': 1, 'one_hot_max_size': 36, 'model_size_reg': 0.15869086642715013, 'max_ctr_complexity': 2, 'boosting_type': 'Plain', 'max_bin': 254}. Best is trial 1 with value: 717.7029549277873.
Trial 4 finished with value: 732.1260299547984 and parameters: {'learning_rate': 0.08580222514877409, 'bootstrap_type': 'Bernoulli', 'subsample': 0.9896896099223678, 'grow_policy': 'SymmetricTree', 'depth': 4, 'colsample_bylevel': 0.9526349539768235, 'l2_leaf_reg': 0.011702088154220882, 'leaf_estimation_iterations': 1, 'one_hot_max_size': 27, 'model_size_reg': 0.10975998502129433, 'max_ctr_complexity': 5, 'boosting_type': 'Plain', 'max_bin': 254}. Best is trial 1 with value: 717.7029549277873.
Trial 5 finished with value: 722.3545606586599 and parameters: {'learning_rate': 0.010855517271883068, 'bootstrap_type': 'Bernoulli', 'subsample': 0.8987566853061946, 'grow_policy': 'Depthwise', 'depth': 6, 'colsample_bylevel': 0.877728168328829, 'l2_leaf_reg': 3.597899951374983, 'leaf_estimation_iterations': 9, 'one_hot_max_size': 86, 'model_size_reg': 1.128232550122133, 'max_ctr_complexity': 4, 'boosting_type': 'Plain', 'max_bin': 254}. Best is trial 1 with value: 717.7029549277873.
Trial 6 finished with value: 737.9710312353322 and parameters: {'learning_rate': 0.07913270952323785, 'bootstrap_type': 'Bernoulli', 'subsample': 0.7265477506155759, 'grow_policy': 'SymmetricTree', 'depth': 5, 'colsample_bylevel': 0.9083015934534223, 'l2_leaf_reg': 0.001883913511943895, 'leaf_estimation_iterations': 11, 'one_hot_max_size': 19, 'model_size_reg': 0.21399549030176218, 'max_ctr_complexity': 4, 'boosting_type': 'Plain', 'max_bin': 254}. Best is trial 1 with value: 717.7029549277873.
Trial 7 finished with value: 740.0786324778181 and parameters: {'learning_rate': 0.007626348515257587, 'bootstrap_type': 'Bernoulli', 'subsample': 0.9406590942262119, 'grow_policy': 'Depthwise', 'depth': 7, 'colsample_bylevel': 0.8798073522301258, 'l2_leaf_reg': 0.00010615690854925657, 'leaf_estimation_iterations': 10, 'one_hot_max_size': 47, 'model_size_reg': 0.7200770311577639, 'max_ctr_complexity': 5, 'boosting_type': 'Plain', 'max_bin': 254}. Best is trial 1 with value: 717.7029549277873.
Trial 8 finished with value: 735.9256723965643 and parameters: {'learning_rate': 0.006241720498669827, 'bootstrap_type': 'Bernoulli', 'subsample': 0.8075397185632818, 'grow_policy': 'Depthwise', 'depth': 7, 'colsample_bylevel': 0.8996347037278973, 'l2_leaf_reg': 0.00019891099118865958, 'leaf_estimation_iterations': 2, 'one_hot_max_size': 17, 'model_size_reg': 0.7212460519889856, 'max_ctr_complexity': 4, 'boosting_type': 'Plain', 'max_bin': 254}. Best is trial 1 with value: 717.7029549277873.
Trial 9 finished with value: 784.7117291527137 and parameters: {'learning_rate': 0.07132805718188966, 'bootstrap_type': 'Bernoulli', 'subsample': 0.8416644775485848, 'grow_policy': 'Depthwise', 'depth': 7, 'colsample_bylevel': 0.9341915796354244, 'l2_leaf_reg': 0.4195190175255899, 'leaf_estimation_iterations': 3, 'one_hot_max_size': 29, 'model_size_reg': 0.318293122389662, 'max_ctr_complexity': 2, 'boosting_type': 'Plain', 'max_bin': 254}. Best is trial 1 with value: 717.7029549277873.
Trial 10 finished with value: 770.6165754084406 and parameters: {'learning_rate': 0.027075555569701922, 'bootstrap_type': 'Bernoulli', 'subsample': 0.701799154886745, 'grow_policy': 'SymmetricTree', 'depth': 8, 'colsample_bylevel': 0.9942739726130633, 'l2_leaf_reg': 0.0025843128549611844, 'leaf_estimation_iterations': 18, 'one_hot_max_size': 8, 'model_size_reg': 1.3180934075316322, 'max_ctr_complexity': 3, 'boosting_type': 'Plain', 'max_bin': 254}. Best is trial 1 with value: 717.7029549277873.
Trial 11 finished with value: 715.1608986320917 and parameters: {'learning_rate': 0.017220169277036748, 'bootstrap_type': 'Bernoulli', 'subsample': 0.8852363418979063, 'grow_policy': 'SymmetricTree', 'depth': 6, 'colsample_bylevel': 0.8547148908686132, 'l2_leaf_reg': 2.4898729835966105, 'leaf_estimation_iterations': 6, 'one_hot_max_size': 100, 'model_size_reg': 1.3260386311938197, 'max_ctr_complexity': 3, 'boosting_type': 'Plain', 'max_bin': 254}. Best is trial 11 with value: 715.1608986320917.
Trial 12 finished with value: 724.2505618731551 and parameters: {'learning_rate': 0.022990961643687132, 'bootstrap_type': 'Bernoulli', 'subsample': 0.8726916867113359, 'grow_policy': 'SymmetricTree', 'depth': 5, 'colsample_bylevel': 0.8523755911255017, 'l2_leaf_reg': 4.3141335635717635, 'leaf_estimation_iterations': 5, 'one_hot_max_size': 99, 'model_size_reg': 1.4583774727583452, 'max_ctr_complexity': 3, 'boosting_type': 'Plain', 'max_bin': 254}. Best is trial 11 with value: 715.1608986320917.
Trial 13 finished with value: 721.4059720804797 and parameters: {'learning_rate': 0.024326543872955218, 'bootstrap_type': 'Bernoulli', 'subsample': 0.9857222869978148, 'grow_policy': 'SymmetricTree', 'depth': 5, 'colsample_bylevel': 0.8564518351982421, 'l2_leaf_reg': 0.17817325311178622, 'leaf_estimation_iterations': 5, 'one_hot_max_size': 56, 'model_size_reg': 0.8648152916533002, 'max_ctr_complexity': 3, 'boosting_type': 'Plain', 'max_bin': 254}. Best is trial 11 with value: 715.1608986320917.
Trial 14 finished with value: 716.0025431600504 and parameters: {'learning_rate': 0.015550539016457499, 'bootstrap_type': 'Bernoulli', 'subsample': 0.911671549306404, 'grow_policy': 'SymmetricTree', 'depth': 6, 'colsample_bylevel': 0.8688361597432568, 'l2_leaf_reg': 0.0013182439190212504, 'leaf_estimation_iterations': 20, 'one_hot_max_size': 60, 'model_size_reg': 0.42361812909156327, 'max_ctr_complexity': 3, 'boosting_type': 'Plain', 'max_bin': 254}. Best is trial 11 with value: 715.1608986320917.
Trial 15 finished with value: 729.1696520122649 and parameters: {'learning_rate': 0.03894853331026585, 'bootstrap_type': 'Bernoulli', 'subsample': 0.8978498677414651, 'grow_policy': 'SymmetricTree', 'depth': 6, 'colsample_bylevel': 0.8507110179479634, 'l2_leaf_reg': 0.7757959394658933, 'leaf_estimation_iterations': 20, 'one_hot_max_size': 67, 'model_size_reg': 0.4042584941706586, 'max_ctr_complexity': 3, 'boosting_type': 'Plain', 'max_bin': 254}. Best is trial 11 with value: 715.1608986320917.
Trial 16 finished with value: 720.5959945944403 and parameters: {'learning_rate': 0.015588881503548445, 'bootstrap_type': 'Bernoulli', 'subsample': 0.921344201240281, 'grow_policy': 'SymmetricTree', 'depth': 6, 'colsample_bylevel': 0.864766899998405, 'l2_leaf_reg': 0.001634829152545034, 'leaf_estimation_iterations': 6, 'one_hot_max_size': 72, 'model_size_reg': 0.27998165821079235, 'max_ctr_complexity': 3, 'boosting_type': 'Plain', 'max_bin': 254}. Best is trial 11 with value: 715.1608986320917.
Trial 17 finished with value: 732.6100711897665 and parameters: {'learning_rate': 0.04235704509488058, 'bootstrap_type': 'Bernoulli', 'subsample': 0.8511662921511544, 'grow_policy': 'SymmetricTree', 'depth': 6, 'colsample_bylevel': 0.8856545481491647, 'l2_leaf_reg': 0.010800867700378226, 'leaf_estimation_iterations': 3, 'one_hot_max_size': 52, 'model_size_reg': 0.460559467004393, 'max_ctr_complexity': 4, 'boosting_type': 'Plain', 'max_bin': 254}. Best is trial 11 with value: 715.1608986320917.
Trial 18 finished with value: 767.0086417090109 and parameters: {'learning_rate': 0.009023275739966946, 'bootstrap_type': 'Bernoulli', 'subsample': 0.7820205971305001, 'grow_policy': 'SymmetricTree', 'depth': 8, 'colsample_bylevel': 0.9155995831692584, 'l2_leaf_reg': 0.0005079783788493946, 'leaf_estimation_iterations': 7, 'one_hot_max_size': 98, 'model_size_reg': 1.0738980337054629, 'max_ctr_complexity': 3, 'boosting_type': 'Plain', 'max_bin': 254}. Best is trial 11 with value: 715.1608986320917.
Trial 19 finished with value: 736.068618806439 and parameters: {'learning_rate': 0.01808846144681298, 'bootstrap_type': 'Bernoulli', 'subsample': 0.8759401768203968, 'grow_policy': 'SymmetricTree', 'depth': 7, 'colsample_bylevel': 0.9748668711910322, 'l2_leaf_reg': 0.8719578110698722, 'leaf_estimation_iterations': 16, 'one_hot_max_size': 72, 'model_size_reg': 0.18298559261836436, 'max_ctr_complexity': 4, 'boosting_type': 'Plain', 'max_bin': 254}. Best is trial 11 with value: 715.1608986320917.
Trial 20 finished with value: 721.6064323878427 and parameters: {'learning_rate': 0.03887497205274868, 'bootstrap_type': 'Bernoulli', 'subsample': 0.9414650361737625, 'grow_policy': 'SymmetricTree', 'depth': 5, 'colsample_bylevel': 0.8717164272858182, 'l2_leaf_reg': 0.14681070587569844, 'leaf_estimation_iterations': 3, 'one_hot_max_size': 46, 'model_size_reg': 0.11812377219486302, 'max_ctr_complexity': 3, 'boosting_type': 'Plain', 'max_bin': 254}. Best is trial 11 with value: 715.1608986320917.
Trial 21 finished with value: 719.9316038739111 and parameters: {'learning_rate': 0.015162599752471488, 'bootstrap_type': 'Bernoulli', 'subsample': 0.9671281407449067, 'grow_policy': 'SymmetricTree', 'depth': 6, 'colsample_bylevel': 0.8690085872171911, 'l2_leaf_reg': 0.0003678163456144189, 'leaf_estimation_iterations': 13, 'one_hot_max_size': 37, 'model_size_reg': 0.5666591306647817, 'max_ctr_complexity': 2, 'boosting_type': 'Plain', 'max_bin': 254}. Best is trial 11 with value: 715.1608986320917.
Trial 22 finished with value: 714.7484895055508 and parameters: {'learning_rate': 0.01256634942409148, 'bootstrap_type': 'Bernoulli', 'subsample': 0.9194336866756897, 'grow_policy': 'SymmetricTree', 'depth': 5, 'colsample_bylevel': 0.8939300219879872, 'l2_leaf_reg': 0.0008088283682620335, 'leaf_estimation_iterations': 8, 'one_hot_max_size': 63, 'model_size_reg': 0.365606624220463, 'max_ctr_complexity': 2, 'boosting_type': 'Plain', 'max_bin': 254}. Best is trial 22 with value: 714.7484895055508.
Trial 23 finished with value: 717.3911986675687 and parameters: {'learning_rate': 0.010910438158861814, 'bootstrap_type': 'Bernoulli', 'subsample': 0.9148699192599283, 'grow_policy': 'SymmetricTree', 'depth': 5, 'colsample_bylevel': 0.890020210920844, 'l2_leaf_reg': 0.005389937399841718, 'leaf_estimation_iterations': 8, 'one_hot_max_size': 60, 'model_size_reg': 0.33898301997928565, 'max_ctr_complexity': 2, 'boosting_type': 'Plain', 'max_bin': 254}. Best is trial 22 with value: 714.7484895055508.
Trial 24 finished with value: 730.3280692578641 and parameters: {'learning_rate': 0.005061688197783228, 'bootstrap_type': 'Bernoulli', 'subsample': 0.877990633912782, 'grow_policy': 'SymmetricTree', 'depth': 6, 'colsample_bylevel': 0.8632457956949258, 'l2_leaf_reg': 0.000821766140311979, 'leaf_estimation_iterations': 4, 'one_hot_max_size': 81, 'model_size_reg': 0.26223029170488166, 'max_ctr_complexity': 3, 'boosting_type': 'Plain', 'max_bin': 254}. Best is trial 22 with value: 714.7484895055508.
Trial 25 finished with value: 723.691874626611 and parameters: {'learning_rate': 0.01878766992145509, 'bootstrap_type': 'Bernoulli', 'subsample': 0.8493722692236719, 'grow_policy': 'SymmetricTree', 'depth': 5, 'colsample_bylevel': 0.9118338556678433, 'l2_leaf_reg': 0.03526079737005643, 'leaf_estimation_iterations': 7, 'one_hot_max_size': 81, 'model_size_reg': 0.3906001219279709, 'max_ctr_complexity': 2, 'boosting_type': 'Plain', 'max_bin': 254}. Best is trial 22 with value: 714.7484895055508.
Optuna Search Completed in: 488.20 seconds

Training final model on optimized parameter setup...

[CATBOOST FINALIZED METRICS]
Optimal Trees:         1000
RMSE:             742.1677 (Delta to TabPFN: +14.5864)
R2_Score:             0.8664 (Delta to TabPFN: -0.0052)
Final Train Time:      1.46 seconds (1.1845s per 1K)
Final Infer Time:      0.00 seconds (0.0061s per 1K)

--- CATBOOST Feature Importance (Raw vs. Scaled Share) ---
Feature | Raw gain | Share
pca_embed_0 | 40.74 | 40.74%
age_in_days | 17.35 | 17.35%
pca_embed_1 | 10.13 | 10.13%
km | 8.09 | 8.09%
pca_embed_2 | 1.87 | 1.87%
pca_embed_3 | 1.09 | 1.09%
pca_embed_4 | 0.87 | 0.87%
pca_embed_6 | 0.80 | 0.80%
lat | 0.78 | 0.78%
pca_embed_5 | 0.62 | 0.62%
pca_embed_46 | 0.59 | 0.59%
pca_embed_42 | 0.59 | 0.59%
pca_embed_14 | 0.57 | 0.57%
pca_embed_12 | 0.56 | 0.56%
pca_embed_51 | 0.55 | 0.55%
pca_embed_30 | 0.54 | 0.54%
pca_embed_35 | 0.49 | 0.49%
pca_embed_49 | 0.46 | 0.46%
lon | 0.46 | 0.46%
pca_embed_31 | 0.45 | 0.45%
pca_embed_11 | 0.45 | 0.45%
pca_embed_18 | 0.45 | 0.45%
pca_embed_50 | 0.44 | 0.44%
pca_embed_10 | 0.43 | 0.43%
pca_embed_20 | 0.41 | 0.41%
pca_embed_8 | 0.41 | 0.41%
pca_embed_43 | 0.40 | 0.40%
pca_embed_41 | 0.40 | 0.40%
pca_embed_19 | 0.39 | 0.39%
pca_embed_40 | 0.36 | 0.36%
pca_embed_37 | 0.35 | 0.35%
pca_embed_24 | 0.35 | 0.35%
pca_embed_47 | 0.35 | 0.35%
pca_embed_21 | 0.34 | 0.34%
pca_embed_22 | 0.34 | 0.34%
pca_embed_7 | 0.34 | 0.34%
pca_embed_25 | 0.34 | 0.34%
pca_embed_27 | 0.33 | 0.33%
model | 0.32 | 0.32%
pca_embed_48 | 0.32 | 0.32%
pca_embed_28 | 0.32 | 0.32%
pca_embed_15 | 0.31 | 0.31%
pca_embed_26 | 0.29 | 0.29%
pca_embed_17 | 0.29 | 0.29%
pca_embed_44 | 0.28 | 0.28%
pca_embed_9 | 0.28 | 0.28%
pca_embed_33 | 0.27 | 0.27%
pca_embed_38 | 0.26 | 0.26%
pca_embed_23 | 0.25 | 0.25%
pca_embed_52 | 0.24 | 0.24%
pca_embed_53 | 0.24 | 0.24%
pca_embed_16 | 0.23 | 0.23%
pca_embed_32 | 0.23 | 0.23%
pca_embed_45 | 0.22 | 0.22%
pca_embed_36 | 0.21 | 0.21%
pca_embed_29 | 0.21 | 0.21%
pca_embed_39 | 0.18 | 0.18%
pca_embed_13 | 0.18 | 0.18%
pca_embed_34 | 0.16 | 0.16%
engine_power | 0.14 | 0.14%
previous_owners | 0.06 | 0.06%

=====================================================================
METRIC TYPE                                  | VALUE / PROFILE
=====================================================================
Embedding Share                              | 72.80%
Raw Feature Share                            | 27.20%
---------------------------------------------------------------------
Active Text Embedding Density                | 100.00% (54/54)
Active Raw Tabular Feature Density           | 100.00% (7/7)
---------------------------------------------------------------------
Top-5 Concentration Ratio (CR5)              | 78.18% of total decision weight
Top-10 Concentration Ratio (CR10)            | 82.33% of total decision weight
=====================================================================

Total Pipeline Execution Time: 491.37 seconds

[SUCCESS] Permanent artifacts safely written to 'outputs/training-1/'
[W&B] Artifacts and localized metrics logged successfully for another-dataset-on-used-fiat-500_combined_catboost
