[W&B] Child process started for job: seismic-bumps_combined_catboost in group session-training-3
Loading archive 'archives/seismic-bumps.npz' and initializing pipeline for target: CATBOOST...
Execution Mode: COMBINED
Session Output Target: outputs/training-3/
Task Type: BINARY
TabPFN Baselines Loaded - Primary: 0.2242 | Secondary: 0.9342
PCA reduced text embeddings to 25 components.
Final training matrix shape assembled for COMBINED: (2067, 40)

Running 26-Trial Optuna Study for CATBOOST (COMBINED)...
A new study created in RDB with name: 20260625_111252_seismic-bumps_combined_catboost
Trial 0 finished with value: 0.21523862451259446 and parameters: {}. Best is trial 0 with value: 0.21523862451259446.
Trial 1 finished with value: 0.23749172948559405 and parameters: {'learning_rate': 0.015355286838886862, 'bootstrap_type': 'Bernoulli', 'subsample': 0.9852142919229748, 'grow_policy': 'SymmetricTree', 'depth': 4, 'colsample_bylevel': 0.8733991780504303, 'l2_leaf_reg': 0.00018747059221802545, 'leaf_estimation_iterations': 12, 'one_hot_max_size': 36, 'model_size_reg': 0.6803900745073703, 'max_ctr_complexity': 2, 'boosting_type': 'Plain', 'max_bin': 254}. Best is trial 0 with value: 0.21523862451259446.
Trial 2 finished with value: 0.2524614866350504 and parameters: {'learning_rate': 0.09138013915892866, 'bootstrap_type': 'Bernoulli', 'subsample': 0.9497327922401265, 'grow_policy': 'SymmetricTree', 'depth': 4, 'colsample_bylevel': 0.8956363364439306, 'l2_leaf_reg': 0.02922905212920092, 'leaf_estimation_iterations': 2, 'one_hot_max_size': 16, 'model_size_reg': 0.5243180891902851, 'max_ctr_complexity': 2, 'boosting_type': 'Plain', 'max_bin': 254}. Best is trial 0 with value: 0.21523862451259446.
Trial 3 finished with value: 0.20721294759116238 and parameters: {'learning_rate': 0.011996621453406362, 'bootstrap_type': 'Bernoulli', 'subsample': 0.8099085529881075, 'grow_policy': 'Depthwise', 'depth': 4, 'colsample_bylevel': 0.9271351657620417, 'l2_leaf_reg': 0.06077686426194464, 'leaf_estimation_iterations': 1, 'one_hot_max_size': 36, 'model_size_reg': 0.15869086642715013, 'max_ctr_complexity': 2, 'boosting_type': 'Plain', 'max_bin': 254}. Best is trial 3 with value: 0.20721294759116238.
Trial 4 finished with value: 0.22476887946632995 and parameters: {'learning_rate': 0.08580222514877409, 'bootstrap_type': 'Bernoulli', 'subsample': 0.9896896099223678, 'grow_policy': 'SymmetricTree', 'depth': 4, 'colsample_bylevel': 0.9526349539768235, 'l2_leaf_reg': 0.011702088154220882, 'leaf_estimation_iterations': 1, 'one_hot_max_size': 27, 'model_size_reg': 0.10975998502129433, 'max_ctr_complexity': 5, 'boosting_type': 'Plain', 'max_bin': 254}. Best is trial 3 with value: 0.20721294759116238.
Trial 5 finished with value: 0.20749598577471529 and parameters: {'learning_rate': 0.010855517271883068, 'bootstrap_type': 'Bernoulli', 'subsample': 0.8987566853061946, 'grow_policy': 'Depthwise', 'depth': 6, 'colsample_bylevel': 0.877728168328829, 'l2_leaf_reg': 3.597899951374983, 'leaf_estimation_iterations': 9, 'one_hot_max_size': 86, 'model_size_reg': 1.128232550122133, 'max_ctr_complexity': 4, 'boosting_type': 'Plain', 'max_bin': 254}. Best is trial 3 with value: 0.20721294759116238.
Trial 6 finished with value: 0.3026732168468361 and parameters: {'learning_rate': 0.07913270952323785, 'bootstrap_type': 'Bernoulli', 'subsample': 0.7265477506155759, 'grow_policy': 'SymmetricTree', 'depth': 5, 'colsample_bylevel': 0.9083015934534223, 'l2_leaf_reg': 0.001883913511943895, 'leaf_estimation_iterations': 11, 'one_hot_max_size': 19, 'model_size_reg': 0.21399549030176218, 'max_ctr_complexity': 4, 'boosting_type': 'Plain', 'max_bin': 254}. Best is trial 3 with value: 0.20721294759116238.
Trial 7 finished with value: 0.2562434819269088 and parameters: {'learning_rate': 0.007626348515257587, 'bootstrap_type': 'Bernoulli', 'subsample': 0.9406590942262119, 'grow_policy': 'Depthwise', 'depth': 7, 'colsample_bylevel': 0.8798073522301258, 'l2_leaf_reg': 0.00010615690854925657, 'leaf_estimation_iterations': 10, 'one_hot_max_size': 47, 'model_size_reg': 0.7200770311577639, 'max_ctr_complexity': 5, 'boosting_type': 'Plain', 'max_bin': 254}. Best is trial 3 with value: 0.20721294759116238.
Trial 8 finished with value: 0.20251148794622964 and parameters: {'learning_rate': 0.006241720498669827, 'bootstrap_type': 'Bernoulli', 'subsample': 0.8075397185632818, 'grow_policy': 'Depthwise', 'depth': 7, 'colsample_bylevel': 0.8996347037278973, 'l2_leaf_reg': 0.00019891099118865958, 'leaf_estimation_iterations': 2, 'one_hot_max_size': 17, 'model_size_reg': 0.7212460519889856, 'max_ctr_complexity': 4, 'boosting_type': 'Plain', 'max_bin': 254}. Best is trial 8 with value: 0.20251148794622964.
Trial 9 finished with value: 0.21210414998275307 and parameters: {'learning_rate': 0.07132805718188966, 'bootstrap_type': 'Bernoulli', 'subsample': 0.8416644775485848, 'grow_policy': 'Depthwise', 'depth': 7, 'colsample_bylevel': 0.9341915796354244, 'l2_leaf_reg': 0.4195190175255899, 'leaf_estimation_iterations': 3, 'one_hot_max_size': 29, 'model_size_reg': 0.318293122389662, 'max_ctr_complexity': 2, 'boosting_type': 'Plain', 'max_bin': 254}. Best is trial 8 with value: 0.20251148794622964.
Trial 10 finished with value: 0.23167639796908446 and parameters: {'learning_rate': 0.030271331966456122, 'bootstrap_type': 'Bernoulli', 'subsample': 0.701799154886745, 'grow_policy': 'Depthwise', 'depth': 8, 'colsample_bylevel': 0.9942230638674576, 'l2_leaf_reg': 0.0025843128549611844, 'leaf_estimation_iterations': 4, 'one_hot_max_size': 8, 'model_size_reg': 1.3207438549980748, 'max_ctr_complexity': 3, 'boosting_type': 'Plain', 'max_bin': 254}. Best is trial 8 with value: 0.20251148794622964.
Trial 11 finished with value: 0.20801100180135845 and parameters: {'learning_rate': 0.005160968868344048, 'bootstrap_type': 'Bernoulli', 'subsample': 0.7973348052196165, 'grow_policy': 'Depthwise', 'depth': 6, 'colsample_bylevel': 0.9285482344165584, 'l2_leaf_reg': 0.10524335090470852, 'leaf_estimation_iterations': 1, 'one_hot_max_size': 11, 'model_size_reg': 0.10288032422491665, 'max_ctr_complexity': 3, 'boosting_type': 'Plain', 'max_bin': 254}. Best is trial 8 with value: 0.20251148794622964.
Trial 12 finished with value: 0.2183370416168251 and parameters: {'learning_rate': 0.01875405184824264, 'bootstrap_type': 'Bernoulli', 'subsample': 0.7965301532800794, 'grow_policy': 'Depthwise', 'depth': 8, 'colsample_bylevel': 0.9657886018570107, 'l2_leaf_reg': 3.449608770519814, 'leaf_estimation_iterations': 1, 'one_hot_max_size': 67, 'model_size_reg': 0.20461845882875795, 'max_ctr_complexity': 3, 'boosting_type': 'Plain', 'max_bin': 254}. Best is trial 8 with value: 0.20251148794622964.
Trial 13 finished with value: 0.2069962248127536 and parameters: {'learning_rate': 0.005034883324665496, 'bootstrap_type': 'Bernoulli', 'subsample': 0.8337704856011925, 'grow_policy': 'Depthwise', 'depth': 5, 'colsample_bylevel': 0.9126200375323257, 'l2_leaf_reg': 0.0007839096771543011, 'leaf_estimation_iterations': 2, 'one_hot_max_size': 16, 'model_size_reg': 0.3495337593931401, 'max_ctr_complexity': 4, 'boosting_type': 'Plain', 'max_bin': 254}. Best is trial 8 with value: 0.20251148794622964.
Trial 14 finished with value: 0.2132170132550123 and parameters: {'learning_rate': 0.005437657626972361, 'bootstrap_type': 'Bernoulli', 'subsample': 0.8620578004240508, 'grow_policy': 'Depthwise', 'depth': 6, 'colsample_bylevel': 0.9016307944245174, 'l2_leaf_reg': 0.0006838202236668118, 'leaf_estimation_iterations': 2, 'one_hot_max_size': 16, 'model_size_reg': 0.41202089151503213, 'max_ctr_complexity': 4, 'boosting_type': 'Plain', 'max_bin': 254}. Best is trial 8 with value: 0.20251148794622964.
Trial 15 finished with value: 0.20694680344618221 and parameters: {'learning_rate': 0.007902171043613584, 'bootstrap_type': 'Bernoulli', 'subsample': 0.7578650436126024, 'grow_policy': 'Depthwise', 'depth': 5, 'colsample_bylevel': 0.8507110179479633, 'l2_leaf_reg': 0.0005441742243389679, 'leaf_estimation_iterations': 4, 'one_hot_max_size': 11, 'model_size_reg': 0.8782369802293923, 'max_ctr_complexity': 4, 'boosting_type': 'Plain', 'max_bin': 254}. Best is trial 8 with value: 0.20251148794622964.
Trial 16 finished with value: 0.22460876432463184 and parameters: {'learning_rate': 0.008230172404929674, 'bootstrap_type': 'Bernoulli', 'subsample': 0.7558494069090618, 'grow_policy': 'Depthwise', 'depth': 7, 'colsample_bylevel': 0.8505149299655245, 'l2_leaf_reg': 0.0003013698130317311, 'leaf_estimation_iterations': 5, 'one_hot_max_size': 10, 'model_size_reg': 0.8630272419774733, 'max_ctr_complexity': 5, 'boosting_type': 'Plain', 'max_bin': 254}. Best is trial 8 with value: 0.20251148794622964.
Trial 17 finished with value: 0.23244885897159184 and parameters: {'learning_rate': 0.027884137123098597, 'bootstrap_type': 'Bernoulli', 'subsample': 0.7599193310814873, 'grow_policy': 'Depthwise', 'depth': 5, 'colsample_bylevel': 0.8578230213769714, 'l2_leaf_reg': 0.0047439625734073945, 'leaf_estimation_iterations': 6, 'one_hot_max_size': 12, 'model_size_reg': 1.0078346420593125, 'max_ctr_complexity': 4, 'boosting_type': 'Plain', 'max_bin': 254}. Best is trial 8 with value: 0.20251148794622964.
Trial 18 finished with value: 0.23268499728686787 and parameters: {'learning_rate': 0.008181917406826071, 'bootstrap_type': 'Bernoulli', 'subsample': 0.7631508831304501, 'grow_policy': 'Depthwise', 'depth': 8, 'colsample_bylevel': 0.8658998550623541, 'l2_leaf_reg': 0.0006059189448179995, 'leaf_estimation_iterations': 18, 'one_hot_max_size': 22, 'model_size_reg': 1.4938813382420368, 'max_ctr_complexity': 3, 'boosting_type': 'Plain', 'max_bin': 254}. Best is trial 8 with value: 0.20251148794622964.
Trial 19 finished with value: 0.21628882855223652 and parameters: {'learning_rate': 0.007002505321215677, 'bootstrap_type': 'Bernoulli', 'subsample': 0.8888407987184511, 'grow_policy': 'SymmetricTree', 'depth': 6, 'colsample_bylevel': 0.8858157867545566, 'l2_leaf_reg': 0.00738836580729759, 'leaf_estimation_iterations': 3, 'one_hot_max_size': 8, 'model_size_reg': 0.5436420817895176, 'max_ctr_complexity': 5, 'boosting_type': 'Plain', 'max_bin': 254}. Best is trial 8 with value: 0.20251148794622964.
Trial 20 finished with value: 0.20934853057165403 and parameters: {'learning_rate': 0.011614261866644401, 'bootstrap_type': 'Bernoulli', 'subsample': 0.729763351809107, 'grow_policy': 'Depthwise', 'depth': 7, 'colsample_bylevel': 0.9551758942509833, 'l2_leaf_reg': 0.00010747518428058305, 'leaf_estimation_iterations': 2, 'one_hot_max_size': 13, 'model_size_reg': 0.8183086185969305, 'max_ctr_complexity': 4, 'boosting_type': 'Plain', 'max_bin': 254}. Best is trial 8 with value: 0.20251148794622964.
Trial 21 finished with value: 0.20766568260993234 and parameters: {'learning_rate': 0.0059656164314314765, 'bootstrap_type': 'Bernoulli', 'subsample': 0.8266793265555382, 'grow_policy': 'Depthwise', 'depth': 5, 'colsample_bylevel': 0.9139554327629617, 'l2_leaf_reg': 0.001016734327592685, 'leaf_estimation_iterations': 2, 'one_hot_max_size': 15, 'model_size_reg': 0.30280138604997164, 'max_ctr_complexity': 4, 'boosting_type': 'Plain', 'max_bin': 254}. Best is trial 8 with value: 0.20251148794622964.
Trial 22 finished with value: 0.20735364719599314 and parameters: {'learning_rate': 0.009392381067407238, 'bootstrap_type': 'Bernoulli', 'subsample': 0.7835511988922192, 'grow_policy': 'Depthwise', 'depth': 5, 'colsample_bylevel': 0.9182036692517659, 'l2_leaf_reg': 0.00037032079124511526, 'leaf_estimation_iterations': 3, 'one_hot_max_size': 20, 'model_size_reg': 0.5307388275405848, 'max_ctr_complexity': 4, 'boosting_type': 'Plain', 'max_bin': 254}. Best is trial 8 with value: 0.20251148794622964.
Trial 23 finished with value: 0.22085614448790392 and parameters: {'learning_rate': 0.006518832291211454, 'bootstrap_type': 'Bernoulli', 'subsample': 0.8525069620060415, 'grow_policy': 'Depthwise', 'depth': 5, 'colsample_bylevel': 0.9416533222824036, 'l2_leaf_reg': 0.0015622752407399368, 'leaf_estimation_iterations': 6, 'one_hot_max_size': 10, 'model_size_reg': 0.45612142214232354, 'max_ctr_complexity': 3, 'boosting_type': 'Plain', 'max_bin': 254}. Best is trial 8 with value: 0.20251148794622964.
Trial 24 finished with value: 0.19945076724150113 and parameters: {'learning_rate': 0.0050054157372874265, 'bootstrap_type': 'Bernoulli', 'subsample': 0.8235727635213447, 'grow_policy': 'Depthwise', 'depth': 6, 'colsample_bylevel': 0.8937242373578121, 'l2_leaf_reg': 0.0003230090581882583, 'leaf_estimation_iterations': 2, 'one_hot_max_size': 23, 'model_size_reg': 0.32301218427337564, 'max_ctr_complexity': 4, 'boosting_type': 'Plain', 'max_bin': 254}. Best is trial 24 with value: 0.19945076724150113.
Trial 25 finished with value: 0.21759080419658006 and parameters: {'learning_rate': 0.016653174827777992, 'bootstrap_type': 'Bernoulli', 'subsample': 0.7777033381233488, 'grow_policy': 'Depthwise', 'depth': 6, 'colsample_bylevel': 0.8917878822307699, 'l2_leaf_reg': 0.00020398532099821982, 'leaf_estimation_iterations': 1, 'one_hot_max_size': 26, 'model_size_reg': 0.25003814286117926, 'max_ctr_complexity': 5, 'boosting_type': 'Plain', 'max_bin': 254}. Best is trial 24 with value: 0.19945076724150113.
Optuna Search Completed in: 174.42 seconds

Training final model on optimized parameter setup...

[CATBOOST FINALIZED METRICS]
Optimal Trees:         207
1-AUROC:             0.2394 (Delta to TabPFN: +0.0153)
Accuracy:             0.9342 (Delta to TabPFN: +0.0000)
Final Train Time:      0.80 seconds (0.3879s per 1K)
Final Infer Time:      0.00 seconds (0.0088s per 1K)

--- CATBOOST Feature Importance (Raw vs. Scaled Share) ---
Feature | Raw gain | Share
gpuls | 5.78 | 5.78%
maxenergy | 5.74 | 5.74%
genergy | 5.24 | 5.24%
nbumps | 4.87 | 4.87%
pca_embed_3 | 4.27 | 4.27%
shift | 3.72 | 3.72%
energy | 3.69 | 3.69%
pca_embed_0 | 3.26 | 3.26%
nbumps2 | 3.08 | 3.08%
nbumps3 | 2.85 | 2.85%
pca_embed_1 | 2.82 | 2.82%
pca_embed_16 | 2.61 | 2.61%
pca_embed_13 | 2.58 | 2.58%
pca_embed_12 | 2.55 | 2.55%
pca_embed_15 | 2.51 | 2.51%
pca_embed_10 | 2.39 | 2.39%
pca_embed_20 | 2.38 | 2.38%
pca_embed_5 | 2.36 | 2.36%
pca_embed_9 | 2.35 | 2.35%
pca_embed_2 | 2.30 | 2.30%
pca_embed_22 | 2.27 | 2.27%
pca_embed_21 | 2.22 | 2.22%
pca_embed_18 | 2.15 | 2.15%
pca_embed_19 | 2.11 | 2.11%
gdpuls | 2.10 | 2.10%
pca_embed_4 | 2.02 | 2.02%
pca_embed_23 | 2.00 | 2.00%
pca_embed_11 | 1.98 | 1.98%
pca_embed_24 | 1.92 | 1.92%
pca_embed_7 | 1.90 | 1.90%
pca_embed_6 | 1.89 | 1.89%
pca_embed_8 | 1.82 | 1.82%
pca_embed_14 | 1.75 | 1.75%
pca_embed_17 | 1.63 | 1.63%
gdenergy | 1.42 | 1.42%
seismic | 1.39 | 1.39%
seismoacoustic | 0.78 | 0.78%
ghazard | 0.65 | 0.65%
nbumps4 | 0.61 | 0.61%
nbumps5 | 0.05 | 0.05%

=====================================================================
METRIC TYPE                                  | VALUE / PROFILE
=====================================================================
Embedding Share                              | 58.03%
Raw Feature Share                            | 41.97%
---------------------------------------------------------------------
Active Text Embedding Density                | 100.00% (25/25)
Active Raw Tabular Feature Density           | 100.00% (15/15)
---------------------------------------------------------------------
Top-5 Concentration Ratio (CR5)              | 25.90% of total decision weight
Top-10 Concentration Ratio (CR10)            | 42.50% of total decision weight
=====================================================================

Total Pipeline Execution Time: 177.20 seconds

[SUCCESS] Permanent artifacts safely written to 'outputs/training-3/'
[W&B] Artifacts and localized metrics logged successfully for seismic-bumps_combined_catboost
