[W&B] Child process started for job: online_shoppers_intention_raw-only_catboost in group session-training-3
Loading archive 'archives/online_shoppers_intention.npz' and initializing pipeline for target: CATBOOST...
Execution Mode: RAW-ONLY
Session Output Target: outputs/training-3/
Task Type: BINARY
TabPFN Baselines Loaded - Primary: 0.0607 | Secondary: 0.9015
PCA reduced text embeddings to 21 components.
Final training matrix shape assembled for RAW-ONLY: (9864, 17)

Running 26-Trial Optuna Study for CATBOOST (RAW-ONLY)...
A new study created in RDB with name: 20260625_100713_online_shoppers_intention_raw-only_catboost
Trial 0 finished with value: 0.07055487179370257 and parameters: {}. Best is trial 0 with value: 0.07055487179370257.
Trial 1 finished with value: 0.06703380008257531 and parameters: {'learning_rate': 0.015355286838886862, 'bootstrap_type': 'Bernoulli', 'subsample': 0.9852142919229748, 'grow_policy': 'SymmetricTree', 'depth': 4, 'colsample_bylevel': 0.8733991780504303, 'l2_leaf_reg': 0.00018747059221802545, 'leaf_estimation_iterations': 12, 'one_hot_max_size': 36, 'model_size_reg': 0.6803900745073703, 'max_ctr_complexity': 2, 'boosting_type': 'Plain', 'max_bin': 254}. Best is trial 1 with value: 0.06703380008257531.
Trial 2 finished with value: 0.06669013881118302 and parameters: {'learning_rate': 0.09138013915892866, 'bootstrap_type': 'Bernoulli', 'subsample': 0.9497327922401265, 'grow_policy': 'SymmetricTree', 'depth': 4, 'colsample_bylevel': 0.8956363364439306, 'l2_leaf_reg': 0.02922905212920092, 'leaf_estimation_iterations': 2, 'one_hot_max_size': 16, 'model_size_reg': 0.5243180891902851, 'max_ctr_complexity': 2, 'boosting_type': 'Plain', 'max_bin': 254}. Best is trial 2 with value: 0.06669013881118302.
Trial 3 finished with value: 0.06825840639959357 and parameters: {'learning_rate': 0.011996621453406362, 'bootstrap_type': 'Bernoulli', 'subsample': 0.8099085529881075, 'grow_policy': 'Depthwise', 'depth': 4, 'colsample_bylevel': 0.9271351657620417, 'l2_leaf_reg': 0.06077686426194464, 'leaf_estimation_iterations': 1, 'one_hot_max_size': 36, 'model_size_reg': 0.15869086642715013, 'max_ctr_complexity': 2, 'boosting_type': 'Plain', 'max_bin': 254}. Best is trial 2 with value: 0.06669013881118302.
Trial 4 finished with value: 0.06632728105506303 and parameters: {'learning_rate': 0.08580222514877409, 'bootstrap_type': 'Bernoulli', 'subsample': 0.9896896099223678, 'grow_policy': 'SymmetricTree', 'depth': 4, 'colsample_bylevel': 0.9526349539768235, 'l2_leaf_reg': 0.011702088154220882, 'leaf_estimation_iterations': 1, 'one_hot_max_size': 27, 'model_size_reg': 0.10975998502129433, 'max_ctr_complexity': 5, 'boosting_type': 'Plain', 'max_bin': 254}. Best is trial 4 with value: 0.06632728105506303.
Trial 5 finished with value: 0.06594023698971685 and parameters: {'learning_rate': 0.010855517271883068, 'bootstrap_type': 'Bernoulli', 'subsample': 0.8987566853061946, 'grow_policy': 'Depthwise', 'depth': 6, 'colsample_bylevel': 0.877728168328829, 'l2_leaf_reg': 3.597899951374983, 'leaf_estimation_iterations': 9, 'one_hot_max_size': 86, 'model_size_reg': 1.128232550122133, 'max_ctr_complexity': 4, 'boosting_type': 'Plain', 'max_bin': 254}. Best is trial 5 with value: 0.06594023698971685.
Trial 6 finished with value: 0.0705318048471183 and parameters: {'learning_rate': 0.07913270952323785, 'bootstrap_type': 'Bernoulli', 'subsample': 0.7265477506155759, 'grow_policy': 'SymmetricTree', 'depth': 5, 'colsample_bylevel': 0.9083015934534223, 'l2_leaf_reg': 0.001883913511943895, 'leaf_estimation_iterations': 11, 'one_hot_max_size': 19, 'model_size_reg': 0.21399549030176218, 'max_ctr_complexity': 4, 'boosting_type': 'Plain', 'max_bin': 254}. Best is trial 5 with value: 0.06594023698971685.
Trial 7 finished with value: 0.06944628551627241 and parameters: {'learning_rate': 0.007626348515257587, 'bootstrap_type': 'Bernoulli', 'subsample': 0.9406590942262119, 'grow_policy': 'Depthwise', 'depth': 7, 'colsample_bylevel': 0.8798073522301258, 'l2_leaf_reg': 0.00010615690854925657, 'leaf_estimation_iterations': 10, 'one_hot_max_size': 47, 'model_size_reg': 0.7200770311577639, 'max_ctr_complexity': 5, 'boosting_type': 'Plain', 'max_bin': 254}. Best is trial 5 with value: 0.06594023698971685.
Trial 8 finished with value: 0.06601744869039772 and parameters: {'learning_rate': 0.006241720498669827, 'bootstrap_type': 'Bernoulli', 'subsample': 0.8075397185632818, 'grow_policy': 'Depthwise', 'depth': 7, 'colsample_bylevel': 0.8996347037278973, 'l2_leaf_reg': 0.00019891099118865958, 'leaf_estimation_iterations': 2, 'one_hot_max_size': 17, 'model_size_reg': 0.7212460519889856, 'max_ctr_complexity': 4, 'boosting_type': 'Plain', 'max_bin': 254}. Best is trial 5 with value: 0.06594023698971685.
Trial 9 finished with value: 0.06908208633341628 and parameters: {'learning_rate': 0.07132805718188966, 'bootstrap_type': 'Bernoulli', 'subsample': 0.8416644775485848, 'grow_policy': 'Depthwise', 'depth': 7, 'colsample_bylevel': 0.9341915796354244, 'l2_leaf_reg': 0.4195190175255899, 'leaf_estimation_iterations': 3, 'one_hot_max_size': 29, 'model_size_reg': 0.318293122389662, 'max_ctr_complexity': 2, 'boosting_type': 'Plain', 'max_bin': 254}. Best is trial 5 with value: 0.06594023698971685.
Trial 10 finished with value: 0.06724890766207547 and parameters: {'learning_rate': 0.03273941684536397, 'bootstrap_type': 'Bernoulli', 'subsample': 0.701799154886745, 'grow_policy': 'Depthwise', 'depth': 8, 'colsample_bylevel': 0.9942561717820161, 'l2_leaf_reg': 1.841152012664479, 'leaf_estimation_iterations': 5, 'one_hot_max_size': 92, 'model_size_reg': 1.3327052390755632, 'max_ctr_complexity': 3, 'boosting_type': 'Plain', 'max_bin': 254}. Best is trial 5 with value: 0.06594023698971685.
Trial 11 finished with value: 0.06805402939727334 and parameters: {'learning_rate': 0.005160968868344048, 'bootstrap_type': 'Bernoulli', 'subsample': 0.8633100588308208, 'grow_policy': 'Depthwise', 'depth': 6, 'colsample_bylevel': 0.8590619822699883, 'l2_leaf_reg': 2.4898729835966105, 'leaf_estimation_iterations': 5, 'one_hot_max_size': 8, 'model_size_reg': 1.2655561354454108, 'max_ctr_complexity': 4, 'boosting_type': 'Plain', 'max_bin': 254}. Best is trial 5 with value: 0.06594023698971685.
Trial 12 finished with value: 0.0683774955579104 and parameters: {'learning_rate': 0.012940395513776229, 'bootstrap_type': 'Bernoulli', 'subsample': 0.772242381250273, 'grow_policy': 'Depthwise', 'depth': 6, 'colsample_bylevel': 0.898227943447388, 'l2_leaf_reg': 0.0013785419874151365, 'leaf_estimation_iterations': 20, 'one_hot_max_size': 99, 'model_size_reg': 0.9638906978134099, 'max_ctr_complexity': 4, 'boosting_type': 'Plain', 'max_bin': 254}. Best is trial 5 with value: 0.06594023698971685.
Trial 13 finished with value: 0.06564238724045235 and parameters: {'learning_rate': 0.007332155651385135, 'bootstrap_type': 'Bernoulli', 'subsample': 0.8884653446882487, 'grow_policy': 'Depthwise', 'depth': 7, 'colsample_bylevel': 0.857206299528177, 'l2_leaf_reg': 0.24942303118287568, 'leaf_estimation_iterations': 2, 'one_hot_max_size': 8, 'model_size_reg': 0.4259534965648961, 'max_ctr_complexity': 3, 'boosting_type': 'Plain', 'max_bin': 254}. Best is trial 13 with value: 0.06564238724045235.
Trial 14 finished with value: 0.06519331726597322 and parameters: {'learning_rate': 0.0257512483605069, 'bootstrap_type': 'Bernoulli', 'subsample': 0.8953683793126899, 'grow_policy': 'Depthwise', 'depth': 6, 'colsample_bylevel': 0.8570790711010036, 'l2_leaf_reg': 0.3654853999924955, 'leaf_estimation_iterations': 1, 'one_hot_max_size': 8, 'model_size_reg': 0.37565222199792525, 'max_ctr_complexity': 3, 'boosting_type': 'Plain', 'max_bin': 254}. Best is trial 14 with value: 0.06519331726597322.
Trial 15 finished with value: 0.06580629380169412 and parameters: {'learning_rate': 0.025330311622190568, 'bootstrap_type': 'Bernoulli', 'subsample': 0.9034004322807758, 'grow_policy': 'Depthwise', 'depth': 8, 'colsample_bylevel': 0.8507110179479633, 'l2_leaf_reg': 0.22749050812300206, 'leaf_estimation_iterations': 1, 'one_hot_max_size': 8, 'model_size_reg': 0.3685291511391102, 'max_ctr_complexity': 3, 'boosting_type': 'Plain', 'max_bin': 254}. Best is trial 14 with value: 0.06519331726597322.
Trial 16 finished with value: 0.06617582278586154 and parameters: {'learning_rate': 0.043475314240865814, 'bootstrap_type': 'Bernoulli', 'subsample': 0.8819309582197595, 'grow_policy': 'Depthwise', 'depth': 5, 'colsample_bylevel': 0.8504570932533858, 'l2_leaf_reg': 0.45981211863496113, 'leaf_estimation_iterations': 2, 'one_hot_max_size': 11, 'model_size_reg': 0.3281352389570672, 'max_ctr_complexity': 3, 'boosting_type': 'Plain', 'max_bin': 254}. Best is trial 14 with value: 0.06519331726597322.
Trial 17 finished with value: 0.06576639632946146 and parameters: {'learning_rate': 0.027884137123098597, 'bootstrap_type': 'Bernoulli', 'subsample': 0.9291735545038158, 'grow_policy': 'Depthwise', 'depth': 7, 'colsample_bylevel': 0.8698514969999738, 'l2_leaf_reg': 0.13008077425768733, 'leaf_estimation_iterations': 1, 'one_hot_max_size': 11, 'model_size_reg': 0.460559467004393, 'max_ctr_complexity': 3, 'boosting_type': 'Plain', 'max_bin': 254}. Best is trial 14 with value: 0.06519331726597322.
Trial 18 finished with value: 0.06570720153310305 and parameters: {'learning_rate': 0.01900317595024745, 'bootstrap_type': 'Bernoulli', 'subsample': 0.8470322834672688, 'grow_policy': 'Depthwise', 'depth': 5, 'colsample_bylevel': 0.8650086314041868, 'l2_leaf_reg': 0.7046950859197747, 'leaf_estimation_iterations': 1, 'one_hot_max_size': 12, 'model_size_reg': 0.19601895142595868, 'max_ctr_complexity': 3, 'boosting_type': 'Plain', 'max_bin': 254}. Best is trial 14 with value: 0.06519331726597322.
Trial 19 finished with value: 0.06711402673769185 and parameters: {'learning_rate': 0.046242931383726815, 'bootstrap_type': 'Bernoulli', 'subsample': 0.8159887397166963, 'grow_policy': 'SymmetricTree', 'depth': 6, 'colsample_bylevel': 0.8858941862414793, 'l2_leaf_reg': 0.009685759393866638, 'leaf_estimation_iterations': 3, 'one_hot_max_size': 8, 'model_size_reg': 0.255936202150178, 'max_ctr_complexity': 3, 'boosting_type': 'Plain', 'max_bin': 254}. Best is trial 14 with value: 0.06519331726597322.
Trial 20 finished with value: 0.06686244160802046 and parameters: {'learning_rate': 0.008156082273673738, 'bootstrap_type': 'Bernoulli', 'subsample': 0.9128303906559257, 'grow_policy': 'Depthwise', 'depth': 8, 'colsample_bylevel': 0.9924443382121897, 'l2_leaf_reg': 0.9696426168407821, 'leaf_estimation_iterations': 2, 'one_hot_max_size': 14, 'model_size_reg': 0.5133609957268597, 'max_ctr_complexity': 3, 'boosting_type': 'Plain', 'max_bin': 254}. Best is trial 14 with value: 0.06519331726597322.
Trial 21 finished with value: 0.06551625629615943 and parameters: {'learning_rate': 0.018431374036174425, 'bootstrap_type': 'Bernoulli', 'subsample': 0.8543675779333448, 'grow_policy': 'Depthwise', 'depth': 5, 'colsample_bylevel': 0.864025852078117, 'l2_leaf_reg': 0.11039206670430203, 'leaf_estimation_iterations': 1, 'one_hot_max_size': 11, 'model_size_reg': 0.1664106861710748, 'max_ctr_complexity': 3, 'boosting_type': 'Plain', 'max_bin': 254}. Best is trial 14 with value: 0.06519331726597322.
Trial 22 finished with value: 0.06521754380383471 and parameters: {'learning_rate': 0.019535250324832085, 'bootstrap_type': 'Bernoulli', 'subsample': 0.8739960323074327, 'grow_policy': 'Depthwise', 'depth': 5, 'colsample_bylevel': 0.8615673254289361, 'l2_leaf_reg': 0.09532526789655706, 'leaf_estimation_iterations': 1, 'one_hot_max_size': 10, 'model_size_reg': 0.10970642035696031, 'max_ctr_complexity': 3, 'boosting_type': 'Plain', 'max_bin': 254}. Best is trial 14 with value: 0.06519331726597322.
Trial 23 finished with value: 0.06514094133893988 and parameters: {'learning_rate': 0.020373462223791314, 'bootstrap_type': 'Bernoulli', 'subsample': 0.8657037005408155, 'grow_policy': 'Depthwise', 'depth': 5, 'colsample_bylevel': 0.8672925374207419, 'l2_leaf_reg': 0.053746861077252975, 'leaf_estimation_iterations': 1, 'one_hot_max_size': 10, 'model_size_reg': 0.11101757621419929, 'max_ctr_complexity': 2, 'boosting_type': 'Plain', 'max_bin': 254}. Best is trial 23 with value: 0.06514094133893988.
Trial 24 finished with value: 0.06582248376247302 and parameters: {'learning_rate': 0.02189184276635567, 'bootstrap_type': 'Bernoulli', 'subsample': 0.771956288694341, 'grow_policy': 'Depthwise', 'depth': 5, 'colsample_bylevel': 0.8889933733489752, 'l2_leaf_reg': 0.031684876610338704, 'leaf_estimation_iterations': 1, 'one_hot_max_size': 13, 'model_size_reg': 0.1083938142943863, 'max_ctr_complexity': 2, 'boosting_type': 'Plain', 'max_bin': 254}. Best is trial 23 with value: 0.06514094133893988.
Trial 25 finished with value: 0.06649660436572724 and parameters: {'learning_rate': 0.03747763192020793, 'bootstrap_type': 'Bernoulli', 'subsample': 0.8717284128807827, 'grow_policy': 'Depthwise', 'depth': 6, 'colsample_bylevel': 0.9192542685198787, 'l2_leaf_reg': 0.008695953848322098, 'leaf_estimation_iterations': 1, 'one_hot_max_size': 10, 'model_size_reg': 0.13280800087784336, 'max_ctr_complexity': 2, 'boosting_type': 'Plain', 'max_bin': 254}. Best is trial 23 with value: 0.06514094133893988.
Optuna Search Completed in: 542.84 seconds

Training final model on optimized parameter setup...

[CATBOOST FINALIZED METRICS]
Optimal Trees:         871
1-AUROC:             0.0661 (Delta to TabPFN: +0.0054)
Accuracy:             0.8990 (Delta to TabPFN: -0.0024)
Final Train Time:      2.77 seconds (0.2806s per 1K)
Final Infer Time:      0.01 seconds (0.0041s per 1K)

--- CATBOOST Feature Importance (Raw vs. Scaled Share) ---
Feature | Raw gain | Share
PageValues | 42.63 | 42.63%
Month | 19.31 | 19.31%
ExitRates | 5.58 | 5.58%
ProductRelated_Duration | 4.96 | 4.96%
ProductRelated | 4.60 | 4.60%
Administrative_Duration | 4.23 | 4.23%
Administrative | 3.57 | 3.57%
BounceRates | 3.40 | 3.40%
TrafficType | 3.07 | 3.07%
Informational_Duration | 1.81 | 1.81%
Region | 1.43 | 1.43%
VisitorType | 1.36 | 1.36%
OperatingSystems | 1.01 | 1.01%
Informational | 0.98 | 0.98%
Browser | 0.81 | 0.81%
SpecialDay | 0.76 | 0.76%
Weekend | 0.49 | 0.49%

=====================================================================
METRIC TYPE                                  | VALUE / PROFILE
=====================================================================
Embedding Share                              | 0.00%
Raw Feature Share                            | 100.00%
---------------------------------------------------------------------
Active Text Embedding Density                | 0.00% (0/0)
Active Raw Tabular Feature Density           | 100.00% (17/17)
---------------------------------------------------------------------
Top-5 Concentration Ratio (CR5)              | 77.08% of total decision weight
Top-10 Concentration Ratio (CR10)            | 93.16% of total decision weight
=====================================================================

Total Pipeline Execution Time: 548.02 seconds

[SUCCESS] Permanent artifacts safely written to 'outputs/training-3/'
[W&B] Artifacts and localized metrics logged successfully for online_shoppers_intention_raw-only_catboost
