[W&B] Child process started for job: hiva_agnostic_combined_lightgbm in group session-training-3
Loading archive 'archives/hiva_agnostic.npz' and initializing pipeline for target: LIGHTGBM...
Execution Mode: COMBINED
Session Output Target: outputs/training-3/
Task Type: MULTICLASS
TabPFN Baselines Loaded - Primary: 0.1800 | Secondary: 0.9649
PCA reduced text embeddings to 49 components.
Final training matrix shape assembled for COMBINED: (3076, 1666)

Running 26-Trial Optuna Study for LIGHTGBM (COMBINED)...
A new study created in RDB with name: 20260625_021210_hiva_agnostic_combined_lightgbm
Trial 0 finished with value: 0.17388414604231991 and parameters: {}. Best is trial 0 with value: 0.17388414604231991.
Trial 1 finished with value: 0.17321161940294938 and parameters: {'learning_rate': 0.015355286838886862, 'feature_fraction': 0.9704285838459497, 'bagging_fraction': 0.9195981825434215, 'bagging_freq': 1, 'num_leaves': 28, 'min_data_in_leaf': 1, 'extra_trees': False, 'min_data_per_group': 57, 'cat_l2': 0.18327672955935934, 'cat_smooth': 3.4702669886504163, 'max_cat_to_onehot': 8, 'lambda_l1': 0.9699128611767781, 'lambda_l2': 1.6649020373367633}. Best is trial 1 with value: 0.17321161940294938.
Trial 2 finished with value: 0.17361968051312252 and parameters: {'learning_rate': 0.009445600138094694, 'feature_fraction': 0.5090949803242604, 'bagging_fraction': 0.7550213529560301, 'bagging_freq': 1, 'num_leaves': 7, 'min_data_in_leaf': 6, 'extra_trees': False, 'min_data_per_group': 20, 'cat_l2': 0.01153297626310632, 'cat_smooth': 0.028888383623653185, 'max_cat_to_onehot': 19, 'lambda_l1': 0.4561243772186142, 'lambda_l2': 1.5703734051898879}. Best is trial 1 with value: 0.17321161940294938.
Trial 3 finished with value: 0.17332380548016696 and parameters: {'learning_rate': 0.009093929525644107, 'feature_fraction': 0.708540663048167, 'bagging_fraction': 0.8777243706586128, 'bagging_freq': 1, 'num_leaves': 2, 'min_data_in_leaf': 10, 'extra_trees': False, 'min_data_per_group': 81, 'cat_l2': 1.6278053965878447, 'cat_smooth': 11.015056790269638, 'max_cat_to_onehot': 17, 'lambda_l1': 0.09776234679498323, 'lambda_l2': 1.3684976297216627}. Best is trial 1 with value: 0.17321161940294938.
Trial 4 finished with value: 0.17393878105065738 and parameters: {'learning_rate': 0.01869052934095898, 'feature_fraction': 0.47322294090686734, 'bagging_fraction': 0.848553073033381, 'bagging_freq': 1, 'num_leaves': 2, 'min_data_in_leaf': 42, 'extra_trees': True, 'min_data_per_group': 6, 'cat_l2': 0.11277639166461569, 'cat_smooth': 0.5414413211338525, 'max_cat_to_onehot': 12, 'lambda_l1': 0.9695876693017821, 'lambda_l2': 1.550288133439893}. Best is trial 1 with value: 0.17321161940294938.
Trial 5 finished with value: 0.17478761648636854 and parameters: {'learning_rate': 0.08342309693146736, 'feature_fraction': 0.9368964102565893, 'bagging_fraction': 0.8793699936433255, 'bagging_freq': 1, 'num_leaves': 137, 'min_data_in_leaf': 1, 'extra_trees': False, 'min_data_per_group': 6, 'cat_l2': 0.0513253156994884, 'cat_smooth': 0.022737628102536857, 'max_cat_to_onehot': 64, 'lambda_l1': 0.3568176513609199, 'lambda_l2': 0.5619409259237927}. Best is trial 1 with value: 0.17321161940294938.
Trial 6 finished with value: 0.173236152607616 and parameters: {'learning_rate': 0.025411709798607296, 'feature_fraction': 0.4845545349848576, 'bagging_fraction': 0.9406590942262119, 'bagging_freq': 1, 'num_leaves': 2, 'min_data_in_leaf': 61, 'extra_trees': False, 'min_data_per_group': 2, 'cat_l2': 0.6619871537619337, 'cat_smooth': 3.4220529032706923, 'max_cat_to_onehot': 50, 'lambda_l1': 0.7712932196512772, 'lambda_l2': 0.1481818990030073}. Best is trial 1 with value: 0.17321161940294938.
Trial 7 finished with value: 0.17393363200730552 and parameters: {'learning_rate': 0.014633380642745364, 'feature_fraction': 0.4695214357150779, 'bagging_fraction': 0.958931027762678, 'bagging_freq': 1, 'num_leaves': 32, 'min_data_in_leaf': 2, 'extra_trees': True, 'min_data_per_group': 6, 'cat_l2': 0.3957756313952873, 'cat_smooth': 1.5409457762881555, 'max_cat_to_onehot': 75, 'lambda_l1': 0.4722677036694331, 'lambda_l2': 0.23927653245200955}. Best is trial 1 with value: 0.17321161940294938.
Trial 8 finished with value: 0.17407647862112435 and parameters: {'learning_rate': 0.042356773126632795, 'feature_fraction': 0.8564710291701385, 'bagging_fraction': 0.8683831592708489, 'bagging_freq': 1, 'num_leaves': 65, 'min_data_in_leaf': 6, 'extra_trees': False, 'min_data_per_group': 2, 'cat_l2': 0.009543550367992308, 'cat_smooth': 0.0014359718569878096, 'max_cat_to_onehot': 39, 'lambda_l1': 0.314424545478219, 'lambda_l2': 1.017190525260289}. Best is trial 1 with value: 0.17321161940294938.
Trial 9 finished with value: 0.17401324177440336 and parameters: {'learning_rate': 0.07581256838789621, 'feature_fraction': 0.549575337489325, 'bagging_fraction': 0.8231148769106889, 'bagging_freq': 1, 'num_leaves': 61, 'min_data_in_leaf': 2, 'extra_trees': True, 'min_data_per_group': 3, 'cat_l2': 1.3124992669799407, 'cat_smooth': 10.979988817809668, 'max_cat_to_onehot': 39, 'lambda_l1': 0.871473444128699, 'lambda_l2': 1.607363786590539}. Best is trial 1 with value: 0.17321161940294938.
Trial 10 finished with value: 0.17356555298564508 and parameters: {'learning_rate': 0.00556850707848256, 'feature_fraction': 0.7311216826067799, 'bagging_fraction': 0.7022641957948879, 'bagging_freq': 1, 'num_leaves': 12, 'min_data_in_leaf': 18, 'extra_trees': False, 'min_data_per_group': 85, 'cat_l2': 0.06432414175835927, 'cat_smooth': 57.71736365719864, 'max_cat_to_onehot': 8, 'lambda_l1': 0.6782859743712771, 'lambda_l2': 1.891624858975429}. Best is trial 1 with value: 0.17321161940294938.
Trial 11 finished with value: 0.1733683465189177 and parameters: {'learning_rate': 0.02946567556839309, 'feature_fraction': 0.9933541011340329, 'bagging_fraction': 0.9866826108230079, 'bagging_freq': 1, 'num_leaves': 7, 'min_data_in_leaf': 61, 'extra_trees': False, 'min_data_per_group': 22, 'cat_l2': 0.4008784674103047, 'cat_smooth': 0.883285332104621, 'max_cat_to_onehot': 30, 'lambda_l1': 0.7704611500939563, 'lambda_l2': 0.8277922581740702}. Best is trial 1 with value: 0.17321161940294938.
Trial 12 finished with value: 0.17349130392068213 and parameters: {'learning_rate': 0.02893488746564684, 'feature_fraction': 0.6477184395873087, 'bagging_fraction': 0.937087023291175, 'bagging_freq': 1, 'num_leaves': 17, 'min_data_in_leaf': 1, 'extra_trees': False, 'min_data_per_group': 27, 'cat_l2': 0.28346316454362164, 'cat_smooth': 4.444791592476524, 'max_cat_to_onehot': 98, 'lambda_l1': 0.6620185090435123, 'lambda_l2': 0.0943070505594471}. Best is trial 1 with value: 0.17321161940294938.
Trial 13 finished with value: 0.17382027545091316 and parameters: {'learning_rate': 0.019920925404207854, 'feature_fraction': 0.8208122364127165, 'bagging_fraction': 0.9136679355178057, 'bagging_freq': 1, 'num_leaves': 197, 'min_data_in_leaf': 22, 'extra_trees': False, 'min_data_per_group': 41, 'cat_l2': 0.18207773291030366, 'cat_smooth': 0.18265499970366575, 'max_cat_to_onehot': 9, 'lambda_l1': 0.9984229974243054, 'lambda_l2': 1.077993771241689}. Best is trial 1 with value: 0.17321161940294938.
Trial 14 finished with value: 0.17318043354677592 and parameters: {'learning_rate': 0.04259688440622645, 'feature_fraction': 0.6109129948799271, 'bagging_fraction': 0.9948058470333414, 'bagging_freq': 1, 'num_leaves': 4, 'min_data_in_leaf': 4, 'extra_trees': False, 'min_data_per_group': 12, 'cat_l2': 0.796605599124113, 'cat_smooth': 73.67079242830661, 'max_cat_to_onehot': 23, 'lambda_l1': 0.7637710201753614, 'lambda_l2': 0.46205726493126353}. Best is trial 14 with value: 0.17318043354677592.
Trial 15 finished with value: 0.17397990229643562 and parameters: {'learning_rate': 0.0451159727146497, 'feature_fraction': 0.6049300569612954, 'bagging_fraction': 0.9731184746559635, 'bagging_freq': 1, 'num_leaves': 5, 'min_data_in_leaf': 3, 'extra_trees': True, 'min_data_per_group': 12, 'cat_l2': 0.029127630539754777, 'cat_smooth': 98.83653971546283, 'max_cat_to_onehot': 22, 'lambda_l1': 0.8426846953692357, 'lambda_l2': 1.9927955255731113}. Best is trial 14 with value: 0.17318043354677592.
Trial 16 finished with value: 0.17395983676311355 and parameters: {'learning_rate': 0.048352625758856495, 'feature_fraction': 0.8070434167286348, 'bagging_fraction': 0.9951675240374773, 'bagging_freq': 1, 'num_leaves': 21, 'min_data_in_leaf': 1, 'extra_trees': False, 'min_data_per_group': 47, 'cat_l2': 0.7958038159075186, 'cat_smooth': 25.637633003566936, 'max_cat_to_onehot': 11, 'lambda_l1': 0.6798443246217138, 'lambda_l2': 0.5033201018263687}. Best is trial 14 with value: 0.17318043354677592.
Trial 17 finished with value: 0.17313100827542488 and parameters: {'learning_rate': 0.012024123106304158, 'feature_fraction': 0.9295939757503846, 'bagging_fraction': 0.9169348222597065, 'bagging_freq': 1, 'num_leaves': 4, 'min_data_in_leaf': 3, 'extra_trees': False, 'min_data_per_group': 10, 'cat_l2': 0.1415989114900799, 'cat_smooth': 20.649804458452138, 'max_cat_to_onehot': 15, 'lambda_l1': 0.8883324916877057, 'lambda_l2': 1.197494248688584}. Best is trial 17 with value: 0.17313100827542488.
Trial 18 finished with value: 0.17362498858707037 and parameters: {'learning_rate': 0.008486664126819614, 'feature_fraction': 0.40697257697653194, 'bagging_fraction': 0.8041071561413504, 'bagging_freq': 1, 'num_leaves': 4, 'min_data_in_leaf': 5, 'extra_trees': False, 'min_data_per_group': 11, 'cat_l2': 0.021723192078766163, 'cat_smooth': 26.59558432766845, 'max_cat_to_onehot': 15, 'lambda_l1': 0.5600542416384702, 'lambda_l2': 0.6190491545598461}. Best is trial 17 with value: 0.17313100827542488.
Trial 19 finished with value: 0.17398192483497701 and parameters: {'learning_rate': 0.006011624718057674, 'feature_fraction': 0.8922427114441451, 'bagging_fraction': 0.9091475547894939, 'bagging_freq': 1, 'num_leaves': 4, 'min_data_in_leaf': 3, 'extra_trees': True, 'min_data_per_group': 11, 'cat_l2': 0.08433605014001491, 'cat_smooth': 26.42439166559861, 'max_cat_to_onehot': 25, 'lambda_l1': 0.8053246514154465, 'lambda_l2': 1.1854569506200063}. Best is trial 17 with value: 0.17313100827542488.
Trial 20 finished with value: 0.1737154965728162 and parameters: {'learning_rate': 0.06275680431715003, 'feature_fraction': 0.7450107217820587, 'bagging_fraction': 0.9987284064508792, 'bagging_freq': 1, 'num_leaves': 11, 'min_data_in_leaf': 4, 'extra_trees': False, 'min_data_per_group': 4, 'cat_l2': 0.005620167961657964, 'cat_smooth': 68.9868403986685, 'max_cat_to_onehot': 14, 'lambda_l1': 0.07028428524082736, 'lambda_l2': 0.824564298749583}. Best is trial 17 with value: 0.17313100827542488.
Trial 21 finished with value: 0.1728768977208561 and parameters: {'learning_rate': 0.014022424978334141, 'feature_fraction': 0.9903737734194357, 'bagging_fraction': 0.9120498786129894, 'bagging_freq': 1, 'num_leaves': 3, 'min_data_in_leaf': 2, 'extra_trees': False, 'min_data_per_group': 16, 'cat_l2': 0.17206584969021016, 'cat_smooth': 7.382328677736197, 'max_cat_to_onehot': 10, 'lambda_l1': 0.9038663222526365, 'lambda_l2': 1.8029747184629845}. Best is trial 21 with value: 0.1728768977208561.
Trial 22 finished with value: 0.17280008895057147 and parameters: {'learning_rate': 0.012156486423193115, 'feature_fraction': 0.9095863149016484, 'bagging_fraction': 0.9558613720514078, 'bagging_freq': 1, 'num_leaves': 3, 'min_data_in_leaf': 2, 'extra_trees': False, 'min_data_per_group': 15, 'cat_l2': 0.1363530827182004, 'cat_smooth': 9.236389984253096, 'max_cat_to_onehot': 11, 'lambda_l1': 0.8744808454914389, 'lambda_l2': 1.316093380759804}. Best is trial 22 with value: 0.17280008895057147.
Trial 23 finished with value: 0.17282374028061404 and parameters: {'learning_rate': 0.011126701166036451, 'feature_fraction': 0.9234364042829142, 'bagging_fraction': 0.9504242270692853, 'bagging_freq': 1, 'num_leaves': 3, 'min_data_in_leaf': 2, 'extra_trees': False, 'min_data_per_group': 30, 'cat_l2': 0.13751590725165533, 'cat_smooth': 8.729520287454523, 'max_cat_to_onehot': 11, 'lambda_l1': 0.9026305433152813, 'lambda_l2': 1.3730094248239788}. Best is trial 22 with value: 0.17280008895057147.
Trial 24 finished with value: 0.1728548720071611 and parameters: {'learning_rate': 0.011826261540194402, 'feature_fraction': 0.8895889554700691, 'bagging_fraction': 0.9590012674298808, 'bagging_freq': 1, 'num_leaves': 2, 'min_data_in_leaf': 2, 'extra_trees': False, 'min_data_per_group': 30, 'cat_l2': 0.04437615552052557, 'cat_smooth': 0.3065264493738988, 'max_cat_to_onehot': 11, 'lambda_l1': 0.9165664651309204, 'lambda_l2': 1.3571139171661333}. Best is trial 22 with value: 0.17280008895057147.
Trial 25 finished with value: 0.17286110184497433 and parameters: {'learning_rate': 0.007272343265897035, 'feature_fraction': 0.8892655991550082, 'bagging_fraction': 0.9540718485808147, 'bagging_freq': 1, 'num_leaves': 2, 'min_data_in_leaf': 2, 'extra_trees': False, 'min_data_per_group': 32, 'cat_l2': 0.03247555640446551, 'cat_smooth': 0.3640024207986316, 'max_cat_to_onehot': 12, 'lambda_l1': 0.9168249084740382, 'lambda_l2': 1.3621878677146957}. Best is trial 22 with value: 0.17280008895057147.
Optuna Search Completed in: 174.20 seconds

Training final model on optimized parameter setup...

[LIGHTGBM FINALIZED METRICS]
Optimal Trees:         28
Log_Loss:             0.1720 (Delta to TabPFN: -0.0080)
Accuracy:             0.9649 (Delta to TabPFN: +0.0000)
Final Train Time:      0.38 seconds (0.1250s per 1K)
Final Infer Time:      0.16 seconds (0.2101s per 1K)

--- LIGHTGBM Feature Importance (Raw vs. Scaled Share) ---
Feature | Raw gain | Share
pca_embed_45 | 352.74 | 28.82%
pca_embed_30 | 274.52 | 22.43%
pca_embed_32 | 120.58 | 9.85%
pca_embed_13 | 117.23 | 9.58%
pca_embed_31 | 83.71 | 6.84%
pca_embed_19 | 40.88 | 3.34%
molecule_structure_property_1155 | 33.35 | 2.72%
pca_embed_3 | 28.24 | 2.31%
pca_embed_9 | 26.40 | 2.16%
pca_embed_8 | 26.14 | 2.14%
molecule_structure_property_1459 | 22.39 | 1.83%
pca_embed_23 | 18.35 | 1.50%
pca_embed_21 | 8.06 | 0.66%
molecule_structure_property_1564 | 7.89 | 0.64%
molecule_structure_property_229 | 7.22 | 0.59%
pca_embed_17 | 6.86 | 0.56%
pca_embed_40 | 6.63 | 0.54%
molecule_structure_property_973 | 6.43 | 0.53%
pca_embed_36 | 5.98 | 0.49%
pca_embed_42 | 5.87 | 0.48%
molecule_structure_property_943 | 5.75 | 0.47%
pca_embed_25 | 5.57 | 0.45%
pca_embed_29 | 5.52 | 0.45%
pca_embed_41 | 3.94 | 0.32%
molecule_structure_property_1168 | 3.84 | 0.31%
molecule_structure_property_1 | 0.00 | 0.00%
molecule_structure_property_2 | 0.00 | 0.00%
molecule_structure_property_3 | 0.00 | 0.00%
molecule_structure_property_4 | 0.00 | 0.00%
molecule_structure_property_5 | 0.00 | 0.00%
molecule_structure_property_6 | 0.00 | 0.00%
molecule_structure_property_7 | 0.00 | 0.00%
molecule_structure_property_8 | 0.00 | 0.00%
molecule_structure_property_9 | 0.00 | 0.00%
molecule_structure_property_10 | 0.00 | 0.00%
molecule_structure_property_11 | 0.00 | 0.00%
molecule_structure_property_12 | 0.00 | 0.00%
molecule_structure_property_13 | 0.00 | 0.00%
molecule_structure_property_14 | 0.00 | 0.00%
molecule_structure_property_15 | 0.00 | 0.00%
molecule_structure_property_16 | 0.00 | 0.00%
molecule_structure_property_17 | 0.00 | 0.00%
molecule_structure_property_18 | 0.00 | 0.00%
molecule_structure_property_19 | 0.00 | 0.00%
molecule_structure_property_20 | 0.00 | 0.00%
molecule_structure_property_21 | 0.00 | 0.00%
molecule_structure_property_22 | 0.00 | 0.00%
molecule_structure_property_23 | 0.00 | 0.00%
molecule_structure_property_24 | 0.00 | 0.00%
molecule_structure_property_25 | 0.00 | 0.00%
molecule_structure_property_26 | 0.00 | 0.00%
molecule_structure_property_27 | 0.00 | 0.00%
molecule_structure_property_28 | 0.00 | 0.00%
molecule_structure_property_29 | 0.00 | 0.00%
molecule_structure_property_30 | 0.00 | 0.00%
molecule_structure_property_31 | 0.00 | 0.00%
molecule_structure_property_32 | 0.00 | 0.00%
molecule_structure_property_33 | 0.00 | 0.00%
molecule_structure_property_34 | 0.00 | 0.00%
molecule_structure_property_35 | 0.00 | 0.00%
molecule_structure_property_36 | 0.00 | 0.00%
molecule_structure_property_37 | 0.00 | 0.00%
molecule_structure_property_38 | 0.00 | 0.00%
molecule_structure_property_39 | 0.00 | 0.00%
molecule_structure_property_40 | 0.00 | 0.00%
molecule_structure_property_41 | 0.00 | 0.00%
molecule_structure_property_42 | 0.00 | 0.00%
molecule_structure_property_43 | 0.00 | 0.00%
molecule_structure_property_44 | 0.00 | 0.00%
molecule_structure_property_45 | 0.00 | 0.00%
molecule_structure_property_46 | 0.00 | 0.00%
molecule_structure_property_47 | 0.00 | 0.00%
molecule_structure_property_48 | 0.00 | 0.00%
molecule_structure_property_49 | 0.00 | 0.00%
molecule_structure_property_50 | 0.00 | 0.00%
molecule_structure_property_51 | 0.00 | 0.00%
molecule_structure_property_52 | 0.00 | 0.00%
molecule_structure_property_53 | 0.00 | 0.00%
molecule_structure_property_54 | 0.00 | 0.00%
molecule_structure_property_55 | 0.00 | 0.00%
molecule_structure_property_56 | 0.00 | 0.00%
molecule_structure_property_57 | 0.00 | 0.00%
molecule_structure_property_58 | 0.00 | 0.00%
molecule_structure_property_59 | 0.00 | 0.00%
molecule_structure_property_60 | 0.00 | 0.00%
molecule_structure_property_61 | 0.00 | 0.00%
molecule_structure_property_62 | 0.00 | 0.00%
molecule_structure_property_63 | 0.00 | 0.00%
molecule_structure_property_64 | 0.00 | 0.00%
molecule_structure_property_65 | 0.00 | 0.00%
molecule_structure_property_66 | 0.00 | 0.00%
molecule_structure_property_67 | 0.00 | 0.00%
molecule_structure_property_68 | 0.00 | 0.00%
molecule_structure_property_69 | 0.00 | 0.00%
molecule_structure_property_70 | 0.00 | 0.00%
molecule_structure_property_71 | 0.00 | 0.00%
molecule_structure_property_72 | 0.00 | 0.00%
molecule_structure_property_73 | 0.00 | 0.00%
molecule_structure_property_74 | 0.00 | 0.00%
molecule_structure_property_75 | 0.00 | 0.00%
molecule_structure_property_76 | 0.00 | 0.00%
molecule_structure_property_77 | 0.00 | 0.00%
molecule_structure_property_78 | 0.00 | 0.00%
molecule_structure_property_79 | 0.00 | 0.00%
molecule_structure_property_80 | 0.00 | 0.00%
molecule_structure_property_81 | 0.00 | 0.00%
molecule_structure_property_82 | 0.00 | 0.00%
molecule_structure_property_83 | 0.00 | 0.00%
molecule_structure_property_84 | 0.00 | 0.00%
molecule_structure_property_85 | 0.00 | 0.00%
molecule_structure_property_86 | 0.00 | 0.00%
molecule_structure_property_87 | 0.00 | 0.00%
molecule_structure_property_88 | 0.00 | 0.00%
molecule_structure_property_89 | 0.00 | 0.00%
molecule_structure_property_90 | 0.00 | 0.00%
molecule_structure_property_91 | 0.00 | 0.00%
molecule_structure_property_92 | 0.00 | 0.00%
molecule_structure_property_93 | 0.00 | 0.00%
molecule_structure_property_94 | 0.00 | 0.00%
molecule_structure_property_95 | 0.00 | 0.00%
molecule_structure_property_96 | 0.00 | 0.00%
molecule_structure_property_97 | 0.00 | 0.00%
molecule_structure_property_98 | 0.00 | 0.00%
molecule_structure_property_99 | 0.00 | 0.00%
molecule_structure_property_100 | 0.00 | 0.00%
molecule_structure_property_101 | 0.00 | 0.00%
molecule_structure_property_102 | 0.00 | 0.00%
molecule_structure_property_103 | 0.00 | 0.00%
molecule_structure_property_104 | 0.00 | 0.00%
molecule_structure_property_105 | 0.00 | 0.00%
molecule_structure_property_106 | 0.00 | 0.00%
molecule_structure_property_107 | 0.00 | 0.00%
molecule_structure_property_108 | 0.00 | 0.00%
molecule_structure_property_109 | 0.00 | 0.00%
molecule_structure_property_110 | 0.00 | 0.00%
molecule_structure_property_111 | 0.00 | 0.00%
molecule_structure_property_112 | 0.00 | 0.00%
molecule_structure_property_113 | 0.00 | 0.00%
molecule_structure_property_114 | 0.00 | 0.00%
molecule_structure_property_115 | 0.00 | 0.00%
molecule_structure_property_116 | 0.00 | 0.00%
molecule_structure_property_117 | 0.00 | 0.00%
molecule_structure_property_118 | 0.00 | 0.00%
molecule_structure_property_119 | 0.00 | 0.00%
molecule_structure_property_120 | 0.00 | 0.00%
molecule_structure_property_121 | 0.00 | 0.00%
molecule_structure_property_122 | 0.00 | 0.00%
molecule_structure_property_123 | 0.00 | 0.00%
molecule_structure_property_124 | 0.00 | 0.00%
molecule_structure_property_125 | 0.00 | 0.00%
molecule_structure_property_126 | 0.00 | 0.00%
molecule_structure_property_127 | 0.00 | 0.00%
molecule_structure_property_128 | 0.00 | 0.00%
molecule_structure_property_129 | 0.00 | 0.00%
molecule_structure_property_130 | 0.00 | 0.00%
molecule_structure_property_131 | 0.00 | 0.00%
molecule_structure_property_132 | 0.00 | 0.00%
molecule_structure_property_133 | 0.00 | 0.00%
molecule_structure_property_134 | 0.00 | 0.00%
molecule_structure_property_135 | 0.00 | 0.00%
molecule_structure_property_136 | 0.00 | 0.00%
molecule_structure_property_137 | 0.00 | 0.00%
molecule_structure_property_138 | 0.00 | 0.00%
molecule_structure_property_139 | 0.00 | 0.00%
molecule_structure_property_140 | 0.00 | 0.00%
molecule_structure_property_141 | 0.00 | 0.00%
molecule_structure_property_142 | 0.00 | 0.00%
molecule_structure_property_143 | 0.00 | 0.00%
molecule_structure_property_144 | 0.00 | 0.00%
molecule_structure_property_145 | 0.00 | 0.00%
molecule_structure_property_146 | 0.00 | 0.00%
molecule_structure_property_147 | 0.00 | 0.00%
molecule_structure_property_148 | 0.00 | 0.00%
molecule_structure_property_149 | 0.00 | 0.00%
molecule_structure_property_150 | 0.00 | 0.00%
molecule_structure_property_151 | 0.00 | 0.00%
molecule_structure_property_152 | 0.00 | 0.00%
molecule_structure_property_153 | 0.00 | 0.00%
molecule_structure_property_154 | 0.00 | 0.00%
molecule_structure_property_155 | 0.00 | 0.00%
molecule_structure_property_156 | 0.00 | 0.00%
molecule_structure_property_157 | 0.00 | 0.00%
molecule_structure_property_158 | 0.00 | 0.00%
molecule_structure_property_159 | 0.00 | 0.00%
molecule_structure_property_160 | 0.00 | 0.00%
molecule_structure_property_161 | 0.00 | 0.00%
molecule_structure_property_162 | 0.00 | 0.00%
molecule_structure_property_163 | 0.00 | 0.00%
molecule_structure_property_164 | 0.00 | 0.00%
molecule_structure_property_165 | 0.00 | 0.00%
molecule_structure_property_166 | 0.00 | 0.00%
molecule_structure_property_167 | 0.00 | 0.00%
molecule_structure_property_168 | 0.00 | 0.00%
molecule_structure_property_169 | 0.00 | 0.00%
molecule_structure_property_170 | 0.00 | 0.00%
molecule_structure_property_171 | 0.00 | 0.00%
molecule_structure_property_172 | 0.00 | 0.00%
molecule_structure_property_173 | 0.00 | 0.00%
molecule_structure_property_174 | 0.00 | 0.00%
molecule_structure_property_175 | 0.00 | 0.00%
molecule_structure_property_176 | 0.00 | 0.00%
molecule_structure_property_177 | 0.00 | 0.00%
molecule_structure_property_178 | 0.00 | 0.00%
molecule_structure_property_179 | 0.00 | 0.00%
molecule_structure_property_180 | 0.00 | 0.00%
molecule_structure_property_181 | 0.00 | 0.00%
molecule_structure_property_182 | 0.00 | 0.00%
molecule_structure_property_183 | 0.00 | 0.00%
molecule_structure_property_184 | 0.00 | 0.00%
molecule_structure_property_185 | 0.00 | 0.00%
molecule_structure_property_186 | 0.00 | 0.00%
molecule_structure_property_187 | 0.00 | 0.00%
molecule_structure_property_188 | 0.00 | 0.00%
molecule_structure_property_189 | 0.00 | 0.00%
molecule_structure_property_190 | 0.00 | 0.00%
molecule_structure_property_191 | 0.00 | 0.00%
molecule_structure_property_192 | 0.00 | 0.00%
molecule_structure_property_193 | 0.00 | 0.00%
molecule_structure_property_194 | 0.00 | 0.00%
molecule_structure_property_195 | 0.00 | 0.00%
molecule_structure_property_196 | 0.00 | 0.00%
molecule_structure_property_197 | 0.00 | 0.00%
molecule_structure_property_198 | 0.00 | 0.00%
molecule_structure_property_199 | 0.00 | 0.00%
molecule_structure_property_200 | 0.00 | 0.00%
molecule_structure_property_201 | 0.00 | 0.00%
molecule_structure_property_202 | 0.00 | 0.00%
molecule_structure_property_203 | 0.00 | 0.00%
molecule_structure_property_204 | 0.00 | 0.00%
molecule_structure_property_205 | 0.00 | 0.00%
molecule_structure_property_206 | 0.00 | 0.00%
molecule_structure_property_207 | 0.00 | 0.00%
molecule_structure_property_208 | 0.00 | 0.00%
molecule_structure_property_209 | 0.00 | 0.00%
molecule_structure_property_210 | 0.00 | 0.00%
molecule_structure_property_211 | 0.00 | 0.00%
molecule_structure_property_212 | 0.00 | 0.00%
molecule_structure_property_213 | 0.00 | 0.00%
molecule_structure_property_214 | 0.00 | 0.00%
molecule_structure_property_215 | 0.00 | 0.00%
molecule_structure_property_216 | 0.00 | 0.00%
molecule_structure_property_217 | 0.00 | 0.00%
molecule_structure_property_218 | 0.00 | 0.00%
molecule_structure_property_219 | 0.00 | 0.00%
molecule_structure_property_220 | 0.00 | 0.00%
molecule_structure_property_221 | 0.00 | 0.00%
molecule_structure_property_222 | 0.00 | 0.00%
molecule_structure_property_223 | 0.00 | 0.00%
molecule_structure_property_224 | 0.00 | 0.00%
molecule_structure_property_225 | 0.00 | 0.00%
molecule_structure_property_226 | 0.00 | 0.00%
molecule_structure_property_227 | 0.00 | 0.00%
molecule_structure_property_228 | 0.00 | 0.00%
molecule_structure_property_230 | 0.00 | 0.00%
molecule_structure_property_231 | 0.00 | 0.00%
molecule_structure_property_232 | 0.00 | 0.00%
molecule_structure_property_233 | 0.00 | 0.00%
molecule_structure_property_234 | 0.00 | 0.00%
molecule_structure_property_235 | 0.00 | 0.00%
molecule_structure_property_236 | 0.00 | 0.00%
molecule_structure_property_237 | 0.00 | 0.00%
molecule_structure_property_238 | 0.00 | 0.00%
molecule_structure_property_239 | 0.00 | 0.00%
molecule_structure_property_240 | 0.00 | 0.00%
molecule_structure_property_241 | 0.00 | 0.00%
molecule_structure_property_242 | 0.00 | 0.00%
molecule_structure_property_243 | 0.00 | 0.00%
molecule_structure_property_244 | 0.00 | 0.00%
molecule_structure_property_245 | 0.00 | 0.00%
molecule_structure_property_246 | 0.00 | 0.00%
molecule_structure_property_247 | 0.00 | 0.00%
molecule_structure_property_248 | 0.00 | 0.00%
molecule_structure_property_249 | 0.00 | 0.00%
molecule_structure_property_250 | 0.00 | 0.00%
molecule_structure_property_251 | 0.00 | 0.00%
molecule_structure_property_252 | 0.00 | 0.00%
molecule_structure_property_253 | 0.00 | 0.00%
molecule_structure_property_254 | 0.00 | 0.00%
molecule_structure_property_255 | 0.00 | 0.00%
molecule_structure_property_256 | 0.00 | 0.00%
molecule_structure_property_257 | 0.00 | 0.00%
molecule_structure_property_258 | 0.00 | 0.00%
molecule_structure_property_259 | 0.00 | 0.00%
molecule_structure_property_260 | 0.00 | 0.00%
molecule_structure_property_261 | 0.00 | 0.00%
molecule_structure_property_262 | 0.00 | 0.00%
molecule_structure_property_263 | 0.00 | 0.00%
molecule_structure_property_264 | 0.00 | 0.00%
molecule_structure_property_265 | 0.00 | 0.00%
molecule_structure_property_266 | 0.00 | 0.00%
molecule_structure_property_267 | 0.00 | 0.00%
molecule_structure_property_268 | 0.00 | 0.00%
molecule_structure_property_269 | 0.00 | 0.00%
molecule_structure_property_270 | 0.00 | 0.00%
molecule_structure_property_271 | 0.00 | 0.00%
molecule_structure_property_272 | 0.00 | 0.00%
molecule_structure_property_273 | 0.00 | 0.00%
molecule_structure_property_274 | 0.00 | 0.00%
molecule_structure_property_275 | 0.00 | 0.00%
molecule_structure_property_276 | 0.00 | 0.00%
molecule_structure_property_277 | 0.00 | 0.00%
molecule_structure_property_278 | 0.00 | 0.00%
molecule_structure_property_279 | 0.00 | 0.00%
molecule_structure_property_280 | 0.00 | 0.00%
molecule_structure_property_281 | 0.00 | 0.00%
molecule_structure_property_282 | 0.00 | 0.00%
molecule_structure_property_283 | 0.00 | 0.00%
molecule_structure_property_284 | 0.00 | 0.00%
molecule_structure_property_285 | 0.00 | 0.00%
molecule_structure_property_286 | 0.00 | 0.00%
molecule_structure_property_287 | 0.00 | 0.00%
molecule_structure_property_288 | 0.00 | 0.00%
molecule_structure_property_289 | 0.00 | 0.00%
molecule_structure_property_290 | 0.00 | 0.00%
molecule_structure_property_291 | 0.00 | 0.00%
molecule_structure_property_292 | 0.00 | 0.00%
molecule_structure_property_293 | 0.00 | 0.00%
molecule_structure_property_294 | 0.00 | 0.00%
molecule_structure_property_295 | 0.00 | 0.00%
molecule_structure_property_296 | 0.00 | 0.00%
molecule_structure_property_297 | 0.00 | 0.00%
molecule_structure_property_298 | 0.00 | 0.00%
molecule_structure_property_299 | 0.00 | 0.00%
molecule_structure_property_300 | 0.00 | 0.00%
molecule_structure_property_301 | 0.00 | 0.00%
molecule_structure_property_302 | 0.00 | 0.00%
molecule_structure_property_303 | 0.00 | 0.00%
molecule_structure_property_304 | 0.00 | 0.00%
molecule_structure_property_305 | 0.00 | 0.00%
molecule_structure_property_306 | 0.00 | 0.00%
molecule_structure_property_307 | 0.00 | 0.00%
molecule_structure_property_308 | 0.00 | 0.00%
molecule_structure_property_309 | 0.00 | 0.00%
molecule_structure_property_310 | 0.00 | 0.00%
molecule_structure_property_311 | 0.00 | 0.00%
molecule_structure_property_312 | 0.00 | 0.00%
molecule_structure_property_313 | 0.00 | 0.00%
molecule_structure_property_314 | 0.00 | 0.00%
molecule_structure_property_315 | 0.00 | 0.00%
molecule_structure_property_316 | 0.00 | 0.00%
molecule_structure_property_317 | 0.00 | 0.00%
molecule_structure_property_318 | 0.00 | 0.00%
molecule_structure_property_319 | 0.00 | 0.00%
molecule_structure_property_320 | 0.00 | 0.00%
molecule_structure_property_321 | 0.00 | 0.00%
molecule_structure_property_322 | 0.00 | 0.00%
molecule_structure_property_323 | 0.00 | 0.00%
molecule_structure_property_324 | 0.00 | 0.00%
molecule_structure_property_325 | 0.00 | 0.00%
molecule_structure_property_326 | 0.00 | 0.00%
molecule_structure_property_327 | 0.00 | 0.00%
molecule_structure_property_328 | 0.00 | 0.00%
molecule_structure_property_329 | 0.00 | 0.00%
molecule_structure_property_330 | 0.00 | 0.00%
molecule_structure_property_331 | 0.00 | 0.00%
molecule_structure_property_332 | 0.00 | 0.00%
molecule_structure_property_333 | 0.00 | 0.00%
molecule_structure_property_334 | 0.00 | 0.00%
molecule_structure_property_335 | 0.00 | 0.00%
molecule_structure_property_336 | 0.00 | 0.00%
molecule_structure_property_337 | 0.00 | 0.00%
molecule_structure_property_338 | 0.00 | 0.00%
molecule_structure_property_339 | 0.00 | 0.00%
molecule_structure_property_340 | 0.00 | 0.00%
molecule_structure_property_341 | 0.00 | 0.00%
molecule_structure_property_342 | 0.00 | 0.00%
molecule_structure_property_343 | 0.00 | 0.00%
molecule_structure_property_344 | 0.00 | 0.00%
molecule_structure_property_345 | 0.00 | 0.00%
molecule_structure_property_346 | 0.00 | 0.00%
molecule_structure_property_347 | 0.00 | 0.00%
molecule_structure_property_348 | 0.00 | 0.00%
molecule_structure_property_349 | 0.00 | 0.00%
molecule_structure_property_350 | 0.00 | 0.00%
molecule_structure_property_351 | 0.00 | 0.00%
molecule_structure_property_352 | 0.00 | 0.00%
molecule_structure_property_353 | 0.00 | 0.00%
molecule_structure_property_354 | 0.00 | 0.00%
molecule_structure_property_355 | 0.00 | 0.00%
molecule_structure_property_356 | 0.00 | 0.00%
molecule_structure_property_357 | 0.00 | 0.00%
molecule_structure_property_358 | 0.00 | 0.00%
molecule_structure_property_359 | 0.00 | 0.00%
molecule_structure_property_360 | 0.00 | 0.00%
molecule_structure_property_361 | 0.00 | 0.00%
molecule_structure_property_362 | 0.00 | 0.00%
molecule_structure_property_363 | 0.00 | 0.00%
molecule_structure_property_364 | 0.00 | 0.00%
molecule_structure_property_365 | 0.00 | 0.00%
molecule_structure_property_366 | 0.00 | 0.00%
molecule_structure_property_367 | 0.00 | 0.00%
molecule_structure_property_368 | 0.00 | 0.00%
molecule_structure_property_369 | 0.00 | 0.00%
molecule_structure_property_370 | 0.00 | 0.00%
molecule_structure_property_371 | 0.00 | 0.00%
molecule_structure_property_372 | 0.00 | 0.00%
molecule_structure_property_373 | 0.00 | 0.00%
molecule_structure_property_374 | 0.00 | 0.00%
molecule_structure_property_375 | 0.00 | 0.00%
molecule_structure_property_376 | 0.00 | 0.00%
molecule_structure_property_377 | 0.00 | 0.00%
molecule_structure_property_378 | 0.00 | 0.00%
molecule_structure_property_379 | 0.00 | 0.00%
molecule_structure_property_380 | 0.00 | 0.00%
molecule_structure_property_381 | 0.00 | 0.00%
molecule_structure_property_382 | 0.00 | 0.00%
molecule_structure_property_383 | 0.00 | 0.00%
molecule_structure_property_384 | 0.00 | 0.00%
molecule_structure_property_385 | 0.00 | 0.00%
molecule_structure_property_386 | 0.00 | 0.00%
molecule_structure_property_387 | 0.00 | 0.00%
molecule_structure_property_388 | 0.00 | 0.00%
molecule_structure_property_389 | 0.00 | 0.00%
molecule_structure_property_390 | 0.00 | 0.00%
molecule_structure_property_391 | 0.00 | 0.00%
molecule_structure_property_392 | 0.00 | 0.00%
molecule_structure_property_393 | 0.00 | 0.00%
molecule_structure_property_394 | 0.00 | 0.00%
molecule_structure_property_395 | 0.00 | 0.00%
molecule_structure_property_396 | 0.00 | 0.00%
molecule_structure_property_397 | 0.00 | 0.00%
molecule_structure_property_398 | 0.00 | 0.00%
molecule_structure_property_399 | 0.00 | 0.00%
molecule_structure_property_400 | 0.00 | 0.00%
molecule_structure_property_401 | 0.00 | 0.00%
molecule_structure_property_402 | 0.00 | 0.00%
molecule_structure_property_403 | 0.00 | 0.00%
molecule_structure_property_404 | 0.00 | 0.00%
molecule_structure_property_405 | 0.00 | 0.00%
molecule_structure_property_406 | 0.00 | 0.00%
molecule_structure_property_407 | 0.00 | 0.00%
molecule_structure_property_408 | 0.00 | 0.00%
molecule_structure_property_409 | 0.00 | 0.00%
molecule_structure_property_410 | 0.00 | 0.00%
molecule_structure_property_411 | 0.00 | 0.00%
molecule_structure_property_412 | 0.00 | 0.00%
molecule_structure_property_413 | 0.00 | 0.00%
molecule_structure_property_414 | 0.00 | 0.00%
molecule_structure_property_415 | 0.00 | 0.00%
molecule_structure_property_416 | 0.00 | 0.00%
molecule_structure_property_417 | 0.00 | 0.00%
molecule_structure_property_418 | 0.00 | 0.00%
molecule_structure_property_419 | 0.00 | 0.00%
molecule_structure_property_420 | 0.00 | 0.00%
molecule_structure_property_421 | 0.00 | 0.00%
molecule_structure_property_422 | 0.00 | 0.00%
molecule_structure_property_423 | 0.00 | 0.00%
molecule_structure_property_424 | 0.00 | 0.00%
molecule_structure_property_425 | 0.00 | 0.00%
molecule_structure_property_426 | 0.00 | 0.00%
molecule_structure_property_427 | 0.00 | 0.00%
molecule_structure_property_428 | 0.00 | 0.00%
molecule_structure_property_429 | 0.00 | 0.00%
molecule_structure_property_430 | 0.00 | 0.00%
molecule_structure_property_431 | 0.00 | 0.00%
molecule_structure_property_432 | 0.00 | 0.00%
molecule_structure_property_433 | 0.00 | 0.00%
molecule_structure_property_434 | 0.00 | 0.00%
molecule_structure_property_435 | 0.00 | 0.00%
molecule_structure_property_436 | 0.00 | 0.00%
molecule_structure_property_437 | 0.00 | 0.00%
molecule_structure_property_438 | 0.00 | 0.00%
molecule_structure_property_439 | 0.00 | 0.00%
molecule_structure_property_440 | 0.00 | 0.00%
molecule_structure_property_441 | 0.00 | 0.00%
molecule_structure_property_442 | 0.00 | 0.00%
molecule_structure_property_443 | 0.00 | 0.00%
molecule_structure_property_444 | 0.00 | 0.00%
molecule_structure_property_445 | 0.00 | 0.00%
molecule_structure_property_446 | 0.00 | 0.00%
molecule_structure_property_447 | 0.00 | 0.00%
molecule_structure_property_448 | 0.00 | 0.00%
molecule_structure_property_449 | 0.00 | 0.00%
molecule_structure_property_450 | 0.00 | 0.00%
molecule_structure_property_451 | 0.00 | 0.00%
molecule_structure_property_452 | 0.00 | 0.00%
molecule_structure_property_453 | 0.00 | 0.00%
molecule_structure_property_454 | 0.00 | 0.00%
molecule_structure_property_455 | 0.00 | 0.00%
molecule_structure_property_456 | 0.00 | 0.00%
molecule_structure_property_457 | 0.00 | 0.00%
molecule_structure_property_458 | 0.00 | 0.00%
molecule_structure_property_459 | 0.00 | 0.00%
molecule_structure_property_460 | 0.00 | 0.00%
molecule_structure_property_461 | 0.00 | 0.00%
molecule_structure_property_462 | 0.00 | 0.00%
molecule_structure_property_463 | 0.00 | 0.00%
molecule_structure_property_464 | 0.00 | 0.00%
molecule_structure_property_465 | 0.00 | 0.00%
molecule_structure_property_466 | 0.00 | 0.00%
molecule_structure_property_467 | 0.00 | 0.00%
molecule_structure_property_468 | 0.00 | 0.00%
molecule_structure_property_469 | 0.00 | 0.00%
molecule_structure_property_470 | 0.00 | 0.00%
molecule_structure_property_471 | 0.00 | 0.00%
molecule_structure_property_472 | 0.00 | 0.00%
molecule_structure_property_473 | 0.00 | 0.00%
molecule_structure_property_474 | 0.00 | 0.00%
molecule_structure_property_475 | 0.00 | 0.00%
molecule_structure_property_476 | 0.00 | 0.00%
molecule_structure_property_477 | 0.00 | 0.00%
molecule_structure_property_478 | 0.00 | 0.00%
molecule_structure_property_479 | 0.00 | 0.00%
molecule_structure_property_480 | 0.00 | 0.00%
molecule_structure_property_481 | 0.00 | 0.00%
molecule_structure_property_482 | 0.00 | 0.00%
molecule_structure_property_483 | 0.00 | 0.00%
molecule_structure_property_484 | 0.00 | 0.00%
molecule_structure_property_485 | 0.00 | 0.00%
molecule_structure_property_486 | 0.00 | 0.00%
molecule_structure_property_487 | 0.00 | 0.00%
molecule_structure_property_488 | 0.00 | 0.00%
molecule_structure_property_489 | 0.00 | 0.00%
molecule_structure_property_490 | 0.00 | 0.00%
molecule_structure_property_491 | 0.00 | 0.00%
molecule_structure_property_492 | 0.00 | 0.00%
molecule_structure_property_493 | 0.00 | 0.00%
molecule_structure_property_494 | 0.00 | 0.00%
molecule_structure_property_495 | 0.00 | 0.00%
molecule_structure_property_496 | 0.00 | 0.00%
molecule_structure_property_497 | 0.00 | 0.00%
molecule_structure_property_498 | 0.00 | 0.00%
molecule_structure_property_499 | 0.00 | 0.00%
molecule_structure_property_500 | 0.00 | 0.00%
molecule_structure_property_501 | 0.00 | 0.00%
molecule_structure_property_502 | 0.00 | 0.00%
molecule_structure_property_503 | 0.00 | 0.00%
molecule_structure_property_504 | 0.00 | 0.00%
molecule_structure_property_505 | 0.00 | 0.00%
molecule_structure_property_506 | 0.00 | 0.00%
molecule_structure_property_507 | 0.00 | 0.00%
molecule_structure_property_508 | 0.00 | 0.00%
molecule_structure_property_509 | 0.00 | 0.00%
molecule_structure_property_510 | 0.00 | 0.00%
molecule_structure_property_511 | 0.00 | 0.00%
molecule_structure_property_512 | 0.00 | 0.00%
molecule_structure_property_513 | 0.00 | 0.00%
molecule_structure_property_514 | 0.00 | 0.00%
molecule_structure_property_515 | 0.00 | 0.00%
molecule_structure_property_516 | 0.00 | 0.00%
molecule_structure_property_517 | 0.00 | 0.00%
molecule_structure_property_518 | 0.00 | 0.00%
molecule_structure_property_519 | 0.00 | 0.00%
molecule_structure_property_520 | 0.00 | 0.00%
molecule_structure_property_521 | 0.00 | 0.00%
molecule_structure_property_522 | 0.00 | 0.00%
molecule_structure_property_523 | 0.00 | 0.00%
molecule_structure_property_524 | 0.00 | 0.00%
molecule_structure_property_525 | 0.00 | 0.00%
molecule_structure_property_526 | 0.00 | 0.00%
molecule_structure_property_527 | 0.00 | 0.00%
molecule_structure_property_528 | 0.00 | 0.00%
molecule_structure_property_529 | 0.00 | 0.00%
molecule_structure_property_530 | 0.00 | 0.00%
molecule_structure_property_531 | 0.00 | 0.00%
molecule_structure_property_532 | 0.00 | 0.00%
molecule_structure_property_533 | 0.00 | 0.00%
molecule_structure_property_534 | 0.00 | 0.00%
molecule_structure_property_535 | 0.00 | 0.00%
molecule_structure_property_536 | 0.00 | 0.00%
molecule_structure_property_537 | 0.00 | 0.00%
molecule_structure_property_538 | 0.00 | 0.00%
molecule_structure_property_539 | 0.00 | 0.00%
molecule_structure_property_540 | 0.00 | 0.00%
molecule_structure_property_541 | 0.00 | 0.00%
molecule_structure_property_542 | 0.00 | 0.00%
molecule_structure_property_543 | 0.00 | 0.00%
molecule_structure_property_544 | 0.00 | 0.00%
molecule_structure_property_545 | 0.00 | 0.00%
molecule_structure_property_546 | 0.00 | 0.00%
molecule_structure_property_547 | 0.00 | 0.00%
molecule_structure_property_548 | 0.00 | 0.00%
molecule_structure_property_549 | 0.00 | 0.00%
molecule_structure_property_550 | 0.00 | 0.00%
molecule_structure_property_551 | 0.00 | 0.00%
molecule_structure_property_552 | 0.00 | 0.00%
molecule_structure_property_553 | 0.00 | 0.00%
molecule_structure_property_554 | 0.00 | 0.00%
molecule_structure_property_555 | 0.00 | 0.00%
molecule_structure_property_556 | 0.00 | 0.00%
molecule_structure_property_557 | 0.00 | 0.00%
molecule_structure_property_558 | 0.00 | 0.00%
molecule_structure_property_559 | 0.00 | 0.00%
molecule_structure_property_560 | 0.00 | 0.00%
molecule_structure_property_561 | 0.00 | 0.00%
molecule_structure_property_562 | 0.00 | 0.00%
molecule_structure_property_563 | 0.00 | 0.00%
molecule_structure_property_564 | 0.00 | 0.00%
molecule_structure_property_565 | 0.00 | 0.00%
molecule_structure_property_566 | 0.00 | 0.00%
molecule_structure_property_567 | 0.00 | 0.00%
molecule_structure_property_568 | 0.00 | 0.00%
molecule_structure_property_569 | 0.00 | 0.00%
molecule_structure_property_570 | 0.00 | 0.00%
molecule_structure_property_571 | 0.00 | 0.00%
molecule_structure_property_572 | 0.00 | 0.00%
molecule_structure_property_573 | 0.00 | 0.00%
molecule_structure_property_574 | 0.00 | 0.00%
molecule_structure_property_575 | 0.00 | 0.00%
molecule_structure_property_576 | 0.00 | 0.00%
molecule_structure_property_577 | 0.00 | 0.00%
molecule_structure_property_578 | 0.00 | 0.00%
molecule_structure_property_579 | 0.00 | 0.00%
molecule_structure_property_580 | 0.00 | 0.00%
molecule_structure_property_581 | 0.00 | 0.00%
molecule_structure_property_582 | 0.00 | 0.00%
molecule_structure_property_583 | 0.00 | 0.00%
molecule_structure_property_584 | 0.00 | 0.00%
molecule_structure_property_585 | 0.00 | 0.00%
molecule_structure_property_586 | 0.00 | 0.00%
molecule_structure_property_587 | 0.00 | 0.00%
molecule_structure_property_588 | 0.00 | 0.00%
molecule_structure_property_589 | 0.00 | 0.00%
molecule_structure_property_590 | 0.00 | 0.00%
molecule_structure_property_591 | 0.00 | 0.00%
molecule_structure_property_592 | 0.00 | 0.00%
molecule_structure_property_593 | 0.00 | 0.00%
molecule_structure_property_594 | 0.00 | 0.00%
molecule_structure_property_595 | 0.00 | 0.00%
molecule_structure_property_596 | 0.00 | 0.00%
molecule_structure_property_597 | 0.00 | 0.00%
molecule_structure_property_598 | 0.00 | 0.00%
molecule_structure_property_599 | 0.00 | 0.00%
molecule_structure_property_600 | 0.00 | 0.00%
molecule_structure_property_601 | 0.00 | 0.00%
molecule_structure_property_602 | 0.00 | 0.00%
molecule_structure_property_603 | 0.00 | 0.00%
molecule_structure_property_604 | 0.00 | 0.00%
molecule_structure_property_605 | 0.00 | 0.00%
molecule_structure_property_606 | 0.00 | 0.00%
molecule_structure_property_607 | 0.00 | 0.00%
molecule_structure_property_608 | 0.00 | 0.00%
molecule_structure_property_609 | 0.00 | 0.00%
molecule_structure_property_610 | 0.00 | 0.00%
molecule_structure_property_611 | 0.00 | 0.00%
molecule_structure_property_612 | 0.00 | 0.00%
molecule_structure_property_613 | 0.00 | 0.00%
molecule_structure_property_614 | 0.00 | 0.00%
molecule_structure_property_615 | 0.00 | 0.00%
molecule_structure_property_616 | 0.00 | 0.00%
molecule_structure_property_617 | 0.00 | 0.00%
molecule_structure_property_618 | 0.00 | 0.00%
molecule_structure_property_619 | 0.00 | 0.00%
molecule_structure_property_620 | 0.00 | 0.00%
molecule_structure_property_621 | 0.00 | 0.00%
molecule_structure_property_622 | 0.00 | 0.00%
molecule_structure_property_623 | 0.00 | 0.00%
molecule_structure_property_624 | 0.00 | 0.00%
molecule_structure_property_625 | 0.00 | 0.00%
molecule_structure_property_626 | 0.00 | 0.00%
molecule_structure_property_627 | 0.00 | 0.00%
molecule_structure_property_628 | 0.00 | 0.00%
molecule_structure_property_629 | 0.00 | 0.00%
molecule_structure_property_630 | 0.00 | 0.00%
molecule_structure_property_631 | 0.00 | 0.00%
molecule_structure_property_632 | 0.00 | 0.00%
molecule_structure_property_633 | 0.00 | 0.00%
molecule_structure_property_634 | 0.00 | 0.00%
molecule_structure_property_635 | 0.00 | 0.00%
molecule_structure_property_636 | 0.00 | 0.00%
molecule_structure_property_637 | 0.00 | 0.00%
molecule_structure_property_638 | 0.00 | 0.00%
molecule_structure_property_639 | 0.00 | 0.00%
molecule_structure_property_640 | 0.00 | 0.00%
molecule_structure_property_641 | 0.00 | 0.00%
molecule_structure_property_642 | 0.00 | 0.00%
molecule_structure_property_643 | 0.00 | 0.00%
molecule_structure_property_644 | 0.00 | 0.00%
molecule_structure_property_645 | 0.00 | 0.00%
molecule_structure_property_646 | 0.00 | 0.00%
molecule_structure_property_647 | 0.00 | 0.00%
molecule_structure_property_648 | 0.00 | 0.00%
molecule_structure_property_649 | 0.00 | 0.00%
molecule_structure_property_650 | 0.00 | 0.00%
molecule_structure_property_651 | 0.00 | 0.00%
molecule_structure_property_652 | 0.00 | 0.00%
molecule_structure_property_653 | 0.00 | 0.00%
molecule_structure_property_654 | 0.00 | 0.00%
molecule_structure_property_655 | 0.00 | 0.00%
molecule_structure_property_656 | 0.00 | 0.00%
molecule_structure_property_657 | 0.00 | 0.00%
molecule_structure_property_658 | 0.00 | 0.00%
molecule_structure_property_659 | 0.00 | 0.00%
molecule_structure_property_660 | 0.00 | 0.00%
molecule_structure_property_661 | 0.00 | 0.00%
molecule_structure_property_662 | 0.00 | 0.00%
molecule_structure_property_663 | 0.00 | 0.00%
molecule_structure_property_664 | 0.00 | 0.00%
molecule_structure_property_665 | 0.00 | 0.00%
molecule_structure_property_666 | 0.00 | 0.00%
molecule_structure_property_667 | 0.00 | 0.00%
molecule_structure_property_668 | 0.00 | 0.00%
molecule_structure_property_669 | 0.00 | 0.00%
molecule_structure_property_670 | 0.00 | 0.00%
molecule_structure_property_671 | 0.00 | 0.00%
molecule_structure_property_672 | 0.00 | 0.00%
molecule_structure_property_673 | 0.00 | 0.00%
molecule_structure_property_674 | 0.00 | 0.00%
molecule_structure_property_675 | 0.00 | 0.00%
molecule_structure_property_676 | 0.00 | 0.00%
molecule_structure_property_677 | 0.00 | 0.00%
molecule_structure_property_678 | 0.00 | 0.00%
molecule_structure_property_679 | 0.00 | 0.00%
molecule_structure_property_680 | 0.00 | 0.00%
molecule_structure_property_681 | 0.00 | 0.00%
molecule_structure_property_682 | 0.00 | 0.00%
molecule_structure_property_683 | 0.00 | 0.00%
molecule_structure_property_684 | 0.00 | 0.00%
molecule_structure_property_685 | 0.00 | 0.00%
molecule_structure_property_686 | 0.00 | 0.00%
molecule_structure_property_687 | 0.00 | 0.00%
molecule_structure_property_688 | 0.00 | 0.00%
molecule_structure_property_689 | 0.00 | 0.00%
molecule_structure_property_690 | 0.00 | 0.00%
molecule_structure_property_691 | 0.00 | 0.00%
molecule_structure_property_692 | 0.00 | 0.00%
molecule_structure_property_693 | 0.00 | 0.00%
molecule_structure_property_694 | 0.00 | 0.00%
molecule_structure_property_695 | 0.00 | 0.00%
molecule_structure_property_696 | 0.00 | 0.00%
molecule_structure_property_697 | 0.00 | 0.00%
molecule_structure_property_698 | 0.00 | 0.00%
molecule_structure_property_699 | 0.00 | 0.00%
molecule_structure_property_700 | 0.00 | 0.00%
molecule_structure_property_701 | 0.00 | 0.00%
molecule_structure_property_702 | 0.00 | 0.00%
molecule_structure_property_703 | 0.00 | 0.00%
molecule_structure_property_704 | 0.00 | 0.00%
molecule_structure_property_705 | 0.00 | 0.00%
molecule_structure_property_706 | 0.00 | 0.00%
molecule_structure_property_707 | 0.00 | 0.00%
molecule_structure_property_708 | 0.00 | 0.00%
molecule_structure_property_709 | 0.00 | 0.00%
molecule_structure_property_710 | 0.00 | 0.00%
molecule_structure_property_711 | 0.00 | 0.00%
molecule_structure_property_712 | 0.00 | 0.00%
molecule_structure_property_713 | 0.00 | 0.00%
molecule_structure_property_714 | 0.00 | 0.00%
molecule_structure_property_715 | 0.00 | 0.00%
molecule_structure_property_716 | 0.00 | 0.00%
molecule_structure_property_717 | 0.00 | 0.00%
molecule_structure_property_718 | 0.00 | 0.00%
molecule_structure_property_719 | 0.00 | 0.00%
molecule_structure_property_720 | 0.00 | 0.00%
molecule_structure_property_721 | 0.00 | 0.00%
molecule_structure_property_722 | 0.00 | 0.00%
molecule_structure_property_723 | 0.00 | 0.00%
molecule_structure_property_724 | 0.00 | 0.00%
molecule_structure_property_725 | 0.00 | 0.00%
molecule_structure_property_726 | 0.00 | 0.00%
molecule_structure_property_727 | 0.00 | 0.00%
molecule_structure_property_728 | 0.00 | 0.00%
molecule_structure_property_729 | 0.00 | 0.00%
molecule_structure_property_730 | 0.00 | 0.00%
molecule_structure_property_731 | 0.00 | 0.00%
molecule_structure_property_732 | 0.00 | 0.00%
molecule_structure_property_733 | 0.00 | 0.00%
molecule_structure_property_734 | 0.00 | 0.00%
molecule_structure_property_735 | 0.00 | 0.00%
molecule_structure_property_736 | 0.00 | 0.00%
molecule_structure_property_737 | 0.00 | 0.00%
molecule_structure_property_738 | 0.00 | 0.00%
molecule_structure_property_739 | 0.00 | 0.00%
molecule_structure_property_740 | 0.00 | 0.00%
molecule_structure_property_741 | 0.00 | 0.00%
molecule_structure_property_742 | 0.00 | 0.00%
molecule_structure_property_743 | 0.00 | 0.00%
molecule_structure_property_744 | 0.00 | 0.00%
molecule_structure_property_745 | 0.00 | 0.00%
molecule_structure_property_746 | 0.00 | 0.00%
molecule_structure_property_747 | 0.00 | 0.00%
molecule_structure_property_748 | 0.00 | 0.00%
molecule_structure_property_749 | 0.00 | 0.00%
molecule_structure_property_750 | 0.00 | 0.00%
molecule_structure_property_751 | 0.00 | 0.00%
molecule_structure_property_752 | 0.00 | 0.00%
molecule_structure_property_753 | 0.00 | 0.00%
molecule_structure_property_754 | 0.00 | 0.00%
molecule_structure_property_755 | 0.00 | 0.00%
molecule_structure_property_756 | 0.00 | 0.00%
molecule_structure_property_757 | 0.00 | 0.00%
molecule_structure_property_758 | 0.00 | 0.00%
molecule_structure_property_759 | 0.00 | 0.00%
molecule_structure_property_760 | 0.00 | 0.00%
molecule_structure_property_761 | 0.00 | 0.00%
molecule_structure_property_762 | 0.00 | 0.00%
molecule_structure_property_763 | 0.00 | 0.00%
molecule_structure_property_764 | 0.00 | 0.00%
molecule_structure_property_765 | 0.00 | 0.00%
molecule_structure_property_766 | 0.00 | 0.00%
molecule_structure_property_767 | 0.00 | 0.00%
molecule_structure_property_768 | 0.00 | 0.00%
molecule_structure_property_769 | 0.00 | 0.00%
molecule_structure_property_770 | 0.00 | 0.00%
molecule_structure_property_771 | 0.00 | 0.00%
molecule_structure_property_772 | 0.00 | 0.00%
molecule_structure_property_773 | 0.00 | 0.00%
molecule_structure_property_774 | 0.00 | 0.00%
molecule_structure_property_775 | 0.00 | 0.00%
molecule_structure_property_776 | 0.00 | 0.00%
molecule_structure_property_777 | 0.00 | 0.00%
molecule_structure_property_778 | 0.00 | 0.00%
molecule_structure_property_779 | 0.00 | 0.00%
molecule_structure_property_780 | 0.00 | 0.00%
molecule_structure_property_781 | 0.00 | 0.00%
molecule_structure_property_782 | 0.00 | 0.00%
molecule_structure_property_783 | 0.00 | 0.00%
molecule_structure_property_784 | 0.00 | 0.00%
molecule_structure_property_785 | 0.00 | 0.00%
molecule_structure_property_786 | 0.00 | 0.00%
molecule_structure_property_787 | 0.00 | 0.00%
molecule_structure_property_788 | 0.00 | 0.00%
molecule_structure_property_789 | 0.00 | 0.00%
molecule_structure_property_790 | 0.00 | 0.00%
molecule_structure_property_791 | 0.00 | 0.00%
molecule_structure_property_792 | 0.00 | 0.00%
molecule_structure_property_793 | 0.00 | 0.00%
molecule_structure_property_794 | 0.00 | 0.00%
molecule_structure_property_795 | 0.00 | 0.00%
molecule_structure_property_796 | 0.00 | 0.00%
molecule_structure_property_797 | 0.00 | 0.00%
molecule_structure_property_798 | 0.00 | 0.00%
molecule_structure_property_799 | 0.00 | 0.00%
molecule_structure_property_800 | 0.00 | 0.00%
molecule_structure_property_801 | 0.00 | 0.00%
molecule_structure_property_802 | 0.00 | 0.00%
molecule_structure_property_803 | 0.00 | 0.00%
molecule_structure_property_804 | 0.00 | 0.00%
molecule_structure_property_805 | 0.00 | 0.00%
molecule_structure_property_806 | 0.00 | 0.00%
molecule_structure_property_807 | 0.00 | 0.00%
molecule_structure_property_808 | 0.00 | 0.00%
molecule_structure_property_809 | 0.00 | 0.00%
molecule_structure_property_810 | 0.00 | 0.00%
molecule_structure_property_811 | 0.00 | 0.00%
molecule_structure_property_812 | 0.00 | 0.00%
molecule_structure_property_813 | 0.00 | 0.00%
molecule_structure_property_814 | 0.00 | 0.00%
molecule_structure_property_815 | 0.00 | 0.00%
molecule_structure_property_816 | 0.00 | 0.00%
molecule_structure_property_817 | 0.00 | 0.00%
molecule_structure_property_818 | 0.00 | 0.00%
molecule_structure_property_819 | 0.00 | 0.00%
molecule_structure_property_820 | 0.00 | 0.00%
molecule_structure_property_821 | 0.00 | 0.00%
molecule_structure_property_822 | 0.00 | 0.00%
molecule_structure_property_823 | 0.00 | 0.00%
molecule_structure_property_824 | 0.00 | 0.00%
molecule_structure_property_825 | 0.00 | 0.00%
molecule_structure_property_826 | 0.00 | 0.00%
molecule_structure_property_827 | 0.00 | 0.00%
molecule_structure_property_828 | 0.00 | 0.00%
molecule_structure_property_829 | 0.00 | 0.00%
molecule_structure_property_830 | 0.00 | 0.00%
molecule_structure_property_831 | 0.00 | 0.00%
molecule_structure_property_832 | 0.00 | 0.00%
molecule_structure_property_833 | 0.00 | 0.00%
molecule_structure_property_834 | 0.00 | 0.00%
molecule_structure_property_835 | 0.00 | 0.00%
molecule_structure_property_836 | 0.00 | 0.00%
molecule_structure_property_837 | 0.00 | 0.00%
molecule_structure_property_838 | 0.00 | 0.00%
molecule_structure_property_839 | 0.00 | 0.00%
molecule_structure_property_840 | 0.00 | 0.00%
molecule_structure_property_841 | 0.00 | 0.00%
molecule_structure_property_842 | 0.00 | 0.00%
molecule_structure_property_843 | 0.00 | 0.00%
molecule_structure_property_844 | 0.00 | 0.00%
molecule_structure_property_845 | 0.00 | 0.00%
molecule_structure_property_846 | 0.00 | 0.00%
molecule_structure_property_847 | 0.00 | 0.00%
molecule_structure_property_848 | 0.00 | 0.00%
molecule_structure_property_849 | 0.00 | 0.00%
molecule_structure_property_850 | 0.00 | 0.00%
molecule_structure_property_851 | 0.00 | 0.00%
molecule_structure_property_852 | 0.00 | 0.00%
molecule_structure_property_853 | 0.00 | 0.00%
molecule_structure_property_854 | 0.00 | 0.00%
molecule_structure_property_855 | 0.00 | 0.00%
molecule_structure_property_856 | 0.00 | 0.00%
molecule_structure_property_857 | 0.00 | 0.00%
molecule_structure_property_858 | 0.00 | 0.00%
molecule_structure_property_859 | 0.00 | 0.00%
molecule_structure_property_860 | 0.00 | 0.00%
molecule_structure_property_861 | 0.00 | 0.00%
molecule_structure_property_862 | 0.00 | 0.00%
molecule_structure_property_863 | 0.00 | 0.00%
molecule_structure_property_864 | 0.00 | 0.00%
molecule_structure_property_865 | 0.00 | 0.00%
molecule_structure_property_866 | 0.00 | 0.00%
molecule_structure_property_867 | 0.00 | 0.00%
molecule_structure_property_868 | 0.00 | 0.00%
molecule_structure_property_869 | 0.00 | 0.00%
molecule_structure_property_870 | 0.00 | 0.00%
molecule_structure_property_871 | 0.00 | 0.00%
molecule_structure_property_872 | 0.00 | 0.00%
molecule_structure_property_873 | 0.00 | 0.00%
molecule_structure_property_874 | 0.00 | 0.00%
molecule_structure_property_875 | 0.00 | 0.00%
molecule_structure_property_876 | 0.00 | 0.00%
molecule_structure_property_877 | 0.00 | 0.00%
molecule_structure_property_878 | 0.00 | 0.00%
molecule_structure_property_879 | 0.00 | 0.00%
molecule_structure_property_880 | 0.00 | 0.00%
molecule_structure_property_881 | 0.00 | 0.00%
molecule_structure_property_882 | 0.00 | 0.00%
molecule_structure_property_883 | 0.00 | 0.00%
molecule_structure_property_884 | 0.00 | 0.00%
molecule_structure_property_885 | 0.00 | 0.00%
molecule_structure_property_886 | 0.00 | 0.00%
molecule_structure_property_887 | 0.00 | 0.00%
molecule_structure_property_888 | 0.00 | 0.00%
molecule_structure_property_889 | 0.00 | 0.00%
molecule_structure_property_890 | 0.00 | 0.00%
molecule_structure_property_891 | 0.00 | 0.00%
molecule_structure_property_892 | 0.00 | 0.00%
molecule_structure_property_893 | 0.00 | 0.00%
molecule_structure_property_894 | 0.00 | 0.00%
molecule_structure_property_895 | 0.00 | 0.00%
molecule_structure_property_896 | 0.00 | 0.00%
molecule_structure_property_897 | 0.00 | 0.00%
molecule_structure_property_898 | 0.00 | 0.00%
molecule_structure_property_899 | 0.00 | 0.00%
molecule_structure_property_900 | 0.00 | 0.00%
molecule_structure_property_901 | 0.00 | 0.00%
molecule_structure_property_902 | 0.00 | 0.00%
molecule_structure_property_903 | 0.00 | 0.00%
molecule_structure_property_904 | 0.00 | 0.00%
molecule_structure_property_905 | 0.00 | 0.00%
molecule_structure_property_906 | 0.00 | 0.00%
molecule_structure_property_907 | 0.00 | 0.00%
molecule_structure_property_908 | 0.00 | 0.00%
molecule_structure_property_909 | 0.00 | 0.00%
molecule_structure_property_910 | 0.00 | 0.00%
molecule_structure_property_911 | 0.00 | 0.00%
molecule_structure_property_912 | 0.00 | 0.00%
molecule_structure_property_913 | 0.00 | 0.00%
molecule_structure_property_914 | 0.00 | 0.00%
molecule_structure_property_915 | 0.00 | 0.00%
molecule_structure_property_916 | 0.00 | 0.00%
molecule_structure_property_917 | 0.00 | 0.00%
molecule_structure_property_918 | 0.00 | 0.00%
molecule_structure_property_919 | 0.00 | 0.00%
molecule_structure_property_920 | 0.00 | 0.00%
molecule_structure_property_921 | 0.00 | 0.00%
molecule_structure_property_922 | 0.00 | 0.00%
molecule_structure_property_923 | 0.00 | 0.00%
molecule_structure_property_924 | 0.00 | 0.00%
molecule_structure_property_925 | 0.00 | 0.00%
molecule_structure_property_926 | 0.00 | 0.00%
molecule_structure_property_927 | 0.00 | 0.00%
molecule_structure_property_928 | 0.00 | 0.00%
molecule_structure_property_929 | 0.00 | 0.00%
molecule_structure_property_930 | 0.00 | 0.00%
molecule_structure_property_931 | 0.00 | 0.00%
molecule_structure_property_932 | 0.00 | 0.00%
molecule_structure_property_933 | 0.00 | 0.00%
molecule_structure_property_934 | 0.00 | 0.00%
molecule_structure_property_935 | 0.00 | 0.00%
molecule_structure_property_936 | 0.00 | 0.00%
molecule_structure_property_937 | 0.00 | 0.00%
molecule_structure_property_938 | 0.00 | 0.00%
molecule_structure_property_939 | 0.00 | 0.00%
molecule_structure_property_940 | 0.00 | 0.00%
molecule_structure_property_941 | 0.00 | 0.00%
molecule_structure_property_942 | 0.00 | 0.00%
molecule_structure_property_944 | 0.00 | 0.00%
molecule_structure_property_945 | 0.00 | 0.00%
molecule_structure_property_946 | 0.00 | 0.00%
molecule_structure_property_947 | 0.00 | 0.00%
molecule_structure_property_948 | 0.00 | 0.00%
molecule_structure_property_949 | 0.00 | 0.00%
molecule_structure_property_950 | 0.00 | 0.00%
molecule_structure_property_951 | 0.00 | 0.00%
molecule_structure_property_952 | 0.00 | 0.00%
molecule_structure_property_953 | 0.00 | 0.00%
molecule_structure_property_954 | 0.00 | 0.00%
molecule_structure_property_955 | 0.00 | 0.00%
molecule_structure_property_956 | 0.00 | 0.00%
molecule_structure_property_957 | 0.00 | 0.00%
molecule_structure_property_958 | 0.00 | 0.00%
molecule_structure_property_959 | 0.00 | 0.00%
molecule_structure_property_960 | 0.00 | 0.00%
molecule_structure_property_961 | 0.00 | 0.00%
molecule_structure_property_962 | 0.00 | 0.00%
molecule_structure_property_963 | 0.00 | 0.00%
molecule_structure_property_964 | 0.00 | 0.00%
molecule_structure_property_965 | 0.00 | 0.00%
molecule_structure_property_966 | 0.00 | 0.00%
molecule_structure_property_967 | 0.00 | 0.00%
molecule_structure_property_968 | 0.00 | 0.00%
molecule_structure_property_969 | 0.00 | 0.00%
molecule_structure_property_970 | 0.00 | 0.00%
molecule_structure_property_971 | 0.00 | 0.00%
molecule_structure_property_972 | 0.00 | 0.00%
molecule_structure_property_974 | 0.00 | 0.00%
molecule_structure_property_975 | 0.00 | 0.00%
molecule_structure_property_976 | 0.00 | 0.00%
molecule_structure_property_977 | 0.00 | 0.00%
molecule_structure_property_978 | 0.00 | 0.00%
molecule_structure_property_979 | 0.00 | 0.00%
molecule_structure_property_980 | 0.00 | 0.00%
molecule_structure_property_981 | 0.00 | 0.00%
molecule_structure_property_982 | 0.00 | 0.00%
molecule_structure_property_983 | 0.00 | 0.00%
molecule_structure_property_984 | 0.00 | 0.00%
molecule_structure_property_985 | 0.00 | 0.00%
molecule_structure_property_986 | 0.00 | 0.00%
molecule_structure_property_987 | 0.00 | 0.00%
molecule_structure_property_988 | 0.00 | 0.00%
molecule_structure_property_989 | 0.00 | 0.00%
molecule_structure_property_990 | 0.00 | 0.00%
molecule_structure_property_991 | 0.00 | 0.00%
molecule_structure_property_992 | 0.00 | 0.00%
molecule_structure_property_993 | 0.00 | 0.00%
molecule_structure_property_994 | 0.00 | 0.00%
molecule_structure_property_995 | 0.00 | 0.00%
molecule_structure_property_996 | 0.00 | 0.00%
molecule_structure_property_997 | 0.00 | 0.00%
molecule_structure_property_998 | 0.00 | 0.00%
molecule_structure_property_999 | 0.00 | 0.00%
molecule_structure_property_1000 | 0.00 | 0.00%
molecule_structure_property_1001 | 0.00 | 0.00%
molecule_structure_property_1002 | 0.00 | 0.00%
molecule_structure_property_1003 | 0.00 | 0.00%
molecule_structure_property_1004 | 0.00 | 0.00%
molecule_structure_property_1005 | 0.00 | 0.00%
molecule_structure_property_1006 | 0.00 | 0.00%
molecule_structure_property_1007 | 0.00 | 0.00%
molecule_structure_property_1008 | 0.00 | 0.00%
molecule_structure_property_1009 | 0.00 | 0.00%
molecule_structure_property_1010 | 0.00 | 0.00%
molecule_structure_property_1011 | 0.00 | 0.00%
molecule_structure_property_1012 | 0.00 | 0.00%
molecule_structure_property_1013 | 0.00 | 0.00%
molecule_structure_property_1014 | 0.00 | 0.00%
molecule_structure_property_1015 | 0.00 | 0.00%
molecule_structure_property_1016 | 0.00 | 0.00%
molecule_structure_property_1017 | 0.00 | 0.00%
molecule_structure_property_1018 | 0.00 | 0.00%
molecule_structure_property_1019 | 0.00 | 0.00%
molecule_structure_property_1020 | 0.00 | 0.00%
molecule_structure_property_1021 | 0.00 | 0.00%
molecule_structure_property_1022 | 0.00 | 0.00%
molecule_structure_property_1023 | 0.00 | 0.00%
molecule_structure_property_1024 | 0.00 | 0.00%
molecule_structure_property_1025 | 0.00 | 0.00%
molecule_structure_property_1026 | 0.00 | 0.00%
molecule_structure_property_1027 | 0.00 | 0.00%
molecule_structure_property_1028 | 0.00 | 0.00%
molecule_structure_property_1029 | 0.00 | 0.00%
molecule_structure_property_1030 | 0.00 | 0.00%
molecule_structure_property_1031 | 0.00 | 0.00%
molecule_structure_property_1032 | 0.00 | 0.00%
molecule_structure_property_1033 | 0.00 | 0.00%
molecule_structure_property_1034 | 0.00 | 0.00%
molecule_structure_property_1035 | 0.00 | 0.00%
molecule_structure_property_1036 | 0.00 | 0.00%
molecule_structure_property_1037 | 0.00 | 0.00%
molecule_structure_property_1038 | 0.00 | 0.00%
molecule_structure_property_1039 | 0.00 | 0.00%
molecule_structure_property_1040 | 0.00 | 0.00%
molecule_structure_property_1041 | 0.00 | 0.00%
molecule_structure_property_1042 | 0.00 | 0.00%
molecule_structure_property_1043 | 0.00 | 0.00%
molecule_structure_property_1044 | 0.00 | 0.00%
molecule_structure_property_1045 | 0.00 | 0.00%
molecule_structure_property_1046 | 0.00 | 0.00%
molecule_structure_property_1047 | 0.00 | 0.00%
molecule_structure_property_1048 | 0.00 | 0.00%
molecule_structure_property_1049 | 0.00 | 0.00%
molecule_structure_property_1050 | 0.00 | 0.00%
molecule_structure_property_1051 | 0.00 | 0.00%
molecule_structure_property_1052 | 0.00 | 0.00%
molecule_structure_property_1053 | 0.00 | 0.00%
molecule_structure_property_1054 | 0.00 | 0.00%
molecule_structure_property_1055 | 0.00 | 0.00%
molecule_structure_property_1056 | 0.00 | 0.00%
molecule_structure_property_1057 | 0.00 | 0.00%
molecule_structure_property_1058 | 0.00 | 0.00%
molecule_structure_property_1059 | 0.00 | 0.00%
molecule_structure_property_1060 | 0.00 | 0.00%
molecule_structure_property_1061 | 0.00 | 0.00%
molecule_structure_property_1062 | 0.00 | 0.00%
molecule_structure_property_1063 | 0.00 | 0.00%
molecule_structure_property_1064 | 0.00 | 0.00%
molecule_structure_property_1065 | 0.00 | 0.00%
molecule_structure_property_1066 | 0.00 | 0.00%
molecule_structure_property_1067 | 0.00 | 0.00%
molecule_structure_property_1068 | 0.00 | 0.00%
molecule_structure_property_1069 | 0.00 | 0.00%
molecule_structure_property_1070 | 0.00 | 0.00%
molecule_structure_property_1071 | 0.00 | 0.00%
molecule_structure_property_1072 | 0.00 | 0.00%
molecule_structure_property_1073 | 0.00 | 0.00%
molecule_structure_property_1074 | 0.00 | 0.00%
molecule_structure_property_1075 | 0.00 | 0.00%
molecule_structure_property_1076 | 0.00 | 0.00%
molecule_structure_property_1077 | 0.00 | 0.00%
molecule_structure_property_1078 | 0.00 | 0.00%
molecule_structure_property_1079 | 0.00 | 0.00%
molecule_structure_property_1080 | 0.00 | 0.00%
molecule_structure_property_1081 | 0.00 | 0.00%
molecule_structure_property_1082 | 0.00 | 0.00%
molecule_structure_property_1083 | 0.00 | 0.00%
molecule_structure_property_1084 | 0.00 | 0.00%
molecule_structure_property_1085 | 0.00 | 0.00%
molecule_structure_property_1086 | 0.00 | 0.00%
molecule_structure_property_1087 | 0.00 | 0.00%
molecule_structure_property_1088 | 0.00 | 0.00%
molecule_structure_property_1089 | 0.00 | 0.00%
molecule_structure_property_1090 | 0.00 | 0.00%
molecule_structure_property_1091 | 0.00 | 0.00%
molecule_structure_property_1092 | 0.00 | 0.00%
molecule_structure_property_1093 | 0.00 | 0.00%
molecule_structure_property_1094 | 0.00 | 0.00%
molecule_structure_property_1095 | 0.00 | 0.00%
molecule_structure_property_1096 | 0.00 | 0.00%
molecule_structure_property_1097 | 0.00 | 0.00%
molecule_structure_property_1098 | 0.00 | 0.00%
molecule_structure_property_1099 | 0.00 | 0.00%
molecule_structure_property_1100 | 0.00 | 0.00%
molecule_structure_property_1101 | 0.00 | 0.00%
molecule_structure_property_1102 | 0.00 | 0.00%
molecule_structure_property_1103 | 0.00 | 0.00%
molecule_structure_property_1104 | 0.00 | 0.00%
molecule_structure_property_1105 | 0.00 | 0.00%
molecule_structure_property_1106 | 0.00 | 0.00%
molecule_structure_property_1107 | 0.00 | 0.00%
molecule_structure_property_1108 | 0.00 | 0.00%
molecule_structure_property_1109 | 0.00 | 0.00%
molecule_structure_property_1110 | 0.00 | 0.00%
molecule_structure_property_1111 | 0.00 | 0.00%
molecule_structure_property_1112 | 0.00 | 0.00%
molecule_structure_property_1113 | 0.00 | 0.00%
molecule_structure_property_1114 | 0.00 | 0.00%
molecule_structure_property_1115 | 0.00 | 0.00%
molecule_structure_property_1116 | 0.00 | 0.00%
molecule_structure_property_1117 | 0.00 | 0.00%
molecule_structure_property_1118 | 0.00 | 0.00%
molecule_structure_property_1119 | 0.00 | 0.00%
molecule_structure_property_1120 | 0.00 | 0.00%
molecule_structure_property_1121 | 0.00 | 0.00%
molecule_structure_property_1122 | 0.00 | 0.00%
molecule_structure_property_1123 | 0.00 | 0.00%
molecule_structure_property_1124 | 0.00 | 0.00%
molecule_structure_property_1125 | 0.00 | 0.00%
molecule_structure_property_1126 | 0.00 | 0.00%
molecule_structure_property_1127 | 0.00 | 0.00%
molecule_structure_property_1128 | 0.00 | 0.00%
molecule_structure_property_1129 | 0.00 | 0.00%
molecule_structure_property_1130 | 0.00 | 0.00%
molecule_structure_property_1131 | 0.00 | 0.00%
molecule_structure_property_1132 | 0.00 | 0.00%
molecule_structure_property_1133 | 0.00 | 0.00%
molecule_structure_property_1134 | 0.00 | 0.00%
molecule_structure_property_1135 | 0.00 | 0.00%
molecule_structure_property_1136 | 0.00 | 0.00%
molecule_structure_property_1137 | 0.00 | 0.00%
molecule_structure_property_1138 | 0.00 | 0.00%
molecule_structure_property_1139 | 0.00 | 0.00%
molecule_structure_property_1140 | 0.00 | 0.00%
molecule_structure_property_1141 | 0.00 | 0.00%
molecule_structure_property_1142 | 0.00 | 0.00%
molecule_structure_property_1143 | 0.00 | 0.00%
molecule_structure_property_1144 | 0.00 | 0.00%
molecule_structure_property_1145 | 0.00 | 0.00%
molecule_structure_property_1146 | 0.00 | 0.00%
molecule_structure_property_1147 | 0.00 | 0.00%
molecule_structure_property_1148 | 0.00 | 0.00%
molecule_structure_property_1149 | 0.00 | 0.00%
molecule_structure_property_1150 | 0.00 | 0.00%
molecule_structure_property_1151 | 0.00 | 0.00%
molecule_structure_property_1152 | 0.00 | 0.00%
molecule_structure_property_1153 | 0.00 | 0.00%
molecule_structure_property_1154 | 0.00 | 0.00%
molecule_structure_property_1156 | 0.00 | 0.00%
molecule_structure_property_1157 | 0.00 | 0.00%
molecule_structure_property_1158 | 0.00 | 0.00%
molecule_structure_property_1159 | 0.00 | 0.00%
molecule_structure_property_1160 | 0.00 | 0.00%
molecule_structure_property_1161 | 0.00 | 0.00%
molecule_structure_property_1162 | 0.00 | 0.00%
molecule_structure_property_1163 | 0.00 | 0.00%
molecule_structure_property_1164 | 0.00 | 0.00%
molecule_structure_property_1165 | 0.00 | 0.00%
molecule_structure_property_1166 | 0.00 | 0.00%
molecule_structure_property_1167 | 0.00 | 0.00%
molecule_structure_property_1169 | 0.00 | 0.00%
molecule_structure_property_1170 | 0.00 | 0.00%
molecule_structure_property_1171 | 0.00 | 0.00%
molecule_structure_property_1172 | 0.00 | 0.00%
molecule_structure_property_1173 | 0.00 | 0.00%
molecule_structure_property_1174 | 0.00 | 0.00%
molecule_structure_property_1175 | 0.00 | 0.00%
molecule_structure_property_1176 | 0.00 | 0.00%
molecule_structure_property_1177 | 0.00 | 0.00%
molecule_structure_property_1178 | 0.00 | 0.00%
molecule_structure_property_1179 | 0.00 | 0.00%
molecule_structure_property_1180 | 0.00 | 0.00%
molecule_structure_property_1181 | 0.00 | 0.00%
molecule_structure_property_1182 | 0.00 | 0.00%
molecule_structure_property_1183 | 0.00 | 0.00%
molecule_structure_property_1184 | 0.00 | 0.00%
molecule_structure_property_1185 | 0.00 | 0.00%
molecule_structure_property_1186 | 0.00 | 0.00%
molecule_structure_property_1187 | 0.00 | 0.00%
molecule_structure_property_1188 | 0.00 | 0.00%
molecule_structure_property_1189 | 0.00 | 0.00%
molecule_structure_property_1190 | 0.00 | 0.00%
molecule_structure_property_1191 | 0.00 | 0.00%
molecule_structure_property_1192 | 0.00 | 0.00%
molecule_structure_property_1193 | 0.00 | 0.00%
molecule_structure_property_1194 | 0.00 | 0.00%
molecule_structure_property_1195 | 0.00 | 0.00%
molecule_structure_property_1196 | 0.00 | 0.00%
molecule_structure_property_1197 | 0.00 | 0.00%
molecule_structure_property_1198 | 0.00 | 0.00%
molecule_structure_property_1199 | 0.00 | 0.00%
molecule_structure_property_1200 | 0.00 | 0.00%
molecule_structure_property_1201 | 0.00 | 0.00%
molecule_structure_property_1202 | 0.00 | 0.00%
molecule_structure_property_1203 | 0.00 | 0.00%
molecule_structure_property_1204 | 0.00 | 0.00%
molecule_structure_property_1205 | 0.00 | 0.00%
molecule_structure_property_1206 | 0.00 | 0.00%
molecule_structure_property_1207 | 0.00 | 0.00%
molecule_structure_property_1208 | 0.00 | 0.00%
molecule_structure_property_1209 | 0.00 | 0.00%
molecule_structure_property_1210 | 0.00 | 0.00%
molecule_structure_property_1211 | 0.00 | 0.00%
molecule_structure_property_1212 | 0.00 | 0.00%
molecule_structure_property_1213 | 0.00 | 0.00%
molecule_structure_property_1214 | 0.00 | 0.00%
molecule_structure_property_1215 | 0.00 | 0.00%
molecule_structure_property_1216 | 0.00 | 0.00%
molecule_structure_property_1217 | 0.00 | 0.00%
molecule_structure_property_1218 | 0.00 | 0.00%
molecule_structure_property_1219 | 0.00 | 0.00%
molecule_structure_property_1220 | 0.00 | 0.00%
molecule_structure_property_1221 | 0.00 | 0.00%
molecule_structure_property_1222 | 0.00 | 0.00%
molecule_structure_property_1223 | 0.00 | 0.00%
molecule_structure_property_1224 | 0.00 | 0.00%
molecule_structure_property_1225 | 0.00 | 0.00%
molecule_structure_property_1226 | 0.00 | 0.00%
molecule_structure_property_1227 | 0.00 | 0.00%
molecule_structure_property_1228 | 0.00 | 0.00%
molecule_structure_property_1229 | 0.00 | 0.00%
molecule_structure_property_1230 | 0.00 | 0.00%
molecule_structure_property_1231 | 0.00 | 0.00%
molecule_structure_property_1232 | 0.00 | 0.00%
molecule_structure_property_1233 | 0.00 | 0.00%
molecule_structure_property_1234 | 0.00 | 0.00%
molecule_structure_property_1235 | 0.00 | 0.00%
molecule_structure_property_1236 | 0.00 | 0.00%
molecule_structure_property_1237 | 0.00 | 0.00%
molecule_structure_property_1238 | 0.00 | 0.00%
molecule_structure_property_1239 | 0.00 | 0.00%
molecule_structure_property_1240 | 0.00 | 0.00%
molecule_structure_property_1241 | 0.00 | 0.00%
molecule_structure_property_1242 | 0.00 | 0.00%
molecule_structure_property_1243 | 0.00 | 0.00%
molecule_structure_property_1244 | 0.00 | 0.00%
molecule_structure_property_1245 | 0.00 | 0.00%
molecule_structure_property_1246 | 0.00 | 0.00%
molecule_structure_property_1247 | 0.00 | 0.00%
molecule_structure_property_1248 | 0.00 | 0.00%
molecule_structure_property_1249 | 0.00 | 0.00%
molecule_structure_property_1250 | 0.00 | 0.00%
molecule_structure_property_1251 | 0.00 | 0.00%
molecule_structure_property_1252 | 0.00 | 0.00%
molecule_structure_property_1253 | 0.00 | 0.00%
molecule_structure_property_1254 | 0.00 | 0.00%
molecule_structure_property_1255 | 0.00 | 0.00%
molecule_structure_property_1256 | 0.00 | 0.00%
molecule_structure_property_1257 | 0.00 | 0.00%
molecule_structure_property_1258 | 0.00 | 0.00%
molecule_structure_property_1259 | 0.00 | 0.00%
molecule_structure_property_1260 | 0.00 | 0.00%
molecule_structure_property_1261 | 0.00 | 0.00%
molecule_structure_property_1262 | 0.00 | 0.00%
molecule_structure_property_1263 | 0.00 | 0.00%
molecule_structure_property_1264 | 0.00 | 0.00%
molecule_structure_property_1265 | 0.00 | 0.00%
molecule_structure_property_1266 | 0.00 | 0.00%
molecule_structure_property_1267 | 0.00 | 0.00%
molecule_structure_property_1268 | 0.00 | 0.00%
molecule_structure_property_1269 | 0.00 | 0.00%
molecule_structure_property_1270 | 0.00 | 0.00%
molecule_structure_property_1271 | 0.00 | 0.00%
molecule_structure_property_1272 | 0.00 | 0.00%
molecule_structure_property_1273 | 0.00 | 0.00%
molecule_structure_property_1274 | 0.00 | 0.00%
molecule_structure_property_1275 | 0.00 | 0.00%
molecule_structure_property_1276 | 0.00 | 0.00%
molecule_structure_property_1277 | 0.00 | 0.00%
molecule_structure_property_1278 | 0.00 | 0.00%
molecule_structure_property_1279 | 0.00 | 0.00%
molecule_structure_property_1280 | 0.00 | 0.00%
molecule_structure_property_1281 | 0.00 | 0.00%
molecule_structure_property_1282 | 0.00 | 0.00%
molecule_structure_property_1283 | 0.00 | 0.00%
molecule_structure_property_1284 | 0.00 | 0.00%
molecule_structure_property_1285 | 0.00 | 0.00%
molecule_structure_property_1286 | 0.00 | 0.00%
molecule_structure_property_1287 | 0.00 | 0.00%
molecule_structure_property_1288 | 0.00 | 0.00%
molecule_structure_property_1289 | 0.00 | 0.00%
molecule_structure_property_1290 | 0.00 | 0.00%
molecule_structure_property_1291 | 0.00 | 0.00%
molecule_structure_property_1292 | 0.00 | 0.00%
molecule_structure_property_1293 | 0.00 | 0.00%
molecule_structure_property_1294 | 0.00 | 0.00%
molecule_structure_property_1295 | 0.00 | 0.00%
molecule_structure_property_1296 | 0.00 | 0.00%
molecule_structure_property_1297 | 0.00 | 0.00%
molecule_structure_property_1298 | 0.00 | 0.00%
molecule_structure_property_1299 | 0.00 | 0.00%
molecule_structure_property_1300 | 0.00 | 0.00%
molecule_structure_property_1301 | 0.00 | 0.00%
molecule_structure_property_1302 | 0.00 | 0.00%
molecule_structure_property_1303 | 0.00 | 0.00%
molecule_structure_property_1304 | 0.00 | 0.00%
molecule_structure_property_1305 | 0.00 | 0.00%
molecule_structure_property_1306 | 0.00 | 0.00%
molecule_structure_property_1307 | 0.00 | 0.00%
molecule_structure_property_1308 | 0.00 | 0.00%
molecule_structure_property_1309 | 0.00 | 0.00%
molecule_structure_property_1310 | 0.00 | 0.00%
molecule_structure_property_1311 | 0.00 | 0.00%
molecule_structure_property_1312 | 0.00 | 0.00%
molecule_structure_property_1313 | 0.00 | 0.00%
molecule_structure_property_1314 | 0.00 | 0.00%
molecule_structure_property_1315 | 0.00 | 0.00%
molecule_structure_property_1316 | 0.00 | 0.00%
molecule_structure_property_1317 | 0.00 | 0.00%
molecule_structure_property_1318 | 0.00 | 0.00%
molecule_structure_property_1319 | 0.00 | 0.00%
molecule_structure_property_1320 | 0.00 | 0.00%
molecule_structure_property_1321 | 0.00 | 0.00%
molecule_structure_property_1322 | 0.00 | 0.00%
molecule_structure_property_1323 | 0.00 | 0.00%
molecule_structure_property_1324 | 0.00 | 0.00%
molecule_structure_property_1325 | 0.00 | 0.00%
molecule_structure_property_1326 | 0.00 | 0.00%
molecule_structure_property_1327 | 0.00 | 0.00%
molecule_structure_property_1328 | 0.00 | 0.00%
molecule_structure_property_1329 | 0.00 | 0.00%
molecule_structure_property_1330 | 0.00 | 0.00%
molecule_structure_property_1331 | 0.00 | 0.00%
molecule_structure_property_1332 | 0.00 | 0.00%
molecule_structure_property_1333 | 0.00 | 0.00%
molecule_structure_property_1334 | 0.00 | 0.00%
molecule_structure_property_1335 | 0.00 | 0.00%
molecule_structure_property_1336 | 0.00 | 0.00%
molecule_structure_property_1337 | 0.00 | 0.00%
molecule_structure_property_1338 | 0.00 | 0.00%
molecule_structure_property_1339 | 0.00 | 0.00%
molecule_structure_property_1340 | 0.00 | 0.00%
molecule_structure_property_1341 | 0.00 | 0.00%
molecule_structure_property_1342 | 0.00 | 0.00%
molecule_structure_property_1343 | 0.00 | 0.00%
molecule_structure_property_1344 | 0.00 | 0.00%
molecule_structure_property_1345 | 0.00 | 0.00%
molecule_structure_property_1346 | 0.00 | 0.00%
molecule_structure_property_1347 | 0.00 | 0.00%
molecule_structure_property_1348 | 0.00 | 0.00%
molecule_structure_property_1349 | 0.00 | 0.00%
molecule_structure_property_1350 | 0.00 | 0.00%
molecule_structure_property_1351 | 0.00 | 0.00%
molecule_structure_property_1352 | 0.00 | 0.00%
molecule_structure_property_1353 | 0.00 | 0.00%
molecule_structure_property_1354 | 0.00 | 0.00%
molecule_structure_property_1355 | 0.00 | 0.00%
molecule_structure_property_1356 | 0.00 | 0.00%
molecule_structure_property_1357 | 0.00 | 0.00%
molecule_structure_property_1358 | 0.00 | 0.00%
molecule_structure_property_1359 | 0.00 | 0.00%
molecule_structure_property_1360 | 0.00 | 0.00%
molecule_structure_property_1361 | 0.00 | 0.00%
molecule_structure_property_1362 | 0.00 | 0.00%
molecule_structure_property_1363 | 0.00 | 0.00%
molecule_structure_property_1364 | 0.00 | 0.00%
molecule_structure_property_1365 | 0.00 | 0.00%
molecule_structure_property_1366 | 0.00 | 0.00%
molecule_structure_property_1367 | 0.00 | 0.00%
molecule_structure_property_1368 | 0.00 | 0.00%
molecule_structure_property_1369 | 0.00 | 0.00%
molecule_structure_property_1370 | 0.00 | 0.00%
molecule_structure_property_1371 | 0.00 | 0.00%
molecule_structure_property_1372 | 0.00 | 0.00%
molecule_structure_property_1373 | 0.00 | 0.00%
molecule_structure_property_1374 | 0.00 | 0.00%
molecule_structure_property_1375 | 0.00 | 0.00%
molecule_structure_property_1376 | 0.00 | 0.00%
molecule_structure_property_1377 | 0.00 | 0.00%
molecule_structure_property_1378 | 0.00 | 0.00%
molecule_structure_property_1379 | 0.00 | 0.00%
molecule_structure_property_1380 | 0.00 | 0.00%
molecule_structure_property_1381 | 0.00 | 0.00%
molecule_structure_property_1382 | 0.00 | 0.00%
molecule_structure_property_1383 | 0.00 | 0.00%
molecule_structure_property_1384 | 0.00 | 0.00%
molecule_structure_property_1385 | 0.00 | 0.00%
molecule_structure_property_1386 | 0.00 | 0.00%
molecule_structure_property_1387 | 0.00 | 0.00%
molecule_structure_property_1388 | 0.00 | 0.00%
molecule_structure_property_1389 | 0.00 | 0.00%
molecule_structure_property_1390 | 0.00 | 0.00%
molecule_structure_property_1391 | 0.00 | 0.00%
molecule_structure_property_1392 | 0.00 | 0.00%
molecule_structure_property_1393 | 0.00 | 0.00%
molecule_structure_property_1394 | 0.00 | 0.00%
molecule_structure_property_1395 | 0.00 | 0.00%
molecule_structure_property_1396 | 0.00 | 0.00%
molecule_structure_property_1397 | 0.00 | 0.00%
molecule_structure_property_1398 | 0.00 | 0.00%
molecule_structure_property_1399 | 0.00 | 0.00%
molecule_structure_property_1400 | 0.00 | 0.00%
molecule_structure_property_1401 | 0.00 | 0.00%
molecule_structure_property_1402 | 0.00 | 0.00%
molecule_structure_property_1403 | 0.00 | 0.00%
molecule_structure_property_1404 | 0.00 | 0.00%
molecule_structure_property_1405 | 0.00 | 0.00%
molecule_structure_property_1406 | 0.00 | 0.00%
molecule_structure_property_1407 | 0.00 | 0.00%
molecule_structure_property_1408 | 0.00 | 0.00%
molecule_structure_property_1409 | 0.00 | 0.00%
molecule_structure_property_1410 | 0.00 | 0.00%
molecule_structure_property_1411 | 0.00 | 0.00%
molecule_structure_property_1412 | 0.00 | 0.00%
molecule_structure_property_1413 | 0.00 | 0.00%
molecule_structure_property_1414 | 0.00 | 0.00%
molecule_structure_property_1415 | 0.00 | 0.00%
molecule_structure_property_1416 | 0.00 | 0.00%
molecule_structure_property_1417 | 0.00 | 0.00%
molecule_structure_property_1418 | 0.00 | 0.00%
molecule_structure_property_1419 | 0.00 | 0.00%
molecule_structure_property_1420 | 0.00 | 0.00%
molecule_structure_property_1421 | 0.00 | 0.00%
molecule_structure_property_1422 | 0.00 | 0.00%
molecule_structure_property_1423 | 0.00 | 0.00%
molecule_structure_property_1424 | 0.00 | 0.00%
molecule_structure_property_1425 | 0.00 | 0.00%
molecule_structure_property_1426 | 0.00 | 0.00%
molecule_structure_property_1427 | 0.00 | 0.00%
molecule_structure_property_1428 | 0.00 | 0.00%
molecule_structure_property_1429 | 0.00 | 0.00%
molecule_structure_property_1430 | 0.00 | 0.00%
molecule_structure_property_1431 | 0.00 | 0.00%
molecule_structure_property_1432 | 0.00 | 0.00%
molecule_structure_property_1433 | 0.00 | 0.00%
molecule_structure_property_1434 | 0.00 | 0.00%
molecule_structure_property_1435 | 0.00 | 0.00%
molecule_structure_property_1436 | 0.00 | 0.00%
molecule_structure_property_1437 | 0.00 | 0.00%
molecule_structure_property_1438 | 0.00 | 0.00%
molecule_structure_property_1439 | 0.00 | 0.00%
molecule_structure_property_1440 | 0.00 | 0.00%
molecule_structure_property_1441 | 0.00 | 0.00%
molecule_structure_property_1442 | 0.00 | 0.00%
molecule_structure_property_1443 | 0.00 | 0.00%
molecule_structure_property_1444 | 0.00 | 0.00%
molecule_structure_property_1445 | 0.00 | 0.00%
molecule_structure_property_1446 | 0.00 | 0.00%
molecule_structure_property_1447 | 0.00 | 0.00%
molecule_structure_property_1448 | 0.00 | 0.00%
molecule_structure_property_1449 | 0.00 | 0.00%
molecule_structure_property_1450 | 0.00 | 0.00%
molecule_structure_property_1451 | 0.00 | 0.00%
molecule_structure_property_1452 | 0.00 | 0.00%
molecule_structure_property_1453 | 0.00 | 0.00%
molecule_structure_property_1454 | 0.00 | 0.00%
molecule_structure_property_1455 | 0.00 | 0.00%
molecule_structure_property_1456 | 0.00 | 0.00%
molecule_structure_property_1457 | 0.00 | 0.00%
molecule_structure_property_1458 | 0.00 | 0.00%
molecule_structure_property_1460 | 0.00 | 0.00%
molecule_structure_property_1461 | 0.00 | 0.00%
molecule_structure_property_1462 | 0.00 | 0.00%
molecule_structure_property_1463 | 0.00 | 0.00%
molecule_structure_property_1464 | 0.00 | 0.00%
molecule_structure_property_1465 | 0.00 | 0.00%
molecule_structure_property_1466 | 0.00 | 0.00%
molecule_structure_property_1467 | 0.00 | 0.00%
molecule_structure_property_1468 | 0.00 | 0.00%
molecule_structure_property_1469 | 0.00 | 0.00%
molecule_structure_property_1470 | 0.00 | 0.00%
molecule_structure_property_1471 | 0.00 | 0.00%
molecule_structure_property_1472 | 0.00 | 0.00%
molecule_structure_property_1473 | 0.00 | 0.00%
molecule_structure_property_1474 | 0.00 | 0.00%
molecule_structure_property_1475 | 0.00 | 0.00%
molecule_structure_property_1476 | 0.00 | 0.00%
molecule_structure_property_1477 | 0.00 | 0.00%
molecule_structure_property_1478 | 0.00 | 0.00%
molecule_structure_property_1479 | 0.00 | 0.00%
molecule_structure_property_1480 | 0.00 | 0.00%
molecule_structure_property_1481 | 0.00 | 0.00%
molecule_structure_property_1482 | 0.00 | 0.00%
molecule_structure_property_1483 | 0.00 | 0.00%
molecule_structure_property_1484 | 0.00 | 0.00%
molecule_structure_property_1485 | 0.00 | 0.00%
molecule_structure_property_1486 | 0.00 | 0.00%
molecule_structure_property_1487 | 0.00 | 0.00%
molecule_structure_property_1488 | 0.00 | 0.00%
molecule_structure_property_1489 | 0.00 | 0.00%
molecule_structure_property_1490 | 0.00 | 0.00%
molecule_structure_property_1491 | 0.00 | 0.00%
molecule_structure_property_1492 | 0.00 | 0.00%
molecule_structure_property_1493 | 0.00 | 0.00%
molecule_structure_property_1494 | 0.00 | 0.00%
molecule_structure_property_1495 | 0.00 | 0.00%
molecule_structure_property_1496 | 0.00 | 0.00%
molecule_structure_property_1497 | 0.00 | 0.00%
molecule_structure_property_1498 | 0.00 | 0.00%
molecule_structure_property_1499 | 0.00 | 0.00%
molecule_structure_property_1500 | 0.00 | 0.00%
molecule_structure_property_1501 | 0.00 | 0.00%
molecule_structure_property_1502 | 0.00 | 0.00%
molecule_structure_property_1503 | 0.00 | 0.00%
molecule_structure_property_1504 | 0.00 | 0.00%
molecule_structure_property_1505 | 0.00 | 0.00%
molecule_structure_property_1506 | 0.00 | 0.00%
molecule_structure_property_1507 | 0.00 | 0.00%
molecule_structure_property_1508 | 0.00 | 0.00%
molecule_structure_property_1509 | 0.00 | 0.00%
molecule_structure_property_1510 | 0.00 | 0.00%
molecule_structure_property_1511 | 0.00 | 0.00%
molecule_structure_property_1512 | 0.00 | 0.00%
molecule_structure_property_1513 | 0.00 | 0.00%
molecule_structure_property_1514 | 0.00 | 0.00%
molecule_structure_property_1515 | 0.00 | 0.00%
molecule_structure_property_1516 | 0.00 | 0.00%
molecule_structure_property_1517 | 0.00 | 0.00%
molecule_structure_property_1518 | 0.00 | 0.00%
molecule_structure_property_1519 | 0.00 | 0.00%
molecule_structure_property_1520 | 0.00 | 0.00%
molecule_structure_property_1521 | 0.00 | 0.00%
molecule_structure_property_1522 | 0.00 | 0.00%
molecule_structure_property_1523 | 0.00 | 0.00%
molecule_structure_property_1524 | 0.00 | 0.00%
molecule_structure_property_1525 | 0.00 | 0.00%
molecule_structure_property_1526 | 0.00 | 0.00%
molecule_structure_property_1527 | 0.00 | 0.00%
molecule_structure_property_1528 | 0.00 | 0.00%
molecule_structure_property_1529 | 0.00 | 0.00%
molecule_structure_property_1530 | 0.00 | 0.00%
molecule_structure_property_1531 | 0.00 | 0.00%
molecule_structure_property_1532 | 0.00 | 0.00%
molecule_structure_property_1533 | 0.00 | 0.00%
molecule_structure_property_1534 | 0.00 | 0.00%
molecule_structure_property_1535 | 0.00 | 0.00%
molecule_structure_property_1536 | 0.00 | 0.00%
molecule_structure_property_1537 | 0.00 | 0.00%
molecule_structure_property_1538 | 0.00 | 0.00%
molecule_structure_property_1539 | 0.00 | 0.00%
molecule_structure_property_1540 | 0.00 | 0.00%
molecule_structure_property_1541 | 0.00 | 0.00%
molecule_structure_property_1542 | 0.00 | 0.00%
molecule_structure_property_1543 | 0.00 | 0.00%
molecule_structure_property_1544 | 0.00 | 0.00%
molecule_structure_property_1545 | 0.00 | 0.00%
molecule_structure_property_1546 | 0.00 | 0.00%
molecule_structure_property_1547 | 0.00 | 0.00%
molecule_structure_property_1548 | 0.00 | 0.00%
molecule_structure_property_1549 | 0.00 | 0.00%
molecule_structure_property_1550 | 0.00 | 0.00%
molecule_structure_property_1551 | 0.00 | 0.00%
molecule_structure_property_1552 | 0.00 | 0.00%
molecule_structure_property_1553 | 0.00 | 0.00%
molecule_structure_property_1554 | 0.00 | 0.00%
molecule_structure_property_1555 | 0.00 | 0.00%
molecule_structure_property_1556 | 0.00 | 0.00%
molecule_structure_property_1557 | 0.00 | 0.00%
molecule_structure_property_1558 | 0.00 | 0.00%
molecule_structure_property_1559 | 0.00 | 0.00%
molecule_structure_property_1560 | 0.00 | 0.00%
molecule_structure_property_1561 | 0.00 | 0.00%
molecule_structure_property_1562 | 0.00 | 0.00%
molecule_structure_property_1563 | 0.00 | 0.00%
molecule_structure_property_1565 | 0.00 | 0.00%
molecule_structure_property_1566 | 0.00 | 0.00%
molecule_structure_property_1567 | 0.00 | 0.00%
molecule_structure_property_1568 | 0.00 | 0.00%
molecule_structure_property_1569 | 0.00 | 0.00%
molecule_structure_property_1570 | 0.00 | 0.00%
molecule_structure_property_1571 | 0.00 | 0.00%
molecule_structure_property_1572 | 0.00 | 0.00%
molecule_structure_property_1573 | 0.00 | 0.00%
molecule_structure_property_1574 | 0.00 | 0.00%
molecule_structure_property_1575 | 0.00 | 0.00%
molecule_structure_property_1576 | 0.00 | 0.00%
molecule_structure_property_1577 | 0.00 | 0.00%
molecule_structure_property_1578 | 0.00 | 0.00%
molecule_structure_property_1579 | 0.00 | 0.00%
molecule_structure_property_1580 | 0.00 | 0.00%
molecule_structure_property_1581 | 0.00 | 0.00%
molecule_structure_property_1582 | 0.00 | 0.00%
molecule_structure_property_1583 | 0.00 | 0.00%
molecule_structure_property_1584 | 0.00 | 0.00%
molecule_structure_property_1585 | 0.00 | 0.00%
molecule_structure_property_1586 | 0.00 | 0.00%
molecule_structure_property_1587 | 0.00 | 0.00%
molecule_structure_property_1588 | 0.00 | 0.00%
molecule_structure_property_1589 | 0.00 | 0.00%
molecule_structure_property_1590 | 0.00 | 0.00%
molecule_structure_property_1591 | 0.00 | 0.00%
molecule_structure_property_1592 | 0.00 | 0.00%
molecule_structure_property_1593 | 0.00 | 0.00%
molecule_structure_property_1594 | 0.00 | 0.00%
molecule_structure_property_1595 | 0.00 | 0.00%
molecule_structure_property_1596 | 0.00 | 0.00%
molecule_structure_property_1597 | 0.00 | 0.00%
molecule_structure_property_1598 | 0.00 | 0.00%
molecule_structure_property_1599 | 0.00 | 0.00%
molecule_structure_property_1600 | 0.00 | 0.00%
molecule_structure_property_1601 | 0.00 | 0.00%
molecule_structure_property_1602 | 0.00 | 0.00%
molecule_structure_property_1603 | 0.00 | 0.00%
molecule_structure_property_1604 | 0.00 | 0.00%
molecule_structure_property_1605 | 0.00 | 0.00%
molecule_structure_property_1606 | 0.00 | 0.00%
molecule_structure_property_1607 | 0.00 | 0.00%
molecule_structure_property_1608 | 0.00 | 0.00%
molecule_structure_property_1609 | 0.00 | 0.00%
molecule_structure_property_1610 | 0.00 | 0.00%
molecule_structure_property_1611 | 0.00 | 0.00%
molecule_structure_property_1612 | 0.00 | 0.00%
molecule_structure_property_1613 | 0.00 | 0.00%
molecule_structure_property_1614 | 0.00 | 0.00%
molecule_structure_property_1615 | 0.00 | 0.00%
molecule_structure_property_1616 | 0.00 | 0.00%
molecule_structure_property_1617 | 0.00 | 0.00%
pca_embed_0 | 0.00 | 0.00%
pca_embed_1 | 0.00 | 0.00%
pca_embed_2 | 0.00 | 0.00%
pca_embed_4 | 0.00 | 0.00%
pca_embed_5 | 0.00 | 0.00%
pca_embed_6 | 0.00 | 0.00%
pca_embed_7 | 0.00 | 0.00%
pca_embed_10 | 0.00 | 0.00%
pca_embed_11 | 0.00 | 0.00%
pca_embed_12 | 0.00 | 0.00%
pca_embed_14 | 0.00 | 0.00%
pca_embed_15 | 0.00 | 0.00%
pca_embed_16 | 0.00 | 0.00%
pca_embed_18 | 0.00 | 0.00%
pca_embed_20 | 0.00 | 0.00%
pca_embed_22 | 0.00 | 0.00%
pca_embed_24 | 0.00 | 0.00%
pca_embed_26 | 0.00 | 0.00%
pca_embed_27 | 0.00 | 0.00%
pca_embed_28 | 0.00 | 0.00%
pca_embed_33 | 0.00 | 0.00%
pca_embed_34 | 0.00 | 0.00%
pca_embed_35 | 0.00 | 0.00%
pca_embed_37 | 0.00 | 0.00%
pca_embed_38 | 0.00 | 0.00%
pca_embed_39 | 0.00 | 0.00%
pca_embed_43 | 0.00 | 0.00%
pca_embed_44 | 0.00 | 0.00%
pca_embed_46 | 0.00 | 0.00%
pca_embed_47 | 0.00 | 0.00%
pca_embed_48 | 0.00 | 0.00%

=====================================================================
METRIC TYPE                                  | VALUE / PROFILE
=====================================================================
Embedding Share                              | 92.90%
Raw Feature Share                            | 7.10%
---------------------------------------------------------------------
Active Text Embedding Density                | 36.73% (18/49)
Active Raw Tabular Feature Density           | 0.43% (7/1617)
---------------------------------------------------------------------
Top-5 Concentration Ratio (CR5)              | 77.51% of total decision weight
Top-10 Concentration Ratio (CR10)            | 90.17% of total decision weight
=====================================================================

Total Pipeline Execution Time: 178.37 seconds

[SUCCESS] Permanent artifacts safely written to 'outputs/training-3/'
[W&B] Artifacts and localized metrics logged successfully for hiva_agnostic_combined_lightgbm
