[W&B] Child process started for job: diabetes_embed-only_catboost in group session-foo
Loading archive 'archives/diabetes.npz' and initializing pipeline for target: CATBOOST...
Execution Mode: EMBED-ONLY
Session Output Target: outputs/foo/
Task Type: BINARY
TabPFN Baselines Loaded - Primary: 0.1320 | Secondary: 0.7597
PCA reduced text embeddings to 32 components.
Final training matrix shape assembled for EMBED-ONLY: (614, 32)

Running 3-Trial Optuna Study for CATBOOST (EMBED-ONLY)...
A new study created in RDB with name: 20260624_092629_diabetes_embed-only_catboost
Trial 0 finished with value: 0.2053205128205129 and parameters: {}. Best is trial 0 with value: 0.2053205128205129.
Trial 1 finished with value: 0.22570868945868938 and parameters: {'learning_rate': 0.015355286838886862, 'bootstrap_type': 'Bernoulli', 'subsample': 0.9852142919229748, 'grow_policy': 'SymmetricTree', 'depth': 4, 'colsample_bylevel': 0.8733991780504303, 'l2_leaf_reg': 0.00018747059221802545, 'leaf_estimation_iterations': 12, 'one_hot_max_size': 36, 'model_size_reg': 0.6803900745073703, 'max_ctr_complexity': 2, 'boosting_type': 'Plain', 'max_bin': 254}. Best is trial 0 with value: 0.2053205128205129.
Trial 2 finished with value: 0.23276709401709406 and parameters: {'learning_rate': 0.09138013915892866, 'bootstrap_type': 'Bernoulli', 'subsample': 0.9497327922401265, 'grow_policy': 'SymmetricTree', 'depth': 4, 'colsample_bylevel': 0.8956363364439306, 'l2_leaf_reg': 0.02922905212920092, 'leaf_estimation_iterations': 2, 'one_hot_max_size': 16, 'model_size_reg': 0.5243180891902851, 'max_ctr_complexity': 2, 'boosting_type': 'Plain', 'max_bin': 254}. Best is trial 0 with value: 0.2053205128205129.
Optuna Search Completed in: 12.14 seconds

Training final model on optimized parameter setup...

[CATBOOST FINALIZED METRICS]
Optimal Trees:         100
1-AUROC:             0.2263 (Delta to TabPFN: +0.0943)
Accuracy:             0.7143 (Delta to TabPFN: -0.0455)
Final Train Time:      0.70 seconds (1.1460s per 1K)
Final Infer Time:      0.01 seconds (0.0567s per 1K)

--- CATBOOST Feature Importance (Raw vs. Scaled Share) ---
Feature | Raw gain | Share
pca_embed_8 | 11.74 | 11.74%
pca_embed_1 | 8.90 | 8.90%
pca_embed_3 | 6.48 | 6.48%
pca_embed_6 | 5.01 | 5.01%
pca_embed_0 | 4.83 | 4.83%
pca_embed_20 | 3.93 | 3.93%
pca_embed_2 | 3.68 | 3.68%
pca_embed_9 | 3.57 | 3.57%
pca_embed_21 | 3.43 | 3.43%
pca_embed_14 | 2.85 | 2.85%
pca_embed_5 | 2.84 | 2.84%
pca_embed_22 | 2.75 | 2.75%
pca_embed_10 | 2.72 | 2.72%
pca_embed_4 | 2.67 | 2.67%
pca_embed_27 | 2.52 | 2.52%
pca_embed_18 | 2.42 | 2.42%
pca_embed_13 | 2.26 | 2.26%
pca_embed_7 | 2.19 | 2.19%
pca_embed_29 | 2.13 | 2.13%
pca_embed_23 | 2.11 | 2.11%
pca_embed_24 | 2.04 | 2.04%
pca_embed_16 | 1.99 | 1.99%
pca_embed_26 | 1.96 | 1.96%
pca_embed_30 | 1.95 | 1.95%
pca_embed_28 | 1.92 | 1.92%
pca_embed_11 | 1.83 | 1.83%
pca_embed_25 | 1.71 | 1.71%
pca_embed_17 | 1.71 | 1.71%
pca_embed_12 | 1.58 | 1.58%
pca_embed_19 | 1.55 | 1.55%
pca_embed_31 | 1.43 | 1.43%
pca_embed_15 | 1.27 | 1.27%

=====================================================================
METRIC TYPE                                  | VALUE / PROFILE
=====================================================================
Embedding Share                              | 100.00%
Raw Feature Share                            | 0.00%
---------------------------------------------------------------------
Active Text Embedding Density                | 100.00% (32/32)
Active Raw Tabular Feature Density           | 0.00% (0/0)
---------------------------------------------------------------------
Top-5 Concentration Ratio (CR5)              | 36.97% of total decision weight
Top-10 Concentration Ratio (CR10)            | 54.43% of total decision weight
=====================================================================

Total Pipeline Execution Time: 20.56 seconds

[SUCCESS] Permanent artifacts safely written to 'outputs/foo/'
[W&B] Artifacts and localized metrics logged successfully for diabetes_embed-only_catboost
