[W&B] Child process started for job: blood-transfusion-service-center_combined_catboost in group session-foo
Loading archive 'archives/blood-transfusion-service-center.npz' and initializing pipeline for target: CATBOOST...
Execution Mode: COMBINED
Session Output Target: outputs/foo/
Task Type: BINARY
TabPFN Baselines Loaded - Primary: 0.2148 | Secondary: 0.7933
PCA reduced text embeddings to 22 components.
Final training matrix shape assembled for COMBINED: (598, 26)

Running 3-Trial Optuna Study for CATBOOST (COMBINED)...
A new study created in RDB with name: 20260624_092057_blood-transfusion-service-center_combined_catboost
Trial 0 finished with value: 0.2906131750945993 and parameters: {}. Best is trial 0 with value: 0.2906131750945993.
Trial 1 finished with value: 0.2914731682146543 and parameters: {'learning_rate': 0.015355286838886862, 'bootstrap_type': 'Bernoulli', 'subsample': 0.9852142919229748, 'grow_policy': 'SymmetricTree', 'depth': 4, 'colsample_bylevel': 0.8733991780504303, 'l2_leaf_reg': 0.00018747059221802545, 'leaf_estimation_iterations': 12, 'one_hot_max_size': 36, 'model_size_reg': 0.6803900745073703, 'max_ctr_complexity': 2, 'boosting_type': 'Plain', 'max_bin': 254}. Best is trial 0 with value: 0.2906131750945993.
Trial 2 finished with value: 0.3045020639834881 and parameters: {'learning_rate': 0.09138013915892866, 'bootstrap_type': 'Bernoulli', 'subsample': 0.9497327922401265, 'grow_policy': 'SymmetricTree', 'depth': 4, 'colsample_bylevel': 0.8956363364439306, 'l2_leaf_reg': 0.02922905212920092, 'leaf_estimation_iterations': 2, 'one_hot_max_size': 16, 'model_size_reg': 0.5243180891902851, 'max_ctr_complexity': 2, 'boosting_type': 'Plain', 'max_bin': 254}. Best is trial 0 with value: 0.2906131750945993.
Optuna Search Completed in: 10.84 seconds

Training final model on optimized parameter setup...

[CATBOOST FINALIZED METRICS]
Optimal Trees:         100
1-AUROC:             0.2272 (Delta to TabPFN: +0.0124)
Accuracy:             0.7733 (Delta to TabPFN: -0.0200)
Final Train Time:      0.59 seconds (0.9922s per 1K)
Final Infer Time:      0.01 seconds (0.0527s per 1K)

--- CATBOOST Feature Importance (Raw vs. Scaled Share) ---
Feature | Raw gain | Share
pca_embed_4 | 7.44 | 7.44%
pca_embed_19 | 6.19 | 6.19%
pca_embed_18 | 5.63 | 5.63%
pca_embed_8 | 5.60 | 5.60%
MonthsSinceLastDonation | 5.14 | 5.14%
pca_embed_17 | 4.87 | 4.87%
pca_embed_15 | 4.72 | 4.72%
pca_embed_5 | 4.46 | 4.46%
pca_embed_0 | 4.43 | 4.43%
pca_embed_14 | 3.92 | 3.92%
pca_embed_9 | 3.88 | 3.88%
pca_embed_10 | 3.85 | 3.85%
pca_embed_6 | 3.77 | 3.77%
pca_embed_21 | 3.75 | 3.75%
pca_embed_3 | 3.55 | 3.55%
pca_embed_2 | 3.20 | 3.20%
pca_embed_20 | 3.13 | 3.13%
pca_embed_1 | 3.10 | 3.10%
pca_embed_12 | 2.91 | 2.91%
pca_embed_16 | 2.62 | 2.62%
pca_embed_7 | 2.57 | 2.57%
pca_embed_11 | 2.54 | 2.54%
MonthsSinceFirstDonation | 2.45 | 2.45%
pca_embed_13 | 2.40 | 2.40%
NumberOfDonations | 2.40 | 2.40%
TotalBloodDonated | 1.48 | 1.48%

=====================================================================
METRIC TYPE                                  | VALUE / PROFILE
=====================================================================
Embedding Share                              | 88.53%
Raw Feature Share                            | 11.47%
---------------------------------------------------------------------
Active Text Embedding Density                | 100.00% (22/22)
Active Raw Tabular Feature Density           | 100.00% (4/4)
---------------------------------------------------------------------
Top-5 Concentration Ratio (CR5)              | 30.00% of total decision weight
Top-10 Concentration Ratio (CR10)            | 52.40% of total decision weight
=====================================================================

Total Pipeline Execution Time: 18.68 seconds

[SUCCESS] Permanent artifacts safely written to 'outputs/foo/'
[W&B] Artifacts and localized metrics logged successfully for blood-transfusion-service-center_combined_catboost
