[W&B] Child process started for job: diabetes_combined_xgboost in group session-foo
Loading archive 'archives/diabetes.npz' and initializing pipeline for target: XGBOOST...
Execution Mode: COMBINED
Session Output Target: outputs/foo/
Task Type: BINARY
TabPFN Baselines Loaded - Primary: 0.1320 | Secondary: 0.7597
PCA reduced text embeddings to 32 components.
Final training matrix shape assembled for COMBINED: (614, 40)

Running 3-Trial Optuna Study for XGBOOST (COMBINED)...
A new study created in RDB with name: 20260624_092353_diabetes_combined_xgboost
Trial 0 finished with value: 0.20479700854700855 and parameters: {}. Best is trial 0 with value: 0.20479700854700855.
Trial 1 finished with value: 0.19363603988603983 and parameters: {'learning_rate': 0.015355286838886862, 'max_depth': 10, 'min_child_weight': 0.5100627805979911, 'subsample': 0.8394633936788146, 'colsample_bylevel': 0.6624074561769746, 'colsample_bynode': 0.662397808134481, 'reg_alpha': 0.29051225247978046, 'reg_lambda': 4.330894111260099, 'grow_policy': 'lossguide', 'max_cat_to_onehot': 8, 'max_leaves': 884}. Best is trial 1 with value: 0.19363603988603983.
Trial 2 finished with value: 0.19111111111111112 and parameters: {'learning_rate': 0.060534484680010825, 'max_depth': 4, 'min_child_weight': 0.004705059281907645, 'subsample': 0.6733618039413735, 'colsample_bylevel': 0.7216968971838151, 'colsample_bynode': 0.8099025726528951, 'reg_alpha': 2.1597818987087147, 'reg_lambda': 1.4562165780761898, 'grow_policy': 'depthwise', 'max_cat_to_onehot': 16, 'max_leaves': 45}. Best is trial 2 with value: 0.19111111111111112.
Optuna Search Completed in: 19.63 seconds

Training final model on optimized parameter setup...

[XGBOOST FINALIZED METRICS]
Optimal Trees:         61
1-AUROC:             0.1448 (Delta to TabPFN: +0.0128)
Accuracy:             0.7857 (Delta to TabPFN: +0.0260)
Final Train Time:      0.09 seconds (0.1409s per 1K)
Final Infer Time:      0.00 seconds (0.0049s per 1K)

--- XGBOOST Feature Importance (Raw vs. Scaled Share) ---
Feature | Raw gain | Share
Glucose | 680.99 | 26.27%
Age | 206.83 | 7.98%
BMI | 183.91 | 7.09%
pca_embed_8 | 113.24 | 4.37%
pca_embed_0 | 104.34 | 4.02%
pca_embed_1 | 101.84 | 3.93%
pca_embed_18 | 67.84 | 2.62%
pca_embed_5 | 65.87 | 2.54%
DiabetesPedigreeFunction | 64.34 | 2.48%
pca_embed_24 | 64.00 | 2.47%
pca_embed_26 | 63.00 | 2.43%
pca_embed_20 | 61.09 | 2.36%
pca_embed_7 | 53.68 | 2.07%
pca_embed_9 | 51.97 | 2.00%
pca_embed_2 | 47.09 | 1.82%
pca_embed_14 | 41.77 | 1.61%
pca_embed_10 | 41.18 | 1.59%
pca_embed_28 | 40.14 | 1.55%
pca_embed_22 | 39.66 | 1.53%
pca_embed_4 | 36.10 | 1.39%
pca_embed_16 | 36.06 | 1.39%
pca_embed_21 | 35.53 | 1.37%
pca_embed_17 | 34.49 | 1.33%
pca_embed_12 | 32.73 | 1.26%
pca_embed_3 | 32.66 | 1.26%
pca_embed_23 | 31.53 | 1.22%
Insulin | 29.29 | 1.13%
pca_embed_29 | 28.43 | 1.10%
pca_embed_27 | 24.60 | 0.95%
Pregnancies | 22.85 | 0.88%
pca_embed_25 | 22.24 | 0.86%
pca_embed_11 | 22.00 | 0.85%
pca_embed_19 | 20.36 | 0.79%
pca_embed_6 | 19.43 | 0.75%
pca_embed_13 | 17.76 | 0.68%
pca_embed_15 | 16.21 | 0.63%
pca_embed_30 | 16.11 | 0.62%
pca_embed_31 | 9.75 | 0.38%
SkinThickness | 9.49 | 0.37%
BloodPressure | 2.07 | 0.08%

=====================================================================
METRIC TYPE                                  | VALUE / PROFILE
=====================================================================
Embedding Share                              | 53.72%
Raw Feature Share                            | 46.28%
---------------------------------------------------------------------
Active Text Embedding Density                | 100.00% (32/32)
Active Raw Tabular Feature Density           | 100.00% (8/8)
---------------------------------------------------------------------
Top-5 Concentration Ratio (CR5)              | 49.73% of total decision weight
Top-10 Concentration Ratio (CR10)            | 63.77% of total decision weight
=====================================================================

Total Pipeline Execution Time: 26.84 seconds

[SUCCESS] Permanent artifacts safely written to 'outputs/foo/'
[W&B] Artifacts and localized metrics logged successfully for diabetes_combined_xgboost
