[W&B] Child process started for job: blood-transfusion-service-center_raw-only_xgboost in group session-foo
Loading archive 'archives/blood-transfusion-service-center.npz' and initializing pipeline for target: XGBOOST...
Execution Mode: RAW-ONLY
Session Output Target: outputs/foo/
Task Type: BINARY
TabPFN Baselines Loaded - Primary: 0.2148 | Secondary: 0.7933
PCA reduced text embeddings to 22 components.
Final training matrix shape assembled for RAW-ONLY: (598, 4)

Running 3-Trial Optuna Study for XGBOOST (RAW-ONLY)...
A new study created in RDB with name: 20260624_091959_blood-transfusion-service-center_raw-only_xgboost
Trial 0 finished with value: 0.31835870313037495 and parameters: {}. Best is trial 0 with value: 0.31835870313037495.
Trial 1 finished with value: 0.2896134330925353 and parameters: {'learning_rate': 0.015355286838886862, 'max_depth': 10, 'min_child_weight': 0.5100627805979911, 'subsample': 0.8394633936788146, 'colsample_bylevel': 0.6624074561769746, 'colsample_bynode': 0.662397808134481, 'reg_alpha': 0.29051225247978046, 'reg_lambda': 4.330894111260099, 'grow_policy': 'lossguide', 'max_cat_to_onehot': 8, 'max_leaves': 884}. Best is trial 1 with value: 0.2896134330925353.
Trial 2 finished with value: 0.2763802889576883 and parameters: {'learning_rate': 0.060534484680010825, 'max_depth': 4, 'min_child_weight': 0.004705059281907645, 'subsample': 0.6733618039413735, 'colsample_bylevel': 0.7216968971838151, 'colsample_bynode': 0.8099025726528951, 'reg_alpha': 2.1597818987087147, 'reg_lambda': 1.4562165780761898, 'grow_policy': 'depthwise', 'max_cat_to_onehot': 16, 'max_leaves': 45}. Best is trial 2 with value: 0.2763802889576883.
Optuna Search Completed in: 9.96 seconds

Training final model on optimized parameter setup...

[XGBOOST FINALIZED METRICS]
Optimal Trees:         46
1-AUROC:             0.2404 (Delta to TabPFN: +0.0256)
Accuracy:             0.7600 (Delta to TabPFN: -0.0333)
Final Train Time:      0.06 seconds (0.0965s per 1K)
Final Infer Time:      0.00 seconds (0.0056s per 1K)

--- XGBOOST Feature Importance (Raw vs. Scaled Share) ---
Feature | Raw gain | Share
MonthsSinceLastDonation | 236.25 | 39.51%
TotalBloodDonated | 147.97 | 24.74%
MonthsSinceFirstDonation | 119.31 | 19.95%
NumberOfDonations | 94.49 | 15.80%

=====================================================================
METRIC TYPE                                  | VALUE / PROFILE
=====================================================================
Embedding Share                              | 0.00%
Raw Feature Share                            | 100.00%
---------------------------------------------------------------------
Active Text Embedding Density                | 0.00% (0/0)
Active Raw Tabular Feature Density           | 100.00% (4/4)
---------------------------------------------------------------------
Top-5 Concentration Ratio (CR5)              | 100.00% of total decision weight
Top-10 Concentration Ratio (CR10)            | 100.00% of total decision weight
=====================================================================

Total Pipeline Execution Time: 17.98 seconds

[SUCCESS] Permanent artifacts safely written to 'outputs/foo/'
[W&B] Artifacts and localized metrics logged successfully for blood-transfusion-service-center_raw-only_xgboost
