[W&B] Child process started for job: diabetes_raw-only_lightgbm in group session-foo
Loading archive 'archives/diabetes.npz' and initializing pipeline for target: LIGHTGBM...
Execution Mode: RAW-ONLY
Session Output Target: outputs/foo/
Task Type: BINARY
TabPFN Baselines Loaded - Primary: 0.1320 | Secondary: 0.7597
PCA reduced text embeddings to 32 components.
Final training matrix shape assembled for RAW-ONLY: (614, 8)

Running 3-Trial Optuna Study for LIGHTGBM (RAW-ONLY)...
A new study created in RDB with name: 20260624_092246_diabetes_raw-only_lightgbm
Trial 0 finished with value: 0.19562321937321936 and parameters: {}. Best is trial 0 with value: 0.19562321937321936.
Trial 1 finished with value: 0.18845441595441592 and parameters: {'learning_rate': 0.015355286838886862, 'feature_fraction': 0.9704285838459497, 'bagging_fraction': 0.9195981825434215, 'bagging_freq': 1, 'num_leaves': 28, 'min_data_in_leaf': 1, 'extra_trees': False, 'min_data_per_group': 57, 'cat_l2': 0.18327672955935934, 'cat_smooth': 3.4702669886504163, 'max_cat_to_onehot': 8, 'lambda_l1': 0.9699128611767781, 'lambda_l2': 1.6649020373367633}. Best is trial 1 with value: 0.18845441595441592.
Trial 2 finished with value: 0.18740028490028493 and parameters: {'learning_rate': 0.009445600138094694, 'feature_fraction': 0.5090949803242604, 'bagging_fraction': 0.7550213529560301, 'bagging_freq': 1, 'num_leaves': 7, 'min_data_in_leaf': 6, 'extra_trees': False, 'min_data_per_group': 20, 'cat_l2': 0.01153297626310632, 'cat_smooth': 0.028888383623653185, 'max_cat_to_onehot': 19, 'lambda_l1': 0.4561243772186142, 'lambda_l2': 1.5703734051898879}. Best is trial 2 with value: 0.18740028490028493.
Optuna Search Completed in: 8.25 seconds

Training final model on optimized parameter setup...

[LIGHTGBM FINALIZED METRICS]
Optimal Trees:         45
1-AUROC:             0.1559 (Delta to TabPFN: +0.0239)
Accuracy:             0.6494 (Delta to TabPFN: -0.1104)
Final Train Time:      0.09 seconds (0.1518s per 1K)
Final Infer Time:      0.01 seconds (0.0433s per 1K)

--- LIGHTGBM Feature Importance (Raw vs. Scaled Share) ---
Feature | Raw gain | Share
Glucose | 1273.74 | 36.27%
Age | 769.99 | 21.93%
BMI | 453.24 | 12.91%
Insulin | 424.43 | 12.09%
Pregnancies | 232.53 | 6.62%
DiabetesPedigreeFunction | 205.04 | 5.84%
SkinThickness | 89.16 | 2.54%
BloodPressure | 63.73 | 1.81%

=====================================================================
METRIC TYPE                                  | VALUE / PROFILE
=====================================================================
Embedding Share                              | 0.00%
Raw Feature Share                            | 100.00%
---------------------------------------------------------------------
Active Text Embedding Density                | 0.00% (0/0)
Active Raw Tabular Feature Density           | 100.00% (8/8)
---------------------------------------------------------------------
Top-5 Concentration Ratio (CR5)              | 89.81% of total decision weight
Top-10 Concentration Ratio (CR10)            | 100.00% of total decision weight
=====================================================================

Total Pipeline Execution Time: 15.59 seconds

[SUCCESS] Permanent artifacts safely written to 'outputs/foo/'
[W&B] Artifacts and localized metrics logged successfully for diabetes_raw-only_lightgbm
