[W&B] Child process started for job: blood-transfusion-service-center_combined_lightgbm in group session-foo
Loading archive 'archives/blood-transfusion-service-center.npz' and initializing pipeline for target: LIGHTGBM...
Execution Mode: COMBINED
Session Output Target: outputs/foo/
Task Type: BINARY
TabPFN Baselines Loaded - Primary: 0.2148 | Secondary: 0.7933
PCA reduced text embeddings to 22 components.
Final training matrix shape assembled for COMBINED: (598, 26)

Running 3-Trial Optuna Study for LIGHTGBM (COMBINED)...
A new study created in RDB with name: 20260624_091757_blood-transfusion-service-center_combined_lightgbm
Trial 0 finished with value: 0.2645947999082674 and parameters: {}. Best is trial 0 with value: 0.2645947999082674.
Trial 1 finished with value: 0.2662037037037037 and parameters: {'learning_rate': 0.015355286838886862, 'feature_fraction': 0.9704285838459497, 'bagging_fraction': 0.9195981825434215, 'bagging_freq': 1, 'num_leaves': 28, 'min_data_in_leaf': 1, 'extra_trees': False, 'min_data_per_group': 57, 'cat_l2': 0.18327672955935934, 'cat_smooth': 3.4702669886504163, 'max_cat_to_onehot': 8, 'lambda_l1': 0.9699128611767781, 'lambda_l2': 1.6649020373367633}. Best is trial 0 with value: 0.2645947999082674.
Trial 2 finished with value: 0.2574496904024768 and parameters: {'learning_rate': 0.009445600138094694, 'feature_fraction': 0.5090949803242604, 'bagging_fraction': 0.7550213529560301, 'bagging_freq': 1, 'num_leaves': 7, 'min_data_in_leaf': 6, 'extra_trees': False, 'min_data_per_group': 20, 'cat_l2': 0.01153297626310632, 'cat_smooth': 0.028888383623653185, 'max_cat_to_onehot': 19, 'lambda_l1': 0.4561243772186142, 'lambda_l2': 1.5703734051898879}. Best is trial 2 with value: 0.2574496904024768.
Optuna Search Completed in: 9.31 seconds

Training final model on optimized parameter setup...

[LIGHTGBM FINALIZED METRICS]
Optimal Trees:         54
1-AUROC:             0.2364 (Delta to TabPFN: +0.0216)
Accuracy:             0.7600 (Delta to TabPFN: -0.0333)
Final Train Time:      0.11 seconds (0.1895s per 1K)
Final Infer Time:      0.00 seconds (0.0075s per 1K)

--- LIGHTGBM Feature Importance (Raw vs. Scaled Share) ---
Feature | Raw gain | Share
pca_embed_4 | 702.82 | 21.01%
MonthsSinceLastDonation | 493.94 | 14.77%
pca_embed_0 | 361.04 | 10.79%
NumberOfDonations | 223.60 | 6.69%
pca_embed_18 | 176.04 | 5.26%
pca_embed_6 | 155.26 | 4.64%
pca_embed_3 | 145.10 | 4.34%
pca_embed_15 | 129.35 | 3.87%
pca_embed_21 | 113.77 | 3.40%
pca_embed_8 | 108.94 | 3.26%
pca_embed_7 | 94.65 | 2.83%
MonthsSinceFirstDonation | 78.55 | 2.35%
pca_embed_5 | 76.41 | 2.28%
pca_embed_19 | 75.82 | 2.27%
pca_embed_12 | 62.14 | 1.86%
pca_embed_1 | 61.99 | 1.85%
pca_embed_9 | 60.91 | 1.82%
pca_embed_13 | 59.42 | 1.78%
pca_embed_2 | 40.75 | 1.22%
pca_embed_14 | 38.82 | 1.16%
TotalBloodDonated | 19.88 | 0.59%
pca_embed_10 | 18.53 | 0.55%
pca_embed_11 | 18.32 | 0.55%
pca_embed_20 | 15.54 | 0.46%
pca_embed_16 | 8.04 | 0.24%
pca_embed_17 | 4.93 | 0.15%

=====================================================================
METRIC TYPE                                  | VALUE / PROFILE
=====================================================================
Embedding Share                              | 75.60%
Raw Feature Share                            | 24.40%
---------------------------------------------------------------------
Active Text Embedding Density                | 100.00% (22/22)
Active Raw Tabular Feature Density           | 100.00% (4/4)
---------------------------------------------------------------------
Top-5 Concentration Ratio (CR5)              | 58.53% of total decision weight
Top-10 Concentration Ratio (CR10)            | 78.03% of total decision weight
=====================================================================

Total Pipeline Execution Time: 17.87 seconds

[SUCCESS] Permanent artifacts safely written to 'outputs/foo/'
[W&B] Artifacts and localized metrics logged successfully for blood-transfusion-service-center_combined_lightgbm
