[W&B] Child process started for job: wine_quality_embed-only_lightgbm in group session-bar
Loading archive 'archives/wine_quality.npz' and initializing pipeline for target: LIGHTGBM...
Execution Mode: EMBED-ONLY
Session Output Target: outputs/bar/
Task Type: REGRESSION
TabPFN Baselines Loaded - Primary: 0.5665 | Secondary: 0.5710
PCA reduced text embeddings to 25 components.
Final training matrix shape assembled for EMBED-ONLY: (5197, 25)

Running 3-Trial Optuna Study for LIGHTGBM (EMBED-ONLY)...
A new study created in RDB with name: 20260624_093622_wine_quality_embed-only_lightgbm
Trial 0 finished with value: 0.5943419323099393 and parameters: {}. Best is trial 0 with value: 0.5943419323099393.
Trial 1 finished with value: 0.5918921031901053 and parameters: {'learning_rate': 0.015355286838886862, 'feature_fraction': 0.9704285838459497, 'bagging_fraction': 0.9195981825434215, 'bagging_freq': 1, 'num_leaves': 28, 'min_data_in_leaf': 1, 'extra_trees': False, 'min_data_per_group': 57, 'cat_l2': 0.18327672955935934, 'cat_smooth': 3.4702669886504163, 'max_cat_to_onehot': 8, 'lambda_l1': 0.9699128611767781, 'lambda_l2': 1.6649020373367633}. Best is trial 1 with value: 0.5918921031901053.
Trial 2 finished with value: 0.5874939163497647 and parameters: {'learning_rate': 0.009445600138094694, 'feature_fraction': 0.5090949803242604, 'bagging_fraction': 0.7550213529560301, 'bagging_freq': 1, 'num_leaves': 7, 'min_data_in_leaf': 6, 'extra_trees': False, 'min_data_per_group': 20, 'cat_l2': 0.01153297626310632, 'cat_smooth': 0.028888383623653185, 'max_cat_to_onehot': 19, 'lambda_l1': 0.4561243772186142, 'lambda_l2': 1.5703734051898879}. Best is trial 2 with value: 0.5874939163497647.
Optuna Search Completed in: 12.86 seconds

Training final model on optimized parameter setup...

[LIGHTGBM FINALIZED METRICS]
Optimal Trees:         596
RMSE:             0.5677 (Delta to TabPFN: +0.0012)
R2_Score:             0.5692 (Delta to TabPFN: -0.0018)
Final Train Time:      0.37 seconds (0.0710s per 1K)
Final Infer Time:      0.01 seconds (0.0105s per 1K)

--- LIGHTGBM Feature Importance (Raw vs. Scaled Share) ---
Feature | Raw gain | Share
pca_embed_1 | 39384.10 | 40.52%
pca_embed_2 | 18101.17 | 18.62%
pca_embed_0 | 13794.79 | 14.19%
pca_embed_4 | 8325.22 | 8.57%
pca_embed_3 | 5041.21 | 5.19%
pca_embed_5 | 3096.39 | 3.19%
pca_embed_6 | 1960.74 | 2.02%
pca_embed_7 | 1705.45 | 1.75%
pca_embed_9 | 628.81 | 0.65%
pca_embed_12 | 599.62 | 0.62%
pca_embed_8 | 566.09 | 0.58%
pca_embed_11 | 534.91 | 0.55%
pca_embed_17 | 399.04 | 0.41%
pca_embed_14 | 352.39 | 0.36%
pca_embed_19 | 351.98 | 0.36%
pca_embed_18 | 350.64 | 0.36%
pca_embed_24 | 324.79 | 0.33%
pca_embed_23 | 324.17 | 0.33%
pca_embed_13 | 268.19 | 0.28%
pca_embed_16 | 255.65 | 0.26%
pca_embed_20 | 246.02 | 0.25%
pca_embed_22 | 171.18 | 0.18%
pca_embed_15 | 156.73 | 0.16%
pca_embed_10 | 152.65 | 0.16%
pca_embed_21 | 102.60 | 0.11%

=====================================================================
METRIC TYPE                                  | VALUE / PROFILE
=====================================================================
Embedding Share                              | 100.00%
Raw Feature Share                            | 0.00%
---------------------------------------------------------------------
Active Text Embedding Density                | 100.00% (25/25)
Active Raw Tabular Feature Density           | 0.00% (0/0)
---------------------------------------------------------------------
Top-5 Concentration Ratio (CR5)              | 87.09% of total decision weight
Top-10 Concentration Ratio (CR10)            | 95.31% of total decision weight
=====================================================================

Total Pipeline Execution Time: 16.75 seconds

[SUCCESS] Permanent artifacts safely written to 'outputs/bar/'
[W&B] Artifacts and localized metrics logged successfully for wine_quality_embed-only_lightgbm
