[W&B] Child process started for job: diabetes_raw-only_catboost in group session-foo
Loading archive 'archives/diabetes.npz' and initializing pipeline for target: CATBOOST...
Execution Mode: RAW-ONLY
Session Output Target: outputs/foo/
Task Type: BINARY
TabPFN Baselines Loaded - Primary: 0.1320 | Secondary: 0.7597
PCA reduced text embeddings to 32 components.
Final training matrix shape assembled for RAW-ONLY: (614, 8)

Running 3-Trial Optuna Study for CATBOOST (RAW-ONLY)...
A new study created in RDB with name: 20260624_092603_diabetes_raw-only_catboost
Trial 0 finished with value: 0.17350071225071217 and parameters: {}. Best is trial 0 with value: 0.17350071225071217.
Trial 1 finished with value: 0.1780270655270655 and parameters: {'learning_rate': 0.015355286838886862, 'bootstrap_type': 'Bernoulli', 'subsample': 0.9852142919229748, 'grow_policy': 'SymmetricTree', 'depth': 4, 'colsample_bylevel': 0.8733991780504303, 'l2_leaf_reg': 0.00018747059221802545, 'leaf_estimation_iterations': 12, 'one_hot_max_size': 36, 'model_size_reg': 0.6803900745073703, 'max_ctr_complexity': 2, 'boosting_type': 'Plain', 'max_bin': 254}. Best is trial 0 with value: 0.17350071225071217.
Trial 2 finished with value: 0.19055911680911675 and parameters: {'learning_rate': 0.09138013915892866, 'bootstrap_type': 'Bernoulli', 'subsample': 0.9497327922401265, 'grow_policy': 'SymmetricTree', 'depth': 4, 'colsample_bylevel': 0.8956363364439306, 'l2_leaf_reg': 0.02922905212920092, 'leaf_estimation_iterations': 2, 'one_hot_max_size': 16, 'model_size_reg': 0.5243180891902851, 'max_ctr_complexity': 2, 'boosting_type': 'Plain', 'max_bin': 254}. Best is trial 0 with value: 0.17350071225071217.
Optuna Search Completed in: 10.30 seconds

Training final model on optimized parameter setup...

[CATBOOST FINALIZED METRICS]
Optimal Trees:         100
1-AUROC:             0.1376 (Delta to TabPFN: +0.0056)
Accuracy:             0.7662 (Delta to TabPFN: +0.0065)
Final Train Time:      0.48 seconds (0.7881s per 1K)
Final Infer Time:      0.00 seconds (0.0241s per 1K)

--- CATBOOST Feature Importance (Raw vs. Scaled Share) ---
Feature | Raw gain | Share
Glucose | 34.38 | 34.38%
BMI | 16.19 | 16.19%
Age | 15.01 | 15.01%
DiabetesPedigreeFunction | 11.38 | 11.38%
Pregnancies | 8.15 | 8.15%
SkinThickness | 6.31 | 6.31%
BloodPressure | 4.32 | 4.32%
Insulin | 4.26 | 4.26%

=====================================================================
METRIC TYPE                                  | VALUE / PROFILE
=====================================================================
Embedding Share                              | 0.00%
Raw Feature Share                            | 100.00%
---------------------------------------------------------------------
Active Text Embedding Density                | 0.00% (0/0)
Active Raw Tabular Feature Density           | 100.00% (8/8)
---------------------------------------------------------------------
Top-5 Concentration Ratio (CR5)              | 85.12% of total decision weight
Top-10 Concentration Ratio (CR10)            | 100.00% of total decision weight
=====================================================================

Total Pipeline Execution Time: 17.78 seconds

[SUCCESS] Permanent artifacts safely written to 'outputs/foo/'
[W&B] Artifacts and localized metrics logged successfully for diabetes_raw-only_catboost
