Loading archive 'archives/mic.npz' and initializing pipeline for target: XGBOOST...
Execution Mode: EMBED-ONLY
Session Output Target: outputs/1/
Task Type: MULTICLASS
TabPFN Baselines Loaded - Primary: 0.4541 | Secondary: 0.8912
PCA reduced text embeddings to 20 components.
Final training matrix shape assembled for EMBED-ONLY: (1359, 20)

Running 50-Trial Optuna Study for XGBOOST (EMBED-ONLY)...
A new study created in RDB with name: 20260618_230651_xgboost_embed-only_mic
Trial 0 finished with value: 0.46222535528717446 and parameters: {'learning_rate': 0.015355286838886862, 'max_depth': 10, 'min_child_weight': 0.5100627805979911, 'subsample': 0.8394633936788146, 'colsample_bylevel': 0.6624074561769746, 'colsample_bynode': 0.662397808134481, 'reg_alpha': 0.29051225247978046, 'reg_lambda': 4.330894111260099, 'grow_policy': 'lossguide', 'max_cat_to_onehot': 8, 'max_leaves': 884}. Best is trial 0 with value: 0.46222535528717446.
Trial 1 finished with value: 0.45994286202502765 and parameters: {'learning_rate': 0.060534484680010825, 'max_depth': 4, 'min_child_weight': 0.004705059281907645, 'subsample': 0.6733618039413735, 'colsample_bylevel': 0.7216968971838151, 'colsample_bynode': 0.8099025726528951, 'reg_alpha': 2.1597818987087147, 'reg_lambda': 1.4562165780761898, 'grow_policy': 'depthwise', 'max_cat_to_onehot': 16, 'max_leaves': 45}. Best is trial 1 with value: 0.45994286202502765.
Trial 2 finished with value: 0.45997116068635435 and parameters: {'learning_rate': 0.019603369861210685, 'max_depth': 8, 'min_child_weight': 0.005477562363971304, 'subsample': 0.8056937753654446, 'colsample_bylevel': 0.836965827544817, 'colsample_bynode': 0.6185801650879991, 'reg_alpha': 3.037763505022002, 'reg_lambda': 0.8527035660240889, 'grow_policy': 'lossguide', 'max_cat_to_onehot': 92, 'max_leaves': 399}. Best is trial 1 with value: 0.45994286202502765.
Trial 3 finished with value: 0.4600531159672706 and parameters: {'learning_rate': 0.012453219846912198, 'max_depth': 4, 'min_child_weight': 0.33959199243313637, 'subsample': 0.7760609974958406, 'colsample_bylevel': 0.6488152939379115, 'colsample_bynode': 0.798070764044508, 'reg_alpha': 0.17203916672398045, 'reg_lambda': 4.546611078353703, 'grow_policy': 'lossguide', 'max_cat_to_onehot': 17, 'max_leaves': 97}. Best is trial 1 with value: 0.45994286202502765.
Trial 4 finished with value: 0.45793347469221857 and parameters: {'learning_rate': 0.025719142025384646, 'max_depth': 4, 'min_child_weight': 3.8589082671053854, 'subsample': 0.9100531293444458, 'colsample_bylevel': 0.9757995766256756, 'colsample_bynode': 0.9579309401710595, 'reg_alpha': 2.989540104057545, 'reg_lambda': 4.609378987692081, 'grow_policy': 'lossguide', 'max_cat_to_onehot': 8, 'max_leaves': 37}. Best is trial 4 with value: 0.45793347469221857.
Trial 5 finished with value: 0.4594044079162808 and parameters: {'learning_rate': 0.016019568611465234, 'max_depth': 5, 'min_child_weight': 1.1627201204016835, 'subsample': 0.7427013306774357, 'colsample_bylevel': 0.7123738038749523, 'colsample_bynode': 0.8170784332632994, 'reg_alpha': 0.7047070324513158, 'reg_lambda': 4.011004684072123, 'grow_policy': 'lossguide', 'max_cat_to_onehot': 56, 'max_leaves': 20}. Best is trial 4 with value: 0.45793347469221857.
Trial 6 finished with value: 0.4608832355013951 and parameters: {'learning_rate': 0.0050834018700114374, 'max_depth': 9, 'min_child_weight': 0.4117599592262879, 'subsample': 0.8916028672163949, 'colsample_bylevel': 0.9085081386743783, 'colsample_bynode': 0.6296178606936361, 'reg_alpha': 1.7923927961485087, 'reg_lambda': 0.5794337107196961, 'grow_policy': 'depthwise', 'max_cat_to_onehot': 18, 'max_leaves': 10}. Best is trial 4 with value: 0.45793347469221857.
Trial 7 finished with value: 0.46415185082000543 and parameters: {'learning_rate': 0.012693089228250284, 'max_depth': 5, 'min_child_weight': 0.49979438035802604, 'subsample': 0.8550229885420852, 'colsample_bylevel': 0.9548850970305306, 'colsample_bynode': 0.7888859700647797, 'reg_alpha': 0.5980592702669147, 'reg_lambda': 3.566252611636253, 'grow_policy': 'depthwise', 'max_cat_to_onehot': 55, 'max_leaves': 85}. Best is trial 4 with value: 0.45793347469221857.
Trial 8 finished with value: 0.45970403056102843 and parameters: {'learning_rate': 0.02393652463662192, 'max_depth': 6, 'min_child_weight': 0.0012417226051008223, 'subsample': 0.6431565707973218, 'colsample_bylevel': 0.6125716742746937, 'colsample_bynode': 0.8545641645055122, 'reg_alpha': 1.5718484697835258, 'reg_lambda': 2.542902598754398, 'grow_policy': 'depthwise', 'max_cat_to_onehot': 22, 'max_leaves': 308}. Best is trial 4 with value: 0.45793347469221857.
Trial 9 finished with value: 0.45839463900498273 and parameters: {'learning_rate': 0.009923006608672534, 'max_depth': 4, 'min_child_weight': 0.011797281245016885, 'subsample': 0.6644885149016018, 'colsample_bylevel': 0.9718790609370292, 'colsample_bynode': 0.9232481518257668, 'reg_alpha': 3.1670554421764665, 'reg_lambda': 4.35731580487957, 'grow_policy': 'depthwise', 'max_cat_to_onehot': 76, 'max_leaves': 106}. Best is trial 4 with value: 0.45793347469221857.
Trial 10 finished with value: 0.4562074834543499 and parameters: {'learning_rate': 0.0884165963731328, 'max_depth': 7, 'min_child_weight': 3.857346839423388, 'subsample': 0.9729161367647149, 'colsample_bylevel': 0.8201989861865416, 'colsample_bynode': 0.9630659181130071, 'reg_alpha': 4.7988577526525065, 'reg_lambda': 2.588720128252829, 'grow_policy': 'lossguide', 'max_cat_to_onehot': 8, 'max_leaves': 9}. Best is trial 10 with value: 0.4562074834543499.
Trial 11 finished with value: 0.4537180464108582 and parameters: {'learning_rate': 0.08544073803822434, 'max_depth': 7, 'min_child_weight': 4.8053033036668475, 'subsample': 0.9969682344023094, 'colsample_bylevel': 0.8217490968503663, 'colsample_bynode': 0.9973928488427499, 'reg_alpha': 4.992295492373733, 'reg_lambda': 2.9071298591896895, 'grow_policy': 'lossguide', 'max_cat_to_onehot': 8, 'max_leaves': 8}. Best is trial 11 with value: 0.4537180464108582.
Trial 12 finished with value: 0.4550149681179825 and parameters: {'learning_rate': 0.09901784592949069, 'max_depth': 7, 'min_child_weight': 4.653580379762918, 'subsample': 0.9979430229675567, 'colsample_bylevel': 0.8184711608541513, 'colsample_bynode': 0.9984066126989743, 'reg_alpha': 4.9549641603581165, 'reg_lambda': 2.707064544722, 'grow_policy': 'lossguide', 'max_cat_to_onehot': 12, 'max_leaves': 9}. Best is trial 11 with value: 0.4537180464108582.
Trial 13 finished with value: 0.45483029712824197 and parameters: {'learning_rate': 0.05415880303953429, 'max_depth': 7, 'min_child_weight': 4.954924186464892, 'subsample': 0.9969028429084305, 'colsample_bylevel': 0.7901217869310057, 'colsample_bynode': 0.9980542727874653, 'reg_alpha': 4.980085345107131, 'reg_lambda': 2.9001628353709528, 'grow_policy': 'lossguide', 'max_cat_to_onehot': 12, 'max_leaves': 17}. Best is trial 11 with value: 0.4537180464108582.
Trial 14 finished with value: 0.461833694882554 and parameters: {'learning_rate': 0.046050307808350566, 'max_depth': 6, 'min_child_weight': 0.09399725043445589, 'subsample': 0.942469723357416, 'colsample_bylevel': 0.7567533616216063, 'colsample_bynode': 0.8990806302849292, 'reg_alpha': 4.229752367549631, 'reg_lambda': 1.8624601546401425, 'grow_policy': 'lossguide', 'max_cat_to_onehot': 31, 'max_leaves': 19}. Best is trial 11 with value: 0.4537180464108582.
Trial 15 finished with value: 0.4617304048961815 and parameters: {'learning_rate': 0.042094549790031896, 'max_depth': 7, 'min_child_weight': 1.3807942535278714, 'subsample': 0.9524426880394576, 'colsample_bylevel': 0.8648894838148515, 'colsample_bynode': 0.9980728303730093, 'reg_alpha': 4.0721607638559805, 'reg_lambda': 3.332711542974665, 'grow_policy': 'lossguide', 'max_cat_to_onehot': 13, 'max_leaves': 18}. Best is trial 11 with value: 0.4537180464108582.
Trial 16 finished with value: 0.4593267698860643 and parameters: {'learning_rate': 0.06409433790026835, 'max_depth': 8, 'min_child_weight': 0.09811178380165274, 'subsample': 0.918902604832242, 'colsample_bylevel': 0.7749702478561183, 'colsample_bynode': 0.9037520818772888, 'reg_alpha': 4.311663274700654, 'reg_lambda': 1.89267098924252, 'grow_policy': 'lossguide', 'max_cat_to_onehot': 11, 'max_leaves': 35}. Best is trial 11 with value: 0.4537180464108582.
Trial 17 finished with value: 0.46163747830758933 and parameters: {'learning_rate': 0.0356863977250977, 'max_depth': 6, 'min_child_weight': 2.096208528204888, 'subsample': 0.994620862167669, 'colsample_bylevel': 0.88839497398522, 'colsample_bynode': 0.9450417739627877, 'reg_alpha': 3.6875512505946535, 'reg_lambda': 3.1555209535151514, 'grow_policy': 'lossguide', 'max_cat_to_onehot': 28, 'max_leaves': 19}. Best is trial 11 with value: 0.4537180464108582.
Trial 18 finished with value: 0.4573409380422372 and parameters: {'learning_rate': 0.06775285869702329, 'max_depth': 5, 'min_child_weight': 0.15847195772915262, 'subsample': 0.8823809705153881, 'colsample_bylevel': 0.7779145721589306, 'colsample_bynode': 0.7265814707736233, 'reg_alpha': 4.995160020711398, 'reg_lambda': 2.0450644552445114, 'grow_policy': 'lossguide', 'max_cat_to_onehot': 11, 'max_leaves': 13}. Best is trial 11 with value: 0.4537180464108582.
Trial 19 finished with value: 0.4623177537683215 and parameters: {'learning_rate': 0.03299356557243857, 'max_depth': 8, 'min_child_weight': 1.68215615232249, 'subsample': 0.9496606563368476, 'colsample_bylevel': 0.9325821473611466, 'colsample_bynode': 0.8600992780190575, 'reg_alpha': 3.6480941407195884, 'reg_lambda': 0.08689028168849333, 'grow_policy': 'lossguide', 'max_cat_to_onehot': 10, 'max_leaves': 56}. Best is trial 11 with value: 0.4537180464108582.
Trial 20 finished with value: 0.46074634630513467 and parameters: {'learning_rate': 0.05327663862162674, 'max_depth': 10, 'min_child_weight': 0.03415962370893974, 'subsample': 0.996976075248623, 'colsample_bylevel': 0.7267340845030493, 'colsample_bynode': 0.9989879313923893, 'reg_alpha': 4.483576511190049, 'reg_lambda': 3.8576227742919222, 'grow_policy': 'lossguide', 'max_cat_to_onehot': 24, 'max_leaves': 29}. Best is trial 11 with value: 0.4537180464108582.
Trial 21 finished with value: 0.4547220982991558 and parameters: {'learning_rate': 0.09632090300147933, 'max_depth': 7, 'min_child_weight': 4.871339471508948, 'subsample': 0.9829351685666884, 'colsample_bylevel': 0.8153428665840586, 'colsample_bynode': 0.9964874226595608, 'reg_alpha': 4.997067529089017, 'reg_lambda': 2.909439069260241, 'grow_policy': 'lossguide', 'max_cat_to_onehot': 13, 'max_leaves': 8}. Best is trial 11 with value: 0.4537180464108582.
Trial 22 finished with value: 0.45437266006481297 and parameters: {'learning_rate': 0.07893725665681403, 'max_depth': 7, 'min_child_weight': 4.675431432918091, 'subsample': 0.9403340051443585, 'colsample_bylevel': 0.8573935447659053, 'colsample_bynode': 0.9570159777557016, 'reg_alpha': 4.67239405627465, 'reg_lambda': 2.991004143052443, 'grow_policy': 'lossguide', 'max_cat_to_onehot': 14, 'max_leaves': 8}. Best is trial 11 with value: 0.4537180464108582.
Trial 23 finished with value: 0.46026211519982513 and parameters: {'learning_rate': 0.08222809624538426, 'max_depth': 6, 'min_child_weight': 0.9720019808120065, 'subsample': 0.931373562328172, 'colsample_bylevel': 0.8594401409511901, 'colsample_bynode': 0.9512616963971238, 'reg_alpha': 3.8128528237225394, 'reg_lambda': 3.1696744015331504, 'grow_policy': 'lossguide', 'max_cat_to_onehot': 15, 'max_leaves': 8}. Best is trial 11 with value: 0.4537180464108582.
Trial 24 finished with value: 0.46031194514069645 and parameters: {'learning_rate': 0.07626916561359622, 'max_depth': 8, 'min_child_weight': 2.2131092827144285, 'subsample': 0.9601636220511923, 'colsample_bylevel': 0.8947202058335308, 'colsample_bynode': 0.9231498641098727, 'reg_alpha': 4.485306877336069, 'reg_lambda': 2.2595299454931332, 'grow_policy': 'lossguide', 'max_cat_to_onehot': 9, 'max_leaves': 13}. Best is trial 11 with value: 0.4537180464108582.
Trial 25 finished with value: 0.45789049120690983 and parameters: {'learning_rate': 0.08831876828184745, 'max_depth': 9, 'min_child_weight': 2.1934064585617206, 'subsample': 0.8827093213144248, 'colsample_bylevel': 0.8498927173474502, 'colsample_bynode': 0.8763708369008493, 'reg_alpha': 4.5831478792726585, 'reg_lambda': 3.6081434921049365, 'grow_policy': 'lossguide', 'max_cat_to_onehot': 14, 'max_leaves': 8}. Best is trial 11 with value: 0.4537180464108582.
Trial 26 finished with value: 0.46241060751029633 and parameters: {'learning_rate': 0.09827798180355268, 'max_depth': 7, 'min_child_weight': 0.8043713422159223, 'subsample': 0.9169676785210898, 'colsample_bylevel': 0.8017333522924446, 'colsample_bynode': 0.9675888598681734, 'reg_alpha': 3.9993475819481077, 'reg_lambda': 1.453533643848878, 'grow_policy': 'depthwise', 'max_cat_to_onehot': 20, 'max_leaves': 13}. Best is trial 11 with value: 0.4537180464108582.
Trial 27 finished with value: 0.461453217943424 and parameters: {'learning_rate': 0.07108762553509894, 'max_depth': 6, 'min_child_weight': 2.6738425025375725, 'subsample': 0.9727907638061818, 'colsample_bylevel': 0.9295505543968413, 'colsample_bynode': 0.9250264105828333, 'reg_alpha': 3.346037131137587, 'reg_lambda': 4.9914181024714015, 'grow_policy': 'lossguide', 'max_cat_to_onehot': 38, 'max_leaves': 28}. Best is trial 11 with value: 0.4537180464108582.
Trial 28 finished with value: 0.4599792258943432 and parameters: {'learning_rate': 0.044391798646910674, 'max_depth': 5, 'min_child_weight': 0.7859221649597687, 'subsample': 0.8524429468331657, 'colsample_bylevel': 0.7442532094655179, 'colsample_bynode': 0.9680443445033273, 'reg_alpha': 4.633734075221392, 'reg_lambda': 2.9301520769458524, 'grow_policy': 'lossguide', 'max_cat_to_onehot': 10, 'max_leaves': 15}. Best is trial 11 with value: 0.4537180464108582.
Trial 29 finished with value: 0.45710045180966336 and parameters: {'learning_rate': 0.0746852274983408, 'max_depth': 9, 'min_child_weight': 0.20983179064545626, 'subsample': 0.8081661123435878, 'colsample_bylevel': 0.6853511684837472, 'colsample_bynode': 0.6974058217915087, 'reg_alpha': 4.217480623321909, 'reg_lambda': 2.283492068535348, 'grow_policy': 'lossguide', 'max_cat_to_onehot': 8, 'max_leaves': 11}. Best is trial 11 with value: 0.4537180464108582.
Trial 30 finished with value: 0.46140568958374945 and parameters: {'learning_rate': 0.0596540894385791, 'max_depth': 7, 'min_child_weight': 2.7454718768569535, 'subsample': 0.9729219484385567, 'colsample_bylevel': 0.87682817445305, 'colsample_bynode': 0.8837698626701634, 'reg_alpha': 2.5655731801056314, 'reg_lambda': 3.97732866808188, 'grow_policy': 'lossguide', 'max_cat_to_onehot': 14, 'max_leaves': 8}. Best is trial 11 with value: 0.4537180464108582.
Trial 31 finished with value: 0.45532967799136037 and parameters: {'learning_rate': 0.05221411572940418, 'max_depth': 7, 'min_child_weight': 4.498541330161771, 'subsample': 0.9759820114788132, 'colsample_bylevel': 0.7969812773409019, 'colsample_bynode': 0.9800487298556362, 'reg_alpha': 4.938148692108326, 'reg_lambda': 3.1117293935535946, 'grow_policy': 'lossguide', 'max_cat_to_onehot': 10, 'max_leaves': 22}. Best is trial 11 with value: 0.4537180464108582.
Trial 32 finished with value: 0.4551935059780326 and parameters: {'learning_rate': 0.05592577113649178, 'max_depth': 8, 'min_child_weight': 4.867126105750786, 'subsample': 0.999550129158194, 'colsample_bylevel': 0.8257728152189531, 'colsample_bynode': 0.9348298260240555, 'reg_alpha': 4.5977831126452315, 'reg_lambda': 2.791849564717525, 'grow_policy': 'lossguide', 'max_cat_to_onehot': 12, 'max_leaves': 13}. Best is trial 11 with value: 0.4537180464108582.
Trial 33 finished with value: 0.45955376847951523 and parameters: {'learning_rate': 0.07767625216472968, 'max_depth': 6, 'min_child_weight': 1.4354290052923382, 'subsample': 0.9364451234319356, 'colsample_bylevel': 0.7872608719507873, 'colsample_bynode': 0.9853393363448811, 'reg_alpha': 4.989594270737246, 'reg_lambda': 2.2895952913809743, 'grow_policy': 'lossguide', 'max_cat_to_onehot': 17, 'max_leaves': 11}. Best is trial 11 with value: 0.4537180464108582.
Trial 34 finished with value: 0.45645999480547045 and parameters: {'learning_rate': 0.03872431324258254, 'max_depth': 7, 'min_child_weight': 2.824285682054623, 'subsample': 0.8935242991213979, 'colsample_bylevel': 0.836999672143546, 'colsample_bynode': 0.9785112771918679, 'reg_alpha': 4.6799376113401046, 'reg_lambda': 1.472630691340207, 'grow_policy': 'lossguide', 'max_cat_to_onehot': 9, 'max_leaves': 25}. Best is trial 11 with value: 0.4537180464108582.
Trial 35 finished with value: 0.46246335572845976 and parameters: {'learning_rate': 0.03126731592711669, 'max_depth': 8, 'min_child_weight': 0.7433015377508787, 'subsample': 0.9608045284872362, 'colsample_bylevel': 0.7607540139214193, 'colsample_bynode': 0.945308136625756, 'reg_alpha': 4.384056551683046, 'reg_lambda': 3.503716584085085, 'grow_policy': 'lossguide', 'max_cat_to_onehot': 16, 'max_leaves': 776}. Best is trial 11 with value: 0.4537180464108582.
Trial 36 finished with value: 0.45702811239332436 and parameters: {'learning_rate': 0.06479294829969248, 'max_depth': 7, 'min_child_weight': 4.865493430303036, 'subsample': 0.9147446692317652, 'colsample_bylevel': 0.8093222038565872, 'colsample_bynode': 0.9142763675381833, 'reg_alpha': 3.9010223818979215, 'reg_lambda': 3.024929527503027, 'grow_policy': 'depthwise', 'max_cat_to_onehot': 13, 'max_leaves': 44}. Best is trial 11 with value: 0.4537180464108582.
Trial 37 finished with value: 0.4568107337171835 and parameters: {'learning_rate': 0.050225896156664944, 'max_depth': 9, 'min_child_weight': 1.3610242029588229, 'subsample': 0.609119992611526, 'colsample_bylevel': 0.8414086631471372, 'colsample_bynode': 0.9637449982178291, 'reg_alpha': 4.757216648347347, 'reg_lambda': 2.4832319787038433, 'grow_policy': 'lossguide', 'max_cat_to_onehot': 9, 'max_leaves': 15}. Best is trial 11 with value: 0.4537180464108582.
Trial 38 finished with value: 0.46062953304590354 and parameters: {'learning_rate': 0.09727705983923216, 'max_depth': 6, 'min_child_weight': 3.071137620120077, 'subsample': 0.9804333176009938, 'colsample_bylevel': 0.7061812135575102, 'colsample_bynode': 0.9498854817373031, 'reg_alpha': 3.477027934178669, 'reg_lambda': 3.757847527793629, 'grow_policy': 'lossguide', 'max_cat_to_onehot': 20, 'max_leaves': 11}. Best is trial 11 with value: 0.4537180464108582.
Trial 39 finished with value: 0.46067271106204777 and parameters: {'learning_rate': 0.006386888686740689, 'max_depth': 8, 'min_child_weight': 1.7775769547996372, 'subsample': 0.7395951628288584, 'colsample_bylevel': 0.9042139183368084, 'colsample_bynode': 0.9822948167736454, 'reg_alpha': 4.133737100942284, 'reg_lambda': 3.292694393932833, 'grow_policy': 'depthwise', 'max_cat_to_onehot': 19, 'max_leaves': 66}. Best is trial 11 with value: 0.4537180464108582.
Trial 40 finished with value: 0.45979532372273 and parameters: {'learning_rate': 0.025458055036047374, 'max_depth': 6, 'min_child_weight': 0.36867427582144086, 'subsample': 0.9342783380840716, 'colsample_bylevel': 0.7375562077542629, 'colsample_bynode': 0.83569487477964, 'reg_alpha': 4.354783718038645, 'reg_lambda': 4.14415425170764, 'grow_policy': 'lossguide', 'max_cat_to_onehot': 16, 'max_leaves': 130}. Best is trial 11 with value: 0.4537180464108582.
Trial 41 finished with value: 0.45434774410596585 and parameters: {'learning_rate': 0.09735672214989531, 'max_depth': 7, 'min_child_weight': 4.896188495814794, 'subsample': 0.9964726713867945, 'colsample_bylevel': 0.8227223150822457, 'colsample_bynode': 0.9966293012850557, 'reg_alpha': 4.802379192850989, 'reg_lambda': 2.736708190258199, 'grow_policy': 'lossguide', 'max_cat_to_onehot': 11, 'max_leaves': 8}. Best is trial 11 with value: 0.4537180464108582.
Trial 42 finished with value: 0.45703788303028425 and parameters: {'learning_rate': 0.08547568500134572, 'max_depth': 7, 'min_child_weight': 3.3001357113331813, 'subsample': 0.9809534804522667, 'colsample_bylevel': 0.8697795522995609, 'colsample_bynode': 0.9981460183908065, 'reg_alpha': 4.759063885413948, 'reg_lambda': 2.852645623873659, 'grow_policy': 'lossguide', 'max_cat_to_onehot': 11, 'max_leaves': 8}. Best is trial 11 with value: 0.4537180464108582.
Trial 43 finished with value: 0.4573102892615631 and parameters: {'learning_rate': 0.0628230158289704, 'max_depth': 7, 'min_child_weight': 3.25619555233248, 'subsample': 0.9577985141173697, 'colsample_bylevel': 0.8275098898613562, 'colsample_bynode': 0.9690093140541703, 'reg_alpha': 4.759904492972666, 'reg_lambda': 2.477860321256347, 'grow_policy': 'lossguide', 'max_cat_to_onehot': 8, 'max_leaves': 10}. Best is trial 11 with value: 0.4537180464108582.
Trial 44 finished with value: 0.455211545159678 and parameters: {'learning_rate': 0.08447059623868987, 'max_depth': 8, 'min_child_weight': 4.7831928456748205, 'subsample': 0.9996225575236244, 'colsample_bylevel': 0.766864854165544, 'colsample_bynode': 0.9390195923453819, 'reg_alpha': 4.482632287571175, 'reg_lambda': 3.428941821580155, 'grow_policy': 'lossguide', 'max_cat_to_onehot': 12, 'max_leaves': 16}. Best is trial 11 with value: 0.4537180464108582.
Trial 45 finished with value: 0.45936523035544863 and parameters: {'learning_rate': 0.06918753722076743, 'max_depth': 7, 'min_child_weight': 1.0673261682186495, 'subsample': 0.9626915848571065, 'colsample_bylevel': 0.7972062184866241, 'colsample_bynode': 0.6017062594387346, 'reg_alpha': 1.2995721402159097, 'reg_lambda': 2.645515290693856, 'grow_policy': 'depthwise', 'max_cat_to_onehot': 14, 'max_leaves': 10}. Best is trial 11 with value: 0.4537180464108582.
Trial 46 finished with value: 0.45997763349875936 and parameters: {'learning_rate': 0.09956327721835628, 'max_depth': 6, 'min_child_weight': 1.8569054262563114, 'subsample': 0.9356212692679242, 'colsample_bylevel': 0.9982907068888208, 'colsample_bynode': 0.9806010723720249, 'reg_alpha': 4.961464807963621, 'reg_lambda': 1.641442405525141, 'grow_policy': 'lossguide', 'max_cat_to_onehot': 9, 'max_leaves': 23}. Best is trial 11 with value: 0.4537180464108582.
Trial 47 finished with value: 0.4628486676005343 and parameters: {'learning_rate': 0.05835656194898364, 'max_depth': 7, 'min_child_weight': 0.5610728273761862, 'subsample': 0.9006620439647471, 'colsample_bylevel': 0.8417411510676439, 'colsample_bynode': 0.999684125152599, 'reg_alpha': 4.152130446677678, 'reg_lambda': 2.1057645095791915, 'grow_policy': 'lossguide', 'max_cat_to_onehot': 12, 'max_leaves': 16}. Best is trial 11 with value: 0.4537180464108582.
Trial 48 finished with value: 0.45765835118136444 and parameters: {'learning_rate': 0.07833101048034222, 'max_depth': 8, 'min_child_weight': 0.0017291835025353358, 'subsample': 0.9825901941164663, 'colsample_bylevel': 0.8143076160664483, 'colsample_bynode': 0.9549338516075547, 'reg_alpha': 4.815700120022183, 'reg_lambda': 2.9344680729528467, 'grow_policy': 'lossguide', 'max_cat_to_onehot': 23, 'max_leaves': 8}. Best is trial 11 with value: 0.4537180464108582.
Trial 49 finished with value: 0.45672924650685764 and parameters: {'learning_rate': 0.08772303787244985, 'max_depth': 5, 'min_child_weight': 3.3916278431122286, 'subsample': 0.9469668166333783, 'colsample_bylevel': 0.6342491051539725, 'colsample_bynode': 0.9324445688257941, 'reg_alpha': 4.432357448473269, 'reg_lambda': 3.659808348979916, 'grow_policy': 'lossguide', 'max_cat_to_onehot': 89, 'max_leaves': 11}. Best is trial 11 with value: 0.4537180464108582.
Optuna Search Completed in: 349.56 seconds

Training final model on optimized parameter setup...

[XGBOOST FINALIZED METRICS]
Optimal Trees:         113
Log_Loss:             0.4579 (Delta to TabPFN: +0.0038)
Accuracy:            0.8853 (Delta to TabPFN: -0.0059)
Final Train Time:      0.38 seconds

--- XGBOOST Feature Importance (Raw vs. Scaled Share) ---
Feature | Raw gain | Share
pca_embed_0 | 3088.08 | 62.26%
pca_embed_1 | 334.15 | 6.74%
pca_embed_4 | 221.08 | 4.46%
pca_embed_6 | 169.19 | 3.41%
pca_embed_2 | 164.12 | 3.31%
pca_embed_17 | 150.92 | 3.04%
pca_embed_16 | 99.31 | 2.00%
pca_embed_7 | 97.86 | 1.97%
pca_embed_5 | 88.90 | 1.79%
pca_embed_10 | 67.40 | 1.36%
pca_embed_3 | 64.60 | 1.30%
pca_embed_11 | 63.32 | 1.28%
pca_embed_14 | 62.24 | 1.25%
pca_embed_15 | 58.73 | 1.18%
pca_embed_8 | 53.33 | 1.08%
pca_embed_19 | 49.41 | 1.00%
pca_embed_9 | 41.84 | 0.84%
pca_embed_18 | 29.14 | 0.59%
pca_embed_12 | 29.05 | 0.59%
pca_embed_13 | 27.57 | 0.56%

=====================================================================
METRIC TYPE                                  | VALUE / PROFILE
=====================================================================
Macro Embedding Share                        | 100.00%
Macro Raw Feature Share                      | 0.00%
---------------------------------------------------------------------
Active Text Embedding Density            | 100.00% (20/20)
Active Raw Tabular Feature Density       | 0.00% (0/0)
---------------------------------------------------------------------
Top-5 Concentration Ratio (CR5)          | 80.17% of total decision weight
Top-10 Concentration Ratio (CR10)        | 90.34% of total decision weight
=====================================================================

Total Pipeline Execution Time: 352.78 seconds

[SUCCESS] Permanent artifacts safely written to 'outputs/1/results/'
