Loading archive 'archives/mic.npz' and initializing pipeline for target: CATBOOST...
Execution Mode: EMBED-ONLY
Session Output Target: outputs/1/
Task Type: MULTICLASS
TabPFN Baselines Loaded - Primary: 0.4541 | Secondary: 0.8912
PCA reduced text embeddings to 20 components.
Final training matrix shape assembled for EMBED-ONLY: (1359, 20)

Running 50-Trial Optuna Study for CATBOOST (EMBED-ONLY)...
A new study created in RDB with name: 20260618_235528_catboost_embed-only_mic
Trial 0 finished with value: 0.5500508640474603 and parameters: {'learning_rate': 0.015355286838886862, 'bootstrap_type': 'Bernoulli', 'subsample': 0.9852142919229748, 'grow_policy': 'SymmetricTree', 'depth': 4, 'colsample_bylevel': 0.8733991780504303, 'l2_leaf_reg': 0.00018747059221802545, 'leaf_estimation_iterations': 12, 'one_hot_max_size': 36, 'model_size_reg': 0.6803900745073703, 'max_ctr_complexity': 2, 'boosting_type': 'Plain', 'max_bin': 254}. Best is trial 0 with value: 0.5500508640474603.
Trial 1 finished with value: 0.5356810569754569 and parameters: {'learning_rate': 0.09138013915892866, 'bootstrap_type': 'Bernoulli', 'subsample': 0.9497327922401265, 'grow_policy': 'SymmetricTree', 'depth': 4, 'colsample_bylevel': 0.8956363364439306, 'l2_leaf_reg': 0.02922905212920092, 'leaf_estimation_iterations': 2, 'one_hot_max_size': 16, 'model_size_reg': 0.5243180891902851, 'max_ctr_complexity': 2, 'boosting_type': 'Plain', 'max_bin': 254}. Best is trial 1 with value: 0.5356810569754569.
Trial 2 finished with value: 0.46190139451889634 and parameters: {'learning_rate': 0.011996621453406362, 'bootstrap_type': 'Bernoulli', 'subsample': 0.8099085529881075, 'grow_policy': 'Depthwise', 'depth': 4, 'colsample_bylevel': 0.9271351657620417, 'l2_leaf_reg': 0.06077686426194464, 'leaf_estimation_iterations': 1, 'one_hot_max_size': 36, 'model_size_reg': 0.15869086642715013, 'max_ctr_complexity': 2, 'boosting_type': 'Plain', 'max_bin': 254}. Best is trial 2 with value: 0.46190139451889634.
Trial 3 finished with value: 0.4982355075869086 and parameters: {'learning_rate': 0.08580222514877409, 'bootstrap_type': 'Bernoulli', 'subsample': 0.9896896099223678, 'grow_policy': 'SymmetricTree', 'depth': 4, 'colsample_bylevel': 0.9526349539768235, 'l2_leaf_reg': 0.011702088154220882, 'leaf_estimation_iterations': 1, 'one_hot_max_size': 27, 'model_size_reg': 0.10975998502129433, 'max_ctr_complexity': 5, 'boosting_type': 'Plain', 'max_bin': 254}. Best is trial 2 with value: 0.46190139451889634.
Trial 4 finished with value: 0.46103222566937035 and parameters: {'learning_rate': 0.010855517271883068, 'bootstrap_type': 'Bernoulli', 'subsample': 0.8987566853061946, 'grow_policy': 'Depthwise', 'depth': 6, 'colsample_bylevel': 0.877728168328829, 'l2_leaf_reg': 3.597899951374983, 'leaf_estimation_iterations': 9, 'one_hot_max_size': 86, 'model_size_reg': 1.128232550122133, 'max_ctr_complexity': 4, 'boosting_type': 'Plain', 'max_bin': 254}. Best is trial 4 with value: 0.46103222566937035.
Trial 5 finished with value: 0.9280871780635934 and parameters: {'learning_rate': 0.07913270952323785, 'bootstrap_type': 'Bernoulli', 'subsample': 0.7265477506155759, 'grow_policy': 'SymmetricTree', 'depth': 5, 'colsample_bylevel': 0.9083015934534223, 'l2_leaf_reg': 0.001883913511943895, 'leaf_estimation_iterations': 11, 'one_hot_max_size': 19, 'model_size_reg': 0.21399549030176218, 'max_ctr_complexity': 4, 'boosting_type': 'Plain', 'max_bin': 254}. Best is trial 4 with value: 0.46103222566937035.
Trial 6 finished with value: 0.596689706954601 and parameters: {'learning_rate': 0.007626348515257587, 'bootstrap_type': 'Bernoulli', 'subsample': 0.9406590942262119, 'grow_policy': 'Depthwise', 'depth': 7, 'colsample_bylevel': 0.8798073522301258, 'l2_leaf_reg': 0.00010615690854925657, 'leaf_estimation_iterations': 10, 'one_hot_max_size': 47, 'model_size_reg': 0.7200770311577639, 'max_ctr_complexity': 5, 'boosting_type': 'Plain', 'max_bin': 254}. Best is trial 4 with value: 0.46103222566937035.
Trial 7 finished with value: 0.47995668177358314 and parameters: {'learning_rate': 0.006241720498669827, 'bootstrap_type': 'Bernoulli', 'subsample': 0.8075397185632818, 'grow_policy': 'Depthwise', 'depth': 7, 'colsample_bylevel': 0.8996347037278973, 'l2_leaf_reg': 0.00019891099118865958, 'leaf_estimation_iterations': 2, 'one_hot_max_size': 17, 'model_size_reg': 0.7212460519889856, 'max_ctr_complexity': 4, 'boosting_type': 'Plain', 'max_bin': 254}. Best is trial 4 with value: 0.46103222566937035.
Trial 8 finished with value: 0.5474009105554591 and parameters: {'learning_rate': 0.07132805718188966, 'bootstrap_type': 'Bernoulli', 'subsample': 0.8416644775485848, 'grow_policy': 'Depthwise', 'depth': 7, 'colsample_bylevel': 0.9341915796354244, 'l2_leaf_reg': 0.4195190175255899, 'leaf_estimation_iterations': 3, 'one_hot_max_size': 29, 'model_size_reg': 0.318293122389662, 'max_ctr_complexity': 2, 'boosting_type': 'Plain', 'max_bin': 254}. Best is trial 4 with value: 0.46103222566937035.
Trial 9 finished with value: 0.47498712769996504 and parameters: {'learning_rate': 0.006907803691475429, 'bootstrap_type': 'Bernoulli', 'subsample': 0.7094287557060203, 'grow_policy': 'SymmetricTree', 'depth': 6, 'colsample_bylevel': 0.986134971088914, 'l2_leaf_reg': 0.0014839412491251364, 'leaf_estimation_iterations': 2, 'one_hot_max_size': 53, 'model_size_reg': 0.18581788925405318, 'max_ctr_complexity': 2, 'boosting_type': 'Plain', 'max_bin': 254}. Best is trial 4 with value: 0.46103222566937035.
Trial 10 finished with value: 0.4946800017661418 and parameters: {'learning_rate': 0.03273941684536397, 'bootstrap_type': 'Bernoulli', 'subsample': 0.8951729718411334, 'grow_policy': 'Depthwise', 'depth': 8, 'colsample_bylevel': 0.853286443127006, 'l2_leaf_reg': 1.841152012664479, 'leaf_estimation_iterations': 5, 'one_hot_max_size': 92, 'model_size_reg': 1.3327052390755632, 'max_ctr_complexity': 3, 'boosting_type': 'Plain', 'max_bin': 254}. Best is trial 4 with value: 0.46103222566937035.
Trial 11 finished with value: 0.49408710887108553 and parameters: {'learning_rate': 0.014611907623616187, 'bootstrap_type': 'Bernoulli', 'subsample': 0.7990917536531074, 'grow_policy': 'Depthwise', 'depth': 5, 'colsample_bylevel': 0.93426445640718, 'l2_leaf_reg': 0.3516104574478991, 'leaf_estimation_iterations': 20, 'one_hot_max_size': 100, 'model_size_reg': 1.1917585890137399, 'max_ctr_complexity': 3, 'boosting_type': 'Plain', 'max_bin': 254}. Best is trial 4 with value: 0.46103222566937035.
Trial 12 finished with value: 0.45596365897828806 and parameters: {'learning_rate': 0.014397011082124756, 'bootstrap_type': 'Bernoulli', 'subsample': 0.8678274466815711, 'grow_policy': 'Depthwise', 'depth': 5, 'colsample_bylevel': 0.9796802396111455, 'l2_leaf_reg': 4.58523005051498, 'leaf_estimation_iterations': 1, 'one_hot_max_size': 68, 'model_size_reg': 0.3683019015364747, 'max_ctr_complexity': 3, 'boosting_type': 'Plain', 'max_bin': 254}. Best is trial 12 with value: 0.45596365897828806.
Trial 13 finished with value: 0.4672999198567232 and parameters: {'learning_rate': 0.025501103105218036, 'bootstrap_type': 'Bernoulli', 'subsample': 0.8851718013633871, 'grow_policy': 'Depthwise', 'depth': 6, 'colsample_bylevel': 0.9990251910800942, 'l2_leaf_reg': 4.942886356445238, 'leaf_estimation_iterations': 6, 'one_hot_max_size': 66, 'model_size_reg': 0.34953375939314013, 'max_ctr_complexity': 4, 'boosting_type': 'Plain', 'max_bin': 254}. Best is trial 12 with value: 0.45596365897828806.
Trial 14 finished with value: 0.4592291511713665 and parameters: {'learning_rate': 0.010374372275132382, 'bootstrap_type': 'Bernoulli', 'subsample': 0.8752685793201738, 'grow_policy': 'Depthwise', 'depth': 5, 'colsample_bylevel': 0.9691340698897073, 'l2_leaf_reg': 0.9221583210829047, 'leaf_estimation_iterations': 1, 'one_hot_max_size': 10, 'model_size_reg': 0.38077719605523075, 'max_ctr_complexity': 3, 'boosting_type': 'Plain', 'max_bin': 254}. Best is trial 12 with value: 0.45596365897828806.
Trial 15 finished with value: 0.4576930841276078 and parameters: {'learning_rate': 0.023302738599626102, 'bootstrap_type': 'Bernoulli', 'subsample': 0.8511516596619366, 'grow_policy': 'Depthwise', 'depth': 5, 'colsample_bylevel': 0.9651082856781916, 'l2_leaf_reg': 0.7757959394658933, 'leaf_estimation_iterations': 1, 'one_hot_max_size': 8, 'model_size_reg': 0.3647259601158661, 'max_ctr_complexity': 3, 'boosting_type': 'Plain', 'max_bin': 254}. Best is trial 12 with value: 0.45596365897828806.
Trial 16 finished with value: 0.47060509997255073 and parameters: {'learning_rate': 0.02841887228015285, 'bootstrap_type': 'Bernoulli', 'subsample': 0.7609524784084656, 'grow_policy': 'Depthwise', 'depth': 5, 'colsample_bylevel': 0.9675350211224155, 'l2_leaf_reg': 0.19154321197381433, 'leaf_estimation_iterations': 1, 'one_hot_max_size': 8, 'model_size_reg': 0.27783768907341183, 'max_ctr_complexity': 3, 'boosting_type': 'Plain', 'max_bin': 254}. Best is trial 12 with value: 0.45596365897828806.
Trial 17 finished with value: 0.4565785721714447 and parameters: {'learning_rate': 0.04258788416701117, 'bootstrap_type': 'Bernoulli', 'subsample': 0.845261839663113, 'grow_policy': 'Depthwise', 'depth': 5, 'colsample_bylevel': 0.9586409884784411, 'l2_leaf_reg': 1.310621030258686, 'leaf_estimation_iterations': 1, 'one_hot_max_size': 12, 'model_size_reg': 0.48142696827348486, 'max_ctr_complexity': 3, 'boosting_type': 'Plain', 'max_bin': 254}. Best is trial 12 with value: 0.45596365897828806.
Trial 18 finished with value: 0.4973236748299287 and parameters: {'learning_rate': 0.0472198080305431, 'bootstrap_type': 'Bernoulli', 'subsample': 0.7646549445076987, 'grow_policy': 'Depthwise', 'depth': 6, 'colsample_bylevel': 0.987046140332765, 'l2_leaf_reg': 0.09072984647762178, 'leaf_estimation_iterations': 1, 'one_hot_max_size': 12, 'model_size_reg': 0.5346172486100382, 'max_ctr_complexity': 3, 'boosting_type': 'Plain', 'max_bin': 254}. Best is trial 12 with value: 0.45596365897828806.
Trial 19 finished with value: 0.46939946488986484 and parameters: {'learning_rate': 0.04256204088315463, 'bootstrap_type': 'Bernoulli', 'subsample': 0.8440468451800676, 'grow_policy': 'Depthwise', 'depth': 5, 'colsample_bylevel': 0.9494218999859105, 'l2_leaf_reg': 1.552513990296775, 'leaf_estimation_iterations': 3, 'one_hot_max_size': 25, 'model_size_reg': 0.4527272206477973, 'max_ctr_complexity': 4, 'boosting_type': 'Plain', 'max_bin': 254}. Best is trial 12 with value: 0.45596365897828806.
Trial 20 finished with value: 0.4571084348202879 and parameters: {'learning_rate': 0.01902686072676835, 'bootstrap_type': 'Bernoulli', 'subsample': 0.9293757117406447, 'grow_policy': 'Depthwise', 'depth': 6, 'colsample_bylevel': 0.9809788699374542, 'l2_leaf_reg': 4.543445349962272, 'leaf_estimation_iterations': 2, 'one_hot_max_size': 12, 'model_size_reg': 0.2460096901471415, 'max_ctr_complexity': 3, 'boosting_type': 'Plain', 'max_bin': 254}. Best is trial 12 with value: 0.45596365897828806.
Trial 21 finished with value: 0.4585219643686562 and parameters: {'learning_rate': 0.018431374036174425, 'bootstrap_type': 'Bernoulli', 'subsample': 0.9292807911079445, 'grow_policy': 'Depthwise', 'depth': 6, 'colsample_bylevel': 0.9882259491681814, 'l2_leaf_reg': 4.8649771439856195, 'leaf_estimation_iterations': 2, 'one_hot_max_size': 12, 'model_size_reg': 0.23760629701178204, 'max_ctr_complexity': 3, 'boosting_type': 'Plain', 'max_bin': 254}. Best is trial 12 with value: 0.45596365897828806.
Trial 22 finished with value: 0.464360037734613 and parameters: {'learning_rate': 0.05023957632851077, 'bootstrap_type': 'Bernoulli', 'subsample': 0.9162738146932836, 'grow_policy': 'Depthwise', 'depth': 6, 'colsample_bylevel': 0.9752552069115213, 'l2_leaf_reg': 1.6771647435110426, 'leaf_estimation_iterations': 1, 'one_hot_max_size': 13, 'model_size_reg': 0.13270977908713086, 'max_ctr_complexity': 3, 'boosting_type': 'Plain', 'max_bin': 254}. Best is trial 12 with value: 0.45596365897828806.
Trial 23 finished with value: 0.4761669862111793 and parameters: {'learning_rate': 0.020570704921878735, 'bootstrap_type': 'Bernoulli', 'subsample': 0.8632750877456983, 'grow_policy': 'Depthwise', 'depth': 5, 'colsample_bylevel': 0.9552415190650388, 'l2_leaf_reg': 0.3199405846457003, 'leaf_estimation_iterations': 3, 'one_hot_max_size': 20, 'model_size_reg': 0.2612948956732804, 'max_ctr_complexity': 3, 'boosting_type': 'Plain', 'max_bin': 254}. Best is trial 12 with value: 0.45596365897828806.
Trial 24 finished with value: 0.46319183723238 and parameters: {'learning_rate': 0.03752736719042523, 'bootstrap_type': 'Bernoulli', 'subsample': 0.9608836776999168, 'grow_policy': 'Depthwise', 'depth': 7, 'colsample_bylevel': 0.9789316121786218, 'l2_leaf_reg': 1.9248127391812093, 'leaf_estimation_iterations': 1, 'one_hot_max_size': 15, 'model_size_reg': 0.4412732482431524, 'max_ctr_complexity': 4, 'boosting_type': 'Plain', 'max_bin': 254}. Best is trial 12 with value: 0.45596365897828806.
Trial 25 finished with value: 0.4742403550969264 and parameters: {'learning_rate': 0.017299579848269384, 'bootstrap_type': 'Bernoulli', 'subsample': 0.8298787187507303, 'grow_policy': 'Depthwise', 'depth': 8, 'colsample_bylevel': 0.941486453741775, 'l2_leaf_reg': 0.7299639140594061, 'leaf_estimation_iterations': 2, 'one_hot_max_size': 10, 'model_size_reg': 0.9228116187814058, 'max_ctr_complexity': 3, 'boosting_type': 'Plain', 'max_bin': 254}. Best is trial 12 with value: 0.45596365897828806.
Trial 26 finished with value: 0.46336499760302213 and parameters: {'learning_rate': 0.06066560617530996, 'bootstrap_type': 'Bernoulli', 'subsample': 0.9092747298523032, 'grow_policy': 'SymmetricTree', 'depth': 5, 'colsample_bylevel': 0.9986345863582234, 'l2_leaf_reg': 2.803962669390632, 'leaf_estimation_iterations': 1, 'one_hot_max_size': 23, 'model_size_reg': 0.1957838846681772, 'max_ctr_complexity': 2, 'boosting_type': 'Plain', 'max_bin': 254}. Best is trial 12 with value: 0.45596365897828806.
Trial 27 finished with value: 0.46488632671865426 and parameters: {'learning_rate': 0.008360308743661784, 'bootstrap_type': 'Bernoulli', 'subsample': 0.8727349596925751, 'grow_policy': 'Depthwise', 'depth': 6, 'colsample_bylevel': 0.9616728680456194, 'l2_leaf_reg': 0.15855059707549107, 'leaf_estimation_iterations': 1, 'one_hot_max_size': 65, 'model_size_reg': 0.2932490658617021, 'max_ctr_complexity': 3, 'boosting_type': 'Plain', 'max_bin': 254}. Best is trial 12 with value: 0.45596365897828806.
Trial 28 finished with value: 0.45915153563858635 and parameters: {'learning_rate': 0.005332727586229324, 'bootstrap_type': 'Bernoulli', 'subsample': 0.9687988775055602, 'grow_policy': 'Depthwise', 'depth': 4, 'colsample_bylevel': 0.9207324164092499, 'l2_leaf_reg': 0.9200706753211341, 'leaf_estimation_iterations': 4, 'one_hot_max_size': 34, 'model_size_reg': 0.6079289116143101, 'max_ctr_complexity': 4, 'boosting_type': 'Plain', 'max_bin': 254}. Best is trial 12 with value: 0.45596365897828806.
Trial 29 finished with value: 0.4575853534765445 and parameters: {'learning_rate': 0.014858629897501464, 'bootstrap_type': 'Bernoulli', 'subsample': 0.8218458233460816, 'grow_policy': 'SymmetricTree', 'depth': 4, 'colsample_bylevel': 0.9784391952135204, 'l2_leaf_reg': 4.9193303082323965, 'leaf_estimation_iterations': 2, 'one_hot_max_size': 10, 'model_size_reg': 0.8635927014021674, 'max_ctr_complexity': 2, 'boosting_type': 'Plain', 'max_bin': 254}. Best is trial 12 with value: 0.45596365897828806.
Trial 30 finished with value: 0.46057011439131157 and parameters: {'learning_rate': 0.012912782273898716, 'bootstrap_type': 'Bernoulli', 'subsample': 0.7772862372935295, 'grow_policy': 'Depthwise', 'depth': 5, 'colsample_bylevel': 0.9446910192805054, 'l2_leaf_reg': 0.5497115434671505, 'leaf_estimation_iterations': 1, 'one_hot_max_size': 40, 'model_size_reg': 0.4782377303845117, 'max_ctr_complexity': 3, 'boosting_type': 'Plain', 'max_bin': 254}. Best is trial 12 with value: 0.45596365897828806.
Trial 31 finished with value: 0.45776423373400066 and parameters: {'learning_rate': 0.009216327729133316, 'bootstrap_type': 'Bernoulli', 'subsample': 0.8246494274457463, 'grow_policy': 'SymmetricTree', 'depth': 4, 'colsample_bylevel': 0.9800754094402379, 'l2_leaf_reg': 3.015934890375638, 'leaf_estimation_iterations': 2, 'one_hot_max_size': 9, 'model_size_reg': 0.7506400718776981, 'max_ctr_complexity': 2, 'boosting_type': 'Plain', 'max_bin': 254}. Best is trial 12 with value: 0.45596365897828806.
Trial 32 finished with value: 0.46005860232796925 and parameters: {'learning_rate': 0.015095141862461296, 'bootstrap_type': 'Bernoulli', 'subsample': 0.7841784663910651, 'grow_policy': 'SymmetricTree', 'depth': 4, 'colsample_bylevel': 0.9736756909258308, 'l2_leaf_reg': 1.3556176949482577, 'leaf_estimation_iterations': 2, 'one_hot_max_size': 14, 'model_size_reg': 0.8512353594180377, 'max_ctr_complexity': 2, 'boosting_type': 'Plain', 'max_bin': 254}. Best is trial 12 with value: 0.45596365897828806.
Trial 33 finished with value: 0.45971332712307855 and parameters: {'learning_rate': 0.01995140661741942, 'bootstrap_type': 'Bernoulli', 'subsample': 0.8599800317321967, 'grow_policy': 'SymmetricTree', 'depth': 4, 'colsample_bylevel': 0.9585483007943066, 'l2_leaf_reg': 4.477990481400807, 'leaf_estimation_iterations': 3, 'one_hot_max_size': 10, 'model_size_reg': 0.6086100564200749, 'max_ctr_complexity': 2, 'boosting_type': 'Plain', 'max_bin': 254}. Best is trial 12 with value: 0.45596365897828806.
Trial 34 finished with value: 0.4592849162749471 and parameters: {'learning_rate': 0.013245802195488328, 'bootstrap_type': 'Bernoulli', 'subsample': 0.8238843737143267, 'grow_policy': 'SymmetricTree', 'depth': 4, 'colsample_bylevel': 0.9909312977227611, 'l2_leaf_reg': 2.394958401156892, 'leaf_estimation_iterations': 1, 'one_hot_max_size': 11, 'model_size_reg': 0.9587281417206178, 'max_ctr_complexity': 2, 'boosting_type': 'Plain', 'max_bin': 254}. Best is trial 12 with value: 0.45596365897828806.
Trial 35 finished with value: 0.46160345292538896 and parameters: {'learning_rate': 0.030828927700248795, 'bootstrap_type': 'Bernoulli', 'subsample': 0.9263369718605025, 'grow_policy': 'SymmetricTree', 'depth': 4, 'colsample_bylevel': 0.9828625326063047, 'l2_leaf_reg': 1.0561663308649123, 'leaf_estimation_iterations': 2, 'one_hot_max_size': 17, 'model_size_reg': 0.15993395389285775, 'max_ctr_complexity': 2, 'boosting_type': 'Plain', 'max_bin': 254}. Best is trial 12 with value: 0.45596365897828806.
Trial 36 finished with value: 0.45962130841451143 and parameters: {'learning_rate': 0.016309072750782812, 'bootstrap_type': 'Bernoulli', 'subsample': 0.892041085240895, 'grow_policy': 'SymmetricTree', 'depth': 5, 'colsample_bylevel': 0.971675921619075, 'l2_leaf_reg': 2.56795786916867, 'leaf_estimation_iterations': 1, 'one_hot_max_size': 21, 'model_size_reg': 0.5551455737194241, 'max_ctr_complexity': 3, 'boosting_type': 'Plain', 'max_bin': 254}. Best is trial 12 with value: 0.45596365897828806.
Trial 37 finished with value: 0.46354255968504166 and parameters: {'learning_rate': 0.01195985268515749, 'bootstrap_type': 'Bernoulli', 'subsample': 0.9982975420649451, 'grow_policy': 'SymmetricTree', 'depth': 4, 'colsample_bylevel': 0.9583796376924628, 'l2_leaf_reg': 0.011069746570932362, 'leaf_estimation_iterations': 1, 'one_hot_max_size': 74, 'model_size_reg': 0.3974722617696947, 'max_ctr_complexity': 5, 'boosting_type': 'Plain', 'max_bin': 254}. Best is trial 12 with value: 0.45596365897828806.
Trial 38 finished with value: 0.49746014206621714 and parameters: {'learning_rate': 0.023522422711254876, 'bootstrap_type': 'Bernoulli', 'subsample': 0.9512435482089338, 'grow_policy': 'Depthwise', 'depth': 6, 'colsample_bylevel': 0.9933892574213726, 'l2_leaf_reg': 0.21129355264612576, 'leaf_estimation_iterations': 4, 'one_hot_max_size': 16, 'model_size_reg': 0.23549966347471993, 'max_ctr_complexity': 2, 'boosting_type': 'Plain', 'max_bin': 254}. Best is trial 12 with value: 0.45596365897828806.
Trial 39 finished with value: 0.4810843300612563 and parameters: {'learning_rate': 0.010308320299257089, 'bootstrap_type': 'Bernoulli', 'subsample': 0.9732482431362776, 'grow_policy': 'SymmetricTree', 'depth': 7, 'colsample_bylevel': 0.9498271628706161, 'l2_leaf_reg': 0.04394665302042145, 'leaf_estimation_iterations': 2, 'one_hot_max_size': 32, 'model_size_reg': 0.3168323702126967, 'max_ctr_complexity': 4, 'boosting_type': 'Plain', 'max_bin': 254}. Best is trial 12 with value: 0.45596365897828806.
Trial 40 finished with value: 0.4702449876559977 and parameters: {'learning_rate': 0.054751165733892986, 'bootstrap_type': 'Bernoulli', 'subsample': 0.8056455669376698, 'grow_policy': 'Depthwise', 'depth': 5, 'colsample_bylevel': 0.9239559952872601, 'l2_leaf_reg': 0.5114146778042933, 'leaf_estimation_iterations': 1, 'one_hot_max_size': 41, 'model_size_reg': 0.10784087174623512, 'max_ctr_complexity': 3, 'boosting_type': 'Plain', 'max_bin': 254}. Best is trial 12 with value: 0.45596365897828806.
Trial 41 finished with value: 0.45494819526589403 and parameters: {'learning_rate': 0.021840956489303984, 'bootstrap_type': 'Bernoulli', 'subsample': 0.844519982680948, 'grow_policy': 'Depthwise', 'depth': 5, 'colsample_bylevel': 0.9662969227070262, 'l2_leaf_reg': 4.9945208752857635, 'leaf_estimation_iterations': 1, 'one_hot_max_size': 9, 'model_size_reg': 0.3712699331130298, 'max_ctr_complexity': 3, 'boosting_type': 'Plain', 'max_bin': 254}. Best is trial 41 with value: 0.45494819526589403.
Trial 42 finished with value: 0.45575182830439787 and parameters: {'learning_rate': 0.02031230569901395, 'bootstrap_type': 'Bernoulli', 'subsample': 0.832171523691428, 'grow_policy': 'Depthwise', 'depth': 5, 'colsample_bylevel': 0.978018973054201, 'l2_leaf_reg': 3.125730527548232, 'leaf_estimation_iterations': 1, 'one_hot_max_size': 9, 'model_size_reg': 1.4857770909223826, 'max_ctr_complexity': 3, 'boosting_type': 'Plain', 'max_bin': 254}. Best is trial 41 with value: 0.45494819526589403.
Trial 43 finished with value: 0.4567153388985269 and parameters: {'learning_rate': 0.0368051589769692, 'bootstrap_type': 'Bernoulli', 'subsample': 0.8397008511502181, 'grow_policy': 'Depthwise', 'depth': 5, 'colsample_bylevel': 0.9650606074327513, 'l2_leaf_reg': 2.5738009269791133, 'leaf_estimation_iterations': 1, 'one_hot_max_size': 9, 'model_size_reg': 0.4066228977288557, 'max_ctr_complexity': 3, 'boosting_type': 'Plain', 'max_bin': 254}. Best is trial 41 with value: 0.45494819526589403.
Trial 44 finished with value: 0.4577925785490324 and parameters: {'learning_rate': 0.032100397869677964, 'bootstrap_type': 'Bernoulli', 'subsample': 0.8378439027776385, 'grow_policy': 'Depthwise', 'depth': 5, 'colsample_bylevel': 0.9645271195041111, 'l2_leaf_reg': 1.4504159007567201, 'leaf_estimation_iterations': 1, 'one_hot_max_size': 8, 'model_size_reg': 0.41118377646004567, 'max_ctr_complexity': 3, 'boosting_type': 'Plain', 'max_bin': 254}. Best is trial 41 with value: 0.45494819526589403.
Trial 45 finished with value: 0.45941801087688183 and parameters: {'learning_rate': 0.03969109535336933, 'bootstrap_type': 'Bernoulli', 'subsample': 0.8560480931414804, 'grow_policy': 'Depthwise', 'depth': 5, 'colsample_bylevel': 0.9376516742520087, 'l2_leaf_reg': 2.654701833495638, 'leaf_estimation_iterations': 1, 'one_hot_max_size': 9, 'model_size_reg': 1.4416909523100727, 'max_ctr_complexity': 3, 'boosting_type': 'Plain', 'max_bin': 254}. Best is trial 41 with value: 0.45494819526589403.
Trial 46 finished with value: 0.4601728931481464 and parameters: {'learning_rate': 0.03581393840626715, 'bootstrap_type': 'Bernoulli', 'subsample': 0.8750094064046354, 'grow_policy': 'Depthwise', 'depth': 5, 'colsample_bylevel': 0.9513000328287762, 'l2_leaf_reg': 1.1971970952313196, 'leaf_estimation_iterations': 1, 'one_hot_max_size': 9, 'model_size_reg': 0.49266539001989607, 'max_ctr_complexity': 3, 'boosting_type': 'Plain', 'max_bin': 254}. Best is trial 41 with value: 0.45494819526589403.
Trial 47 finished with value: 0.4575880870262927 and parameters: {'learning_rate': 0.02702413284539786, 'bootstrap_type': 'Bernoulli', 'subsample': 0.7879007071560558, 'grow_policy': 'Depthwise', 'depth': 5, 'colsample_bylevel': 0.9710514877133218, 'l2_leaf_reg': 2.807611419332928, 'leaf_estimation_iterations': 1, 'one_hot_max_size': 52, 'model_size_reg': 0.3268045307981996, 'max_ctr_complexity': 4, 'boosting_type': 'Plain', 'max_bin': 254}. Best is trial 41 with value: 0.45494819526589403.
Trial 48 finished with value: 0.4794782804580288 and parameters: {'learning_rate': 0.09201129432910558, 'bootstrap_type': 'Bernoulli', 'subsample': 0.8398256482745237, 'grow_policy': 'Depthwise', 'depth': 5, 'colsample_bylevel': 0.9629147191252367, 'l2_leaf_reg': 0.6052147504594222, 'leaf_estimation_iterations': 1, 'one_hot_max_size': 8, 'model_size_reg': 1.1025080766676594, 'max_ctr_complexity': 3, 'boosting_type': 'Plain', 'max_bin': 254}. Best is trial 41 with value: 0.45494819526589403.
Trial 49 finished with value: 0.4859756967846717 and parameters: {'learning_rate': 0.06706855086958802, 'bootstrap_type': 'Bernoulli', 'subsample': 0.8116958226994299, 'grow_policy': 'Depthwise', 'depth': 5, 'colsample_bylevel': 0.9306023774566905, 'l2_leaf_reg': 0.31465356450859244, 'leaf_estimation_iterations': 1, 'one_hot_max_size': 11, 'model_size_reg': 0.6267127567113221, 'max_ctr_complexity': 3, 'boosting_type': 'Plain', 'max_bin': 254}. Best is trial 41 with value: 0.45494819526589403.
Optuna Search Completed in: 727.85 seconds

Training final model on optimized parameter setup...

[CATBOOST FINALIZED METRICS]
Optimal Trees:         725
Log_Loss:             0.4528 (Delta to TabPFN: -0.0014)
Accuracy:            0.8824 (Delta to TabPFN: -0.0088)
Final Train Time:      4.33 seconds

--- CATBOOST Feature Importance (Raw vs. Scaled Share) ---
Feature | Raw gain | Share
pca_embed_0 | 41.70 | 41.70%
pca_embed_1 | 6.18 | 6.18%
pca_embed_7 | 4.56 | 4.56%
pca_embed_6 | 4.45 | 4.45%
pca_embed_4 | 4.38 | 4.38%
pca_embed_17 | 4.09 | 4.09%
pca_embed_3 | 3.95 | 3.95%
pca_embed_2 | 3.36 | 3.36%
pca_embed_16 | 3.36 | 3.36%
pca_embed_5 | 2.84 | 2.84%
pca_embed_11 | 2.66 | 2.66%
pca_embed_15 | 2.58 | 2.58%
pca_embed_12 | 2.37 | 2.37%
pca_embed_10 | 2.32 | 2.32%
pca_embed_8 | 2.14 | 2.14%
pca_embed_14 | 1.96 | 1.96%
pca_embed_18 | 1.93 | 1.93%
pca_embed_19 | 1.77 | 1.77%
pca_embed_13 | 1.72 | 1.72%
pca_embed_9 | 1.68 | 1.68%

=====================================================================
METRIC TYPE                                  | VALUE / PROFILE
=====================================================================
Macro Embedding Share                        | 100.00%
Macro Raw Feature Share                      | 0.00%
---------------------------------------------------------------------
Active Text Embedding Density            | 100.00% (20/20)
Active Raw Tabular Feature Density       | 0.00% (0/0)
---------------------------------------------------------------------
Top-5 Concentration Ratio (CR5)          | 61.28% of total decision weight
Top-10 Concentration Ratio (CR10)        | 78.88% of total decision weight
=====================================================================

Total Pipeline Execution Time: 734.74 seconds

[SUCCESS] Permanent artifacts safely written to 'outputs/1/results/'
