Loading archive 'archives/wine_quality.npz' and initializing pipeline for target: CATBOOST...
Execution Mode: RAW-ONLY
Session Output Target: outputs/1/
Task Type: REGRESSION
TabPFN Baselines Loaded - Primary: 0.5666 | Secondary: 0.3211
PCA reduced text embeddings to 25 components.
Final training matrix shape assembled for RAW-ONLY: (5197, 12)

Running 50-Trial Optuna Study for CATBOOST (RAW-ONLY)...
A new study created in RDB with name: 20260619_011617_catboost_raw-only_wine_quality
Trial 0 finished with value: 0.6726779407884684 and parameters: {'learning_rate': 0.015355286838886862, 'bootstrap_type': 'Bernoulli', 'subsample': 0.9852142919229748, 'grow_policy': 'SymmetricTree', 'depth': 4, 'colsample_bylevel': 0.8733991780504303, 'l2_leaf_reg': 0.00018747059221802545, 'leaf_estimation_iterations': 12, 'one_hot_max_size': 36, 'model_size_reg': 0.6803900745073703, 'max_ctr_complexity': 2, 'boosting_type': 'Plain', 'max_bin': 254}. Best is trial 0 with value: 0.6726779407884684.
Trial 1 finished with value: 0.6474390765256722 and parameters: {'learning_rate': 0.09138013915892866, 'bootstrap_type': 'Bernoulli', 'subsample': 0.9497327922401265, 'grow_policy': 'SymmetricTree', 'depth': 4, 'colsample_bylevel': 0.8956363364439306, 'l2_leaf_reg': 0.02922905212920092, 'leaf_estimation_iterations': 2, 'one_hot_max_size': 16, 'model_size_reg': 0.5243180891902851, 'max_ctr_complexity': 2, 'boosting_type': 'Plain', 'max_bin': 254}. Best is trial 1 with value: 0.6474390765256722.
Trial 2 finished with value: 0.6719499757586582 and parameters: {'learning_rate': 0.011996621453406362, 'bootstrap_type': 'Bernoulli', 'subsample': 0.8099085529881075, 'grow_policy': 'Depthwise', 'depth': 4, 'colsample_bylevel': 0.9271351657620417, 'l2_leaf_reg': 0.06077686426194464, 'leaf_estimation_iterations': 1, 'one_hot_max_size': 36, 'model_size_reg': 0.15869086642715013, 'max_ctr_complexity': 2, 'boosting_type': 'Plain', 'max_bin': 254}. Best is trial 1 with value: 0.6474390765256722.
Trial 3 finished with value: 0.6494545299293943 and parameters: {'learning_rate': 0.08580222514877409, 'bootstrap_type': 'Bernoulli', 'subsample': 0.9896896099223678, 'grow_policy': 'SymmetricTree', 'depth': 4, 'colsample_bylevel': 0.9526349539768235, 'l2_leaf_reg': 0.011702088154220882, 'leaf_estimation_iterations': 1, 'one_hot_max_size': 27, 'model_size_reg': 0.10975998502129433, 'max_ctr_complexity': 5, 'boosting_type': 'Plain', 'max_bin': 254}. Best is trial 1 with value: 0.6474390765256722.
Trial 4 finished with value: 0.6495599805895332 and parameters: {'learning_rate': 0.010855517271883068, 'bootstrap_type': 'Bernoulli', 'subsample': 0.8987566853061946, 'grow_policy': 'Depthwise', 'depth': 6, 'colsample_bylevel': 0.877728168328829, 'l2_leaf_reg': 3.597899951374983, 'leaf_estimation_iterations': 9, 'one_hot_max_size': 86, 'model_size_reg': 1.128232550122133, 'max_ctr_complexity': 4, 'boosting_type': 'Plain', 'max_bin': 254}. Best is trial 1 with value: 0.6474390765256722.
Trial 5 finished with value: 0.637674992068616 and parameters: {'learning_rate': 0.07913270952323785, 'bootstrap_type': 'Bernoulli', 'subsample': 0.7265477506155759, 'grow_policy': 'SymmetricTree', 'depth': 5, 'colsample_bylevel': 0.9083015934534223, 'l2_leaf_reg': 0.001883913511943895, 'leaf_estimation_iterations': 11, 'one_hot_max_size': 19, 'model_size_reg': 0.21399549030176218, 'max_ctr_complexity': 4, 'boosting_type': 'Plain', 'max_bin': 254}. Best is trial 5 with value: 0.637674992068616.
Trial 6 finished with value: 0.6537822316672793 and parameters: {'learning_rate': 0.007626348515257587, 'bootstrap_type': 'Bernoulli', 'subsample': 0.9406590942262119, 'grow_policy': 'Depthwise', 'depth': 7, 'colsample_bylevel': 0.8798073522301258, 'l2_leaf_reg': 0.00010615690854925657, 'leaf_estimation_iterations': 10, 'one_hot_max_size': 47, 'model_size_reg': 0.7200770311577639, 'max_ctr_complexity': 5, 'boosting_type': 'Plain', 'max_bin': 254}. Best is trial 5 with value: 0.637674992068616.
Trial 7 finished with value: 0.6638600599455493 and parameters: {'learning_rate': 0.006241720498669827, 'bootstrap_type': 'Bernoulli', 'subsample': 0.8075397185632818, 'grow_policy': 'Depthwise', 'depth': 7, 'colsample_bylevel': 0.8996347037278973, 'l2_leaf_reg': 0.00019891099118865958, 'leaf_estimation_iterations': 2, 'one_hot_max_size': 17, 'model_size_reg': 0.7212460519889856, 'max_ctr_complexity': 4, 'boosting_type': 'Plain', 'max_bin': 254}. Best is trial 5 with value: 0.637674992068616.
Trial 8 finished with value: 0.6156366423459408 and parameters: {'learning_rate': 0.07132805718188966, 'bootstrap_type': 'Bernoulli', 'subsample': 0.8416644775485848, 'grow_policy': 'Depthwise', 'depth': 7, 'colsample_bylevel': 0.9341915796354244, 'l2_leaf_reg': 0.4195190175255899, 'leaf_estimation_iterations': 3, 'one_hot_max_size': 29, 'model_size_reg': 0.318293122389662, 'max_ctr_complexity': 2, 'boosting_type': 'Plain', 'max_bin': 254}. Best is trial 8 with value: 0.6156366423459408.
Trial 9 finished with value: 0.6815923437274096 and parameters: {'learning_rate': 0.006907803691475429, 'bootstrap_type': 'Bernoulli', 'subsample': 0.7094287557060203, 'grow_policy': 'SymmetricTree', 'depth': 6, 'colsample_bylevel': 0.986134971088914, 'l2_leaf_reg': 0.0014839412491251364, 'leaf_estimation_iterations': 2, 'one_hot_max_size': 53, 'model_size_reg': 0.18581788925405318, 'max_ctr_complexity': 2, 'boosting_type': 'Plain', 'max_bin': 254}. Best is trial 8 with value: 0.6156366423459408.
Trial 10 finished with value: 0.6036476204566574 and parameters: {'learning_rate': 0.03414773973543375, 'bootstrap_type': 'Bernoulli', 'subsample': 0.8453711628146048, 'grow_policy': 'Depthwise', 'depth': 8, 'colsample_bylevel': 0.9952774372665997, 'l2_leaf_reg': 1.841152012664479, 'leaf_estimation_iterations': 5, 'one_hot_max_size': 8, 'model_size_reg': 0.332664439917203, 'max_ctr_complexity': 3, 'boosting_type': 'Plain', 'max_bin': 254}. Best is trial 10 with value: 0.6036476204566574.
Trial 11 finished with value: 0.6050514315048564 and parameters: {'learning_rate': 0.03760658130803768, 'bootstrap_type': 'Bernoulli', 'subsample': 0.8453077674396613, 'grow_policy': 'Depthwise', 'depth': 8, 'colsample_bylevel': 0.997909355529375, 'l2_leaf_reg': 1.5987032054039245, 'leaf_estimation_iterations': 5, 'one_hot_max_size': 8, 'model_size_reg': 0.374430108697868, 'max_ctr_complexity': 3, 'boosting_type': 'Plain', 'max_bin': 254}. Best is trial 10 with value: 0.6036476204566574.
Trial 12 finished with value: 0.6062009862458394 and parameters: {'learning_rate': 0.03421597605087581, 'bootstrap_type': 'Bernoulli', 'subsample': 0.8670800656383987, 'grow_policy': 'Depthwise', 'depth': 8, 'colsample_bylevel': 0.9986976795041005, 'l2_leaf_reg': 4.6235860805390905, 'leaf_estimation_iterations': 5, 'one_hot_max_size': 8, 'model_size_reg': 0.34419124028726955, 'max_ctr_complexity': 3, 'boosting_type': 'Plain', 'max_bin': 254}. Best is trial 10 with value: 0.6036476204566574.
Trial 13 finished with value: 0.6043430730098844 and parameters: {'learning_rate': 0.03451020875082663, 'bootstrap_type': 'Bernoulli', 'subsample': 0.7839972925810914, 'grow_policy': 'Depthwise', 'depth': 8, 'colsample_bylevel': 0.9714368377529672, 'l2_leaf_reg': 0.5525353539116047, 'leaf_estimation_iterations': 5, 'one_hot_max_size': 8, 'model_size_reg': 0.34953375939314013, 'max_ctr_complexity': 3, 'boosting_type': 'Plain', 'max_bin': 254}. Best is trial 10 with value: 0.6036476204566574.
Trial 14 finished with value: 0.6036226339020747 and parameters: {'learning_rate': 0.02807112184190915, 'bootstrap_type': 'Bernoulli', 'subsample': 0.7693660304774572, 'grow_policy': 'Depthwise', 'depth': 8, 'colsample_bylevel': 0.9639047430445685, 'l2_leaf_reg': 0.3654853999924955, 'leaf_estimation_iterations': 20, 'one_hot_max_size': 11, 'model_size_reg': 0.2711816210554165, 'max_ctr_complexity': 3, 'boosting_type': 'Plain', 'max_bin': 254}. Best is trial 14 with value: 0.6036226339020747.
Trial 15 finished with value: 0.6078145903147311 and parameters: {'learning_rate': 0.022099514415298564, 'bootstrap_type': 'Bernoulli', 'subsample': 0.7529516348968369, 'grow_policy': 'Depthwise', 'depth': 8, 'colsample_bylevel': 0.9629857106294929, 'l2_leaf_reg': 0.22749050812300217, 'leaf_estimation_iterations': 20, 'one_hot_max_size': 12, 'model_size_reg': 0.24307521002992272, 'max_ctr_complexity': 3, 'boosting_type': 'Plain', 'max_bin': 254}. Best is trial 14 with value: 0.6036226339020747.
Trial 16 finished with value: 0.6074942885812583 and parameters: {'learning_rate': 0.05031180954635223, 'bootstrap_type': 'Bernoulli', 'subsample': 0.7623510574663406, 'grow_policy': 'Depthwise', 'depth': 7, 'colsample_bylevel': 0.8522343012560933, 'l2_leaf_reg': 0.125097483198647, 'leaf_estimation_iterations': 17, 'one_hot_max_size': 12, 'model_size_reg': 0.1273759711994133, 'max_ctr_complexity': 3, 'boosting_type': 'Plain', 'max_bin': 254}. Best is trial 14 with value: 0.6036226339020747.
Trial 17 finished with value: 0.60367427705623 and parameters: {'learning_rate': 0.023159375259434272, 'bootstrap_type': 'Bernoulli', 'subsample': 0.8880663541083383, 'grow_policy': 'Depthwise', 'depth': 8, 'colsample_bylevel': 0.9768193938866915, 'l2_leaf_reg': 0.9547692695524044, 'leaf_estimation_iterations': 4, 'one_hot_max_size': 12, 'model_size_reg': 0.460559467004393, 'max_ctr_complexity': 4, 'boosting_type': 'Plain', 'max_bin': 254}. Best is trial 14 with value: 0.6036226339020747.
Trial 18 finished with value: 0.622161291849967 and parameters: {'learning_rate': 0.023257898903695447, 'bootstrap_type': 'Bernoulli', 'subsample': 0.8098460828643325, 'grow_policy': 'Depthwise', 'depth': 6, 'colsample_bylevel': 0.9514164963170597, 'l2_leaf_reg': 1.3060486905927926, 'leaf_estimation_iterations': 8, 'one_hot_max_size': 10, 'model_size_reg': 0.26155516179382154, 'max_ctr_complexity': 3, 'boosting_type': 'Plain', 'max_bin': 254}. Best is trial 14 with value: 0.6036226339020747.
Trial 19 finished with value: 0.6150419127568836 and parameters: {'learning_rate': 0.05356795018083901, 'bootstrap_type': 'Bernoulli', 'subsample': 0.7643520056341041, 'grow_policy': 'Depthwise', 'depth': 7, 'colsample_bylevel': 0.9494218999859105, 'l2_leaf_reg': 0.13550866053069002, 'leaf_estimation_iterations': 7, 'one_hot_max_size': 21, 'model_size_reg': 1.4751962929798974, 'max_ctr_complexity': 4, 'boosting_type': 'Plain', 'max_bin': 254}. Best is trial 14 with value: 0.6036226339020747.
Trial 20 finished with value: 0.6078778208363148 and parameters: {'learning_rate': 0.016700017306318655, 'bootstrap_type': 'Bernoulli', 'subsample': 0.8410838119234255, 'grow_policy': 'Depthwise', 'depth': 8, 'colsample_bylevel': 0.9825246381848777, 'l2_leaf_reg': 0.01617685198925703, 'leaf_estimation_iterations': 15, 'one_hot_max_size': 10, 'model_size_reg': 0.1539166534733244, 'max_ctr_complexity': 3, 'boosting_type': 'Plain', 'max_bin': 254}. Best is trial 14 with value: 0.6036226339020747.
Trial 21 finished with value: 0.6057314612530403 and parameters: {'learning_rate': 0.0240906472159575, 'bootstrap_type': 'Bernoulli', 'subsample': 0.8913624962221581, 'grow_policy': 'Depthwise', 'depth': 8, 'colsample_bylevel': 0.9779279649285544, 'l2_leaf_reg': 1.2794500006413878, 'leaf_estimation_iterations': 3, 'one_hot_max_size': 13, 'model_size_reg': 0.4980084571226654, 'max_ctr_complexity': 4, 'boosting_type': 'Plain', 'max_bin': 254}. Best is trial 14 with value: 0.6036226339020747.
Trial 22 finished with value: 0.6064615715435819 and parameters: {'learning_rate': 0.04225552332594176, 'bootstrap_type': 'Bernoulli', 'subsample': 0.9054537009310466, 'grow_policy': 'Depthwise', 'depth': 8, 'colsample_bylevel': 0.9640559544630006, 'l2_leaf_reg': 0.7118465742903745, 'leaf_estimation_iterations': 3, 'one_hot_max_size': 14, 'model_size_reg': 0.47352252324039273, 'max_ctr_complexity': 5, 'boosting_type': 'Plain', 'max_bin': 254}. Best is trial 14 with value: 0.6036226339020747.
Trial 23 finished with value: 0.6080367421508623 and parameters: {'learning_rate': 0.02850014696725221, 'bootstrap_type': 'Bernoulli', 'subsample': 0.9233662107715989, 'grow_policy': 'Depthwise', 'depth': 7, 'colsample_bylevel': 0.9879404965611405, 'l2_leaf_reg': 2.253682773977459, 'leaf_estimation_iterations': 6, 'one_hot_max_size': 10, 'model_size_reg': 0.2791917915052682, 'max_ctr_complexity': 4, 'boosting_type': 'Plain', 'max_bin': 254}. Best is trial 14 with value: 0.6036226339020747.
Trial 24 finished with value: 0.6060810128181185 and parameters: {'learning_rate': 0.018562514379599434, 'bootstrap_type': 'Bernoulli', 'subsample': 0.8606597627783147, 'grow_policy': 'Depthwise', 'depth': 8, 'colsample_bylevel': 0.9345554657199372, 'l2_leaf_reg': 0.29403754160240003, 'leaf_estimation_iterations': 4, 'one_hot_max_size': 10, 'model_size_reg': 0.4485600536896177, 'max_ctr_complexity': 3, 'boosting_type': 'Plain', 'max_bin': 254}. Best is trial 14 with value: 0.6036226339020747.
Trial 25 finished with value: 0.6059938166696633 and parameters: {'learning_rate': 0.029718136177589866, 'bootstrap_type': 'Bernoulli', 'subsample': 0.8722373845579648, 'grow_policy': 'Depthwise', 'depth': 8, 'colsample_bylevel': 0.9705607906928093, 'l2_leaf_reg': 0.7884655328197216, 'leaf_estimation_iterations': 1, 'one_hot_max_size': 15, 'model_size_reg': 0.5979795703848162, 'max_ctr_complexity': 4, 'boosting_type': 'Plain', 'max_bin': 254}. Best is trial 14 with value: 0.6036226339020747.
Trial 26 finished with value: 0.6166046950199358 and parameters: {'learning_rate': 0.0547241783073155, 'bootstrap_type': 'Bernoulli', 'subsample': 0.800422860829688, 'grow_policy': 'SymmetricTree', 'depth': 7, 'colsample_bylevel': 0.9916437384538282, 'l2_leaf_reg': 0.06686116764555856, 'leaf_estimation_iterations': 2, 'one_hot_max_size': 11, 'model_size_reg': 0.3869143752568177, 'max_ctr_complexity': 3, 'boosting_type': 'Plain', 'max_bin': 254}. Best is trial 14 with value: 0.6036226339020747.
Trial 27 finished with value: 0.6206180891609993 and parameters: {'learning_rate': 0.013163374994232745, 'bootstrap_type': 'Bernoulli', 'subsample': 0.8301368209748097, 'grow_policy': 'Depthwise', 'depth': 8, 'colsample_bylevel': 0.96059133067918, 'l2_leaf_reg': 4.620802921025949, 'leaf_estimation_iterations': 4, 'one_hot_max_size': 22, 'model_size_reg': 0.9721351967979789, 'max_ctr_complexity': 5, 'boosting_type': 'Plain', 'max_bin': 254}. Best is trial 14 with value: 0.6036226339020747.
Trial 28 finished with value: 0.6168835903826018 and parameters: {'learning_rate': 0.019293677137788276, 'bootstrap_type': 'Bernoulli', 'subsample': 0.7422727574399377, 'grow_policy': 'Depthwise', 'depth': 7, 'colsample_bylevel': 0.978063460170998, 'l2_leaf_reg': 0.18857903182458305, 'leaf_estimation_iterations': 1, 'one_hot_max_size': 8, 'model_size_reg': 0.2159890777443843, 'max_ctr_complexity': 4, 'boosting_type': 'Plain', 'max_bin': 254}. Best is trial 14 with value: 0.6036226339020747.
Trial 29 finished with value: 0.6126035872216218 and parameters: {'learning_rate': 0.04406584592444505, 'bootstrap_type': 'Bernoulli', 'subsample': 0.9641336177206079, 'grow_policy': 'SymmetricTree', 'depth': 8, 'colsample_bylevel': 0.94258469895245, 'l2_leaf_reg': 0.7149845728682771, 'leaf_estimation_iterations': 14, 'one_hot_max_size': 14, 'model_size_reg': 0.4219286768866433, 'max_ctr_complexity': 2, 'boosting_type': 'Plain', 'max_bin': 254}. Best is trial 14 with value: 0.6036226339020747.
Trial 30 finished with value: 0.6342238350489524 and parameters: {'learning_rate': 0.009787698580908269, 'bootstrap_type': 'Bernoulli', 'subsample': 0.7787876730589307, 'grow_policy': 'Depthwise', 'depth': 8, 'colsample_bylevel': 0.9241342840280667, 'l2_leaf_reg': 0.34986980495178227, 'leaf_estimation_iterations': 11, 'one_hot_max_size': 9, 'model_size_reg': 0.6072536081367752, 'max_ctr_complexity': 3, 'boosting_type': 'Plain', 'max_bin': 254}. Best is trial 14 with value: 0.6036226339020747.
Trial 31 finished with value: 0.6031941245819563 and parameters: {'learning_rate': 0.0302449994915228, 'bootstrap_type': 'Bernoulli', 'subsample': 0.778890264173376, 'grow_policy': 'Depthwise', 'depth': 8, 'colsample_bylevel': 0.971917049516249, 'l2_leaf_reg': 0.6630081883787418, 'leaf_estimation_iterations': 4, 'one_hot_max_size': 8, 'model_size_reg': 0.31030404911701315, 'max_ctr_complexity': 3, 'boosting_type': 'Plain', 'max_bin': 254}. Best is trial 31 with value: 0.6031941245819563.
Trial 32 finished with value: 0.6048359998528268 and parameters: {'learning_rate': 0.027997696611641063, 'bootstrap_type': 'Bernoulli', 'subsample': 0.8832967630780426, 'grow_policy': 'Depthwise', 'depth': 8, 'colsample_bylevel': 0.9679375488993702, 'l2_leaf_reg': 2.097133506723595, 'leaf_estimation_iterations': 4, 'one_hot_max_size': 12, 'model_size_reg': 0.2942666556107242, 'max_ctr_complexity': 3, 'boosting_type': 'Plain', 'max_bin': 254}. Best is trial 31 with value: 0.6031941245819563.
Trial 33 finished with value: 0.6134279936501579 and parameters: {'learning_rate': 0.014638186636883778, 'bootstrap_type': 'Bernoulli', 'subsample': 0.7810089186038589, 'grow_policy': 'Depthwise', 'depth': 8, 'colsample_bylevel': 0.9770695674312282, 'l2_leaf_reg': 0.09191027481317564, 'leaf_estimation_iterations': 7, 'one_hot_max_size': 9, 'model_size_reg': 0.21909421258841363, 'max_ctr_complexity': 2, 'boosting_type': 'Plain', 'max_bin': 254}. Best is trial 31 with value: 0.6031941245819563.
Trial 34 finished with value: 0.6147489723850245 and parameters: {'learning_rate': 0.0645102235431872, 'bootstrap_type': 'Bernoulli', 'subsample': 0.8255367167920846, 'grow_policy': 'SymmetricTree', 'depth': 7, 'colsample_bylevel': 0.9558580130651643, 'l2_leaf_reg': 0.031143092964269144, 'leaf_estimation_iterations': 2, 'one_hot_max_size': 17, 'model_size_reg': 0.31131279969421677, 'max_ctr_complexity': 2, 'boosting_type': 'Plain', 'max_bin': 254}. Best is trial 31 with value: 0.6031941245819563.
Trial 35 finished with value: 0.6040248045130212 and parameters: {'learning_rate': 0.025369705317289704, 'bootstrap_type': 'Bernoulli', 'subsample': 0.9225213716948919, 'grow_policy': 'Depthwise', 'depth': 8, 'colsample_bylevel': 0.9993760101806094, 'l2_leaf_reg': 0.9696216888429875, 'leaf_estimation_iterations': 3, 'one_hot_max_size': 9, 'model_size_reg': 0.18157831061520976, 'max_ctr_complexity': 3, 'boosting_type': 'Plain', 'max_bin': 254}. Best is trial 31 with value: 0.6031941245819563.
Trial 36 finished with value: 0.6198879639988986 and parameters: {'learning_rate': 0.019864536213095658, 'bootstrap_type': 'Bernoulli', 'subsample': 0.7262974554039182, 'grow_policy': 'Depthwise', 'depth': 8, 'colsample_bylevel': 0.9897715972191302, 'l2_leaf_reg': 2.951899890977222, 'leaf_estimation_iterations': 1, 'one_hot_max_size': 11, 'model_size_reg': 0.5580232487816729, 'max_ctr_complexity': 4, 'boosting_type': 'Plain', 'max_bin': 254}. Best is trial 31 with value: 0.6031941245819563.
Trial 37 finished with value: 0.6479977080325766 and parameters: {'learning_rate': 0.032350389481430625, 'bootstrap_type': 'Bernoulli', 'subsample': 0.7942819669615533, 'grow_policy': 'SymmetricTree', 'depth': 5, 'colsample_bylevel': 0.9742989746202113, 'l2_leaf_reg': 0.44942633446304364, 'leaf_estimation_iterations': 6, 'one_hot_max_size': 16, 'model_size_reg': 0.2487064341017609, 'max_ctr_complexity': 3, 'boosting_type': 'Plain', 'max_bin': 254}. Best is trial 31 with value: 0.6031941245819563.
Trial 38 finished with value: 0.6097436552186554 and parameters: {'learning_rate': 0.04284137946802501, 'bootstrap_type': 'Bernoulli', 'subsample': 0.8244408105178416, 'grow_policy': 'Depthwise', 'depth': 7, 'colsample_bylevel': 0.945200208627403, 'l2_leaf_reg': 0.041642364379939234, 'leaf_estimation_iterations': 9, 'one_hot_max_size': 93, 'model_size_reg': 0.8822389291190315, 'max_ctr_complexity': 2, 'boosting_type': 'Plain', 'max_bin': 254}. Best is trial 31 with value: 0.6031941245819563.
Trial 39 finished with value: 0.6199307223610766 and parameters: {'learning_rate': 0.09732487516710478, 'bootstrap_type': 'Bernoulli', 'subsample': 0.9732482431362776, 'grow_policy': 'Depthwise', 'depth': 8, 'colsample_bylevel': 0.9626874572488037, 'l2_leaf_reg': 0.22004781418111224, 'leaf_estimation_iterations': 13, 'one_hot_max_size': 69, 'model_size_reg': 0.4213444314506717, 'max_ctr_complexity': 5, 'boosting_type': 'Plain', 'max_bin': 254}. Best is trial 31 with value: 0.6031941245819563.
Trial 40 finished with value: 0.6167450779641834 and parameters: {'learning_rate': 0.039483035839398606, 'bootstrap_type': 'Bernoulli', 'subsample': 0.7039055475564023, 'grow_policy': 'Depthwise', 'depth': 6, 'colsample_bylevel': 0.9824093907991507, 'l2_leaf_reg': 2.3792685066222936, 'leaf_estimation_iterations': 2, 'one_hot_max_size': 19, 'model_size_reg': 0.14568171053947485, 'max_ctr_complexity': 4, 'boosting_type': 'Plain', 'max_bin': 254}. Best is trial 31 with value: 0.6031941245819563.
Trial 41 finished with value: 0.6035782143421069 and parameters: {'learning_rate': 0.026068592073925954, 'bootstrap_type': 'Bernoulli', 'subsample': 0.9209561879874585, 'grow_policy': 'Depthwise', 'depth': 8, 'colsample_bylevel': 0.996312292632404, 'l2_leaf_reg': 1.1170184256416444, 'leaf_estimation_iterations': 3, 'one_hot_max_size': 9, 'model_size_reg': 0.11590388947560781, 'max_ctr_complexity': 3, 'boosting_type': 'Plain', 'max_bin': 254}. Best is trial 31 with value: 0.6031941245819563.
Trial 42 finished with value: 0.6062519679768242 and parameters: {'learning_rate': 0.026931763646053496, 'bootstrap_type': 'Bernoulli', 'subsample': 0.9134864834462014, 'grow_policy': 'Depthwise', 'depth': 8, 'colsample_bylevel': 0.9923680467240645, 'l2_leaf_reg': 1.0342169300987218, 'leaf_estimation_iterations': 3, 'one_hot_max_size': 9, 'model_size_reg': 0.11017788890682306, 'max_ctr_complexity': 3, 'boosting_type': 'Plain', 'max_bin': 254}. Best is trial 31 with value: 0.6031941245819563.
Trial 43 finished with value: 0.6680026828712772 and parameters: {'learning_rate': 0.0051595623366688746, 'bootstrap_type': 'Bernoulli', 'subsample': 0.7333113665218524, 'grow_policy': 'Depthwise', 'depth': 8, 'colsample_bylevel': 0.981651622411207, 'l2_leaf_reg': 0.41051749050264347, 'leaf_estimation_iterations': 4, 'one_hot_max_size': 8, 'model_size_reg': 0.17770481971904784, 'max_ctr_complexity': 3, 'boosting_type': 'Plain', 'max_bin': 254}. Best is trial 31 with value: 0.6031941245819563.
Trial 44 finished with value: 0.6085874289179325 and parameters: {'learning_rate': 0.03088453557193884, 'bootstrap_type': 'Bernoulli', 'subsample': 0.9352671965373285, 'grow_policy': 'Depthwise', 'depth': 7, 'colsample_bylevel': 0.9925928662608613, 'l2_leaf_reg': 1.6726005266731243, 'leaf_estimation_iterations': 2, 'one_hot_max_size': 11, 'model_size_reg': 0.3436598233996173, 'max_ctr_complexity': 3, 'boosting_type': 'Plain', 'max_bin': 254}. Best is trial 31 with value: 0.6031941245819563.
Trial 45 finished with value: 0.6084033438053195 and parameters: {'learning_rate': 0.0161342902530906, 'bootstrap_type': 'Bernoulli', 'subsample': 0.9458790160030205, 'grow_policy': 'Depthwise', 'depth': 8, 'colsample_bylevel': 0.9580210476340983, 'l2_leaf_reg': 0.612704415615659, 'leaf_estimation_iterations': 5, 'one_hot_max_size': 13, 'model_size_reg': 0.128241414206661, 'max_ctr_complexity': 2, 'boosting_type': 'Plain', 'max_bin': 254}. Best is trial 31 with value: 0.6031941245819563.
Trial 46 finished with value: 0.6146102634865545 and parameters: {'learning_rate': 0.03590262873906112, 'bootstrap_type': 'Bernoulli', 'subsample': 0.8564305514323459, 'grow_policy': 'SymmetricTree', 'depth': 8, 'colsample_bylevel': 0.9683001797796292, 'l2_leaf_reg': 0.0005739598281795692, 'leaf_estimation_iterations': 3, 'one_hot_max_size': 8, 'model_size_reg': 0.7029085461786349, 'max_ctr_complexity': 3, 'boosting_type': 'Plain', 'max_bin': 254}. Best is trial 31 with value: 0.6031941245819563.
Trial 47 finished with value: 0.6157917254059295 and parameters: {'learning_rate': 0.021796947960025643, 'bootstrap_type': 'Bernoulli', 'subsample': 0.9950798488964441, 'grow_policy': 'Depthwise', 'depth': 7, 'colsample_bylevel': 0.9852661591630808, 'l2_leaf_reg': 2.858151946070705, 'leaf_estimation_iterations': 4, 'one_hot_max_size': 9, 'model_size_reg': 0.38831166462854927, 'max_ctr_complexity': 4, 'boosting_type': 'Plain', 'max_bin': 254}. Best is trial 31 with value: 0.6031941245819563.
Trial 48 finished with value: 0.6030664830581166 and parameters: {'learning_rate': 0.0214199954076165, 'bootstrap_type': 'Bernoulli', 'subsample': 0.8757222370019936, 'grow_policy': 'Depthwise', 'depth': 8, 'colsample_bylevel': 0.9969784729467249, 'l2_leaf_reg': 0.004347311308100695, 'leaf_estimation_iterations': 6, 'one_hot_max_size': 11, 'model_size_reg': 0.19903792088067637, 'max_ctr_complexity': 3, 'boosting_type': 'Plain', 'max_bin': 254}. Best is trial 48 with value: 0.6030664830581166.
Trial 49 finished with value: 0.6754983724768945 and parameters: {'learning_rate': 0.009820977265318111, 'bootstrap_type': 'Bernoulli', 'subsample': 0.9562983047413517, 'grow_policy': 'Depthwise', 'depth': 4, 'colsample_bylevel': 0.9994950526637046, 'l2_leaf_reg': 0.0060352386002676915, 'leaf_estimation_iterations': 6, 'one_hot_max_size': 39, 'model_size_reg': 0.23658243347176602, 'max_ctr_complexity': 3, 'boosting_type': 'Plain', 'max_bin': 254}. Best is trial 48 with value: 0.6030664830581166.
Optuna Search Completed in: 1222.06 seconds

Training final model on optimized parameter setup...

[CATBOOST FINALIZED METRICS]
Optimal Trees:         1000
RMSE:             0.5861 (Delta to TabPFN: +0.0195)
MSE:            0.3435 (Delta to TabPFN: +0.0224)
Final Train Time:      8.75 seconds

--- CATBOOST Feature Importance (Raw vs. Scaled Share) ---
Feature | Raw gain | Share
alcohol | 25.35 | 25.35%
volatile_acidity | 12.97 | 12.97%
free_sulfur_dioxide | 8.64 | 8.64%
total_sulfur_dioxide | 7.58 | 7.58%
residual_sugar | 7.51 | 7.51%
sulphates | 6.93 | 6.93%
density | 6.79 | 6.79%
pH | 6.35 | 6.35%
citric_acid | 5.83 | 5.83%
chlorides | 5.58 | 5.58%
fixed_acidity | 5.52 | 5.52%
wine_color | 0.96 | 0.96%

=====================================================================
METRIC TYPE                                  | VALUE / PROFILE
=====================================================================
Macro Embedding Share                        | 0.00%
Macro Raw Feature Share                      | 100.00%
---------------------------------------------------------------------
Active Text Embedding Density            | 0.00% (0/0)
Active Raw Tabular Feature Density       | 100.00% (12/12)
---------------------------------------------------------------------
Top-5 Concentration Ratio (CR5)          | 62.05% of total decision weight
Top-10 Concentration Ratio (CR10)        | 93.52% of total decision weight
=====================================================================

Total Pipeline Execution Time: 1233.48 seconds

[SUCCESS] Permanent artifacts safely written to 'outputs/1/results/'
