Loading archive 'archives/churn.npz' and initializing pipeline for target: XGBOOST...
Execution Mode: EMBED-ONLY
Session Output Target: outputs/1/
Task Type: BINARY
TabPFN Baselines Loaded - Primary: 0.9142 | Secondary: 0.9740
PCA reduced text embeddings to 19 components.
Final training matrix shape assembled for EMBED-ONLY: (4000, 19)

Running 50-Trial Optuna Study for XGBOOST (EMBED-ONLY)...
A new study created in RDB with name: 20260618_215227_xgboost_embed-only_churn
Trial 0 finished with value: 0.9522756122664132 and parameters: {'learning_rate': 0.015355286838886862, 'max_depth': 10, 'min_child_weight': 0.5100627805979911, 'subsample': 0.8394633936788146, 'colsample_bylevel': 0.6624074561769746, 'colsample_bynode': 0.662397808134481, 'reg_alpha': 0.29051225247978046, 'reg_lambda': 4.330894111260099, 'grow_policy': 'lossguide', 'max_cat_to_onehot': 8, 'max_leaves': 884}. Best is trial 0 with value: 0.9522756122664132.
Trial 1 finished with value: 0.9506953269229006 and parameters: {'learning_rate': 0.060534484680010825, 'max_depth': 4, 'min_child_weight': 0.004705059281907645, 'subsample': 0.6733618039413735, 'colsample_bylevel': 0.7216968971838151, 'colsample_bynode': 0.8099025726528951, 'reg_alpha': 2.1597818987087147, 'reg_lambda': 1.4562165780761898, 'grow_policy': 'depthwise', 'max_cat_to_onehot': 16, 'max_leaves': 45}. Best is trial 0 with value: 0.9522756122664132.
Trial 2 finished with value: 0.9509695553849532 and parameters: {'learning_rate': 0.019603369861210685, 'max_depth': 8, 'min_child_weight': 0.005477562363971304, 'subsample': 0.8056937753654446, 'colsample_bylevel': 0.836965827544817, 'colsample_bynode': 0.6185801650879991, 'reg_alpha': 3.037763505022002, 'reg_lambda': 0.8527035660240889, 'grow_policy': 'lossguide', 'max_cat_to_onehot': 92, 'max_leaves': 399}. Best is trial 0 with value: 0.9522756122664132.
Trial 3 finished with value: 0.9519377595714126 and parameters: {'learning_rate': 0.012453219846912198, 'max_depth': 4, 'min_child_weight': 0.33959199243313637, 'subsample': 0.7760609974958406, 'colsample_bylevel': 0.6488152939379115, 'colsample_bynode': 0.798070764044508, 'reg_alpha': 0.17203916672398045, 'reg_lambda': 4.546611078353703, 'grow_policy': 'lossguide', 'max_cat_to_onehot': 17, 'max_leaves': 97}. Best is trial 0 with value: 0.9522756122664132.
Trial 4 finished with value: 0.9496310833781244 and parameters: {'learning_rate': 0.025719142025384646, 'max_depth': 4, 'min_child_weight': 3.8589082671053854, 'subsample': 0.9100531293444458, 'colsample_bylevel': 0.9757995766256756, 'colsample_bynode': 0.9579309401710595, 'reg_alpha': 2.989540104057545, 'reg_lambda': 4.609378987692081, 'grow_policy': 'lossguide', 'max_cat_to_onehot': 8, 'max_leaves': 37}. Best is trial 0 with value: 0.9522756122664132.
Trial 5 finished with value: 0.9519408832790486 and parameters: {'learning_rate': 0.016019568611465234, 'max_depth': 5, 'min_child_weight': 1.1627201204016835, 'subsample': 0.7427013306774357, 'colsample_bylevel': 0.7123738038749523, 'colsample_bynode': 0.8170784332632994, 'reg_alpha': 0.7047070324513158, 'reg_lambda': 4.011004684072123, 'grow_policy': 'lossguide', 'max_cat_to_onehot': 56, 'max_leaves': 20}. Best is trial 0 with value: 0.9522756122664132.
Trial 6 finished with value: 0.9426914071743425 and parameters: {'learning_rate': 0.0050834018700114374, 'max_depth': 9, 'min_child_weight': 0.4117599592262879, 'subsample': 0.8916028672163949, 'colsample_bylevel': 0.9085081386743783, 'colsample_bynode': 0.6296178606936361, 'reg_alpha': 1.7923927961485087, 'reg_lambda': 0.5794337107196961, 'grow_policy': 'depthwise', 'max_cat_to_onehot': 18, 'max_leaves': 10}. Best is trial 0 with value: 0.9522756122664132.
Trial 7 finished with value: 0.9541368635833104 and parameters: {'learning_rate': 0.012693089228250284, 'max_depth': 5, 'min_child_weight': 0.49979438035802604, 'subsample': 0.8550229885420852, 'colsample_bylevel': 0.9548850970305306, 'colsample_bynode': 0.7888859700647797, 'reg_alpha': 0.5980592702669147, 'reg_lambda': 3.566252611636253, 'grow_policy': 'depthwise', 'max_cat_to_onehot': 55, 'max_leaves': 85}. Best is trial 7 with value: 0.9541368635833104.
Trial 8 finished with value: 0.95136876713813 and parameters: {'learning_rate': 0.02393652463662192, 'max_depth': 6, 'min_child_weight': 0.0012417226051008223, 'subsample': 0.6431565707973218, 'colsample_bylevel': 0.6125716742746937, 'colsample_bynode': 0.8545641645055122, 'reg_alpha': 1.5718484697835258, 'reg_lambda': 2.542902598754398, 'grow_policy': 'depthwise', 'max_cat_to_onehot': 22, 'max_leaves': 308}. Best is trial 7 with value: 0.9541368635833104.
Trial 9 finished with value: 0.9474772102218989 and parameters: {'learning_rate': 0.009923006608672534, 'max_depth': 4, 'min_child_weight': 0.011797281245016885, 'subsample': 0.6644885149016018, 'colsample_bylevel': 0.9718790609370292, 'colsample_bynode': 0.9232481518257668, 'reg_alpha': 3.1670554421764665, 'reg_lambda': 4.35731580487957, 'grow_policy': 'depthwise', 'max_cat_to_onehot': 76, 'max_leaves': 106}. Best is trial 7 with value: 0.9541368635833104.
Trial 10 finished with value: 0.9493699817620026 and parameters: {'learning_rate': 0.08641869155550744, 'max_depth': 7, 'min_child_weight': 0.05520191203895588, 'subsample': 0.9729161367647149, 'colsample_bylevel': 0.8197534695371591, 'colsample_bynode': 0.7202259292197385, 'reg_alpha': 4.7988577526525065, 'reg_lambda': 2.938272016159444, 'grow_policy': 'depthwise', 'max_cat_to_onehot': 38, 'max_leaves': 9}. Best is trial 7 with value: 0.9541368635833104.
Trial 11 finished with value: 0.9532694744986456 and parameters: {'learning_rate': 0.007265971125856864, 'max_depth': 6, 'min_child_weight': 0.11523108393212894, 'subsample': 0.8562650413352562, 'colsample_bylevel': 0.7974252974200521, 'colsample_bynode': 0.700990017268127, 'reg_alpha': 0.03136188345709323, 'reg_lambda': 3.228244810678668, 'grow_policy': 'lossguide', 'max_cat_to_onehot': 10, 'max_leaves': 1018}. Best is trial 7 with value: 0.9541368635833104.
Trial 12 finished with value: 0.9515584876813243 and parameters: {'learning_rate': 0.0062976256734423, 'max_depth': 6, 'min_child_weight': 0.09909199881818531, 'subsample': 0.8757669264112286, 'colsample_bylevel': 0.8269172433910292, 'colsample_bynode': 0.7260808989246688, 'reg_alpha': 1.0009649806653884, 'reg_lambda': 3.0810694868962294, 'grow_policy': 'lossguide', 'max_cat_to_onehot': 36, 'max_leaves': 243}. Best is trial 7 with value: 0.9541368635833104.
Trial 13 finished with value: 0.9532175145321586 and parameters: {'learning_rate': 0.008306784482397274, 'max_depth': 5, 'min_child_weight': 0.07911133588414121, 'subsample': 0.975213277773139, 'colsample_bylevel': 0.9045436922164887, 'colsample_bynode': 0.7159748370653127, 'reg_alpha': 0.008457642866131876, 'reg_lambda': 3.525815469544446, 'grow_policy': 'depthwise', 'max_cat_to_onehot': 30, 'max_leaves': 976}. Best is trial 7 with value: 0.9541368635833104.
Trial 14 finished with value: 0.9500634093773653 and parameters: {'learning_rate': 0.041314384168676443, 'max_depth': 5, 'min_child_weight': 4.81755279040923, 'subsample': 0.7151637197860257, 'colsample_bylevel': 0.7553082698269054, 'colsample_bynode': 0.7591887100751571, 'reg_alpha': 1.072198110400641, 'reg_lambda': 1.8853578250661938, 'grow_policy': 'lossguide', 'max_cat_to_onehot': 12, 'max_leaves': 130}. Best is trial 7 with value: 0.9541368635833104.
Trial 15 finished with value: 0.9514726206576029 and parameters: {'learning_rate': 0.008181806960111426, 'max_depth': 6, 'min_child_weight': 0.0408117742232564, 'subsample': 0.8307708489324448, 'colsample_bylevel': 0.901449544239224, 'colsample_bynode': 0.8887781922242812, 'reg_alpha': 0.7803146262349733, 'reg_lambda': 3.619700745505447, 'grow_policy': 'depthwise', 'max_cat_to_onehot': 54, 'max_leaves': 537}. Best is trial 7 with value: 0.9541368635833104.
Trial 16 finished with value: 0.9529841057647499 and parameters: {'learning_rate': 0.011515945893346195, 'max_depth': 7, 'min_child_weight': 0.16633773189078938, 'subsample': 0.9255974822311327, 'colsample_bylevel': 0.9997265344009564, 'colsample_bynode': 0.6700340162317235, 'reg_alpha': 1.4682470529255425, 'reg_lambda': 2.2549494735441007, 'grow_policy': 'depthwise', 'max_cat_to_onehot': 12, 'max_leaves': 52}. Best is trial 7 with value: 0.9541368635833104.
Trial 17 finished with value: 0.951465118995689 and parameters: {'learning_rate': 0.0356863977250977, 'max_depth': 5, 'min_child_weight': 1.4671450634928365, 'subsample': 0.8606256535340189, 'colsample_bylevel': 0.7706039759891589, 'colsample_bynode': 0.7657490523209652, 'reg_alpha': 2.428724988569137, 'reg_lambda': 4.956386852998385, 'grow_policy': 'lossguide', 'max_cat_to_onehot': 25, 'max_leaves': 168}. Best is trial 7 with value: 0.9541368635833104.
Trial 18 finished with value: 0.9464116075722595 and parameters: {'learning_rate': 0.006925610578123654, 'max_depth': 7, 'min_child_weight': 0.022594842614749294, 'subsample': 0.7817369779721924, 'colsample_bylevel': 0.8605570466590423, 'colsample_bynode': 0.6754013536397881, 'reg_alpha': 4.640521530877541, 'reg_lambda': 3.3842790259506486, 'grow_policy': 'lossguide', 'max_cat_to_onehot': 43, 'max_leaves': 22}. Best is trial 7 with value: 0.9541368635833104.
Trial 19 finished with value: 0.9517298721684195 and parameters: {'learning_rate': 0.005009749281998704, 'max_depth': 6, 'min_child_weight': 0.18859043361765146, 'subsample': 0.936389711335694, 'colsample_bylevel': 0.9348799384847667, 'colsample_bynode': 0.8562840831434572, 'reg_alpha': 0.5288929498802717, 'reg_lambda': 0.08689028168849333, 'grow_policy': 'depthwise', 'max_cat_to_onehot': 11, 'max_leaves': 610}. Best is trial 7 with value: 0.9541368635833104.
Trial 20 finished with value: 0.9518036694277704 and parameters: {'learning_rate': 0.013918656170526475, 'max_depth': 5, 'min_child_weight': 1.1787888276212224, 'subsample': 0.7293363056497617, 'colsample_bylevel': 0.786169799770249, 'colsample_bynode': 0.9989879313923893, 'reg_alpha': 1.234331096555822, 'reg_lambda': 2.5888675762084556, 'grow_policy': 'depthwise', 'max_cat_to_onehot': 99, 'max_leaves': 212}. Best is trial 7 with value: 0.9541368635833104.
Trial 21 finished with value: 0.954782058986428 and parameters: {'learning_rate': 0.008972450299074834, 'max_depth': 5, 'min_child_weight': 0.07027282420677237, 'subsample': 0.9829351685666884, 'colsample_bylevel': 0.8826164186595434, 'colsample_bynode': 0.7194407322416917, 'reg_alpha': 0.008593981102587023, 'reg_lambda': 3.670823515787296, 'grow_policy': 'depthwise', 'max_cat_to_onehot': 31, 'max_leaves': 964}. Best is trial 21 with value: 0.954782058986428.
Trial 22 finished with value: 0.9304268599605529 and parameters: {'learning_rate': 0.009230816318220775, 'max_depth': 5, 'min_child_weight': 0.024868488108709882, 'subsample': 0.9985851985588179, 'colsample_bylevel': 0.8760977632791143, 'colsample_bynode': 0.7565975544239438, 'reg_alpha': 0.47226433407902, 'reg_lambda': 3.8501053546643025, 'grow_policy': 'depthwise', 'max_cat_to_onehot': 56, 'max_leaves': 596}. Best is trial 21 with value: 0.954782058986428.
Trial 23 finished with value: 0.9514331366452033 and parameters: {'learning_rate': 0.006595568201639799, 'max_depth': 6, 'min_child_weight': 0.18890704651916101, 'subsample': 0.6088017347852452, 'colsample_bylevel': 0.9442646802730242, 'colsample_bynode': 0.701108798573098, 'reg_alpha': 0.16891564038124907, 'reg_lambda': 3.041260786428733, 'grow_policy': 'depthwise', 'max_cat_to_onehot': 27, 'max_leaves': 388}. Best is trial 21 with value: 0.954782058986428.
Trial 24 finished with value: 0.9536281262814063 and parameters: {'learning_rate': 0.010952492213280964, 'max_depth': 5, 'min_child_weight': 0.6346694217657802, 'subsample': 0.9424993373935684, 'colsample_bylevel': 0.7993452749688135, 'colsample_bynode': 0.7826276316247924, 'reg_alpha': 0.006973690806854539, 'reg_lambda': 3.976773178888508, 'grow_policy': 'depthwise', 'max_cat_to_onehot': 76, 'max_leaves': 1015}. Best is trial 21 with value: 0.954782058986428.
Trial 25 finished with value: 0.9526985671427461 and parameters: {'learning_rate': 0.018833919563487962, 'max_depth': 4, 'min_child_weight': 2.071330594108841, 'subsample': 0.9504641276764093, 'colsample_bylevel': 0.8515699633570872, 'colsample_bynode': 0.8439832783007067, 'reg_alpha': 0.7852986503719821, 'reg_lambda': 4.001471413649575, 'grow_policy': 'depthwise', 'max_cat_to_onehot': 71, 'max_leaves': 61}. Best is trial 21 with value: 0.954782058986428.
Trial 26 finished with value: 0.9535203751195835 and parameters: {'learning_rate': 0.010244490728396262, 'max_depth': 5, 'min_child_weight': 0.6203881725860365, 'subsample': 0.9991945958533129, 'colsample_bylevel': 0.8808526275464688, 'colsample_bynode': 0.7825760729128143, 'reg_alpha': 0.5122294598445203, 'reg_lambda': 4.9745475022209975, 'grow_policy': 'depthwise', 'max_cat_to_onehot': 46, 'max_leaves': 618}. Best is trial 21 with value: 0.954782058986428.
Trial 27 finished with value: 0.95192448171383 and parameters: {'learning_rate': 0.012183284083277984, 'max_depth': 4, 'min_child_weight': 0.7946758986691769, 'subsample': 0.8964173464207463, 'colsample_bylevel': 0.9376397252692599, 'colsample_bynode': 0.7431773936068712, 'reg_alpha': 1.1500436612590168, 'reg_lambda': 3.824485249348467, 'grow_policy': 'depthwise', 'max_cat_to_onehot': 68, 'max_leaves': 22}. Best is trial 21 with value: 0.954782058986428.
Trial 28 finished with value: 0.9546808097261354 and parameters: {'learning_rate': 0.017976585257196233, 'max_depth': 5, 'min_child_weight': 0.30741821207815284, 'subsample': 0.9681075038295479, 'colsample_bylevel': 0.7268422616044063, 'colsample_bynode': 0.8298108788673185, 'reg_alpha': 0.45997136799188404, 'reg_lambda': 2.6707852994186614, 'grow_policy': 'depthwise', 'max_cat_to_onehot': 83, 'max_leaves': 357}. Best is trial 21 with value: 0.954782058986428.
Trial 29 finished with value: 0.9498881838772897 and parameters: {'learning_rate': 0.016642211277790808, 'max_depth': 5, 'min_child_weight': 0.29749559806052267, 'subsample': 0.8218960974909924, 'colsample_bylevel': 0.7042256138489096, 'colsample_bynode': 0.8938827416003152, 'reg_alpha': 4.303051782207348, 'reg_lambda': 1.9922639203766774, 'grow_policy': 'depthwise', 'max_cat_to_onehot': 32, 'max_leaves': 379}. Best is trial 21 with value: 0.954782058986428.
Trial 30 finished with value: 0.9502623304635526 and parameters: {'learning_rate': 0.02751080041933158, 'max_depth': 10, 'min_child_weight': 0.036603204013271835, 'subsample': 0.9740375727873306, 'colsample_bylevel': 0.6710461634641607, 'colsample_bynode': 0.829657687269921, 'reg_alpha': 1.9580832905968633, 'reg_lambda': 2.854675791583482, 'grow_policy': 'depthwise', 'max_cat_to_onehot': 46, 'max_leaves': 179}. Best is trial 21 with value: 0.954782058986428.
Trial 31 finished with value: 0.9543176289774455 and parameters: {'learning_rate': 0.015316786688267053, 'max_depth': 5, 'min_child_weight': 0.61811379546176, 'subsample': 0.9465669429472903, 'colsample_bylevel': 0.7435056279954969, 'colsample_bynode': 0.7806843571013116, 'reg_alpha': 0.3885516306363819, 'reg_lambda': 4.211811553990852, 'grow_policy': 'depthwise', 'max_cat_to_onehot': 85, 'max_leaves': 776}. Best is trial 21 with value: 0.954782058986428.
Trial 32 finished with value: 0.9543975597015224 and parameters: {'learning_rate': 0.02125483526078547, 'max_depth': 4, 'min_child_weight': 0.2553623670533033, 'subsample': 0.9568775811002285, 'colsample_bylevel': 0.7396065474528148, 'colsample_bynode': 0.7910155440123228, 'reg_alpha': 0.3525029748974013, 'reg_lambda': 2.6269971805530554, 'grow_policy': 'depthwise', 'max_cat_to_onehot': 84, 'max_leaves': 711}. Best is trial 21 with value: 0.954782058986428.
Trial 33 finished with value: 0.9547067047653253 and parameters: {'learning_rate': 0.020825565231625095, 'max_depth': 4, 'min_child_weight': 0.2820063226838776, 'subsample': 0.9625753638453612, 'colsample_bylevel': 0.7533823998861495, 'colsample_bynode': 0.8176209892613348, 'reg_alpha': 0.34977577768363904, 'reg_lambda': 1.4010731556638398, 'grow_policy': 'depthwise', 'max_cat_to_onehot': 86, 'max_leaves': 766}. Best is trial 21 with value: 0.954782058986428.
Trial 34 finished with value: 0.9544578896469194 and parameters: {'learning_rate': 0.03214431971610562, 'max_depth': 4, 'min_child_weight': 0.2618515182179408, 'subsample': 0.9185300818963252, 'colsample_bylevel': 0.6792024476146876, 'colsample_bynode': 0.8798861743825368, 'reg_alpha': 0.3735999434280926, 'reg_lambda': 0.9803169974499812, 'grow_policy': 'depthwise', 'max_cat_to_onehot': 100, 'max_leaves': 473}. Best is trial 21 with value: 0.954782058986428.
Trial 35 finished with value: 0.9546485637970671 and parameters: {'learning_rate': 0.03699090514781044, 'max_depth': 4, 'min_child_weight': 0.1265273242976092, 'subsample': 0.9145839777774712, 'colsample_bylevel': 0.687711540247164, 'colsample_bynode': 0.8900059502737461, 'reg_alpha': 0.865177295070561, 'reg_lambda': 1.3503188658115945, 'grow_policy': 'depthwise', 'max_cat_to_onehot': 98, 'max_leaves': 456}. Best is trial 21 with value: 0.954782058986428.
Trial 36 finished with value: 0.9525887493548476 and parameters: {'learning_rate': 0.05103194798768705, 'max_depth': 4, 'min_child_weight': 0.06750994803780326, 'subsample': 0.9021734456203278, 'colsample_bylevel': 0.6430591334226945, 'colsample_bynode': 0.9179345418206607, 'reg_alpha': 1.4149159815745747, 'reg_lambda': 1.5181363789936313, 'grow_policy': 'depthwise', 'max_cat_to_onehot': 60, 'max_leaves': 326}. Best is trial 21 with value: 0.954782058986428.
Trial 37 finished with value: 0.953245872603009 and parameters: {'learning_rate': 0.06429754597401154, 'max_depth': 4, 'min_child_weight': 0.13264142519843852, 'subsample': 0.9815414236649735, 'colsample_bylevel': 0.7002413424778171, 'colsample_bynode': 0.9510362030661024, 'reg_alpha': 0.8578756064224995, 'reg_lambda': 1.2984632649556087, 'grow_policy': 'depthwise', 'max_cat_to_onehot': 63, 'max_leaves': 269}. Best is trial 21 with value: 0.954782058986428.
Trial 38 finished with value: 0.954617865045619 and parameters: {'learning_rate': 0.029542611571159123, 'max_depth': 4, 'min_child_weight': 0.02033826521783915, 'subsample': 0.9225842497666262, 'colsample_bylevel': 0.6240962974876878, 'colsample_bynode': 0.8160838288839553, 'reg_alpha': 0.9069476094865749, 'reg_lambda': 1.6813955797860882, 'grow_policy': 'depthwise', 'max_cat_to_onehot': 89, 'max_leaves': 462}. Best is trial 21 with value: 0.954782058986428.
Trial 39 finished with value: 0.9518701999432018 and parameters: {'learning_rate': 0.04595028919415954, 'max_depth': 4, 'min_child_weight': 0.00747294007005222, 'subsample': 0.9610124302760321, 'colsample_bylevel': 0.6888795175745002, 'colsample_bynode': 0.64835678679358, 'reg_alpha': 1.7198316224585608, 'reg_lambda': 1.0103506262191684, 'grow_policy': 'depthwise', 'max_cat_to_onehot': 21, 'max_leaves': 762}. Best is trial 21 with value: 0.954782058986428.
Trial 40 finished with value: 0.9514269269828443 and parameters: {'learning_rate': 0.02287113085852526, 'max_depth': 4, 'min_child_weight': 0.3804152406224223, 'subsample': 0.889304351210596, 'colsample_bylevel': 0.6539068785574705, 'colsample_bynode': 0.9162922126548323, 'reg_alpha': 2.3859776641293844, 'reg_lambda': 0.5384215796542695, 'grow_policy': 'depthwise', 'max_cat_to_onehot': 79, 'max_leaves': 457}. Best is trial 21 with value: 0.954782058986428.
Trial 41 finished with value: 0.9540549599236325 and parameters: {'learning_rate': 0.029661733595888404, 'max_depth': 4, 'min_child_weight': 0.014841105024998885, 'subsample': 0.9184756964328907, 'colsample_bylevel': 0.617374597153487, 'colsample_bynode': 0.8102997652839382, 'reg_alpha': 0.9443649768953248, 'reg_lambda': 1.6712220836833531, 'grow_policy': 'depthwise', 'max_cat_to_onehot': 88, 'max_leaves': 490}. Best is trial 21 with value: 0.954782058986428.
Trial 42 finished with value: 0.9531865144492148 and parameters: {'learning_rate': 0.03500571852265215, 'max_depth': 4, 'min_child_weight': 0.055495194610136106, 'subsample': 0.9345444612940177, 'colsample_bylevel': 0.6355604441999513, 'colsample_bynode': 0.834979045064249, 'reg_alpha': 1.2852060658963722, 'reg_lambda': 1.2445485281002828, 'grow_policy': 'depthwise', 'max_cat_to_onehot': 90, 'max_leaves': 350}. Best is trial 21 with value: 0.954782058986428.
Trial 43 finished with value: 0.9525327875795968 and parameters: {'learning_rate': 0.018445688472901744, 'max_depth': 4, 'min_child_weight': 0.002645193602336804, 'subsample': 0.8763437363571451, 'colsample_bylevel': 0.7254826111798514, 'colsample_bynode': 0.8664308334177288, 'reg_alpha': 0.6951291459825465, 'reg_lambda': 2.0807728501821865, 'grow_policy': 'depthwise', 'max_cat_to_onehot': 67, 'max_leaves': 764}. Best is trial 21 with value: 0.954782058986428.
Trial 44 finished with value: 0.9552846334712104 and parameters: {'learning_rate': 0.03811112902298721, 'max_depth': 4, 'min_child_weight': 0.031705106883582815, 'subsample': 0.9881774415903251, 'colsample_bylevel': 0.6071490059492374, 'colsample_bynode': 0.8114473855102402, 'reg_alpha': 0.2554477795401455, 'reg_lambda': 1.7010351439129865, 'grow_policy': 'depthwise', 'max_cat_to_onehot': 100, 'max_leaves': 292}. Best is trial 44 with value: 0.9552846334712104.
Trial 45 finished with value: 0.9534770500942038 and parameters: {'learning_rate': 0.06440273599196676, 'max_depth': 4, 'min_child_weight': 0.098109250342325, 'subsample': 0.9866146407177729, 'colsample_bylevel': 0.6050043187355905, 'colsample_bynode': 0.6017062594387346, 'reg_alpha': 0.2990304735475595, 'reg_lambda': 0.7311459699549692, 'grow_policy': 'depthwise', 'max_cat_to_onehot': 99, 'max_leaves': 287}. Best is trial 44 with value: 0.9552846334712104.
Trial 46 finished with value: 0.9524340202274217 and parameters: {'learning_rate': 0.09711914859244214, 'max_depth': 9, 'min_child_weight': 0.03834335509167267, 'subsample': 0.9615671371229755, 'colsample_bylevel': 0.7224261689154334, 'colsample_bynode': 0.8261955068235604, 'reg_alpha': 0.14209956953972114, 'reg_lambda': 1.2335330548022863, 'grow_policy': 'depthwise', 'max_cat_to_onehot': 51, 'max_leaves': 211}. Best is trial 44 with value: 0.9552846334712104.
Trial 47 finished with value: 0.9523448218550434 and parameters: {'learning_rate': 0.05380414802791575, 'max_depth': 5, 'min_child_weight': 0.010024797946600288, 'subsample': 0.9904188067766914, 'colsample_bylevel': 0.7739199978292158, 'colsample_bynode': 0.8662728101100869, 'reg_alpha': 0.6285380726847234, 'reg_lambda': 2.251357348890939, 'grow_policy': 'lossguide', 'max_cat_to_onehot': 75, 'max_leaves': 157}. Best is trial 44 with value: 0.9552846334712104.
Trial 48 finished with value: 0.9569960544470295 and parameters: {'learning_rate': 0.04070699412364466, 'max_depth': 4, 'min_child_weight': 0.12518046057933088, 'subsample': 0.9748874221903852, 'colsample_bylevel': 0.6657047745969228, 'colsample_bynode': 0.9014519235850769, 'reg_alpha': 0.25069086515620015, 'reg_lambda': 0.33880306391010184, 'grow_policy': 'depthwise', 'max_cat_to_onehot': 62, 'max_leaves': 834}. Best is trial 48 with value: 0.9569960544470295.
Trial 49 finished with value: 0.9524722017643272 and parameters: {'learning_rate': 0.0757971205973225, 'max_depth': 5, 'min_child_weight': 0.07204112924759101, 'subsample': 0.969433255204344, 'colsample_bylevel': 0.6545648340880706, 'colsample_bynode': 0.9458969750455872, 'reg_alpha': 0.32518818493774637, 'reg_lambda': 0.5680759328699341, 'grow_policy': 'depthwise', 'max_cat_to_onehot': 15, 'max_leaves': 834}. Best is trial 48 with value: 0.9569960544470295.
Optuna Search Completed in: 303.60 seconds

Training final model on optimized parameter setup...

[XGBOOST FINALIZED METRICS]
Optimal Trees:         240
ROC_AUC:             0.9325 (Delta to TabPFN: +0.0183)
Accuracy:            0.9720 (Delta to TabPFN: -0.0020)
Final Train Time:      0.29 seconds

--- XGBOOST Feature Importance (Raw vs. Scaled Share) ---
Feature | Raw gain | Share
pca_embed_0 | 12014.77 | 34.22%
pca_embed_5 | 6900.84 | 19.66%
pca_embed_1 | 3966.85 | 11.30%
pca_embed_3 | 2499.31 | 7.12%
pca_embed_2 | 2055.38 | 5.85%
pca_embed_16 | 1530.18 | 4.36%
pca_embed_4 | 1229.12 | 3.50%
pca_embed_12 | 941.16 | 2.68%
pca_embed_9 | 558.42 | 1.59%
pca_embed_10 | 487.39 | 1.39%
pca_embed_7 | 438.72 | 1.25%
pca_embed_17 | 408.19 | 1.16%
pca_embed_13 | 334.06 | 0.95%
pca_embed_14 | 319.31 | 0.91%
pca_embed_11 | 314.57 | 0.90%
pca_embed_18 | 314.52 | 0.90%
pca_embed_8 | 311.80 | 0.89%
pca_embed_6 | 244.94 | 0.70%
pca_embed_15 | 237.99 | 0.68%

=====================================================================
METRIC TYPE                                  | VALUE / PROFILE
=====================================================================
Macro Embedding Share                        | 100.00%
Macro Raw Feature Share                      | 0.00%
---------------------------------------------------------------------
Active Text Embedding Density            | 100.00% (19/19)
Active Raw Tabular Feature Density       | 0.00% (0/0)
---------------------------------------------------------------------
Top-5 Concentration Ratio (CR5)          | 78.15% of total decision weight
Top-10 Concentration Ratio (CR10)        | 91.67% of total decision weight
=====================================================================

Total Pipeline Execution Time: 306.74 seconds

[SUCCESS] Permanent artifacts safely written to 'outputs/1/results/'
