Loading archive 'archives/wine_quality.npz' and initializing pipeline for target: CATBOOST...
Execution Mode: EMBED-ONLY
Session Output Target: outputs/1/
Task Type: REGRESSION
TabPFN Baselines Loaded - Primary: 0.5666 | Secondary: 0.3211
PCA reduced text embeddings to 25 components.
Final training matrix shape assembled for EMBED-ONLY: (5197, 25)

Running 50-Trial Optuna Study for CATBOOST (EMBED-ONLY)...
A new study created in RDB with name: 20260619_013652_catboost_embed-only_wine_quality
Trial 0 finished with value: 0.5891940487614646 and parameters: {'learning_rate': 0.015355286838886862, 'bootstrap_type': 'Bernoulli', 'subsample': 0.9852142919229748, 'grow_policy': 'SymmetricTree', 'depth': 4, 'colsample_bylevel': 0.8733991780504303, 'l2_leaf_reg': 0.00018747059221802545, 'leaf_estimation_iterations': 12, 'one_hot_max_size': 36, 'model_size_reg': 0.6803900745073703, 'max_ctr_complexity': 2, 'boosting_type': 'Plain', 'max_bin': 254}. Best is trial 0 with value: 0.5891940487614646.
Trial 1 finished with value: 0.5933149971681507 and parameters: {'learning_rate': 0.09138013915892866, 'bootstrap_type': 'Bernoulli', 'subsample': 0.9497327922401265, 'grow_policy': 'SymmetricTree', 'depth': 4, 'colsample_bylevel': 0.8956363364439306, 'l2_leaf_reg': 0.02922905212920092, 'leaf_estimation_iterations': 2, 'one_hot_max_size': 16, 'model_size_reg': 0.5243180891902851, 'max_ctr_complexity': 2, 'boosting_type': 'Plain', 'max_bin': 254}. Best is trial 0 with value: 0.5891940487614646.
Trial 2 finished with value: 0.590395278002913 and parameters: {'learning_rate': 0.011996621453406362, 'bootstrap_type': 'Bernoulli', 'subsample': 0.8099085529881075, 'grow_policy': 'Depthwise', 'depth': 4, 'colsample_bylevel': 0.9271351657620417, 'l2_leaf_reg': 0.06077686426194464, 'leaf_estimation_iterations': 1, 'one_hot_max_size': 36, 'model_size_reg': 0.15869086642715013, 'max_ctr_complexity': 2, 'boosting_type': 'Plain', 'max_bin': 254}. Best is trial 0 with value: 0.5891940487614646.
Trial 3 finished with value: 0.5930012158238196 and parameters: {'learning_rate': 0.08580222514877409, 'bootstrap_type': 'Bernoulli', 'subsample': 0.9896896099223678, 'grow_policy': 'SymmetricTree', 'depth': 4, 'colsample_bylevel': 0.9526349539768235, 'l2_leaf_reg': 0.011702088154220882, 'leaf_estimation_iterations': 1, 'one_hot_max_size': 27, 'model_size_reg': 0.10975998502129433, 'max_ctr_complexity': 5, 'boosting_type': 'Plain', 'max_bin': 254}. Best is trial 0 with value: 0.5891940487614646.
Trial 4 finished with value: 0.5892993509783857 and parameters: {'learning_rate': 0.010855517271883068, 'bootstrap_type': 'Bernoulli', 'subsample': 0.8987566853061946, 'grow_policy': 'Depthwise', 'depth': 6, 'colsample_bylevel': 0.877728168328829, 'l2_leaf_reg': 3.597899951374983, 'leaf_estimation_iterations': 9, 'one_hot_max_size': 86, 'model_size_reg': 1.128232550122133, 'max_ctr_complexity': 4, 'boosting_type': 'Plain', 'max_bin': 254}. Best is trial 0 with value: 0.5891940487614646.
Trial 5 finished with value: 0.5955938791999638 and parameters: {'learning_rate': 0.07913270952323785, 'bootstrap_type': 'Bernoulli', 'subsample': 0.7265477506155759, 'grow_policy': 'SymmetricTree', 'depth': 5, 'colsample_bylevel': 0.9083015934534223, 'l2_leaf_reg': 0.001883913511943895, 'leaf_estimation_iterations': 11, 'one_hot_max_size': 19, 'model_size_reg': 0.21399549030176218, 'max_ctr_complexity': 4, 'boosting_type': 'Plain', 'max_bin': 254}. Best is trial 0 with value: 0.5891940487614646.
Trial 6 finished with value: 0.5893071782293606 and parameters: {'learning_rate': 0.007626348515257587, 'bootstrap_type': 'Bernoulli', 'subsample': 0.9406590942262119, 'grow_policy': 'Depthwise', 'depth': 7, 'colsample_bylevel': 0.8798073522301258, 'l2_leaf_reg': 0.00010615690854925657, 'leaf_estimation_iterations': 10, 'one_hot_max_size': 47, 'model_size_reg': 0.7200770311577639, 'max_ctr_complexity': 5, 'boosting_type': 'Plain', 'max_bin': 254}. Best is trial 0 with value: 0.5891940487614646.
Trial 7 finished with value: 0.590311370123987 and parameters: {'learning_rate': 0.006241720498669827, 'bootstrap_type': 'Bernoulli', 'subsample': 0.8075397185632818, 'grow_policy': 'Depthwise', 'depth': 7, 'colsample_bylevel': 0.8996347037278973, 'l2_leaf_reg': 0.00019891099118865958, 'leaf_estimation_iterations': 2, 'one_hot_max_size': 17, 'model_size_reg': 0.7212460519889856, 'max_ctr_complexity': 4, 'boosting_type': 'Plain', 'max_bin': 254}. Best is trial 0 with value: 0.5891940487614646.
Trial 8 finished with value: 0.6017217805287254 and parameters: {'learning_rate': 0.07132805718188966, 'bootstrap_type': 'Bernoulli', 'subsample': 0.8416644775485848, 'grow_policy': 'Depthwise', 'depth': 7, 'colsample_bylevel': 0.9341915796354244, 'l2_leaf_reg': 0.4195190175255899, 'leaf_estimation_iterations': 3, 'one_hot_max_size': 29, 'model_size_reg': 0.318293122389662, 'max_ctr_complexity': 2, 'boosting_type': 'Plain', 'max_bin': 254}. Best is trial 0 with value: 0.5891940487614646.
Trial 9 finished with value: 0.5902787040561803 and parameters: {'learning_rate': 0.006907803691475429, 'bootstrap_type': 'Bernoulli', 'subsample': 0.7094287557060203, 'grow_policy': 'SymmetricTree', 'depth': 6, 'colsample_bylevel': 0.986134971088914, 'l2_leaf_reg': 0.0014839412491251364, 'leaf_estimation_iterations': 2, 'one_hot_max_size': 53, 'model_size_reg': 0.18581788925405318, 'max_ctr_complexity': 2, 'boosting_type': 'Plain', 'max_bin': 254}. Best is trial 0 with value: 0.5891940487614646.
Trial 10 finished with value: 0.5952713914115575 and parameters: {'learning_rate': 0.031624304693608794, 'bootstrap_type': 'Bernoulli', 'subsample': 0.8676552694772401, 'grow_policy': 'SymmetricTree', 'depth': 8, 'colsample_bylevel': 0.8532474920012839, 'l2_leaf_reg': 1.841152012664479, 'leaf_estimation_iterations': 18, 'one_hot_max_size': 8, 'model_size_reg': 1.3180934075316322, 'max_ctr_complexity': 3, 'boosting_type': 'Plain', 'max_bin': 254}. Best is trial 0 with value: 0.5891940487614646.
Trial 11 finished with value: 0.590105931870064 and parameters: {'learning_rate': 0.017220169277036748, 'bootstrap_type': 'Bernoulli', 'subsample': 0.9037588443949758, 'grow_policy': 'Depthwise', 'depth': 5, 'colsample_bylevel': 0.8547148908686132, 'l2_leaf_reg': 2.4898729835966105, 'leaf_estimation_iterations': 6, 'one_hot_max_size': 100, 'model_size_reg': 1.3260386311938197, 'max_ctr_complexity': 3, 'boosting_type': 'Plain', 'max_bin': 254}. Best is trial 0 with value: 0.5891940487614646.
Trial 12 finished with value: 0.590260846490262 and parameters: {'learning_rate': 0.018942189410755265, 'bootstrap_type': 'Bernoulli', 'subsample': 0.9997422862712966, 'grow_policy': 'Depthwise', 'depth': 5, 'colsample_bylevel': 0.8752762616103653, 'l2_leaf_reg': 0.19905555342825915, 'leaf_estimation_iterations': 6, 'one_hot_max_size': 99, 'model_size_reg': 0.7838911690917247, 'max_ctr_complexity': 3, 'boosting_type': 'Plain', 'max_bin': 254}. Best is trial 0 with value: 0.5891940487614646.
Trial 13 finished with value: 0.5898985821204465 and parameters: {'learning_rate': 0.029346655525812386, 'bootstrap_type': 'Bernoulli', 'subsample': 0.9280658954274942, 'grow_policy': 'SymmetricTree', 'depth': 6, 'colsample_bylevel': 0.8724351773205777, 'l2_leaf_reg': 0.002863226008660282, 'leaf_estimation_iterations': 20, 'one_hot_max_size': 66, 'model_size_reg': 0.43356414667280163, 'max_ctr_complexity': 4, 'boosting_type': 'Plain', 'max_bin': 254}. Best is trial 0 with value: 0.5891940487614646.
Trial 14 finished with value: 0.5885695808677974 and parameters: {'learning_rate': 0.011349153319358476, 'bootstrap_type': 'Bernoulli', 'subsample': 0.895227506489735, 'grow_policy': 'Depthwise', 'depth': 6, 'colsample_bylevel': 0.8782164519528853, 'l2_leaf_reg': 0.000513676897771685, 'leaf_estimation_iterations': 6, 'one_hot_max_size': 61, 'model_size_reg': 1.0362538478096655, 'max_ctr_complexity': 3, 'boosting_type': 'Plain', 'max_bin': 254}. Best is trial 14 with value: 0.5885695808677974.
Trial 15 finished with value: 0.5945090644148258 and parameters: {'learning_rate': 0.025059250419627973, 'bootstrap_type': 'Bernoulli', 'subsample': 0.9622488524616862, 'grow_policy': 'SymmetricTree', 'depth': 8, 'colsample_bylevel': 0.9182759865979099, 'l2_leaf_reg': 0.0004532898178633374, 'leaf_estimation_iterations': 5, 'one_hot_max_size': 43, 'model_size_reg': 0.9739764230952352, 'max_ctr_complexity': 3, 'boosting_type': 'Plain', 'max_bin': 254}. Best is trial 14 with value: 0.5885695808677974.
Trial 16 finished with value: 0.5942800780947615 and parameters: {'learning_rate': 0.0451159727146497, 'bootstrap_type': 'Bernoulli', 'subsample': 0.7609524784084656, 'grow_policy': 'Depthwise', 'depth': 5, 'colsample_bylevel': 0.8899433502040726, 'l2_leaf_reg': 0.00048482850142845944, 'leaf_estimation_iterations': 4, 'one_hot_max_size': 66, 'model_size_reg': 0.48585327231263614, 'max_ctr_complexity': 3, 'boosting_type': 'Plain', 'max_bin': 254}. Best is trial 14 with value: 0.5885695808677974.
Trial 17 finished with value: 0.58919926933769 and parameters: {'learning_rate': 0.010788310365219508, 'bootstrap_type': 'Bernoulli', 'subsample': 0.8768612349681095, 'grow_policy': 'SymmetricTree', 'depth': 6, 'colsample_bylevel': 0.8610292426788752, 'l2_leaf_reg': 0.0047439625734073945, 'leaf_estimation_iterations': 14, 'one_hot_max_size': 26, 'model_size_reg': 0.3337370866488514, 'max_ctr_complexity': 2, 'boosting_type': 'Plain', 'max_bin': 254}. Best is trial 14 with value: 0.5885695808677974.
Trial 18 finished with value: 0.5899652914736712 and parameters: {'learning_rate': 0.016537289108844985, 'bootstrap_type': 'Bernoulli', 'subsample': 0.9792627509587626, 'grow_policy': 'Depthwise', 'depth': 4, 'colsample_bylevel': 0.9514164963170597, 'l2_leaf_reg': 0.0005902913987559645, 'leaf_estimation_iterations': 7, 'one_hot_max_size': 65, 'model_size_reg': 0.8940742821577399, 'max_ctr_complexity': 3, 'boosting_type': 'Plain', 'max_bin': 254}. Best is trial 14 with value: 0.5885695808677974.
Trial 19 finished with value: 0.5892501077227136 and parameters: {'learning_rate': 0.009011515224166784, 'bootstrap_type': 'Bernoulli', 'subsample': 0.9195109062231752, 'grow_policy': 'SymmetricTree', 'depth': 5, 'colsample_bylevel': 0.9892154302349309, 'l2_leaf_reg': 0.0001699069667776258, 'leaf_estimation_iterations': 4, 'one_hot_max_size': 9, 'model_size_reg': 0.6262731743447284, 'max_ctr_complexity': 2, 'boosting_type': 'Plain', 'max_bin': 254}. Best is trial 14 with value: 0.5885695808677974.
Trial 20 finished with value: 0.5895064523570234 and parameters: {'learning_rate': 0.013469188138098647, 'bootstrap_type': 'Bernoulli', 'subsample': 0.8410838119234255, 'grow_policy': 'Depthwise', 'depth': 7, 'colsample_bylevel': 0.9076462498433935, 'l2_leaf_reg': 0.0008982186825863333, 'leaf_estimation_iterations': 13, 'one_hot_max_size': 12, 'model_size_reg': 0.3353101330228213, 'max_ctr_complexity': 3, 'boosting_type': 'Plain', 'max_bin': 254}. Best is trial 14 with value: 0.5885695808677974.
Trial 21 finished with value: 0.5896302607100716 and parameters: {'learning_rate': 0.008921493144360079, 'bootstrap_type': 'Bernoulli', 'subsample': 0.8810995709135565, 'grow_policy': 'SymmetricTree', 'depth': 6, 'colsample_bylevel': 0.8627329581701441, 'l2_leaf_reg': 0.00777550505090823, 'leaf_estimation_iterations': 13, 'one_hot_max_size': 29, 'model_size_reg': 0.31359754046060534, 'max_ctr_complexity': 2, 'boosting_type': 'Plain', 'max_bin': 254}. Best is trial 14 with value: 0.5885695808677974.
Trial 22 finished with value: 0.5933757229438383 and parameters: {'learning_rate': 0.005281955321750829, 'bootstrap_type': 'Bernoulli', 'subsample': 0.8652685433558092, 'grow_policy': 'SymmetricTree', 'depth': 6, 'colsample_bylevel': 0.8617645628902391, 'l2_leaf_reg': 0.003603805386263446, 'leaf_estimation_iterations': 8, 'one_hot_max_size': 22, 'model_size_reg': 0.40090361836628663, 'max_ctr_complexity': 2, 'boosting_type': 'Plain', 'max_bin': 254}. Best is trial 14 with value: 0.5885695808677974.
Trial 23 finished with value: 0.5889145958362071 and parameters: {'learning_rate': 0.021840117685229508, 'bootstrap_type': 'Bernoulli', 'subsample': 0.81348592565528, 'grow_policy': 'SymmetricTree', 'depth': 6, 'colsample_bylevel': 0.8858853282864502, 'l2_leaf_reg': 0.007079540883479573, 'leaf_estimation_iterations': 15, 'one_hot_max_size': 37, 'model_size_reg': 0.2515759089592599, 'max_ctr_complexity': 2, 'boosting_type': 'Plain', 'max_bin': 254}. Best is trial 14 with value: 0.5885695808677974.
Trial 24 finished with value: 0.5912091518450302 and parameters: {'learning_rate': 0.020936186328751282, 'bootstrap_type': 'Bernoulli', 'subsample': 0.7797084173925646, 'grow_policy': 'SymmetricTree', 'depth': 7, 'colsample_bylevel': 0.8874135694497284, 'l2_leaf_reg': 0.02722755309038166, 'leaf_estimation_iterations': 17, 'one_hot_max_size': 37, 'model_size_reg': 0.21942166460623558, 'max_ctr_complexity': 2, 'boosting_type': 'Plain', 'max_bin': 254}. Best is trial 14 with value: 0.5885695808677974.
Trial 25 finished with value: 0.5904253575415463 and parameters: {'learning_rate': 0.04122761327229533, 'bootstrap_type': 'Bernoulli', 'subsample': 0.8298787187507303, 'grow_policy': 'SymmetricTree', 'depth': 5, 'colsample_bylevel': 0.8703089952115628, 'l2_leaf_reg': 0.0002117733577274473, 'leaf_estimation_iterations': 9, 'one_hot_max_size': 56, 'model_size_reg': 1.06450584325678, 'max_ctr_complexity': 3, 'boosting_type': 'Plain', 'max_bin': 254}. Best is trial 14 with value: 0.5885695808677974.
Trial 26 finished with value: 0.5914864117021743 and parameters: {'learning_rate': 0.01305043937367044, 'bootstrap_type': 'Bernoulli', 'subsample': 0.7610330603344386, 'grow_policy': 'SymmetricTree', 'depth': 8, 'colsample_bylevel': 0.8872006601123253, 'l2_leaf_reg': 0.0010684676603671772, 'leaf_estimation_iterations': 14, 'one_hot_max_size': 38, 'model_size_reg': 0.11632821947263618, 'max_ctr_complexity': 2, 'boosting_type': 'Plain', 'max_bin': 254}. Best is trial 14 with value: 0.5885695808677974.
Trial 27 finished with value: 0.5900720577899682 and parameters: {'learning_rate': 0.024532628043893865, 'bootstrap_type': 'Bernoulli', 'subsample': 0.9719187521458021, 'grow_policy': 'SymmetricTree', 'depth': 6, 'colsample_bylevel': 0.9025343181589762, 'l2_leaf_reg': 0.0002935680188106205, 'leaf_estimation_iterations': 3, 'one_hot_max_size': 77, 'model_size_reg': 0.5631295415253295, 'max_ctr_complexity': 3, 'boosting_type': 'Plain', 'max_bin': 254}. Best is trial 14 with value: 0.5885695808677974.
Trial 28 finished with value: 0.589437687155419 and parameters: {'learning_rate': 0.01474472869221673, 'bootstrap_type': 'Bernoulli', 'subsample': 0.7959333315294876, 'grow_policy': 'Depthwise', 'depth': 4, 'colsample_bylevel': 0.9155011188327704, 'l2_leaf_reg': 0.01616244520480263, 'leaf_estimation_iterations': 7, 'one_hot_max_size': 45, 'model_size_reg': 0.8404385035663634, 'max_ctr_complexity': 2, 'boosting_type': 'Plain', 'max_bin': 254}. Best is trial 14 with value: 0.5885695808677974.
Trial 29 finished with value: 0.5908019168149996 and parameters: {'learning_rate': 0.04406584592444505, 'bootstrap_type': 'Bernoulli', 'subsample': 0.95240028282546, 'grow_policy': 'SymmetricTree', 'depth': 4, 'colsample_bylevel': 0.89410378173422, 'l2_leaf_reg': 0.00010285257520211227, 'leaf_estimation_iterations': 5, 'one_hot_max_size': 32, 'model_size_reg': 1.47881356837151, 'max_ctr_complexity': 2, 'boosting_type': 'Plain', 'max_bin': 254}. Best is trial 14 with value: 0.5885695808677974.
Trial 30 finished with value: 0.5893681258256452 and parameters: {'learning_rate': 0.021337074300515048, 'bootstrap_type': 'Bernoulli', 'subsample': 0.8989980198458183, 'grow_policy': 'SymmetricTree', 'depth': 5, 'colsample_bylevel': 0.8842091516012386, 'l2_leaf_reg': 0.16783583455213247, 'leaf_estimation_iterations': 11, 'one_hot_max_size': 23, 'model_size_reg': 0.2591062372262123, 'max_ctr_complexity': 4, 'boosting_type': 'Plain', 'max_bin': 254}. Best is trial 14 with value: 0.5885695808677974.
Trial 31 finished with value: 0.5888476321292851 and parameters: {'learning_rate': 0.009757038686071761, 'bootstrap_type': 'Bernoulli', 'subsample': 0.8580133245049724, 'grow_policy': 'SymmetricTree', 'depth': 6, 'colsample_bylevel': 0.8675035603981407, 'l2_leaf_reg': 0.005406398735208371, 'leaf_estimation_iterations': 15, 'one_hot_max_size': 23, 'model_size_reg': 0.160306152388581, 'max_ctr_complexity': 2, 'boosting_type': 'Plain', 'max_bin': 254}. Best is trial 14 with value: 0.5885695808677974.
Trial 32 finished with value: 0.5888881818466046 and parameters: {'learning_rate': 0.009147366020304347, 'bootstrap_type': 'Bernoulli', 'subsample': 0.8228258155997716, 'grow_policy': 'SymmetricTree', 'depth': 6, 'colsample_bylevel': 0.8678926824937502, 'l2_leaf_reg': 0.05549043284216823, 'leaf_estimation_iterations': 16, 'one_hot_max_size': 14, 'model_size_reg': 0.12877022372385794, 'max_ctr_complexity': 2, 'boosting_type': 'Plain', 'max_bin': 254}. Best is trial 14 with value: 0.5885695808677974.
Trial 33 finished with value: 0.5890418355525041 and parameters: {'learning_rate': 0.008881265353428439, 'bootstrap_type': 'Bernoulli', 'subsample': 0.8300602679937534, 'grow_policy': 'SymmetricTree', 'depth': 6, 'colsample_bylevel': 0.8680514496805343, 'l2_leaf_reg': 0.04261574380538665, 'leaf_estimation_iterations': 16, 'one_hot_max_size': 13, 'model_size_reg': 0.14169673964647383, 'max_ctr_complexity': 2, 'boosting_type': 'Plain', 'max_bin': 254}. Best is trial 14 with value: 0.5885695808677974.
Trial 34 finished with value: 0.5940149349016719 and parameters: {'learning_rate': 0.005064357443636815, 'bootstrap_type': 'Bernoulli', 'subsample': 0.8539920046167718, 'grow_policy': 'SymmetricTree', 'depth': 6, 'colsample_bylevel': 0.8503379727862824, 'l2_leaf_reg': 0.08045105118373533, 'leaf_estimation_iterations': 20, 'one_hot_max_size': 14, 'model_size_reg': 0.14450777468958342, 'max_ctr_complexity': 2, 'boosting_type': 'Plain', 'max_bin': 254}. Best is trial 14 with value: 0.5885695808677974.
Trial 35 finished with value: 0.5896112698407416 and parameters: {'learning_rate': 0.010576616006988131, 'bootstrap_type': 'Bernoulli', 'subsample': 0.8178972830141107, 'grow_policy': 'SymmetricTree', 'depth': 7, 'colsample_bylevel': 0.8669292772881826, 'l2_leaf_reg': 0.006982878333030759, 'leaf_estimation_iterations': 1, 'one_hot_max_size': 19, 'model_size_reg': 0.12257797386999474, 'max_ctr_complexity': 2, 'boosting_type': 'Plain', 'max_bin': 254}. Best is trial 14 with value: 0.5885695808677974.
Trial 36 finished with value: 0.5894910123912278 and parameters: {'learning_rate': 0.011683713610340886, 'bootstrap_type': 'Bernoulli', 'subsample': 0.7897168333726351, 'grow_policy': 'SymmetricTree', 'depth': 6, 'colsample_bylevel': 0.8777598889976499, 'l2_leaf_reg': 0.016814578821297617, 'leaf_estimation_iterations': 11, 'one_hot_max_size': 11, 'model_size_reg': 0.10180514544353204, 'max_ctr_complexity': 3, 'boosting_type': 'Plain', 'max_bin': 254}. Best is trial 14 with value: 0.5885695808677974.
Trial 37 finished with value: 0.5899393562787159 and parameters: {'learning_rate': 0.00674097913454127, 'bootstrap_type': 'Bernoulli', 'subsample': 0.887190208823176, 'grow_policy': 'Depthwise', 'depth': 6, 'colsample_bylevel': 0.8975942636321783, 'l2_leaf_reg': 0.06826942114199441, 'leaf_estimation_iterations': 15, 'one_hot_max_size': 15, 'model_size_reg': 0.17041737367804805, 'max_ctr_complexity': 2, 'boosting_type': 'Plain', 'max_bin': 254}. Best is trial 14 with value: 0.5885695808677974.
Trial 38 finished with value: 0.5897618226547237 and parameters: {'learning_rate': 0.009510745338159663, 'bootstrap_type': 'Bernoulli', 'subsample': 0.8529977895639241, 'grow_policy': 'SymmetricTree', 'depth': 7, 'colsample_bylevel': 0.8811198988919654, 'l2_leaf_reg': 0.02883962903964419, 'leaf_estimation_iterations': 9, 'one_hot_max_size': 22, 'model_size_reg': 0.20362644561178414, 'max_ctr_complexity': 5, 'boosting_type': 'Plain', 'max_bin': 254}. Best is trial 14 with value: 0.5885695808677974.
Trial 39 finished with value: 0.5899864904050516 and parameters: {'learning_rate': 0.007603727830110373, 'bootstrap_type': 'Bernoulli', 'subsample': 0.81750023989502, 'grow_policy': 'Depthwise', 'depth': 6, 'colsample_bylevel': 0.8587025943696662, 'l2_leaf_reg': 0.0018860507117721937, 'leaf_estimation_iterations': 1, 'one_hot_max_size': 17, 'model_size_reg': 0.13390860214601039, 'max_ctr_complexity': 2, 'boosting_type': 'Plain', 'max_bin': 254}. Best is trial 14 with value: 0.5885695808677974.
Trial 40 finished with value: 0.5894438627721532 and parameters: {'learning_rate': 0.014599268693993717, 'bootstrap_type': 'Bernoulli', 'subsample': 0.7653061528984011, 'grow_policy': 'SymmetricTree', 'depth': 7, 'colsample_bylevel': 0.891900487484384, 'l2_leaf_reg': 0.5285573907821731, 'leaf_estimation_iterations': 12, 'one_hot_max_size': 32, 'model_size_reg': 0.2478230934695396, 'max_ctr_complexity': 4, 'boosting_type': 'Plain', 'max_bin': 254}. Best is trial 14 with value: 0.5885695808677974.
Trial 41 finished with value: 0.5895672477050447 and parameters: {'learning_rate': 0.008153905366194782, 'bootstrap_type': 'Bernoulli', 'subsample': 0.8304668017236962, 'grow_policy': 'SymmetricTree', 'depth': 6, 'colsample_bylevel': 0.8716672122366598, 'l2_leaf_reg': 0.0410028109958522, 'leaf_estimation_iterations': 16, 'one_hot_max_size': 13, 'model_size_reg': 0.15704320084634557, 'max_ctr_complexity': 2, 'boosting_type': 'Plain', 'max_bin': 254}. Best is trial 14 with value: 0.5885695808677974.
Trial 42 finished with value: 0.5906552085847214 and parameters: {'learning_rate': 0.006463640757524562, 'bootstrap_type': 'Bernoulli', 'subsample': 0.8074907111662394, 'grow_policy': 'SymmetricTree', 'depth': 6, 'colsample_bylevel': 0.8681337950475925, 'l2_leaf_reg': 0.11276073008836214, 'leaf_estimation_iterations': 17, 'one_hot_max_size': 9, 'model_size_reg': 0.13290314359630823, 'max_ctr_complexity': 2, 'boosting_type': 'Plain', 'max_bin': 254}. Best is trial 14 with value: 0.5885695808677974.
Trial 43 finished with value: 0.5890132274636468 and parameters: {'learning_rate': 0.010100742256462217, 'bootstrap_type': 'Bernoulli', 'subsample': 0.853191473932031, 'grow_policy': 'SymmetricTree', 'depth': 6, 'colsample_bylevel': 0.8816858643504437, 'l2_leaf_reg': 0.017687146625839433, 'leaf_estimation_iterations': 10, 'one_hot_max_size': 11, 'model_size_reg': 0.1762333464997192, 'max_ctr_complexity': 2, 'boosting_type': 'Plain', 'max_bin': 254}. Best is trial 14 with value: 0.5885695808677974.
Trial 44 finished with value: 0.5889181410994356 and parameters: {'learning_rate': 0.012220014964378774, 'bootstrap_type': 'Bernoulli', 'subsample': 0.8545605625064296, 'grow_policy': 'SymmetricTree', 'depth': 6, 'colsample_bylevel': 0.998677251770048, 'l2_leaf_reg': 0.012109535906212845, 'leaf_estimation_iterations': 10, 'one_hot_max_size': 10, 'model_size_reg': 0.17369037443876922, 'max_ctr_complexity': 2, 'boosting_type': 'Plain', 'max_bin': 254}. Best is trial 14 with value: 0.5885695808677974.
Trial 45 finished with value: 0.5892185314470488 and parameters: {'learning_rate': 0.012087520294137444, 'bootstrap_type': 'Bernoulli', 'subsample': 0.9079597421462401, 'grow_policy': 'Depthwise', 'depth': 7, 'colsample_bylevel': 0.9769543192042299, 'l2_leaf_reg': 0.009293154193065565, 'leaf_estimation_iterations': 8, 'one_hot_max_size': 8, 'model_size_reg': 0.19695222997093573, 'max_ctr_complexity': 2, 'boosting_type': 'Plain', 'max_bin': 254}. Best is trial 14 with value: 0.5885695808677974.
Trial 46 finished with value: 0.5889445051115324 and parameters: {'learning_rate': 0.01782516972689742, 'bootstrap_type': 'Bernoulli', 'subsample': 0.8717313369535573, 'grow_policy': 'SymmetricTree', 'depth': 5, 'colsample_bylevel': 0.9400085364648069, 'l2_leaf_reg': 0.0026933393723641177, 'leaf_estimation_iterations': 11, 'one_hot_max_size': 19, 'model_size_reg': 0.24098739896231727, 'max_ctr_complexity': 3, 'boosting_type': 'Plain', 'max_bin': 254}. Best is trial 14 with value: 0.5885695808677974.
Trial 47 finished with value: 0.5897714061023003 and parameters: {'learning_rate': 0.00788554797801371, 'bootstrap_type': 'Bernoulli', 'subsample': 0.8420483720984007, 'grow_policy': 'SymmetricTree', 'depth': 6, 'colsample_bylevel': 0.9677453970084445, 'l2_leaf_reg': 0.005841941153270583, 'leaf_estimation_iterations': 20, 'one_hot_max_size': 52, 'model_size_reg': 0.27951753321420186, 'max_ctr_complexity': 2, 'boosting_type': 'Plain', 'max_bin': 254}. Best is trial 14 with value: 0.5885695808677974.
Trial 48 finished with value: 0.5906086621399953 and parameters: {'learning_rate': 0.005847353163650734, 'bootstrap_type': 'Bernoulli', 'subsample': 0.8935128408291919, 'grow_policy': 'Depthwise', 'depth': 5, 'colsample_bylevel': 0.959902664161111, 'l2_leaf_reg': 0.01282629937346521, 'leaf_estimation_iterations': 7, 'one_hot_max_size': 10, 'model_size_reg': 0.16502699379092245, 'max_ctr_complexity': 3, 'boosting_type': 'Plain', 'max_bin': 254}. Best is trial 14 with value: 0.5885695808677974.
Trial 49 finished with value: 0.5912954691792189 and parameters: {'learning_rate': 0.035453726866509466, 'bootstrap_type': 'Bernoulli', 'subsample': 0.8613926535868718, 'grow_policy': 'SymmetricTree', 'depth': 6, 'colsample_bylevel': 0.9966126851549827, 'l2_leaf_reg': 0.39073747779916296, 'leaf_estimation_iterations': 5, 'one_hot_max_size': 40, 'model_size_reg': 0.10851194798665695, 'max_ctr_complexity': 4, 'boosting_type': 'Plain', 'max_bin': 254}. Best is trial 14 with value: 0.5885695808677974.
Optuna Search Completed in: 815.46 seconds

Training final model on optimized parameter setup...

[CATBOOST FINALIZED METRICS]
Optimal Trees:         948
RMSE:             0.5746 (Delta to TabPFN: +0.0080)
MSE:            0.3302 (Delta to TabPFN: +0.0091)
Final Train Time:      6.33 seconds

--- CATBOOST Feature Importance (Raw vs. Scaled Share) ---
Feature | Raw gain | Share
pca_embed_1 | 44.94 | 44.94%
pca_embed_2 | 13.19 | 13.19%
pca_embed_0 | 6.94 | 6.94%
pca_embed_5 | 3.07 | 3.07%
pca_embed_4 | 2.88 | 2.88%
pca_embed_3 | 2.70 | 2.70%
pca_embed_8 | 2.24 | 2.24%
pca_embed_6 | 2.03 | 2.03%
pca_embed_7 | 1.88 | 1.88%
pca_embed_10 | 1.50 | 1.50%
pca_embed_9 | 1.48 | 1.48%
pca_embed_13 | 1.45 | 1.45%
pca_embed_14 | 1.42 | 1.42%
pca_embed_22 | 1.32 | 1.32%
pca_embed_19 | 1.32 | 1.32%
pca_embed_18 | 1.31 | 1.31%
pca_embed_15 | 1.29 | 1.29%
pca_embed_21 | 1.22 | 1.22%
pca_embed_12 | 1.20 | 1.20%
pca_embed_24 | 1.19 | 1.19%
pca_embed_20 | 1.19 | 1.19%
pca_embed_23 | 1.13 | 1.13%
pca_embed_17 | 1.07 | 1.07%
pca_embed_16 | 1.04 | 1.04%
pca_embed_11 | 0.98 | 0.98%

=====================================================================
METRIC TYPE                                  | VALUE / PROFILE
=====================================================================
Macro Embedding Share                        | 100.00%
Macro Raw Feature Share                      | 0.00%
---------------------------------------------------------------------
Active Text Embedding Density            | 100.00% (25/25)
Active Raw Tabular Feature Density       | 0.00% (0/0)
---------------------------------------------------------------------
Top-5 Concentration Ratio (CR5)          | 71.01% of total decision weight
Top-10 Concentration Ratio (CR10)        | 81.36% of total decision weight
=====================================================================

Total Pipeline Execution Time: 824.41 seconds

[SUCCESS] Permanent artifacts safely written to 'outputs/1/results/'
