Loading archive 'archives/churn.npz' and initializing pipeline for target: LIGHTGBM...
Execution Mode: RAW-ONLY
Session Output Target: outputs/1/
Task Type: BINARY
TabPFN Baselines Loaded - Primary: 0.9142 | Secondary: 0.9740
PCA reduced text embeddings to 19 components.
Final training matrix shape assembled for RAW-ONLY: (4000, 19)

Running 50-Trial Optuna Study for LIGHTGBM (RAW-ONLY)...
A new study created in RDB with name: 20260618_213645_lightgbm_raw-only_churn
Trial 0 finished with value: 0.9271633914364301 and parameters: {'learning_rate': 0.015355286838886862, 'feature_fraction': 0.9704285838459497, 'bagging_fraction': 0.9195981825434215, 'bagging_freq': 1, 'num_leaves': 28, 'min_data_in_leaf': 1, 'extra_trees': False, 'min_data_per_group': 57, 'cat_l2': 0.18327672955935934, 'cat_smooth': 3.4702669886504163, 'max_cat_to_onehot': 8, 'lambda_l1': 0.9699128611767781, 'lambda_l2': 1.6649020373367633}. Best is trial 0 with value: 0.9271633914364301.
Trial 1 finished with value: 0.9228755762406466 and parameters: {'learning_rate': 0.009445600138094694, 'feature_fraction': 0.5090949803242604, 'bagging_fraction': 0.7550213529560301, 'bagging_freq': 1, 'num_leaves': 7, 'min_data_in_leaf': 6, 'extra_trees': False, 'min_data_per_group': 20, 'cat_l2': 0.01153297626310632, 'cat_smooth': 0.028888383623653185, 'max_cat_to_onehot': 19, 'lambda_l1': 0.4561243772186142, 'lambda_l2': 1.5703734051898879}. Best is trial 0 with value: 0.9271633914364301.
Trial 2 finished with value: 0.8752235619281497 and parameters: {'learning_rate': 0.009093929525644107, 'feature_fraction': 0.708540663048167, 'bagging_fraction': 0.8777243706586128, 'bagging_freq': 1, 'num_leaves': 2, 'min_data_in_leaf': 10, 'extra_trees': False, 'min_data_per_group': 81, 'cat_l2': 1.6278053965878447, 'cat_smooth': 11.015056790269638, 'max_cat_to_onehot': 17, 'lambda_l1': 0.09776234679498323, 'lambda_l2': 1.3684976297216627}. Best is trial 0 with value: 0.9271633914364301.
Trial 3 finished with value: 0.875775949009548 and parameters: {'learning_rate': 0.01869052934095898, 'feature_fraction': 0.47322294090686734, 'bagging_fraction': 0.848553073033381, 'bagging_freq': 1, 'num_leaves': 2, 'min_data_in_leaf': 42, 'extra_trees': True, 'min_data_per_group': 6, 'cat_l2': 0.11277639166461569, 'cat_smooth': 0.5414413211338525, 'max_cat_to_onehot': 12, 'lambda_l1': 0.9695876693017821, 'lambda_l2': 1.550288133439893}. Best is trial 0 with value: 0.9271633914364301.
Trial 4 finished with value: 0.92526533834288 and parameters: {'learning_rate': 0.08342309693146736, 'feature_fraction': 0.9368964102565893, 'bagging_fraction': 0.8793699936433255, 'bagging_freq': 1, 'num_leaves': 137, 'min_data_in_leaf': 1, 'extra_trees': False, 'min_data_per_group': 6, 'cat_l2': 0.0513253156994884, 'cat_smooth': 0.022737628102536857, 'max_cat_to_onehot': 64, 'lambda_l1': 0.3568176513609199, 'lambda_l2': 0.5619409259237927}. Best is trial 0 with value: 0.9271633914364301.
Trial 5 finished with value: 0.880387207147171 and parameters: {'learning_rate': 0.025411709798607296, 'feature_fraction': 0.4845545349848576, 'bagging_fraction': 0.9406590942262119, 'bagging_freq': 1, 'num_leaves': 2, 'min_data_in_leaf': 61, 'extra_trees': False, 'min_data_per_group': 2, 'cat_l2': 0.6619871537619337, 'cat_smooth': 3.4220529032706923, 'max_cat_to_onehot': 50, 'lambda_l1': 0.7712932196512772, 'lambda_l2': 0.1481818990030073}. Best is trial 0 with value: 0.9271633914364301.
Trial 6 finished with value: 0.9230656918058114 and parameters: {'learning_rate': 0.014633380642745364, 'feature_fraction': 0.4695214357150779, 'bagging_fraction': 0.958931027762678, 'bagging_freq': 1, 'num_leaves': 32, 'min_data_in_leaf': 2, 'extra_trees': True, 'min_data_per_group': 6, 'cat_l2': 0.3957756313952873, 'cat_smooth': 1.5409457762881555, 'max_cat_to_onehot': 75, 'lambda_l1': 0.4722677036694331, 'lambda_l2': 0.23927653245200955}. Best is trial 0 with value: 0.9271633914364301.
Trial 7 finished with value: 0.9181327584422545 and parameters: {'learning_rate': 0.042356773126632795, 'feature_fraction': 0.8564710291701385, 'bagging_fraction': 0.8683831592708489, 'bagging_freq': 1, 'num_leaves': 65, 'min_data_in_leaf': 6, 'extra_trees': False, 'min_data_per_group': 2, 'cat_l2': 0.009543550367992308, 'cat_smooth': 0.0014359718569878096, 'max_cat_to_onehot': 39, 'lambda_l1': 0.314424545478219, 'lambda_l2': 1.017190525260289}. Best is trial 0 with value: 0.9271633914364301.
Trial 8 finished with value: 0.918555516153506 and parameters: {'learning_rate': 0.07581256838789621, 'feature_fraction': 0.549575337489325, 'bagging_fraction': 0.8231148769106889, 'bagging_freq': 1, 'num_leaves': 61, 'min_data_in_leaf': 2, 'extra_trees': True, 'min_data_per_group': 3, 'cat_l2': 1.3124992669799407, 'cat_smooth': 10.979988817809668, 'max_cat_to_onehot': 39, 'lambda_l1': 0.871473444128699, 'lambda_l2': 1.607363786590539}. Best is trial 0 with value: 0.9271633914364301.
Trial 9 finished with value: 0.9193752508826835 and parameters: {'learning_rate': 0.008743861043586432, 'feature_fraction': 0.9355353990939866, 'bagging_fraction': 0.8618026725746952, 'bagging_freq': 1, 'num_leaves': 78, 'min_data_in_leaf': 39, 'extra_trees': False, 'min_data_per_group': 4, 'cat_l2': 0.06461451563516586, 'cat_smooth': 12.304779330083704, 'max_cat_to_onehot': 70, 'lambda_l1': 0.007051435318137585, 'lambda_l2': 1.0215435304248737}. Best is trial 0 with value: 0.9271633914364301.
Trial 10 finished with value: 0.919562644383767 and parameters: {'learning_rate': 0.00556850707848256, 'feature_fraction': 0.6839963928728011, 'bagging_fraction': 0.7022641957948879, 'bagging_freq': 1, 'num_leaves': 12, 'min_data_in_leaf': 1, 'extra_trees': True, 'min_data_per_group': 85, 'cat_l2': 0.2103162267878452, 'cat_smooth': 57.71736365719864, 'max_cat_to_onehot': 8, 'lambda_l1': 0.6782859743712771, 'lambda_l2': 1.891624858975429}. Best is trial 0 with value: 0.9271633914364301.
Trial 11 finished with value: 0.918887262660754 and parameters: {'learning_rate': 0.08467605652745719, 'feature_fraction': 0.997017217496806, 'bagging_fraction': 0.997185108046352, 'bagging_freq': 1, 'num_leaves': 160, 'min_data_in_leaf': 1, 'extra_trees': False, 'min_data_per_group': 18, 'cat_l2': 0.042304379457768944, 'cat_smooth': 0.08869745526282291, 'max_cat_to_onehot': 24, 'lambda_l1': 0.6091129560474012, 'lambda_l2': 0.5490424980676336}. Best is trial 0 with value: 0.9271633914364301.
Trial 12 finished with value: 0.9252246322528783 and parameters: {'learning_rate': 0.04085108283175784, 'feature_fraction': 0.8519346364158834, 'bagging_fraction': 0.9160269836051458, 'bagging_freq': 1, 'num_leaves': 197, 'min_data_in_leaf': 1, 'extra_trees': False, 'min_data_per_group': 27, 'cat_l2': 0.028428441424314877, 'cat_smooth': 0.0013419844206405693, 'max_cat_to_onehot': 98, 'lambda_l1': 0.22017854884150923, 'lambda_l2': 0.7289184141215337}. Best is trial 0 with value: 0.9271633914364301.
Trial 13 finished with value: 0.9239482512857679 and parameters: {'learning_rate': 0.04451506475158212, 'feature_fraction': 0.8600539102585538, 'bagging_fraction': 0.8056867552056824, 'bagging_freq': 1, 'num_leaves': 20, 'min_data_in_leaf': 2, 'extra_trees': False, 'min_data_per_group': 40, 'cat_l2': 0.1806205204080758, 'cat_smooth': 0.02185935909604602, 'max_cat_to_onehot': 9, 'lambda_l1': 0.9967520342878535, 'lambda_l2': 1.938542777112231}. Best is trial 0 with value: 0.9271633914364301.
Trial 14 finished with value: 0.9218821002839638 and parameters: {'learning_rate': 0.026134330018190582, 'feature_fraction': 0.9779162044474345, 'bagging_fraction': 0.9131312181527138, 'bagging_freq': 1, 'num_leaves': 8, 'min_data_in_leaf': 1, 'extra_trees': False, 'min_data_per_group': 40, 'cat_l2': 0.02598018512548948, 'cat_smooth': 0.19877254977714987, 'max_cat_to_onehot': 29, 'lambda_l1': 0.48170820452569146, 'lambda_l2': 1.1539406528619667}. Best is trial 0 with value: 0.9271633914364301.
Trial 15 finished with value: 0.9261465407933951 and parameters: {'learning_rate': 0.005061620338495113, 'feature_fraction': 0.7515035621769532, 'bagging_fraction': 0.9063430479547101, 'bagging_freq': 1, 'num_leaves': 32, 'min_data_in_leaf': 3, 'extra_trees': False, 'min_data_per_group': 12, 'cat_l2': 0.10459092881124332, 'cat_smooth': 0.008030987896904103, 'max_cat_to_onehot': 13, 'lambda_l1': 0.2567812682755308, 'lambda_l2': 0.641064611298769}. Best is trial 0 with value: 0.9271633914364301.
Trial 16 finished with value: 0.9220480168743741 and parameters: {'learning_rate': 0.005213610333405303, 'feature_fraction': 0.7133949685466683, 'bagging_fraction': 0.9843505437262416, 'bagging_freq': 1, 'num_leaves': 25, 'min_data_in_leaf': 4, 'extra_trees': False, 'min_data_per_group': 14, 'cat_l2': 0.35502313999305374, 'cat_smooth': 0.005091362395781936, 'max_cat_to_onehot': 12, 'lambda_l1': 0.6429772644242422, 'lambda_l2': 0.8019923786807335}. Best is trial 0 with value: 0.9271633914364301.
Trial 17 finished with value: 0.9278316885090888 and parameters: {'learning_rate': 0.012320255254651828, 'feature_fraction': 0.6184432010517564, 'bagging_fraction': 0.9146355671048336, 'bagging_freq': 1, 'num_leaves': 37, 'min_data_in_leaf': 12, 'extra_trees': False, 'min_data_per_group': 10, 'cat_l2': 0.11126585552978603, 'cat_smooth': 95.74738509612254, 'max_cat_to_onehot': 12, 'lambda_l1': 0.15629118517490526, 'lambda_l2': 0.36360417138702694}. Best is trial 17 with value: 0.9278316885090888.
Trial 18 finished with value: 0.9223754627121032 and parameters: {'learning_rate': 0.01326052922110096, 'feature_fraction': 0.6098729756778799, 'bagging_fraction': 0.956556368928415, 'bagging_freq': 1, 'num_leaves': 14, 'min_data_in_leaf': 18, 'extra_trees': True, 'min_data_per_group': 51, 'cat_l2': 0.005143554774207652, 'cat_smooth': 88.09612881460687, 'max_cat_to_onehot': 10, 'lambda_l1': 0.8021433257770731, 'lambda_l2': 0.3405234068498189}. Best is trial 17 with value: 0.9278316885090888.
Trial 19 finished with value: 0.9267445310216249 and parameters: {'learning_rate': 0.013505808608079008, 'feature_fraction': 0.5928155157431683, 'bagging_fraction': 0.8025250694839651, 'bagging_freq': 1, 'num_leaves': 46, 'min_data_in_leaf': 16, 'extra_trees': False, 'min_data_per_group': 11, 'cat_l2': 0.4277765738112224, 'cat_smooth': 26.42439166559861, 'max_cat_to_onehot': 16, 'lambda_l1': 0.14774831641653224, 'lambda_l2': 1.287265141559621}. Best is trial 17 with value: 0.9278316885090888.
Trial 20 finished with value: 0.9242428216003674 and parameters: {'learning_rate': 0.021858812249994274, 'feature_fraction': 0.41048596428155737, 'bagging_fraction': 0.9378621835405032, 'bagging_freq': 1, 'num_leaves': 6, 'min_data_in_leaf': 20, 'extra_trees': False, 'min_data_per_group': 9, 'cat_l2': 0.8243171769666426, 'cat_smooth': 2.87377688906685, 'max_cat_to_onehot': 10, 'lambda_l1': 0.5661414237063215, 'lambda_l2': 0.06334014852984937}. Best is trial 17 with value: 0.9278316885090888.
Trial 21 finished with value: 0.9251563762712017 and parameters: {'learning_rate': 0.013013998712545922, 'feature_fraction': 0.6030902643050515, 'bagging_fraction': 0.7803291843636404, 'bagging_freq': 1, 'num_leaves': 43, 'min_data_in_leaf': 15, 'extra_trees': False, 'min_data_per_group': 10, 'cat_l2': 0.2880681832729557, 'cat_smooth': 34.38766081679183, 'max_cat_to_onehot': 16, 'lambda_l1': 0.12804572789141616, 'lambda_l2': 1.3041347364726068}. Best is trial 17 with value: 0.9278316885090888.
Trial 22 finished with value: 0.9259086523760349 and parameters: {'learning_rate': 0.018135467712904873, 'feature_fraction': 0.6239171409491692, 'bagging_fraction': 0.7430261522155143, 'bagging_freq': 1, 'num_leaves': 98, 'min_data_in_leaf': 10, 'extra_trees': False, 'min_data_per_group': 25, 'cat_l2': 0.10883569297219547, 'cat_smooth': 23.359512372144795, 'max_cat_to_onehot': 14, 'lambda_l1': 0.1543833504031396, 'lambda_l2': 1.7443173722452077}. Best is trial 17 with value: 0.9278316885090888.
Trial 23 finished with value: 0.921715896692352 and parameters: {'learning_rate': 0.011126701166036451, 'feature_fraction': 0.7890601760491962, 'bagging_fraction': 0.8321459396377715, 'bagging_freq': 1, 'num_leaves': 45, 'min_data_in_leaf': 29, 'extra_trees': False, 'min_data_per_group': 55, 'cat_l2': 0.729041750906963, 'cat_smooth': 97.70994982030612, 'max_cat_to_onehot': 21, 'lambda_l1': 0.04284090556163361, 'lambda_l2': 1.3730094248239786}. Best is trial 17 with value: 0.9278316885090888.
Trial 24 finished with value: 0.9259595937056817 and parameters: {'learning_rate': 0.006830089228511797, 'feature_fraction': 0.5637467039730896, 'bagging_fraction': 0.8953952324335269, 'bagging_freq': 1, 'num_leaves': 16, 'min_data_in_leaf': 6, 'extra_trees': False, 'min_data_per_group': 4, 'cat_l2': 0.19826102094330353, 'cat_smooth': 4.49187715264875, 'max_cat_to_onehot': 8, 'lambda_l1': 0.352891074201127, 'lambda_l2': 1.770572546854435}. Best is trial 17 with value: 0.9278316885090888.
Trial 25 finished with value: 0.9202065771397253 and parameters: {'learning_rate': 0.0303639562011839, 'feature_fraction': 0.6397948598561969, 'bagging_fraction': 0.800102026910553, 'bagging_freq': 1, 'num_leaves': 42, 'min_data_in_leaf': 10, 'extra_trees': False, 'min_data_per_group': 9, 'cat_l2': 0.4572708604453487, 'cat_smooth': 0.6660300029884816, 'max_cat_to_onehot': 11, 'lambda_l1': 0.20511160942233578, 'lambda_l2': 0.8904569939821246}. Best is trial 17 with value: 0.9278316885090888.
Trial 26 finished with value: 0.9209821531168924 and parameters: {'learning_rate': 0.01586060148291155, 'feature_fraction': 0.7973380844246913, 'bagging_fraction': 0.7238128228977476, 'bagging_freq': 1, 'num_leaves': 106, 'min_data_in_leaf': 31, 'extra_trees': True, 'min_data_per_group': 30, 'cat_l2': 0.081681821900727, 'cat_smooth': 26.033968064371052, 'max_cat_to_onehot': 15, 'lambda_l1': 0.286907330199578, 'lambda_l2': 0.4382867648606378}. Best is trial 17 with value: 0.9278316885090888.
Trial 27 finished with value: 0.9242833249414142 and parameters: {'learning_rate': 0.011323253092630652, 'feature_fraction': 0.40327514522638785, 'bagging_fraction': 0.7732881352481416, 'bagging_freq': 1, 'num_leaves': 27, 'min_data_in_leaf': 14, 'extra_trees': False, 'min_data_per_group': 15, 'cat_l2': 0.1604000229773851, 'cat_smooth': 5.448099872222822, 'max_cat_to_onehot': 27, 'lambda_l1': 0.3948441044089135, 'lambda_l2': 1.2575627197723855}. Best is trial 17 with value: 0.9278316885090888.
Trial 28 finished with value: 0.9221180105277537 and parameters: {'learning_rate': 0.008055674355282986, 'feature_fraction': 0.6592409044673875, 'bagging_fraction': 0.9303497976115475, 'bagging_freq': 1, 'num_leaves': 10, 'min_data_in_leaf': 4, 'extra_trees': False, 'min_data_per_group': 7, 'cat_l2': 0.25100972630516505, 'cat_smooth': 1.2730655398422375, 'max_cat_to_onehot': 8, 'lambda_l1': 0.0695342946535181, 'lambda_l2': 1.4659778754638086}. Best is trial 17 with value: 0.9278316885090888.
Trial 29 finished with value: 0.9235280852329211 and parameters: {'learning_rate': 0.010625347696260059, 'feature_fraction': 0.546049587094731, 'bagging_fraction': 0.9697034249774014, 'bagging_freq': 1, 'num_leaves': 5, 'min_data_in_leaf': 24, 'extra_trees': False, 'min_data_per_group': 21, 'cat_l2': 0.48616311099133336, 'cat_smooth': 38.25289847513497, 'max_cat_to_onehot': 19, 'lambda_l1': 0.18567491908364628, 'lambda_l2': 1.6948943766323565}. Best is trial 17 with value: 0.9278316885090888.
Trial 30 finished with value: 0.92709203798638 and parameters: {'learning_rate': 0.007124380574785991, 'feature_fraction': 0.5807676635909436, 'bagging_fraction': 0.8395775689785926, 'bagging_freq': 1, 'num_leaves': 19, 'min_data_in_leaf': 8, 'extra_trees': False, 'min_data_per_group': 4, 'cat_l2': 1.0110676586798721, 'cat_smooth': 14.742831296871312, 'max_cat_to_onehot': 21, 'lambda_l1': 0.5364501440257019, 'lambda_l2': 1.1555291935673593}. Best is trial 17 with value: 0.9278316885090888.
Trial 31 finished with value: 0.9270078132143682 and parameters: {'learning_rate': 0.0069263515950771844, 'feature_fraction': 0.516579542751198, 'bagging_fraction': 0.8384074831356004, 'bagging_freq': 1, 'num_leaves': 21, 'min_data_in_leaf': 8, 'extra_trees': False, 'min_data_per_group': 3, 'cat_l2': 1.4824703618457509, 'cat_smooth': 14.607733022710741, 'max_cat_to_onehot': 22, 'lambda_l1': 0.5307429052867643, 'lambda_l2': 1.146306344258945}. Best is trial 17 with value: 0.9278316885090888.
Trial 32 finished with value: 0.9267598286600455 and parameters: {'learning_rate': 0.006499648244069341, 'feature_fraction': 0.5238170597261299, 'bagging_fraction': 0.8892391312510689, 'bagging_freq': 1, 'num_leaves': 17, 'min_data_in_leaf': 8, 'extra_trees': False, 'min_data_per_group': 3, 'cat_l2': 1.976511743688334, 'cat_smooth': 11.935241193166624, 'max_cat_to_onehot': 32, 'lambda_l1': 0.5211246697308468, 'lambda_l2': 1.024728593016089}. Best is trial 17 with value: 0.9278316885090888.
Trial 33 finished with value: 0.9258282595246788 and parameters: {'learning_rate': 0.007445382622012943, 'feature_fraction': 0.43897628368638025, 'bagging_fraction': 0.8491067574451188, 'bagging_freq': 1, 'num_leaves': 22, 'min_data_in_leaf': 8, 'extra_trees': False, 'min_data_per_group': 4, 'cat_l2': 0.9666230366206243, 'cat_smooth': 7.87204754250316, 'max_cat_to_onehot': 20, 'lambda_l1': 0.733224487576995, 'lambda_l2': 1.5764809841990055}. Best is trial 17 with value: 0.9278316885090888.
Trial 34 finished with value: 0.9266885797223132 and parameters: {'learning_rate': 0.00955511168389996, 'feature_fraction': 0.5201488360370208, 'bagging_fraction': 0.8468217380249984, 'bagging_freq': 1, 'num_leaves': 10, 'min_data_in_leaf': 4, 'extra_trees': False, 'min_data_per_group': 3, 'cat_l2': 1.4407770380098595, 'cat_smooth': 16.764414295756907, 'max_cat_to_onehot': 18, 'lambda_l1': 0.41873297553222183, 'lambda_l2': 1.1228052560593398}. Best is trial 17 with value: 0.9278316885090888.
Trial 35 finished with value: 0.9203844551278335 and parameters: {'learning_rate': 0.009606707950547246, 'feature_fraction': 0.5012491734563702, 'bagging_fraction': 0.8324205804166777, 'bagging_freq': 1, 'num_leaves': 4, 'min_data_in_leaf': 12, 'extra_trees': False, 'min_data_per_group': 2, 'cat_l2': 1.2477091650397996, 'cat_smooth': 0.9917864372374001, 'max_cat_to_onehot': 24, 'lambda_l1': 0.8765795595119156, 'lambda_l2': 1.42916299392843}. Best is trial 17 with value: 0.9278316885090888.
Trial 36 finished with value: 0.9175425502555559 and parameters: {'learning_rate': 0.006285414718057276, 'feature_fraction': 0.4587273432001314, 'bagging_fraction': 0.8855585786616107, 'bagging_freq': 1, 'num_leaves': 32, 'min_data_in_leaf': 3, 'extra_trees': True, 'min_data_per_group': 99, 'cat_l2': 0.6330841683841751, 'cat_smooth': 48.787715647558706, 'max_cat_to_onehot': 10, 'lambda_l1': 0.9194155157582068, 'lambda_l2': 0.8825116813141832}. Best is trial 17 with value: 0.9278316885090888.
Trial 37 finished with value: 0.9233370908748212 and parameters: {'learning_rate': 0.01668113345043682, 'feature_fraction': 0.5756424143885247, 'bagging_fraction': 0.8711460268506033, 'bagging_freq': 1, 'num_leaves': 20, 'min_data_in_leaf': 63, 'extra_trees': False, 'min_data_per_group': 5, 'cat_l2': 1.0903014749596562, 'cat_smooth': 2.9471488231359393, 'max_cat_to_onehot': 33, 'lambda_l1': 0.7515094069749799, 'lambda_l2': 1.996031661376577}. Best is trial 17 with value: 0.9278316885090888.
Trial 38 finished with value: 0.9242674907075997 and parameters: {'learning_rate': 0.020883443054062197, 'feature_fraction': 0.7051316162732016, 'bagging_fraction': 0.8530721603179818, 'bagging_freq': 1, 'num_leaves': 61, 'min_data_in_leaf': 7, 'extra_trees': False, 'min_data_per_group': 2, 'cat_l2': 0.03516769407708323, 'cat_smooth': 0.3102843155067794, 'max_cat_to_onehot': 48, 'lambda_l1': 0.5297603630983554, 'lambda_l2': 0.239446509823272}. Best is trial 17 with value: 0.9278316885090888.
Trial 39 finished with value: 0.9207151829982418 and parameters: {'learning_rate': 0.008542063236144499, 'feature_fraction': 0.918165880433699, 'bagging_fraction': 0.9246969710195876, 'bagging_freq': 1, 'num_leaves': 32, 'min_data_in_leaf': 5, 'extra_trees': True, 'min_data_per_group': 7, 'cat_l2': 1.8692584597534896, 'cat_smooth': 2.0685851484803406, 'max_cat_to_onehot': 23, 'lambda_l1': 0.8265120037526763, 'lambda_l2': 1.1507764950739778}. Best is trial 17 with value: 0.9278316885090888.
Trial 40 finished with value: 0.9259825440176679 and parameters: {'learning_rate': 0.007423975083207956, 'feature_fraction': 0.6577429880424603, 'bagging_fraction': 0.9469158906326589, 'bagging_freq': 1, 'num_leaves': 13, 'min_data_in_leaf': 2, 'extra_trees': False, 'min_data_per_group': 3, 'cat_l2': 0.13068787601250217, 'cat_smooth': 7.071236819627528, 'max_cat_to_onehot': 12, 'lambda_l1': 0.7165920148508124, 'lambda_l2': 0.014408324206977519}. Best is trial 17 with value: 0.9278316885090888.
Trial 41 finished with value: 0.9267792029212483 and parameters: {'learning_rate': 0.006181764143130773, 'feature_fraction': 0.5076559395366256, 'bagging_fraction': 0.8913210197296736, 'bagging_freq': 1, 'num_leaves': 17, 'min_data_in_leaf': 9, 'extra_trees': False, 'min_data_per_group': 3, 'cat_l2': 1.6644450207126356, 'cat_smooth': 13.569321614504736, 'max_cat_to_onehot': 34, 'lambda_l1': 0.5852170529206342, 'lambda_l2': 1.0108843560927991}. Best is trial 17 with value: 0.9278316885090888.
Trial 42 finished with value: 0.9266396113282671 and parameters: {'learning_rate': 0.005802604689485625, 'feature_fraction': 0.4826402433532147, 'bagging_fraction': 0.9030601359410518, 'bagging_freq': 1, 'num_leaves': 19, 'min_data_in_leaf': 10, 'extra_trees': False, 'min_data_per_group': 2, 'cat_l2': 1.5422996626343612, 'cat_smooth': 14.111135087225962, 'max_cat_to_onehot': 40, 'lambda_l1': 0.6027725008086854, 'lambda_l2': 0.9287875555798144}. Best is trial 17 with value: 0.9278316885090888.
Trial 43 finished with value: 0.9278715878035297 and parameters: {'learning_rate': 0.007631995747119925, 'feature_fraction': 0.530254824315162, 'bagging_fraction': 0.8809359549172711, 'bagging_freq': 1, 'num_leaves': 24, 'min_data_in_leaf': 13, 'extra_trees': False, 'min_data_per_group': 4, 'cat_l2': 0.603045705609973, 'cat_smooth': 61.46186834423823, 'max_cat_to_onehot': 52, 'lambda_l1': 0.4337108355741411, 'lambda_l2': 1.4978236713909365}. Best is trial 43 with value: 0.9278715878035297.
Trial 44 finished with value: 0.9276229146044509 and parameters: {'learning_rate': 0.012146603231107727, 'feature_fraction': 0.559908423952911, 'bagging_fraction': 0.8206111500313793, 'bagging_freq': 1, 'num_leaves': 25, 'min_data_in_leaf': 13, 'extra_trees': False, 'min_data_per_group': 5, 'cat_l2': 0.6727813376947124, 'cat_smooth': 61.826168359589516, 'max_cat_to_onehot': 55, 'lambda_l1': 0.4533361416929073, 'lambda_l2': 1.5207650581293641}. Best is trial 43 with value: 0.9278715878035297.
Trial 45 finished with value: 0.926662835694775 and parameters: {'learning_rate': 0.012274211046873295, 'feature_fraction': 0.5502618730065966, 'bagging_fraction': 0.8163187423152479, 'bagging_freq': 1, 'num_leaves': 27, 'min_data_in_leaf': 21, 'extra_trees': False, 'min_data_per_group': 5, 'cat_l2': 0.598542314583407, 'cat_smooth': 69.64846544401688, 'max_cat_to_onehot': 56, 'lambda_l1': 0.4359884633986258, 'lambda_l2': 1.4874698643078748}. Best is trial 43 with value: 0.9278715878035297.
Trial 46 finished with value: 0.9242986603327479 and parameters: {'learning_rate': 0.014944081166033702, 'feature_fraction': 0.5856297042925782, 'bagging_fraction': 0.8613826419462637, 'bagging_freq': 1, 'num_leaves': 53, 'min_data_in_leaf': 44, 'extra_trees': False, 'min_data_per_group': 5, 'cat_l2': 0.07753412178937147, 'cat_smooth': 50.95830870791454, 'max_cat_to_onehot': 60, 'lambda_l1': 0.35537256094829917, 'lambda_l2': 1.6387601076367826}. Best is trial 43 with value: 0.9278715878035297.
Trial 47 finished with value: 0.9184275392145189 and parameters: {'learning_rate': 0.009659432345687785, 'feature_fraction': 0.44235340877743323, 'bagging_fraction': 0.8807346074054176, 'bagging_freq': 1, 'num_leaves': 37, 'min_data_in_leaf': 13, 'extra_trees': True, 'min_data_per_group': 8, 'cat_l2': 0.27859812184280336, 'cat_smooth': 97.78393800668283, 'max_cat_to_onehot': 84, 'lambda_l1': 0.3127699518289915, 'lambda_l2': 1.8627560144197255}. Best is trial 43 with value: 0.9278715878035297.
Trial 48 finished with value: 0.9245605124609646 and parameters: {'learning_rate': 0.020726524872274856, 'feature_fraction': 0.7425380374796557, 'bagging_fraction': 0.9203726004791902, 'bagging_freq': 1, 'num_leaves': 11, 'min_data_in_leaf': 1, 'extra_trees': False, 'min_data_per_group': 68, 'cat_l2': 0.017505747300924076, 'cat_smooth': 52.72770035165765, 'max_cat_to_onehot': 52, 'lambda_l1': 0.6547496580613932, 'lambda_l2': 1.5382929163767876}. Best is trial 43 with value: 0.9278715878035297.
Trial 49 finished with value: 0.9241671936706461 and parameters: {'learning_rate': 0.06586037000198088, 'feature_fraction': 0.6782869243246104, 'bagging_fraction': 0.8143919693620731, 'bagging_freq': 1, 'num_leaves': 8, 'min_data_in_leaf': 12, 'extra_trees': False, 'min_data_per_group': 4, 'cat_l2': 0.052869516002772184, 'cat_smooth': 21.74390234967417, 'max_cat_to_onehot': 44, 'lambda_l1': 0.4719381298623841, 'lambda_l2': 1.8068633700654326}. Best is trial 43 with value: 0.9278715878035297.
Optuna Search Completed in: 168.58 seconds

Training final model on optimized parameter setup...

[LIGHTGBM FINALIZED METRICS]
Optimal Trees:         355
ROC_AUC:             0.8986 (Delta to TabPFN: -0.0156)
Accuracy:            0.9460 (Delta to TabPFN: -0.0280)
Final Train Time:      0.41 seconds

--- LIGHTGBM Feature Importance (Raw vs. Scaled Share) ---
Feature | Raw gain | Share
total_day_minutes | 26350.24 | 22.54%
number_customer_service_calls | 16741.11 | 14.32%
international_plan | 13967.12 | 11.95%
total_day_charge | 12791.14 | 10.94%
total_eve_minutes | 8560.58 | 7.32%
total_intl_minutes | 6311.92 | 5.40%
total_intl_calls | 5853.00 | 5.01%
voice_mail_plan | 5064.72 | 4.33%
total_eve_charge | 4696.53 | 4.02%
total_intl_charge | 3338.62 | 2.86%
total_night_minutes | 3197.46 | 2.74%
number_vmail_messages | 3111.80 | 2.66%
total_night_charge | 1741.10 | 1.49%
account_length | 1269.28 | 1.09%
total_night_calls | 1035.02 | 0.89%
total_eve_calls | 946.77 | 0.81%
total_day_calls | 940.01 | 0.80%
state | 845.05 | 0.72%
area_code | 117.95 | 0.10%

=====================================================================
METRIC TYPE                                  | VALUE / PROFILE
=====================================================================
Macro Embedding Share                        | 0.00%
Macro Raw Feature Share                      | 100.00%
---------------------------------------------------------------------
Active Text Embedding Density            | 0.00% (0/0)
Active Raw Tabular Feature Density       | 100.00% (19/19)
---------------------------------------------------------------------
Top-5 Concentration Ratio (CR5)          | 67.09% of total decision weight
Top-10 Concentration Ratio (CR10)        | 88.70% of total decision weight
=====================================================================

Total Pipeline Execution Time: 171.78 seconds

[SUCCESS] Permanent artifacts safely written to 'outputs/1/results/'
