Loading archive 'archives/wine_quality.npz' and initializing pipeline for target: CATBOOST...
Execution Mode: COMBINED
Session Output Target: outputs/1/
Task Type: REGRESSION
TabPFN Baselines Loaded - Primary: 0.5666 | Secondary: 0.3211
PCA reduced text embeddings to 25 components.
Final training matrix shape assembled for COMBINED: (5197, 37)

Running 50-Trial Optuna Study for CATBOOST (COMBINED)...
A new study created in RDB with name: 20260619_004009_catboost_combined_wine_quality
Trial 0 finished with value: 0.5903325602835728 and parameters: {'learning_rate': 0.015355286838886862, 'bootstrap_type': 'Bernoulli', 'subsample': 0.9852142919229748, 'grow_policy': 'SymmetricTree', 'depth': 4, 'colsample_bylevel': 0.8733991780504303, 'l2_leaf_reg': 0.00018747059221802545, 'leaf_estimation_iterations': 12, 'one_hot_max_size': 36, 'model_size_reg': 0.6803900745073703, 'max_ctr_complexity': 2, 'boosting_type': 'Plain', 'max_bin': 254}. Best is trial 0 with value: 0.5903325602835728.
Trial 1 finished with value: 0.5943028020120538 and parameters: {'learning_rate': 0.09138013915892866, 'bootstrap_type': 'Bernoulli', 'subsample': 0.9497327922401265, 'grow_policy': 'SymmetricTree', 'depth': 4, 'colsample_bylevel': 0.8956363364439306, 'l2_leaf_reg': 0.02922905212920092, 'leaf_estimation_iterations': 2, 'one_hot_max_size': 16, 'model_size_reg': 0.5243180891902851, 'max_ctr_complexity': 2, 'boosting_type': 'Plain', 'max_bin': 254}. Best is trial 0 with value: 0.5903325602835728.
Trial 2 finished with value: 0.5895788130919387 and parameters: {'learning_rate': 0.011996621453406362, 'bootstrap_type': 'Bernoulli', 'subsample': 0.8099085529881075, 'grow_policy': 'Depthwise', 'depth': 4, 'colsample_bylevel': 0.9271351657620417, 'l2_leaf_reg': 0.06077686426194464, 'leaf_estimation_iterations': 1, 'one_hot_max_size': 36, 'model_size_reg': 0.15869086642715013, 'max_ctr_complexity': 2, 'boosting_type': 'Plain', 'max_bin': 254}. Best is trial 2 with value: 0.5895788130919387.
Trial 3 finished with value: 0.5948298774067123 and parameters: {'learning_rate': 0.08580222514877409, 'bootstrap_type': 'Bernoulli', 'subsample': 0.9896896099223678, 'grow_policy': 'SymmetricTree', 'depth': 4, 'colsample_bylevel': 0.9526349539768235, 'l2_leaf_reg': 0.011702088154220882, 'leaf_estimation_iterations': 1, 'one_hot_max_size': 27, 'model_size_reg': 0.10975998502129433, 'max_ctr_complexity': 5, 'boosting_type': 'Plain', 'max_bin': 254}. Best is trial 2 with value: 0.5895788130919387.
Trial 4 finished with value: 0.5879588509990681 and parameters: {'learning_rate': 0.010855517271883068, 'bootstrap_type': 'Bernoulli', 'subsample': 0.8987566853061946, 'grow_policy': 'Depthwise', 'depth': 6, 'colsample_bylevel': 0.877728168328829, 'l2_leaf_reg': 3.597899951374983, 'leaf_estimation_iterations': 9, 'one_hot_max_size': 86, 'model_size_reg': 1.128232550122133, 'max_ctr_complexity': 4, 'boosting_type': 'Plain', 'max_bin': 254}. Best is trial 4 with value: 0.5879588509990681.
Trial 5 finished with value: 0.5957501387249537 and parameters: {'learning_rate': 0.07913270952323785, 'bootstrap_type': 'Bernoulli', 'subsample': 0.7265477506155759, 'grow_policy': 'SymmetricTree', 'depth': 5, 'colsample_bylevel': 0.9083015934534223, 'l2_leaf_reg': 0.001883913511943895, 'leaf_estimation_iterations': 11, 'one_hot_max_size': 19, 'model_size_reg': 0.21399549030176218, 'max_ctr_complexity': 4, 'boosting_type': 'Plain', 'max_bin': 254}. Best is trial 4 with value: 0.5879588509990681.
Trial 6 finished with value: 0.5883437583688229 and parameters: {'learning_rate': 0.007626348515257587, 'bootstrap_type': 'Bernoulli', 'subsample': 0.9406590942262119, 'grow_policy': 'Depthwise', 'depth': 7, 'colsample_bylevel': 0.8798073522301258, 'l2_leaf_reg': 0.00010615690854925657, 'leaf_estimation_iterations': 10, 'one_hot_max_size': 47, 'model_size_reg': 0.7200770311577639, 'max_ctr_complexity': 5, 'boosting_type': 'Plain', 'max_bin': 254}. Best is trial 4 with value: 0.5879588509990681.
Trial 7 finished with value: 0.5902272592715605 and parameters: {'learning_rate': 0.006241720498669827, 'bootstrap_type': 'Bernoulli', 'subsample': 0.8075397185632818, 'grow_policy': 'Depthwise', 'depth': 7, 'colsample_bylevel': 0.8996347037278973, 'l2_leaf_reg': 0.00019891099118865958, 'leaf_estimation_iterations': 2, 'one_hot_max_size': 17, 'model_size_reg': 0.7212460519889856, 'max_ctr_complexity': 4, 'boosting_type': 'Plain', 'max_bin': 254}. Best is trial 4 with value: 0.5879588509990681.
Trial 8 finished with value: 0.6038358197659972 and parameters: {'learning_rate': 0.07132805718188966, 'bootstrap_type': 'Bernoulli', 'subsample': 0.8416644775485848, 'grow_policy': 'Depthwise', 'depth': 7, 'colsample_bylevel': 0.9341915796354244, 'l2_leaf_reg': 0.4195190175255899, 'leaf_estimation_iterations': 3, 'one_hot_max_size': 29, 'model_size_reg': 0.318293122389662, 'max_ctr_complexity': 2, 'boosting_type': 'Plain', 'max_bin': 254}. Best is trial 4 with value: 0.5879588509990681.
Trial 9 finished with value: 0.5906369066028541 and parameters: {'learning_rate': 0.006907803691475429, 'bootstrap_type': 'Bernoulli', 'subsample': 0.7094287557060203, 'grow_policy': 'SymmetricTree', 'depth': 6, 'colsample_bylevel': 0.986134971088914, 'l2_leaf_reg': 0.0014839412491251364, 'leaf_estimation_iterations': 2, 'one_hot_max_size': 53, 'model_size_reg': 0.18581788925405318, 'max_ctr_complexity': 2, 'boosting_type': 'Plain', 'max_bin': 254}. Best is trial 4 with value: 0.5879588509990681.
Trial 10 finished with value: 0.5923296699644329 and parameters: {'learning_rate': 0.03273941684536397, 'bootstrap_type': 'Bernoulli', 'subsample': 0.8951729718411334, 'grow_policy': 'Depthwise', 'depth': 8, 'colsample_bylevel': 0.853286443127006, 'l2_leaf_reg': 1.841152012664479, 'leaf_estimation_iterations': 5, 'one_hot_max_size': 92, 'model_size_reg': 1.3327052390755632, 'max_ctr_complexity': 3, 'boosting_type': 'Plain', 'max_bin': 254}. Best is trial 4 with value: 0.5879588509990681.
Trial 11 finished with value: 0.5884530281812538 and parameters: {'learning_rate': 0.011594403956910011, 'bootstrap_type': 'Bernoulli', 'subsample': 0.9091467695020283, 'grow_policy': 'Depthwise', 'depth': 6, 'colsample_bylevel': 0.8712344961922426, 'l2_leaf_reg': 2.4898729835966105, 'leaf_estimation_iterations': 20, 'one_hot_max_size': 100, 'model_size_reg': 1.265556135445411, 'max_ctr_complexity': 5, 'boosting_type': 'Plain', 'max_bin': 254}. Best is trial 4 with value: 0.5879588509990681.
Trial 12 finished with value: 0.5896148046075194 and parameters: {'learning_rate': 0.020729333700597926, 'bootstrap_type': 'Bernoulli', 'subsample': 0.8975510374983446, 'grow_policy': 'Depthwise', 'depth': 7, 'colsample_bylevel': 0.8740991933359875, 'l2_leaf_reg': 0.22359276276007037, 'leaf_estimation_iterations': 6, 'one_hot_max_size': 65, 'model_size_reg': 0.9630707673942561, 'max_ctr_complexity': 4, 'boosting_type': 'Plain', 'max_bin': 254}. Best is trial 4 with value: 0.5879588509990681.
Trial 13 finished with value: 0.5938570078349578 and parameters: {'learning_rate': 0.00504524236465972, 'bootstrap_type': 'Bernoulli', 'subsample': 0.9368470802221783, 'grow_policy': 'Depthwise', 'depth': 6, 'colsample_bylevel': 0.857206299528177, 'l2_leaf_reg': 0.002863226008660282, 'leaf_estimation_iterations': 8, 'one_hot_max_size': 10, 'model_size_reg': 0.4254040339656282, 'max_ctr_complexity': 5, 'boosting_type': 'Plain', 'max_bin': 254}. Best is trial 4 with value: 0.5879588509990681.
Trial 14 finished with value: 0.5861659162131865 and parameters: {'learning_rate': 0.008896844015565935, 'bootstrap_type': 'Bernoulli', 'subsample': 0.8593372091054381, 'grow_policy': 'Depthwise', 'depth': 8, 'colsample_bylevel': 0.893089187038884, 'l2_leaf_reg': 0.3654853999924955, 'leaf_estimation_iterations': 20, 'one_hot_max_size': 59, 'model_size_reg': 0.8423214025940136, 'max_ctr_complexity': 4, 'boosting_type': 'Plain', 'max_bin': 254}. Best is trial 14 with value: 0.5861659162131865.
Trial 15 finished with value: 0.5901939616542962 and parameters: {'learning_rate': 0.024568617171821787, 'bootstrap_type': 'Bernoulli', 'subsample': 0.8550893095642161, 'grow_policy': 'Depthwise', 'depth': 8, 'colsample_bylevel': 0.9145612010643239, 'l2_leaf_reg': 0.490830150010894, 'leaf_estimation_iterations': 20, 'one_hot_max_size': 66, 'model_size_reg': 0.9922938731413029, 'max_ctr_complexity': 3, 'boosting_type': 'Plain', 'max_bin': 254}. Best is trial 14 with value: 0.5861659162131865.
Trial 16 finished with value: 0.5888349288944343 and parameters: {'learning_rate': 0.01016299892889302, 'bootstrap_type': 'Bernoulli', 'subsample': 0.7609524784084656, 'grow_policy': 'Depthwise', 'depth': 5, 'colsample_bylevel': 0.8899433502040726, 'l2_leaf_reg': 3.385537132587374, 'leaf_estimation_iterations': 15, 'one_hot_max_size': 74, 'model_size_reg': 1.4917775666985627, 'max_ctr_complexity': 3, 'boosting_type': 'Plain', 'max_bin': 254}. Best is trial 14 with value: 0.5861659162131865.
Trial 17 finished with value: 0.5892258005613538 and parameters: {'learning_rate': 0.016860257387379434, 'bootstrap_type': 'Bernoulli', 'subsample': 0.8624765448778885, 'grow_policy': 'Depthwise', 'depth': 8, 'colsample_bylevel': 0.956846822967429, 'l2_leaf_reg': 0.1377259619066905, 'leaf_estimation_iterations': 5, 'one_hot_max_size': 52, 'model_size_reg': 0.9181904270758334, 'max_ctr_complexity': 4, 'boosting_type': 'Plain', 'max_bin': 254}. Best is trial 14 with value: 0.5861659162131865.
Trial 18 finished with value: 0.5912163270871166 and parameters: {'learning_rate': 0.03517247977751518, 'bootstrap_type': 'Bernoulli', 'subsample': 0.8212215360042718, 'grow_policy': 'Depthwise', 'depth': 5, 'colsample_bylevel': 0.99869157942154, 'l2_leaf_reg': 0.9357781356733312, 'leaf_estimation_iterations': 8, 'one_hot_max_size': 79, 'model_size_reg': 0.4287719180085777, 'max_ctr_complexity': 4, 'boosting_type': 'Plain', 'max_bin': 254}. Best is trial 14 with value: 0.5861659162131865.
Trial 19 finished with value: 0.587964223681161 and parameters: {'learning_rate': 0.010887609399347445, 'bootstrap_type': 'Bernoulli', 'subsample': 0.7763590687630082, 'grow_policy': 'Depthwise', 'depth': 6, 'colsample_bylevel': 0.9276028847821101, 'l2_leaf_reg': 4.397584112136696, 'leaf_estimation_iterations': 15, 'one_hot_max_size': 43, 'model_size_reg': 0.5923194794314092, 'max_ctr_complexity': 3, 'boosting_type': 'Plain', 'max_bin': 254}. Best is trial 14 with value: 0.5861659162131865.
Trial 20 finished with value: 0.587506555391888 and parameters: {'learning_rate': 0.008156082273673747, 'bootstrap_type': 'Bernoulli', 'subsample': 0.8779228133028903, 'grow_policy': 'Depthwise', 'depth': 8, 'colsample_bylevel': 0.8841979120737943, 'l2_leaf_reg': 0.9696426168407826, 'leaf_estimation_iterations': 4, 'one_hot_max_size': 63, 'model_size_reg': 1.0771092764151151, 'max_ctr_complexity': 4, 'boosting_type': 'Plain', 'max_bin': 254}. Best is trial 14 with value: 0.5861659162131865.
Trial 21 finished with value: 0.5885608533424055 and parameters: {'learning_rate': 0.008607103986839205, 'bootstrap_type': 'Bernoulli', 'subsample': 0.8763303774533728, 'grow_policy': 'Depthwise', 'depth': 8, 'colsample_bylevel': 0.8861061641665383, 'l2_leaf_reg': 0.6560627447128758, 'leaf_estimation_iterations': 7, 'one_hot_max_size': 65, 'model_size_reg': 1.0683971118198847, 'max_ctr_complexity': 4, 'boosting_type': 'Plain', 'max_bin': 254}. Best is trial 14 with value: 0.5861659162131865.
Trial 22 finished with value: 0.5926071501790731 and parameters: {'learning_rate': 0.005281955321750829, 'bootstrap_type': 'Bernoulli', 'subsample': 0.9200127652667918, 'grow_policy': 'Depthwise', 'depth': 8, 'colsample_bylevel': 0.8615673254289361, 'l2_leaf_reg': 1.1967369316305523, 'leaf_estimation_iterations': 4, 'one_hot_max_size': 85, 'model_size_reg': 0.8847529190265595, 'max_ctr_complexity': 4, 'boosting_type': 'Plain', 'max_bin': 254}. Best is trial 14 with value: 0.5861659162131865.
Trial 23 finished with value: 0.5876763469820789 and parameters: {'learning_rate': 0.014527849919700254, 'bootstrap_type': 'Bernoulli', 'subsample': 0.8820654518066628, 'grow_policy': 'Depthwise', 'depth': 7, 'colsample_bylevel': 0.9090223750113922, 'l2_leaf_reg': 0.19052600053700702, 'leaf_estimation_iterations': 3, 'one_hot_max_size': 58, 'model_size_reg': 1.105077501917386, 'max_ctr_complexity': 3, 'boosting_type': 'Plain', 'max_bin': 254}. Best is trial 14 with value: 0.5861659162131865.
Trial 24 finished with value: 0.5888607938058916 and parameters: {'learning_rate': 0.01567099531874851, 'bootstrap_type': 'Bernoulli', 'subsample': 0.8300247360254603, 'grow_policy': 'Depthwise', 'depth': 7, 'colsample_bylevel': 0.9089531065370003, 'l2_leaf_reg': 0.12571510322630902, 'leaf_estimation_iterations': 3, 'one_hot_max_size': 60, 'model_size_reg': 0.8401690813254253, 'max_ctr_complexity': 3, 'boosting_type': 'Plain', 'max_bin': 254}. Best is trial 14 with value: 0.5861659162131865.
Trial 25 finished with value: 0.5866658432183491 and parameters: {'learning_rate': 0.008898966394477398, 'bootstrap_type': 'Bernoulli', 'subsample': 0.8753994393000414, 'grow_policy': 'Depthwise', 'depth': 8, 'colsample_bylevel': 0.9192542685198787, 'l2_leaf_reg': 0.06608338814039925, 'leaf_estimation_iterations': 1, 'one_hot_max_size': 36, 'model_size_reg': 0.5443998638675157, 'max_ctr_complexity': 3, 'boosting_type': 'Plain', 'max_bin': 254}. Best is trial 14 with value: 0.5861659162131865.
Trial 26 finished with value: 0.5885930607434556 and parameters: {'learning_rate': 0.008710575994173997, 'bootstrap_type': 'Bernoulli', 'subsample': 0.7790735752416342, 'grow_policy': 'SymmetricTree', 'depth': 8, 'colsample_bylevel': 0.9511314924768242, 'l2_leaf_reg': 0.030475538826544222, 'leaf_estimation_iterations': 1, 'one_hot_max_size': 38, 'model_size_reg': 0.33199341860024767, 'max_ctr_complexity': 3, 'boosting_type': 'Plain', 'max_bin': 254}. Best is trial 14 with value: 0.5861659162131865.
Trial 27 finished with value: 0.590225669627906 and parameters: {'learning_rate': 0.0064113565583015465, 'bootstrap_type': 'Bernoulli', 'subsample': 0.8609704349821841, 'grow_policy': 'Depthwise', 'depth': 8, 'colsample_bylevel': 0.9375277004412707, 'l2_leaf_reg': 0.008868262642907835, 'leaf_estimation_iterations': 1, 'one_hot_max_size': 28, 'model_size_reg': 0.5646444398196209, 'max_ctr_complexity': 5, 'boosting_type': 'Plain', 'max_bin': 254}. Best is trial 14 with value: 0.5861659162131865.
Trial 28 finished with value: 0.5888945271329932 and parameters: {'learning_rate': 0.008012794563316458, 'bootstrap_type': 'Bernoulli', 'subsample': 0.9575745848742371, 'grow_policy': 'Depthwise', 'depth': 8, 'colsample_bylevel': 0.9199406440766263, 'l2_leaf_reg': 0.059639396054734096, 'leaf_estimation_iterations': 1, 'one_hot_max_size': 24, 'model_size_reg': 0.43715505195463106, 'max_ctr_complexity': 4, 'boosting_type': 'Plain', 'max_bin': 254}. Best is trial 14 with value: 0.5861659162131865.
Trial 29 finished with value: 0.5897111054785033 and parameters: {'learning_rate': 0.014017104309286287, 'bootstrap_type': 'Bernoulli', 'subsample': 0.9211832768897023, 'grow_policy': 'SymmetricTree', 'depth': 8, 'colsample_bylevel': 0.867837934093175, 'l2_leaf_reg': 0.3437293662523588, 'leaf_estimation_iterations': 2, 'one_hot_max_size': 36, 'model_size_reg': 0.7372761635759162, 'max_ctr_complexity': 3, 'boosting_type': 'Plain', 'max_bin': 254}. Best is trial 14 with value: 0.5861659162131865.
Trial 30 finished with value: 0.5893221817899318 and parameters: {'learning_rate': 0.018772101073535597, 'bootstrap_type': 'Bernoulli', 'subsample': 0.8430636332953619, 'grow_policy': 'Depthwise', 'depth': 7, 'colsample_bylevel': 0.901625940501855, 'l2_leaf_reg': 0.08838243234694848, 'leaf_estimation_iterations': 1, 'one_hot_max_size': 39, 'model_size_reg': 0.30724220496866655, 'max_ctr_complexity': 4, 'boosting_type': 'Plain', 'max_bin': 254}. Best is trial 14 with value: 0.5861659162131865.
Trial 31 finished with value: 0.5869110831609767 and parameters: {'learning_rate': 0.014375412654274883, 'bootstrap_type': 'Bernoulli', 'subsample': 0.878307918072535, 'grow_policy': 'Depthwise', 'depth': 7, 'colsample_bylevel': 0.8865271831718158, 'l2_leaf_reg': 0.24797223021836112, 'leaf_estimation_iterations': 3, 'one_hot_max_size': 53, 'model_size_reg': 1.176161062757505, 'max_ctr_complexity': 3, 'boosting_type': 'Plain', 'max_bin': 254}. Best is trial 14 with value: 0.5861659162131865.
Trial 32 finished with value: 0.5884973571678433 and parameters: {'learning_rate': 0.009521153185573247, 'bootstrap_type': 'Bernoulli', 'subsample': 0.8707116873757781, 'grow_policy': 'Depthwise', 'depth': 8, 'colsample_bylevel': 0.8902835154632452, 'l2_leaf_reg': 0.024270795734279614, 'leaf_estimation_iterations': 4, 'one_hot_max_size': 47, 'model_size_reg': 0.6154273526888918, 'max_ctr_complexity': 3, 'boosting_type': 'Plain', 'max_bin': 254}. Best is trial 14 with value: 0.5861659162131865.
Trial 33 finished with value: 0.5894841818631982 and parameters: {'learning_rate': 0.01297015851343684, 'bootstrap_type': 'Bernoulli', 'subsample': 0.8857385374883827, 'grow_policy': 'Depthwise', 'depth': 7, 'colsample_bylevel': 0.896409869323363, 'l2_leaf_reg': 1.0498085021470362, 'leaf_estimation_iterations': 1, 'one_hot_max_size': 32, 'model_size_reg': 0.4825285932452043, 'max_ctr_complexity': 2, 'boosting_type': 'Plain', 'max_bin': 254}. Best is trial 14 with value: 0.5861659162131865.
Trial 34 finished with value: 0.5918931082275475 and parameters: {'learning_rate': 0.00596828756320081, 'bootstrap_type': 'Bernoulli', 'subsample': 0.9673812766153076, 'grow_policy': 'SymmetricTree', 'depth': 8, 'colsample_bylevel': 0.8834348673258804, 'l2_leaf_reg': 0.2729758810621831, 'leaf_estimation_iterations': 2, 'one_hot_max_size': 22, 'model_size_reg': 1.4777374888223644, 'max_ctr_complexity': 3, 'boosting_type': 'Plain', 'max_bin': 254}. Best is trial 14 with value: 0.5861659162131865.
Trial 35 finished with value: 0.5912842096594323 and parameters: {'learning_rate': 0.025369705317289704, 'bootstrap_type': 'Bernoulli', 'subsample': 0.8474585853325461, 'grow_policy': 'Depthwise', 'depth': 7, 'colsample_bylevel': 0.9237244829300091, 'l2_leaf_reg': 0.04021230660449285, 'leaf_estimation_iterations': 14, 'one_hot_max_size': 44, 'model_size_reg': 0.811289379122505, 'max_ctr_complexity': 2, 'boosting_type': 'Plain', 'max_bin': 254}. Best is trial 14 with value: 0.5861659162131865.
Trial 36 finished with value: 0.5874463009292719 and parameters: {'learning_rate': 0.007490727004090687, 'bootstrap_type': 'Bernoulli', 'subsample': 0.8031346995416817, 'grow_policy': 'Depthwise', 'depth': 8, 'colsample_bylevel': 0.8654061367119079, 'l2_leaf_reg': 0.011987285567231191, 'leaf_estimation_iterations': 1, 'one_hot_max_size': 9, 'model_size_reg': 1.2327799758016564, 'max_ctr_complexity': 4, 'boosting_type': 'Plain', 'max_bin': 254}. Best is trial 14 with value: 0.5861659162131865.
Trial 37 finished with value: 0.588647846434341 and parameters: {'learning_rate': 0.012570880810719134, 'bootstrap_type': 'Bernoulli', 'subsample': 0.792033056798376, 'grow_policy': 'SymmetricTree', 'depth': 7, 'colsample_bylevel': 0.8646298748391804, 'l2_leaf_reg': 0.011069746570932362, 'leaf_estimation_iterations': 1, 'one_hot_max_size': 9, 'model_size_reg': 1.2474711584365341, 'max_ctr_complexity': 3, 'boosting_type': 'Plain', 'max_bin': 254}. Best is trial 14 with value: 0.5861659162131865.
Trial 38 finished with value: 0.589038301949882 and parameters: {'learning_rate': 0.007143209659933207, 'bootstrap_type': 'Bernoulli', 'subsample': 0.8187382271322643, 'grow_policy': 'Depthwise', 'depth': 8, 'colsample_bylevel': 0.8514140175345983, 'l2_leaf_reg': 0.005077595420212165, 'leaf_estimation_iterations': 1, 'one_hot_max_size': 12, 'model_size_reg': 0.6570885238503718, 'max_ctr_complexity': 5, 'boosting_type': 'Plain', 'max_bin': 254}. Best is trial 14 with value: 0.5861659162131865.
Trial 39 finished with value: 0.5870742710035876 and parameters: {'learning_rate': 0.010028145305856837, 'bootstrap_type': 'Bernoulli', 'subsample': 0.7590215837540454, 'grow_policy': 'Depthwise', 'depth': 7, 'colsample_bylevel': 0.8745491285708463, 'l2_leaf_reg': 0.02365291025369048, 'leaf_estimation_iterations': 1, 'one_hot_max_size': 13, 'model_size_reg': 0.5149193924547693, 'max_ctr_complexity': 4, 'boosting_type': 'Plain', 'max_bin': 254}. Best is trial 14 with value: 0.5861659162131865.
Trial 40 finished with value: 0.587299731240541 and parameters: {'learning_rate': 0.009675759302023107, 'bootstrap_type': 'Bernoulli', 'subsample': 0.744243835830211, 'grow_policy': 'Depthwise', 'depth': 7, 'colsample_bylevel': 0.9028042146577705, 'l2_leaf_reg': 0.0006561317083322973, 'leaf_estimation_iterations': 1, 'one_hot_max_size': 21, 'model_size_reg': 0.5072925271676221, 'max_ctr_complexity': 2, 'boosting_type': 'Plain', 'max_bin': 254}. Best is trial 14 with value: 0.5861659162131865.
Trial 41 finished with value: 0.5870251445277994 and parameters: {'learning_rate': 0.009747943270255145, 'bootstrap_type': 'Bernoulli', 'subsample': 0.7526988523494099, 'grow_policy': 'Depthwise', 'depth': 7, 'colsample_bylevel': 0.9025001020971521, 'l2_leaf_reg': 0.0005412181182125297, 'leaf_estimation_iterations': 1, 'one_hot_max_size': 14, 'model_size_reg': 0.3753053413081194, 'max_ctr_complexity': 2, 'boosting_type': 'Plain', 'max_bin': 254}. Best is trial 14 with value: 0.5861659162131865.
Trial 42 finished with value: 0.587480480613434 and parameters: {'learning_rate': 0.011984497200610109, 'bootstrap_type': 'Bernoulli', 'subsample': 0.704390405459819, 'grow_policy': 'Depthwise', 'depth': 7, 'colsample_bylevel': 0.8931702731626338, 'l2_leaf_reg': 0.08428782294744491, 'leaf_estimation_iterations': 1, 'one_hot_max_size': 12, 'model_size_reg': 0.2893533716686552, 'max_ctr_complexity': 2, 'boosting_type': 'Plain', 'max_bin': 254}. Best is trial 14 with value: 0.5861659162131865.
Trial 43 finished with value: 0.587989786187124 and parameters: {'learning_rate': 0.009811456414663052, 'bootstrap_type': 'Bernoulli', 'subsample': 0.7333113665218524, 'grow_policy': 'Depthwise', 'depth': 6, 'colsample_bylevel': 0.8787653510628839, 'l2_leaf_reg': 0.0006035902129314209, 'leaf_estimation_iterations': 2, 'one_hot_max_size': 14, 'model_size_reg': 0.3648496004710539, 'max_ctr_complexity': 2, 'boosting_type': 'Plain', 'max_bin': 254}. Best is trial 14 with value: 0.5861659162131865.
Trial 44 finished with value: 0.5951155111336237 and parameters: {'learning_rate': 0.061165274648399916, 'bootstrap_type': 'Bernoulli', 'subsample': 0.756906090312588, 'grow_policy': 'Depthwise', 'depth': 7, 'colsample_bylevel': 0.9176543094929752, 'l2_leaf_reg': 0.00029369934327775786, 'leaf_estimation_iterations': 1, 'one_hot_max_size': 16, 'model_size_reg': 0.26462360356987985, 'max_ctr_complexity': 2, 'boosting_type': 'Plain', 'max_bin': 254}. Best is trial 14 with value: 0.5861659162131865.
Trial 45 finished with value: 0.5868787424646333 and parameters: {'learning_rate': 0.01744569318759894, 'bootstrap_type': 'Bernoulli', 'subsample': 0.715199322340362, 'grow_policy': 'Depthwise', 'depth': 6, 'colsample_bylevel': 0.9376516742520087, 'l2_leaf_reg': 0.059068218929212817, 'leaf_estimation_iterations': 2, 'one_hot_max_size': 8, 'model_size_reg': 0.24567747117988994, 'max_ctr_complexity': 4, 'boosting_type': 'Plain', 'max_bin': 254}. Best is trial 14 with value: 0.5861659162131865.
Trial 46 finished with value: 0.5900912146307681 and parameters: {'learning_rate': 0.021646681521770815, 'bootstrap_type': 'Bernoulli', 'subsample': 0.7187473810942925, 'grow_policy': 'SymmetricTree', 'depth': 6, 'colsample_bylevel': 0.9417088106041505, 'l2_leaf_reg': 0.16389511592595044, 'leaf_estimation_iterations': 2, 'one_hot_max_size': 19, 'model_size_reg': 0.1335897611219741, 'max_ctr_complexity': 5, 'boosting_type': 'Plain', 'max_bin': 254}. Best is trial 14 with value: 0.5861659162131865.
Trial 47 finished with value: 0.5896413959545834 and parameters: {'learning_rate': 0.01685718184734781, 'bootstrap_type': 'Bernoulli', 'subsample': 0.7331734403894234, 'grow_policy': 'Depthwise', 'depth': 5, 'colsample_bylevel': 0.9329511693620987, 'l2_leaf_reg': 0.05394822414202782, 'leaf_estimation_iterations': 2, 'one_hot_max_size': 11, 'model_size_reg': 0.20875677909672954, 'max_ctr_complexity': 2, 'boosting_type': 'Plain', 'max_bin': 254}. Best is trial 14 with value: 0.5861659162131865.
Trial 48 finished with value: 0.5898186918507689 and parameters: {'learning_rate': 0.01853322954781554, 'bootstrap_type': 'Bernoulli', 'subsample': 0.9946642585257569, 'grow_policy': 'Depthwise', 'depth': 6, 'colsample_bylevel': 0.9464995514740521, 'l2_leaf_reg': 0.38386506741429355, 'leaf_estimation_iterations': 3, 'one_hot_max_size': 32, 'model_size_reg': 0.2553714999428395, 'max_ctr_complexity': 4, 'boosting_type': 'Plain', 'max_bin': 254}. Best is trial 14 with value: 0.5861659162131865.
Trial 49 finished with value: 0.5912429838658299 and parameters: {'learning_rate': 0.03019134267811781, 'bootstrap_type': 'Bernoulli', 'subsample': 0.7178995491874901, 'grow_policy': 'Depthwise', 'depth': 4, 'colsample_bylevel': 0.9598053648093047, 'l2_leaf_reg': 0.5922308014668188, 'leaf_estimation_iterations': 1, 'one_hot_max_size': 53, 'model_size_reg': 0.16856205562371077, 'max_ctr_complexity': 3, 'boosting_type': 'Plain', 'max_bin': 254}. Best is trial 14 with value: 0.5861659162131865.
Optuna Search Completed in: 2143.85 seconds

Training final model on optimized parameter setup...

[CATBOOST FINALIZED METRICS]
Optimal Trees:         1000
RMSE:             0.5713 (Delta to TabPFN: +0.0047)
MSE:            0.3264 (Delta to TabPFN: +0.0053)
Final Train Time:      20.44 seconds

--- CATBOOST Feature Importance (Raw vs. Scaled Share) ---
Feature | Raw gain | Share
pca_embed_1 | 40.12 | 40.12%
pca_embed_2 | 11.05 | 11.05%
pca_embed_0 | 5.46 | 5.46%
pca_embed_5 | 2.52 | 2.52%
pca_embed_3 | 2.49 | 2.49%
pca_embed_4 | 2.42 | 2.42%
pca_embed_8 | 2.09 | 2.09%
alcohol | 1.79 | 1.79%
pca_embed_6 | 1.67 | 1.67%
pca_embed_9 | 1.58 | 1.58%
pca_embed_7 | 1.41 | 1.41%
pca_embed_10 | 1.29 | 1.29%
pca_embed_13 | 1.28 | 1.28%
free_sulfur_dioxide | 1.26 | 1.26%
residual_sugar | 1.25 | 1.25%
density | 1.19 | 1.19%
fixed_acidity | 1.18 | 1.18%
total_sulfur_dioxide | 1.17 | 1.17%
volatile_acidity | 1.15 | 1.15%
pca_embed_15 | 1.14 | 1.14%
pH | 1.13 | 1.13%
pca_embed_19 | 1.11 | 1.11%
pca_embed_14 | 1.10 | 1.10%
pca_embed_18 | 1.07 | 1.07%
pca_embed_23 | 1.07 | 1.07%
pca_embed_21 | 1.05 | 1.05%
chlorides | 1.05 | 1.05%
pca_embed_22 | 1.04 | 1.04%
pca_embed_20 | 1.01 | 1.01%
pca_embed_24 | 1.01 | 1.01%
pca_embed_17 | 0.97 | 0.97%
pca_embed_12 | 0.97 | 0.97%
pca_embed_16 | 0.97 | 0.97%
sulphates | 0.93 | 0.93%
pca_embed_11 | 0.92 | 0.92%
citric_acid | 0.90 | 0.90%
wine_color | 0.22 | 0.22%

=====================================================================
METRIC TYPE                                  | VALUE / PROFILE
=====================================================================
Macro Embedding Share                        | 86.80%
Macro Raw Feature Share                      | 13.20%
---------------------------------------------------------------------
Active Text Embedding Density            | 100.00% (25/25)
Active Raw Tabular Feature Density       | 100.00% (12/12)
---------------------------------------------------------------------
Top-5 Concentration Ratio (CR5)          | 61.64% of total decision weight
Top-10 Concentration Ratio (CR10)        | 71.18% of total decision weight
=====================================================================

Total Pipeline Execution Time: 2166.84 seconds

[SUCCESS] Permanent artifacts safely written to 'outputs/1/results/'
