Loading archive 'archives/churn.npz' and initializing pipeline for target: XGBOOST...
Execution Mode: RAW-ONLY
Session Output Target: outputs/1/
Task Type: BINARY
TabPFN Baselines Loaded - Primary: 0.9142 | Secondary: 0.9740
PCA reduced text embeddings to 19 components.
Final training matrix shape assembled for RAW-ONLY: (4000, 19)

Running 50-Trial Optuna Study for XGBOOST (RAW-ONLY)...
A new study created in RDB with name: 20260618_214942_xgboost_raw-only_churn
Trial 0 finished with value: 0.9276225272911904 and parameters: {'learning_rate': 0.015355286838886862, 'max_depth': 10, 'min_child_weight': 0.5100627805979911, 'subsample': 0.8394633936788146, 'colsample_bylevel': 0.6624074561769746, 'colsample_bynode': 0.662397808134481, 'reg_alpha': 0.29051225247978046, 'reg_lambda': 4.330894111260099, 'grow_policy': 'lossguide', 'max_cat_to_onehot': 8, 'max_leaves': 884}. Best is trial 0 with value: 0.9276225272911904.
Trial 1 finished with value: 0.9259364825979125 and parameters: {'learning_rate': 0.060534484680010825, 'max_depth': 4, 'min_child_weight': 0.004705059281907645, 'subsample': 0.6733618039413735, 'colsample_bylevel': 0.7216968971838151, 'colsample_bynode': 0.8099025726528951, 'reg_alpha': 2.1597818987087147, 'reg_lambda': 1.4562165780761898, 'grow_policy': 'depthwise', 'max_cat_to_onehot': 16, 'max_leaves': 45}. Best is trial 0 with value: 0.9276225272911904.
Trial 2 finished with value: 0.9272449965812564 and parameters: {'learning_rate': 0.019603369861210685, 'max_depth': 8, 'min_child_weight': 0.005477562363971304, 'subsample': 0.8056937753654446, 'colsample_bylevel': 0.836965827544817, 'colsample_bynode': 0.6185801650879991, 'reg_alpha': 3.037763505022002, 'reg_lambda': 0.8527035660240889, 'grow_policy': 'lossguide', 'max_cat_to_onehot': 92, 'max_leaves': 399}. Best is trial 0 with value: 0.9276225272911904.
Trial 3 finished with value: 0.924754805652778 and parameters: {'learning_rate': 0.012453219846912198, 'max_depth': 4, 'min_child_weight': 0.33959199243313637, 'subsample': 0.7760609974958406, 'colsample_bylevel': 0.6488152939379115, 'colsample_bynode': 0.798070764044508, 'reg_alpha': 0.17203916672398045, 'reg_lambda': 4.546611078353703, 'grow_policy': 'lossguide', 'max_cat_to_onehot': 17, 'max_leaves': 97}. Best is trial 0 with value: 0.9276225272911904.
Trial 4 finished with value: 0.9240224400586378 and parameters: {'learning_rate': 0.025719142025384646, 'max_depth': 4, 'min_child_weight': 3.8589082671053854, 'subsample': 0.9100531293444458, 'colsample_bylevel': 0.9757995766256756, 'colsample_bynode': 0.9579309401710595, 'reg_alpha': 2.989540104057545, 'reg_lambda': 4.609378987692081, 'grow_policy': 'lossguide', 'max_cat_to_onehot': 8, 'max_leaves': 37}. Best is trial 0 with value: 0.9276225272911904.
Trial 5 finished with value: 0.9247207234694661 and parameters: {'learning_rate': 0.016019568611465234, 'max_depth': 5, 'min_child_weight': 1.1627201204016835, 'subsample': 0.7427013306774357, 'colsample_bylevel': 0.7123738038749523, 'colsample_bynode': 0.8170784332632994, 'reg_alpha': 0.7047070324513158, 'reg_lambda': 4.011004684072123, 'grow_policy': 'lossguide', 'max_cat_to_onehot': 56, 'max_leaves': 20}. Best is trial 0 with value: 0.9276225272911904.
Trial 6 finished with value: 0.9232223232550785 and parameters: {'learning_rate': 0.0050834018700114374, 'max_depth': 9, 'min_child_weight': 0.4117599592262879, 'subsample': 0.8916028672163949, 'colsample_bylevel': 0.9085081386743783, 'colsample_bynode': 0.6296178606936361, 'reg_alpha': 1.7923927961485087, 'reg_lambda': 0.5794337107196961, 'grow_policy': 'depthwise', 'max_cat_to_onehot': 18, 'max_leaves': 10}. Best is trial 0 with value: 0.9276225272911904.
Trial 7 finished with value: 0.9251803364736068 and parameters: {'learning_rate': 0.012693089228250284, 'max_depth': 5, 'min_child_weight': 0.49979438035802604, 'subsample': 0.8550229885420852, 'colsample_bylevel': 0.9548850970305306, 'colsample_bynode': 0.7888859700647797, 'reg_alpha': 0.5980592702669147, 'reg_lambda': 3.566252611636253, 'grow_policy': 'depthwise', 'max_cat_to_onehot': 55, 'max_leaves': 85}. Best is trial 0 with value: 0.9276225272911904.
Trial 8 finished with value: 0.9274846436716127 and parameters: {'learning_rate': 0.02393652463662192, 'max_depth': 6, 'min_child_weight': 0.0012417226051008223, 'subsample': 0.6431565707973218, 'colsample_bylevel': 0.6125716742746937, 'colsample_bynode': 0.8545641645055122, 'reg_alpha': 1.5718484697835258, 'reg_lambda': 2.542902598754398, 'grow_policy': 'depthwise', 'max_cat_to_onehot': 22, 'max_leaves': 308}. Best is trial 0 with value: 0.9276225272911904.
Trial 9 finished with value: 0.9223183515484319 and parameters: {'learning_rate': 0.009923006608672534, 'max_depth': 4, 'min_child_weight': 0.011797281245016885, 'subsample': 0.6644885149016018, 'colsample_bylevel': 0.9718790609370292, 'colsample_bynode': 0.9232481518257668, 'reg_alpha': 3.1670554421764665, 'reg_lambda': 4.35731580487957, 'grow_policy': 'depthwise', 'max_cat_to_onehot': 76, 'max_leaves': 106}. Best is trial 0 with value: 0.9276225272911904.
Trial 10 finished with value: 0.9230566331821455 and parameters: {'learning_rate': 0.0864853073450281, 'max_depth': 7, 'min_child_weight': 0.05528731777524736, 'subsample': 0.9729161367647149, 'colsample_bylevel': 0.8262452362725613, 'colsample_bynode': 0.7202259292197385, 'reg_alpha': 4.7988577526525065, 'reg_lambda': 2.58248067449815, 'grow_policy': 'lossguide', 'max_cat_to_onehot': 8, 'max_leaves': 971}. Best is trial 0 with value: 0.9276225272911904.
Trial 11 finished with value: 0.9259055384525308 and parameters: {'learning_rate': 0.031790458723690476, 'max_depth': 10, 'min_child_weight': 0.04042693539277767, 'subsample': 0.6143298441164314, 'colsample_bylevel': 0.6046474205309514, 'colsample_bynode': 0.8921265008210464, 'reg_alpha': 1.573844819665746, 'reg_lambda': 2.867609056112702, 'grow_policy': 'depthwise', 'max_cat_to_onehot': 29, 'max_leaves': 366}. Best is trial 0 with value: 0.9276225272911904.
Trial 12 finished with value: 0.9291966589099058 and parameters: {'learning_rate': 0.03789339775622382, 'max_depth': 6, 'min_child_weight': 0.0013459039828471252, 'subsample': 0.9862778301767895, 'colsample_bylevel': 0.6838815379137628, 'colsample_bynode': 0.6908556046603513, 'reg_alpha': 1.2194504168217553, 'reg_lambda': 2.006865843938363, 'grow_policy': 'lossguide', 'max_cat_to_onehot': 30, 'max_leaves': 706}. Best is trial 12 with value: 0.9291966589099058.
Trial 13 finished with value: 0.9245811175461907 and parameters: {'learning_rate': 0.04375256470860629, 'max_depth': 7, 'min_child_weight': 0.08916424701014279, 'subsample': 0.9920528744200874, 'colsample_bylevel': 0.719892765764832, 'colsample_bynode': 0.705285991180485, 'reg_alpha': 0.021909040647912992, 'reg_lambda': 1.6717470023119254, 'grow_policy': 'lossguide', 'max_cat_to_onehot': 32, 'max_leaves': 991}. Best is trial 12 with value: 0.9291966589099058.
Trial 14 finished with value: 0.9231439348165559 and parameters: {'learning_rate': 0.007064557150301871, 'max_depth': 10, 'min_child_weight': 4.8197346325155594, 'subsample': 0.9216062377576022, 'colsample_bylevel': 0.6798813353586567, 'colsample_bynode': 0.6992943779429005, 'reg_alpha': 0.9218735247107217, 'reg_lambda': 3.3829532181051816, 'grow_policy': 'lossguide', 'max_cat_to_onehot': 11, 'max_leaves': 544}. Best is trial 12 with value: 0.9291966589099058.
Trial 15 finished with value: 0.9279285766161379 and parameters: {'learning_rate': 0.04381734571442968, 'max_depth': 6, 'min_child_weight': 0.0010523605356572113, 'subsample': 0.8250051428101366, 'colsample_bylevel': 0.7768960585460358, 'colsample_bynode': 0.6597388015567154, 'reg_alpha': 1.0709171635029722, 'reg_lambda': 0.06599475398317933, 'grow_policy': 'lossguide', 'max_cat_to_onehot': 39, 'max_leaves': 178}. Best is trial 12 with value: 0.9291966589099058.
Trial 16 finished with value: 0.927877396168238 and parameters: {'learning_rate': 0.042150235417489884, 'max_depth': 6, 'min_child_weight': 0.0011998831174870157, 'subsample': 0.7281358941031667, 'colsample_bylevel': 0.7918332430510111, 'colsample_bynode': 0.7395726944173568, 'reg_alpha': 2.3171313351403606, 'reg_lambda': 0.3349252490299648, 'grow_policy': 'lossguide', 'max_cat_to_onehot': 36, 'max_leaves': 186}. Best is trial 12 with value: 0.9291966589099058.
Trial 17 finished with value: 0.9284336620155293 and parameters: {'learning_rate': 0.08928347426202665, 'max_depth': 5, 'min_child_weight': 0.002986144326435623, 'subsample': 0.9490164421938835, 'colsample_bylevel': 0.7616287146723626, 'colsample_bynode': 0.6664667913605654, 'reg_alpha': 1.153176687858207, 'reg_lambda': 1.5458348380858344, 'grow_policy': 'lossguide', 'max_cat_to_onehot': 43, 'max_leaves': 198}. Best is trial 12 with value: 0.9291966589099058.
Trial 18 finished with value: 0.9232913112182976 and parameters: {'learning_rate': 0.09973107405590576, 'max_depth': 5, 'min_child_weight': 0.003527429695255663, 'subsample': 0.9535748651299569, 'colsample_bylevel': 0.875927753162202, 'colsample_bynode': 0.7582152851433737, 'reg_alpha': 4.518534913512044, 'reg_lambda': 1.5937811057211841, 'grow_policy': 'lossguide', 'max_cat_to_onehot': 46, 'max_leaves': 254}. Best is trial 12 with value: 0.9291966589099058.
Trial 19 finished with value: 0.9298844109875626 and parameters: {'learning_rate': 0.06754454782606205, 'max_depth': 5, 'min_child_weight': 0.015427422395316857, 'subsample': 0.9426562897476306, 'colsample_bylevel': 0.7618239141719277, 'colsample_bynode': 0.6648465294929975, 'reg_alpha': 1.2484953031613923, 'reg_lambda': 2.0365442342389763, 'grow_policy': 'lossguide', 'max_cat_to_onehot': 25, 'max_leaves': 491}. Best is trial 19 with value: 0.9298844109875626.
Trial 20 finished with value: 0.9240428420490053 and parameters: {'learning_rate': 0.07141258476248778, 'max_depth': 7, 'min_child_weight': 0.021257913870000342, 'subsample': 0.8747883580083577, 'colsample_bylevel': 0.7316382251927922, 'colsample_bynode': 0.6055522868730786, 'reg_alpha': 2.617721887943506, 'reg_lambda': 2.3131091689509082, 'grow_policy': 'lossguide', 'max_cat_to_onehot': 24, 'max_leaves': 534}. Best is trial 19 with value: 0.9298844109875626.
Trial 21 finished with value: 0.9274390443791362 and parameters: {'learning_rate': 0.05942850687511885, 'max_depth': 5, 'min_child_weight': 0.002300098657589226, 'subsample': 0.9442298656143173, 'colsample_bylevel': 0.7884467223170623, 'colsample_bynode': 0.6706419061601473, 'reg_alpha': 1.3058399864587147, 'reg_lambda': 1.927161363181364, 'grow_policy': 'lossguide', 'max_cat_to_onehot': 25, 'max_leaves': 592}. Best is trial 19 with value: 0.9298844109875626.
Trial 22 finished with value: 0.9264250192747892 and parameters: {'learning_rate': 0.0705121009047069, 'max_depth': 5, 'min_child_weight': 0.009271016398188742, 'subsample': 0.9998336466851263, 'colsample_bylevel': 0.7486668325973367, 'colsample_bynode': 0.6863049285963058, 'reg_alpha': 1.9184751684351617, 'reg_lambda': 0.9597925871059731, 'grow_policy': 'lossguide', 'max_cat_to_onehot': 43, 'max_leaves': 177}. Best is trial 19 with value: 0.9298844109875626.
Trial 23 finished with value: 0.924386380757651 and parameters: {'learning_rate': 0.05499068492885539, 'max_depth': 6, 'min_child_weight': 0.01537373580284474, 'subsample': 0.9384194020615191, 'colsample_bylevel': 0.6995918048300387, 'colsample_bynode': 0.6483513127207522, 'reg_alpha': 1.279555566107039, 'reg_lambda': 1.2373703474124051, 'grow_policy': 'lossguide', 'max_cat_to_onehot': 53, 'max_leaves': 569}. Best is trial 19 with value: 0.9298844109875626.
Trial 24 finished with value: 0.9302573833791717 and parameters: {'learning_rate': 0.03486221696010023, 'max_depth': 5, 'min_child_weight': 0.0024903202810628174, 'subsample': 0.9621826503544766, 'colsample_bylevel': 0.7664731615029138, 'colsample_bynode': 0.7530023688015403, 'reg_alpha': 0.6851965394988537, 'reg_lambda': 2.042714514169371, 'grow_policy': 'lossguide', 'max_cat_to_onehot': 13, 'max_leaves': 233}. Best is trial 24 with value: 0.9302573833791717.
Trial 25 finished with value: 0.9307883910947267 and parameters: {'learning_rate': 0.032577131879400555, 'max_depth': 6, 'min_child_weight': 0.002287252854874209, 'subsample': 0.8999653831941481, 'colsample_bylevel': 0.8165454492772664, 'colsample_bynode': 0.7529731812086116, 'reg_alpha': 0.7048225738416286, 'reg_lambda': 2.0586451213865096, 'grow_policy': 'lossguide', 'max_cat_to_onehot': 12, 'max_leaves': 386}. Best is trial 25 with value: 0.9307883910947267.
Trial 26 finished with value: 0.9282180607634398 and parameters: {'learning_rate': 0.0317350580565217, 'max_depth': 5, 'min_child_weight': 0.007058330810327674, 'subsample': 0.8898189543612177, 'colsample_bylevel': 0.8208073123530666, 'colsample_bynode': 0.7606631020741315, 'reg_alpha': 0.5222820621307254, 'reg_lambda': 3.0630366706848537, 'grow_policy': 'lossguide', 'max_cat_to_onehot': 12, 'max_leaves': 135}. Best is trial 25 with value: 0.9307883910947267.
Trial 27 finished with value: 0.9260208395051193 and parameters: {'learning_rate': 0.025059377424995352, 'max_depth': 4, 'min_child_weight': 0.021313363281412354, 'subsample': 0.9153148334434427, 'colsample_bylevel': 0.8793982632137609, 'colsample_bynode': 0.8514107577606862, 'reg_alpha': 0.7354455600922057, 'reg_lambda': 2.1685883472873018, 'grow_policy': 'lossguide', 'max_cat_to_onehot': 12, 'max_leaves': 270}. Best is trial 25 with value: 0.9307883910947267.
Trial 28 finished with value: 0.9248118661168571 and parameters: {'learning_rate': 0.03175554137391704, 'max_depth': 6, 'min_child_weight': 0.1315872349642135, 'subsample': 0.8685016026547473, 'colsample_bylevel': 0.8534318472238929, 'colsample_bynode': 0.7287666549700653, 'reg_alpha': 3.611500639676967, 'reg_lambda': 2.5228350464695524, 'grow_policy': 'lossguide', 'max_cat_to_onehot': 14, 'max_leaves': 377}. Best is trial 25 with value: 0.9307883910947267.
Trial 29 finished with value: 0.924908698286344 and parameters: {'learning_rate': 0.04980104798506867, 'max_depth': 8, 'min_child_weight': 0.0022321993298031508, 'subsample': 0.8356770623348999, 'colsample_bylevel': 0.8049898098340299, 'colsample_bynode': 0.7513908252835461, 'reg_alpha': 0.39130266949262604, 'reg_lambda': 3.0040102703492724, 'grow_policy': 'lossguide', 'max_cat_to_onehot': 9, 'max_leaves': 60}. Best is trial 25 with value: 0.9307883910947267.
Trial 30 finished with value: 0.9270575981881068 and parameters: {'learning_rate': 0.02074496699642065, 'max_depth': 5, 'min_child_weight': 0.024505524593775377, 'subsample': 0.9629813758798892, 'colsample_bylevel': 0.7548343982661649, 'colsample_bynode': 0.7772361969128424, 'reg_alpha': 0.32608724578702686, 'reg_lambda': 1.8849795113126355, 'grow_policy': 'lossguide', 'max_cat_to_onehot': 20, 'max_leaves': 404}. Best is trial 25 with value: 0.9307883910947267.
Trial 31 finished with value: 0.9280833428046694 and parameters: {'learning_rate': 0.03496293813487644, 'max_depth': 6, 'min_child_weight': 0.0018182054531316696, 'subsample': 0.9697179592240877, 'colsample_bylevel': 0.6462391750168729, 'colsample_bynode': 0.7134068989375674, 'reg_alpha': 0.9099893121799368, 'reg_lambda': 2.133513476163398, 'grow_policy': 'lossguide', 'max_cat_to_onehot': 28, 'max_leaves': 776}. Best is trial 25 with value: 0.9307883910947267.
Trial 32 finished with value: 0.9296371290623865 and parameters: {'learning_rate': 0.038087758179747105, 'max_depth': 7, 'min_child_weight': 0.004340254478362555, 'subsample': 0.9229711267538528, 'colsample_bylevel': 0.6663883843407692, 'colsample_bynode': 0.6384747746963465, 'reg_alpha': 1.415424230328318, 'reg_lambda': 1.1863147800776037, 'grow_policy': 'lossguide', 'max_cat_to_onehot': 14, 'max_leaves': 633}. Best is trial 25 with value: 0.9307883910947267.
Trial 33 finished with value: 0.9298418259983388 and parameters: {'learning_rate': 0.04989703426515139, 'max_depth': 7, 'min_child_weight': 0.005081574604525482, 'subsample': 0.9236038257310912, 'colsample_bylevel': 0.8523989319347868, 'colsample_bynode': 0.6429095577249004, 'reg_alpha': 1.5291370962769832, 'reg_lambda': 1.2264414958907817, 'grow_policy': 'lossguide', 'max_cat_to_onehot': 14, 'max_leaves': 466}. Best is trial 25 with value: 0.9307883910947267.
Trial 34 finished with value: 0.929271687685087 and parameters: {'learning_rate': 0.07022191405453464, 'max_depth': 8, 'min_child_weight': 0.006387343737201005, 'subsample': 0.8872971678433318, 'colsample_bylevel': 0.9221524619139142, 'colsample_bynode': 0.8222988783787142, 'reg_alpha': 1.9154054189562393, 'reg_lambda': 1.373371404002138, 'grow_policy': 'lossguide', 'max_cat_to_onehot': 14, 'max_leaves': 441}. Best is trial 25 with value: 0.9307883910947267.
Trial 35 finished with value: 0.9271456492969014 and parameters: {'learning_rate': 0.055273451917642616, 'max_depth': 7, 'min_child_weight': 0.004893775013461293, 'subsample': 0.910831703091922, 'colsample_bylevel': 0.8662939044204937, 'colsample_bynode': 0.601790687696988, 'reg_alpha': 2.437454890965461, 'reg_lambda': 0.81618064626899, 'grow_policy': 'lossguide', 'max_cat_to_onehot': 10, 'max_leaves': 276}. Best is trial 25 with value: 0.9307883910947267.
Trial 36 finished with value: 0.926988382323796 and parameters: {'learning_rate': 0.027209723247597167, 'max_depth': 4, 'min_child_weight': 0.010918453059962974, 'subsample': 0.8164660061363735, 'colsample_bylevel': 0.8469972115620754, 'colsample_bynode': 0.6260264748521336, 'reg_alpha': 1.6725880878125765, 'reg_lambda': 1.8219507306749696, 'grow_policy': 'depthwise', 'max_cat_to_onehot': 16, 'max_leaves': 229}. Best is trial 25 with value: 0.9307883910947267.
Trial 37 finished with value: 0.9289151825803902 and parameters: {'learning_rate': 0.0487509232138334, 'max_depth': 8, 'min_child_weight': 0.0037950927761584807, 'subsample': 0.9358262132902749, 'colsample_bylevel': 0.9068216398525308, 'colsample_bynode': 0.6765762365273227, 'reg_alpha': 2.100877916668556, 'reg_lambda': 0.9621760071767376, 'grow_policy': 'lossguide', 'max_cat_to_onehot': 10, 'max_leaves': 330}. Best is trial 25 with value: 0.9307883910947267.
Trial 38 finished with value: 0.9228767990100563 and parameters: {'learning_rate': 0.016450945014141873, 'max_depth': 4, 'min_child_weight': 0.006901495250023331, 'subsample': 0.7828849580637526, 'colsample_bylevel': 0.8110539812540896, 'colsample_bynode': 0.7763281407247101, 'reg_alpha': 0.15183530890196373, 'reg_lambda': 2.254708979041141, 'grow_policy': 'lossguide', 'max_cat_to_onehot': 19, 'max_leaves': 127}. Best is trial 25 with value: 0.9307883910947267.
Trial 39 finished with value: 0.9281142589812703 and parameters: {'learning_rate': 0.06302443427618427, 'max_depth': 5, 'min_child_weight': 0.0023721970850603, 'subsample': 0.8557731842441239, 'colsample_bylevel': 0.7785915785271365, 'colsample_bynode': 0.9752507306199918, 'reg_alpha': 0.8396806593976003, 'reg_lambda': 2.787454439706858, 'grow_policy': 'depthwise', 'max_cat_to_onehot': 16, 'max_leaves': 460}. Best is trial 25 with value: 0.9307883910947267.
Trial 40 finished with value: 0.9277895757771792 and parameters: {'learning_rate': 0.02056079751651468, 'max_depth': 6, 'min_child_weight': 0.014886586043498452, 'subsample': 0.8978274554080905, 'colsample_bylevel': 0.7387414093171959, 'colsample_bynode': 0.8388298177278423, 'reg_alpha': 0.5731262033797475, 'reg_lambda': 4.973833762789847, 'grow_policy': 'lossguide', 'max_cat_to_onehot': 13, 'max_leaves': 76}. Best is trial 25 with value: 0.9307883910947267.
Trial 41 finished with value: 0.9282858549637412 and parameters: {'learning_rate': 0.037190324858780245, 'max_depth': 7, 'min_child_weight': 0.004458703968897319, 'subsample': 0.9192817217355473, 'colsample_bylevel': 0.6539704132404293, 'colsample_bynode': 0.6401388602145275, 'reg_alpha': 1.5070970611223706, 'reg_lambda': 0.644081813949314, 'grow_policy': 'lossguide', 'max_cat_to_onehot': 14, 'max_leaves': 704}. Best is trial 25 with value: 0.9307883910947267.
Trial 42 finished with value: 0.9296068595773705 and parameters: {'learning_rate': 0.047498910038243664, 'max_depth': 9, 'min_child_weight': 0.0016688313705041948, 'subsample': 0.9317051947839561, 'colsample_bylevel': 0.6308524960506972, 'colsample_bynode': 0.6511072369227942, 'reg_alpha': 1.3886480987170566, 'reg_lambda': 1.100337182526232, 'grow_policy': 'lossguide', 'max_cat_to_onehot': 16, 'max_leaves': 790}. Best is trial 25 with value: 0.9307883910947267.
Trial 43 finished with value: 0.9286990384572261 and parameters: {'learning_rate': 0.02879268228796165, 'max_depth': 7, 'min_child_weight': 2.004115388478884, 'subsample': 0.9669843430282201, 'colsample_bylevel': 0.8944577564281183, 'colsample_bynode': 0.6229219097814549, 'reg_alpha': 1.0285846938174752, 'reg_lambda': 1.2300541611906326, 'grow_policy': 'lossguide', 'max_cat_to_onehot': 10, 'max_leaves': 481}. Best is trial 25 with value: 0.9307883910947267.
Trial 44 finished with value: 0.9278406338740162 and parameters: {'learning_rate': 0.022476007328867426, 'max_depth': 8, 'min_child_weight': 0.008236863123777515, 'subsample': 0.8985107460016142, 'colsample_bylevel': 0.7660467405814491, 'colsample_bynode': 0.6390755697418188, 'reg_alpha': 1.6930111764118783, 'reg_lambda': 1.4058301477971722, 'grow_policy': 'lossguide', 'max_cat_to_onehot': 21, 'max_leaves': 322}. Best is trial 25 with value: 0.9307883910947267.
Trial 45 finished with value: 0.9277185432268885 and parameters: {'learning_rate': 0.03972273180320278, 'max_depth': 6, 'min_child_weight': 0.038993194043855345, 'subsample': 0.9812921582307821, 'colsample_bylevel': 0.8354940459103624, 'colsample_bynode': 0.7987847945244033, 'reg_alpha': 2.069043062271035, 'reg_lambda': 1.7704022858991983, 'grow_policy': 'depthwise', 'max_cat_to_onehot': 8, 'max_leaves': 631}. Best is trial 25 with value: 0.9307883910947267.
Trial 46 finished with value: 0.9285256205508056 and parameters: {'learning_rate': 0.01716534928752583, 'max_depth': 7, 'min_child_weight': 0.0030323311319088923, 'subsample': 0.8619986868756526, 'colsample_bylevel': 0.9982907068888208, 'colsample_bynode': 0.8898705283830924, 'reg_alpha': 0.6808745953314481, 'reg_lambda': 2.483211360552864, 'grow_policy': 'lossguide', 'max_cat_to_onehot': 12, 'max_leaves': 22}. Best is trial 25 with value: 0.9307883910947267.
Trial 47 finished with value: 0.9317534474591238 and parameters: {'learning_rate': 0.03303603380132164, 'max_depth': 6, 'min_child_weight': 0.004845238278314202, 'subsample': 0.925478255762204, 'colsample_bylevel': 0.9374801235412674, 'colsample_bynode': 0.7383497761060055, 'reg_alpha': 1.4961949980806089, 'reg_lambda': 0.46637039683617854, 'grow_policy': 'lossguide', 'max_cat_to_onehot': 17, 'max_leaves': 140}. Best is trial 47 with value: 0.9317534474591238.
Trial 48 finished with value: 0.9304498735234923 and parameters: {'learning_rate': 0.029871250624092873, 'max_depth': 6, 'min_child_weight': 0.27461656163135095, 'subsample': 0.8796094020109254, 'colsample_bylevel': 0.9421605158103292, 'colsample_bynode': 0.731169491155487, 'reg_alpha': 0.4071547549843202, 'reg_lambda': 0.3799505560893828, 'grow_policy': 'depthwise', 'max_cat_to_onehot': 17, 'max_leaves': 138}. Best is trial 47 with value: 0.9317534474591238.
Trial 49 finished with value: 0.9332072390490941 and parameters: {'learning_rate': 0.02929207289038658, 'max_depth': 6, 'min_child_weight': 1.0858165186516806, 'subsample': 0.879786799569694, 'colsample_bylevel': 0.938097456979216, 'colsample_bynode': 0.727661644524451, 'reg_alpha': 0.03980906129100115, 'reg_lambda': 0.44099135076384105, 'grow_policy': 'depthwise', 'max_cat_to_onehot': 18, 'max_leaves': 116}. Best is trial 49 with value: 0.9332072390490941.
Optuna Search Completed in: 160.12 seconds

Training final model on optimized parameter setup...

[XGBOOST FINALIZED METRICS]
Optimal Trees:         33
ROC_AUC:             0.9058 (Delta to TabPFN: -0.0084)
Accuracy:            0.9450 (Delta to TabPFN: -0.0290)
Final Train Time:      0.10 seconds

--- XGBOOST Feature Importance (Raw vs. Scaled Share) ---
Feature | Raw gain | Share
total_day_minutes | 5327.24 | 20.38%
number_customer_service_calls | 4503.23 | 17.23%
international_plan | 3395.91 | 12.99%
total_day_charge | 2719.82 | 10.41%
total_eve_minutes | 2459.00 | 9.41%
total_intl_calls | 1911.91 | 7.32%
total_intl_minutes | 1529.05 | 5.85%
voice_mail_plan | 1226.80 | 4.69%
total_eve_charge | 624.32 | 2.39%
total_night_minutes | 570.19 | 2.18%
total_intl_charge | 486.29 | 1.86%
state | 475.31 | 1.82%
number_vmail_messages | 362.90 | 1.39%
total_night_charge | 277.07 | 1.06%
account_length | 89.08 | 0.34%
total_night_calls | 85.31 | 0.33%
total_eve_calls | 42.43 | 0.16%
total_day_calls | 34.25 | 0.13%
area_code | 13.67 | 0.05%

=====================================================================
METRIC TYPE                                  | VALUE / PROFILE
=====================================================================
Macro Embedding Share                        | 0.00%
Macro Raw Feature Share                      | 100.00%
---------------------------------------------------------------------
Active Text Embedding Density            | 0.00% (0/0)
Active Raw Tabular Feature Density       | 100.00% (19/19)
---------------------------------------------------------------------
Top-5 Concentration Ratio (CR5)          | 70.43% of total decision weight
Top-10 Concentration Ratio (CR10)        | 92.86% of total decision weight
=====================================================================

Total Pipeline Execution Time: 162.95 seconds

[SUCCESS] Permanent artifacts safely written to 'outputs/1/results/'
