Loading archive 'archives/churn.npz' and initializing pipeline for target: LIGHTGBM...
Execution Mode: EMBED-ONLY
Session Output Target: outputs/1/
Task Type: BINARY
TabPFN Baselines Loaded - Primary: 0.9142 | Secondary: 0.9740
PCA reduced text embeddings to 19 components.
Final training matrix shape assembled for EMBED-ONLY: (4000, 19)

Running 50-Trial Optuna Study for LIGHTGBM (EMBED-ONLY)...
A new study created in RDB with name: 20260618_213938_lightgbm_embed-only_churn
Trial 0 finished with value: 0.950970159431559 and parameters: {'learning_rate': 0.015355286838886862, 'feature_fraction': 0.9704285838459497, 'bagging_fraction': 0.9195981825434215, 'bagging_freq': 1, 'num_leaves': 28, 'min_data_in_leaf': 1, 'extra_trees': False, 'min_data_per_group': 57, 'cat_l2': 0.18327672955935934, 'cat_smooth': 3.4702669886504163, 'max_cat_to_onehot': 8, 'lambda_l1': 0.9699128611767781, 'lambda_l2': 1.6649020373367633}. Best is trial 0 with value: 0.950970159431559.
Trial 1 finished with value: 0.9486720056124469 and parameters: {'learning_rate': 0.009445600138094694, 'feature_fraction': 0.5090949803242604, 'bagging_fraction': 0.7550213529560301, 'bagging_freq': 1, 'num_leaves': 7, 'min_data_in_leaf': 6, 'extra_trees': False, 'min_data_per_group': 20, 'cat_l2': 0.01153297626310632, 'cat_smooth': 0.028888383623653185, 'max_cat_to_onehot': 19, 'lambda_l1': 0.4561243772186142, 'lambda_l2': 1.5703734051898879}. Best is trial 0 with value: 0.950970159431559.
Trial 2 finished with value: 0.9326109921258553 and parameters: {'learning_rate': 0.009093929525644107, 'feature_fraction': 0.708540663048167, 'bagging_fraction': 0.8777243706586128, 'bagging_freq': 1, 'num_leaves': 2, 'min_data_in_leaf': 10, 'extra_trees': False, 'min_data_per_group': 81, 'cat_l2': 1.6278053965878447, 'cat_smooth': 11.015056790269638, 'max_cat_to_onehot': 17, 'lambda_l1': 0.09776234679498323, 'lambda_l2': 1.3684976297216627}. Best is trial 0 with value: 0.950970159431559.
Trial 3 finished with value: 0.9331774512596207 and parameters: {'learning_rate': 0.01869052934095898, 'feature_fraction': 0.47322294090686734, 'bagging_fraction': 0.848553073033381, 'bagging_freq': 1, 'num_leaves': 2, 'min_data_in_leaf': 42, 'extra_trees': True, 'min_data_per_group': 6, 'cat_l2': 0.11277639166461569, 'cat_smooth': 0.5414413211338525, 'max_cat_to_onehot': 12, 'lambda_l1': 0.9695876693017821, 'lambda_l2': 1.550288133439893}. Best is trial 0 with value: 0.950970159431559.
Trial 4 finished with value: 0.9530080233221762 and parameters: {'learning_rate': 0.08342309693146736, 'feature_fraction': 0.9368964102565893, 'bagging_fraction': 0.8793699936433255, 'bagging_freq': 1, 'num_leaves': 137, 'min_data_in_leaf': 1, 'extra_trees': False, 'min_data_per_group': 6, 'cat_l2': 0.0513253156994884, 'cat_smooth': 0.022737628102536857, 'max_cat_to_onehot': 64, 'lambda_l1': 0.3568176513609199, 'lambda_l2': 0.5619409259237927}. Best is trial 4 with value: 0.9530080233221762.
Trial 5 finished with value: 0.9371636129234799 and parameters: {'learning_rate': 0.025411709798607296, 'feature_fraction': 0.4845545349848576, 'bagging_fraction': 0.9406590942262119, 'bagging_freq': 1, 'num_leaves': 2, 'min_data_in_leaf': 61, 'extra_trees': False, 'min_data_per_group': 2, 'cat_l2': 0.6619871537619337, 'cat_smooth': 3.4220529032706923, 'max_cat_to_onehot': 50, 'lambda_l1': 0.7712932196512772, 'lambda_l2': 0.1481818990030073}. Best is trial 4 with value: 0.9530080233221762.
Trial 6 finished with value: 0.9502989557305135 and parameters: {'learning_rate': 0.014633380642745364, 'feature_fraction': 0.4695214357150779, 'bagging_fraction': 0.958931027762678, 'bagging_freq': 1, 'num_leaves': 32, 'min_data_in_leaf': 2, 'extra_trees': True, 'min_data_per_group': 6, 'cat_l2': 0.3957756313952873, 'cat_smooth': 1.5409457762881555, 'max_cat_to_onehot': 75, 'lambda_l1': 0.4722677036694331, 'lambda_l2': 0.23927653245200955}. Best is trial 4 with value: 0.9530080233221762.
Trial 7 finished with value: 0.951179301773001 and parameters: {'learning_rate': 0.042356773126632795, 'feature_fraction': 0.8564710291701385, 'bagging_fraction': 0.8683831592708489, 'bagging_freq': 1, 'num_leaves': 65, 'min_data_in_leaf': 6, 'extra_trees': False, 'min_data_per_group': 2, 'cat_l2': 0.009543550367992308, 'cat_smooth': 0.0014359718569878096, 'max_cat_to_onehot': 39, 'lambda_l1': 0.314424545478219, 'lambda_l2': 1.017190525260289}. Best is trial 4 with value: 0.9530080233221762.
Trial 8 finished with value: 0.9501272125907458 and parameters: {'learning_rate': 0.07581256838789621, 'feature_fraction': 0.549575337489325, 'bagging_fraction': 0.8231148769106889, 'bagging_freq': 1, 'num_leaves': 61, 'min_data_in_leaf': 2, 'extra_trees': True, 'min_data_per_group': 3, 'cat_l2': 1.3124992669799407, 'cat_smooth': 10.979988817809668, 'max_cat_to_onehot': 39, 'lambda_l1': 0.871473444128699, 'lambda_l2': 1.607363786590539}. Best is trial 4 with value: 0.9530080233221762.
Trial 9 finished with value: 0.9530504807223675 and parameters: {'learning_rate': 0.008743861043586432, 'feature_fraction': 0.9355353990939866, 'bagging_fraction': 0.8618026725746952, 'bagging_freq': 1, 'num_leaves': 78, 'min_data_in_leaf': 39, 'extra_trees': False, 'min_data_per_group': 4, 'cat_l2': 0.06461451563516586, 'cat_smooth': 12.304779330083704, 'max_cat_to_onehot': 70, 'lambda_l1': 0.007051435318137585, 'lambda_l2': 1.0215435304248737}. Best is trial 9 with value: 0.9530504807223675.
Trial 10 finished with value: 0.9349949245161836 and parameters: {'learning_rate': 0.005486146194528452, 'feature_fraction': 0.6839963928728011, 'bagging_fraction': 0.7022641957948879, 'bagging_freq': 1, 'num_leaves': 8, 'min_data_in_leaf': 18, 'extra_trees': True, 'min_data_per_group': 24, 'cat_l2': 0.03512175732792625, 'cat_smooth': 59.69263727922451, 'max_cat_to_onehot': 99, 'lambda_l1': 0.028575443310857374, 'lambda_l2': 0.8799544141361122}. Best is trial 9 with value: 0.9530504807223675.
Trial 11 finished with value: 0.9504705576427612 and parameters: {'learning_rate': 0.07373246924015348, 'feature_fraction': 0.9963467604631535, 'bagging_fraction': 0.802754798121327, 'bagging_freq': 1, 'num_leaves': 165, 'min_data_in_leaf': 1, 'extra_trees': False, 'min_data_per_group': 6, 'cat_l2': 0.042618973171742326, 'cat_smooth': 0.09644653512565639, 'max_cat_to_onehot': 61, 'lambda_l1': 0.2396054774480491, 'lambda_l2': 0.7068569370400888}. Best is trial 9 with value: 0.9530504807223675.
Trial 12 finished with value: 0.9507839296491902 and parameters: {'learning_rate': 0.03959312356335477, 'feature_fraction': 0.8612139256281595, 'bagging_fraction': 0.9921175266535757, 'bagging_freq': 1, 'num_leaves': 197, 'min_data_in_leaf': 26, 'extra_trees': False, 'min_data_per_group': 10, 'cat_l2': 0.040274062619613686, 'cat_smooth': 0.0013419844206405693, 'max_cat_to_onehot': 31, 'lambda_l1': 0.6304015063351471, 'lambda_l2': 0.44802505443677954}. Best is trial 9 with value: 0.9530504807223675.
Trial 13 finished with value: 0.9503940988030534 and parameters: {'learning_rate': 0.005200749658613804, 'feature_fraction': 0.8600539102585538, 'bagging_fraction': 0.903061466509632, 'bagging_freq': 1, 'num_leaves': 91, 'min_data_in_leaf': 3, 'extra_trees': False, 'min_data_per_group': 12, 'cat_l2': 0.07729944815225337, 'cat_smooth': 0.016766014348857744, 'max_cat_to_onehot': 97, 'lambda_l1': 0.19329980363263743, 'lambda_l2': 1.1526082990216255}. Best is trial 9 with value: 0.9530504807223675.
Trial 14 finished with value: 0.951188332427886 and parameters: {'learning_rate': 0.03790065622663236, 'feature_fraction': 0.9204978007041821, 'bagging_fraction': 0.7961428631062434, 'bagging_freq': 1, 'num_leaves': 30, 'min_data_in_leaf': 13, 'extra_trees': False, 'min_data_per_group': 4, 'cat_l2': 0.021585417667816745, 'cat_smooth': 78.59749444655691, 'max_cat_to_onehot': 60, 'lambda_l1': 0.47787795746490297, 'lambda_l2': 0.5974521089866174}. Best is trial 9 with value: 0.9530504807223675.
Trial 15 finished with value: 0.9517979316768221 and parameters: {'learning_rate': 0.09370849462428762, 'feature_fraction': 0.7505809626989509, 'bagging_fraction': 0.892131338590733, 'bagging_freq': 1, 'num_leaves': 103, 'min_data_in_leaf': 1, 'extra_trees': False, 'min_data_per_group': 11, 'cat_l2': 0.21335642254085188, 'cat_smooth': 0.28801050543865236, 'max_cat_to_onehot': 28, 'lambda_l1': 0.3397826624480618, 'lambda_l2': 1.9591343319554364}. Best is trial 9 with value: 0.9530504807223675.
Trial 16 finished with value: 0.9523070556001795 and parameters: {'learning_rate': 0.009228907348324331, 'feature_fraction': 0.7832894868573079, 'bagging_fraction': 0.8499214158600715, 'bagging_freq': 1, 'num_leaves': 15, 'min_data_in_leaf': 5, 'extra_trees': False, 'min_data_per_group': 4, 'cat_l2': 0.08256556344921548, 'cat_smooth': 0.006637181409106276, 'max_cat_to_onehot': 77, 'lambda_l1': 0.012354692201737738, 'lambda_l2': 0.4028071054836734}. Best is trial 9 with value: 0.9530504807223675.
Trial 17 finished with value: 0.9511428561782802 and parameters: {'learning_rate': 0.05386813724937704, 'feature_fraction': 0.9228595638415191, 'bagging_fraction': 0.76879831730834, 'bagging_freq': 1, 'num_leaves': 47, 'min_data_in_leaf': 30, 'extra_trees': False, 'min_data_per_group': 21, 'cat_l2': 0.005245356628999199, 'cat_smooth': 0.06009403922556519, 'max_cat_to_onehot': 50, 'lambda_l1': 0.6329023069779118, 'lambda_l2': 0.7953614979979642}. Best is trial 9 with value: 0.9530504807223675.
Trial 18 finished with value: 0.9524795251376158 and parameters: {'learning_rate': 0.02085036995790865, 'feature_fraction': 0.6174963397468256, 'bagging_fraction': 0.8339196288460513, 'bagging_freq': 1, 'num_leaves': 106, 'min_data_in_leaf': 3, 'extra_trees': True, 'min_data_per_group': 3, 'cat_l2': 0.018014818027319714, 'cat_smooth': 0.00537623550578597, 'max_cat_to_onehot': 73, 'lambda_l1': 0.12741850140372005, 'lambda_l2': 1.1598533215351758}. Best is trial 9 with value: 0.9530504807223675.
Trial 19 finished with value: 0.9520195954339744 and parameters: {'learning_rate': 0.026931518150281553, 'feature_fraction': 0.8060164850979159, 'bagging_fraction': 0.9428795334654897, 'bagging_freq': 1, 'num_leaves': 16, 'min_data_in_leaf': 9, 'extra_trees': False, 'min_data_per_group': 38, 'cat_l2': 0.20682589234550536, 'cat_smooth': 20.570075428449087, 'max_cat_to_onehot': 43, 'lambda_l1': 0.34243465812654006, 'lambda_l2': 0.5472172003450182}. Best is trial 9 with value: 0.9530504807223675.
Trial 20 finished with value: 0.9510125497264419 and parameters: {'learning_rate': 0.012209764247149112, 'feature_fraction': 0.928015740833613, 'bagging_fraction': 0.995950623747673, 'bagging_freq': 1, 'num_leaves': 141, 'min_data_in_leaf': 1, 'extra_trees': False, 'min_data_per_group': 8, 'cat_l2': 0.06098854006883829, 'cat_smooth': 0.24079241714806648, 'max_cat_to_onehot': 29, 'lambda_l1': 0.5755735007076463, 'lambda_l2': 0.06334014852984937}. Best is trial 9 with value: 0.9530504807223675.
Trial 21 finished with value: 0.9514525766281002 and parameters: {'learning_rate': 0.026657026904593168, 'feature_fraction': 0.6174006167913384, 'bagging_fraction': 0.840326558423536, 'bagging_freq': 1, 'num_leaves': 92, 'min_data_in_leaf': 2, 'extra_trees': True, 'min_data_per_group': 3, 'cat_l2': 0.02009370277915223, 'cat_smooth': 0.0052827301064603625, 'max_cat_to_onehot': 77, 'lambda_l1': 0.12804572789141616, 'lambda_l2': 1.1830424965115705}. Best is trial 9 with value: 0.9530504807223675.
Trial 22 finished with value: 0.9366159019653073 and parameters: {'learning_rate': 0.0063802464513568816, 'feature_fraction': 0.40015726738282775, 'bagging_fraction': 0.816255159323302, 'bagging_freq': 1, 'num_leaves': 121, 'min_data_in_leaf': 3, 'extra_trees': True, 'min_data_per_group': 3, 'cat_l2': 0.0209968026486496, 'cat_smooth': 0.006645417898310847, 'max_cat_to_onehot': 62, 'lambda_l1': 0.16601143828894474, 'lambda_l2': 0.9832614720927194}. Best is trial 9 with value: 0.9530504807223675.
Trial 23 finished with value: 0.9330620740093991 and parameters: {'learning_rate': 0.007150327584377843, 'feature_fraction': 0.6232931827415774, 'bagging_fraction': 0.8747191923129453, 'bagging_freq': 1, 'num_leaves': 55, 'min_data_in_leaf': 1, 'extra_trees': True, 'min_data_per_group': 2, 'cat_l2': 0.010022337634326566, 'cat_smooth': 0.003224605246609328, 'max_cat_to_onehot': 75, 'lambda_l1': 0.07179699014966276, 'lambda_l2': 1.1693268336489813}. Best is trial 9 with value: 0.9530504807223675.
Trial 24 finished with value: 0.9512983291962168 and parameters: {'learning_rate': 0.021590145666948203, 'feature_fraction': 0.8229526860004286, 'bagging_fraction': 0.7725621871345718, 'bagging_freq': 1, 'num_leaves': 83, 'min_data_in_leaf': 4, 'extra_trees': True, 'min_data_per_group': 4, 'cat_l2': 0.1181542136836973, 'cat_smooth': 0.015747322247237593, 'max_cat_to_onehot': 50, 'lambda_l1': 0.2450638890645493, 'lambda_l2': 1.3278893362782898}. Best is trial 9 with value: 0.9530504807223675.
Trial 25 finished with value: 0.9511915973630416 and parameters: {'learning_rate': 0.012326574515240494, 'feature_fraction': 0.6240143742330165, 'bagging_fraction': 0.9114999779322941, 'bagging_freq': 1, 'num_leaves': 197, 'min_data_in_leaf': 2, 'extra_trees': True, 'min_data_per_group': 5, 'cat_l2': 0.03046006120303982, 'cat_smooth': 0.06547112917767361, 'max_cat_to_onehot': 93, 'lambda_l1': 0.2434148232945722, 'lambda_l2': 0.699481768353802}. Best is trial 9 with value: 0.9530504807223675.
Trial 26 finished with value: 0.9539215863935275 and parameters: {'learning_rate': 0.05763405650684281, 'feature_fraction': 0.9462180039934305, 'bagging_fraction': 0.854774930606656, 'bagging_freq': 1, 'num_leaves': 41, 'min_data_in_leaf': 1, 'extra_trees': True, 'min_data_per_group': 8, 'cat_l2': 0.05521368332338519, 'cat_smooth': 0.774130551693447, 'max_cat_to_onehot': 64, 'lambda_l1': 0.008595867604013234, 'lambda_l2': 0.9379900645871364}. Best is trial 26 with value: 0.9539215863935275.
Trial 27 finished with value: 0.9531286566278034 and parameters: {'learning_rate': 0.056688138452597896, 'feature_fraction': 0.9022760676524761, 'bagging_fraction': 0.8680378143608908, 'bagging_freq': 1, 'num_leaves': 43, 'min_data_in_leaf': 1, 'extra_trees': False, 'min_data_per_group': 8, 'cat_l2': 0.056687411606286806, 'cat_smooth': 0.7807974395459935, 'max_cat_to_onehot': 58, 'lambda_l1': 0.03313347630575794, 'lambda_l2': 0.9031282507459482}. Best is trial 26 with value: 0.9539215863935275.
Trial 28 finished with value: 0.9537725020183825 and parameters: {'learning_rate': 0.06046286397251331, 'feature_fraction': 0.8805669287401762, 'bagging_fraction': 0.8582451465211363, 'bagging_freq': 1, 'num_leaves': 18, 'min_data_in_leaf': 1, 'extra_trees': True, 'min_data_per_group': 16, 'cat_l2': 0.132473543304325, 'cat_smooth': 2.288302475157238, 'max_cat_to_onehot': 34, 'lambda_l1': 0.014395026619946433, 'lambda_l2': 0.9540253891435941}. Best is trial 26 with value: 0.9539215863935275.
Trial 29 finished with value: 0.9520720657565926 and parameters: {'learning_rate': 0.05809772324808608, 'feature_fraction': 0.9790752209723163, 'bagging_fraction': 0.9203187391803569, 'bagging_freq': 1, 'num_leaves': 16, 'min_data_in_leaf': 1, 'extra_trees': True, 'min_data_per_group': 17, 'cat_l2': 0.33436242552597656, 'cat_smooth': 1.2920284966617994, 'max_cat_to_onehot': 22, 'lambda_l1': 0.06781534240335338, 'lambda_l2': 1.3720166876155853}. Best is trial 26 with value: 0.9539215863935275.
Trial 30 finished with value: 0.9503305311994747 and parameters: {'learning_rate': 0.05509011207466269, 'feature_fraction': 0.8786232506019951, 'bagging_fraction': 0.733086721557769, 'bagging_freq': 1, 'num_leaves': 22, 'min_data_in_leaf': 1, 'extra_trees': True, 'min_data_per_group': 40, 'cat_l2': 0.13046394869065955, 'cat_smooth': 2.607339761290784, 'max_cat_to_onehot': 8, 'lambda_l1': 0.18077403299061803, 'lambda_l2': 0.812338140180437}. Best is trial 26 with value: 0.9539215863935275.
Trial 31 finished with value: 0.9506577676172501 and parameters: {'learning_rate': 0.06373595634412335, 'feature_fraction': 0.8928668158322925, 'bagging_fraction': 0.8563375040632129, 'bagging_freq': 1, 'num_leaves': 39, 'min_data_in_leaf': 1, 'extra_trees': True, 'min_data_per_group': 16, 'cat_l2': 0.07661963016246945, 'cat_smooth': 0.655884952672446, 'max_cat_to_onehot': 35, 'lambda_l1': 0.007921957258720243, 'lambda_l2': 0.9872850963212054}. Best is trial 26 with value: 0.9539215863935275.
Trial 32 finished with value: 0.9549486684218529 and parameters: {'learning_rate': 0.04536619898488796, 'feature_fraction': 0.9689202810396133, 'bagging_fraction': 0.895152022891335, 'bagging_freq': 1, 'num_leaves': 9, 'min_data_in_leaf': 1, 'extra_trees': True, 'min_data_per_group': 13, 'cat_l2': 0.15360425012527434, 'cat_smooth': 6.789353969133093, 'max_cat_to_onehot': 49, 'lambda_l1': 0.065829515874917, 'lambda_l2': 0.9700763913086045}. Best is trial 32 with value: 0.9549486684218529.
Trial 33 finished with value: 0.9519101936199249 and parameters: {'learning_rate': 0.04686229481639308, 'feature_fraction': 0.9681684089267886, 'bagging_fraction': 0.9289260714938624, 'bagging_freq': 1, 'num_leaves': 10, 'min_data_in_leaf': 1, 'extra_trees': True, 'min_data_per_group': 9, 'cat_l2': 0.15295179168067338, 'cat_smooth': 4.345922402649902, 'max_cat_to_onehot': 23, 'lambda_l1': 0.10643509116619178, 'lambda_l2': 0.8167669345779671}. Best is trial 32 with value: 0.9549486684218529.
Trial 34 finished with value: 0.9510832708152014 and parameters: {'learning_rate': 0.03344783924361901, 'feature_fraction': 0.9592379818214332, 'bagging_fraction': 0.8913958120377085, 'bagging_freq': 1, 'num_leaves': 5, 'min_data_in_leaf': 1, 'extra_trees': True, 'min_data_per_group': 14, 'cat_l2': 0.3593766140279221, 'cat_smooth': 0.8074876484738699, 'max_cat_to_onehot': 46, 'lambda_l1': 0.0721614132635617, 'lambda_l2': 1.2921879463052166}. Best is trial 32 with value: 0.9549486684218529.
Trial 35 finished with value: 0.9482064332319465 and parameters: {'learning_rate': 0.0991858096219468, 'feature_fraction': 0.8251094613551107, 'bagging_fraction': 0.8925438739694669, 'bagging_freq': 1, 'num_leaves': 4, 'min_data_in_leaf': 2, 'extra_trees': True, 'min_data_per_group': 31, 'cat_l2': 0.10514528216117978, 'cat_smooth': 0.34196888964694555, 'max_cat_to_onehot': 55, 'lambda_l1': 0.1277406192613542, 'lambda_l2': 0.9487119683896027}. Best is trial 32 with value: 0.9549486684218529.
Trial 36 finished with value: 0.9511816795147043 and parameters: {'learning_rate': 0.06579101550743957, 'feature_fraction': 0.7697980076819886, 'bagging_fraction': 0.8287642158783927, 'bagging_freq': 1, 'num_leaves': 22, 'min_data_in_leaf': 1, 'extra_trees': True, 'min_data_per_group': 8, 'cat_l2': 0.27186962728578984, 'cat_smooth': 8.382775553399972, 'max_cat_to_onehot': 34, 'lambda_l1': 0.053795730077307986, 'lambda_l2': 0.6946811806369703}. Best is trial 32 with value: 0.9549486684218529.
Trial 37 finished with value: 0.9531984325101268 and parameters: {'learning_rate': 0.04650755181726652, 'feature_fraction': 0.8960463730405348, 'bagging_fraction': 0.9693279075055379, 'bagging_freq': 1, 'num_leaves': 11, 'min_data_in_leaf': 1, 'extra_trees': True, 'min_data_per_group': 13, 'cat_l2': 0.5106301706209715, 'cat_smooth': 30.244107593571012, 'max_cat_to_onehot': 15, 'lambda_l1': 0.21131797176005807, 'lambda_l2': 1.4780101374796653}. Best is trial 32 with value: 0.9549486684218529.
Trial 38 finished with value: 0.9558860605981254 and parameters: {'learning_rate': 0.03321528079042944, 'feature_fraction': 0.9968599887345563, 'bagging_fraction': 0.9723731130195528, 'bagging_freq': 1, 'num_leaves': 11, 'min_data_in_leaf': 1, 'extra_trees': True, 'min_data_per_group': 62, 'cat_l2': 0.9344230331833207, 'cat_smooth': 39.695556791685334, 'max_cat_to_onehot': 16, 'lambda_l1': 0.25840454959305853, 'lambda_l2': 1.7775927504378861}. Best is trial 38 with value: 0.9558860605981254.
Trial 39 finished with value: 0.9509655542679967 and parameters: {'learning_rate': 0.04872793896312986, 'feature_fraction': 0.9960471957469457, 'bagging_fraction': 0.9650362031379571, 'bagging_freq': 1, 'num_leaves': 5, 'min_data_in_leaf': 2, 'extra_trees': True, 'min_data_per_group': 86, 'cat_l2': 1.0137870889501783, 'cat_smooth': 5.501667423895611, 'max_cat_to_onehot': 13, 'lambda_l1': 0.30044863931030735, 'lambda_l2': 1.7683853035383137}. Best is trial 38 with value: 0.9558860605981254.
Trial 40 finished with value: 0.9530441857700508 and parameters: {'learning_rate': 0.033226034739895625, 'feature_fraction': 0.954555531853741, 'bagging_fraction': 0.9332340197356203, 'bagging_freq': 1, 'num_leaves': 21, 'min_data_in_leaf': 1, 'extra_trees': True, 'min_data_per_group': 61, 'cat_l2': 1.89116316472492, 'cat_smooth': 35.166744118908184, 'max_cat_to_onehot': 9, 'lambda_l1': 0.4155961652011172, 'lambda_l2': 1.742283557573241}. Best is trial 38 with value: 0.9558860605981254.
Trial 41 finished with value: 0.9527969283052045 and parameters: {'learning_rate': 0.03372074339462275, 'feature_fraction': 0.8977035143984412, 'bagging_fraction': 0.9763874610635408, 'bagging_freq': 1, 'num_leaves': 11, 'min_data_in_leaf': 1, 'extra_trees': True, 'min_data_per_group': 64, 'cat_l2': 0.5953962179163803, 'cat_smooth': 29.302138915200285, 'max_cat_to_onehot': 12, 'lambda_l1': 0.20104085079996847, 'lambda_l2': 1.48562938863475}. Best is trial 38 with value: 0.9558860605981254.
Trial 42 finished with value: 0.95478485270198 and parameters: {'learning_rate': 0.0423643587215662, 'feature_fraction': 0.9477898396049528, 'bagging_fraction': 0.9573484996425531, 'bagging_freq': 1, 'num_leaves': 12, 'min_data_in_leaf': 1, 'extra_trees': True, 'min_data_per_group': 27, 'cat_l2': 0.6616249663110312, 'cat_smooth': 2.2684327095648946, 'max_cat_to_onehot': 17, 'lambda_l1': 0.2934776218704822, 'lambda_l2': 1.8398319803129264}. Best is trial 38 with value: 0.9558860605981254.
Trial 43 finished with value: 0.9517226816221334 and parameters: {'learning_rate': 0.030380401786178655, 'feature_fraction': 0.951319492118953, 'bagging_fraction': 0.95770985357064, 'bagging_freq': 1, 'num_leaves': 7, 'min_data_in_leaf': 1, 'extra_trees': True, 'min_data_per_group': 31, 'cat_l2': 0.9516998862304986, 'cat_smooth': 2.1635737865125035, 'max_cat_to_onehot': 16, 'lambda_l1': 0.411004739451608, 'lambda_l2': 1.9255384609194468}. Best is trial 38 with value: 0.9558860605981254.
Trial 44 finished with value: 0.9532940390935603 and parameters: {'learning_rate': 0.07581182412331713, 'feature_fraction': 0.9914933741581692, 'bagging_fraction': 0.9486624838121853, 'bagging_freq': 1, 'num_leaves': 9, 'min_data_in_leaf': 2, 'extra_trees': True, 'min_data_per_group': 22, 'cat_l2': 1.3121970439397588, 'cat_smooth': 1.5354014633474133, 'max_cat_to_onehot': 20, 'lambda_l1': 0.2710361722569181, 'lambda_l2': 1.8395563464060434}. Best is trial 38 with value: 0.9558860605981254.
Trial 45 finished with value: 0.9540837521529809 and parameters: {'learning_rate': 0.03725454974059798, 'feature_fraction': 0.9426447440453992, 'bagging_fraction': 0.9803078720412992, 'bagging_freq': 1, 'num_leaves': 13, 'min_data_in_leaf': 1, 'extra_trees': True, 'min_data_per_group': 50, 'cat_l2': 0.49466061950127627, 'cat_smooth': 5.831224087475629, 'max_cat_to_onehot': 10, 'lambda_l1': 0.3815001343255601, 'lambda_l2': 1.698464021729661}. Best is trial 38 with value: 0.9558860605981254.
Trial 46 finished with value: 0.9448639463787512 and parameters: {'learning_rate': 0.038668901279929294, 'feature_fraction': 0.9461033110498166, 'bagging_fraction': 0.9806668275125372, 'bagging_freq': 1, 'num_leaves': 3, 'min_data_in_leaf': 2, 'extra_trees': True, 'min_data_per_group': 46, 'cat_l2': 0.8849632191537343, 'cat_smooth': 16.91876068285905, 'max_cat_to_onehot': 10, 'lambda_l1': 0.521144193894593, 'lambda_l2': 1.6336977987528618}. Best is trial 38 with value: 0.9558860605981254.
Trial 47 finished with value: 0.9510895937362992 and parameters: {'learning_rate': 0.044465174754632915, 'feature_fraction': 0.9735185690196305, 'bagging_fraction': 0.9851540944314977, 'bagging_freq': 1, 'num_leaves': 6, 'min_data_in_leaf': 1, 'extra_trees': True, 'min_data_per_group': 72, 'cat_l2': 0.48019021735900697, 'cat_smooth': 6.447156895103892, 'max_cat_to_onehot': 18, 'lambda_l1': 0.2930504147172195, 'lambda_l2': 1.7106763013006248}. Best is trial 38 with value: 0.9558860605981254.
Trial 48 finished with value: 0.9529109646352119 and parameters: {'learning_rate': 0.022713065062621787, 'feature_fraction': 0.845487617359182, 'bagging_fraction': 0.9528522635232501, 'bagging_freq': 1, 'num_leaves': 13, 'min_data_in_leaf': 1, 'extra_trees': True, 'min_data_per_group': 52, 'cat_l2': 0.7435293981196907, 'cat_smooth': 11.478392874930494, 'max_cat_to_onehot': 14, 'lambda_l1': 0.41134837104328337, 'lambda_l2': 1.8585241496440708}. Best is trial 38 with value: 0.9558860605981254.
Trial 49 finished with value: 0.9467425528678202 and parameters: {'learning_rate': 0.03774595073393947, 'feature_fraction': 0.92211110408988, 'bagging_fraction': 0.9998808579750214, 'bagging_freq': 1, 'num_leaves': 3, 'min_data_in_leaf': 1, 'extra_trees': True, 'min_data_per_group': 26, 'cat_l2': 0.2740934498117617, 'cat_smooth': 98.88418945047621, 'max_cat_to_onehot': 24, 'lambda_l1': 0.38374574483123525, 'lambda_l2': 1.4906119270719227}. Best is trial 38 with value: 0.9558860605981254.
Optuna Search Completed in: 185.11 seconds

Training final model on optimized parameter setup...

[LIGHTGBM FINALIZED METRICS]
Optimal Trees:         679
ROC_AUC:             0.9279 (Delta to TabPFN: +0.0137)
Accuracy:            0.9720 (Delta to TabPFN: -0.0020)
Final Train Time:      0.35 seconds

--- LIGHTGBM Feature Importance (Raw vs. Scaled Share) ---
Feature | Raw gain | Share
pca_embed_0 | 16141.08 | 38.46%
pca_embed_5 | 9197.13 | 21.92%
pca_embed_1 | 4223.77 | 10.07%
pca_embed_2 | 2156.99 | 5.14%
pca_embed_3 | 1644.73 | 3.92%
pca_embed_16 | 1628.19 | 3.88%
pca_embed_4 | 1444.24 | 3.44%
pca_embed_12 | 762.70 | 1.82%
pca_embed_10 | 712.02 | 1.70%
pca_embed_7 | 592.50 | 1.41%
pca_embed_17 | 496.48 | 1.18%
pca_embed_11 | 471.77 | 1.12%
pca_embed_9 | 439.98 | 1.05%
pca_embed_8 | 400.18 | 0.95%
pca_embed_18 | 399.40 | 0.95%
pca_embed_6 | 370.23 | 0.88%
pca_embed_14 | 327.14 | 0.78%
pca_embed_15 | 286.93 | 0.68%
pca_embed_13 | 269.26 | 0.64%

=====================================================================
METRIC TYPE                                  | VALUE / PROFILE
=====================================================================
Macro Embedding Share                        | 100.00%
Macro Raw Feature Share                      | 0.00%
---------------------------------------------------------------------
Active Text Embedding Density            | 100.00% (19/19)
Active Raw Tabular Feature Density       | 0.00% (0/0)
---------------------------------------------------------------------
Top-5 Concentration Ratio (CR5)          | 79.50% of total decision weight
Top-10 Concentration Ratio (CR10)        | 91.75% of total decision weight
=====================================================================

Total Pipeline Execution Time: 188.37 seconds

[SUCCESS] Permanent artifacts safely written to 'outputs/1/results/'
