Loading archive 'archives/wine_quality.npz' and initializing pipeline for target: LIGHTGBM...
Execution Mode: COMBINED
Session Output Target: outputs/1/
Task Type: REGRESSION
TabPFN Baselines Loaded - Primary: 0.5666 | Secondary: 0.3211
PCA reduced text embeddings to 25 components.
Final training matrix shape assembled for COMBINED: (5197, 37)

Running 50-Trial Optuna Study for LIGHTGBM (COMBINED)...
A new study created in RDB with name: 20260619_000745_lightgbm_combined_wine_quality
Trial 0 finished with value: 0.6019958734646538 and parameters: {'learning_rate': 0.015355286838886862, 'feature_fraction': 0.9704285838459497, 'bagging_fraction': 0.9195981825434215, 'bagging_freq': 1, 'num_leaves': 28, 'min_data_in_leaf': 1, 'extra_trees': False, 'min_data_per_group': 57, 'cat_l2': 0.18327672955935934, 'cat_smooth': 3.4702669886504163, 'max_cat_to_onehot': 8, 'lambda_l1': 0.9699128611767781, 'lambda_l2': 1.6649020373367633}. Best is trial 0 with value: 0.6019958734646538.
Trial 1 finished with value: 0.5958961257946787 and parameters: {'learning_rate': 0.009445600138094694, 'feature_fraction': 0.5090949803242604, 'bagging_fraction': 0.7550213529560301, 'bagging_freq': 1, 'num_leaves': 7, 'min_data_in_leaf': 6, 'extra_trees': False, 'min_data_per_group': 20, 'cat_l2': 0.01153297626310632, 'cat_smooth': 0.028888383623653185, 'max_cat_to_onehot': 19, 'lambda_l1': 0.4561243772186142, 'lambda_l2': 1.5703734051898879}. Best is trial 1 with value: 0.5958961257946787.
Trial 2 finished with value: 0.6078100217239157 and parameters: {'learning_rate': 0.009093929525644107, 'feature_fraction': 0.708540663048167, 'bagging_fraction': 0.8777243706586128, 'bagging_freq': 1, 'num_leaves': 2, 'min_data_in_leaf': 10, 'extra_trees': False, 'min_data_per_group': 81, 'cat_l2': 1.6278053965878447, 'cat_smooth': 11.015056790269638, 'max_cat_to_onehot': 17, 'lambda_l1': 0.09776234679498323, 'lambda_l2': 1.3684976297216627}. Best is trial 1 with value: 0.5958961257946787.
Trial 3 finished with value: 0.6104912286136754 and parameters: {'learning_rate': 0.01869052934095898, 'feature_fraction': 0.47322294090686734, 'bagging_fraction': 0.848553073033381, 'bagging_freq': 1, 'num_leaves': 2, 'min_data_in_leaf': 42, 'extra_trees': True, 'min_data_per_group': 6, 'cat_l2': 0.11277639166461569, 'cat_smooth': 0.5414413211338525, 'max_cat_to_onehot': 12, 'lambda_l1': 0.9695876693017821, 'lambda_l2': 1.550288133439893}. Best is trial 1 with value: 0.5958961257946787.
Trial 4 finished with value: 0.6178376548277662 and parameters: {'learning_rate': 0.08342309693146736, 'feature_fraction': 0.9368964102565893, 'bagging_fraction': 0.8793699936433255, 'bagging_freq': 1, 'num_leaves': 137, 'min_data_in_leaf': 1, 'extra_trees': False, 'min_data_per_group': 6, 'cat_l2': 0.0513253156994884, 'cat_smooth': 0.022737628102536857, 'max_cat_to_onehot': 64, 'lambda_l1': 0.3568176513609199, 'lambda_l2': 0.5619409259237927}. Best is trial 1 with value: 0.5958961257946787.
Trial 5 finished with value: 0.6025734557592255 and parameters: {'learning_rate': 0.025411709798607296, 'feature_fraction': 0.4845545349848576, 'bagging_fraction': 0.9406590942262119, 'bagging_freq': 1, 'num_leaves': 2, 'min_data_in_leaf': 61, 'extra_trees': False, 'min_data_per_group': 2, 'cat_l2': 0.6619871537619337, 'cat_smooth': 3.4220529032706923, 'max_cat_to_onehot': 50, 'lambda_l1': 0.7712932196512772, 'lambda_l2': 0.1481818990030073}. Best is trial 1 with value: 0.5958961257946787.
Trial 6 finished with value: 0.5964790295624521 and parameters: {'learning_rate': 0.014633380642745364, 'feature_fraction': 0.4695214357150779, 'bagging_fraction': 0.958931027762678, 'bagging_freq': 1, 'num_leaves': 32, 'min_data_in_leaf': 2, 'extra_trees': True, 'min_data_per_group': 6, 'cat_l2': 0.3957756313952873, 'cat_smooth': 1.5409457762881555, 'max_cat_to_onehot': 75, 'lambda_l1': 0.4722677036694331, 'lambda_l2': 0.23927653245200955}. Best is trial 1 with value: 0.5958961257946787.
Trial 7 finished with value: 0.6100167751793101 and parameters: {'learning_rate': 0.042356773126632795, 'feature_fraction': 0.8564710291701385, 'bagging_fraction': 0.8683831592708489, 'bagging_freq': 1, 'num_leaves': 65, 'min_data_in_leaf': 6, 'extra_trees': False, 'min_data_per_group': 2, 'cat_l2': 0.009543550367992308, 'cat_smooth': 0.0014359718569878096, 'max_cat_to_onehot': 39, 'lambda_l1': 0.314424545478219, 'lambda_l2': 1.017190525260289}. Best is trial 1 with value: 0.5958961257946787.
Trial 8 finished with value: 0.5988485621015488 and parameters: {'learning_rate': 0.07581256838789621, 'feature_fraction': 0.549575337489325, 'bagging_fraction': 0.8231148769106889, 'bagging_freq': 1, 'num_leaves': 61, 'min_data_in_leaf': 2, 'extra_trees': True, 'min_data_per_group': 3, 'cat_l2': 1.3124992669799407, 'cat_smooth': 10.979988817809668, 'max_cat_to_onehot': 39, 'lambda_l1': 0.871473444128699, 'lambda_l2': 1.607363786590539}. Best is trial 1 with value: 0.5958961257946787.
Trial 9 finished with value: 0.6103622572059282 and parameters: {'learning_rate': 0.008743861043586432, 'feature_fraction': 0.9355353990939866, 'bagging_fraction': 0.8618026725746952, 'bagging_freq': 1, 'num_leaves': 78, 'min_data_in_leaf': 39, 'extra_trees': False, 'min_data_per_group': 4, 'cat_l2': 0.06461451563516586, 'cat_smooth': 12.304779330083704, 'max_cat_to_onehot': 70, 'lambda_l1': 0.007051435318137585, 'lambda_l2': 1.0215435304248737}. Best is trial 1 with value: 0.5958961257946787.
Trial 10 finished with value: 0.5957129358186737 and parameters: {'learning_rate': 0.005492412846230309, 'feature_fraction': 0.6642771874727862, 'bagging_fraction': 0.7022641957948879, 'bagging_freq': 1, 'num_leaves': 8, 'min_data_in_leaf': 12, 'extra_trees': True, 'min_data_per_group': 23, 'cat_l2': 0.005507471753367402, 'cat_smooth': 0.10912561038682753, 'max_cat_to_onehot': 23, 'lambda_l1': 0.6782859743712771, 'lambda_l2': 1.891624858975429}. Best is trial 10 with value: 0.5957129358186737.
Trial 11 finished with value: 0.5959037417414246 and parameters: {'learning_rate': 0.005422641219228484, 'feature_fraction': 0.6431766142486531, 'bagging_fraction': 0.7149184107907829, 'bagging_freq': 1, 'num_leaves': 7, 'min_data_in_leaf': 11, 'extra_trees': True, 'min_data_per_group': 23, 'cat_l2': 0.005109883781412882, 'cat_smooth': 0.0817727104137359, 'max_cat_to_onehot': 21, 'lambda_l1': 0.6091129560474012, 'lambda_l2': 1.9017437929613048}. Best is trial 10 with value: 0.5957129358186737.
Trial 12 finished with value: 0.5956023766849341 and parameters: {'learning_rate': 0.005242875606128808, 'feature_fraction': 0.6845696095993247, 'bagging_fraction': 0.7009407744845899, 'bagging_freq': 1, 'num_leaves': 8, 'min_data_in_leaf': 5, 'extra_trees': True, 'min_data_per_group': 21, 'cat_l2': 0.01893097479089361, 'cat_smooth': 0.026128447784046743, 'max_cat_to_onehot': 25, 'lambda_l1': 0.6538287911264112, 'lambda_l2': 1.9975189759991476}. Best is trial 12 with value: 0.5956023766849341.
Trial 13 finished with value: 0.5962214929095329 and parameters: {'learning_rate': 0.0052007496586138, 'feature_fraction': 0.7457883163290916, 'bagging_fraction': 0.7040995719609131, 'bagging_freq': 1, 'num_leaves': 8, 'min_data_in_leaf': 16, 'extra_trees': True, 'min_data_per_group': 19, 'cat_l2': 0.02914770065052806, 'cat_smooth': 0.0038147430020359207, 'max_cat_to_onehot': 26, 'lambda_l1': 0.6886691237473892, 'lambda_l2': 1.938542777112231}. Best is trial 12 with value: 0.5956023766849341.
Trial 14 finished with value: 0.5953092517776211 and parameters: {'learning_rate': 0.006534793674331766, 'feature_fraction': 0.6148051331390574, 'bagging_fraction': 0.7639189997517841, 'bagging_freq': 1, 'num_leaves': 15, 'min_data_in_leaf': 3, 'extra_trees': True, 'min_data_per_group': 36, 'cat_l2': 0.019500969053687346, 'cat_smooth': 0.19877254977714987, 'max_cat_to_onehot': 27, 'lambda_l1': 0.5876760422606963, 'lambda_l2': 1.9600662315680877}. Best is trial 14 with value: 0.5953092517776211.
Trial 15 finished with value: 0.59534527532295 and parameters: {'learning_rate': 0.007710328723208572, 'feature_fraction': 0.5867028132626441, 'bagging_fraction': 0.7758726920108598, 'bagging_freq': 1, 'num_leaves': 15, 'min_data_in_leaf': 4, 'extra_trees': True, 'min_data_per_group': 43, 'cat_l2': 0.021622349324781878, 'cat_smooth': 82.99181918730025, 'max_cat_to_onehot': 35, 'lambda_l1': 0.5221788878153932, 'lambda_l2': 1.9972516683850412}. Best is trial 14 with value: 0.5953092517776211.
Trial 16 finished with value: 0.5962245417611575 and parameters: {'learning_rate': 0.008256694332045683, 'feature_fraction': 0.5860215866177233, 'bagging_fraction': 0.7809432804651485, 'bagging_freq': 1, 'num_leaves': 22, 'min_data_in_leaf': 2, 'extra_trees': True, 'min_data_per_group': 41, 'cat_l2': 0.027371670579702988, 'cat_smooth': 73.68098413711319, 'max_cat_to_onehot': 35, 'lambda_l1': 0.5136958650397445, 'lambda_l2': 1.2680753753513656}. Best is trial 14 with value: 0.5953092517776211.
Trial 17 finished with value: 0.5954930734529784 and parameters: {'learning_rate': 0.012320255254651828, 'feature_fraction': 0.8009507136846339, 'bagging_fraction': 0.7929889525903026, 'bagging_freq': 1, 'num_leaves': 16, 'min_data_in_leaf': 3, 'extra_trees': True, 'min_data_per_group': 39, 'cat_l2': 0.051356874524027, 'cat_smooth': 95.74738509612254, 'max_cat_to_onehot': 15, 'lambda_l1': 0.27870655770056163, 'lambda_l2': 1.7771653003888037}. Best is trial 14 with value: 0.5953092517776211.
Trial 18 finished with value: 0.5953918260824358 and parameters: {'learning_rate': 0.026558865749960987, 'feature_fraction': 0.40697257697653194, 'bagging_fraction': 0.9981528355149126, 'bagging_freq': 1, 'num_leaves': 4, 'min_data_in_leaf': 4, 'extra_trees': True, 'min_data_per_group': 12, 'cat_l2': 0.013395091437090818, 'cat_smooth': 0.3756011969443879, 'max_cat_to_onehot': 32, 'lambda_l1': 0.5546494311000131, 'lambda_l2': 1.3628368389794647}. Best is trial 14 with value: 0.5953092517776211.
Trial 19 finished with value: 0.5955924020061472 and parameters: {'learning_rate': 0.006868244275191408, 'feature_fraction': 0.5967044512767452, 'bagging_fraction': 0.7488899379370357, 'bagging_freq': 1, 'num_leaves': 16, 'min_data_in_leaf': 1, 'extra_trees': True, 'min_data_per_group': 83, 'cat_l2': 0.10980916340853854, 'cat_smooth': 30.739552486218, 'max_cat_to_onehot': 52, 'lambda_l1': 0.1644272181609165, 'lambda_l2': 1.7574663314611605}. Best is trial 14 with value: 0.5953092517776211.
Trial 20 finished with value: 0.5975823489556 and parameters: {'learning_rate': 0.011536841067607497, 'feature_fraction': 0.7598251447738293, 'bagging_fraction': 0.8032103400895354, 'bagging_freq': 1, 'num_leaves': 42, 'min_data_in_leaf': 20, 'extra_trees': True, 'min_data_per_group': 36, 'cat_l2': 0.028317848696260476, 'cat_smooth': 0.0058530577599439386, 'max_cat_to_onehot': 93, 'lambda_l1': 0.8222594270293561, 'lambda_l2': 1.0878995529895574}. Best is trial 14 with value: 0.5953092517776211.
Trial 21 finished with value: 0.5951636920060364 and parameters: {'learning_rate': 0.03109076378505353, 'feature_fraction': 0.41108791647448584, 'bagging_fraction': 0.9928460930613525, 'bagging_freq': 1, 'num_leaves': 4, 'min_data_in_leaf': 3, 'extra_trees': True, 'min_data_per_group': 10, 'cat_l2': 0.013660505031447119, 'cat_smooth': 0.3908370546667339, 'max_cat_to_onehot': 31, 'lambda_l1': 0.49509770453025254, 'lambda_l2': 0.7111700477267344}. Best is trial 21 with value: 0.5951636920060364.
Trial 22 finished with value: 0.5967685116092214 and parameters: {'learning_rate': 0.04019244861368127, 'feature_fraction': 0.40015726738282775, 'bagging_fraction': 0.7611439394891356, 'bagging_freq': 1, 'num_leaves': 4, 'min_data_in_leaf': 3, 'extra_trees': True, 'min_data_per_group': 10, 'cat_l2': 0.009127623180671002, 'cat_smooth': 0.3260161124117348, 'max_cat_to_onehot': 30, 'lambda_l1': 0.4059173077729389, 'lambda_l2': 0.6965474857900624}. Best is trial 21 with value: 0.5951636920060364.
Trial 23 finished with value: 0.5960580190205841 and parameters: {'learning_rate': 0.060602519852266695, 'feature_fraction': 0.6059983642933103, 'bagging_fraction': 0.8286919202412399, 'bagging_freq': 1, 'num_leaves': 14, 'min_data_in_leaf': 3, 'extra_trees': True, 'min_data_per_group': 56, 'cat_l2': 0.01869576204594059, 'cat_smooth': 1.3813321172339488, 'max_cat_to_onehot': 55, 'lambda_l1': 0.5860100781103317, 'lambda_l2': 0.7392914860006482}. Best is trial 21 with value: 0.5951636920060364.
Trial 24 finished with value: 0.5954430657889749 and parameters: {'learning_rate': 0.022336158217737746, 'feature_fraction': 0.5365725496889163, 'bagging_fraction': 0.8995686646077912, 'bagging_freq': 1, 'num_leaves': 5, 'min_data_in_leaf': 8, 'extra_trees': True, 'min_data_per_group': 14, 'cat_l2': 0.034930328895891725, 'cat_smooth': 0.10730669919148746, 'max_cat_to_onehot': 42, 'lambda_l1': 0.22951984872776665, 'lambda_l2': 0.31480800528975256}. Best is trial 21 with value: 0.5951636920060364.
Trial 25 finished with value: 0.5950044489649577 and parameters: {'learning_rate': 0.03381751233573257, 'feature_fraction': 0.4408264788150344, 'bagging_fraction': 0.9884638163105397, 'bagging_freq': 1, 'num_leaves': 11, 'min_data_in_leaf': 2, 'extra_trees': True, 'min_data_per_group': 32, 'cat_l2': 0.019740009154340116, 'cat_smooth': 0.20814104857883153, 'max_cat_to_onehot': 29, 'lambda_l1': 0.41083228040973097, 'lambda_l2': 0.050810661219009456}. Best is trial 25 with value: 0.5950044489649577.
Trial 26 finished with value: 0.5972359401815737 and parameters: {'learning_rate': 0.03936047546050094, 'feature_fraction': 0.4432044689510074, 'bagging_fraction': 0.999485075849801, 'bagging_freq': 1, 'num_leaves': 3, 'min_data_in_leaf': 1, 'extra_trees': True, 'min_data_per_group': 30, 'cat_l2': 0.008565242371563253, 'cat_smooth': 0.1932005018597577, 'max_cat_to_onehot': 13, 'lambda_l1': 0.39851115900604056, 'lambda_l2': 0.4382867648606378}. Best is trial 25 with value: 0.5950044489649577.
Trial 27 finished with value: 0.5958430726294897 and parameters: {'learning_rate': 0.03287402311239131, 'feature_fraction': 0.43532622170744095, 'bagging_fraction': 0.969141711000178, 'bagging_freq': 1, 'num_leaves': 12, 'min_data_in_leaf': 2, 'extra_trees': True, 'min_data_per_group': 9, 'cat_l2': 0.015816940873975623, 'cat_smooth': 0.8193579341697551, 'max_cat_to_onehot': 27, 'lambda_l1': 0.7453917854117604, 'lambda_l2': 0.01046825240575755}. Best is trial 25 with value: 0.5950044489649577.
Trial 28 finished with value: 0.5976833999651928 and parameters: {'learning_rate': 0.055606714593993224, 'feature_fraction': 0.5240110162745379, 'bagging_fraction': 0.9783643286396492, 'bagging_freq': 1, 'num_leaves': 10, 'min_data_in_leaf': 1, 'extra_trees': True, 'min_data_per_group': 15, 'cat_l2': 0.07651788296780708, 'cat_smooth': 0.04581365630463151, 'max_cat_to_onehot': 20, 'lambda_l1': 0.42499065058937424, 'lambda_l2': 0.7830209422827537}. Best is trial 25 with value: 0.5950044489649577.
Trial 29 finished with value: 0.5959465947674149 and parameters: {'learning_rate': 0.019261124413958153, 'feature_fraction': 0.4414511877513975, 'bagging_fraction': 0.9133694505373278, 'bagging_freq': 1, 'num_leaves': 24, 'min_data_in_leaf': 1, 'extra_trees': True, 'min_data_per_group': 63, 'cat_l2': 0.04164136920420638, 'cat_smooth': 2.0493271376235476, 'max_cat_to_onehot': 9, 'lambda_l1': 0.3382212103166685, 'lambda_l2': 0.5107420722972599}. Best is trial 25 with value: 0.5950044489649577.
Trial 30 finished with value: 0.5947049260680726 and parameters: {'learning_rate': 0.030666369201359348, 'feature_fraction': 0.5561029096143376, 'bagging_fraction': 0.943111285660942, 'bagging_freq': 1, 'num_leaves': 3, 'min_data_in_leaf': 2, 'extra_trees': True, 'min_data_per_group': 55, 'cat_l2': 0.3032656534989303, 'cat_smooth': 0.17463642074808303, 'max_cat_to_onehot': 43, 'lambda_l1': 0.24614367452407293, 'lambda_l2': 0.021122379387214577}. Best is trial 30 with value: 0.5947049260680726.
Trial 31 finished with value: 0.5953378347001692 and parameters: {'learning_rate': 0.03206117660532604, 'feature_fraction': 0.5592778873630293, 'bagging_fraction': 0.9453255632495551, 'bagging_freq': 1, 'num_leaves': 3, 'min_data_in_leaf': 2, 'extra_trees': True, 'min_data_per_group': 58, 'cat_l2': 0.2833787220269974, 'cat_smooth': 0.1902733383864847, 'max_cat_to_onehot': 45, 'lambda_l1': 0.23175263599557794, 'lambda_l2': 0.00698731663751162}. Best is trial 30 with value: 0.5947049260680726.
Trial 32 finished with value: 0.5960606512616755 and parameters: {'learning_rate': 0.048457852317307724, 'feature_fraction': 0.5000525051367838, 'bagging_fraction': 0.925752819005684, 'bagging_freq': 1, 'num_leaves': 5, 'min_data_in_leaf': 3, 'extra_trees': True, 'min_data_per_group': 32, 'cat_l2': 0.19590971189547568, 'cat_smooth': 0.01158397765823191, 'max_cat_to_onehot': 30, 'lambda_l1': 0.4612606924456482, 'lambda_l2': 0.15076736366492266}. Best is trial 30 with value: 0.5947049260680726.
Trial 33 finished with value: 0.5959499055863464 and parameters: {'learning_rate': 0.03245866721940677, 'feature_fraction': 0.5180336007357155, 'bagging_fraction': 0.9859964176334053, 'bagging_freq': 1, 'num_leaves': 3, 'min_data_in_leaf': 2, 'extra_trees': True, 'min_data_per_group': 51, 'cat_l2': 0.0074005562881445846, 'cat_smooth': 0.05758798374064057, 'max_cat_to_onehot': 22, 'lambda_l1': 0.1289753049864688, 'lambda_l2': 0.36673239439546235}. Best is trial 30 with value: 0.5947049260680726.
Trial 34 finished with value: 0.5946428298745159 and parameters: {'learning_rate': 0.01757078389853458, 'feature_fraction': 0.6330941683007218, 'bagging_fraction': 0.9584959078507627, 'bagging_freq': 1, 'num_leaves': 6, 'min_data_in_leaf': 1, 'extra_trees': False, 'min_data_per_group': 78, 'cat_l2': 0.5047596856265727, 'cat_smooth': 0.6737893903101873, 'max_cat_to_onehot': 17, 'lambda_l1': 0.24428321227270952, 'lambda_l2': 0.8941971876795702}. Best is trial 34 with value: 0.5946428298745159.
Trial 35 finished with value: 0.5949922144339924 and parameters: {'learning_rate': 0.015948780896449622, 'feature_fraction': 0.6369385678986268, 'bagging_fraction': 0.954686688800024, 'bagging_freq': 1, 'num_leaves': 6, 'min_data_in_leaf': 1, 'extra_trees': False, 'min_data_per_group': 95, 'cat_l2': 0.9236959838294315, 'cat_smooth': 0.7362583110906475, 'max_cat_to_onehot': 16, 'lambda_l1': 0.20603174241408245, 'lambda_l2': 0.8899267479545174}. Best is trial 34 with value: 0.5946428298745159.
Trial 36 finished with value: 0.6032531819145723 and parameters: {'learning_rate': 0.017350937136547267, 'feature_fraction': 0.713399726110414, 'bagging_fraction': 0.95439073291687, 'bagging_freq': 1, 'num_leaves': 2, 'min_data_in_leaf': 1, 'extra_trees': False, 'min_data_per_group': 100, 'cat_l2': 1.0788211880124923, 'cat_smooth': 0.6909942258156908, 'max_cat_to_onehot': 9, 'lambda_l1': 0.052854754259933856, 'lambda_l2': 0.9245471778725574}. Best is trial 34 with value: 0.5946428298745159.
Trial 37 finished with value: 0.5945809549319043 and parameters: {'learning_rate': 0.013106630609012154, 'feature_fraction': 0.6428825316448091, 'bagging_fraction': 0.9289393847429516, 'bagging_freq': 1, 'num_leaves': 6, 'min_data_in_leaf': 1, 'extra_trees': False, 'min_data_per_group': 71, 'cat_l2': 0.6173005588995046, 'cat_smooth': 5.654066251510278, 'max_cat_to_onehot': 17, 'lambda_l1': 0.20425038862328992, 'lambda_l2': 1.212712020494548}. Best is trial 37 with value: 0.5945809549319043.
Trial 38 finished with value: 0.5946474127597255 and parameters: {'learning_rate': 0.0132868450998701, 'feature_fraction': 0.643249100275198, 'bagging_fraction': 0.92825016202466, 'bagging_freq': 1, 'num_leaves': 6, 'min_data_in_leaf': 1, 'extra_trees': False, 'min_data_per_group': 76, 'cat_l2': 0.617932782186502, 'cat_smooth': 4.9926004519463785, 'max_cat_to_onehot': 17, 'lambda_l1': 0.18970422025689282, 'lambda_l2': 1.1936922964450314}. Best is trial 37 with value: 0.5945809549319043.
Trial 39 finished with value: 0.6052140550293605 and parameters: {'learning_rate': 0.011588915607920157, 'feature_fraction': 0.6976273035597294, 'bagging_fraction': 0.9253430998537578, 'bagging_freq': 1, 'num_leaves': 2, 'min_data_in_leaf': 1, 'extra_trees': False, 'min_data_per_group': 72, 'cat_l2': 0.5318187333977445, 'cat_smooth': 7.281880578673089, 'max_cat_to_onehot': 13, 'lambda_l1': 0.10070222148306571, 'lambda_l2': 1.2220000048585535}. Best is trial 37 with value: 0.5945809549319043.
Trial 40 finished with value: 0.5946808690114133 and parameters: {'learning_rate': 0.013481767742299587, 'feature_fraction': 0.7334304543733636, 'bagging_fraction': 0.8908337881763123, 'bagging_freq': 1, 'num_leaves': 6, 'min_data_in_leaf': 1, 'extra_trees': False, 'min_data_per_group': 73, 'cat_l2': 1.9557007339808263, 'cat_smooth': 4.315811243172703, 'max_cat_to_onehot': 18, 'lambda_l1': 0.27856251804522403, 'lambda_l2': 1.4534574091628827}. Best is trial 37 with value: 0.5945809549319043.
Trial 41 finished with value: 0.5946372914505335 and parameters: {'learning_rate': 0.013665754002904422, 'feature_fraction': 0.733558927558097, 'bagging_fraction': 0.8887348158648336, 'bagging_freq': 1, 'num_leaves': 6, 'min_data_in_leaf': 1, 'extra_trees': False, 'min_data_per_group': 72, 'cat_l2': 0.7018956908528998, 'cat_smooth': 5.645373960401917, 'max_cat_to_onehot': 11, 'lambda_l1': 0.29793436716081473, 'lambda_l2': 1.4837122359954227}. Best is trial 37 with value: 0.5945809549319043.
Trial 42 finished with value: 0.5944446004507649 and parameters: {'learning_rate': 0.013439074101494052, 'feature_fraction': 0.784980359339293, 'bagging_fraction': 0.8915540344324966, 'bagging_freq': 1, 'num_leaves': 6, 'min_data_in_leaf': 1, 'extra_trees': False, 'min_data_per_group': 76, 'cat_l2': 1.8506114643257636, 'cat_smooth': 6.387699415721591, 'max_cat_to_onehot': 18, 'lambda_l1': 0.17713575679072815, 'lambda_l2': 1.5045375710269004}. Best is trial 42 with value: 0.5944446004507649.
Trial 43 finished with value: 0.6096570089683271 and parameters: {'learning_rate': 0.00966859280313661, 'feature_fraction': 0.7856956356293808, 'bagging_fraction': 0.9087197523150772, 'bagging_freq': 1, 'num_leaves': 180, 'min_data_in_leaf': 1, 'extra_trees': False, 'min_data_per_group': 72, 'cat_l2': 0.6844792554742363, 'cat_smooth': 30.629542087335253, 'max_cat_to_onehot': 11, 'lambda_l1': 0.17807760328065342, 'lambda_l2': 1.159731254706631}. Best is trial 42 with value: 0.5944446004507649.
Trial 44 finished with value: 0.5952793076454695 and parameters: {'learning_rate': 0.010632074399898814, 'feature_fraction': 0.8318032384011008, 'bagging_fraction': 0.8816747542481227, 'bagging_freq': 1, 'num_leaves': 9, 'min_data_in_leaf': 1, 'extra_trees': False, 'min_data_per_group': 85, 'cat_l2': 0.4945634502195001, 'cat_smooth': 4.629138486543035, 'max_cat_to_onehot': 15, 'lambda_l1': 0.14823883328222667, 'lambda_l2': 1.4666971089153693}. Best is trial 42 with value: 0.5944446004507649.
Trial 45 finished with value: 0.5946137061309752 and parameters: {'learning_rate': 0.013692542908719345, 'feature_fraction': 0.8672731126402106, 'bagging_fraction': 0.8564715268306268, 'bagging_freq': 1, 'num_leaves': 6, 'min_data_in_leaf': 1, 'extra_trees': False, 'min_data_per_group': 48, 'cat_l2': 0.8346575933082061, 'cat_smooth': 21.73672501890256, 'max_cat_to_onehot': 11, 'lambda_l1': 0.0750086547660708, 'lambda_l2': 1.3525063394444907}. Best is trial 42 with value: 0.5944446004507649.
Trial 46 finished with value: 0.5945458376511576 and parameters: {'learning_rate': 0.015572681774533585, 'feature_fraction': 0.8997892383462208, 'bagging_fraction': 0.8528145922019776, 'bagging_freq': 1, 'num_leaves': 5, 'min_data_in_leaf': 1, 'extra_trees': False, 'min_data_per_group': 46, 'cat_l2': 0.8762914237459506, 'cat_smooth': 22.881792889965407, 'max_cat_to_onehot': 10, 'lambda_l1': 0.04858044809621065, 'lambda_l2': 1.6231012904193456}. Best is trial 42 with value: 0.5944446004507649.
Trial 47 finished with value: 0.5951251710026059 and parameters: {'learning_rate': 0.02026037462780325, 'feature_fraction': 0.9071345089045547, 'bagging_fraction': 0.8524191229310304, 'bagging_freq': 1, 'num_leaves': 4, 'min_data_in_leaf': 1, 'extra_trees': False, 'min_data_per_group': 51, 'cat_l2': 1.418919210942395, 'cat_smooth': 18.310657889513454, 'max_cat_to_onehot': 8, 'lambda_l1': 0.0025230440107043006, 'lambda_l2': 1.6334480284522173}. Best is trial 42 with value: 0.5944446004507649.
Trial 48 finished with value: 0.5948734656977389 and parameters: {'learning_rate': 0.015326509953591142, 'feature_fraction': 0.9922301780334866, 'bagging_fraction': 0.8298773511556274, 'bagging_freq': 1, 'num_leaves': 5, 'min_data_in_leaf': 1, 'extra_trees': False, 'min_data_per_group': 27, 'cat_l2': 0.8714716521640753, 'cat_smooth': 35.65592863857603, 'max_cat_to_onehot': 10, 'lambda_l1': 0.08100666399441558, 'lambda_l2': 1.527364137482577}. Best is trial 42 with value: 0.5944446004507649.
Trial 49 finished with value: 0.5952174374645729 and parameters: {'learning_rate': 0.022768174304981112, 'feature_fraction': 0.8794652781096485, 'bagging_fraction': 0.8661174681962945, 'bagging_freq': 1, 'num_leaves': 8, 'min_data_in_leaf': 1, 'extra_trees': False, 'min_data_per_group': 48, 'cat_l2': 1.1909278799648484, 'cat_smooth': 14.47662712621406, 'max_cat_to_onehot': 12, 'lambda_l1': 0.03597119102400809, 'lambda_l2': 1.3221986401588128}. Best is trial 42 with value: 0.5944446004507649.
Optuna Search Completed in: 177.12 seconds

Training final model on optimized parameter setup...

[LIGHTGBM FINALIZED METRICS]
Optimal Trees:         301
RMSE:             0.5701 (Delta to TabPFN: +0.0035)
MSE:            0.3251 (Delta to TabPFN: +0.0040)
Final Train Time:      0.23 seconds

--- LIGHTGBM Feature Importance (Raw vs. Scaled Share) ---
Feature | Raw gain | Share
pca_embed_1 | 38110.17 | 49.95%
pca_embed_2 | 14025.88 | 18.38%
pca_embed_0 | 9550.99 | 12.52%
pca_embed_4 | 4056.98 | 5.32%
pca_embed_3 | 3586.56 | 4.70%
pca_embed_5 | 2453.03 | 3.22%
alcohol | 2221.29 | 2.91%
volatile_acidity | 413.55 | 0.54%
free_sulfur_dioxide | 360.35 | 0.47%
pca_embed_15 | 136.84 | 0.18%
chlorides | 128.80 | 0.17%
density | 98.91 | 0.13%
pca_embed_6 | 98.67 | 0.13%
pca_embed_8 | 97.66 | 0.13%
pca_embed_13 | 93.07 | 0.12%
pca_embed_14 | 83.65 | 0.11%
residual_sugar | 81.44 | 0.11%
pca_embed_17 | 71.59 | 0.09%
pca_embed_9 | 70.09 | 0.09%
sulphates | 63.53 | 0.08%
total_sulfur_dioxide | 63.18 | 0.08%
pca_embed_20 | 55.75 | 0.07%
pca_embed_10 | 49.84 | 0.07%
citric_acid | 44.96 | 0.06%
pH | 32.38 | 0.04%
pca_embed_18 | 32.08 | 0.04%
pca_embed_24 | 29.87 | 0.04%
pca_embed_12 | 28.14 | 0.04%
pca_embed_19 | 27.95 | 0.04%
fixed_acidity | 26.59 | 0.03%
pca_embed_21 | 26.33 | 0.03%
pca_embed_7 | 23.97 | 0.03%
pca_embed_11 | 20.39 | 0.03%
pca_embed_22 | 20.32 | 0.03%
pca_embed_16 | 8.80 | 0.01%
wine_color | 0.00 | 0.00%
pca_embed_23 | 0.00 | 0.00%

=====================================================================
METRIC TYPE                                  | VALUE / PROFILE
=====================================================================
Macro Embedding Share                        | 95.37%
Macro Raw Feature Share                      | 4.63%
---------------------------------------------------------------------
Active Text Embedding Density            | 96.00% (24/25)
Active Raw Tabular Feature Density       | 91.67% (11/12)
---------------------------------------------------------------------
Top-5 Concentration Ratio (CR5)          | 90.87% of total decision weight
Top-10 Concentration Ratio (CR10)        | 98.19% of total decision weight
=====================================================================

Total Pipeline Execution Time: 179.90 seconds

[SUCCESS] Permanent artifacts safely written to 'outputs/1/results/'
