Loading archive 'archives/churn.npz' and initializing pipeline for target: CATBOOST...
Execution Mode: EMBED-ONLY
Session Output Target: outputs/1/
Task Type: BINARY
TabPFN Baselines Loaded - Primary: 0.9142 | Secondary: 0.9740
PCA reduced text embeddings to 19 components.
Final training matrix shape assembled for EMBED-ONLY: (4000, 19)

Running 50-Trial Optuna Study for CATBOOST (EMBED-ONLY)...
A new study created in RDB with name: 20260618_221141_catboost_embed-only_churn
Trial 0 finished with value: 0.9343783667070105 and parameters: {'learning_rate': 0.015355286838886862, 'bootstrap_type': 'Bernoulli', 'subsample': 0.9852142919229748, 'grow_policy': 'SymmetricTree', 'depth': 4, 'colsample_bylevel': 0.8733991780504303, 'l2_leaf_reg': 0.00018747059221802545, 'leaf_estimation_iterations': 12, 'one_hot_max_size': 36, 'model_size_reg': 0.6803900745073703, 'max_ctr_complexity': 2, 'boosting_type': 'Plain', 'max_bin': 254}. Best is trial 0 with value: 0.9343783667070105.
Trial 1 finished with value: 0.9319339198234511 and parameters: {'learning_rate': 0.09138013915892866, 'bootstrap_type': 'Bernoulli', 'subsample': 0.9497327922401265, 'grow_policy': 'SymmetricTree', 'depth': 4, 'colsample_bylevel': 0.8956363364439306, 'l2_leaf_reg': 0.02922905212920092, 'leaf_estimation_iterations': 2, 'one_hot_max_size': 16, 'model_size_reg': 0.5243180891902851, 'max_ctr_complexity': 2, 'boosting_type': 'Plain', 'max_bin': 254}. Best is trial 0 with value: 0.9343783667070105.
Trial 2 finished with value: 0.936364132961487 and parameters: {'learning_rate': 0.011996621453406362, 'bootstrap_type': 'Bernoulli', 'subsample': 0.8099085529881075, 'grow_policy': 'Depthwise', 'depth': 4, 'colsample_bylevel': 0.9271351657620417, 'l2_leaf_reg': 0.06077686426194464, 'leaf_estimation_iterations': 1, 'one_hot_max_size': 36, 'model_size_reg': 0.15869086642715013, 'max_ctr_complexity': 2, 'boosting_type': 'Plain', 'max_bin': 254}. Best is trial 2 with value: 0.936364132961487.
Trial 3 finished with value: 0.9369937462616091 and parameters: {'learning_rate': 0.08580222514877409, 'bootstrap_type': 'Bernoulli', 'subsample': 0.9896896099223678, 'grow_policy': 'SymmetricTree', 'depth': 4, 'colsample_bylevel': 0.9526349539768235, 'l2_leaf_reg': 0.011702088154220882, 'leaf_estimation_iterations': 1, 'one_hot_max_size': 27, 'model_size_reg': 0.10975998502129433, 'max_ctr_complexity': 5, 'boosting_type': 'Plain', 'max_bin': 254}. Best is trial 3 with value: 0.9369937462616091.
Trial 4 finished with value: 0.9387952569541029 and parameters: {'learning_rate': 0.010855517271883068, 'bootstrap_type': 'Bernoulli', 'subsample': 0.8987566853061946, 'grow_policy': 'Depthwise', 'depth': 6, 'colsample_bylevel': 0.877728168328829, 'l2_leaf_reg': 3.597899951374983, 'leaf_estimation_iterations': 9, 'one_hot_max_size': 86, 'model_size_reg': 1.128232550122133, 'max_ctr_complexity': 4, 'boosting_type': 'Plain', 'max_bin': 254}. Best is trial 4 with value: 0.9387952569541029.
Trial 5 finished with value: 0.9304115153615934 and parameters: {'learning_rate': 0.07913270952323785, 'bootstrap_type': 'Bernoulli', 'subsample': 0.7265477506155759, 'grow_policy': 'SymmetricTree', 'depth': 5, 'colsample_bylevel': 0.9083015934534223, 'l2_leaf_reg': 0.001883913511943895, 'leaf_estimation_iterations': 11, 'one_hot_max_size': 19, 'model_size_reg': 0.21399549030176218, 'max_ctr_complexity': 4, 'boosting_type': 'Plain', 'max_bin': 254}. Best is trial 4 with value: 0.9387952569541029.
Trial 6 finished with value: 0.9351691776975655 and parameters: {'learning_rate': 0.007626348515257587, 'bootstrap_type': 'Bernoulli', 'subsample': 0.9406590942262119, 'grow_policy': 'Depthwise', 'depth': 7, 'colsample_bylevel': 0.8798073522301258, 'l2_leaf_reg': 0.00010615690854925657, 'leaf_estimation_iterations': 10, 'one_hot_max_size': 47, 'model_size_reg': 0.7200770311577639, 'max_ctr_complexity': 5, 'boosting_type': 'Plain', 'max_bin': 254}. Best is trial 4 with value: 0.9387952569541029.
Trial 7 finished with value: 0.9351496042288023 and parameters: {'learning_rate': 0.006241720498669827, 'bootstrap_type': 'Bernoulli', 'subsample': 0.8075397185632818, 'grow_policy': 'Depthwise', 'depth': 7, 'colsample_bylevel': 0.8996347037278973, 'l2_leaf_reg': 0.00019891099118865958, 'leaf_estimation_iterations': 2, 'one_hot_max_size': 17, 'model_size_reg': 0.7212460519889856, 'max_ctr_complexity': 4, 'boosting_type': 'Plain', 'max_bin': 254}. Best is trial 4 with value: 0.9387952569541029.
Trial 8 finished with value: 0.945057770887588 and parameters: {'learning_rate': 0.07132805718188966, 'bootstrap_type': 'Bernoulli', 'subsample': 0.8416644775485848, 'grow_policy': 'Depthwise', 'depth': 7, 'colsample_bylevel': 0.9341915796354244, 'l2_leaf_reg': 0.4195190175255899, 'leaf_estimation_iterations': 3, 'one_hot_max_size': 29, 'model_size_reg': 0.318293122389662, 'max_ctr_complexity': 2, 'boosting_type': 'Plain', 'max_bin': 254}. Best is trial 8 with value: 0.945057770887588.
Trial 9 finished with value: 0.9342448405180939 and parameters: {'learning_rate': 0.006907803691475429, 'bootstrap_type': 'Bernoulli', 'subsample': 0.7094287557060203, 'grow_policy': 'SymmetricTree', 'depth': 6, 'colsample_bylevel': 0.986134971088914, 'l2_leaf_reg': 0.0014839412491251364, 'leaf_estimation_iterations': 2, 'one_hot_max_size': 53, 'model_size_reg': 0.18581788925405318, 'max_ctr_complexity': 2, 'boosting_type': 'Plain', 'max_bin': 254}. Best is trial 8 with value: 0.945057770887588.
Trial 10 finished with value: 0.9460339528970453 and parameters: {'learning_rate': 0.03414773973543375, 'bootstrap_type': 'Bernoulli', 'subsample': 0.8453711628146048, 'grow_policy': 'Depthwise', 'depth': 8, 'colsample_bylevel': 0.9952774372665997, 'l2_leaf_reg': 1.841152012664479, 'leaf_estimation_iterations': 5, 'one_hot_max_size': 8, 'model_size_reg': 0.332664439917203, 'max_ctr_complexity': 3, 'boosting_type': 'Plain', 'max_bin': 254}. Best is trial 10 with value: 0.9460339528970453.
Trial 11 finished with value: 0.943600217760119 and parameters: {'learning_rate': 0.03760658130803768, 'bootstrap_type': 'Bernoulli', 'subsample': 0.8453077674396613, 'grow_policy': 'Depthwise', 'depth': 8, 'colsample_bylevel': 0.997909355529375, 'l2_leaf_reg': 1.5987032054039245, 'leaf_estimation_iterations': 5, 'one_hot_max_size': 8, 'model_size_reg': 0.374430108697868, 'max_ctr_complexity': 3, 'boosting_type': 'Plain', 'max_bin': 254}. Best is trial 10 with value: 0.9460339528970453.
Trial 12 finished with value: 0.9421541627994721 and parameters: {'learning_rate': 0.03735240176999084, 'bootstrap_type': 'Bernoulli', 'subsample': 0.8638820218778533, 'grow_policy': 'Depthwise', 'depth': 8, 'colsample_bylevel': 0.9654471858663155, 'l2_leaf_reg': 0.40930841194072975, 'leaf_estimation_iterations': 4, 'one_hot_max_size': 8, 'model_size_reg': 0.3231927036221002, 'max_ctr_complexity': 3, 'boosting_type': 'Plain', 'max_bin': 254}. Best is trial 10 with value: 0.9460339528970453.
Trial 13 finished with value: 0.9466217023676429 and parameters: {'learning_rate': 0.04282299718217555, 'bootstrap_type': 'Bernoulli', 'subsample': 0.7827478100940736, 'grow_policy': 'Depthwise', 'depth': 7, 'colsample_bylevel': 0.9479212838682516, 'l2_leaf_reg': 0.3902768253076429, 'leaf_estimation_iterations': 4, 'one_hot_max_size': 12, 'model_size_reg': 0.34953375939314013, 'max_ctr_complexity': 3, 'boosting_type': 'Plain', 'max_bin': 254}. Best is trial 13 with value: 0.9466217023676429.
Trial 14 finished with value: 0.9384598976314547 and parameters: {'learning_rate': 0.028470416094503844, 'bootstrap_type': 'Bernoulli', 'subsample': 0.7693660304774572, 'grow_policy': 'Depthwise', 'depth': 8, 'colsample_bylevel': 0.9730708379780038, 'l2_leaf_reg': 0.3654853999924955, 'leaf_estimation_iterations': 20, 'one_hot_max_size': 11, 'model_size_reg': 0.4025782114295434, 'max_ctr_complexity': 3, 'boosting_type': 'Plain', 'max_bin': 254}. Best is trial 13 with value: 0.9466217023676429.
Trial 15 finished with value: 0.9442997394401349 and parameters: {'learning_rate': 0.023957345698269062, 'bootstrap_type': 'Bernoulli', 'subsample': 0.760156916506185, 'grow_policy': 'Depthwise', 'depth': 7, 'colsample_bylevel': 0.8507110179479633, 'l2_leaf_reg': 0.11653427728183649, 'leaf_estimation_iterations': 6, 'one_hot_max_size': 12, 'model_size_reg': 0.24307521002992272, 'max_ctr_complexity': 3, 'boosting_type': 'Plain', 'max_bin': 254}. Best is trial 13 with value: 0.9466217023676429.
Trial 16 finished with value: 0.9493288624159664 and parameters: {'learning_rate': 0.056144694097570856, 'bootstrap_type': 'Bernoulli', 'subsample': 0.7890504229990738, 'grow_policy': 'Depthwise', 'depth': 6, 'colsample_bylevel': 0.9430109094870494, 'l2_leaf_reg': 2.2755706208086077, 'leaf_estimation_iterations': 3, 'one_hot_max_size': 11, 'model_size_reg': 1.4368349712111195, 'max_ctr_complexity': 3, 'boosting_type': 'Plain', 'max_bin': 254}. Best is trial 16 with value: 0.9493288624159664.
Trial 17 finished with value: 0.9454100734935164 and parameters: {'learning_rate': 0.0583004863607126, 'bootstrap_type': 'Bernoulli', 'subsample': 0.7695328967123917, 'grow_policy': 'Depthwise', 'depth': 6, 'colsample_bylevel': 0.9427987287351751, 'l2_leaf_reg': 1.154738257789752, 'leaf_estimation_iterations': 3, 'one_hot_max_size': 12, 'model_size_reg': 1.3912286893871582, 'max_ctr_complexity': 4, 'boosting_type': 'Plain', 'max_bin': 254}. Best is trial 16 with value: 0.9493288624159664.
Trial 18 finished with value: 0.9431447363115548 and parameters: {'learning_rate': 0.049623499845244924, 'bootstrap_type': 'Bernoulli', 'subsample': 0.8030392633039829, 'grow_policy': 'Depthwise', 'depth': 5, 'colsample_bylevel': 0.9192238778537334, 'l2_leaf_reg': 4.305021533565314, 'leaf_estimation_iterations': 1, 'one_hot_max_size': 22, 'model_size_reg': 1.0738980337054629, 'max_ctr_complexity': 3, 'boosting_type': 'Plain', 'max_bin': 254}. Best is trial 16 with value: 0.9493288624159664.
Trial 19 finished with value: 0.9408802721904109 and parameters: {'learning_rate': 0.020504577404029625, 'bootstrap_type': 'Bernoulli', 'subsample': 0.7424177684812584, 'grow_policy': 'Depthwise', 'depth': 5, 'colsample_bylevel': 0.9534785626543654, 'l2_leaf_reg': 0.16551802564393897, 'leaf_estimation_iterations': 3, 'one_hot_max_size': 13, 'model_size_reg': 0.1193381875719805, 'max_ctr_complexity': 4, 'boosting_type': 'Plain', 'max_bin': 254}. Best is trial 16 with value: 0.9493288624159664.
Trial 20 finished with value: 0.9380288535840909 and parameters: {'learning_rate': 0.04823847840250765, 'bootstrap_type': 'Bernoulli', 'subsample': 0.7920205640102996, 'grow_policy': 'Depthwise', 'depth': 6, 'colsample_bylevel': 0.9643005911559316, 'l2_leaf_reg': 0.010177702338235114, 'leaf_estimation_iterations': 7, 'one_hot_max_size': 10, 'model_size_reg': 0.5133609957268597, 'max_ctr_complexity': 3, 'boosting_type': 'Plain', 'max_bin': 254}. Best is trial 16 with value: 0.9493288624159664.
Trial 21 finished with value: 0.9421644767239623 and parameters: {'learning_rate': 0.03528535264051835, 'bootstrap_type': 'Bernoulli', 'subsample': 0.875779964137733, 'grow_policy': 'Depthwise', 'depth': 8, 'colsample_bylevel': 0.9816551727398046, 'l2_leaf_reg': 1.2794500006413878, 'leaf_estimation_iterations': 4, 'one_hot_max_size': 9, 'model_size_reg': 0.2558729976978223, 'max_ctr_complexity': 3, 'boosting_type': 'Plain', 'max_bin': 254}. Best is trial 16 with value: 0.9493288624159664.
Trial 22 finished with value: 0.943559324569185 and parameters: {'learning_rate': 0.055350217502299584, 'bootstrap_type': 'Bernoulli', 'subsample': 0.8302890271478982, 'grow_policy': 'Depthwise', 'depth': 7, 'colsample_bylevel': 0.9475136637865587, 'l2_leaf_reg': 0.7679940700982356, 'leaf_estimation_iterations': 2, 'one_hot_max_size': 14, 'model_size_reg': 0.5026857909311386, 'max_ctr_complexity': 3, 'boosting_type': 'Plain', 'max_bin': 254}. Best is trial 16 with value: 0.9493288624159664.
Trial 23 finished with value: 0.9468420742899566 and parameters: {'learning_rate': 0.027816546258764098, 'bootstrap_type': 'Bernoulli', 'subsample': 0.899383935839458, 'grow_policy': 'Depthwise', 'depth': 8, 'colsample_bylevel': 0.9967181280409626, 'l2_leaf_reg': 4.970671505179755, 'leaf_estimation_iterations': 4, 'one_hot_max_size': 10, 'model_size_reg': 0.1495678050861254, 'max_ctr_complexity': 3, 'boosting_type': 'Plain', 'max_bin': 254}. Best is trial 16 with value: 0.9493288624159664.
Trial 24 finished with value: 0.9406363533876128 and parameters: {'learning_rate': 0.019744809469878263, 'bootstrap_type': 'Bernoulli', 'subsample': 0.8897819441295399, 'grow_policy': 'Depthwise', 'depth': 7, 'colsample_bylevel': 0.9345554657199372, 'l2_leaf_reg': 3.6257917677621347, 'leaf_estimation_iterations': 3, 'one_hot_max_size': 14, 'model_size_reg': 0.14344603189815522, 'max_ctr_complexity': 4, 'boosting_type': 'Plain', 'max_bin': 254}. Best is trial 16 with value: 0.9493288624159664.
Trial 25 finished with value: 0.9441700416469514 and parameters: {'learning_rate': 0.025368553519709385, 'bootstrap_type': 'Bernoulli', 'subsample': 0.9022384722135702, 'grow_policy': 'Depthwise', 'depth': 6, 'colsample_bylevel': 0.9183377506009279, 'l2_leaf_reg': 0.20975358069233413, 'leaf_estimation_iterations': 7, 'one_hot_max_size': 10, 'model_size_reg': 0.9349690191592708, 'max_ctr_complexity': 3, 'boosting_type': 'Plain', 'max_bin': 254}. Best is trial 16 with value: 0.9493288624159664.
Trial 26 finished with value: 0.9396587603548012 and parameters: {'learning_rate': 0.06347779455542496, 'bootstrap_type': 'Bernoulli', 'subsample': 0.9270191565572582, 'grow_policy': 'SymmetricTree', 'depth': 7, 'colsample_bylevel': 0.9682177879651359, 'l2_leaf_reg': 0.7349923103390852, 'leaf_estimation_iterations': 4, 'one_hot_max_size': 19, 'model_size_reg': 0.14541335938397154, 'max_ctr_complexity': 2, 'boosting_type': 'Plain', 'max_bin': 254}. Best is trial 16 with value: 0.9493288624159664.
Trial 27 finished with value: 0.9474669340832647 and parameters: {'learning_rate': 0.041266173259993946, 'bootstrap_type': 'Bernoulli', 'subsample': 0.7873778254374678, 'grow_policy': 'Depthwise', 'depth': 8, 'colsample_bylevel': 0.9784154666704263, 'l2_leaf_reg': 4.811457015853131, 'leaf_estimation_iterations': 2, 'one_hot_max_size': 10, 'model_size_reg': 0.10284204610666407, 'max_ctr_complexity': 3, 'boosting_type': 'Plain', 'max_bin': 254}. Best is trial 16 with value: 0.9493288624159664.
Trial 28 finished with value: 0.9369620224164528 and parameters: {'learning_rate': 0.02991466494418032, 'bootstrap_type': 'Bernoulli', 'subsample': 0.7442077361112244, 'grow_policy': 'Depthwise', 'depth': 8, 'colsample_bylevel': 0.9863646996473108, 'l2_leaf_reg': 4.816593635828486, 'leaf_estimation_iterations': 1, 'one_hot_max_size': 10, 'model_size_reg': 0.10757184315491825, 'max_ctr_complexity': 4, 'boosting_type': 'Plain', 'max_bin': 254}. Best is trial 16 with value: 0.9493288624159664.
Trial 29 finished with value: 0.9376743753430216 and parameters: {'learning_rate': 0.017115849701535964, 'bootstrap_type': 'Bernoulli', 'subsample': 0.9620005553862774, 'grow_policy': 'SymmetricTree', 'depth': 8, 'colsample_bylevel': 0.9773400539071996, 'l2_leaf_reg': 2.069747100162172, 'leaf_estimation_iterations': 2, 'one_hot_max_size': 15, 'model_size_reg': 0.1286857522517662, 'max_ctr_complexity': 2, 'boosting_type': 'Plain', 'max_bin': 254}. Best is trial 16 with value: 0.9493288624159664.
Trial 30 finished with value: 0.9326986720800312 and parameters: {'learning_rate': 0.013696554688785278, 'bootstrap_type': 'Bernoulli', 'subsample': 0.7068312589181407, 'grow_policy': 'Depthwise', 'depth': 5, 'colsample_bylevel': 0.9996518233614415, 'l2_leaf_reg': 1.9879571264187565, 'leaf_estimation_iterations': 1, 'one_hot_max_size': 24, 'model_size_reg': 0.10168260779673739, 'max_ctr_complexity': 3, 'boosting_type': 'Plain', 'max_bin': 254}. Best is trial 16 with value: 0.9493288624159664.
Trial 31 finished with value: 0.9448189364072681 and parameters: {'learning_rate': 0.05148943342990232, 'bootstrap_type': 'Bernoulli', 'subsample': 0.7848034379546188, 'grow_policy': 'Depthwise', 'depth': 8, 'colsample_bylevel': 0.9572886006238217, 'l2_leaf_reg': 0.6630081883787418, 'leaf_estimation_iterations': 3, 'one_hot_max_size': 11, 'model_size_reg': 0.160306152388581, 'max_ctr_complexity': 3, 'boosting_type': 'Plain', 'max_bin': 254}. Best is trial 16 with value: 0.9493288624159664.
Trial 32 finished with value: 0.9464927395373616 and parameters: {'learning_rate': 0.04315117102594524, 'bootstrap_type': 'Bernoulli', 'subsample': 0.8226875819633886, 'grow_policy': 'Depthwise', 'depth': 7, 'colsample_bylevel': 0.9901673269423756, 'l2_leaf_reg': 2.1870472435033754, 'leaf_estimation_iterations': 2, 'one_hot_max_size': 9, 'model_size_reg': 0.6010881049493495, 'max_ctr_complexity': 3, 'boosting_type': 'Plain', 'max_bin': 254}. Best is trial 16 with value: 0.9493288624159664.
Trial 33 finished with value: 0.9416708052062026 and parameters: {'learning_rate': 0.043220084050579255, 'bootstrap_type': 'Bernoulli', 'subsample': 0.7836356076865858, 'grow_policy': 'Depthwise', 'depth': 8, 'colsample_bylevel': 0.9400332798422427, 'l2_leaf_reg': 0.0790773776201078, 'leaf_estimation_iterations': 15, 'one_hot_max_size': 17, 'model_size_reg': 0.18101509011912786, 'max_ctr_complexity': 2, 'boosting_type': 'Plain', 'max_bin': 254}. Best is trial 16 with value: 0.9493288624159664.
Trial 34 finished with value: 0.9385212718764484 and parameters: {'learning_rate': 0.0645102235431872, 'bootstrap_type': 'Bernoulli', 'subsample': 0.9715658304409185, 'grow_policy': 'SymmetricTree', 'depth': 7, 'colsample_bylevel': 0.9584894641053017, 'l2_leaf_reg': 4.92211564184179, 'leaf_estimation_iterations': 2, 'one_hot_max_size': 12, 'model_size_reg': 1.461313505515724, 'max_ctr_complexity': 3, 'boosting_type': 'Plain', 'max_bin': 254}. Best is trial 16 with value: 0.9493288624159664.
Trial 35 finished with value: 0.9409979794476317 and parameters: {'learning_rate': 0.09470907431692281, 'bootstrap_type': 'Bernoulli', 'subsample': 0.7491048854824389, 'grow_policy': 'Depthwise', 'depth': 6, 'colsample_bylevel': 0.9739597531831395, 'l2_leaf_reg': 0.04268528757625548, 'leaf_estimation_iterations': 5, 'one_hot_max_size': 9, 'model_size_reg': 0.1259611479639514, 'max_ctr_complexity': 2, 'boosting_type': 'Plain', 'max_bin': 254}. Best is trial 16 with value: 0.9493288624159664.
Trial 36 finished with value: 0.9432519698697416 and parameters: {'learning_rate': 0.030176338612828618, 'bootstrap_type': 'Bernoulli', 'subsample': 0.9152398202256283, 'grow_policy': 'Depthwise', 'depth': 8, 'colsample_bylevel': 0.9265369526011046, 'l2_leaf_reg': 0.22752524878285124, 'leaf_estimation_iterations': 4, 'one_hot_max_size': 13, 'model_size_reg': 0.8272821763771945, 'max_ctr_complexity': 3, 'boosting_type': 'Plain', 'max_bin': 254}. Best is trial 16 with value: 0.9493288624159664.
Trial 37 finished with value: 0.9366975741989704 and parameters: {'learning_rate': 0.07471691857652146, 'bootstrap_type': 'Bernoulli', 'subsample': 0.7293989762321724, 'grow_policy': 'SymmetricTree', 'depth': 6, 'colsample_bylevel': 0.9456609335483261, 'l2_leaf_reg': 0.8665266387335148, 'leaf_estimation_iterations': 1, 'one_hot_max_size': 16, 'model_size_reg': 0.25696773580389587, 'max_ctr_complexity': 4, 'boosting_type': 'Plain', 'max_bin': 254}. Best is trial 16 with value: 0.9493288624159664.
Trial 38 finished with value: 0.9394024441015729 and parameters: {'learning_rate': 0.04443882559710475, 'bootstrap_type': 'Bernoulli', 'subsample': 0.8244408105178416, 'grow_policy': 'Depthwise', 'depth': 4, 'colsample_bylevel': 0.9801773182864272, 'l2_leaf_reg': 2.7096428003684787, 'leaf_estimation_iterations': 8, 'one_hot_max_size': 93, 'model_size_reg': 0.20710542524902742, 'max_ctr_complexity': 5, 'boosting_type': 'Plain', 'max_bin': 254}. Best is trial 16 with value: 0.9493288624159664.
Trial 39 finished with value: 0.9418232158896942 and parameters: {'learning_rate': 0.020958863755192386, 'bootstrap_type': 'Bernoulli', 'subsample': 0.862165928344043, 'grow_policy': 'Depthwise', 'depth': 7, 'colsample_bylevel': 0.888979918962306, 'l2_leaf_reg': 0.01445661856285726, 'leaf_estimation_iterations': 3, 'one_hot_max_size': 20, 'model_size_reg': 1.2237875727991823, 'max_ctr_complexity': 3, 'boosting_type': 'Plain', 'max_bin': 254}. Best is trial 16 with value: 0.9493288624159664.
Trial 40 finished with value: 0.9401375294867134 and parameters: {'learning_rate': 0.02445591428165708, 'bootstrap_type': 'Bernoulli', 'subsample': 0.9913748321612037, 'grow_policy': 'Depthwise', 'depth': 7, 'colsample_bylevel': 0.9917179012913022, 'l2_leaf_reg': 0.4698163533538605, 'leaf_estimation_iterations': 1, 'one_hot_max_size': 73, 'model_size_reg': 0.4184928297533863, 'max_ctr_complexity': 4, 'boosting_type': 'Plain', 'max_bin': 254}. Best is trial 16 with value: 0.9493288624159664.
Trial 41 finished with value: 0.9474404119701688 and parameters: {'learning_rate': 0.04279347361489765, 'bootstrap_type': 'Bernoulli', 'subsample': 0.8178005269300167, 'grow_policy': 'Depthwise', 'depth': 7, 'colsample_bylevel': 0.9884587953903258, 'l2_leaf_reg': 2.723791596232315, 'leaf_estimation_iterations': 2, 'one_hot_max_size': 9, 'model_size_reg': 0.6042226657367867, 'max_ctr_complexity': 3, 'boosting_type': 'Plain', 'max_bin': 254}. Best is trial 16 with value: 0.9493288624159664.
Trial 42 finished with value: 0.9478137594860527 and parameters: {'learning_rate': 0.03994521552203332, 'bootstrap_type': 'Bernoulli', 'subsample': 0.8002559440562835, 'grow_policy': 'Depthwise', 'depth': 6, 'colsample_bylevel': 0.9619706446671668, 'l2_leaf_reg': 3.039721384806251, 'leaf_estimation_iterations': 2, 'one_hot_max_size': 10, 'model_size_reg': 0.8957745519611988, 'max_ctr_complexity': 3, 'boosting_type': 'Plain', 'max_bin': 254}. Best is trial 16 with value: 0.9493288624159664.
Trial 43 finished with value: 0.9316600477409895 and parameters: {'learning_rate': 0.0051595623366688746, 'bootstrap_type': 'Bernoulli', 'subsample': 0.8069301816505121, 'grow_policy': 'Depthwise', 'depth': 6, 'colsample_bylevel': 0.983517053510377, 'l2_leaf_reg': 2.8122873769351826, 'leaf_estimation_iterations': 2, 'one_hot_max_size': 9, 'model_size_reg': 0.9138066327670755, 'max_ctr_complexity': 3, 'boosting_type': 'Plain', 'max_bin': 254}. Best is trial 16 with value: 0.9493288624159664.
Trial 44 finished with value: 0.9439987545070266 and parameters: {'learning_rate': 0.03516454784963942, 'bootstrap_type': 'Bernoulli', 'subsample': 0.7987827748429487, 'grow_policy': 'Depthwise', 'depth': 6, 'colsample_bylevel': 0.9685491541271767, 'l2_leaf_reg': 1.0841405000273197, 'leaf_estimation_iterations': 2, 'one_hot_max_size': 8, 'model_size_reg': 1.2156590711511182, 'max_ctr_complexity': 2, 'boosting_type': 'Plain', 'max_bin': 254}. Best is trial 16 with value: 0.9493288624159664.
Trial 45 finished with value: 0.9394580586883869 and parameters: {'learning_rate': 0.032154601216571495, 'bootstrap_type': 'Bernoulli', 'subsample': 0.8127982183386122, 'grow_policy': 'Depthwise', 'depth': 5, 'colsample_bylevel': 0.9593367704253735, 'l2_leaf_reg': 2.909470784176707, 'leaf_estimation_iterations': 1, 'one_hot_max_size': 10, 'model_size_reg': 0.6600260878210656, 'max_ctr_complexity': 3, 'boosting_type': 'Plain', 'max_bin': 254}. Best is trial 16 with value: 0.9493288624159664.
Trial 46 finished with value: 0.9426315128040015 and parameters: {'learning_rate': 0.03805459271389509, 'bootstrap_type': 'Bernoulli', 'subsample': 0.7685162254761134, 'grow_policy': 'SymmetricTree', 'depth': 6, 'colsample_bylevel': 0.9747503675110137, 'l2_leaf_reg': 1.5429081248512433, 'leaf_estimation_iterations': 2, 'one_hot_max_size': 8, 'model_size_reg': 1.05375560049886, 'max_ctr_complexity': 3, 'boosting_type': 'Plain', 'max_bin': 254}. Best is trial 16 with value: 0.9493288624159664.
Trial 47 finished with value: 0.9457435930699412 and parameters: {'learning_rate': 0.08287549609050145, 'bootstrap_type': 'Bernoulli', 'subsample': 0.8587163459642172, 'grow_policy': 'Depthwise', 'depth': 8, 'colsample_bylevel': 0.9918251922523939, 'l2_leaf_reg': 3.0422925399949046, 'leaf_estimation_iterations': 2, 'one_hot_max_size': 11, 'model_size_reg': 0.8022918108738591, 'max_ctr_complexity': 3, 'boosting_type': 'Plain', 'max_bin': 254}. Best is trial 16 with value: 0.9493288624159664.
Trial 48 finished with value: 0.9425784627798061 and parameters: {'learning_rate': 0.02707772396467586, 'bootstrap_type': 'Bernoulli', 'subsample': 0.7257580458631371, 'grow_policy': 'Depthwise', 'depth': 8, 'colsample_bylevel': 0.9868757875334134, 'l2_leaf_reg': 1.3794174945253033, 'leaf_estimation_iterations': 3, 'one_hot_max_size': 9, 'model_size_reg': 1.3215571116837554, 'max_ctr_complexity': 2, 'boosting_type': 'Plain', 'max_bin': 254}. Best is trial 16 with value: 0.9493288624159664.
Trial 49 finished with value: 0.9371384762368681 and parameters: {'learning_rate': 0.009820977265318111, 'bootstrap_type': 'Bernoulli', 'subsample': 0.8415561000285595, 'grow_policy': 'Depthwise', 'depth': 6, 'colsample_bylevel': 0.9959856446986407, 'l2_leaf_reg': 0.5820735824908185, 'leaf_estimation_iterations': 2, 'one_hot_max_size': 39, 'model_size_reg': 0.6085382787589196, 'max_ctr_complexity': 3, 'boosting_type': 'Plain', 'max_bin': 254}. Best is trial 16 with value: 0.9493288624159664.
Optuna Search Completed in: 557.16 seconds

Training final model on optimized parameter setup...

[CATBOOST FINALIZED METRICS]
Optimal Trees:         636
ROC_AUC:             0.9285 (Delta to TabPFN: +0.0143)
Accuracy:            0.9720 (Delta to TabPFN: -0.0020)
Final Train Time:      3.62 seconds

--- CATBOOST Feature Importance (Raw vs. Scaled Share) ---
Feature | Raw gain | Share
pca_embed_0 | 25.67 | 25.67%
pca_embed_5 | 17.49 | 17.49%
pca_embed_1 | 10.29 | 10.29%
pca_embed_16 | 5.73 | 5.73%
pca_embed_2 | 4.77 | 4.77%
pca_embed_3 | 4.70 | 4.70%
pca_embed_4 | 4.05 | 4.05%
pca_embed_12 | 2.95 | 2.95%
pca_embed_10 | 2.86 | 2.86%
pca_embed_9 | 2.73 | 2.73%
pca_embed_7 | 2.42 | 2.42%
pca_embed_15 | 2.37 | 2.37%
pca_embed_8 | 2.26 | 2.26%
pca_embed_11 | 2.12 | 2.12%
pca_embed_6 | 2.09 | 2.09%
pca_embed_18 | 1.98 | 1.98%
pca_embed_14 | 1.97 | 1.97%
pca_embed_17 | 1.96 | 1.96%
pca_embed_13 | 1.56 | 1.56%

=====================================================================
METRIC TYPE                                  | VALUE / PROFILE
=====================================================================
Macro Embedding Share                        | 100.00%
Macro Raw Feature Share                      | 0.00%
---------------------------------------------------------------------
Active Text Embedding Density            | 100.00% (19/19)
Active Raw Tabular Feature Density       | 0.00% (0/0)
---------------------------------------------------------------------
Top-5 Concentration Ratio (CR5)          | 63.96% of total decision weight
Top-10 Concentration Ratio (CR10)        | 81.26% of total decision weight
=====================================================================

Total Pipeline Execution Time: 563.54 seconds

[SUCCESS] Permanent artifacts safely written to 'outputs/1/results/'
