Loading archive 'archives/mic.npz' and initializing pipeline for target: LIGHTGBM...
Execution Mode: EMBED-ONLY
Session Output Target: outputs/1/
Task Type: MULTICLASS
TabPFN Baselines Loaded - Primary: 0.4541 | Secondary: 0.8912
PCA reduced text embeddings to 20 components.
Final training matrix shape assembled for EMBED-ONLY: (1359, 20)

Running 50-Trial Optuna Study for LIGHTGBM (EMBED-ONLY)...
A new study created in RDB with name: 20260618_223005_lightgbm_embed-only_mic
Trial 0 finished with value: 0.48915968442769386 and parameters: {'learning_rate': 0.015355286838886862, 'feature_fraction': 0.9704285838459497, 'bagging_fraction': 0.9195981825434215, 'bagging_freq': 1, 'num_leaves': 28, 'min_data_in_leaf': 1, 'extra_trees': False, 'min_data_per_group': 57, 'cat_l2': 0.18327672955935934, 'cat_smooth': 3.4702669886504163, 'max_cat_to_onehot': 8, 'lambda_l1': 0.9699128611767781, 'lambda_l2': 1.6649020373367633}. Best is trial 0 with value: 0.48915968442769386.
Trial 1 finished with value: 0.47600632103781926 and parameters: {'learning_rate': 0.009445600138094694, 'feature_fraction': 0.5090949803242604, 'bagging_fraction': 0.7550213529560301, 'bagging_freq': 1, 'num_leaves': 7, 'min_data_in_leaf': 6, 'extra_trees': False, 'min_data_per_group': 20, 'cat_l2': 0.01153297626310632, 'cat_smooth': 0.028888383623653185, 'max_cat_to_onehot': 19, 'lambda_l1': 0.4561243772186142, 'lambda_l2': 1.5703734051898879}. Best is trial 1 with value: 0.47600632103781926.
Trial 2 finished with value: 0.46584454473276093 and parameters: {'learning_rate': 0.009093929525644107, 'feature_fraction': 0.708540663048167, 'bagging_fraction': 0.8777243706586128, 'bagging_freq': 1, 'num_leaves': 2, 'min_data_in_leaf': 10, 'extra_trees': False, 'min_data_per_group': 81, 'cat_l2': 1.6278053965878447, 'cat_smooth': 11.015056790269638, 'max_cat_to_onehot': 17, 'lambda_l1': 0.09776234679498323, 'lambda_l2': 1.3684976297216627}. Best is trial 2 with value: 0.46584454473276093.
Trial 3 finished with value: 0.46460006268460763 and parameters: {'learning_rate': 0.01869052934095898, 'feature_fraction': 0.47322294090686734, 'bagging_fraction': 0.848553073033381, 'bagging_freq': 1, 'num_leaves': 2, 'min_data_in_leaf': 42, 'extra_trees': True, 'min_data_per_group': 6, 'cat_l2': 0.11277639166461569, 'cat_smooth': 0.5414413211338525, 'max_cat_to_onehot': 12, 'lambda_l1': 0.9695876693017821, 'lambda_l2': 1.550288133439893}. Best is trial 3 with value: 0.46460006268460763.
Trial 4 finished with value: 0.5105894526244986 and parameters: {'learning_rate': 0.08342309693146736, 'feature_fraction': 0.9368964102565893, 'bagging_fraction': 0.8793699936433255, 'bagging_freq': 1, 'num_leaves': 137, 'min_data_in_leaf': 1, 'extra_trees': False, 'min_data_per_group': 6, 'cat_l2': 0.0513253156994884, 'cat_smooth': 0.022737628102536857, 'max_cat_to_onehot': 64, 'lambda_l1': 0.3568176513609199, 'lambda_l2': 0.5619409259237927}. Best is trial 3 with value: 0.46460006268460763.
Trial 5 finished with value: 0.46862130640450905 and parameters: {'learning_rate': 0.025411709798607296, 'feature_fraction': 0.4845545349848576, 'bagging_fraction': 0.9406590942262119, 'bagging_freq': 1, 'num_leaves': 2, 'min_data_in_leaf': 61, 'extra_trees': False, 'min_data_per_group': 2, 'cat_l2': 0.6619871537619337, 'cat_smooth': 3.4220529032706923, 'max_cat_to_onehot': 50, 'lambda_l1': 0.7712932196512772, 'lambda_l2': 0.1481818990030073}. Best is trial 3 with value: 0.46460006268460763.
Trial 6 finished with value: 0.469400272757351 and parameters: {'learning_rate': 0.014633380642745364, 'feature_fraction': 0.4695214357150779, 'bagging_fraction': 0.958931027762678, 'bagging_freq': 1, 'num_leaves': 32, 'min_data_in_leaf': 2, 'extra_trees': True, 'min_data_per_group': 6, 'cat_l2': 0.3957756313952873, 'cat_smooth': 1.5409457762881555, 'max_cat_to_onehot': 75, 'lambda_l1': 0.4722677036694331, 'lambda_l2': 0.23927653245200955}. Best is trial 3 with value: 0.46460006268460763.
Trial 7 finished with value: 0.48816211855981384 and parameters: {'learning_rate': 0.042356773126632795, 'feature_fraction': 0.8564710291701385, 'bagging_fraction': 0.8683831592708489, 'bagging_freq': 1, 'num_leaves': 65, 'min_data_in_leaf': 6, 'extra_trees': False, 'min_data_per_group': 2, 'cat_l2': 0.009543550367992308, 'cat_smooth': 0.0014359718569878096, 'max_cat_to_onehot': 39, 'lambda_l1': 0.314424545478219, 'lambda_l2': 1.017190525260289}. Best is trial 3 with value: 0.46460006268460763.
Trial 8 finished with value: 0.4602304130195541 and parameters: {'learning_rate': 0.07581256838789621, 'feature_fraction': 0.549575337489325, 'bagging_fraction': 0.8231148769106889, 'bagging_freq': 1, 'num_leaves': 61, 'min_data_in_leaf': 2, 'extra_trees': True, 'min_data_per_group': 3, 'cat_l2': 1.3124992669799407, 'cat_smooth': 10.979988817809668, 'max_cat_to_onehot': 39, 'lambda_l1': 0.871473444128699, 'lambda_l2': 1.607363786590539}. Best is trial 8 with value: 0.4602304130195541.
Trial 9 finished with value: 0.47230877114117653 and parameters: {'learning_rate': 0.008743861043586432, 'feature_fraction': 0.9355353990939866, 'bagging_fraction': 0.8618026725746952, 'bagging_freq': 1, 'num_leaves': 78, 'min_data_in_leaf': 39, 'extra_trees': False, 'min_data_per_group': 4, 'cat_l2': 0.06461451563516586, 'cat_smooth': 12.304779330083704, 'max_cat_to_onehot': 70, 'lambda_l1': 0.007051435318137585, 'lambda_l2': 1.0215435304248737}. Best is trial 8 with value: 0.4602304130195541.
Trial 10 finished with value: 0.4676251050813026 and parameters: {'learning_rate': 0.09141317099962805, 'feature_fraction': 0.666846038484066, 'bagging_fraction': 0.7022641957948879, 'bagging_freq': 1, 'num_leaves': 8, 'min_data_in_leaf': 16, 'extra_trees': True, 'min_data_per_group': 22, 'cat_l2': 0.028256576253704414, 'cat_smooth': 59.56241765548436, 'max_cat_to_onehot': 31, 'lambda_l1': 0.6782859743712771, 'lambda_l2': 1.891624858975429}. Best is trial 8 with value: 0.4602304130195541.
Trial 11 finished with value: 0.4673871710000667 and parameters: {'learning_rate': 0.04637190531536661, 'feature_fraction': 0.6027062070779464, 'bagging_fraction': 0.802754798121327, 'bagging_freq': 1, 'num_leaves': 7, 'min_data_in_leaf': 22, 'extra_trees': True, 'min_data_per_group': 12, 'cat_l2': 0.1726121733339785, 'cat_smooth': 0.3375590150673847, 'max_cat_to_onehot': 8, 'lambda_l1': 0.995622672553587, 'lambda_l2': 1.3053971323299396}. Best is trial 8 with value: 0.4602304130195541.
Trial 12 finished with value: 0.46537760282795926 and parameters: {'learning_rate': 0.043802936435658565, 'feature_fraction': 0.4201515309606833, 'bagging_fraction': 0.8086710833746531, 'bagging_freq': 1, 'num_leaves': 17, 'min_data_in_leaf': 3, 'extra_trees': True, 'min_data_per_group': 3, 'cat_l2': 1.714881467267593, 'cat_smooth': 0.28745868871390107, 'max_cat_to_onehot': 14, 'lambda_l1': 0.7989057551132163, 'lambda_l2': 1.9956018741225776}. Best is trial 8 with value: 0.4602304130195541.
Trial 13 finished with value: 0.46370845619950823 and parameters: {'learning_rate': 0.005200749658613804, 'feature_fraction': 0.5820677805331348, 'bagging_fraction': 0.8085090852738065, 'bagging_freq': 1, 'num_leaves': 197, 'min_data_in_leaf': 3, 'extra_trees': True, 'min_data_per_group': 9, 'cat_l2': 0.5513684307277501, 'cat_smooth': 0.29663605169731416, 'max_cat_to_onehot': 23, 'lambda_l1': 0.8483480492373402, 'lambda_l2': 1.0981787063388437}. Best is trial 8 with value: 0.4602304130195541.
Trial 14 finished with value: 0.46462922249658395 and parameters: {'learning_rate': 0.005167342748846679, 'feature_fraction': 0.5795854889291918, 'bagging_fraction': 0.7910883564743754, 'bagging_freq': 1, 'num_leaves': 184, 'min_data_in_leaf': 2, 'extra_trees': True, 'min_data_per_group': 11, 'cat_l2': 0.6056057828343376, 'cat_smooth': 72.23930234259974, 'max_cat_to_onehot': 26, 'lambda_l1': 0.6606331859038754, 'lambda_l2': 0.9014014417861692}. Best is trial 8 with value: 0.4602304130195541.
Trial 15 finished with value: 0.4610777458480214 and parameters: {'learning_rate': 0.005018393957497922, 'feature_fraction': 0.7545774302615017, 'bagging_fraction': 0.7329442311229528, 'bagging_freq': 1, 'num_leaves': 84, 'min_data_in_leaf': 4, 'extra_trees': True, 'min_data_per_group': 12, 'cat_l2': 0.9800550279479807, 'cat_smooth': 0.043396323520594554, 'max_cat_to_onehot': 28, 'lambda_l1': 0.8392957056118872, 'lambda_l2': 1.2013272001448596}. Best is trial 8 with value: 0.4602304130195541.
Trial 16 finished with value: 0.4636584389978412 and parameters: {'learning_rate': 0.027556878263997282, 'feature_fraction': 0.794660154628027, 'bagging_fraction': 0.7189188256437583, 'bagging_freq': 1, 'num_leaves': 66, 'min_data_in_leaf': 1, 'extra_trees': True, 'min_data_per_group': 32, 'cat_l2': 1.1929731585235226, 'cat_smooth': 0.001613665469169684, 'max_cat_to_onehot': 40, 'lambda_l1': 0.6204452022411815, 'lambda_l2': 0.6504031774115074}. Best is trial 8 with value: 0.4602304130195541.
Trial 17 finished with value: 0.46329502661062005 and parameters: {'learning_rate': 0.06230124649766258, 'feature_fraction': 0.7582074332198886, 'bagging_fraction': 0.9942700646710214, 'bagging_freq': 1, 'num_leaves': 33, 'min_data_in_leaf': 5, 'extra_trees': True, 'min_data_per_group': 42, 'cat_l2': 0.27829090967156045, 'cat_smooth': 0.02082016377772802, 'max_cat_to_onehot': 33, 'lambda_l1': 0.8545427567208629, 'lambda_l2': 1.2797211597048634}. Best is trial 8 with value: 0.4602304130195541.
Trial 18 finished with value: 0.4648388236782616 and parameters: {'learning_rate': 0.034619958326826995, 'feature_fraction': 0.8592817871113134, 'bagging_fraction': 0.7552531666841606, 'bagging_freq': 1, 'num_leaves': 106, 'min_data_in_leaf': 2, 'extra_trees': True, 'min_data_per_group': 3, 'cat_l2': 0.9783195067642871, 'cat_smooth': 0.08347216184681973, 'max_cat_to_onehot': 51, 'lambda_l1': 0.6942942536496577, 'lambda_l2': 1.757266150465408}. Best is trial 8 with value: 0.4602304130195541.
Trial 19 finished with value: 0.46904325193690005 and parameters: {'learning_rate': 0.06623438754745689, 'feature_fraction': 0.6648804431589908, 'bagging_fraction': 0.7486205588420941, 'bagging_freq': 1, 'num_leaves': 49, 'min_data_in_leaf': 9, 'extra_trees': True, 'min_data_per_group': 18, 'cat_l2': 1.969909785631429, 'cat_smooth': 0.0045797459343696325, 'max_cat_to_onehot': 87, 'lambda_l1': 0.5519513799745175, 'lambda_l2': 0.6340034479274692}. Best is trial 8 with value: 0.4602304130195541.
Trial 20 finished with value: 0.4602732464615877 and parameters: {'learning_rate': 0.007464416010136899, 'feature_fraction': 0.8371194753188558, 'bagging_fraction': 0.8367215424614661, 'bagging_freq': 1, 'num_leaves': 13, 'min_data_in_leaf': 4, 'extra_trees': True, 'min_data_per_group': 4, 'cat_l2': 0.9126110292522337, 'cat_smooth': 17.85782747015114, 'max_cat_to_onehot': 23, 'lambda_l1': 0.8696232149546053, 'lambda_l2': 1.435133232911422}. Best is trial 8 with value: 0.4602304130195541.
Trial 21 finished with value: 0.46187875110763477 and parameters: {'learning_rate': 0.006734045221412062, 'feature_fraction': 0.8333985688596884, 'bagging_fraction': 0.8378241389798392, 'bagging_freq': 1, 'num_leaves': 14, 'min_data_in_leaf': 4, 'extra_trees': True, 'min_data_per_group': 4, 'cat_l2': 0.890746434332222, 'cat_smooth': 16.42714514054533, 'max_cat_to_onehot': 25, 'lambda_l1': 0.8985956130936319, 'lambda_l2': 1.4513091355883716}. Best is trial 8 with value: 0.4602304130195541.
Trial 22 finished with value: 0.4610032021212662 and parameters: {'learning_rate': 0.007485663070421604, 'feature_fraction': 0.7440890949682906, 'bagging_fraction': 0.7769937790100401, 'bagging_freq': 1, 'num_leaves': 4, 'min_data_in_leaf': 2, 'extra_trees': True, 'min_data_per_group': 2, 'cat_l2': 0.38584304583521406, 'cat_smooth': 22.925094294616418, 'max_cat_to_onehot': 20, 'lambda_l1': 0.7589393299188422, 'lambda_l2': 1.187730947743255}. Best is trial 8 with value: 0.4602304130195541.
Trial 23 finished with value: 0.4614460931697912 and parameters: {'learning_rate': 0.012390023046511916, 'feature_fraction': 0.8858684964083803, 'bagging_fraction': 0.784523167109705, 'bagging_freq': 1, 'num_leaves': 4, 'min_data_in_leaf': 1, 'extra_trees': True, 'min_data_per_group': 2, 'cat_l2': 0.32777403952940365, 'cat_smooth': 29.79070685285888, 'max_cat_to_onehot': 18, 'lambda_l1': 0.7483689611362174, 'lambda_l2': 1.8096987700642342}. Best is trial 8 with value: 0.4602304130195541.
Trial 24 finished with value: 0.46092506841588354 and parameters: {'learning_rate': 0.011254657354820684, 'feature_fraction': 0.7913409114416899, 'bagging_fraction': 0.8403199692402394, 'bagging_freq': 1, 'num_leaves': 4, 'min_data_in_leaf': 2, 'extra_trees': True, 'min_data_per_group': 3, 'cat_l2': 0.3758177352331998, 'cat_smooth': 5.076194171949594, 'max_cat_to_onehot': 12, 'lambda_l1': 0.9093277866847299, 'lambda_l2': 0.825624151408976}. Best is trial 8 with value: 0.4602304130195541.
Trial 25 finished with value: 0.4621136261331453 and parameters: {'learning_rate': 0.01152830629777397, 'feature_fraction': 0.796859424576881, 'bagging_fraction': 0.8328218940056238, 'bagging_freq': 1, 'num_leaves': 4, 'min_data_in_leaf': 1, 'extra_trees': True, 'min_data_per_group': 4, 'cat_l2': 0.2095268226707724, 'cat_smooth': 3.8995775059697655, 'max_cat_to_onehot': 12, 'lambda_l1': 0.9055707963836537, 'lambda_l2': 0.8123648736994291}. Best is trial 8 with value: 0.4602304130195541.
Trial 26 finished with value: 0.4648659497437885 and parameters: {'learning_rate': 0.01902798310133791, 'feature_fraction': 0.6396554610198095, 'bagging_fraction': 0.9022565153678168, 'bagging_freq': 1, 'num_leaves': 14, 'min_data_in_leaf': 2, 'extra_trees': True, 'min_data_per_group': 3, 'cat_l2': 0.5616039120775677, 'cat_smooth': 1.1696018292380108, 'max_cat_to_onehot': 14, 'lambda_l1': 0.9065947739580326, 'lambda_l2': 0.4097332693384911}. Best is trial 8 with value: 0.4602304130195541.
Trial 27 finished with value: 0.46625532175146345 and parameters: {'learning_rate': 0.021977393584225846, 'feature_fraction': 0.40327514522638785, 'bagging_fraction': 0.8292110030940384, 'bagging_freq': 1, 'num_leaves': 19, 'min_data_in_leaf': 9, 'extra_trees': True, 'min_data_per_group': 8, 'cat_l2': 0.11147586750894764, 'cat_smooth': 8.244696872692513, 'max_cat_to_onehot': 42, 'lambda_l1': 0.9349912106844972, 'lambda_l2': 1.514360636799551}. Best is trial 8 with value: 0.4602304130195541.
Trial 28 finished with value: 0.462566627948668 and parameters: {'learning_rate': 0.006957442092921514, 'feature_fraction': 0.995943211831903, 'bagging_fraction': 0.8264024592084344, 'bagging_freq': 1, 'num_leaves': 10, 'min_data_in_leaf': 3, 'extra_trees': True, 'min_data_per_group': 3, 'cat_l2': 1.2943379703895588, 'cat_smooth': 39.09950395309988, 'max_cat_to_onehot': 11, 'lambda_l1': 0.5819320155007693, 'lambda_l2': 0.7641641719012793}. Best is trial 8 with value: 0.4602304130195541.
Trial 29 finished with value: 0.46181985941210507 and parameters: {'learning_rate': 0.011621396018953437, 'feature_fraction': 0.7084595258218095, 'bagging_fraction': 0.9133694505373278, 'bagging_freq': 1, 'num_leaves': 24, 'min_data_in_leaf': 1, 'extra_trees': True, 'min_data_per_group': 5, 'cat_l2': 0.7811928513438835, 'cat_smooth': 4.708196056328833, 'max_cat_to_onehot': 9, 'lambda_l1': 0.9936631038068005, 'lambda_l2': 1.6948943766323565}. Best is trial 8 with value: 0.4602304130195541.
Trial 30 finished with value: 0.46431048684627446 and parameters: {'learning_rate': 0.015603396915750772, 'feature_fraction': 0.5338058014186613, 'bagging_fraction': 0.8861296560283619, 'bagging_freq': 1, 'num_leaves': 3, 'min_data_in_leaf': 1, 'extra_trees': True, 'min_data_per_group': 2, 'cat_l2': 0.005005142240923051, 'cat_smooth': 1.5709630600964568, 'max_cat_to_onehot': 15, 'lambda_l1': 0.8208915635913908, 'lambda_l2': 0.42485287437948044}. Best is trial 8 with value: 0.4602304130195541.
Trial 31 finished with value: 0.4616239482519771 and parameters: {'learning_rate': 0.0069263515950771844, 'feature_fraction': 0.800823264251487, 'bagging_fraction': 0.7764530138869264, 'bagging_freq': 1, 'num_leaves': 4, 'min_data_in_leaf': 2, 'extra_trees': True, 'min_data_per_group': 2, 'cat_l2': 0.4125875391199973, 'cat_smooth': 21.92101828544298, 'max_cat_to_onehot': 21, 'lambda_l1': 0.7360479275698576, 'lambda_l2': 1.1817068437014644}. Best is trial 8 with value: 0.4602304130195541.
Trial 32 finished with value: 0.46218779314316755 and parameters: {'learning_rate': 0.008182328102870095, 'feature_fraction': 0.9181194213117366, 'bagging_fraction': 0.7732174334867415, 'bagging_freq': 1, 'num_leaves': 5, 'min_data_in_leaf': 2, 'extra_trees': True, 'min_data_per_group': 3, 'cat_l2': 0.23046944516744633, 'cat_smooth': 97.10242145826464, 'max_cat_to_onehot': 20, 'lambda_l1': 0.7450799476112284, 'lambda_l2': 1.4178810273693894}. Best is trial 8 with value: 0.4602304130195541.
Trial 33 finished with value: 0.4611639069534633 and parameters: {'learning_rate': 0.01033084387169546, 'feature_fraction': 0.7276578013651821, 'bagging_fraction': 0.8530151571967202, 'bagging_freq': 1, 'num_leaves': 6, 'min_data_in_leaf': 3, 'extra_trees': True, 'min_data_per_group': 2, 'cat_l2': 0.4418154741784049, 'cat_smooth': 7.2000169143231005, 'max_cat_to_onehot': 10, 'lambda_l1': 0.875147461455336, 'lambda_l2': 1.6197703963969268}. Best is trial 8 with value: 0.4602304130195541.
Trial 34 finished with value: 0.47700498934519875 and parameters: {'learning_rate': 0.006104693349366217, 'feature_fraction': 0.8185420658672794, 'bagging_fraction': 0.8144592051432664, 'bagging_freq': 1, 'num_leaves': 10, 'min_data_in_leaf': 5, 'extra_trees': False, 'min_data_per_group': 4, 'cat_l2': 0.14537615515086288, 'cat_smooth': 32.68346608023266, 'max_cat_to_onehot': 16, 'lambda_l1': 0.8037854273968854, 'lambda_l2': 0.9501712047833103}. Best is trial 8 with value: 0.4602304130195541.
Trial 35 finished with value: 0.46191881348799624 and parameters: {'learning_rate': 0.008019374960639055, 'feature_fraction': 0.7623831128649432, 'bagging_fraction': 0.7643658291733804, 'bagging_freq': 1, 'num_leaves': 3, 'min_data_in_leaf': 1, 'extra_trees': True, 'min_data_per_group': 5, 'cat_l2': 1.3600723931997576, 'cat_smooth': 2.3115123256115884, 'max_cat_to_onehot': 34, 'lambda_l1': 0.9264223795832247, 'lambda_l2': 1.1760396210897077}. Best is trial 8 with value: 0.4602304130195541.
Trial 36 finished with value: 0.4644858330536308 and parameters: {'learning_rate': 0.01347361434628191, 'feature_fraction': 0.6975013162809004, 'bagging_fraction': 0.847327234803374, 'bagging_freq': 1, 'num_leaves': 2, 'min_data_in_leaf': 4, 'extra_trees': False, 'min_data_per_group': 2, 'cat_l2': 0.2833461765622148, 'cat_smooth': 9.205342702315734, 'max_cat_to_onehot': 22, 'lambda_l1': 0.7091200255893259, 'lambda_l2': 1.329256692832819}. Best is trial 8 with value: 0.4602304130195541.
Trial 37 finished with value: 0.46444498194695794 and parameters: {'learning_rate': 0.010144976071659262, 'feature_fraction': 0.8960463730405348, 'bagging_fraction': 0.8906220448389668, 'bagging_freq': 1, 'num_leaves': 41, 'min_data_in_leaf': 2, 'extra_trees': True, 'min_data_per_group': 7, 'cat_l2': 0.7359920146371642, 'cat_smooth': 15.890780889577192, 'max_cat_to_onehot': 53, 'lambda_l1': 0.21131797176005795, 'lambda_l2': 1.5626035150280946}. Best is trial 8 with value: 0.4602304130195541.
Trial 38 finished with value: 0.4666111632892652 and parameters: {'learning_rate': 0.068249886454021, 'feature_fraction': 0.5483213991167994, 'bagging_fraction': 0.8218739529284775, 'bagging_freq': 1, 'num_leaves': 3, 'min_data_in_leaf': 1, 'extra_trees': False, 'min_data_per_group': 3, 'cat_l2': 0.11100358027795668, 'cat_smooth': 0.8419291529622769, 'max_cat_to_onehot': 17, 'lambda_l1': 0.9522844807130749, 'lambda_l2': 1.4519708133918927}. Best is trial 8 with value: 0.4602304130195541.
Trial 39 finished with value: 0.46478867704742405 and parameters: {'learning_rate': 0.01586625585549808, 'feature_fraction': 0.968828176571673, 'bagging_fraction': 0.7918290262790142, 'bagging_freq': 1, 'num_leaves': 2, 'min_data_in_leaf': 7, 'extra_trees': True, 'min_data_per_group': 2, 'cat_l2': 0.4778897129630626, 'cat_smooth': 5.340565621519439, 'max_cat_to_onehot': 13, 'lambda_l1': 0.5295400300678169, 'lambda_l2': 1.081421396586815}. Best is trial 8 with value: 0.4602304130195541.
Trial 40 finished with value: 0.46278245210606705 and parameters: {'learning_rate': 0.030564257016389398, 'feature_fraction': 0.8477580203593155, 'bagging_fraction': 0.8635947181211984, 'bagging_freq': 1, 'num_leaves': 11, 'min_data_in_leaf': 13, 'extra_trees': True, 'min_data_per_group': 5, 'cat_l2': 0.08055841139754667, 'cat_smooth': 2.527470516927127, 'max_cat_to_onehot': 29, 'lambda_l1': 0.6436834922225526, 'lambda_l2': 0.8629704242335752}. Best is trial 8 with value: 0.4602304130195541.
Trial 41 finished with value: 0.46245467190503187 and parameters: {'learning_rate': 0.00596391397555973, 'feature_fraction': 0.7610409848942785, 'bagging_fraction': 0.7423119543197156, 'bagging_freq': 1, 'num_leaves': 101, 'min_data_in_leaf': 4, 'extra_trees': True, 'min_data_per_group': 69, 'cat_l2': 0.9581050693048024, 'cat_smooth': 0.09257423315538917, 'max_cat_to_onehot': 26, 'lambda_l1': 0.7923021587434863, 'lambda_l2': 1.18942024277635}. Best is trial 8 with value: 0.4602304130195541.
Trial 42 finished with value: 0.4619715114804842 and parameters: {'learning_rate': 0.007727502628004316, 'feature_fraction': 0.7461894353570289, 'bagging_fraction': 0.7120373619076412, 'bagging_freq': 1, 'num_leaves': 111, 'min_data_in_leaf': 3, 'extra_trees': True, 'min_data_per_group': 23, 'cat_l2': 1.1215774311758004, 'cat_smooth': 0.005649804821083071, 'max_cat_to_onehot': 37, 'lambda_l1': 0.8411999813204316, 'lambda_l2': 1.6774500244959119}. Best is trial 8 with value: 0.4602304130195541.
Trial 43 finished with value: 0.4622270786153059 and parameters: {'learning_rate': 0.0050301591290313336, 'feature_fraction': 0.6405221388816569, 'bagging_fraction': 0.7281012218576219, 'bagging_freq': 1, 'num_leaves': 50, 'min_data_in_leaf': 6, 'extra_trees': True, 'min_data_per_group': 14, 'cat_l2': 1.6108262069900914, 'cat_smooth': 48.178102097596366, 'max_cat_to_onehot': 19, 'lambda_l1': 0.8677053444753084, 'lambda_l2': 1.2660227326173814}. Best is trial 8 with value: 0.4602304130195541.
Trial 44 finished with value: 0.4614569968854719 and parameters: {'learning_rate': 0.00949668637159248, 'feature_fraction': 0.7862670734617853, 'bagging_fraction': 0.7349746771268496, 'bagging_freq': 1, 'num_leaves': 25, 'min_data_in_leaf': 3, 'extra_trees': True, 'min_data_per_group': 6, 'cat_l2': 0.34668373040256933, 'cat_smooth': 22.088973392589637, 'max_cat_to_onehot': 30, 'lambda_l1': 0.7669234077538543, 'lambda_l2': 1.3939263034593459}. Best is trial 8 with value: 0.4602304130195541.
Trial 45 finished with value: 0.48549928236310275 and parameters: {'learning_rate': 0.006062130589977072, 'feature_fraction': 0.8773259248754959, 'bagging_fraction': 0.7984986909558907, 'bagging_freq': 1, 'num_leaves': 80, 'min_data_in_leaf': 2, 'extra_trees': False, 'min_data_per_group': 2, 'cat_l2': 0.6852586157594134, 'cat_smooth': 0.08234717187439008, 'max_cat_to_onehot': 45, 'lambda_l1': 0.953851857590922, 'lambda_l2': 1.0044269507897052}. Best is trial 8 with value: 0.4602304130195541.
Trial 46 finished with value: 0.4660019497497503 and parameters: {'learning_rate': 0.005742045199050327, 'feature_fraction': 0.46274289990868, 'bagging_fraction': 0.760098839522177, 'bagging_freq': 1, 'num_leaves': 140, 'min_data_in_leaf': 4, 'extra_trees': True, 'min_data_per_group': 9, 'cat_l2': 0.028245067472350952, 'cat_smooth': 12.73156445470052, 'max_cat_to_onehot': 59, 'lambda_l1': 0.8197549480714137, 'lambda_l2': 1.5174658841117195}. Best is trial 8 with value: 0.4602304130195541.
Trial 47 finished with value: 0.4673190561161863 and parameters: {'learning_rate': 0.09937385065532833, 'feature_fraction': 0.7300950384988952, 'bagging_fraction': 0.8451359601472286, 'bagging_freq': 1, 'num_leaves': 7, 'min_data_in_leaf': 2, 'extra_trees': True, 'min_data_per_group': 4, 'cat_l2': 1.508278838807153, 'cat_smooth': 0.048674854065860196, 'max_cat_to_onehot': 24, 'lambda_l1': 0.9997986290304933, 'lambda_l2': 0.7173204466852716}. Best is trial 8 with value: 0.4602304130195541.
Trial 48 finished with value: 0.46291814481077453 and parameters: {'learning_rate': 0.05659476386895658, 'feature_fraction': 0.678496072313459, 'bagging_fraction': 0.8731885461768392, 'bagging_freq': 1, 'num_leaves': 5, 'min_data_in_leaf': 7, 'extra_trees': True, 'min_data_per_group': 33, 'cat_l2': 0.5648853905047265, 'cat_smooth': 0.011450983489989248, 'max_cat_to_onehot': 27, 'lambda_l1': 0.7063788674866114, 'lambda_l2': 1.8772519016805498}. Best is trial 8 with value: 0.4602304130195541.
Trial 49 finished with value: 0.506787588374011 and parameters: {'learning_rate': 0.08012757382990573, 'feature_fraction': 0.8229444378678572, 'bagging_fraction': 0.9455458661784022, 'bagging_freq': 1, 'num_leaves': 35, 'min_data_in_leaf': 5, 'extra_trees': False, 'min_data_per_group': 3, 'cat_l2': 0.8378970227433353, 'cat_smooth': 0.6790704089860768, 'max_cat_to_onehot': 36, 'lambda_l1': 0.40854942232188873, 'lambda_l2': 0.062349806201970503}. Best is trial 8 with value: 0.4602304130195541.
Optuna Search Completed in: 244.88 seconds

Training final model on optimized parameter setup...

[LIGHTGBM FINALIZED METRICS]
Optimal Trees:         71
Log_Loss:             0.4602 (Delta to TabPFN: +0.0060)
Accuracy:            0.8882 (Delta to TabPFN: -0.0029)
Final Train Time:      0.21 seconds

--- LIGHTGBM Feature Importance (Raw vs. Scaled Share) ---
Feature | Raw gain | Share
pca_embed_0 | 2063.88 | 36.05%
pca_embed_1 | 538.28 | 9.40%
pca_embed_2 | 485.81 | 8.49%
pca_embed_6 | 316.98 | 5.54%
pca_embed_3 | 300.79 | 5.25%
pca_embed_8 | 227.71 | 3.98%
pca_embed_4 | 218.61 | 3.82%
pca_embed_5 | 172.26 | 3.01%
pca_embed_7 | 172.02 | 3.00%
pca_embed_16 | 171.10 | 2.99%
pca_embed_17 | 138.79 | 2.42%
pca_embed_11 | 123.96 | 2.17%
pca_embed_15 | 114.65 | 2.00%
pca_embed_13 | 102.42 | 1.79%
pca_embed_12 | 100.94 | 1.76%
pca_embed_9 | 98.53 | 1.72%
pca_embed_10 | 97.64 | 1.71%
pca_embed_18 | 95.87 | 1.67%
pca_embed_14 | 94.05 | 1.64%
pca_embed_19 | 90.40 | 1.58%

=====================================================================
METRIC TYPE                                  | VALUE / PROFILE
=====================================================================
Macro Embedding Share                        | 100.00%
Macro Raw Feature Share                      | 0.00%
---------------------------------------------------------------------
Active Text Embedding Density            | 100.00% (20/20)
Active Raw Tabular Feature Density       | 0.00% (0/0)
---------------------------------------------------------------------
Top-5 Concentration Ratio (CR5)          | 64.73% of total decision weight
Top-10 Concentration Ratio (CR10)        | 81.53% of total decision weight
=====================================================================

Total Pipeline Execution Time: 248.13 seconds

[SUCCESS] Permanent artifacts safely written to 'outputs/1/results/'
