Loading archive 'archives/wine_quality.npz' and initializing pipeline for target: XGBOOST...
Execution Mode: COMBINED
Session Output Target: outputs/1/
Task Type: REGRESSION
TabPFN Baselines Loaded - Primary: 0.5666 | Secondary: 0.3211
PCA reduced text embeddings to 25 components.
Final training matrix shape assembled for COMBINED: (5197, 37)

Running 50-Trial Optuna Study for XGBOOST (COMBINED)...
A new study created in RDB with name: 20260619_001955_xgboost_combined_wine_quality
Trial 0 finished with value: 0.6063304861717218 and parameters: {'learning_rate': 0.015355286838886862, 'max_depth': 10, 'min_child_weight': 0.5100627805979911, 'subsample': 0.8394633936788146, 'colsample_bylevel': 0.6624074561769746, 'colsample_bynode': 0.662397808134481, 'reg_alpha': 0.29051225247978046, 'reg_lambda': 4.330894111260099, 'grow_policy': 'lossguide', 'max_cat_to_onehot': 8, 'max_leaves': 884}. Best is trial 0 with value: 0.6063304861717218.
Trial 1 finished with value: 0.5981275386854346 and parameters: {'learning_rate': 0.060534484680010825, 'max_depth': 4, 'min_child_weight': 0.004705059281907645, 'subsample': 0.6733618039413735, 'colsample_bylevel': 0.7216968971838151, 'colsample_bynode': 0.8099025726528951, 'reg_alpha': 2.1597818987087147, 'reg_lambda': 1.4562165780761898, 'grow_policy': 'depthwise', 'max_cat_to_onehot': 16, 'max_leaves': 45}. Best is trial 1 with value: 0.5981275386854346.
Trial 2 finished with value: 0.6057587391881094 and parameters: {'learning_rate': 0.019603369861210685, 'max_depth': 8, 'min_child_weight': 0.005477562363971304, 'subsample': 0.8056937753654446, 'colsample_bylevel': 0.836965827544817, 'colsample_bynode': 0.6185801650879991, 'reg_alpha': 3.037763505022002, 'reg_lambda': 0.8527035660240889, 'grow_policy': 'lossguide', 'max_cat_to_onehot': 92, 'max_leaves': 399}. Best is trial 1 with value: 0.5981275386854346.
Trial 3 finished with value: 0.5957545776970343 and parameters: {'learning_rate': 0.012453219846912198, 'max_depth': 4, 'min_child_weight': 0.33959199243313637, 'subsample': 0.7760609974958406, 'colsample_bylevel': 0.6488152939379115, 'colsample_bynode': 0.798070764044508, 'reg_alpha': 0.17203916672398045, 'reg_lambda': 4.546611078353703, 'grow_policy': 'lossguide', 'max_cat_to_onehot': 17, 'max_leaves': 97}. Best is trial 3 with value: 0.5957545776970343.
Trial 4 finished with value: 0.5985939539289848 and parameters: {'learning_rate': 0.025719142025384646, 'max_depth': 4, 'min_child_weight': 3.8589082671053854, 'subsample': 0.9100531293444458, 'colsample_bylevel': 0.9757995766256756, 'colsample_bynode': 0.9579309401710595, 'reg_alpha': 2.989540104057545, 'reg_lambda': 4.609378987692081, 'grow_policy': 'lossguide', 'max_cat_to_onehot': 8, 'max_leaves': 37}. Best is trial 3 with value: 0.5957545776970343.
Trial 5 finished with value: 0.5980638448853968 and parameters: {'learning_rate': 0.016019568611465234, 'max_depth': 5, 'min_child_weight': 1.1627201204016835, 'subsample': 0.7427013306774357, 'colsample_bylevel': 0.7123738038749523, 'colsample_bynode': 0.8170784332632994, 'reg_alpha': 0.7047070324513158, 'reg_lambda': 4.011004684072123, 'grow_policy': 'lossguide', 'max_cat_to_onehot': 56, 'max_leaves': 20}. Best is trial 3 with value: 0.5957545776970343.
Trial 6 finished with value: 0.5954590212043971 and parameters: {'learning_rate': 0.0050834018700114374, 'max_depth': 9, 'min_child_weight': 0.4117599592262879, 'subsample': 0.8916028672163949, 'colsample_bylevel': 0.9085081386743783, 'colsample_bynode': 0.6296178606936361, 'reg_alpha': 1.7923927961485087, 'reg_lambda': 0.5794337107196961, 'grow_policy': 'depthwise', 'max_cat_to_onehot': 18, 'max_leaves': 10}. Best is trial 6 with value: 0.5954590212043971.
Trial 7 finished with value: 0.5986603969922492 and parameters: {'learning_rate': 0.012693089228250284, 'max_depth': 5, 'min_child_weight': 0.49979438035802604, 'subsample': 0.8550229885420852, 'colsample_bylevel': 0.9548850970305306, 'colsample_bynode': 0.7888859700647797, 'reg_alpha': 0.5980592702669147, 'reg_lambda': 3.566252611636253, 'grow_policy': 'depthwise', 'max_cat_to_onehot': 55, 'max_leaves': 85}. Best is trial 6 with value: 0.5954590212043971.
Trial 8 finished with value: 0.6006853121951844 and parameters: {'learning_rate': 0.02393652463662192, 'max_depth': 6, 'min_child_weight': 0.0012417226051008223, 'subsample': 0.6431565707973218, 'colsample_bylevel': 0.6125716742746937, 'colsample_bynode': 0.8545641645055122, 'reg_alpha': 1.5718484697835258, 'reg_lambda': 2.542902598754398, 'grow_policy': 'depthwise', 'max_cat_to_onehot': 22, 'max_leaves': 308}. Best is trial 6 with value: 0.5954590212043971.
Trial 9 finished with value: 0.5984125854181505 and parameters: {'learning_rate': 0.009923006608672534, 'max_depth': 4, 'min_child_weight': 0.011797281245016885, 'subsample': 0.6644885149016018, 'colsample_bylevel': 0.9718790609370292, 'colsample_bynode': 0.9232481518257668, 'reg_alpha': 3.1670554421764665, 'reg_lambda': 4.35731580487957, 'grow_policy': 'depthwise', 'max_cat_to_onehot': 76, 'max_leaves': 106}. Best is trial 6 with value: 0.5954590212043971.
Trial 10 finished with value: 0.5965867517749046 and parameters: {'learning_rate': 0.005461221300406469, 'max_depth': 8, 'min_child_weight': 0.05431856977726699, 'subsample': 0.9729161367647149, 'colsample_bylevel': 0.8560354009870226, 'colsample_bynode': 0.7202259292197385, 'reg_alpha': 4.7988577526525065, 'reg_lambda': 0.08014213586217389, 'grow_policy': 'depthwise', 'max_cat_to_onehot': 31, 'max_leaves': 9}. Best is trial 6 with value: 0.5954590212043971.
Trial 11 finished with value: 0.595363370390367 and parameters: {'learning_rate': 0.005166571376786263, 'max_depth': 7, 'min_child_weight': 0.09876281277890019, 'subsample': 0.7581847306822537, 'colsample_bylevel': 0.8167265665612355, 'colsample_bynode': 0.7235303726679885, 'reg_alpha': 1.8141903773623267, 'reg_lambda': 2.581529512362347, 'grow_policy': 'lossguide', 'max_cat_to_onehot': 14, 'max_leaves': 8}. Best is trial 11 with value: 0.595363370390367.
Trial 12 finished with value: 0.5957290712501904 and parameters: {'learning_rate': 0.00528904113377197, 'max_depth': 8, 'min_child_weight': 0.09909199881818531, 'subsample': 0.9862778301767895, 'colsample_bylevel': 0.8644725968704591, 'colsample_bynode': 0.6908556046603515, 'reg_alpha': 1.7627394609494649, 'reg_lambda': 2.500037113573171, 'grow_policy': 'lossguide', 'max_cat_to_onehot': 12, 'max_leaves': 9}. Best is trial 11 with value: 0.595363370390367.
Trial 13 finished with value: 0.5975905370201764 and parameters: {'learning_rate': 0.007916226268353362, 'max_depth': 10, 'min_child_weight': 0.069270212670543, 'subsample': 0.7204082678890847, 'colsample_bylevel': 0.7805900104046455, 'colsample_bynode': 0.6184747533063115, 'reg_alpha': 2.2650022374803886, 'reg_lambda': 2.067129157053596, 'grow_policy': 'depthwise', 'max_cat_to_onehot': 30, 'max_leaves': 17}. Best is trial 11 with value: 0.595363370390367.
Trial 14 finished with value: 0.5953628794913873 and parameters: {'learning_rate': 0.007148341352993941, 'max_depth': 7, 'min_child_weight': 0.15167261443819402, 'subsample': 0.9178581456448356, 'colsample_bylevel': 0.9073662570638891, 'colsample_bynode': 0.7406086632532848, 'reg_alpha': 1.295345952788154, 'reg_lambda': 0.6202429912651789, 'grow_policy': 'lossguide', 'max_cat_to_onehot': 13, 'max_leaves': 8}. Best is trial 14 with value: 0.5953628794913873.
Trial 15 finished with value: 0.5990792973169234 and parameters: {'learning_rate': 0.007810212589149176, 'max_depth': 6, 'min_child_weight': 0.02800875877817341, 'subsample': 0.606013429625898, 'colsample_bylevel': 0.8054340760541796, 'colsample_bynode': 0.7418713779550723, 'reg_alpha': 1.1162950406707721, 'reg_lambda': 3.287059189072064, 'grow_policy': 'lossguide', 'max_cat_to_onehot': 11, 'max_leaves': 18}. Best is trial 14 with value: 0.5953628794913873.
Trial 16 finished with value: 0.6015652703698768 and parameters: {'learning_rate': 0.007704092688368941, 'max_depth': 7, 'min_child_weight': 0.18283522436418248, 'subsample': 0.9333603590688585, 'colsample_bylevel': 0.9127344072602297, 'colsample_bynode': 0.739641925787328, 'reg_alpha': 4.371171472097869, 'reg_lambda': 1.4282535078048222, 'grow_policy': 'lossguide', 'max_cat_to_onehot': 12, 'max_leaves': 30}. Best is trial 14 with value: 0.5953628794913873.
Trial 17 finished with value: 0.5971139847314342 and parameters: {'learning_rate': 0.08132058836476576, 'max_depth': 6, 'min_child_weight': 1.594495848120594, 'subsample': 0.7323186319591911, 'colsample_bylevel': 0.76640747169219, 'colsample_bynode': 0.6858041186956668, 'reg_alpha': 1.2039859603916585, 'reg_lambda': 3.0641474065878453, 'grow_policy': 'lossguide', 'max_cat_to_onehot': 28, 'max_leaves': 8}. Best is trial 14 with value: 0.5953628794913873.
Trial 18 finished with value: 0.5985946099926476 and parameters: {'learning_rate': 0.03545623798872137, 'max_depth': 7, 'min_child_weight': 0.021193013199747167, 'subsample': 0.8575896295719886, 'colsample_bylevel': 0.9035305740339673, 'colsample_bynode': 0.8910149050713664, 'reg_alpha': 2.532561277188223, 'reg_lambda': 1.601368737773674, 'grow_policy': 'lossguide', 'max_cat_to_onehot': 11, 'max_leaves': 15}. Best is trial 14 with value: 0.5953628794913873.
Trial 19 finished with value: 0.603338717749969 and parameters: {'learning_rate': 0.007017517731905446, 'max_depth': 7, 'min_child_weight': 0.16160334436765317, 'subsample': 0.7992006684319415, 'colsample_bylevel': 0.8232845853576946, 'colsample_bynode': 0.756417532445639, 'reg_alpha': 3.6480941407195884, 'reg_lambda': 0.08689028168849333, 'grow_policy': 'lossguide', 'max_cat_to_onehot': 24, 'max_leaves': 52}. Best is trial 14 with value: 0.5953628794913873.
Trial 20 finished with value: 0.5988255587308423 and parameters: {'learning_rate': 0.010199448452767584, 'max_depth': 5, 'min_child_weight': 0.03415962370893974, 'subsample': 0.9404052868155786, 'colsample_bylevel': 0.8802489778678998, 'colsample_bynode': 0.9989879313923893, 'reg_alpha': 0.9054554239777346, 'reg_lambda': 0.9944825913965271, 'grow_policy': 'lossguide', 'max_cat_to_onehot': 42, 'max_leaves': 25}. Best is trial 14 with value: 0.5953628794913873.
Trial 21 finished with value: 0.5962345980940942 and parameters: {'learning_rate': 0.005065818619643903, 'max_depth': 9, 'min_child_weight': 0.18079772811998948, 'subsample': 0.9029259064573444, 'colsample_bylevel': 0.934848065294085, 'colsample_bynode': 0.6503867962394757, 'reg_alpha': 1.5542018205439376, 'reg_lambda': 0.6417446113428357, 'grow_policy': 'depthwise', 'max_cat_to_onehot': 17, 'max_leaves': 12}. Best is trial 14 with value: 0.5953628794913873.
Trial 22 finished with value: 0.5959629425063199 and parameters: {'learning_rate': 0.006671356411465968, 'max_depth': 9, 'min_child_weight': 0.7486655004218504, 'subsample': 0.8876194697322496, 'colsample_bylevel': 0.9019194583732192, 'colsample_bynode': 0.705805714832224, 'reg_alpha': 1.7564579732395493, 'reg_lambda': 0.671653329370614, 'grow_policy': 'depthwise', 'max_cat_to_onehot': 15, 'max_leaves': 12}. Best is trial 14 with value: 0.5953628794913873.
Trial 23 finished with value: 0.5951342356279988 and parameters: {'learning_rate': 0.00600152028934807, 'max_depth': 7, 'min_child_weight': 2.6388509143108947, 'subsample': 0.9604571768784326, 'colsample_bylevel': 0.9349498076926424, 'colsample_bynode': 0.6532912859582702, 'reg_alpha': 2.1138666168462596, 'reg_lambda': 1.8991173017204863, 'grow_policy': 'depthwise', 'max_cat_to_onehot': 19, 'max_leaves': 8}. Best is trial 23 with value: 0.5951342356279988.
Trial 24 finished with value: 0.5959466106248275 and parameters: {'learning_rate': 0.009634078226042427, 'max_depth': 7, 'min_child_weight': 1.589793961597278, 'subsample': 0.9633745637949149, 'colsample_bylevel': 0.9304784239739525, 'colsample_bynode': 0.7728424288242308, 'reg_alpha': 2.2668567972966254, 'reg_lambda': 2.155077275753972, 'grow_policy': 'lossguide', 'max_cat_to_onehot': 14, 'max_leaves': 8}. Best is trial 23 with value: 0.5951342356279988.
Trial 25 finished with value: 0.5979116183129409 and parameters: {'learning_rate': 0.006726256336381074, 'max_depth': 6, 'min_child_weight': 4.219211750507277, 'subsample': 0.99817647880894, 'colsample_bylevel': 0.9922997634178083, 'colsample_bynode': 0.667230119066013, 'reg_alpha': 2.678354438922827, 'reg_lambda': 2.79684995149771, 'grow_policy': 'lossguide', 'max_cat_to_onehot': 22, 'max_leaves': 14}. Best is trial 23 with value: 0.5951342356279988.
Trial 26 finished with value: 0.5970852654089941 and parameters: {'learning_rate': 0.009516667788303203, 'max_depth': 7, 'min_child_weight': 0.01187886141216757, 'subsample': 0.9436430266153638, 'colsample_bylevel': 0.745551623976942, 'colsample_bynode': 0.7229871610157146, 'reg_alpha': 1.2570638981211224, 'reg_lambda': 2.070961149338366, 'grow_policy': 'depthwise', 'max_cat_to_onehot': 9, 'max_leaves': 20}. Best is trial 23 with value: 0.5951342356279988.
Trial 27 finished with value: 0.5965506373670397 and parameters: {'learning_rate': 0.006208302070197528, 'max_depth': 8, 'min_child_weight': 2.466329909951902, 'subsample': 0.833554136527068, 'colsample_bylevel': 0.8100074539177793, 'colsample_bynode': 0.8514107577606862, 'reg_alpha': 3.6905157236540234, 'reg_lambda': 4.991418102471401, 'grow_policy': 'lossguide', 'max_cat_to_onehot': 20, 'max_leaves': 8}. Best is trial 23 with value: 0.5951342356279988.
Trial 28 finished with value: 0.5989295150841699 and parameters: {'learning_rate': 0.011940206950009316, 'max_depth': 6, 'min_child_weight': 0.2178736087260205, 'subsample': 0.7583824288671979, 'colsample_bylevel': 0.8794099813280435, 'colsample_bynode': 0.6876417350588806, 'reg_alpha': 2.092643810463128, 'reg_lambda': 1.1769369929160216, 'grow_policy': 'depthwise', 'max_cat_to_onehot': 13, 'max_leaves': 25}. Best is trial 23 with value: 0.5951342356279988.
Trial 29 finished with value: 0.5971240881796815 and parameters: {'learning_rate': 0.015516908202612884, 'max_depth': 5, 'min_child_weight': 0.8192678990286882, 'subsample': 0.7020144304886273, 'colsample_bylevel': 0.9465722368419315, 'colsample_bynode': 0.6617848914324435, 'reg_alpha': 0.4323025829843258, 'reg_lambda': 3.6893789472103204, 'grow_policy': 'lossguide', 'max_cat_to_onehot': 9, 'max_leaves': 12}. Best is trial 23 with value: 0.5951342356279988.
Trial 30 finished with value: 0.597462631919871 and parameters: {'learning_rate': 0.009008283816103605, 'max_depth': 7, 'min_child_weight': 0.10140585080852138, 'subsample': 0.8722700070881244, 'colsample_bylevel': 0.8555084660502345, 'colsample_bynode': 0.6419333611417515, 'reg_alpha': 2.5655731801056314, 'reg_lambda': 1.7608284970223491, 'grow_policy': 'lossguide', 'max_cat_to_onehot': 36, 'max_leaves': 12}. Best is trial 23 with value: 0.5951342356279988.
Trial 31 finished with value: 0.5954404319050078 and parameters: {'learning_rate': 0.005060233763737476, 'max_depth': 9, 'min_child_weight': 0.412649428867902, 'subsample': 0.9201308399188248, 'colsample_bylevel': 0.9145978960541143, 'colsample_bynode': 0.615817869617443, 'reg_alpha': 1.8918765603033219, 'reg_lambda': 0.4326760514013288, 'grow_policy': 'depthwise', 'max_cat_to_onehot': 18, 'max_leaves': 10}. Best is trial 23 with value: 0.5951342356279988.
Trial 32 finished with value: 0.5950255946847954 and parameters: {'learning_rate': 0.0062356719537929204, 'max_depth': 10, 'min_child_weight': 0.33158808636218634, 'subsample': 0.918196367345523, 'colsample_bylevel': 0.992223761727528, 'colsample_bynode': 0.6000160985793329, 'reg_alpha': 2.010762888619173, 'reg_lambda': 0.22341955652667508, 'grow_policy': 'depthwise', 'max_cat_to_onehot': 19, 'max_leaves': 8}. Best is trial 32 with value: 0.5950255946847954.
Trial 33 finished with value: 0.5949214132061594 and parameters: {'learning_rate': 0.006125083526301246, 'max_depth': 10, 'min_child_weight': 0.061832391970902185, 'subsample': 0.8304179489617882, 'colsample_bylevel': 0.9919244320851403, 'colsample_bynode': 0.6094085398577858, 'reg_alpha': 1.450651047505803, 'reg_lambda': 0.25760052977333964, 'grow_policy': 'depthwise', 'max_cat_to_onehot': 25, 'max_leaves': 8}. Best is trial 33 with value: 0.5949214132061594.
Trial 34 finished with value: 0.5949347991845005 and parameters: {'learning_rate': 0.006221606962554804, 'max_depth': 10, 'min_child_weight': 0.04547425064493639, 'subsample': 0.8275270799472583, 'colsample_bylevel': 0.9980151693969938, 'colsample_bynode': 0.6123939222702767, 'reg_alpha': 0.03894284202982412, 'reg_lambda': 0.31561679639887386, 'grow_policy': 'depthwise', 'max_cat_to_onehot': 26, 'max_leaves': 15}. Best is trial 33 with value: 0.5949214132061594.
Trial 35 finished with value: 0.6058333158285398 and parameters: {'learning_rate': 0.006132980951071601, 'max_depth': 10, 'min_child_weight': 0.003958881687620813, 'subsample': 0.8229360780670056, 'colsample_bylevel': 0.9963259093388219, 'colsample_bynode': 0.6014555721994619, 'reg_alpha': 0.2491538641321558, 'reg_lambda': 0.30752101358483686, 'grow_policy': 'depthwise', 'max_cat_to_onehot': 24, 'max_leaves': 776}. Best is trial 33 with value: 0.5949214132061594.
Trial 36 finished with value: 0.6003848780051415 and parameters: {'learning_rate': 0.008413660804243056, 'max_depth': 10, 'min_child_weight': 0.014789756334997703, 'subsample': 0.8012030004157196, 'colsample_bylevel': 0.9688674560673644, 'colsample_bynode': 0.6068307812024616, 'reg_alpha': 0.8681124129566717, 'reg_lambda': 0.9990799695004244, 'grow_policy': 'depthwise', 'max_cat_to_onehot': 42, 'max_leaves': 51}. Best is trial 33 with value: 0.5949214132061594.
Trial 37 finished with value: 0.5985019312522762 and parameters: {'learning_rate': 0.0061862702621307865, 'max_depth': 9, 'min_child_weight': 0.05026756060054757, 'subsample': 0.9623657787395211, 'colsample_bylevel': 0.9921765745725128, 'colsample_bynode': 0.6341156410856732, 'reg_alpha': 3.4655851277797054, 'reg_lambda': 1.2984632649556087, 'grow_policy': 'depthwise', 'max_cat_to_onehot': 27, 'max_leaves': 24}. Best is trial 33 with value: 0.5949214132061594.
Trial 38 finished with value: 0.5994389230530538 and parameters: {'learning_rate': 0.010771849402994957, 'max_depth': 10, 'min_child_weight': 2.439279829300828, 'subsample': 0.8758882622951433, 'colsample_bylevel': 0.9589690135937148, 'colsample_bynode': 0.6640270979731234, 'reg_alpha': 0.12889001110257148, 'reg_lambda': 0.26966180781847615, 'grow_policy': 'depthwise', 'max_cat_to_onehot': 38, 'max_leaves': 37}. Best is trial 33 with value: 0.5949214132061594.
Trial 39 finished with value: 0.5970623662580617 and parameters: {'learning_rate': 0.01325637891654089, 'max_depth': 10, 'min_child_weight': 0.30148458017701113, 'subsample': 0.7844748600499047, 'colsample_bylevel': 0.9778211922150297, 'colsample_bynode': 0.6346360033509532, 'reg_alpha': 3.0091107694673007, 'reg_lambda': 0.004878405267183056, 'grow_policy': 'depthwise', 'max_cat_to_onehot': 19, 'max_leaves': 15}. Best is trial 33 with value: 0.5949214132061594.
Trial 40 finished with value: 0.5955269923189219 and parameters: {'learning_rate': 0.006073698259907584, 'max_depth': 9, 'min_child_weight': 0.7365882677849535, 'subsample': 0.819363845243972, 'colsample_bylevel': 0.9356725522545248, 'colsample_bynode': 0.6045060405689267, 'reg_alpha': 1.4745090133925316, 'reg_lambda': 0.7838342643114837, 'grow_policy': 'depthwise', 'max_cat_to_onehot': 21, 'max_leaves': 11}. Best is trial 33 with value: 0.5949214132061594.
Trial 41 finished with value: 0.5968957708189209 and parameters: {'learning_rate': 0.007254753417474711, 'max_depth': 8, 'min_child_weight': 0.006788793235183462, 'subsample': 0.8554249110296835, 'colsample_bylevel': 0.9999004240209934, 'colsample_bynode': 0.6494040585861691, 'reg_alpha': 2.0197797539062474, 'reg_lambda': 0.29849825618147524, 'grow_policy': 'depthwise', 'max_cat_to_onehot': 16, 'max_leaves': 14}. Best is trial 33 with value: 0.5949214132061594.
Trial 42 finished with value: 0.5945939641539472 and parameters: {'learning_rate': 0.008432489942451781, 'max_depth': 8, 'min_child_weight': 0.040909699059263276, 'subsample': 0.9145963131920343, 'colsample_bylevel': 0.9510988983525999, 'colsample_bynode': 0.6255687889354824, 'reg_alpha': 0.5756339423848086, 'reg_lambda': 0.4966601804700358, 'grow_policy': 'depthwise', 'max_cat_to_onehot': 26, 'max_leaves': 10}. Best is trial 42 with value: 0.5945939641539472.
Trial 43 finished with value: 0.5970378643586203 and parameters: {'learning_rate': 0.017857083939114813, 'max_depth': 10, 'min_child_weight': 0.03977120245395924, 'subsample': 0.8994108324856023, 'colsample_bylevel': 0.9533747758718155, 'colsample_bynode': 0.6243412779206928, 'reg_alpha': 0.5830426576768192, 'reg_lambda': 1.073310620696508, 'grow_policy': 'depthwise', 'max_cat_to_onehot': 25, 'max_leaves': 19}. Best is trial 42 with value: 0.5945939641539472.
Trial 44 finished with value: 0.5941593481188032 and parameters: {'learning_rate': 0.008732673104064885, 'max_depth': 8, 'min_child_weight': 0.02114112175418883, 'subsample': 0.9490097342682366, 'colsample_bylevel': 0.9751604181051734, 'colsample_bynode': 0.6719795853868452, 'reg_alpha': 0.08451385679121315, 'reg_lambda': 0.4535983664945147, 'grow_policy': 'depthwise', 'max_cat_to_onehot': 35, 'max_leaves': 10}. Best is trial 44 with value: 0.5941593481188032.
Trial 45 finished with value: 0.5944077536673367 and parameters: {'learning_rate': 0.011234266907961298, 'max_depth': 8, 'min_child_weight': 0.017729707017718272, 'subsample': 0.8435541791888701, 'colsample_bylevel': 0.9759223234590798, 'colsample_bynode': 0.6765428243796241, 'reg_alpha': 0.06646792404051066, 'reg_lambda': 0.4641059162843276, 'grow_policy': 'depthwise', 'max_cat_to_onehot': 51, 'max_leaves': 11}. Best is trial 44 with value: 0.5941593481188032.
Trial 46 finished with value: 0.6049294617177303 and parameters: {'learning_rate': 0.013051675080675187, 'max_depth': 8, 'min_child_weight': 0.021199242933737053, 'subsample': 0.8411797961105901, 'colsample_bylevel': 0.9739611183272783, 'colsample_bynode': 0.6751259944719228, 'reg_alpha': 0.07288480357358319, 'reg_lambda': 0.4704002035532206, 'grow_policy': 'depthwise', 'max_cat_to_onehot': 52, 'max_leaves': 207}. Best is trial 44 with value: 0.5941593481188032.
Trial 47 finished with value: 0.5989151648535215 and parameters: {'learning_rate': 0.010887374820858988, 'max_depth': 8, 'min_child_weight': 0.005767501823331083, 'subsample': 0.780936007348623, 'colsample_bylevel': 0.9602086199694597, 'colsample_bynode': 0.7098548305875059, 'reg_alpha': 0.37901401182833805, 'reg_lambda': 0.9109461563087684, 'grow_policy': 'depthwise', 'max_cat_to_onehot': 75, 'max_leaves': 34}. Best is trial 44 with value: 0.5941593481188032.
Trial 48 finished with value: 0.5942578023011412 and parameters: {'learning_rate': 0.022550121731485722, 'max_depth': 9, 'min_child_weight': 0.06853543604852365, 'subsample': 0.8693741422894747, 'colsample_bylevel': 0.6908281001210691, 'colsample_bynode': 0.6976889383051418, 'reg_alpha': 0.022556857854029763, 'reg_lambda': 0.7706079561026926, 'grow_policy': 'depthwise', 'max_cat_to_onehot': 33, 'max_leaves': 10}. Best is trial 44 with value: 0.5941593481188032.
Trial 49 finished with value: 0.5953138905465719 and parameters: {'learning_rate': 0.03915236193258999, 'max_depth': 9, 'min_child_weight': 0.07204112924759101, 'subsample': 0.8750875944043063, 'colsample_bylevel': 0.6727768347448314, 'colsample_bynode': 0.6961756277772458, 'reg_alpha': 0.7029587215058559, 'reg_lambda': 0.7275477852455962, 'grow_policy': 'depthwise', 'max_cat_to_onehot': 32, 'max_leaves': 11}. Best is trial 44 with value: 0.5941593481188032.
Optuna Search Completed in: 362.78 seconds

Training final model on optimized parameter setup...

[XGBOOST FINALIZED METRICS]
Optimal Trees:         451
RMSE:             0.5701 (Delta to TabPFN: +0.0034)
MSE:            0.3250 (Delta to TabPFN: +0.0039)
Final Train Time:      0.52 seconds

--- XGBOOST Feature Importance (Raw vs. Scaled Share) ---
Feature | Raw gain | Share
pca_embed_1 | 70228.84 | 54.90%
pca_embed_2 | 21344.05 | 16.69%
pca_embed_0 | 13598.66 | 10.63%
pca_embed_3 | 4478.38 | 3.50%
pca_embed_4 | 4206.92 | 3.29%
pca_embed_5 | 3854.49 | 3.01%
alcohol | 2574.09 | 2.01%
free_sulfur_dioxide | 846.69 | 0.66%
pca_embed_8 | 836.16 | 0.65%
pca_embed_6 | 624.02 | 0.49%
volatile_acidity | 497.84 | 0.39%
pca_embed_10 | 432.25 | 0.34%
pca_embed_9 | 408.70 | 0.32%
pca_embed_13 | 390.18 | 0.31%
pca_embed_15 | 386.96 | 0.30%
pca_embed_14 | 352.49 | 0.28%
density | 338.95 | 0.26%
chlorides | 308.75 | 0.24%
fixed_acidity | 308.73 | 0.24%
residual_sugar | 228.17 | 0.18%
pca_embed_7 | 222.23 | 0.17%
sulphates | 157.84 | 0.12%
pH | 152.91 | 0.12%
total_sulfur_dioxide | 149.43 | 0.12%
citric_acid | 147.84 | 0.12%
pca_embed_22 | 119.35 | 0.09%
pca_embed_23 | 111.84 | 0.09%
pca_embed_19 | 106.90 | 0.08%
pca_embed_21 | 104.68 | 0.08%
pca_embed_12 | 82.85 | 0.06%
pca_embed_17 | 63.11 | 0.05%
pca_embed_20 | 59.91 | 0.05%
pca_embed_11 | 56.88 | 0.04%
pca_embed_24 | 54.84 | 0.04%
pca_embed_18 | 46.80 | 0.04%
pca_embed_16 | 38.54 | 0.03%
wine_color | 0.00 | 0.00%

=====================================================================
METRIC TYPE                                  | VALUE / PROFILE
=====================================================================
Macro Embedding Share                        | 95.54%
Macro Raw Feature Share                      | 4.46%
---------------------------------------------------------------------
Active Text Embedding Density            | 100.00% (25/25)
Active Raw Tabular Feature Density       | 91.67% (11/12)
---------------------------------------------------------------------
Top-5 Concentration Ratio (CR5)          | 89.01% of total decision weight
Top-10 Concentration Ratio (CR10)        | 95.83% of total decision weight
=====================================================================

Total Pipeline Execution Time: 366.05 seconds

[SUCCESS] Permanent artifacts safely written to 'outputs/1/results/'
