Loading archive 'archives/wine_quality.npz' and initializing pipeline for target: LIGHTGBM...
Execution Mode: RAW-ONLY
Session Output Target: outputs/1/
Task Type: REGRESSION
TabPFN Baselines Loaded - Primary: 0.5666 | Secondary: 0.3211
PCA reduced text embeddings to 25 components.
Final training matrix shape assembled for RAW-ONLY: (5197, 12)

Running 50-Trial Optuna Study for LIGHTGBM (RAW-ONLY)...
A new study created in RDB with name: 20260619_001047_lightgbm_raw-only_wine_quality
Trial 0 finished with value: 0.6357151098868841 and parameters: {'learning_rate': 0.015355286838886862, 'feature_fraction': 0.9704285838459497, 'bagging_fraction': 0.9195981825434215, 'bagging_freq': 1, 'num_leaves': 28, 'min_data_in_leaf': 1, 'extra_trees': False, 'min_data_per_group': 57, 'cat_l2': 0.18327672955935934, 'cat_smooth': 3.4702669886504163, 'max_cat_to_onehot': 8, 'lambda_l1': 0.9699128611767781, 'lambda_l2': 1.6649020373367633}. Best is trial 0 with value: 0.6357151098868841.
Trial 1 finished with value: 0.6783129257235908 and parameters: {'learning_rate': 0.009445600138094694, 'feature_fraction': 0.5090949803242604, 'bagging_fraction': 0.7550213529560301, 'bagging_freq': 1, 'num_leaves': 7, 'min_data_in_leaf': 6, 'extra_trees': False, 'min_data_per_group': 20, 'cat_l2': 0.01153297626310632, 'cat_smooth': 0.028888383623653185, 'max_cat_to_onehot': 19, 'lambda_l1': 0.4561243772186142, 'lambda_l2': 1.5703734051898879}. Best is trial 0 with value: 0.6357151098868841.
Trial 2 finished with value: 0.736743066726268 and parameters: {'learning_rate': 0.009093929525644107, 'feature_fraction': 0.708540663048167, 'bagging_fraction': 0.8777243706586128, 'bagging_freq': 1, 'num_leaves': 2, 'min_data_in_leaf': 10, 'extra_trees': False, 'min_data_per_group': 81, 'cat_l2': 1.6278053965878447, 'cat_smooth': 11.015056790269638, 'max_cat_to_onehot': 17, 'lambda_l1': 0.09776234679498323, 'lambda_l2': 1.3684976297216627}. Best is trial 0 with value: 0.6357151098868841.
Trial 3 finished with value: 0.7339805858897852 and parameters: {'learning_rate': 0.01869052934095898, 'feature_fraction': 0.47322294090686734, 'bagging_fraction': 0.848553073033381, 'bagging_freq': 1, 'num_leaves': 2, 'min_data_in_leaf': 42, 'extra_trees': True, 'min_data_per_group': 6, 'cat_l2': 0.11277639166461569, 'cat_smooth': 0.5414413211338525, 'max_cat_to_onehot': 12, 'lambda_l1': 0.9695876693017821, 'lambda_l2': 1.550288133439893}. Best is trial 0 with value: 0.6357151098868841.
Trial 4 finished with value: 0.617820741057996 and parameters: {'learning_rate': 0.08342309693146736, 'feature_fraction': 0.9368964102565893, 'bagging_fraction': 0.8793699936433255, 'bagging_freq': 1, 'num_leaves': 137, 'min_data_in_leaf': 1, 'extra_trees': False, 'min_data_per_group': 6, 'cat_l2': 0.0513253156994884, 'cat_smooth': 0.022737628102536857, 'max_cat_to_onehot': 64, 'lambda_l1': 0.3568176513609199, 'lambda_l2': 0.5619409259237927}. Best is trial 4 with value: 0.617820741057996.
Trial 5 finished with value: 0.7195266028667902 and parameters: {'learning_rate': 0.025411709798607296, 'feature_fraction': 0.4845545349848576, 'bagging_fraction': 0.9406590942262119, 'bagging_freq': 1, 'num_leaves': 2, 'min_data_in_leaf': 61, 'extra_trees': False, 'min_data_per_group': 2, 'cat_l2': 0.6619871537619337, 'cat_smooth': 3.4220529032706923, 'max_cat_to_onehot': 50, 'lambda_l1': 0.7712932196512772, 'lambda_l2': 0.1481818990030073}. Best is trial 4 with value: 0.617820741057996.
Trial 6 finished with value: 0.6721504689907402 and parameters: {'learning_rate': 0.014633380642745364, 'feature_fraction': 0.4695214357150779, 'bagging_fraction': 0.958931027762678, 'bagging_freq': 1, 'num_leaves': 32, 'min_data_in_leaf': 2, 'extra_trees': True, 'min_data_per_group': 6, 'cat_l2': 0.3957756313952873, 'cat_smooth': 1.5409457762881555, 'max_cat_to_onehot': 75, 'lambda_l1': 0.4722677036694331, 'lambda_l2': 0.23927653245200955}. Best is trial 4 with value: 0.617820741057996.
Trial 7 finished with value: 0.6166211640452435 and parameters: {'learning_rate': 0.042356773126632795, 'feature_fraction': 0.8564710291701385, 'bagging_fraction': 0.8683831592708489, 'bagging_freq': 1, 'num_leaves': 65, 'min_data_in_leaf': 6, 'extra_trees': False, 'min_data_per_group': 2, 'cat_l2': 0.009543550367992308, 'cat_smooth': 0.0014359718569878096, 'max_cat_to_onehot': 39, 'lambda_l1': 0.314424545478219, 'lambda_l2': 1.017190525260289}. Best is trial 7 with value: 0.6166211640452435.
Trial 8 finished with value: 0.6620866770851521 and parameters: {'learning_rate': 0.07581256838789621, 'feature_fraction': 0.549575337489325, 'bagging_fraction': 0.8231148769106889, 'bagging_freq': 1, 'num_leaves': 61, 'min_data_in_leaf': 2, 'extra_trees': True, 'min_data_per_group': 3, 'cat_l2': 1.3124992669799407, 'cat_smooth': 10.979988817809668, 'max_cat_to_onehot': 39, 'lambda_l1': 0.871473444128699, 'lambda_l2': 1.607363786590539}. Best is trial 7 with value: 0.6166211640452435.
Trial 9 finished with value: 0.6348125286895695 and parameters: {'learning_rate': 0.008743861043586432, 'feature_fraction': 0.9355353990939866, 'bagging_fraction': 0.8618026725746952, 'bagging_freq': 1, 'num_leaves': 78, 'min_data_in_leaf': 39, 'extra_trees': False, 'min_data_per_group': 4, 'cat_l2': 0.06461451563516586, 'cat_smooth': 12.304779330083704, 'max_cat_to_onehot': 70, 'lambda_l1': 0.007051435318137585, 'lambda_l2': 1.0215435304248737}. Best is trial 7 with value: 0.6166211640452435.
Trial 10 finished with value: 0.6732231587037251 and parameters: {'learning_rate': 0.04214720655985194, 'feature_fraction': 0.7971859899035706, 'bagging_fraction': 0.7022641957948879, 'bagging_freq': 1, 'num_leaves': 8, 'min_data_in_leaf': 12, 'extra_trees': True, 'min_data_per_group': 19, 'cat_l2': 0.005502059192515464, 'cat_smooth': 0.0017684001062801304, 'max_cat_to_onehot': 31, 'lambda_l1': 0.6782859743712771, 'lambda_l2': 0.8799544141361122}. Best is trial 7 with value: 0.6166211640452435.
Trial 11 finished with value: 0.6177401825138361 and parameters: {'learning_rate': 0.08666902684228948, 'feature_fraction': 0.8469283070445648, 'bagging_fraction': 0.7934011839518255, 'bagging_freq': 1, 'num_leaves': 165, 'min_data_in_leaf': 1, 'extra_trees': False, 'min_data_per_group': 11, 'cat_l2': 0.026019446850482533, 'cat_smooth': 0.0020887870522944057, 'max_cat_to_onehot': 100, 'lambda_l1': 0.26193379485146406, 'lambda_l2': 0.7068569370400888}. Best is trial 7 with value: 0.6166211640452435.
Trial 12 finished with value: 0.6097905802962191 and parameters: {'learning_rate': 0.045985353557020776, 'feature_fraction': 0.7908894317542967, 'bagging_fraction': 0.7858659963393527, 'bagging_freq': 1, 'num_leaves': 197, 'min_data_in_leaf': 3, 'extra_trees': False, 'min_data_per_group': 16, 'cat_l2': 0.02065606248834453, 'cat_smooth': 0.0013419844206405693, 'max_cat_to_onehot': 99, 'lambda_l1': 0.23561109591554674, 'lambda_l2': 0.9228635384898267}. Best is trial 12 with value: 0.6097905802962191.
Trial 13 finished with value: 0.6094765454197286 and parameters: {'learning_rate': 0.04451506475158212, 'feature_fraction': 0.6658189925402687, 'bagging_fraction': 0.7568355424737101, 'bagging_freq': 1, 'num_leaves': 197, 'min_data_in_leaf': 4, 'extra_trees': False, 'min_data_per_group': 31, 'cat_l2': 0.014178292836698936, 'cat_smooth': 0.00949474248363148, 'max_cat_to_onehot': 31, 'lambda_l1': 0.19618126578446127, 'lambda_l2': 1.0675900507917053}. Best is trial 13 with value: 0.6094765454197286.
Trial 14 finished with value: 0.6121102603046508 and parameters: {'learning_rate': 0.047205631063008936, 'feature_fraction': 0.645719492769735, 'bagging_fraction': 0.7485059832517718, 'bagging_freq': 1, 'num_leaves': 184, 'min_data_in_leaf': 3, 'extra_trees': False, 'min_data_per_group': 36, 'cat_l2': 0.02362374850799694, 'cat_smooth': 0.016582164686783318, 'max_cat_to_onehot': 25, 'lambda_l1': 0.17045177131759753, 'lambda_l2': 1.1562659645904292}. Best is trial 13 with value: 0.6094765454197286.
Trial 15 finished with value: 0.6161552286317511 and parameters: {'learning_rate': 0.028831156262608983, 'feature_fraction': 0.656900718931855, 'bagging_fraction': 0.777444800483216, 'bagging_freq': 1, 'num_leaves': 105, 'min_data_in_leaf': 4, 'extra_trees': False, 'min_data_per_group': 27, 'cat_l2': 0.021908643376174753, 'cat_smooth': 0.1515301900271508, 'max_cat_to_onehot': 13, 'lambda_l1': 0.5547090601060054, 'lambda_l2': 1.9591343319554364}. Best is trial 13 with value: 0.6094765454197286.
Trial 16 finished with value: 0.6346323718984925 and parameters: {'learning_rate': 0.05157199366340294, 'feature_fraction': 0.7197601341177061, 'bagging_fraction': 0.7221666529053538, 'bagging_freq': 1, 'num_leaves': 35, 'min_data_in_leaf': 18, 'extra_trees': False, 'min_data_per_group': 12, 'cat_l2': 0.011352006503411465, 'cat_smooth': 0.006637181409106276, 'max_cat_to_onehot': 97, 'lambda_l1': 0.18905084927705115, 'lambda_l2': 0.4676281944869485}. Best is trial 13 with value: 0.6094765454197286.
Trial 17 finished with value: 0.6090996223293454 and parameters: {'learning_rate': 0.005690829910093074, 'feature_fraction': 0.5866931362032247, 'bagging_fraction': 0.8086392823066837, 'bagging_freq': 1, 'num_leaves': 189, 'min_data_in_leaf': 2, 'extra_trees': False, 'min_data_per_group': 42, 'cat_l2': 0.005102192409247729, 'cat_smooth': 95.74738509612254, 'max_cat_to_onehot': 50, 'lambda_l1': 0.015119709504524625, 'lambda_l2': 1.247391501950312}. Best is trial 17 with value: 0.6090996223293454.
Trial 18 finished with value: 0.6764179157354633 and parameters: {'learning_rate': 0.006315416281076468, 'feature_fraction': 0.5830874036452105, 'bagging_fraction': 0.9981528355149126, 'bagging_freq': 1, 'num_leaves': 95, 'min_data_in_leaf': 2, 'extra_trees': True, 'min_data_per_group': 45, 'cat_l2': 0.005008958956611862, 'cat_smooth': 75.91033949080318, 'max_cat_to_onehot': 28, 'lambda_l1': 0.017456667665418202, 'lambda_l2': 1.3461145357924345}. Best is trial 17 with value: 0.6090996223293454.
Trial 19 finished with value: 0.6412895610974775 and parameters: {'learning_rate': 0.006011624718057674, 'feature_fraction': 0.5966972388166971, 'bagging_fraction': 0.821279079482895, 'bagging_freq': 1, 'num_leaves': 44, 'min_data_in_leaf': 1, 'extra_trees': False, 'min_data_per_group': 82, 'cat_l2': 0.045184569037313625, 'cat_smooth': 0.1349939322331017, 'max_cat_to_onehot': 50, 'lambda_l1': 0.09840801831170719, 'lambda_l2': 1.9483083332248612}. Best is trial 17 with value: 0.6090996223293454.
Trial 20 finished with value: 0.6651306017739949 and parameters: {'learning_rate': 0.005281955321750829, 'feature_fraction': 0.4115504548348689, 'bagging_fraction': 0.812624440057761, 'bagging_freq': 1, 'num_leaves': 22, 'min_data_in_leaf': 6, 'extra_trees': False, 'min_data_per_group': 30, 'cat_l2': 0.00821045457430385, 'cat_smooth': 68.9868403986685, 'max_cat_to_onehot': 37, 'lambda_l1': 0.38511513081361093, 'lambda_l2': 1.254190408045567}. Best is trial 17 with value: 0.6090996223293454.
Trial 21 finished with value: 0.610089260694074 and parameters: {'learning_rate': 0.028435805441592493, 'feature_fraction': 0.7554786831778288, 'bagging_fraction': 0.772044606302076, 'bagging_freq': 1, 'num_leaves': 200, 'min_data_in_leaf': 3, 'extra_trees': False, 'min_data_per_group': 15, 'cat_l2': 0.016808268562961415, 'cat_smooth': 0.006648663237477074, 'max_cat_to_onehot': 55, 'lambda_l1': 0.1887594929213099, 'lambda_l2': 0.8253889525947972}. Best is trial 17 with value: 0.6090996223293454.
Trial 22 finished with value: 0.6212222892543023 and parameters: {'learning_rate': 0.061786729574025964, 'feature_fraction': 0.6593372142756072, 'bagging_fraction': 0.7402647192299511, 'bagging_freq': 1, 'num_leaves': 120, 'min_data_in_leaf': 4, 'extra_trees': False, 'min_data_per_group': 62, 'cat_l2': 0.036657032143893944, 'cat_smooth': 0.09921246439709036, 'max_cat_to_onehot': 23, 'lambda_l1': 0.2519509756594694, 'lambda_l2': 1.0750660118640312}. Best is trial 17 with value: 0.6090996223293454.
Trial 23 finished with value: 0.61121233472821 and parameters: {'learning_rate': 0.035534031191360976, 'feature_fraction': 0.7837063804827152, 'bagging_fraction': 0.7961310199416906, 'bagging_freq': 1, 'num_leaves': 127, 'min_data_in_leaf': 2, 'extra_trees': False, 'min_data_per_group': 25, 'cat_l2': 0.01562799024893677, 'cat_smooth': 0.0010075510696926514, 'max_cat_to_onehot': 83, 'lambda_l1': 0.07535073306267703, 'lambda_l2': 0.7601853319460614}. Best is trial 17 with value: 0.6090996223293454.
Trial 24 finished with value: 0.6087748123408566 and parameters: {'learning_rate': 0.022336158217737746, 'feature_fraction': 0.611185051754201, 'bagging_fraction': 0.7724344623069634, 'bagging_freq': 1, 'num_leaves': 195, 'min_data_in_leaf': 3, 'extra_trees': False, 'min_data_per_group': 43, 'cat_l2': 0.007498208842349103, 'cat_smooth': 0.004601762478605203, 'max_cat_to_onehot': 56, 'lambda_l1': 0.14727372320029955, 'lambda_l2': 0.5687058791799793}. Best is trial 24 with value: 0.6087748123408566.
Trial 25 finished with value: 0.6198537520233972 and parameters: {'learning_rate': 0.02094780192785262, 'feature_fraction': 0.6037508594690093, 'bagging_fraction': 0.723677402359209, 'bagging_freq': 1, 'num_leaves': 56, 'min_data_in_leaf': 8, 'extra_trees': False, 'min_data_per_group': 44, 'cat_l2': 0.007397039921820512, 'cat_smooth': 0.05549358853828181, 'max_cat_to_onehot': 45, 'lambda_l1': 0.1130873959090419, 'lambda_l2': 0.050810661219009456}. Best is trial 24 with value: 0.6087748123408566.
Trial 26 finished with value: 0.6761009412407946 and parameters: {'learning_rate': 0.012820492766285078, 'feature_fraction': 0.541806266150836, 'bagging_fraction': 0.8375678806740687, 'bagging_freq': 1, 'num_leaves': 95, 'min_data_in_leaf': 16, 'extra_trees': True, 'min_data_per_group': 97, 'cat_l2': 0.006628079017572184, 'cat_smooth': 0.006748891749901477, 'max_cat_to_onehot': 62, 'lambda_l1': 0.0063419189479851645, 'lambda_l2': 0.37292413181526185}. Best is trial 24 with value: 0.6087748123408566.
Trial 27 finished with value: 0.6133370482463942 and parameters: {'learning_rate': 0.06347872768779303, 'feature_fraction': 0.6361625400316689, 'bagging_fraction': 0.7629110489390514, 'bagging_freq': 1, 'num_leaves': 140, 'min_data_in_leaf': 1, 'extra_trees': False, 'min_data_per_group': 57, 'cat_l2': 0.012601136868242773, 'cat_smooth': 0.4000151171868071, 'max_cat_to_onehot': 34, 'lambda_l1': 0.14484749659039325, 'lambda_l2': 0.5767205448530175}. Best is trial 24 with value: 0.6087748123408566.
Trial 28 finished with value: 0.6501522368506586 and parameters: {'learning_rate': 0.012126522384655133, 'feature_fraction': 0.6861663834626331, 'bagging_fraction': 0.7996590141260655, 'bagging_freq': 1, 'num_leaves': 18, 'min_data_in_leaf': 4, 'extra_trees': False, 'min_data_per_group': 34, 'cat_l2': 0.005118325605057293, 'cat_smooth': 0.004059678406358623, 'max_cat_to_onehot': 57, 'lambda_l1': 0.28723781855328434, 'lambda_l2': 1.411818714346306}. Best is trial 24 with value: 0.6087748123408566.
Trial 29 finished with value: 0.6110347639733198 and parameters: {'learning_rate': 0.019261124413958153, 'feature_fraction': 0.5486936112958899, 'bagging_fraction': 0.9133694505373278, 'bagging_freq': 1, 'num_leaves': 82, 'min_data_in_leaf': 1, 'extra_trees': False, 'min_data_per_group': 63, 'cat_l2': 0.11129725191152227, 'cat_smooth': 0.493420217352573, 'max_cat_to_onehot': 44, 'lambda_l1': 0.06286695598394115, 'lambda_l2': 1.1979063024026184}. Best is trial 24 with value: 0.6087748123408566.
Trial 30 finished with value: 0.6150913981604212 and parameters: {'learning_rate': 0.03520601675405632, 'feature_fraction': 0.42077063951535454, 'bagging_fraction': 0.7338889293729807, 'bagging_freq': 1, 'num_leaves': 137, 'min_data_in_leaf': 2, 'extra_trees': False, 'min_data_per_group': 44, 'cat_l2': 0.03104337991772551, 'cat_smooth': 39.60728452013464, 'max_cat_to_onehot': 8, 'lambda_l1': 0.4000926659195527, 'lambda_l2': 1.8001057892262526}. Best is trial 24 with value: 0.6087748123408566.
Trial 31 finished with value: 0.6120257914548393 and parameters: {'learning_rate': 0.0604396077742688, 'feature_fraction': 0.7421429532608604, 'bagging_fraction': 0.7753713897888834, 'bagging_freq': 1, 'num_leaves': 198, 'min_data_in_leaf': 3, 'extra_trees': False, 'min_data_per_group': 21, 'cat_l2': 0.019319029116131096, 'cat_smooth': 0.003251001064467441, 'max_cat_to_onehot': 79, 'lambda_l1': 0.22446636638352022, 'lambda_l2': 0.9279472551204084}. Best is trial 24 with value: 0.6087748123408566.
Trial 32 finished with value: 0.6145735974795133 and parameters: {'learning_rate': 0.033652211000752955, 'feature_fraction': 0.8453968818047399, 'bagging_fraction': 0.7885501084402843, 'bagging_freq': 1, 'num_leaves': 192, 'min_data_in_leaf': 3, 'extra_trees': False, 'min_data_per_group': 15, 'cat_l2': 0.012506051138523612, 'cat_smooth': 0.01158397765823191, 'max_cat_to_onehot': 84, 'lambda_l1': 0.21154678710326572, 'lambda_l2': 0.6728907495711709}. Best is trial 24 with value: 0.6087748123408566.
Trial 33 finished with value: 0.6107655466733372 and parameters: {'learning_rate': 0.007765488025074253, 'feature_fraction': 0.6899343850305433, 'bagging_fraction': 0.7566474976711232, 'bagging_freq': 1, 'num_leaves': 144, 'min_data_in_leaf': 5, 'extra_trees': False, 'min_data_per_group': 9, 'cat_l2': 0.008467930536440795, 'cat_smooth': 0.040605395700625824, 'max_cat_to_onehot': 21, 'lambda_l1': 0.32304385761854343, 'lambda_l2': 0.9791120323640603}. Best is trial 24 with value: 0.6087748123408566.
Trial 34 finished with value: 0.6140762982035601 and parameters: {'learning_rate': 0.0166239813285443, 'feature_fraction': 0.6068345860497796, 'bagging_fraction': 0.8343933395677854, 'bagging_freq': 1, 'num_leaves': 102, 'min_data_in_leaf': 8, 'extra_trees': False, 'min_data_per_group': 23, 'cat_l2': 0.01439523272171363, 'cat_smooth': 0.003295896649635999, 'max_cat_to_onehot': 32, 'lambda_l1': 0.14343397079782277, 'lambda_l2': 1.4015584294477876}. Best is trial 24 with value: 0.6087748123408566.
Trial 35 finished with value: 0.6241182165979117 and parameters: {'learning_rate': 0.09841708247308438, 'feature_fraction': 0.5170915880307061, 'bagging_fraction': 0.8059986339450879, 'bagging_freq': 1, 'num_leaves': 156, 'min_data_in_leaf': 2, 'extra_trees': False, 'min_data_per_group': 18, 'cat_l2': 0.07886687167655956, 'cat_smooth': 0.0010036089240451432, 'max_cat_to_onehot': 17, 'lambda_l1': 0.4638536039843675, 'lambda_l2': 1.1458356173173585}. Best is trial 24 with value: 0.6087748123408566.
Trial 36 finished with value: 0.6130811395034742 and parameters: {'learning_rate': 0.022667622608379866, 'feature_fraction': 0.8062387863482201, 'bagging_fraction': 0.7017355422604173, 'bagging_freq': 1, 'num_leaves': 78, 'min_data_in_leaf': 1, 'extra_trees': False, 'min_data_per_group': 38, 'cat_l2': 0.009448696697426233, 'cat_smooth': 0.01298347152062888, 'max_cat_to_onehot': 64, 'lambda_l1': 0.04846245716062897, 'lambda_l2': 1.2711869676823675}. Best is trial 24 with value: 0.6087748123408566.
Trial 37 finished with value: 0.6639660428555848 and parameters: {'learning_rate': 0.010393151427075911, 'feature_fraction': 0.8960463730405348, 'bagging_fraction': 0.7806265561263623, 'bagging_freq': 1, 'num_leaves': 116, 'min_data_in_leaf': 3, 'extra_trees': True, 'min_data_per_group': 51, 'cat_l2': 0.03425420150165616, 'cat_smooth': 1.353207679078777, 'max_cat_to_onehot': 46, 'lambda_l1': 0.1348537196740367, 'lambda_l2': 1.4928201103947796}. Best is trial 24 with value: 0.6087748123408566.
Trial 38 finished with value: 0.6181599420148247 and parameters: {'learning_rate': 0.05291510611833376, 'feature_fraction': 0.9968599887345563, 'bagging_fraction': 0.8452296870403999, 'bagging_freq': 1, 'num_leaves': 51, 'min_data_in_leaf': 5, 'extra_trees': False, 'min_data_per_group': 8, 'cat_l2': 0.006800990665166263, 'cat_smooth': 0.02480673434093405, 'max_cat_to_onehot': 55, 'lambda_l1': 0.3327147156323123, 'lambda_l2': 0.39157667696314197}. Best is trial 24 with value: 0.6087748123408566.
Trial 39 finished with value: 0.6684654067736405 and parameters: {'learning_rate': 0.04118107162383992, 'feature_fraction': 0.5661666510703451, 'bagging_fraction': 0.820977718854503, 'bagging_freq': 1, 'num_leaves': 5, 'min_data_in_leaf': 8, 'extra_trees': False, 'min_data_per_group': 29, 'cat_l2': 0.22794995964893905, 'cat_smooth': 0.2660578032875418, 'max_cat_to_onehot': 69, 'lambda_l1': 0.25628672256173013, 'lambda_l2': 0.8241381942679848}. Best is trial 24 with value: 0.6087748123408566.
Trial 40 finished with value: 0.6674812277256934 and parameters: {'learning_rate': 0.027576161976130602, 'feature_fraction': 0.5123010182266798, 'bagging_fraction': 0.8870365589454775, 'bagging_freq': 1, 'num_leaves': 159, 'min_data_in_leaf': 2, 'extra_trees': True, 'min_data_per_group': 67, 'cat_l2': 0.010245552164296446, 'cat_smooth': 4.315811243172703, 'max_cat_to_onehot': 27, 'lambda_l1': 0.5289975186254587, 'lambda_l2': 0.621639291355471}. Best is trial 24 with value: 0.6087748123408566.
Trial 41 finished with value: 0.6072954666281912 and parameters: {'learning_rate': 0.024920294063938423, 'feature_fraction': 0.7552923801650722, 'bagging_fraction': 0.7706332927160461, 'bagging_freq': 1, 'num_leaves': 180, 'min_data_in_leaf': 3, 'extra_trees': False, 'min_data_per_group': 13, 'cat_l2': 0.017484677797745294, 'cat_smooth': 0.006879772999773093, 'max_cat_to_onehot': 51, 'lambda_l1': 0.22263129539939436, 'lambda_l2': 0.8186344393213854}. Best is trial 41 with value: 0.6072954666281912.
Trial 42 finished with value: 0.6094453130955525 and parameters: {'learning_rate': 0.023728864028289783, 'feature_fraction': 0.7630210106197682, 'bagging_fraction': 0.7603113001089805, 'bagging_freq': 1, 'num_leaves': 163, 'min_data_in_leaf': 4, 'extra_trees': False, 'min_data_per_group': 17, 'cat_l2': 0.016365733048558668, 'cat_smooth': 0.0046626441925030244, 'max_cat_to_onehot': 39, 'lambda_l1': 0.0902800329613268, 'lambda_l2': 1.094750683486341}. Best is trial 41 with value: 0.6072954666281912.
Trial 43 finished with value: 0.614941642285124 and parameters: {'learning_rate': 0.015371393964186419, 'feature_fraction': 0.7191121864997767, 'bagging_fraction': 0.7528993152503461, 'bagging_freq': 1, 'num_leaves': 71, 'min_data_in_leaf': 5, 'extra_trees': False, 'min_data_per_group': 12, 'cat_l2': 0.01605339745805322, 'cat_smooth': 0.009188660199337187, 'max_cat_to_onehot': 41, 'lambda_l1': 0.08770271923525419, 'lambda_l2': 1.0621067628547602}. Best is trial 41 with value: 0.6072954666281912.
Trial 44 finished with value: 0.6117679975705209 and parameters: {'learning_rate': 0.023776137045967836, 'feature_fraction': 0.7522969672096176, 'bagging_fraction': 0.7668265643460429, 'bagging_freq': 1, 'num_leaves': 127, 'min_data_in_leaf': 4, 'extra_trees': False, 'min_data_per_group': 8, 'cat_l2': 0.02770185402995457, 'cat_smooth': 0.04556144355539938, 'max_cat_to_onehot': 50, 'lambda_l1': 0.16663447681871696, 'lambda_l2': 0.8148860460048725}. Best is trial 41 with value: 0.6072954666281912.
Trial 45 finished with value: 0.6116915054591068 and parameters: {'learning_rate': 0.017123547293332694, 'feature_fraction': 0.6815894467307243, 'bagging_fraction': 0.727773797197733, 'bagging_freq': 1, 'num_leaves': 159, 'min_data_in_leaf': 11, 'extra_trees': False, 'min_data_per_group': 32, 'cat_l2': 0.00627474032715614, 'cat_smooth': 0.002586964626646134, 'max_cat_to_onehot': 36, 'lambda_l1': 0.05178276052172395, 'lambda_l2': 0.4797547342568347}. Best is trial 41 with value: 0.6072954666281912.
Trial 46 finished with value: 0.6104369639739318 and parameters: {'learning_rate': 0.019698569578487087, 'feature_fraction': 0.6224400952477049, 'bagging_fraction': 0.7479951003896665, 'bagging_freq': 1, 'num_leaves': 95, 'min_data_in_leaf': 2, 'extra_trees': False, 'min_data_per_group': 5, 'cat_l2': 0.011493917330664993, 'cat_smooth': 0.02016718015420076, 'max_cat_to_onehot': 42, 'lambda_l1': 0.10200057575706124, 'lambda_l2': 0.2633398457791972}. Best is trial 41 with value: 0.6072954666281912.
Trial 47 finished with value: 0.6154312460009977 and parameters: {'learning_rate': 0.0316268232509275, 'feature_fraction': 0.8151630375672566, 'bagging_fraction': 0.7104505802554935, 'bagging_freq': 1, 'num_leaves': 158, 'min_data_in_leaf': 6, 'extra_trees': False, 'min_data_per_group': 21, 'cat_l2': 0.049006097715486474, 'cat_smooth': 0.004649929493847835, 'max_cat_to_onehot': 49, 'lambda_l1': 0.9985366119289169, 'lambda_l2': 1.0906542284683345}. Best is trial 41 with value: 0.6072954666281912.
Trial 48 finished with value: 0.6502856091498753 and parameters: {'learning_rate': 0.03862467689860018, 'feature_fraction': 0.7086014773954635, 'bagging_fraction': 0.7632078165903868, 'bagging_freq': 1, 'num_leaves': 114, 'min_data_in_leaf': 1, 'extra_trees': True, 'min_data_per_group': 17, 'cat_l2': 0.019580890357034857, 'cat_smooth': 0.9161941668998185, 'max_cat_to_onehot': 31, 'lambda_l1': 0.20960866566154251, 'lambda_l2': 1.6778069490982124}. Best is trial 41 with value: 0.6072954666281912.
Trial 49 finished with value: 0.6197730156927207 and parameters: {'learning_rate': 0.007643074737749933, 'feature_fraction': 0.6641110089854778, 'bagging_fraction': 0.7442323482994586, 'bagging_freq': 1, 'num_leaves': 84, 'min_data_in_leaf': 3, 'extra_trees': False, 'min_data_per_group': 10, 'cat_l2': 0.009475994188842523, 'cat_smooth': 5.475239867062912, 'max_cat_to_onehot': 59, 'lambda_l1': 0.29403164094377254, 'lambda_l2': 1.292542565493034}. Best is trial 41 with value: 0.6072954666281912.
Optuna Search Completed in: 373.96 seconds

Training final model on optimized parameter setup...

[LIGHTGBM FINALIZED METRICS]
Optimal Trees:         378
RMSE:             0.5919 (Delta to TabPFN: +0.0253)
MSE:            0.3503 (Delta to TabPFN: +0.0293)
Final Train Time:      1.68 seconds

--- LIGHTGBM Feature Importance (Raw vs. Scaled Share) ---
Feature | Raw gain | Share
alcohol | 14378.69 | 21.09%
volatile_acidity | 7491.86 | 10.99%
density | 6093.84 | 8.94%
free_sulfur_dioxide | 5945.04 | 8.72%
sulphates | 5764.89 | 8.45%
residual_sugar | 5411.12 | 7.94%
total_sulfur_dioxide | 5248.11 | 7.70%
pH | 4693.01 | 6.88%
chlorides | 4523.42 | 6.63%
citric_acid | 4519.90 | 6.63%
fixed_acidity | 3996.09 | 5.86%
wine_color | 121.78 | 0.18%

=====================================================================
METRIC TYPE                                  | VALUE / PROFILE
=====================================================================
Macro Embedding Share                        | 0.00%
Macro Raw Feature Share                      | 100.00%
---------------------------------------------------------------------
Active Text Embedding Density            | 0.00% (0/0)
Active Raw Tabular Feature Density       | 100.00% (12/12)
---------------------------------------------------------------------
Top-5 Concentration Ratio (CR5)          | 58.18% of total decision weight
Top-10 Concentration Ratio (CR10)        | 93.96% of total decision weight
=====================================================================

Total Pipeline Execution Time: 378.60 seconds

[SUCCESS] Permanent artifacts safely written to 'outputs/1/results/'
