Loading archive 'archives/wine_quality.npz' and initializing pipeline for target: XGBOOST...
Execution Mode: RAW-ONLY
Session Output Target: outputs/1/
Task Type: REGRESSION
TabPFN Baselines Loaded - Primary: 0.5666 | Secondary: 0.3211
PCA reduced text embeddings to 25 components.
Final training matrix shape assembled for RAW-ONLY: (5197, 12)

Running 50-Trial Optuna Study for XGBOOST (RAW-ONLY)...
A new study created in RDB with name: 20260619_002602_xgboost_raw-only_wine_quality
Trial 0 finished with value: 0.6084765840636639 and parameters: {'learning_rate': 0.015355286838886862, 'max_depth': 10, 'min_child_weight': 0.5100627805979911, 'subsample': 0.8394633936788146, 'colsample_bylevel': 0.6624074561769746, 'colsample_bynode': 0.662397808134481, 'reg_alpha': 0.29051225247978046, 'reg_lambda': 4.330894111260099, 'grow_policy': 'lossguide', 'max_cat_to_onehot': 8, 'max_leaves': 884}. Best is trial 0 with value: 0.6084765840636639.
Trial 1 finished with value: 0.649463949866804 and parameters: {'learning_rate': 0.060534484680010825, 'max_depth': 4, 'min_child_weight': 0.004705059281907645, 'subsample': 0.6733618039413735, 'colsample_bylevel': 0.7216968971838151, 'colsample_bynode': 0.8099025726528951, 'reg_alpha': 2.1597818987087147, 'reg_lambda': 1.4562165780761898, 'grow_policy': 'depthwise', 'max_cat_to_onehot': 16, 'max_leaves': 45}. Best is trial 0 with value: 0.6084765840636639.
Trial 2 finished with value: 0.6236600925316198 and parameters: {'learning_rate': 0.019603369861210685, 'max_depth': 8, 'min_child_weight': 0.005477562363971304, 'subsample': 0.8056937753654446, 'colsample_bylevel': 0.836965827544817, 'colsample_bynode': 0.6185801650879991, 'reg_alpha': 3.037763505022002, 'reg_lambda': 0.8527035660240889, 'grow_policy': 'lossguide', 'max_cat_to_onehot': 92, 'max_leaves': 399}. Best is trial 0 with value: 0.6084765840636639.
Trial 3 finished with value: 0.6656205717903834 and parameters: {'learning_rate': 0.012453219846912198, 'max_depth': 4, 'min_child_weight': 0.33959199243313637, 'subsample': 0.7760609974958406, 'colsample_bylevel': 0.6488152939379115, 'colsample_bynode': 0.798070764044508, 'reg_alpha': 0.17203916672398045, 'reg_lambda': 4.546611078353703, 'grow_policy': 'lossguide', 'max_cat_to_onehot': 17, 'max_leaves': 97}. Best is trial 0 with value: 0.6084765840636639.
Trial 4 finished with value: 0.6549553463539624 and parameters: {'learning_rate': 0.025719142025384646, 'max_depth': 4, 'min_child_weight': 3.8589082671053854, 'subsample': 0.9100531293444458, 'colsample_bylevel': 0.9757995766256756, 'colsample_bynode': 0.9579309401710595, 'reg_alpha': 2.989540104057545, 'reg_lambda': 4.609378987692081, 'grow_policy': 'lossguide', 'max_cat_to_onehot': 8, 'max_leaves': 37}. Best is trial 0 with value: 0.6084765840636639.
Trial 5 finished with value: 0.651327529730968 and parameters: {'learning_rate': 0.016019568611465234, 'max_depth': 5, 'min_child_weight': 1.1627201204016835, 'subsample': 0.7427013306774357, 'colsample_bylevel': 0.7123738038749523, 'colsample_bynode': 0.8170784332632994, 'reg_alpha': 0.7047070324513158, 'reg_lambda': 4.011004684072123, 'grow_policy': 'lossguide', 'max_cat_to_onehot': 56, 'max_leaves': 20}. Best is trial 0 with value: 0.6084765840636639.
Trial 6 finished with value: 0.6898719140289586 and parameters: {'learning_rate': 0.0050834018700114374, 'max_depth': 9, 'min_child_weight': 0.4117599592262879, 'subsample': 0.8916028672163949, 'colsample_bylevel': 0.9085081386743783, 'colsample_bynode': 0.6296178606936361, 'reg_alpha': 1.7923927961485087, 'reg_lambda': 0.5794337107196961, 'grow_policy': 'depthwise', 'max_cat_to_onehot': 18, 'max_leaves': 10}. Best is trial 0 with value: 0.6084765840636639.
Trial 7 finished with value: 0.6507253051196376 and parameters: {'learning_rate': 0.012693089228250284, 'max_depth': 5, 'min_child_weight': 0.49979438035802604, 'subsample': 0.8550229885420852, 'colsample_bylevel': 0.9548850970305306, 'colsample_bynode': 0.7888859700647797, 'reg_alpha': 0.5980592702669147, 'reg_lambda': 3.566252611636253, 'grow_policy': 'depthwise', 'max_cat_to_onehot': 55, 'max_leaves': 85}. Best is trial 0 with value: 0.6084765840636639.
Trial 8 finished with value: 0.6313943615249833 and parameters: {'learning_rate': 0.02393652463662192, 'max_depth': 6, 'min_child_weight': 0.0012417226051008223, 'subsample': 0.6431565707973218, 'colsample_bylevel': 0.6125716742746937, 'colsample_bynode': 0.8545641645055122, 'reg_alpha': 1.5718484697835258, 'reg_lambda': 2.542902598754398, 'grow_policy': 'depthwise', 'max_cat_to_onehot': 22, 'max_leaves': 308}. Best is trial 0 with value: 0.6084765840636639.
Trial 9 finished with value: 0.6696856282826669 and parameters: {'learning_rate': 0.009923006608672534, 'max_depth': 4, 'min_child_weight': 0.011797281245016885, 'subsample': 0.6644885149016018, 'colsample_bylevel': 0.9718790609370292, 'colsample_bynode': 0.9232481518257668, 'reg_alpha': 3.1670554421764665, 'reg_lambda': 4.35731580487957, 'grow_policy': 'depthwise', 'max_cat_to_onehot': 76, 'max_leaves': 106}. Best is trial 0 with value: 0.6084765840636639.
Trial 10 finished with value: 0.6336664989225375 and parameters: {'learning_rate': 0.0864853073450281, 'max_depth': 7, 'min_child_weight': 0.05528731777524736, 'subsample': 0.9729161367647149, 'colsample_bylevel': 0.8262452362725613, 'colsample_bynode': 0.7202259292197385, 'reg_alpha': 4.7988577526525065, 'reg_lambda': 2.58248067449815, 'grow_policy': 'lossguide', 'max_cat_to_onehot': 8, 'max_leaves': 971}. Best is trial 0 with value: 0.6084765840636639.
Trial 11 finished with value: 0.6268289952662527 and parameters: {'learning_rate': 0.031790458723690476, 'max_depth': 10, 'min_child_weight': 0.04850433098990247, 'subsample': 0.7969511524558275, 'colsample_bylevel': 0.8167265665612355, 'colsample_bynode': 0.6039952029525323, 'reg_alpha': 4.9825928175068475, 'reg_lambda': 0.11339104360127816, 'grow_policy': 'lossguide', 'max_cat_to_onehot': 32, 'max_leaves': 1021}. Best is trial 0 with value: 0.6084765840636639.
Trial 12 finished with value: 0.6410704127183078 and parameters: {'learning_rate': 0.007151134065784922, 'max_depth': 8, 'min_child_weight': 0.052789789934594884, 'subsample': 0.8419766872475172, 'colsample_bylevel': 0.8173466595551238, 'colsample_bynode': 0.6908556046603515, 'reg_alpha': 3.8784200409018506, 'reg_lambda': 2.9417762763087145, 'grow_policy': 'lossguide', 'max_cat_to_onehot': 91, 'max_leaves': 360}. Best is trial 0 with value: 0.6084765840636639.
Trial 13 finished with value: 0.6209067859414688 and parameters: {'learning_rate': 0.0364822543842359, 'max_depth': 10, 'min_child_weight': 0.0014952392588685655, 'subsample': 0.732365136722726, 'colsample_bylevel': 0.7480325373108416, 'colsample_bynode': 0.6741038957536338, 'reg_alpha': 2.9172271043171976, 'reg_lambda': 1.6717470023119254, 'grow_policy': 'lossguide', 'max_cat_to_onehot': 32, 'max_leaves': 365}. Best is trial 0 with value: 0.6084765840636639.
Trial 14 finished with value: 0.6182415106561019 and parameters: {'learning_rate': 0.041314384168676443, 'max_depth': 10, 'min_child_weight': 4.820025541198527, 'subsample': 0.7151637197860257, 'colsample_bylevel': 0.7220403855753227, 'colsample_bynode': 0.6894260284445125, 'reg_alpha': 1.2306722345461438, 'reg_lambda': 1.7267845169627416, 'grow_policy': 'lossguide', 'max_cat_to_onehot': 11, 'max_leaves': 544}. Best is trial 0 with value: 0.6084765840636639.
Trial 15 finished with value: 0.6231785359295764 and parameters: {'learning_rate': 0.04872937925279063, 'max_depth': 9, 'min_child_weight': 4.204196605005472, 'subsample': 0.6034674585710857, 'colsample_bylevel': 0.6732132011401761, 'colsample_bynode': 0.7426568569151955, 'reg_alpha': 1.1700474889752008, 'reg_lambda': 3.3401184210351613, 'grow_policy': 'lossguide', 'max_cat_to_onehot': 10, 'max_leaves': 733}. Best is trial 0 with value: 0.6084765840636639.
Trial 16 finished with value: 0.6181621089135929 and parameters: {'learning_rate': 0.08591009827794409, 'max_depth': 8, 'min_child_weight': 1.3298174967427785, 'subsample': 0.9609770664791568, 'colsample_bylevel': 0.7750751562805269, 'colsample_bynode': 0.6666714043141408, 'reg_alpha': 0.060254513543644805, 'reg_lambda': 1.9617321776669865, 'grow_policy': 'lossguide', 'max_cat_to_onehot': 12, 'max_leaves': 190}. Best is trial 0 with value: 0.6084765840636639.
Trial 17 finished with value: 0.6239475661160527 and parameters: {'learning_rate': 0.08659079512783448, 'max_depth': 7, 'min_child_weight': 1.3398380641741732, 'subsample': 0.9916974890730613, 'colsample_bylevel': 0.7616287146723626, 'colsample_bynode': 0.6544074552304572, 'reg_alpha': 0.06577597391735732, 'reg_lambda': 4.956386852998385, 'grow_policy': 'lossguide', 'max_cat_to_onehot': 13, 'max_leaves': 199}. Best is trial 0 with value: 0.6084765840636639.
Trial 18 finished with value: 0.6210317602095994 and parameters: {'learning_rate': 0.0675995273861293, 'max_depth': 7, 'min_child_weight': 0.15847195772915262, 'subsample': 0.9134639634286341, 'colsample_bylevel': 0.8977067193388568, 'colsample_bynode': 0.7382524275549022, 'reg_alpha': 0.5293964089451647, 'reg_lambda': 2.24396666901757, 'grow_policy': 'lossguide', 'max_cat_to_onehot': 12, 'max_leaves': 126}. Best is trial 0 with value: 0.6084765840636639.
Trial 19 finished with value: 0.628643069423626 and parameters: {'learning_rate': 0.008155175133029961, 'max_depth': 8, 'min_child_weight': 1.339857309114645, 'subsample': 0.9496606563368476, 'colsample_bylevel': 0.6008125224250843, 'colsample_bynode': 0.753723332915716, 'reg_alpha': 0.01964044444400146, 'reg_lambda': 3.718351273516144, 'grow_policy': 'lossguide', 'max_cat_to_onehot': 24, 'max_leaves': 216}. Best is trial 0 with value: 0.6084765840636639.
Trial 20 finished with value: 0.630046685140922 and parameters: {'learning_rate': 0.09943338364565224, 'max_depth': 6, 'min_child_weight': 0.16677584260410364, 'subsample': 0.8573299492480904, 'colsample_bylevel': 0.6651441978588598, 'colsample_bynode': 0.6528000968599516, 'reg_alpha': 0.9136126594084664, 'reg_lambda': 1.030895189720291, 'grow_policy': 'lossguide', 'max_cat_to_onehot': 8, 'max_leaves': 172}. Best is trial 0 with value: 0.6084765840636639.
Trial 21 finished with value: 0.6162507082303608 and parameters: {'learning_rate': 0.03676736632259888, 'max_depth': 10, 'min_child_weight': 2.5070244915147395, 'subsample': 0.7374415337579823, 'colsample_bylevel': 0.7684816383324855, 'colsample_bynode': 0.6952905337382062, 'reg_alpha': 1.320197557070607, 'reg_lambda': 1.854234203101238, 'grow_policy': 'lossguide', 'max_cat_to_onehot': 11, 'max_leaves': 575}. Best is trial 0 with value: 0.6084765840636639.
Trial 22 finished with value: 0.6200057072347718 and parameters: {'learning_rate': 0.055434354990240124, 'max_depth': 9, 'min_child_weight': 0.8797419632348857, 'subsample': 0.938958098613096, 'colsample_bylevel': 0.7881747165652582, 'colsample_bynode': 0.7073409244230507, 'reg_alpha': 1.7564579732395493, 'reg_lambda': 2.06739250300687, 'grow_policy': 'lossguide', 'max_cat_to_onehot': 14, 'max_leaves': 582}. Best is trial 0 with value: 0.6084765840636639.
Trial 23 finished with value: 0.6206118482738103 and parameters: {'learning_rate': 0.03190622537412371, 'max_depth': 9, 'min_child_weight': 2.872021145617078, 'subsample': 0.8245864811511688, 'colsample_bylevel': 0.8708121148098813, 'colsample_bynode': 0.6532912859582702, 'reg_alpha': 2.164738474681813, 'reg_lambda': 2.991357124605239, 'grow_policy': 'lossguide', 'max_cat_to_onehot': 10, 'max_leaves': 580}. Best is trial 0 with value: 0.6084765840636639.
Trial 24 finished with value: 0.6110021900799494 and parameters: {'learning_rate': 0.019936513393263574, 'max_depth': 10, 'min_child_weight': 2.2915384561206, 'subsample': 0.7673146400061027, 'colsample_bylevel': 0.7761945861836954, 'colsample_bynode': 0.7644893632340068, 'reg_alpha': 0.4025726614039917, 'reg_lambda': 1.2444047981848372, 'grow_policy': 'lossguide', 'max_cat_to_onehot': 10, 'max_leaves': 233}. Best is trial 0 with value: 0.6084765840636639.
Trial 25 finished with value: 0.6138188718546421 and parameters: {'learning_rate': 0.018068846644970143, 'max_depth': 10, 'min_child_weight': 2.0362124704115416, 'subsample': 0.7707529916813795, 'colsample_bylevel': 0.6868793760935898, 'colsample_bynode': 0.765353703292913, 'reg_alpha': 1.196016339940178, 'reg_lambda': 1.2321375290326857, 'grow_policy': 'lossguide', 'max_cat_to_onehot': 9, 'max_leaves': 271}. Best is trial 0 with value: 0.6084765840636639.
Trial 26 finished with value: 0.6096703456850301 and parameters: {'learning_rate': 0.01913090734133739, 'max_depth': 10, 'min_child_weight': 0.15800419878879235, 'subsample': 0.7726907409611607, 'colsample_bylevel': 0.6887330182544579, 'colsample_bynode': 0.8610235542145496, 'reg_alpha': 0.4808166563780839, 'reg_lambda': 1.3050712468754617, 'grow_policy': 'depthwise', 'max_cat_to_onehot': 9, 'max_leaves': 270}. Best is trial 0 with value: 0.6084765840636639.
Trial 27 finished with value: 0.6231092326226555 and parameters: {'learning_rate': 0.014191309262695427, 'max_depth': 9, 'min_child_weight': 0.13213057762436672, 'subsample': 0.7008493781817093, 'colsample_bylevel': 0.6396538298853595, 'colsample_bynode': 0.8755018207309047, 'reg_alpha': 0.4511556456682235, 'reg_lambda': 0.3538738849116069, 'grow_policy': 'depthwise', 'max_cat_to_onehot': 9, 'max_leaves': 68}. Best is trial 0 with value: 0.6084765840636639.
Trial 28 finished with value: 0.6141069774585493 and parameters: {'learning_rate': 0.01918309917437288, 'max_depth': 9, 'min_child_weight': 0.6098104619247986, 'subsample': 0.7754706389105304, 'colsample_bylevel': 0.6987672246840414, 'colsample_bynode': 0.9978968044765303, 'reg_alpha': 0.851254711109815, 'reg_lambda': 0.609164796027608, 'grow_policy': 'depthwise', 'max_cat_to_onehot': 14, 'max_leaves': 133}. Best is trial 0 with value: 0.6084765840636639.
Trial 29 finished with value: 0.6302944222920738 and parameters: {'learning_rate': 0.022591851171939424, 'max_depth': 10, 'min_child_weight': 0.2471343729341177, 'subsample': 0.8778999201274951, 'colsample_bylevel': 0.7361866733766125, 'colsample_bynode': 0.8681307907463659, 'reg_alpha': 2.316864644281, 'reg_lambda': 1.371382375508193, 'grow_policy': 'depthwise', 'max_cat_to_onehot': 16, 'max_leaves': 56}. Best is trial 0 with value: 0.6084765840636639.
Trial 30 finished with value: 0.6462538990549042 and parameters: {'learning_rate': 0.010279464565443356, 'max_depth': 8, 'min_child_weight': 0.024505524593775377, 'subsample': 0.8009887480732676, 'colsample_bylevel': 0.6339554363757806, 'colsample_bynode': 0.8336016709979852, 'reg_alpha': 0.425909312832935, 'reg_lambda': 2.4099142307573533, 'grow_policy': 'depthwise', 'max_cat_to_onehot': 21, 'max_leaves': 39}. Best is trial 0 with value: 0.6084765840636639.
Trial 31 finished with value: 0.6127256500007254 and parameters: {'learning_rate': 0.017580774776118368, 'max_depth': 10, 'min_child_weight': 2.0487021300542128, 'subsample': 0.7575238031278235, 'colsample_bylevel': 0.6885586078995136, 'colsample_bynode': 0.7742869158657635, 'reg_alpha': 0.9317886414663958, 'reg_lambda': 1.3869206751490766, 'grow_policy': 'depthwise', 'max_cat_to_onehot': 9, 'max_leaves': 235}. Best is trial 0 with value: 0.6084765840636639.
Trial 32 finished with value: 0.6102891186394117 and parameters: {'learning_rate': 0.01535684746327587, 'max_depth': 10, 'min_child_weight': 0.7580439473671314, 'subsample': 0.7613350851410067, 'colsample_bylevel': 0.6899972649856949, 'colsample_bynode': 0.7760354422855834, 'reg_alpha': 0.8894900119083812, 'reg_lambda': 0.8656194877852316, 'grow_policy': 'depthwise', 'max_cat_to_onehot': 9, 'max_leaves': 274}. Best is trial 0 with value: 0.6084765840636639.
Trial 33 finished with value: 0.6092009377597607 and parameters: {'learning_rate': 0.014254721520507836, 'max_depth': 9, 'min_child_weight': 0.09133899020778755, 'subsample': 0.8198865039980201, 'colsample_bylevel': 0.6590648480910066, 'colsample_bynode': 0.8973022326041737, 'reg_alpha': 0.28845918825017586, 'reg_lambda': 0.9618796465786237, 'grow_policy': 'depthwise', 'max_cat_to_onehot': 10, 'max_leaves': 422}. Best is trial 0 with value: 0.6084765840636639.
Trial 34 finished with value: 0.6145535234945767 and parameters: {'learning_rate': 0.01467243882128074, 'max_depth': 8, 'min_child_weight': 0.08178755142810602, 'subsample': 0.8238783814060756, 'colsample_bylevel': 0.6577977658369304, 'colsample_bynode': 0.9039968334267465, 'reg_alpha': 0.8301554270287415, 'reg_lambda': 0.875427118286451, 'grow_policy': 'depthwise', 'max_cat_to_onehot': 8, 'max_leaves': 454}. Best is trial 0 with value: 0.6084765840636639.
Trial 35 finished with value: 0.6080484064919126 and parameters: {'learning_rate': 0.010901080488459511, 'max_depth': 9, 'min_child_weight': 0.2810956815698885, 'subsample': 0.8207806271071191, 'colsample_bylevel': 0.6230215933583786, 'colsample_bynode': 0.9092030429622923, 'reg_alpha': 0.3293367996527918, 'reg_lambda': 0.08620956119764323, 'grow_policy': 'depthwise', 'max_cat_to_onehot': 15, 'max_leaves': 776}. Best is trial 35 with value: 0.6080484064919126.
Trial 36 finished with value: 0.6065320763642227 and parameters: {'learning_rate': 0.011104520774610013, 'max_depth': 9, 'min_child_weight': 0.10171605556237318, 'subsample': 0.8222587431329786, 'colsample_bylevel': 0.6231310164157834, 'colsample_bynode': 0.9464219297979306, 'reg_alpha': 0.3023618248542178, 'reg_lambda': 0.023712650616022374, 'grow_policy': 'depthwise', 'max_cat_to_onehot': 18, 'max_leaves': 745}. Best is trial 36 with value: 0.6065320763642227.
Trial 37 finished with value: 0.60888072886261 and parameters: {'learning_rate': 0.01065922158901589, 'max_depth': 9, 'min_child_weight': 0.29099221307844164, 'subsample': 0.8746710881931399, 'colsample_bylevel': 0.6236952410649151, 'colsample_bynode': 0.9531362543245288, 'reg_alpha': 0.2593866759561877, 'reg_lambda': 0.22658050605216637, 'grow_policy': 'depthwise', 'max_cat_to_onehot': 29, 'max_leaves': 752}. Best is trial 36 with value: 0.6065320763642227.
Trial 38 finished with value: 0.6221918160749655 and parameters: {'learning_rate': 0.01069128859479561, 'max_depth': 7, 'min_child_weight': 0.2497502887345485, 'subsample': 0.8851498304892018, 'colsample_bylevel': 0.6237260005114674, 'colsample_bynode': 0.9550655633514936, 'reg_alpha': 0.25360247553896503, 'reg_lambda': 0.1287387616259913, 'grow_policy': 'depthwise', 'max_cat_to_onehot': 29, 'max_leaves': 765}. Best is trial 36 with value: 0.6065320763642227.
Trial 39 finished with value: 0.628030153324221 and parameters: {'learning_rate': 0.006386888686740689, 'max_depth': 8, 'min_child_weight': 0.352138845638055, 'subsample': 0.9083880239398853, 'colsample_bylevel': 0.6025051488471954, 'colsample_bynode': 0.9752507306199918, 'reg_alpha': 1.5232720064213532, 'reg_lambda': 0.004243120973778672, 'grow_policy': 'depthwise', 'max_cat_to_onehot': 43, 'max_leaves': 802}. Best is trial 36 with value: 0.6065320763642227.
Trial 40 finished with value: 0.6119107552507368 and parameters: {'learning_rate': 0.00902470586159035, 'max_depth': 9, 'min_child_weight': 0.29097925772715655, 'subsample': 0.8572437725607027, 'colsample_bylevel': 0.6287759746574674, 'colsample_bynode': 0.9399222990857526, 'reg_alpha': 0.6021009130619027, 'reg_lambda': 0.5384215796542695, 'grow_policy': 'depthwise', 'max_cat_to_onehot': 19, 'max_leaves': 768}. Best is trial 36 with value: 0.6065320763642227.
Trial 41 finished with value: 0.6082392257893428 and parameters: {'learning_rate': 0.012564231118548692, 'max_depth': 9, 'min_child_weight': 0.08466108540337698, 'subsample': 0.8209138878997716, 'colsample_bylevel': 0.6539830241715325, 'colsample_bynode': 0.8987069630887936, 'reg_alpha': 0.22370344379116275, 'reg_lambda': 0.282211284325264, 'grow_policy': 'depthwise', 'max_cat_to_onehot': 15, 'max_leaves': 445}. Best is trial 36 with value: 0.6065320763642227.
Trial 42 finished with value: 0.6076087887775373 and parameters: {'learning_rate': 0.012394512827098565, 'max_depth': 9, 'min_child_weight': 0.018842669081151814, 'subsample': 0.7983792029461457, 'colsample_bylevel': 0.6413518004784293, 'colsample_bynode': 0.9175664616935112, 'reg_alpha': 0.16555158629056602, 'reg_lambda': 0.3614979806419667, 'grow_policy': 'depthwise', 'max_cat_to_onehot': 25, 'max_leaves': 455}. Best is trial 36 with value: 0.6065320763642227.
Trial 43 finished with value: 0.615244275942519 and parameters: {'learning_rate': 0.012206645710438124, 'max_depth': 8, 'min_child_weight': 0.019672675019438826, 'subsample': 0.7948223071631978, 'colsample_bylevel': 0.6431513398258634, 'colsample_bynode': 0.9255868787661422, 'reg_alpha': 0.672469803714097, 'reg_lambda': 0.45594799651090423, 'grow_policy': 'depthwise', 'max_cat_to_onehot': 25, 'max_leaves': 481}. Best is trial 36 with value: 0.6065320763642227.
Trial 44 finished with value: 0.6087923025988417 and parameters: {'learning_rate': 0.012396605499054568, 'max_depth': 9, 'min_child_weight': 0.008236863123777515, 'subsample': 0.8399474239105841, 'colsample_bylevel': 0.7136592726617472, 'colsample_bynode': 0.8940943165724625, 'reg_alpha': 0.046470661147291106, 'reg_lambda': 0.6370963765313263, 'grow_policy': 'depthwise', 'max_cat_to_onehot': 19, 'max_leaves': 929}. Best is trial 36 with value: 0.6065320763642227.
Trial 45 finished with value: 0.6188937470972619 and parameters: {'learning_rate': 0.007935092397885063, 'max_depth': 8, 'min_child_weight': 0.03254406896467462, 'subsample': 0.8151272675132282, 'colsample_bylevel': 0.6477342101881991, 'colsample_bynode': 0.8217068261295905, 'reg_alpha': 0.27349185199382414, 'reg_lambda': 0.3141595580858896, 'grow_policy': 'depthwise', 'max_cat_to_onehot': 17, 'max_leaves': 334}. Best is trial 36 with value: 0.6065320763642227.
Trial 46 finished with value: 0.6707456152429001 and parameters: {'learning_rate': 0.005580774481998314, 'max_depth': 9, 'min_child_weight': 0.005147861221414675, 'subsample': 0.8424661128604014, 'colsample_bylevel': 0.6716279793504388, 'colsample_bynode': 0.9223533921654073, 'reg_alpha': 0.6883249997806722, 'reg_lambda': 4.091758024267439, 'grow_policy': 'depthwise', 'max_cat_to_onehot': 15, 'max_leaves': 22}. Best is trial 36 with value: 0.6065320763642227.
Trial 47 finished with value: 0.6633518142597828 and parameters: {'learning_rate': 0.011925253612570654, 'max_depth': 4, 'min_child_weight': 0.08719918562006607, 'subsample': 0.7870423413776684, 'colsample_bylevel': 0.6205757892098415, 'colsample_bynode': 0.9736296070269648, 'reg_alpha': 1.106776532676245, 'reg_lambda': 0.6492403855113853, 'grow_policy': 'depthwise', 'max_cat_to_onehot': 40, 'max_leaves': 620}. Best is trial 36 with value: 0.6065320763642227.
Trial 48 finished with value: 0.6828195890317355 and parameters: {'learning_rate': 0.008984642546841714, 'max_depth': 7, 'min_child_weight': 0.013972611687687061, 'subsample': 0.8360106529193697, 'colsample_bylevel': 0.6083344389203084, 'colsample_bynode': 0.883946074471632, 'reg_alpha': 0.29138698578724304, 'reg_lambda': 0.006920642430832728, 'grow_policy': 'depthwise', 'max_cat_to_onehot': 23, 'max_leaves': 8}. Best is trial 36 with value: 0.6065320763642227.
Trial 49 finished with value: 0.6160876839799174 and parameters: {'learning_rate': 0.022518963479801934, 'max_depth': 8, 'min_child_weight': 0.002681072414956136, 'subsample': 0.8043161512739596, 'colsample_bylevel': 0.6547514591650623, 'colsample_bynode': 0.9137619644872691, 'reg_alpha': 1.467274218601419, 'reg_lambda': 0.24825863974721601, 'grow_policy': 'depthwise', 'max_cat_to_onehot': 20, 'max_leaves': 512}. Best is trial 36 with value: 0.6065320763642227.
Optuna Search Completed in: 585.32 seconds

Training final model on optimized parameter setup...

[XGBOOST FINALIZED METRICS]
Optimal Trees:         1000
RMSE:             0.5898 (Delta to TabPFN: +0.0232)
MSE:            0.3479 (Delta to TabPFN: +0.0268)
Final Train Time:      2.05 seconds

--- XGBOOST Feature Importance (Raw vs. Scaled Share) ---
Feature | Raw gain | Share
alcohol | 29869.83 | 19.97%
volatile_acidity | 18449.77 | 12.33%
density | 14588.45 | 9.75%
free_sulfur_dioxide | 13078.24 | 8.74%
residual_sugar | 11798.83 | 7.89%
total_sulfur_dioxide | 11093.36 | 7.42%
sulphates | 10849.14 | 7.25%
chlorides | 10548.48 | 7.05%
citric_acid | 10212.07 | 6.83%
pH | 9532.53 | 6.37%
fixed_acidity | 9303.77 | 6.22%
wine_color | 256.75 | 0.17%

=====================================================================
METRIC TYPE                                  | VALUE / PROFILE
=====================================================================
Macro Embedding Share                        | 0.00%
Macro Raw Feature Share                      | 100.00%
---------------------------------------------------------------------
Active Text Embedding Density            | 0.00% (0/0)
Active Raw Tabular Feature Density       | 100.00% (12/12)
---------------------------------------------------------------------
Top-5 Concentration Ratio (CR5)          | 58.69% of total decision weight
Top-10 Concentration Ratio (CR10)        | 93.61% of total decision weight
=====================================================================

Total Pipeline Execution Time: 590.07 seconds

[SUCCESS] Permanent artifacts safely written to 'outputs/1/results/'
