[W&B] Child process started for job: diabetes130us_embed-only_catboost in group session-training-4
Loading archive 'archives/diabetes130us.npz' and initializing pipeline for target: CATBOOST...
Execution Mode: EMBED-ONLY
Session Output Target: outputs/training-4/
Task Type: BINARY
TabPFN Baselines Loaded - Primary: 0.3231 | Secondary: 0.9122
PCA reduced text embeddings to 38 components.
Final training matrix shape assembled for EMBED-ONLY: (57214, 38)

Running 26-Trial Optuna Study for CATBOOST (EMBED-ONLY)...
A new study created in RDB with name: 20260624_164210_diabetes130us_embed-only_catboost
Trial 0 finished with value: 0.35228810002923605 and parameters: {}. Best is trial 0 with value: 0.35228810002923605.
Trial 1 finished with value: 0.35353961493153996 and parameters: {'learning_rate': 0.015355286838886862, 'bootstrap_type': 'Bernoulli', 'subsample': 0.9852142919229748, 'grow_policy': 'SymmetricTree', 'depth': 4, 'colsample_bylevel': 0.8733991780504303, 'l2_leaf_reg': 0.00018747059221802545, 'leaf_estimation_iterations': 12, 'one_hot_max_size': 36, 'model_size_reg': 0.6803900745073703, 'max_ctr_complexity': 2, 'boosting_type': 'Plain', 'max_bin': 254}. Best is trial 0 with value: 0.35228810002923605.
Trial 2 finished with value: 0.35217066573570044 and parameters: {'learning_rate': 0.09138013915892866, 'bootstrap_type': 'Bernoulli', 'subsample': 0.9497327922401265, 'grow_policy': 'SymmetricTree', 'depth': 4, 'colsample_bylevel': 0.8956363364439306, 'l2_leaf_reg': 0.02922905212920092, 'leaf_estimation_iterations': 2, 'one_hot_max_size': 16, 'model_size_reg': 0.5243180891902851, 'max_ctr_complexity': 2, 'boosting_type': 'Plain', 'max_bin': 254}. Best is trial 2 with value: 0.35217066573570044.
Trial 3 finished with value: 0.3549840150333776 and parameters: {'learning_rate': 0.011996621453406362, 'bootstrap_type': 'Bernoulli', 'subsample': 0.8099085529881075, 'grow_policy': 'Depthwise', 'depth': 4, 'colsample_bylevel': 0.9271351657620417, 'l2_leaf_reg': 0.06077686426194464, 'leaf_estimation_iterations': 1, 'one_hot_max_size': 36, 'model_size_reg': 0.15869086642715013, 'max_ctr_complexity': 2, 'boosting_type': 'Plain', 'max_bin': 254}. Best is trial 2 with value: 0.35217066573570044.
Trial 4 finished with value: 0.35231428661785014 and parameters: {'learning_rate': 0.08580222514877409, 'bootstrap_type': 'Bernoulli', 'subsample': 0.9896896099223678, 'grow_policy': 'SymmetricTree', 'depth': 4, 'colsample_bylevel': 0.9526349539768235, 'l2_leaf_reg': 0.011702088154220882, 'leaf_estimation_iterations': 1, 'one_hot_max_size': 27, 'model_size_reg': 0.10975998502129433, 'max_ctr_complexity': 5, 'boosting_type': 'Plain', 'max_bin': 254}. Best is trial 2 with value: 0.35217066573570044.
Trial 5 finished with value: 0.3462820322981388 and parameters: {'learning_rate': 0.010855517271883068, 'bootstrap_type': 'Bernoulli', 'subsample': 0.8987566853061946, 'grow_policy': 'Depthwise', 'depth': 6, 'colsample_bylevel': 0.877728168328829, 'l2_leaf_reg': 3.597899951374983, 'leaf_estimation_iterations': 9, 'one_hot_max_size': 86, 'model_size_reg': 1.128232550122133, 'max_ctr_complexity': 4, 'boosting_type': 'Plain', 'max_bin': 254}. Best is trial 5 with value: 0.3462820322981388.
Trial 6 finished with value: 0.35464890814927874 and parameters: {'learning_rate': 0.07913270952323785, 'bootstrap_type': 'Bernoulli', 'subsample': 0.7265477506155759, 'grow_policy': 'SymmetricTree', 'depth': 5, 'colsample_bylevel': 0.9083015934534223, 'l2_leaf_reg': 0.001883913511943895, 'leaf_estimation_iterations': 11, 'one_hot_max_size': 19, 'model_size_reg': 0.21399549030176218, 'max_ctr_complexity': 4, 'boosting_type': 'Plain', 'max_bin': 254}. Best is trial 5 with value: 0.3462820322981388.
Trial 7 finished with value: 0.35111187276554434 and parameters: {'learning_rate': 0.007626348515257587, 'bootstrap_type': 'Bernoulli', 'subsample': 0.9406590942262119, 'grow_policy': 'Depthwise', 'depth': 7, 'colsample_bylevel': 0.8798073522301258, 'l2_leaf_reg': 0.00010615690854925657, 'leaf_estimation_iterations': 10, 'one_hot_max_size': 47, 'model_size_reg': 0.7200770311577639, 'max_ctr_complexity': 5, 'boosting_type': 'Plain', 'max_bin': 254}. Best is trial 5 with value: 0.3462820322981388.
Trial 8 finished with value: 0.34793548593440593 and parameters: {'learning_rate': 0.006241720498669827, 'bootstrap_type': 'Bernoulli', 'subsample': 0.8075397185632818, 'grow_policy': 'Depthwise', 'depth': 7, 'colsample_bylevel': 0.8996347037278973, 'l2_leaf_reg': 0.00019891099118865958, 'leaf_estimation_iterations': 2, 'one_hot_max_size': 17, 'model_size_reg': 0.7212460519889856, 'max_ctr_complexity': 4, 'boosting_type': 'Plain', 'max_bin': 254}. Best is trial 5 with value: 0.3462820322981388.
Trial 9 finished with value: 0.3585399558116217 and parameters: {'learning_rate': 0.07132805718188966, 'bootstrap_type': 'Bernoulli', 'subsample': 0.8416644775485848, 'grow_policy': 'Depthwise', 'depth': 7, 'colsample_bylevel': 0.9341915796354244, 'l2_leaf_reg': 0.4195190175255899, 'leaf_estimation_iterations': 3, 'one_hot_max_size': 29, 'model_size_reg': 0.318293122389662, 'max_ctr_complexity': 2, 'boosting_type': 'Plain', 'max_bin': 254}. Best is trial 5 with value: 0.3462820322981388.
Trial 10 finished with value: 0.3496869047771445 and parameters: {'learning_rate': 0.03273941684536397, 'bootstrap_type': 'Bernoulli', 'subsample': 0.701799154886745, 'grow_policy': 'Depthwise', 'depth': 8, 'colsample_bylevel': 0.9942561717820161, 'l2_leaf_reg': 1.841152012664479, 'leaf_estimation_iterations': 5, 'one_hot_max_size': 92, 'model_size_reg': 1.3327052390755632, 'max_ctr_complexity': 3, 'boosting_type': 'Plain', 'max_bin': 254}. Best is trial 5 with value: 0.3462820322981388.
Trial 11 finished with value: 0.3489204755006854 and parameters: {'learning_rate': 0.005160968868344048, 'bootstrap_type': 'Bernoulli', 'subsample': 0.8633100588308208, 'grow_policy': 'Depthwise', 'depth': 6, 'colsample_bylevel': 0.8590619822699883, 'l2_leaf_reg': 2.4898729835966105, 'leaf_estimation_iterations': 5, 'one_hot_max_size': 8, 'model_size_reg': 1.2655561354454108, 'max_ctr_complexity': 4, 'boosting_type': 'Plain', 'max_bin': 254}. Best is trial 5 with value: 0.3462820322981388.
Trial 12 finished with value: 0.347575808718361 and parameters: {'learning_rate': 0.012940395513776229, 'bootstrap_type': 'Bernoulli', 'subsample': 0.772242381250273, 'grow_policy': 'Depthwise', 'depth': 6, 'colsample_bylevel': 0.898227943447388, 'l2_leaf_reg': 0.0013785419874151365, 'leaf_estimation_iterations': 20, 'one_hot_max_size': 99, 'model_size_reg': 0.9638906978134099, 'max_ctr_complexity': 4, 'boosting_type': 'Plain', 'max_bin': 254}. Best is trial 5 with value: 0.3462820322981388.
Trial 13 finished with value: 0.3453437363031462 and parameters: {'learning_rate': 0.018577637922759304, 'bootstrap_type': 'Bernoulli', 'subsample': 0.7590979197065434, 'grow_policy': 'Depthwise', 'depth': 6, 'colsample_bylevel': 0.857206299528177, 'l2_leaf_reg': 0.002863226008660282, 'leaf_estimation_iterations': 20, 'one_hot_max_size': 92, 'model_size_reg': 1.0343912537093949, 'max_ctr_complexity': 3, 'boosting_type': 'Plain', 'max_bin': 254}. Best is trial 13 with value: 0.3453437363031462.
Trial 14 finished with value: 0.34789295277880394 and parameters: {'learning_rate': 0.02473734716769646, 'bootstrap_type': 'Bernoulli', 'subsample': 0.8953683793126899, 'grow_policy': 'Depthwise', 'depth': 6, 'colsample_bylevel': 0.8570790711010036, 'l2_leaf_reg': 0.2790167965697837, 'leaf_estimation_iterations': 20, 'one_hot_max_size': 64, 'model_size_reg': 0.40200735004117916, 'max_ctr_complexity': 3, 'boosting_type': 'Plain', 'max_bin': 254}. Best is trial 13 with value: 0.3453437363031462.
Trial 15 finished with value: 0.3475590437881061 and parameters: {'learning_rate': 0.02370618163191055, 'bootstrap_type': 'Bernoulli', 'subsample': 0.7617298690844954, 'grow_policy': 'Depthwise', 'depth': 5, 'colsample_bylevel': 0.8507110179479633, 'l2_leaf_reg': 0.0037591265657495316, 'leaf_estimation_iterations': 7, 'one_hot_max_size': 66, 'model_size_reg': 1.0173190124712999, 'max_ctr_complexity': 3, 'boosting_type': 'Plain', 'max_bin': 254}. Best is trial 13 with value: 0.3453437363031462.
Trial 16 finished with value: 0.34793709606264367 and parameters: {'learning_rate': 0.009125040862740564, 'bootstrap_type': 'Bernoulli', 'subsample': 0.889527797675455, 'grow_policy': 'Depthwise', 'depth': 5, 'colsample_bylevel': 0.8702512846906472, 'l2_leaf_reg': 0.19154321197381433, 'leaf_estimation_iterations': 14, 'one_hot_max_size': 68, 'model_size_reg': 1.4941153839371502, 'max_ctr_complexity': 3, 'boosting_type': 'Plain', 'max_bin': 254}. Best is trial 13 with value: 0.3453437363031462.
Trial 17 finished with value: 0.34840738964582607 and parameters: {'learning_rate': 0.03920339226576694, 'bootstrap_type': 'Bernoulli', 'subsample': 0.923255943231893, 'grow_policy': 'Depthwise', 'depth': 6, 'colsample_bylevel': 0.8817695237862893, 'l2_leaf_reg': 0.9425418522966221, 'leaf_estimation_iterations': 7, 'one_hot_max_size': 80, 'model_size_reg': 0.9181904270758328, 'max_ctr_complexity': 4, 'boosting_type': 'Plain', 'max_bin': 254}. Best is trial 13 with value: 0.3453437363031462.
Trial 18 finished with value: 0.35144150078778247 and parameters: {'learning_rate': 0.01914676676078631, 'bootstrap_type': 'Bernoulli', 'subsample': 0.8212215360042718, 'grow_policy': 'Depthwise', 'depth': 8, 'colsample_bylevel': 0.9181839992546234, 'l2_leaf_reg': 0.0005905427776525374, 'leaf_estimation_iterations': 8, 'one_hot_max_size': 48, 'model_size_reg': 0.570099726484717, 'max_ctr_complexity': 3, 'boosting_type': 'Plain', 'max_bin': 254}. Best is trial 13 with value: 0.3453437363031462.
Trial 19 finished with value: 0.36406138239351526 and parameters: {'learning_rate': 0.05360116129238042, 'bootstrap_type': 'Bernoulli', 'subsample': 0.7797302984488496, 'grow_policy': 'SymmetricTree', 'depth': 7, 'colsample_bylevel': 0.9494218999859105, 'l2_leaf_reg': 0.008353794059715439, 'leaf_estimation_iterations': 15, 'one_hot_max_size': 52, 'model_size_reg': 0.40791806966150906, 'max_ctr_complexity': 5, 'boosting_type': 'Plain', 'max_bin': 254}. Best is trial 13 with value: 0.3453437363031462.
Trial 20 finished with value: 0.3477589419245629 and parameters: {'learning_rate': 0.01026780540529718, 'bootstrap_type': 'Bernoulli', 'subsample': 0.7432925993092176, 'grow_policy': 'Depthwise', 'depth': 5, 'colsample_bylevel': 0.8860858552633474, 'l2_leaf_reg': 0.06024019678548696, 'leaf_estimation_iterations': 4, 'one_hot_max_size': 99, 'model_size_reg': 1.0771092764151144, 'max_ctr_complexity': 4, 'boosting_type': 'Plain', 'max_bin': 254}. Best is trial 13 with value: 0.3453437363031462.
Trial 21 finished with value: 0.34585413424003575 and parameters: {'learning_rate': 0.019754486568332327, 'bootstrap_type': 'Bernoulli', 'subsample': 0.7627132074424519, 'grow_policy': 'Depthwise', 'depth': 5, 'colsample_bylevel': 0.851960596307749, 'l2_leaf_reg': 0.006000587813682329, 'leaf_estimation_iterations': 7, 'one_hot_max_size': 71, 'model_size_reg': 0.925851605968716, 'max_ctr_complexity': 3, 'boosting_type': 'Plain', 'max_bin': 254}. Best is trial 13 with value: 0.3453437363031462.
Trial 22 finished with value: 0.3471496033297419 and parameters: {'learning_rate': 0.016549456630028193, 'bootstrap_type': 'Bernoulli', 'subsample': 0.7033210757116665, 'grow_policy': 'Depthwise', 'depth': 6, 'colsample_bylevel': 0.8615673254289361, 'l2_leaf_reg': 0.0008112803297629584, 'leaf_estimation_iterations': 8, 'one_hot_max_size': 77, 'model_size_reg': 0.8400299926717902, 'max_ctr_complexity': 3, 'boosting_type': 'Plain', 'max_bin': 254}. Best is trial 13 with value: 0.3453437363031462.
Trial 23 finished with value: 0.3465133139436336 and parameters: {'learning_rate': 0.02198560928989943, 'bootstrap_type': 'Bernoulli', 'subsample': 0.7871723199403248, 'grow_policy': 'Depthwise', 'depth': 5, 'colsample_bylevel': 0.8666131923201075, 'l2_leaf_reg': 4.94599575357923, 'leaf_estimation_iterations': 5, 'one_hot_max_size': 57, 'model_size_reg': 1.1265523134837607, 'max_ctr_complexity': 3, 'boosting_type': 'Plain', 'max_bin': 254}. Best is trial 13 with value: 0.3453437363031462.
Trial 24 finished with value: 0.3526470673908042 and parameters: {'learning_rate': 0.03752736719042521, 'bootstrap_type': 'Bernoulli', 'subsample': 0.7481765876544305, 'grow_policy': 'Depthwise', 'depth': 6, 'colsample_bylevel': 0.8502812469482056, 'l2_leaf_reg': 0.0063742854490144996, 'leaf_estimation_iterations': 16, 'one_hot_max_size': 78, 'model_size_reg': 0.5509866235679833, 'max_ctr_complexity': 3, 'boosting_type': 'Plain', 'max_bin': 254}. Best is trial 13 with value: 0.3453437363031462.
Trial 25 finished with value: 0.34621368265591657 and parameters: {'learning_rate': 0.0146794504792352, 'bootstrap_type': 'Bernoulli', 'subsample': 0.837384851523148, 'grow_policy': 'Depthwise', 'depth': 5, 'colsample_bylevel': 0.885312772783205, 'l2_leaf_reg': 0.032403524907311784, 'leaf_estimation_iterations': 10, 'one_hot_max_size': 42, 'model_size_reg': 0.8204809522494629, 'max_ctr_complexity': 4, 'boosting_type': 'Plain', 'max_bin': 254}. Best is trial 13 with value: 0.3453437363031462.
Optuna Search Completed in: 936.41 seconds

Training final model on optimized parameter setup...

[CATBOOST FINALIZED METRICS]
Optimal Trees:         678
1-AUROC:             0.3441 (Delta to TabPFN: +0.0210)
Accuracy:             0.9121 (Delta to TabPFN: -0.0001)
Final Train Time:      8.14 seconds (0.1422s per 1K)
Final Infer Time:      0.03 seconds (0.0021s per 1K)

--- CATBOOST Feature Importance (Raw vs. Scaled Share) ---
Feature | Raw gain | Share
pca_embed_5 | 8.84 | 8.84%
pca_embed_0 | 4.94 | 4.94%
pca_embed_15 | 3.86 | 3.86%
pca_embed_3 | 3.30 | 3.30%
pca_embed_2 | 3.21 | 3.21%
pca_embed_4 | 3.13 | 3.13%
pca_embed_1 | 3.01 | 3.01%
pca_embed_9 | 2.94 | 2.94%
pca_embed_7 | 2.85 | 2.85%
pca_embed_19 | 2.59 | 2.59%
pca_embed_8 | 2.56 | 2.56%
pca_embed_21 | 2.45 | 2.45%
pca_embed_26 | 2.44 | 2.44%
pca_embed_13 | 2.44 | 2.44%
pca_embed_35 | 2.32 | 2.32%
pca_embed_37 | 2.30 | 2.30%
pca_embed_25 | 2.28 | 2.28%
pca_embed_32 | 2.27 | 2.27%
pca_embed_33 | 2.26 | 2.26%
pca_embed_11 | 2.23 | 2.23%
pca_embed_12 | 2.22 | 2.22%
pca_embed_29 | 2.21 | 2.21%
pca_embed_18 | 2.21 | 2.21%
pca_embed_24 | 2.21 | 2.21%
pca_embed_16 | 2.19 | 2.19%
pca_embed_36 | 2.16 | 2.16%
pca_embed_27 | 2.15 | 2.15%
pca_embed_31 | 2.14 | 2.14%
pca_embed_20 | 2.13 | 2.13%
pca_embed_34 | 2.13 | 2.13%
pca_embed_22 | 2.11 | 2.11%
pca_embed_28 | 2.07 | 2.07%
pca_embed_30 | 2.06 | 2.06%
pca_embed_6 | 2.06 | 2.06%
pca_embed_10 | 2.01 | 2.01%
pca_embed_14 | 1.97 | 1.97%
pca_embed_17 | 1.89 | 1.89%
pca_embed_23 | 1.85 | 1.85%

=====================================================================
METRIC TYPE                                  | VALUE / PROFILE
=====================================================================
Embedding Share                              | 100.00%
Raw Feature Share                            | 0.00%
---------------------------------------------------------------------
Active Text Embedding Density                | 100.00% (38/38)
Active Raw Tabular Feature Density           | 0.00% (0/0)
---------------------------------------------------------------------
Top-5 Concentration Ratio (CR5)              | 24.16% of total decision weight
Top-10 Concentration Ratio (CR10)            | 38.66% of total decision weight
=====================================================================

Total Pipeline Execution Time: 947.12 seconds

[SUCCESS] Permanent artifacts safely written to 'outputs/training-4/'
[W&B] Artifacts and localized metrics logged successfully for diabetes130us_embed-only_catboost
