[W&B] Child process started for job: qsar-tid-11_combined_xgboost in group session-training-4
Loading archive 'archives/qsar-tid-11.npz' and initializing pipeline for target: XGBOOST...
Execution Mode: COMBINED
Session Output Target: outputs/training-4/
Task Type: REGRESSION
TabPFN Baselines Loaded - Primary: 0.6736 | Secondary: 0.8041
PCA reduced text embeddings to 41 components.
Final training matrix shape assembled for COMBINED: (4593, 1065)

Running 26-Trial Optuna Study for XGBOOST (COMBINED)...
A new study created in RDB with name: 20260625_044559_qsar-tid-11_combined_xgboost
Trial 0 finished with value: 0.7496881551712253 and parameters: {}. Best is trial 0 with value: 0.7496881551712253.
Trial 1 finished with value: 0.7368700353434281 and parameters: {'learning_rate': 0.015355286838886862, 'max_depth': 10, 'min_child_weight': 0.5100627805979911, 'subsample': 0.8394633936788146, 'colsample_bylevel': 0.6624074561769746, 'colsample_bynode': 0.662397808134481, 'reg_alpha': 0.29051225247978046, 'reg_lambda': 4.330894111260099, 'grow_policy': 'lossguide', 'max_cat_to_onehot': 8, 'max_leaves': 884}. Best is trial 1 with value: 0.7368700353434281.
Trial 2 finished with value: 0.7398388703573633 and parameters: {'learning_rate': 0.060534484680010825, 'max_depth': 4, 'min_child_weight': 0.004705059281907645, 'subsample': 0.6733618039413735, 'colsample_bylevel': 0.7216968971838151, 'colsample_bynode': 0.8099025726528951, 'reg_alpha': 2.1597818987087147, 'reg_lambda': 1.4562165780761898, 'grow_policy': 'depthwise', 'max_cat_to_onehot': 16, 'max_leaves': 45}. Best is trial 1 with value: 0.7368700353434281.
Trial 3 finished with value: 0.7367620616392077 and parameters: {'learning_rate': 0.019603369861210685, 'max_depth': 8, 'min_child_weight': 0.005477562363971304, 'subsample': 0.8056937753654446, 'colsample_bylevel': 0.836965827544817, 'colsample_bynode': 0.6185801650879991, 'reg_alpha': 3.037763505022002, 'reg_lambda': 0.8527035660240889, 'grow_policy': 'lossguide', 'max_cat_to_onehot': 92, 'max_leaves': 399}. Best is trial 3 with value: 0.7367620616392077.
Trial 4 finished with value: 0.7345025996746384 and parameters: {'learning_rate': 0.012453219846912198, 'max_depth': 4, 'min_child_weight': 0.33959199243313637, 'subsample': 0.7760609974958406, 'colsample_bylevel': 0.6488152939379115, 'colsample_bynode': 0.798070764044508, 'reg_alpha': 0.17203916672398045, 'reg_lambda': 4.546611078353703, 'grow_policy': 'lossguide', 'max_cat_to_onehot': 17, 'max_leaves': 97}. Best is trial 4 with value: 0.7345025996746384.
Trial 5 finished with value: 0.7359046477939695 and parameters: {'learning_rate': 0.025719142025384646, 'max_depth': 4, 'min_child_weight': 3.8589082671053854, 'subsample': 0.9100531293444458, 'colsample_bylevel': 0.9757995766256756, 'colsample_bynode': 0.9579309401710595, 'reg_alpha': 2.989540104057545, 'reg_lambda': 4.609378987692081, 'grow_policy': 'lossguide', 'max_cat_to_onehot': 8, 'max_leaves': 37}. Best is trial 4 with value: 0.7345025996746384.
Trial 6 finished with value: 0.7364662563314026 and parameters: {'learning_rate': 0.016019568611465234, 'max_depth': 5, 'min_child_weight': 1.1627201204016835, 'subsample': 0.7427013306774357, 'colsample_bylevel': 0.7123738038749523, 'colsample_bynode': 0.8170784332632994, 'reg_alpha': 0.7047070324513158, 'reg_lambda': 4.011004684072123, 'grow_policy': 'lossguide', 'max_cat_to_onehot': 56, 'max_leaves': 20}. Best is trial 4 with value: 0.7345025996746384.
Trial 7 finished with value: 0.7351390934069433 and parameters: {'learning_rate': 0.0050834018700114374, 'max_depth': 9, 'min_child_weight': 0.4117599592262879, 'subsample': 0.8916028672163949, 'colsample_bylevel': 0.9085081386743783, 'colsample_bynode': 0.6296178606936361, 'reg_alpha': 1.7923927961485087, 'reg_lambda': 0.5794337107196961, 'grow_policy': 'depthwise', 'max_cat_to_onehot': 18, 'max_leaves': 10}. Best is trial 4 with value: 0.7345025996746384.
Trial 8 finished with value: 0.735120033961744 and parameters: {'learning_rate': 0.012693089228250284, 'max_depth': 5, 'min_child_weight': 0.49979438035802604, 'subsample': 0.8550229885420852, 'colsample_bylevel': 0.9548850970305306, 'colsample_bynode': 0.7888859700647797, 'reg_alpha': 0.5980592702669147, 'reg_lambda': 3.566252611636253, 'grow_policy': 'depthwise', 'max_cat_to_onehot': 55, 'max_leaves': 85}. Best is trial 4 with value: 0.7345025996746384.
Trial 9 finished with value: 0.7378997741835042 and parameters: {'learning_rate': 0.02393652463662192, 'max_depth': 6, 'min_child_weight': 0.0012417226051008223, 'subsample': 0.6431565707973218, 'colsample_bylevel': 0.6125716742746937, 'colsample_bynode': 0.8545641645055122, 'reg_alpha': 1.5718484697835258, 'reg_lambda': 2.542902598754398, 'grow_policy': 'depthwise', 'max_cat_to_onehot': 22, 'max_leaves': 308}. Best is trial 4 with value: 0.7345025996746384.
Trial 10 finished with value: 0.7403275734885337 and parameters: {'learning_rate': 0.08641685654424158, 'max_depth': 7, 'min_child_weight': 0.05330630380208628, 'subsample': 0.9729161367647149, 'colsample_bylevel': 0.8067426612208689, 'colsample_bynode': 0.9630659181130071, 'reg_alpha': 4.7988577526525065, 'reg_lambda': 2.5876151166352477, 'grow_policy': 'lossguide', 'max_cat_to_onehot': 31, 'max_leaves': 137}. Best is trial 4 with value: 0.7345025996746384.
Trial 11 finished with value: 0.7351654601191884 and parameters: {'learning_rate': 0.007631609688708743, 'max_depth': 5, 'min_child_weight': 0.09577630678348173, 'subsample': 0.7583456077143143, 'colsample_bylevel': 0.97422475043257, 'colsample_bynode': 0.7708449222533328, 'reg_alpha': 0.03136188345709323, 'reg_lambda': 3.3642039785002864, 'grow_policy': 'depthwise', 'max_cat_to_onehot': 45, 'max_leaves': 100}. Best is trial 4 with value: 0.7345025996746384.
Trial 12 finished with value: 0.7351983231706141 and parameters: {'learning_rate': 0.010247194466389494, 'max_depth': 5, 'min_child_weight': 0.09909199881818531, 'subsample': 0.723386600583146, 'colsample_bylevel': 0.8157266657691016, 'colsample_bynode': 0.7291307885159549, 'reg_alpha': 0.9818702536731095, 'reg_lambda': 4.971418225794803, 'grow_policy': 'depthwise', 'max_cat_to_onehot': 91, 'max_leaves': 110}. Best is trial 4 with value: 0.7345025996746384.
Trial 13 finished with value: 0.7356999213909428 and parameters: {'learning_rate': 0.0364822543842359, 'max_depth': 4, 'min_child_weight': 4.866898981828709, 'subsample': 0.8358277126374244, 'colsample_bylevel': 0.8861307862102439, 'colsample_bynode': 0.883798810243418, 'reg_alpha': 1.0522260977505589, 'reg_lambda': 3.6125954486160503, 'grow_policy': 'depthwise', 'max_cat_to_onehot': 14, 'max_leaves': 55}. Best is trial 4 with value: 0.7345025996746384.
Trial 14 finished with value: 0.7354796371894402 and parameters: {'learning_rate': 0.010605642416818913, 'max_depth': 6, 'min_child_weight': 0.28045822018461186, 'subsample': 0.9178581456448356, 'colsample_bylevel': 0.7495910822966338, 'colsample_bynode': 0.7005424337543547, 'reg_alpha': 0.2670696293404993, 'reg_lambda': 3.0482475386887744, 'grow_policy': 'lossguide', 'max_cat_to_onehot': 34, 'max_leaves': 241}. Best is trial 4 with value: 0.7345025996746384.
Trial 15 finished with value: 0.7355346349215472 and parameters: {'learning_rate': 0.01025237417582529, 'max_depth': 4, 'min_child_weight': 0.020632919445076704, 'subsample': 0.7926625480650832, 'colsample_bylevel': 0.6132003474911671, 'colsample_bynode': 0.8937243027997998, 'reg_alpha': 1.0188898566026179, 'reg_lambda': 1.792015584924231, 'grow_policy': 'lossguide', 'max_cat_to_onehot': 59, 'max_leaves': 21}. Best is trial 4 with value: 0.7345025996746384.
Trial 16 finished with value: 0.735682762988161 and parameters: {'learning_rate': 0.006672521066435252, 'max_depth': 5, 'min_child_weight': 0.9699237240770512, 'subsample': 0.6997108097658562, 'colsample_bylevel': 0.9156004804052825, 'colsample_bynode': 0.7595783448113417, 'reg_alpha': 2.606985296204103, 'reg_lambda': 3.930163231695479, 'grow_policy': 'depthwise', 'max_cat_to_onehot': 11, 'max_leaves': 69}. Best is trial 4 with value: 0.7345025996746384.
Trial 17 finished with value: 0.7362208246353505 and parameters: {'learning_rate': 0.0356863977250977, 'max_depth': 6, 'min_child_weight': 0.17403750557109499, 'subsample': 0.8690045836379999, 'colsample_bylevel': 0.7707479923219709, 'colsample_bynode': 0.8081868560766363, 'reg_alpha': 4.082694686525883, 'reg_lambda': 4.956386852998385, 'grow_policy': 'depthwise', 'max_cat_to_onehot': 25, 'max_leaves': 168}. Best is trial 4 with value: 0.7345025996746384.
Trial 18 finished with value: 0.7375384053515206 and parameters: {'learning_rate': 0.013935056466356678, 'max_depth': 4, 'min_child_weight': 1.1848741161449718, 'subsample': 0.6045069592622337, 'colsample_bylevel': 0.6589045438667185, 'colsample_bynode': 0.7075496061281158, 'reg_alpha': 1.481333218580351, 'reg_lambda': 2.8232167254681393, 'grow_policy': 'lossguide', 'max_cat_to_onehot': 41, 'max_leaves': 28}. Best is trial 4 with value: 0.7345025996746384.
Trial 19 finished with value: 0.7355010200582969 and parameters: {'learning_rate': 0.007639372044947846, 'max_depth': 5, 'min_child_weight': 0.031097159192888094, 'subsample': 0.9834399962929773, 'colsample_bylevel': 0.8604629585815665, 'colsample_bynode': 0.9267880433897815, 'reg_alpha': 0.5357781842146492, 'reg_lambda': 1.9083088930479097, 'grow_policy': 'depthwise', 'max_cat_to_onehot': 70, 'max_leaves': 491}. Best is trial 4 with value: 0.7345025996746384.
Trial 20 finished with value: 0.7379298005379594 and parameters: {'learning_rate': 0.0327058315965888, 'max_depth': 7, 'min_child_weight': 2.4204669033113664, 'subsample': 0.7808035118246838, 'colsample_bylevel': 0.9356651181665276, 'colsample_bynode': 0.9989879313923895, 'reg_alpha': 0.06968721693075244, 'reg_lambda': 4.240256463755374, 'grow_policy': 'lossguide', 'max_cat_to_onehot': 11, 'max_leaves': 8}. Best is trial 4 with value: 0.7345025996746384.
Trial 21 finished with value: 0.7362456366563217 and parameters: {'learning_rate': 0.005095815389007805, 'max_depth': 10, 'min_child_weight': 0.4778920174847739, 'subsample': 0.8950519805584949, 'colsample_bylevel': 0.9437546906951262, 'colsample_bynode': 0.6091497488421054, 'reg_alpha': 1.8342010215764206, 'reg_lambda': 0.29988107547707044, 'grow_policy': 'depthwise', 'max_cat_to_onehot': 19, 'max_leaves': 8}. Best is trial 4 with value: 0.7345025996746384.
Trial 22 finished with value: 0.7341673121969498 and parameters: {'learning_rate': 0.00547113729269119, 'max_depth': 9, 'min_child_weight': 0.2839956203505417, 'subsample': 0.9422864667424152, 'colsample_bylevel': 0.8823630661884385, 'colsample_bynode': 0.6657598517445137, 'reg_alpha': 2.1741247802314554, 'reg_lambda': 0.3779693216432795, 'grow_policy': 'depthwise', 'max_cat_to_onehot': 27, 'max_leaves': 14}. Best is trial 22 with value: 0.7341673121969498.
Trial 23 finished with value: 0.7334609531883631 and parameters: {'learning_rate': 0.012242824462321562, 'max_depth': 8, 'min_child_weight': 0.18198052398909864, 'subsample': 0.9597980872083617, 'colsample_bylevel': 0.9876233694442227, 'colsample_bynode': 0.6641302655284147, 'reg_alpha': 3.8128528237225376, 'reg_lambda': 0.0744921894940953, 'grow_policy': 'depthwise', 'max_cat_to_onehot': 27, 'max_leaves': 13}. Best is trial 23 with value: 0.7334609531883631.
Trial 24 finished with value: 0.734442707793469 and parameters: {'learning_rate': 0.006818417257407664, 'max_depth': 8, 'min_child_weight': 0.17490898792271053, 'subsample': 0.9399682617620093, 'colsample_bylevel': 0.9858236428533037, 'colsample_bynode': 0.6656037618164192, 'reg_alpha': 3.5185467855376586, 'reg_lambda': 0.034333693800164045, 'grow_policy': 'depthwise', 'max_cat_to_onehot': 24, 'max_leaves': 15}. Best is trial 23 with value: 0.7334609531883631.
Trial 25 finished with value: 0.7347831861347174 and parameters: {'learning_rate': 0.007048073535244201, 'max_depth': 8, 'min_child_weight': 0.14067267898297098, 'subsample': 0.9549291159824506, 'colsample_bylevel': 0.9947647361543167, 'colsample_bynode': 0.663945874007628, 'reg_alpha': 3.913063177632239, 'reg_lambda': 0.031211490942872067, 'grow_policy': 'depthwise', 'max_cat_to_onehot': 27, 'max_leaves': 13}. Best is trial 23 with value: 0.7334609531883631.
Optuna Search Completed in: 689.17 seconds

Training final model on optimized parameter setup...

[XGBOOST FINALIZED METRICS]
Optimal Trees:         466
RMSE:             0.6714 (Delta to TabPFN: -0.0021)
R2_Score:             0.8053 (Delta to TabPFN: +0.0012)
Final Train Time:      1.50 seconds (0.3259s per 1K)
Final Infer Time:      0.00 seconds (0.0021s per 1K)

--- XGBOOST Feature Importance (Raw vs. Scaled Share) ---
Feature | Raw gain | Share
pca_embed_0 | 244316.58 | 68.23%
pca_embed_3 | 30755.02 | 8.59%
pca_embed_2 | 26656.92 | 7.44%
pca_embed_1 | 23603.07 | 6.59%
pca_embed_4 | 4591.28 | 1.28%
FCFP6_1024_867 | 3488.83 | 0.97%
pca_embed_6 | 2475.69 | 0.69%
FCFP6_1024_652 | 1677.47 | 0.47%
pca_embed_29 | 1308.51 | 0.37%
pca_embed_9 | 1193.80 | 0.33%
FCFP6_1024_82 | 800.13 | 0.22%
pca_embed_11 | 760.59 | 0.21%
pca_embed_13 | 651.04 | 0.18%
pca_embed_33 | 627.12 | 0.18%
pca_embed_20 | 610.64 | 0.17%
pca_embed_30 | 586.60 | 0.16%
FCFP6_1024_238 | 558.27 | 0.16%
FCFP6_1024_334 | 556.63 | 0.16%
pca_embed_40 | 548.89 | 0.15%
pca_embed_7 | 519.78 | 0.15%
pca_embed_14 | 504.23 | 0.14%
pca_embed_5 | 486.89 | 0.14%
FCFP6_1024_612 | 479.72 | 0.13%
pca_embed_8 | 470.49 | 0.13%
pca_embed_12 | 468.91 | 0.13%
FCFP6_1024_602 | 448.63 | 0.13%
pca_embed_10 | 371.16 | 0.10%
FCFP6_1024_617 | 369.99 | 0.10%
FCFP6_1024_275 | 351.64 | 0.10%
pca_embed_25 | 350.62 | 0.10%
pca_embed_27 | 313.32 | 0.09%
pca_embed_19 | 287.13 | 0.08%
pca_embed_36 | 268.31 | 0.07%
pca_embed_15 | 250.24 | 0.07%
pca_embed_18 | 249.08 | 0.07%
pca_embed_21 | 236.38 | 0.07%
FCFP6_1024_16 | 224.75 | 0.06%
pca_embed_31 | 218.42 | 0.06%
pca_embed_16 | 199.47 | 0.06%
pca_embed_28 | 192.49 | 0.05%
pca_embed_22 | 190.37 | 0.05%
pca_embed_32 | 189.73 | 0.05%
pca_embed_37 | 186.67 | 0.05%
pca_embed_34 | 178.50 | 0.05%
FCFP6_1024_546 | 176.30 | 0.05%
pca_embed_38 | 175.27 | 0.05%
pca_embed_17 | 173.54 | 0.05%
FCFP6_1024_473 | 171.07 | 0.05%
FCFP6_1024_112 | 146.27 | 0.04%
pca_embed_35 | 145.59 | 0.04%
pca_embed_26 | 144.49 | 0.04%
pca_embed_23 | 141.74 | 0.04%
pca_embed_39 | 137.63 | 0.04%
pca_embed_24 | 124.77 | 0.03%
FCFP6_1024_743 | 124.03 | 0.03%
FCFP6_1024_674 | 123.78 | 0.03%
FCFP6_1024_322 | 90.42 | 0.03%
FCFP6_1024_359 | 83.56 | 0.02%
FCFP6_1024_169 | 76.13 | 0.02%
FCFP6_1024_313 | 71.18 | 0.02%
FCFP6_1024_809 | 69.66 | 0.02%
FCFP6_1024_489 | 67.67 | 0.02%
FCFP6_1024_880 | 65.31 | 0.02%
FCFP6_1024_45 | 65.00 | 0.02%
FCFP6_1024_284 | 51.38 | 0.01%
FCFP6_1024_469 | 48.36 | 0.01%
FCFP6_1024_7 | 48.10 | 0.01%
FCFP6_1024_679 | 46.27 | 0.01%
FCFP6_1024_777 | 37.86 | 0.01%
FCFP6_1024_239 | 34.45 | 0.01%
FCFP6_1024_629 | 32.98 | 0.01%
FCFP6_1024_894 | 32.00 | 0.01%
FCFP6_1024_346 | 30.54 | 0.01%
FCFP6_1024_358 | 30.33 | 0.01%
FCFP6_1024_395 | 30.16 | 0.01%
FCFP6_1024_116 | 29.20 | 0.01%
FCFP6_1024_123 | 26.32 | 0.01%
FCFP6_1024_730 | 24.94 | 0.01%
FCFP6_1024_850 | 23.30 | 0.01%
FCFP6_1024_513 | 22.43 | 0.01%
FCFP6_1024_520 | 22.27 | 0.01%
FCFP6_1024_921 | 22.12 | 0.01%
FCFP6_1024_194 | 21.91 | 0.01%
FCFP6_1024_463 | 21.80 | 0.01%
FCFP6_1024_213 | 21.06 | 0.01%
FCFP6_1024_963 | 21.02 | 0.01%
FCFP6_1024_942 | 20.73 | 0.01%
FCFP6_1024_17 | 20.38 | 0.01%
FCFP6_1024_364 | 19.75 | 0.01%
FCFP6_1024_912 | 18.71 | 0.01%
FCFP6_1024_104 | 18.27 | 0.01%
FCFP6_1024_493 | 17.85 | 0.00%
FCFP6_1024_588 | 17.85 | 0.00%
FCFP6_1024_749 | 17.83 | 0.00%
FCFP6_1024_727 | 16.55 | 0.00%
FCFP6_1024_77 | 16.22 | 0.00%
FCFP6_1024_455 | 15.50 | 0.00%
FCFP6_1024_691 | 14.95 | 0.00%
FCFP6_1024_347 | 14.84 | 0.00%
FCFP6_1024_610 | 14.62 | 0.00%
FCFP6_1024_846 | 14.41 | 0.00%
FCFP6_1024_218 | 14.34 | 0.00%
FCFP6_1024_823 | 14.02 | 0.00%
FCFP6_1024_626 | 13.73 | 0.00%
FCFP6_1024_355 | 13.13 | 0.00%
FCFP6_1024_889 | 13.02 | 0.00%
FCFP6_1024_1003 | 12.96 | 0.00%
FCFP6_1024_1014 | 12.75 | 0.00%
FCFP6_1024_794 | 12.74 | 0.00%
FCFP6_1024_318 | 12.74 | 0.00%
FCFP6_1024_622 | 12.32 | 0.00%
FCFP6_1024_694 | 12.23 | 0.00%
FCFP6_1024_189 | 12.23 | 0.00%
FCFP6_1024_330 | 11.90 | 0.00%
FCFP6_1024_431 | 11.54 | 0.00%
FCFP6_1024_222 | 11.44 | 0.00%
FCFP6_1024_501 | 11.35 | 0.00%
FCFP6_1024_537 | 10.99 | 0.00%
FCFP6_1024_263 | 10.96 | 0.00%
FCFP6_1024_938 | 10.83 | 0.00%
FCFP6_1024_428 | 10.77 | 0.00%
FCFP6_1024_350 | 10.75 | 0.00%
FCFP6_1024_882 | 10.44 | 0.00%
FCFP6_1024_49 | 10.25 | 0.00%
FCFP6_1024_60 | 9.77 | 0.00%
FCFP6_1024_952 | 9.76 | 0.00%
FCFP6_1024_114 | 9.73 | 0.00%
FCFP6_1024_305 | 9.42 | 0.00%
FCFP6_1024_830 | 9.12 | 0.00%
FCFP6_1024_177 | 8.88 | 0.00%
FCFP6_1024_560 | 8.86 | 0.00%
FCFP6_1024_858 | 8.73 | 0.00%
FCFP6_1024_607 | 8.37 | 0.00%
FCFP6_1024_569 | 8.29 | 0.00%
FCFP6_1024_323 | 8.26 | 0.00%
FCFP6_1024_941 | 8.06 | 0.00%
FCFP6_1024_852 | 8.03 | 0.00%
FCFP6_1024_745 | 7.94 | 0.00%
FCFP6_1024_1012 | 7.92 | 0.00%
FCFP6_1024_8 | 7.84 | 0.00%
FCFP6_1024_47 | 7.72 | 0.00%
FCFP6_1024_164 | 7.62 | 0.00%
FCFP6_1024_598 | 7.46 | 0.00%
FCFP6_1024_778 | 7.39 | 0.00%
FCFP6_1024_838 | 7.38 | 0.00%
FCFP6_1024_423 | 7.31 | 0.00%
FCFP6_1024_861 | 7.07 | 0.00%
FCFP6_1024_811 | 7.02 | 0.00%
FCFP6_1024_902 | 6.79 | 0.00%
FCFP6_1024_536 | 6.76 | 0.00%
FCFP6_1024_690 | 6.60 | 0.00%
FCFP6_1024_196 | 6.51 | 0.00%
FCFP6_1024_729 | 6.41 | 0.00%
FCFP6_1024_816 | 6.35 | 0.00%
FCFP6_1024_697 | 6.31 | 0.00%
FCFP6_1024_158 | 6.27 | 0.00%
FCFP6_1024_217 | 6.11 | 0.00%
FCFP6_1024_184 | 6.07 | 0.00%
FCFP6_1024_24 | 6.06 | 0.00%
FCFP6_1024_180 | 6.03 | 0.00%
FCFP6_1024_919 | 5.99 | 0.00%
FCFP6_1024_707 | 5.99 | 0.00%
FCFP6_1024_6 | 5.95 | 0.00%
FCFP6_1024_245 | 5.95 | 0.00%
FCFP6_1024_724 | 5.92 | 0.00%
FCFP6_1024_214 | 5.83 | 0.00%
FCFP6_1024_405 | 5.77 | 0.00%
FCFP6_1024_985 | 5.57 | 0.00%
FCFP6_1024_199 | 5.55 | 0.00%
FCFP6_1024_655 | 5.44 | 0.00%
FCFP6_1024_109 | 5.32 | 0.00%
FCFP6_1024_505 | 5.31 | 0.00%
FCFP6_1024_507 | 5.18 | 0.00%
FCFP6_1024_181 | 5.14 | 0.00%
FCFP6_1024_207 | 5.13 | 0.00%
FCFP6_1024_124 | 4.95 | 0.00%
FCFP6_1024_1018 | 4.91 | 0.00%
FCFP6_1024_511 | 4.90 | 0.00%
FCFP6_1024_89 | 4.90 | 0.00%
FCFP6_1024_430 | 4.86 | 0.00%
FCFP6_1024_751 | 4.72 | 0.00%
FCFP6_1024_128 | 4.66 | 0.00%
FCFP6_1024_304 | 4.60 | 0.00%
FCFP6_1024_142 | 4.53 | 0.00%
FCFP6_1024_329 | 4.44 | 0.00%
FCFP6_1024_437 | 4.38 | 0.00%
FCFP6_1024_138 | 4.36 | 0.00%
FCFP6_1024_531 | 4.34 | 0.00%
FCFP6_1024_905 | 4.32 | 0.00%
FCFP6_1024_907 | 4.28 | 0.00%
FCFP6_1024_982 | 4.23 | 0.00%
FCFP6_1024_928 | 4.22 | 0.00%
FCFP6_1024_893 | 4.15 | 0.00%
FCFP6_1024_1019 | 4.15 | 0.00%
FCFP6_1024_748 | 4.10 | 0.00%
FCFP6_1024_282 | 4.10 | 0.00%
FCFP6_1024_614 | 4.08 | 0.00%
FCFP6_1024_3 | 4.02 | 0.00%
FCFP6_1024_434 | 3.86 | 0.00%
FCFP6_1024_980 | 3.86 | 0.00%
FCFP6_1024_53 | 3.73 | 0.00%
FCFP6_1024_141 | 3.72 | 0.00%
FCFP6_1024_878 | 3.71 | 0.00%
FCFP6_1024_260 | 3.68 | 0.00%
FCFP6_1024_925 | 3.67 | 0.00%
FCFP6_1024_480 | 3.66 | 0.00%
FCFP6_1024_964 | 3.66 | 0.00%
FCFP6_1024_270 | 3.62 | 0.00%
FCFP6_1024_834 | 3.56 | 0.00%
FCFP6_1024_187 | 3.53 | 0.00%
FCFP6_1024_414 | 3.49 | 0.00%
FCFP6_1024_887 | 3.34 | 0.00%
FCFP6_1024_573 | 3.25 | 0.00%
FCFP6_1024_766 | 3.24 | 0.00%
FCFP6_1024_786 | 3.12 | 0.00%
FCFP6_1024_960 | 3.11 | 0.00%
FCFP6_1024_176 | 3.09 | 0.00%
FCFP6_1024_728 | 3.07 | 0.00%
FCFP6_1024_64 | 2.99 | 0.00%
FCFP6_1024_9 | 2.99 | 0.00%
FCFP6_1024_1002 | 2.98 | 0.00%
FCFP6_1024_56 | 2.95 | 0.00%
FCFP6_1024_407 | 2.92 | 0.00%
FCFP6_1024_701 | 2.90 | 0.00%
FCFP6_1024_32 | 2.89 | 0.00%
FCFP6_1024_276 | 2.89 | 0.00%
FCFP6_1024_735 | 2.85 | 0.00%
FCFP6_1024_740 | 2.79 | 0.00%
FCFP6_1024_111 | 2.77 | 0.00%
FCFP6_1024_390 | 2.77 | 0.00%
FCFP6_1024_396 | 2.76 | 0.00%
FCFP6_1024_946 | 2.73 | 0.00%
FCFP6_1024_72 | 2.72 | 0.00%
FCFP6_1024_677 | 2.71 | 0.00%
FCFP6_1024_240 | 2.71 | 0.00%
FCFP6_1024_667 | 2.70 | 0.00%
FCFP6_1024_262 | 2.70 | 0.00%
FCFP6_1024_499 | 2.70 | 0.00%
FCFP6_1024_442 | 2.66 | 0.00%
FCFP6_1024_871 | 2.64 | 0.00%
FCFP6_1024_145 | 2.63 | 0.00%
FCFP6_1024_713 | 2.62 | 0.00%
FCFP6_1024_994 | 2.54 | 0.00%
FCFP6_1024_94 | 2.51 | 0.00%
FCFP6_1024_719 | 2.51 | 0.00%
FCFP6_1024_343 | 2.50 | 0.00%
FCFP6_1024_523 | 2.46 | 0.00%
FCFP6_1024_613 | 2.43 | 0.00%
FCFP6_1024_528 | 2.42 | 0.00%
FCFP6_1024_826 | 2.41 | 0.00%
FCFP6_1024_649 | 2.29 | 0.00%
FCFP6_1024_589 | 2.28 | 0.00%
FCFP6_1024_107 | 2.27 | 0.00%
FCFP6_1024_259 | 2.20 | 0.00%
FCFP6_1024_901 | 2.14 | 0.00%
FCFP6_1024_206 | 2.14 | 0.00%
FCFP6_1024_425 | 2.09 | 0.00%
FCFP6_1024_825 | 2.07 | 0.00%
FCFP6_1024_810 | 2.06 | 0.00%
FCFP6_1024_309 | 2.02 | 0.00%
FCFP6_1024_732 | 1.99 | 0.00%
FCFP6_1024_454 | 1.93 | 0.00%
FCFP6_1024_580 | 1.87 | 0.00%
FCFP6_1024_211 | 1.86 | 0.00%
FCFP6_1024_874 | 1.85 | 0.00%
FCFP6_1024_280 | 1.72 | 0.00%
FCFP6_1024_412 | 1.68 | 0.00%
FCFP6_1024_471 | 1.67 | 0.00%
FCFP6_1024_970 | 1.60 | 0.00%
FCFP6_1024_918 | 1.49 | 0.00%
FCFP6_1024_298 | 1.46 | 0.00%
FCFP6_1024_799 | 1.46 | 0.00%
FCFP6_1024_936 | 1.41 | 0.00%
FCFP6_1024_106 | 1.38 | 0.00%
FCFP6_1024_803 | 1.35 | 0.00%
FCFP6_1024_51 | 1.35 | 0.00%
FCFP6_1024_660 | 1.32 | 0.00%
FCFP6_1024_375 | 1.28 | 0.00%
FCFP6_1024_522 | 1.28 | 0.00%
FCFP6_1024_190 | 1.25 | 0.00%
FCFP6_1024_892 | 1.24 | 0.00%
FCFP6_1024_269 | 1.13 | 0.00%
FCFP6_1024_136 | 1.12 | 0.00%
FCFP6_1024_487 | 1.09 | 0.00%
FCFP6_1024_488 | 0.99 | 0.00%
FCFP6_1024_700 | 0.98 | 0.00%
FCFP6_1024_54 | 0.96 | 0.00%
FCFP6_1024_578 | 0.95 | 0.00%
FCFP6_1024_394 | 0.94 | 0.00%
FCFP6_1024_4 | 0.92 | 0.00%
FCFP6_1024_121 | 0.91 | 0.00%
FCFP6_1024_127 | 0.90 | 0.00%
FCFP6_1024_615 | 0.88 | 0.00%
FCFP6_1024_226 | 0.84 | 0.00%
FCFP6_1024_83 | 0.83 | 0.00%
FCFP6_1024_209 | 0.82 | 0.00%
FCFP6_1024_264 | 0.81 | 0.00%
FCFP6_1024_737 | 0.80 | 0.00%
FCFP6_1024_855 | 0.76 | 0.00%
FCFP6_1024_165 | 0.73 | 0.00%
FCFP6_1024_131 | 0.72 | 0.00%
FCFP6_1024_382 | 0.71 | 0.00%
FCFP6_1024_73 | 0.70 | 0.00%
FCFP6_1024_814 | 0.69 | 0.00%
FCFP6_1024_68 | 0.69 | 0.00%
FCFP6_1024_387 | 0.58 | 0.00%
FCFP6_1024_684 | 0.56 | 0.00%
FCFP6_1024_278 | 0.53 | 0.00%
FCFP6_1024_153 | 0.46 | 0.00%
FCFP6_1024_133 | 0.16 | 0.00%
FCFP6_1024_208 | 0.10 | 0.00%
FCFP6_1024_151 | 0.01 | 0.00%
FCFP6_1024_1013 | 0.00 | 0.00%
FCFP6_1024_0 | 0.00 | 0.00%
FCFP6_1024_1 | 0.00 | 0.00%
FCFP6_1024_2 | 0.00 | 0.00%
FCFP6_1024_5 | 0.00 | 0.00%
FCFP6_1024_10 | 0.00 | 0.00%
FCFP6_1024_11 | 0.00 | 0.00%
FCFP6_1024_12 | 0.00 | 0.00%
FCFP6_1024_13 | 0.00 | 0.00%
FCFP6_1024_14 | 0.00 | 0.00%
FCFP6_1024_15 | 0.00 | 0.00%
FCFP6_1024_18 | 0.00 | 0.00%
FCFP6_1024_19 | 0.00 | 0.00%
FCFP6_1024_20 | 0.00 | 0.00%
FCFP6_1024_21 | 0.00 | 0.00%
FCFP6_1024_22 | 0.00 | 0.00%
FCFP6_1024_23 | 0.00 | 0.00%
FCFP6_1024_25 | 0.00 | 0.00%
FCFP6_1024_26 | 0.00 | 0.00%
FCFP6_1024_27 | 0.00 | 0.00%
FCFP6_1024_28 | 0.00 | 0.00%
FCFP6_1024_29 | 0.00 | 0.00%
FCFP6_1024_30 | 0.00 | 0.00%
FCFP6_1024_31 | 0.00 | 0.00%
FCFP6_1024_33 | 0.00 | 0.00%
FCFP6_1024_34 | 0.00 | 0.00%
FCFP6_1024_35 | 0.00 | 0.00%
FCFP6_1024_36 | 0.00 | 0.00%
FCFP6_1024_37 | 0.00 | 0.00%
FCFP6_1024_38 | 0.00 | 0.00%
FCFP6_1024_39 | 0.00 | 0.00%
FCFP6_1024_40 | 0.00 | 0.00%
FCFP6_1024_41 | 0.00 | 0.00%
FCFP6_1024_42 | 0.00 | 0.00%
FCFP6_1024_43 | 0.00 | 0.00%
FCFP6_1024_44 | 0.00 | 0.00%
FCFP6_1024_46 | 0.00 | 0.00%
FCFP6_1024_48 | 0.00 | 0.00%
FCFP6_1024_50 | 0.00 | 0.00%
FCFP6_1024_52 | 0.00 | 0.00%
FCFP6_1024_55 | 0.00 | 0.00%
FCFP6_1024_57 | 0.00 | 0.00%
FCFP6_1024_58 | 0.00 | 0.00%
FCFP6_1024_59 | 0.00 | 0.00%
FCFP6_1024_61 | 0.00 | 0.00%
FCFP6_1024_62 | 0.00 | 0.00%
FCFP6_1024_63 | 0.00 | 0.00%
FCFP6_1024_65 | 0.00 | 0.00%
FCFP6_1024_66 | 0.00 | 0.00%
FCFP6_1024_67 | 0.00 | 0.00%
FCFP6_1024_69 | 0.00 | 0.00%
FCFP6_1024_70 | 0.00 | 0.00%
FCFP6_1024_71 | 0.00 | 0.00%
FCFP6_1024_74 | 0.00 | 0.00%
FCFP6_1024_75 | 0.00 | 0.00%
FCFP6_1024_76 | 0.00 | 0.00%
FCFP6_1024_78 | 0.00 | 0.00%
FCFP6_1024_79 | 0.00 | 0.00%
FCFP6_1024_80 | 0.00 | 0.00%
FCFP6_1024_81 | 0.00 | 0.00%
FCFP6_1024_84 | 0.00 | 0.00%
FCFP6_1024_85 | 0.00 | 0.00%
FCFP6_1024_86 | 0.00 | 0.00%
FCFP6_1024_87 | 0.00 | 0.00%
FCFP6_1024_88 | 0.00 | 0.00%
FCFP6_1024_90 | 0.00 | 0.00%
FCFP6_1024_91 | 0.00 | 0.00%
FCFP6_1024_92 | 0.00 | 0.00%
FCFP6_1024_93 | 0.00 | 0.00%
FCFP6_1024_95 | 0.00 | 0.00%
FCFP6_1024_96 | 0.00 | 0.00%
FCFP6_1024_97 | 0.00 | 0.00%
FCFP6_1024_98 | 0.00 | 0.00%
FCFP6_1024_99 | 0.00 | 0.00%
FCFP6_1024_100 | 0.00 | 0.00%
FCFP6_1024_101 | 0.00 | 0.00%
FCFP6_1024_102 | 0.00 | 0.00%
FCFP6_1024_103 | 0.00 | 0.00%
FCFP6_1024_105 | 0.00 | 0.00%
FCFP6_1024_108 | 0.00 | 0.00%
FCFP6_1024_110 | 0.00 | 0.00%
FCFP6_1024_113 | 0.00 | 0.00%
FCFP6_1024_115 | 0.00 | 0.00%
FCFP6_1024_117 | 0.00 | 0.00%
FCFP6_1024_118 | 0.00 | 0.00%
FCFP6_1024_119 | 0.00 | 0.00%
FCFP6_1024_120 | 0.00 | 0.00%
FCFP6_1024_122 | 0.00 | 0.00%
FCFP6_1024_125 | 0.00 | 0.00%
FCFP6_1024_126 | 0.00 | 0.00%
FCFP6_1024_129 | 0.00 | 0.00%
FCFP6_1024_130 | 0.00 | 0.00%
FCFP6_1024_132 | 0.00 | 0.00%
FCFP6_1024_134 | 0.00 | 0.00%
FCFP6_1024_135 | 0.00 | 0.00%
FCFP6_1024_137 | 0.00 | 0.00%
FCFP6_1024_139 | 0.00 | 0.00%
FCFP6_1024_140 | 0.00 | 0.00%
FCFP6_1024_143 | 0.00 | 0.00%
FCFP6_1024_144 | 0.00 | 0.00%
FCFP6_1024_146 | 0.00 | 0.00%
FCFP6_1024_147 | 0.00 | 0.00%
FCFP6_1024_148 | 0.00 | 0.00%
FCFP6_1024_149 | 0.00 | 0.00%
FCFP6_1024_150 | 0.00 | 0.00%
FCFP6_1024_152 | 0.00 | 0.00%
FCFP6_1024_154 | 0.00 | 0.00%
FCFP6_1024_155 | 0.00 | 0.00%
FCFP6_1024_156 | 0.00 | 0.00%
FCFP6_1024_157 | 0.00 | 0.00%
FCFP6_1024_159 | 0.00 | 0.00%
FCFP6_1024_160 | 0.00 | 0.00%
FCFP6_1024_161 | 0.00 | 0.00%
FCFP6_1024_162 | 0.00 | 0.00%
FCFP6_1024_163 | 0.00 | 0.00%
FCFP6_1024_166 | 0.00 | 0.00%
FCFP6_1024_167 | 0.00 | 0.00%
FCFP6_1024_168 | 0.00 | 0.00%
FCFP6_1024_170 | 0.00 | 0.00%
FCFP6_1024_171 | 0.00 | 0.00%
FCFP6_1024_172 | 0.00 | 0.00%
FCFP6_1024_173 | 0.00 | 0.00%
FCFP6_1024_174 | 0.00 | 0.00%
FCFP6_1024_175 | 0.00 | 0.00%
FCFP6_1024_178 | 0.00 | 0.00%
FCFP6_1024_179 | 0.00 | 0.00%
FCFP6_1024_182 | 0.00 | 0.00%
FCFP6_1024_183 | 0.00 | 0.00%
FCFP6_1024_185 | 0.00 | 0.00%
FCFP6_1024_186 | 0.00 | 0.00%
FCFP6_1024_188 | 0.00 | 0.00%
FCFP6_1024_191 | 0.00 | 0.00%
FCFP6_1024_192 | 0.00 | 0.00%
FCFP6_1024_193 | 0.00 | 0.00%
FCFP6_1024_195 | 0.00 | 0.00%
FCFP6_1024_197 | 0.00 | 0.00%
FCFP6_1024_198 | 0.00 | 0.00%
FCFP6_1024_200 | 0.00 | 0.00%
FCFP6_1024_201 | 0.00 | 0.00%
FCFP6_1024_202 | 0.00 | 0.00%
FCFP6_1024_203 | 0.00 | 0.00%
FCFP6_1024_204 | 0.00 | 0.00%
FCFP6_1024_205 | 0.00 | 0.00%
FCFP6_1024_210 | 0.00 | 0.00%
FCFP6_1024_212 | 0.00 | 0.00%
FCFP6_1024_215 | 0.00 | 0.00%
FCFP6_1024_216 | 0.00 | 0.00%
FCFP6_1024_219 | 0.00 | 0.00%
FCFP6_1024_220 | 0.00 | 0.00%
FCFP6_1024_221 | 0.00 | 0.00%
FCFP6_1024_223 | 0.00 | 0.00%
FCFP6_1024_224 | 0.00 | 0.00%
FCFP6_1024_225 | 0.00 | 0.00%
FCFP6_1024_227 | 0.00 | 0.00%
FCFP6_1024_228 | 0.00 | 0.00%
FCFP6_1024_229 | 0.00 | 0.00%
FCFP6_1024_230 | 0.00 | 0.00%
FCFP6_1024_231 | 0.00 | 0.00%
FCFP6_1024_232 | 0.00 | 0.00%
FCFP6_1024_233 | 0.00 | 0.00%
FCFP6_1024_234 | 0.00 | 0.00%
FCFP6_1024_235 | 0.00 | 0.00%
FCFP6_1024_236 | 0.00 | 0.00%
FCFP6_1024_237 | 0.00 | 0.00%
FCFP6_1024_241 | 0.00 | 0.00%
FCFP6_1024_242 | 0.00 | 0.00%
FCFP6_1024_243 | 0.00 | 0.00%
FCFP6_1024_244 | 0.00 | 0.00%
FCFP6_1024_246 | 0.00 | 0.00%
FCFP6_1024_247 | 0.00 | 0.00%
FCFP6_1024_248 | 0.00 | 0.00%
FCFP6_1024_249 | 0.00 | 0.00%
FCFP6_1024_250 | 0.00 | 0.00%
FCFP6_1024_251 | 0.00 | 0.00%
FCFP6_1024_252 | 0.00 | 0.00%
FCFP6_1024_253 | 0.00 | 0.00%
FCFP6_1024_254 | 0.00 | 0.00%
FCFP6_1024_255 | 0.00 | 0.00%
FCFP6_1024_256 | 0.00 | 0.00%
FCFP6_1024_257 | 0.00 | 0.00%
FCFP6_1024_258 | 0.00 | 0.00%
FCFP6_1024_261 | 0.00 | 0.00%
FCFP6_1024_265 | 0.00 | 0.00%
FCFP6_1024_266 | 0.00 | 0.00%
FCFP6_1024_267 | 0.00 | 0.00%
FCFP6_1024_268 | 0.00 | 0.00%
FCFP6_1024_271 | 0.00 | 0.00%
FCFP6_1024_272 | 0.00 | 0.00%
FCFP6_1024_273 | 0.00 | 0.00%
FCFP6_1024_274 | 0.00 | 0.00%
FCFP6_1024_277 | 0.00 | 0.00%
FCFP6_1024_279 | 0.00 | 0.00%
FCFP6_1024_281 | 0.00 | 0.00%
FCFP6_1024_283 | 0.00 | 0.00%
FCFP6_1024_285 | 0.00 | 0.00%
FCFP6_1024_286 | 0.00 | 0.00%
FCFP6_1024_287 | 0.00 | 0.00%
FCFP6_1024_288 | 0.00 | 0.00%
FCFP6_1024_289 | 0.00 | 0.00%
FCFP6_1024_290 | 0.00 | 0.00%
FCFP6_1024_291 | 0.00 | 0.00%
FCFP6_1024_292 | 0.00 | 0.00%
FCFP6_1024_293 | 0.00 | 0.00%
FCFP6_1024_294 | 0.00 | 0.00%
FCFP6_1024_295 | 0.00 | 0.00%
FCFP6_1024_296 | 0.00 | 0.00%
FCFP6_1024_297 | 0.00 | 0.00%
FCFP6_1024_299 | 0.00 | 0.00%
FCFP6_1024_300 | 0.00 | 0.00%
FCFP6_1024_301 | 0.00 | 0.00%
FCFP6_1024_302 | 0.00 | 0.00%
FCFP6_1024_303 | 0.00 | 0.00%
FCFP6_1024_306 | 0.00 | 0.00%
FCFP6_1024_307 | 0.00 | 0.00%
FCFP6_1024_308 | 0.00 | 0.00%
FCFP6_1024_310 | 0.00 | 0.00%
FCFP6_1024_311 | 0.00 | 0.00%
FCFP6_1024_312 | 0.00 | 0.00%
FCFP6_1024_314 | 0.00 | 0.00%
FCFP6_1024_315 | 0.00 | 0.00%
FCFP6_1024_316 | 0.00 | 0.00%
FCFP6_1024_317 | 0.00 | 0.00%
FCFP6_1024_319 | 0.00 | 0.00%
FCFP6_1024_320 | 0.00 | 0.00%
FCFP6_1024_321 | 0.00 | 0.00%
FCFP6_1024_324 | 0.00 | 0.00%
FCFP6_1024_325 | 0.00 | 0.00%
FCFP6_1024_326 | 0.00 | 0.00%
FCFP6_1024_327 | 0.00 | 0.00%
FCFP6_1024_328 | 0.00 | 0.00%
FCFP6_1024_331 | 0.00 | 0.00%
FCFP6_1024_332 | 0.00 | 0.00%
FCFP6_1024_333 | 0.00 | 0.00%
FCFP6_1024_335 | 0.00 | 0.00%
FCFP6_1024_336 | 0.00 | 0.00%
FCFP6_1024_337 | 0.00 | 0.00%
FCFP6_1024_338 | 0.00 | 0.00%
FCFP6_1024_339 | 0.00 | 0.00%
FCFP6_1024_340 | 0.00 | 0.00%
FCFP6_1024_341 | 0.00 | 0.00%
FCFP6_1024_342 | 0.00 | 0.00%
FCFP6_1024_344 | 0.00 | 0.00%
FCFP6_1024_345 | 0.00 | 0.00%
FCFP6_1024_348 | 0.00 | 0.00%
FCFP6_1024_349 | 0.00 | 0.00%
FCFP6_1024_351 | 0.00 | 0.00%
FCFP6_1024_352 | 0.00 | 0.00%
FCFP6_1024_353 | 0.00 | 0.00%
FCFP6_1024_354 | 0.00 | 0.00%
FCFP6_1024_356 | 0.00 | 0.00%
FCFP6_1024_357 | 0.00 | 0.00%
FCFP6_1024_360 | 0.00 | 0.00%
FCFP6_1024_361 | 0.00 | 0.00%
FCFP6_1024_362 | 0.00 | 0.00%
FCFP6_1024_363 | 0.00 | 0.00%
FCFP6_1024_365 | 0.00 | 0.00%
FCFP6_1024_366 | 0.00 | 0.00%
FCFP6_1024_367 | 0.00 | 0.00%
FCFP6_1024_368 | 0.00 | 0.00%
FCFP6_1024_369 | 0.00 | 0.00%
FCFP6_1024_370 | 0.00 | 0.00%
FCFP6_1024_371 | 0.00 | 0.00%
FCFP6_1024_372 | 0.00 | 0.00%
FCFP6_1024_373 | 0.00 | 0.00%
FCFP6_1024_374 | 0.00 | 0.00%
FCFP6_1024_376 | 0.00 | 0.00%
FCFP6_1024_377 | 0.00 | 0.00%
FCFP6_1024_378 | 0.00 | 0.00%
FCFP6_1024_379 | 0.00 | 0.00%
FCFP6_1024_380 | 0.00 | 0.00%
FCFP6_1024_381 | 0.00 | 0.00%
FCFP6_1024_383 | 0.00 | 0.00%
FCFP6_1024_384 | 0.00 | 0.00%
FCFP6_1024_385 | 0.00 | 0.00%
FCFP6_1024_386 | 0.00 | 0.00%
FCFP6_1024_388 | 0.00 | 0.00%
FCFP6_1024_389 | 0.00 | 0.00%
FCFP6_1024_391 | 0.00 | 0.00%
FCFP6_1024_392 | 0.00 | 0.00%
FCFP6_1024_393 | 0.00 | 0.00%
FCFP6_1024_397 | 0.00 | 0.00%
FCFP6_1024_398 | 0.00 | 0.00%
FCFP6_1024_399 | 0.00 | 0.00%
FCFP6_1024_400 | 0.00 | 0.00%
FCFP6_1024_401 | 0.00 | 0.00%
FCFP6_1024_402 | 0.00 | 0.00%
FCFP6_1024_403 | 0.00 | 0.00%
FCFP6_1024_404 | 0.00 | 0.00%
FCFP6_1024_406 | 0.00 | 0.00%
FCFP6_1024_408 | 0.00 | 0.00%
FCFP6_1024_409 | 0.00 | 0.00%
FCFP6_1024_410 | 0.00 | 0.00%
FCFP6_1024_411 | 0.00 | 0.00%
FCFP6_1024_413 | 0.00 | 0.00%
FCFP6_1024_415 | 0.00 | 0.00%
FCFP6_1024_416 | 0.00 | 0.00%
FCFP6_1024_417 | 0.00 | 0.00%
FCFP6_1024_418 | 0.00 | 0.00%
FCFP6_1024_419 | 0.00 | 0.00%
FCFP6_1024_420 | 0.00 | 0.00%
FCFP6_1024_421 | 0.00 | 0.00%
FCFP6_1024_422 | 0.00 | 0.00%
FCFP6_1024_424 | 0.00 | 0.00%
FCFP6_1024_426 | 0.00 | 0.00%
FCFP6_1024_427 | 0.00 | 0.00%
FCFP6_1024_429 | 0.00 | 0.00%
FCFP6_1024_432 | 0.00 | 0.00%
FCFP6_1024_433 | 0.00 | 0.00%
FCFP6_1024_435 | 0.00 | 0.00%
FCFP6_1024_436 | 0.00 | 0.00%
FCFP6_1024_438 | 0.00 | 0.00%
FCFP6_1024_439 | 0.00 | 0.00%
FCFP6_1024_440 | 0.00 | 0.00%
FCFP6_1024_441 | 0.00 | 0.00%
FCFP6_1024_443 | 0.00 | 0.00%
FCFP6_1024_444 | 0.00 | 0.00%
FCFP6_1024_445 | 0.00 | 0.00%
FCFP6_1024_446 | 0.00 | 0.00%
FCFP6_1024_447 | 0.00 | 0.00%
FCFP6_1024_448 | 0.00 | 0.00%
FCFP6_1024_449 | 0.00 | 0.00%
FCFP6_1024_450 | 0.00 | 0.00%
FCFP6_1024_451 | 0.00 | 0.00%
FCFP6_1024_452 | 0.00 | 0.00%
FCFP6_1024_453 | 0.00 | 0.00%
FCFP6_1024_456 | 0.00 | 0.00%
FCFP6_1024_457 | 0.00 | 0.00%
FCFP6_1024_458 | 0.00 | 0.00%
FCFP6_1024_459 | 0.00 | 0.00%
FCFP6_1024_460 | 0.00 | 0.00%
FCFP6_1024_461 | 0.00 | 0.00%
FCFP6_1024_462 | 0.00 | 0.00%
FCFP6_1024_464 | 0.00 | 0.00%
FCFP6_1024_465 | 0.00 | 0.00%
FCFP6_1024_466 | 0.00 | 0.00%
FCFP6_1024_467 | 0.00 | 0.00%
FCFP6_1024_468 | 0.00 | 0.00%
FCFP6_1024_470 | 0.00 | 0.00%
FCFP6_1024_472 | 0.00 | 0.00%
FCFP6_1024_474 | 0.00 | 0.00%
FCFP6_1024_475 | 0.00 | 0.00%
FCFP6_1024_476 | 0.00 | 0.00%
FCFP6_1024_477 | 0.00 | 0.00%
FCFP6_1024_478 | 0.00 | 0.00%
FCFP6_1024_479 | 0.00 | 0.00%
FCFP6_1024_481 | 0.00 | 0.00%
FCFP6_1024_482 | 0.00 | 0.00%
FCFP6_1024_483 | 0.00 | 0.00%
FCFP6_1024_484 | 0.00 | 0.00%
FCFP6_1024_485 | 0.00 | 0.00%
FCFP6_1024_486 | 0.00 | 0.00%
FCFP6_1024_490 | 0.00 | 0.00%
FCFP6_1024_491 | 0.00 | 0.00%
FCFP6_1024_492 | 0.00 | 0.00%
FCFP6_1024_494 | 0.00 | 0.00%
FCFP6_1024_495 | 0.00 | 0.00%
FCFP6_1024_496 | 0.00 | 0.00%
FCFP6_1024_497 | 0.00 | 0.00%
FCFP6_1024_498 | 0.00 | 0.00%
FCFP6_1024_500 | 0.00 | 0.00%
FCFP6_1024_502 | 0.00 | 0.00%
FCFP6_1024_503 | 0.00 | 0.00%
FCFP6_1024_504 | 0.00 | 0.00%
FCFP6_1024_506 | 0.00 | 0.00%
FCFP6_1024_508 | 0.00 | 0.00%
FCFP6_1024_509 | 0.00 | 0.00%
FCFP6_1024_510 | 0.00 | 0.00%
FCFP6_1024_512 | 0.00 | 0.00%
FCFP6_1024_514 | 0.00 | 0.00%
FCFP6_1024_515 | 0.00 | 0.00%
FCFP6_1024_516 | 0.00 | 0.00%
FCFP6_1024_517 | 0.00 | 0.00%
FCFP6_1024_518 | 0.00 | 0.00%
FCFP6_1024_519 | 0.00 | 0.00%
FCFP6_1024_521 | 0.00 | 0.00%
FCFP6_1024_524 | 0.00 | 0.00%
FCFP6_1024_525 | 0.00 | 0.00%
FCFP6_1024_526 | 0.00 | 0.00%
FCFP6_1024_527 | 0.00 | 0.00%
FCFP6_1024_529 | 0.00 | 0.00%
FCFP6_1024_530 | 0.00 | 0.00%
FCFP6_1024_532 | 0.00 | 0.00%
FCFP6_1024_533 | 0.00 | 0.00%
FCFP6_1024_534 | 0.00 | 0.00%
FCFP6_1024_535 | 0.00 | 0.00%
FCFP6_1024_538 | 0.00 | 0.00%
FCFP6_1024_539 | 0.00 | 0.00%
FCFP6_1024_540 | 0.00 | 0.00%
FCFP6_1024_541 | 0.00 | 0.00%
FCFP6_1024_542 | 0.00 | 0.00%
FCFP6_1024_543 | 0.00 | 0.00%
FCFP6_1024_544 | 0.00 | 0.00%
FCFP6_1024_545 | 0.00 | 0.00%
FCFP6_1024_547 | 0.00 | 0.00%
FCFP6_1024_548 | 0.00 | 0.00%
FCFP6_1024_549 | 0.00 | 0.00%
FCFP6_1024_550 | 0.00 | 0.00%
FCFP6_1024_551 | 0.00 | 0.00%
FCFP6_1024_552 | 0.00 | 0.00%
FCFP6_1024_553 | 0.00 | 0.00%
FCFP6_1024_554 | 0.00 | 0.00%
FCFP6_1024_555 | 0.00 | 0.00%
FCFP6_1024_556 | 0.00 | 0.00%
FCFP6_1024_557 | 0.00 | 0.00%
FCFP6_1024_558 | 0.00 | 0.00%
FCFP6_1024_559 | 0.00 | 0.00%
FCFP6_1024_561 | 0.00 | 0.00%
FCFP6_1024_562 | 0.00 | 0.00%
FCFP6_1024_563 | 0.00 | 0.00%
FCFP6_1024_564 | 0.00 | 0.00%
FCFP6_1024_565 | 0.00 | 0.00%
FCFP6_1024_566 | 0.00 | 0.00%
FCFP6_1024_567 | 0.00 | 0.00%
FCFP6_1024_568 | 0.00 | 0.00%
FCFP6_1024_570 | 0.00 | 0.00%
FCFP6_1024_571 | 0.00 | 0.00%
FCFP6_1024_572 | 0.00 | 0.00%
FCFP6_1024_574 | 0.00 | 0.00%
FCFP6_1024_575 | 0.00 | 0.00%
FCFP6_1024_576 | 0.00 | 0.00%
FCFP6_1024_577 | 0.00 | 0.00%
FCFP6_1024_579 | 0.00 | 0.00%
FCFP6_1024_581 | 0.00 | 0.00%
FCFP6_1024_582 | 0.00 | 0.00%
FCFP6_1024_583 | 0.00 | 0.00%
FCFP6_1024_584 | 0.00 | 0.00%
FCFP6_1024_585 | 0.00 | 0.00%
FCFP6_1024_586 | 0.00 | 0.00%
FCFP6_1024_587 | 0.00 | 0.00%
FCFP6_1024_590 | 0.00 | 0.00%
FCFP6_1024_591 | 0.00 | 0.00%
FCFP6_1024_592 | 0.00 | 0.00%
FCFP6_1024_593 | 0.00 | 0.00%
FCFP6_1024_594 | 0.00 | 0.00%
FCFP6_1024_595 | 0.00 | 0.00%
FCFP6_1024_596 | 0.00 | 0.00%
FCFP6_1024_597 | 0.00 | 0.00%
FCFP6_1024_599 | 0.00 | 0.00%
FCFP6_1024_600 | 0.00 | 0.00%
FCFP6_1024_601 | 0.00 | 0.00%
FCFP6_1024_603 | 0.00 | 0.00%
FCFP6_1024_604 | 0.00 | 0.00%
FCFP6_1024_605 | 0.00 | 0.00%
FCFP6_1024_606 | 0.00 | 0.00%
FCFP6_1024_608 | 0.00 | 0.00%
FCFP6_1024_609 | 0.00 | 0.00%
FCFP6_1024_611 | 0.00 | 0.00%
FCFP6_1024_616 | 0.00 | 0.00%
FCFP6_1024_618 | 0.00 | 0.00%
FCFP6_1024_619 | 0.00 | 0.00%
FCFP6_1024_620 | 0.00 | 0.00%
FCFP6_1024_621 | 0.00 | 0.00%
FCFP6_1024_623 | 0.00 | 0.00%
FCFP6_1024_624 | 0.00 | 0.00%
FCFP6_1024_625 | 0.00 | 0.00%
FCFP6_1024_627 | 0.00 | 0.00%
FCFP6_1024_628 | 0.00 | 0.00%
FCFP6_1024_630 | 0.00 | 0.00%
FCFP6_1024_631 | 0.00 | 0.00%
FCFP6_1024_632 | 0.00 | 0.00%
FCFP6_1024_633 | 0.00 | 0.00%
FCFP6_1024_634 | 0.00 | 0.00%
FCFP6_1024_635 | 0.00 | 0.00%
FCFP6_1024_636 | 0.00 | 0.00%
FCFP6_1024_637 | 0.00 | 0.00%
FCFP6_1024_638 | 0.00 | 0.00%
FCFP6_1024_639 | 0.00 | 0.00%
FCFP6_1024_640 | 0.00 | 0.00%
FCFP6_1024_641 | 0.00 | 0.00%
FCFP6_1024_642 | 0.00 | 0.00%
FCFP6_1024_643 | 0.00 | 0.00%
FCFP6_1024_644 | 0.00 | 0.00%
FCFP6_1024_645 | 0.00 | 0.00%
FCFP6_1024_646 | 0.00 | 0.00%
FCFP6_1024_647 | 0.00 | 0.00%
FCFP6_1024_648 | 0.00 | 0.00%
FCFP6_1024_650 | 0.00 | 0.00%
FCFP6_1024_651 | 0.00 | 0.00%
FCFP6_1024_653 | 0.00 | 0.00%
FCFP6_1024_654 | 0.00 | 0.00%
FCFP6_1024_656 | 0.00 | 0.00%
FCFP6_1024_657 | 0.00 | 0.00%
FCFP6_1024_658 | 0.00 | 0.00%
FCFP6_1024_659 | 0.00 | 0.00%
FCFP6_1024_661 | 0.00 | 0.00%
FCFP6_1024_662 | 0.00 | 0.00%
FCFP6_1024_663 | 0.00 | 0.00%
FCFP6_1024_664 | 0.00 | 0.00%
FCFP6_1024_665 | 0.00 | 0.00%
FCFP6_1024_666 | 0.00 | 0.00%
FCFP6_1024_668 | 0.00 | 0.00%
FCFP6_1024_669 | 0.00 | 0.00%
FCFP6_1024_670 | 0.00 | 0.00%
FCFP6_1024_671 | 0.00 | 0.00%
FCFP6_1024_672 | 0.00 | 0.00%
FCFP6_1024_673 | 0.00 | 0.00%
FCFP6_1024_675 | 0.00 | 0.00%
FCFP6_1024_676 | 0.00 | 0.00%
FCFP6_1024_678 | 0.00 | 0.00%
FCFP6_1024_680 | 0.00 | 0.00%
FCFP6_1024_681 | 0.00 | 0.00%
FCFP6_1024_682 | 0.00 | 0.00%
FCFP6_1024_683 | 0.00 | 0.00%
FCFP6_1024_685 | 0.00 | 0.00%
FCFP6_1024_686 | 0.00 | 0.00%
FCFP6_1024_687 | 0.00 | 0.00%
FCFP6_1024_688 | 0.00 | 0.00%
FCFP6_1024_689 | 0.00 | 0.00%
FCFP6_1024_692 | 0.00 | 0.00%
FCFP6_1024_693 | 0.00 | 0.00%
FCFP6_1024_695 | 0.00 | 0.00%
FCFP6_1024_696 | 0.00 | 0.00%
FCFP6_1024_698 | 0.00 | 0.00%
FCFP6_1024_699 | 0.00 | 0.00%
FCFP6_1024_702 | 0.00 | 0.00%
FCFP6_1024_703 | 0.00 | 0.00%
FCFP6_1024_704 | 0.00 | 0.00%
FCFP6_1024_705 | 0.00 | 0.00%
FCFP6_1024_706 | 0.00 | 0.00%
FCFP6_1024_708 | 0.00 | 0.00%
FCFP6_1024_709 | 0.00 | 0.00%
FCFP6_1024_710 | 0.00 | 0.00%
FCFP6_1024_711 | 0.00 | 0.00%
FCFP6_1024_712 | 0.00 | 0.00%
FCFP6_1024_714 | 0.00 | 0.00%
FCFP6_1024_715 | 0.00 | 0.00%
FCFP6_1024_716 | 0.00 | 0.00%
FCFP6_1024_717 | 0.00 | 0.00%
FCFP6_1024_718 | 0.00 | 0.00%
FCFP6_1024_720 | 0.00 | 0.00%
FCFP6_1024_721 | 0.00 | 0.00%
FCFP6_1024_722 | 0.00 | 0.00%
FCFP6_1024_723 | 0.00 | 0.00%
FCFP6_1024_725 | 0.00 | 0.00%
FCFP6_1024_726 | 0.00 | 0.00%
FCFP6_1024_731 | 0.00 | 0.00%
FCFP6_1024_733 | 0.00 | 0.00%
FCFP6_1024_734 | 0.00 | 0.00%
FCFP6_1024_736 | 0.00 | 0.00%
FCFP6_1024_738 | 0.00 | 0.00%
FCFP6_1024_739 | 0.00 | 0.00%
FCFP6_1024_741 | 0.00 | 0.00%
FCFP6_1024_742 | 0.00 | 0.00%
FCFP6_1024_744 | 0.00 | 0.00%
FCFP6_1024_746 | 0.00 | 0.00%
FCFP6_1024_747 | 0.00 | 0.00%
FCFP6_1024_750 | 0.00 | 0.00%
FCFP6_1024_752 | 0.00 | 0.00%
FCFP6_1024_753 | 0.00 | 0.00%
FCFP6_1024_754 | 0.00 | 0.00%
FCFP6_1024_755 | 0.00 | 0.00%
FCFP6_1024_756 | 0.00 | 0.00%
FCFP6_1024_757 | 0.00 | 0.00%
FCFP6_1024_758 | 0.00 | 0.00%
FCFP6_1024_759 | 0.00 | 0.00%
FCFP6_1024_760 | 0.00 | 0.00%
FCFP6_1024_761 | 0.00 | 0.00%
FCFP6_1024_762 | 0.00 | 0.00%
FCFP6_1024_763 | 0.00 | 0.00%
FCFP6_1024_764 | 0.00 | 0.00%
FCFP6_1024_765 | 0.00 | 0.00%
FCFP6_1024_767 | 0.00 | 0.00%
FCFP6_1024_768 | 0.00 | 0.00%
FCFP6_1024_769 | 0.00 | 0.00%
FCFP6_1024_770 | 0.00 | 0.00%
FCFP6_1024_771 | 0.00 | 0.00%
FCFP6_1024_772 | 0.00 | 0.00%
FCFP6_1024_773 | 0.00 | 0.00%
FCFP6_1024_774 | 0.00 | 0.00%
FCFP6_1024_775 | 0.00 | 0.00%
FCFP6_1024_776 | 0.00 | 0.00%
FCFP6_1024_779 | 0.00 | 0.00%
FCFP6_1024_780 | 0.00 | 0.00%
FCFP6_1024_781 | 0.00 | 0.00%
FCFP6_1024_782 | 0.00 | 0.00%
FCFP6_1024_783 | 0.00 | 0.00%
FCFP6_1024_784 | 0.00 | 0.00%
FCFP6_1024_785 | 0.00 | 0.00%
FCFP6_1024_787 | 0.00 | 0.00%
FCFP6_1024_788 | 0.00 | 0.00%
FCFP6_1024_789 | 0.00 | 0.00%
FCFP6_1024_790 | 0.00 | 0.00%
FCFP6_1024_791 | 0.00 | 0.00%
FCFP6_1024_792 | 0.00 | 0.00%
FCFP6_1024_793 | 0.00 | 0.00%
FCFP6_1024_795 | 0.00 | 0.00%
FCFP6_1024_796 | 0.00 | 0.00%
FCFP6_1024_797 | 0.00 | 0.00%
FCFP6_1024_798 | 0.00 | 0.00%
FCFP6_1024_800 | 0.00 | 0.00%
FCFP6_1024_801 | 0.00 | 0.00%
FCFP6_1024_802 | 0.00 | 0.00%
FCFP6_1024_804 | 0.00 | 0.00%
FCFP6_1024_805 | 0.00 | 0.00%
FCFP6_1024_806 | 0.00 | 0.00%
FCFP6_1024_807 | 0.00 | 0.00%
FCFP6_1024_808 | 0.00 | 0.00%
FCFP6_1024_812 | 0.00 | 0.00%
FCFP6_1024_813 | 0.00 | 0.00%
FCFP6_1024_815 | 0.00 | 0.00%
FCFP6_1024_817 | 0.00 | 0.00%
FCFP6_1024_818 | 0.00 | 0.00%
FCFP6_1024_819 | 0.00 | 0.00%
FCFP6_1024_820 | 0.00 | 0.00%
FCFP6_1024_821 | 0.00 | 0.00%
FCFP6_1024_822 | 0.00 | 0.00%
FCFP6_1024_824 | 0.00 | 0.00%
FCFP6_1024_827 | 0.00 | 0.00%
FCFP6_1024_828 | 0.00 | 0.00%
FCFP6_1024_829 | 0.00 | 0.00%
FCFP6_1024_831 | 0.00 | 0.00%
FCFP6_1024_832 | 0.00 | 0.00%
FCFP6_1024_833 | 0.00 | 0.00%
FCFP6_1024_835 | 0.00 | 0.00%
FCFP6_1024_836 | 0.00 | 0.00%
FCFP6_1024_837 | 0.00 | 0.00%
FCFP6_1024_839 | 0.00 | 0.00%
FCFP6_1024_840 | 0.00 | 0.00%
FCFP6_1024_841 | 0.00 | 0.00%
FCFP6_1024_842 | 0.00 | 0.00%
FCFP6_1024_843 | 0.00 | 0.00%
FCFP6_1024_844 | 0.00 | 0.00%
FCFP6_1024_845 | 0.00 | 0.00%
FCFP6_1024_847 | 0.00 | 0.00%
FCFP6_1024_848 | 0.00 | 0.00%
FCFP6_1024_849 | 0.00 | 0.00%
FCFP6_1024_851 | 0.00 | 0.00%
FCFP6_1024_853 | 0.00 | 0.00%
FCFP6_1024_854 | 0.00 | 0.00%
FCFP6_1024_856 | 0.00 | 0.00%
FCFP6_1024_857 | 0.00 | 0.00%
FCFP6_1024_859 | 0.00 | 0.00%
FCFP6_1024_860 | 0.00 | 0.00%
FCFP6_1024_862 | 0.00 | 0.00%
FCFP6_1024_863 | 0.00 | 0.00%
FCFP6_1024_864 | 0.00 | 0.00%
FCFP6_1024_865 | 0.00 | 0.00%
FCFP6_1024_866 | 0.00 | 0.00%
FCFP6_1024_868 | 0.00 | 0.00%
FCFP6_1024_869 | 0.00 | 0.00%
FCFP6_1024_870 | 0.00 | 0.00%
FCFP6_1024_872 | 0.00 | 0.00%
FCFP6_1024_873 | 0.00 | 0.00%
FCFP6_1024_875 | 0.00 | 0.00%
FCFP6_1024_876 | 0.00 | 0.00%
FCFP6_1024_877 | 0.00 | 0.00%
FCFP6_1024_879 | 0.00 | 0.00%
FCFP6_1024_881 | 0.00 | 0.00%
FCFP6_1024_883 | 0.00 | 0.00%
FCFP6_1024_884 | 0.00 | 0.00%
FCFP6_1024_885 | 0.00 | 0.00%
FCFP6_1024_886 | 0.00 | 0.00%
FCFP6_1024_888 | 0.00 | 0.00%
FCFP6_1024_890 | 0.00 | 0.00%
FCFP6_1024_891 | 0.00 | 0.00%
FCFP6_1024_895 | 0.00 | 0.00%
FCFP6_1024_896 | 0.00 | 0.00%
FCFP6_1024_897 | 0.00 | 0.00%
FCFP6_1024_898 | 0.00 | 0.00%
FCFP6_1024_899 | 0.00 | 0.00%
FCFP6_1024_900 | 0.00 | 0.00%
FCFP6_1024_903 | 0.00 | 0.00%
FCFP6_1024_904 | 0.00 | 0.00%
FCFP6_1024_906 | 0.00 | 0.00%
FCFP6_1024_908 | 0.00 | 0.00%
FCFP6_1024_909 | 0.00 | 0.00%
FCFP6_1024_910 | 0.00 | 0.00%
FCFP6_1024_911 | 0.00 | 0.00%
FCFP6_1024_913 | 0.00 | 0.00%
FCFP6_1024_914 | 0.00 | 0.00%
FCFP6_1024_915 | 0.00 | 0.00%
FCFP6_1024_916 | 0.00 | 0.00%
FCFP6_1024_917 | 0.00 | 0.00%
FCFP6_1024_920 | 0.00 | 0.00%
FCFP6_1024_922 | 0.00 | 0.00%
FCFP6_1024_923 | 0.00 | 0.00%
FCFP6_1024_924 | 0.00 | 0.00%
FCFP6_1024_926 | 0.00 | 0.00%
FCFP6_1024_927 | 0.00 | 0.00%
FCFP6_1024_929 | 0.00 | 0.00%
FCFP6_1024_930 | 0.00 | 0.00%
FCFP6_1024_931 | 0.00 | 0.00%
FCFP6_1024_932 | 0.00 | 0.00%
FCFP6_1024_933 | 0.00 | 0.00%
FCFP6_1024_934 | 0.00 | 0.00%
FCFP6_1024_935 | 0.00 | 0.00%
FCFP6_1024_937 | 0.00 | 0.00%
FCFP6_1024_939 | 0.00 | 0.00%
FCFP6_1024_940 | 0.00 | 0.00%
FCFP6_1024_943 | 0.00 | 0.00%
FCFP6_1024_944 | 0.00 | 0.00%
FCFP6_1024_945 | 0.00 | 0.00%
FCFP6_1024_947 | 0.00 | 0.00%
FCFP6_1024_948 | 0.00 | 0.00%
FCFP6_1024_949 | 0.00 | 0.00%
FCFP6_1024_950 | 0.00 | 0.00%
FCFP6_1024_951 | 0.00 | 0.00%
FCFP6_1024_953 | 0.00 | 0.00%
FCFP6_1024_954 | 0.00 | 0.00%
FCFP6_1024_955 | 0.00 | 0.00%
FCFP6_1024_956 | 0.00 | 0.00%
FCFP6_1024_957 | 0.00 | 0.00%
FCFP6_1024_958 | 0.00 | 0.00%
FCFP6_1024_959 | 0.00 | 0.00%
FCFP6_1024_961 | 0.00 | 0.00%
FCFP6_1024_962 | 0.00 | 0.00%
FCFP6_1024_965 | 0.00 | 0.00%
FCFP6_1024_966 | 0.00 | 0.00%
FCFP6_1024_967 | 0.00 | 0.00%
FCFP6_1024_968 | 0.00 | 0.00%
FCFP6_1024_969 | 0.00 | 0.00%
FCFP6_1024_971 | 0.00 | 0.00%
FCFP6_1024_972 | 0.00 | 0.00%
FCFP6_1024_973 | 0.00 | 0.00%
FCFP6_1024_974 | 0.00 | 0.00%
FCFP6_1024_975 | 0.00 | 0.00%
FCFP6_1024_976 | 0.00 | 0.00%
FCFP6_1024_977 | 0.00 | 0.00%
FCFP6_1024_978 | 0.00 | 0.00%
FCFP6_1024_979 | 0.00 | 0.00%
FCFP6_1024_981 | 0.00 | 0.00%
FCFP6_1024_983 | 0.00 | 0.00%
FCFP6_1024_984 | 0.00 | 0.00%
FCFP6_1024_986 | 0.00 | 0.00%
FCFP6_1024_987 | 0.00 | 0.00%
FCFP6_1024_988 | 0.00 | 0.00%
FCFP6_1024_989 | 0.00 | 0.00%
FCFP6_1024_990 | 0.00 | 0.00%
FCFP6_1024_991 | 0.00 | 0.00%
FCFP6_1024_992 | 0.00 | 0.00%
FCFP6_1024_993 | 0.00 | 0.00%
FCFP6_1024_995 | 0.00 | 0.00%
FCFP6_1024_996 | 0.00 | 0.00%
FCFP6_1024_997 | 0.00 | 0.00%
FCFP6_1024_998 | 0.00 | 0.00%
FCFP6_1024_999 | 0.00 | 0.00%
FCFP6_1024_1000 | 0.00 | 0.00%
FCFP6_1024_1001 | 0.00 | 0.00%
FCFP6_1024_1004 | 0.00 | 0.00%
FCFP6_1024_1005 | 0.00 | 0.00%
FCFP6_1024_1006 | 0.00 | 0.00%
FCFP6_1024_1007 | 0.00 | 0.00%
FCFP6_1024_1008 | 0.00 | 0.00%
FCFP6_1024_1009 | 0.00 | 0.00%
FCFP6_1024_1010 | 0.00 | 0.00%
FCFP6_1024_1011 | 0.00 | 0.00%
FCFP6_1024_1015 | 0.00 | 0.00%
FCFP6_1024_1016 | 0.00 | 0.00%
FCFP6_1024_1017 | 0.00 | 0.00%
FCFP6_1024_1020 | 0.00 | 0.00%
FCFP6_1024_1021 | 0.00 | 0.00%
FCFP6_1024_1022 | 0.00 | 0.00%
FCFP6_1024_1023 | 0.00 | 0.00%

=====================================================================
METRIC TYPE                                  | VALUE / PROFILE
=====================================================================
Embedding Share                              | 96.59%
Raw Feature Share                            | 3.41%
---------------------------------------------------------------------
Active Text Embedding Density                | 100.00% (41/41)
Active Raw Tabular Feature Density           | 26.56% (272/1024)
---------------------------------------------------------------------
Top-5 Concentration Ratio (CR5)              | 92.14% of total decision weight
Top-10 Concentration Ratio (CR10)            | 94.98% of total decision weight
=====================================================================

Total Pipeline Execution Time: 693.57 seconds

[SUCCESS] Permanent artifacts safely written to 'outputs/training-4/'
[W&B] Artifacts and localized metrics logged successfully for qsar-tid-11_combined_xgboost
