[W&B] Child process started for job: qsar-tid-11_raw-only_lightgbm in group session-training-4
Loading archive 'archives/qsar-tid-11.npz' and initializing pipeline for target: LIGHTGBM...
Execution Mode: RAW-ONLY
Session Output Target: outputs/training-4/
Task Type: REGRESSION
TabPFN Baselines Loaded - Primary: 0.6736 | Secondary: 0.8041
PCA reduced text embeddings to 41 components.
Final training matrix shape assembled for RAW-ONLY: (4593, 1024)

Running 26-Trial Optuna Study for LIGHTGBM (RAW-ONLY)...
A new study created in RDB with name: 20260625_043548_qsar-tid-11_raw-only_lightgbm
Trial 0 finished with value: 0.7742680514557667 and parameters: {}. Best is trial 0 with value: 0.7742680514557667.
Trial 1 finished with value: 0.7937123778922051 and parameters: {'learning_rate': 0.015355286838886862, 'feature_fraction': 0.9704285838459497, 'bagging_fraction': 0.9195981825434215, 'bagging_freq': 1, 'num_leaves': 28, 'min_data_in_leaf': 1, 'extra_trees': False, 'min_data_per_group': 57, 'cat_l2': 0.18327672955935934, 'cat_smooth': 3.4702669886504163, 'max_cat_to_onehot': 8, 'lambda_l1': 0.9699128611767781, 'lambda_l2': 1.6649020373367633}. Best is trial 0 with value: 0.7742680514557667.
Trial 2 finished with value: 1.0031058918310853 and parameters: {'learning_rate': 0.009445600138094694, 'feature_fraction': 0.5090949803242604, 'bagging_fraction': 0.7550213529560301, 'bagging_freq': 1, 'num_leaves': 7, 'min_data_in_leaf': 6, 'extra_trees': False, 'min_data_per_group': 20, 'cat_l2': 0.01153297626310632, 'cat_smooth': 0.028888383623653185, 'max_cat_to_onehot': 19, 'lambda_l1': 0.4561243772186142, 'lambda_l2': 1.5703734051898879}. Best is trial 0 with value: 0.7742680514557667.
Trial 3 finished with value: 1.2689478909557976 and parameters: {'learning_rate': 0.009093929525644107, 'feature_fraction': 0.708540663048167, 'bagging_fraction': 0.8777243706586128, 'bagging_freq': 1, 'num_leaves': 2, 'min_data_in_leaf': 10, 'extra_trees': False, 'min_data_per_group': 81, 'cat_l2': 1.6278053965878447, 'cat_smooth': 11.015056790269638, 'max_cat_to_onehot': 17, 'lambda_l1': 0.09776234679498323, 'lambda_l2': 1.3684976297216627}. Best is trial 0 with value: 0.7742680514557667.
Trial 4 finished with value: 1.1920514311611297 and parameters: {'learning_rate': 0.01869052934095898, 'feature_fraction': 0.47322294090686734, 'bagging_fraction': 0.848553073033381, 'bagging_freq': 1, 'num_leaves': 2, 'min_data_in_leaf': 42, 'extra_trees': True, 'min_data_per_group': 6, 'cat_l2': 0.11277639166461569, 'cat_smooth': 0.5414413211338525, 'max_cat_to_onehot': 12, 'lambda_l1': 0.9695876693017821, 'lambda_l2': 1.550288133439893}. Best is trial 0 with value: 0.7742680514557667.
Trial 5 finished with value: 0.780243524023371 and parameters: {'learning_rate': 0.08342309693146736, 'feature_fraction': 0.9368964102565893, 'bagging_fraction': 0.8793699936433255, 'bagging_freq': 1, 'num_leaves': 137, 'min_data_in_leaf': 1, 'extra_trees': False, 'min_data_per_group': 6, 'cat_l2': 0.0513253156994884, 'cat_smooth': 0.022737628102536857, 'max_cat_to_onehot': 64, 'lambda_l1': 0.3568176513609199, 'lambda_l2': 0.5619409259237927}. Best is trial 0 with value: 0.7742680514557667.
Trial 6 finished with value: 1.1632661080787887 and parameters: {'learning_rate': 0.025411709798607296, 'feature_fraction': 0.4845545349848576, 'bagging_fraction': 0.9406590942262119, 'bagging_freq': 1, 'num_leaves': 2, 'min_data_in_leaf': 61, 'extra_trees': False, 'min_data_per_group': 2, 'cat_l2': 0.6619871537619337, 'cat_smooth': 3.4220529032706923, 'max_cat_to_onehot': 50, 'lambda_l1': 0.7712932196512772, 'lambda_l2': 0.1481818990030073}. Best is trial 0 with value: 0.7742680514557667.
Trial 7 finished with value: 0.7891789624220378 and parameters: {'learning_rate': 0.014633380642745364, 'feature_fraction': 0.4695214357150779, 'bagging_fraction': 0.958931027762678, 'bagging_freq': 1, 'num_leaves': 32, 'min_data_in_leaf': 2, 'extra_trees': True, 'min_data_per_group': 6, 'cat_l2': 0.3957756313952873, 'cat_smooth': 1.5409457762881555, 'max_cat_to_onehot': 75, 'lambda_l1': 0.4722677036694331, 'lambda_l2': 0.23927653245200955}. Best is trial 0 with value: 0.7742680514557667.
Trial 8 finished with value: 0.7617731689553768 and parameters: {'learning_rate': 0.042356773126632795, 'feature_fraction': 0.8564710291701385, 'bagging_fraction': 0.8683831592708489, 'bagging_freq': 1, 'num_leaves': 65, 'min_data_in_leaf': 6, 'extra_trees': False, 'min_data_per_group': 2, 'cat_l2': 0.009543550367992308, 'cat_smooth': 0.0014359718569878096, 'max_cat_to_onehot': 39, 'lambda_l1': 0.314424545478219, 'lambda_l2': 1.017190525260289}. Best is trial 8 with value: 0.7617731689553768.
Trial 9 finished with value: 0.7577528800714614 and parameters: {'learning_rate': 0.07581256838789621, 'feature_fraction': 0.549575337489325, 'bagging_fraction': 0.8231148769106889, 'bagging_freq': 1, 'num_leaves': 61, 'min_data_in_leaf': 2, 'extra_trees': True, 'min_data_per_group': 3, 'cat_l2': 1.3124992669799407, 'cat_smooth': 10.979988817809668, 'max_cat_to_onehot': 39, 'lambda_l1': 0.871473444128699, 'lambda_l2': 1.607363786590539}. Best is trial 9 with value: 0.7577528800714614.
Trial 10 finished with value: 0.8077821615620309 and parameters: {'learning_rate': 0.09141317099962805, 'feature_fraction': 0.666846038484066, 'bagging_fraction': 0.7022641957948879, 'bagging_freq': 1, 'num_leaves': 8, 'min_data_in_leaf': 19, 'extra_trees': True, 'min_data_per_group': 24, 'cat_l2': 0.03512175732792625, 'cat_smooth': 59.56241765548436, 'max_cat_to_onehot': 31, 'lambda_l1': 0.6782859743712771, 'lambda_l2': 0.9020635371946518}. Best is trial 9 with value: 0.7577528800714614.
Trial 11 finished with value: 0.768047743108055 and parameters: {'learning_rate': 0.04651795579676449, 'feature_fraction': 0.8068283847452966, 'bagging_fraction': 0.802754798121327, 'bagging_freq': 1, 'num_leaves': 130, 'min_data_in_leaf': 4, 'extra_trees': True, 'min_data_per_group': 2, 'cat_l2': 0.005542658783439302, 'cat_smooth': 0.003067614502323185, 'max_cat_to_onehot': 39, 'lambda_l1': 0.12347544229806662, 'lambda_l2': 1.1018548775724635}. Best is trial 9 with value: 0.7577528800714614.
Trial 12 finished with value: 0.7617894149454738 and parameters: {'learning_rate': 0.045985353557020776, 'feature_fraction': 0.6358918114663494, 'bagging_fraction': 0.8158521390359074, 'bagging_freq': 1, 'num_leaves': 49, 'min_data_in_leaf': 4, 'extra_trees': True, 'min_data_per_group': 3, 'cat_l2': 1.600480026427446, 'cat_smooth': 0.0013419844206405704, 'max_cat_to_onehot': 32, 'lambda_l1': 0.27314677035780305, 'lambda_l2': 1.995476414109385}. Best is trial 9 with value: 0.7577528800714614.
Trial 13 finished with value: 0.7609146222866212 and parameters: {'learning_rate': 0.04620081479692135, 'feature_fraction': 0.8182638605017678, 'bagging_fraction': 0.7810778744655107, 'bagging_freq': 1, 'num_leaves': 64, 'min_data_in_leaf': 2, 'extra_trees': True, 'min_data_per_group': 4, 'cat_l2': 0.025098261080536446, 'cat_smooth': 0.12878676251416724, 'max_cat_to_onehot': 92, 'lambda_l1': 0.6618040375958354, 'lambda_l2': 0.9760605089815682}. Best is trial 9 with value: 0.7577528800714614.
Trial 14 finished with value: 0.7776032788180455 and parameters: {'learning_rate': 0.06138544911017739, 'feature_fraction': 0.5749943495501548, 'bagging_fraction': 0.759762940167067, 'bagging_freq': 1, 'num_leaves': 16, 'min_data_in_leaf': 2, 'extra_trees': True, 'min_data_per_group': 4, 'cat_l2': 0.030156153802888656, 'cat_smooth': 0.16238609358527611, 'max_cat_to_onehot': 95, 'lambda_l1': 0.7214978443663115, 'lambda_l2': 0.6657119028991889}. Best is trial 9 with value: 0.7577528800714614.
Trial 15 finished with value: 0.7581479498785306 and parameters: {'learning_rate': 0.02966640214393765, 'feature_fraction': 0.7508762737495333, 'bagging_fraction': 0.7774448004832161, 'bagging_freq': 1, 'num_leaves': 83, 'min_data_in_leaf': 2, 'extra_trees': True, 'min_data_per_group': 12, 'cat_l2': 0.12789763534297394, 'cat_smooth': 92.7169525441536, 'max_cat_to_onehot': 88, 'lambda_l1': 0.8198830856342793, 'lambda_l2': 1.9939148746333433}. Best is trial 9 with value: 0.7577528800714614.
Trial 16 finished with value: 0.7595323279632349 and parameters: {'learning_rate': 0.027556878263997272, 'feature_fraction': 0.7076863927053556, 'bagging_fraction': 0.7286598856457955, 'bagging_freq': 1, 'num_leaves': 160, 'min_data_in_leaf': 1, 'extra_trees': True, 'min_data_per_group': 14, 'cat_l2': 0.5255275265685095, 'cat_smooth': 85.70520935183839, 'max_cat_to_onehot': 59, 'lambda_l1': 0.8246497622994287, 'lambda_l2': 1.872673209857984}. Best is trial 9 with value: 0.7577528800714614.
Trial 17 finished with value: 0.7914715064362594 and parameters: {'learning_rate': 0.005690829910093074, 'feature_fraction': 0.5817133886507502, 'bagging_fraction': 0.8338966025350109, 'bagging_freq': 1, 'num_leaves': 90, 'min_data_in_leaf': 2, 'extra_trees': True, 'min_data_per_group': 12, 'cat_l2': 0.14959264120144883, 'cat_smooth': 19.79119465583604, 'max_cat_to_onehot': 22, 'lambda_l1': 0.8545427567208629, 'lambda_l2': 1.807027452891429}. Best is trial 9 with value: 0.7577528800714614.
Trial 18 finished with value: 0.7810328240385205 and parameters: {'learning_rate': 0.02600607542649906, 'feature_fraction': 0.40697257697653194, 'bagging_fraction': 0.9981528355149126, 'bagging_freq': 1, 'num_leaves': 27, 'min_data_in_leaf': 1, 'extra_trees': True, 'min_data_per_group': 35, 'cat_l2': 0.29357007629076587, 'cat_smooth': 17.909590801852687, 'max_cat_to_onehot': 50, 'lambda_l1': 0.6233507538170371, 'lambda_l2': 1.3516511669357107}. Best is trial 9 with value: 0.7577528800714614.
Trial 19 finished with value: 0.7755940075892223 and parameters: {'learning_rate': 0.06623438754745689, 'feature_fraction': 0.7552623437487288, 'bagging_fraction': 0.7864461186391414, 'bagging_freq': 1, 'num_leaves': 16, 'min_data_in_leaf': 3, 'extra_trees': True, 'min_data_per_group': 11, 'cat_l2': 0.7661625295874199, 'cat_smooth': 30.211455308280772, 'max_cat_to_onehot': 27, 'lambda_l1': 0.8895674638241589, 'lambda_l2': 1.3362009445980374}. Best is trial 9 with value: 0.7577528800714614.
Trial 20 finished with value: 0.756519345234181 and parameters: {'learning_rate': 0.030365888449724557, 'feature_fraction': 0.896769941996681, 'bagging_fraction': 0.7410836043639267, 'bagging_freq': 1, 'num_leaves': 191, 'min_data_in_leaf': 20, 'extra_trees': True, 'min_data_per_group': 9, 'cat_l2': 0.06373401378297343, 'cat_smooth': 6.98347124685209, 'max_cat_to_onehot': 75, 'lambda_l1': 0.5601926446309473, 'lambda_l2': 1.7489248247538356}. Best is trial 20 with value: 0.756519345234181.
Trial 21 finished with value: 0.757819026843285 and parameters: {'learning_rate': 0.03300002271981527, 'feature_fraction': 0.8995720447742694, 'bagging_fraction': 0.7423391404851024, 'bagging_freq': 1, 'num_leaves': 199, 'min_data_in_leaf': 21, 'extra_trees': True, 'min_data_per_group': 8, 'cat_l2': 0.08050438091588137, 'cat_smooth': 5.2323631220617255, 'max_cat_to_onehot': 75, 'lambda_l1': 0.6295961176169118, 'lambda_l2': 1.988762915365907}. Best is trial 20 with value: 0.756519345234181.
Trial 22 finished with value: 0.7522831465314384 and parameters: {'learning_rate': 0.03717880196597815, 'feature_fraction': 0.8941009160324591, 'bagging_fraction': 0.7230003393710628, 'bagging_freq': 1, 'num_leaves': 191, 'min_data_in_leaf': 18, 'extra_trees': True, 'min_data_per_group': 8, 'cat_l2': 0.06690789966352499, 'cat_smooth': 5.74486045280795, 'max_cat_to_onehot': 68, 'lambda_l1': 0.5484733643393414, 'lambda_l2': 1.729114283500481}. Best is trial 22 with value: 0.7522831465314384.
Trial 23 finished with value: 0.762560458843313 and parameters: {'learning_rate': 0.06293317333782372, 'feature_fraction': 0.8976774325563213, 'bagging_fraction': 0.7180087918518285, 'bagging_freq': 1, 'num_leaves': 106, 'min_data_in_leaf': 20, 'extra_trees': True, 'min_data_per_group': 4, 'cat_l2': 0.016813284166917315, 'cat_smooth': 0.9600516795689547, 'max_cat_to_onehot': 46, 'lambda_l1': 0.5356658424727738, 'lambda_l2': 1.7130814833093224}. Best is trial 22 with value: 0.7522831465314384.
Trial 24 finished with value: 0.7520884836027104 and parameters: {'learning_rate': 0.019221919326449628, 'feature_fraction': 0.9837310620105605, 'bagging_fraction': 0.710309565804924, 'bagging_freq': 1, 'num_leaves': 184, 'min_data_in_leaf': 12, 'extra_trees': True, 'min_data_per_group': 8, 'cat_l2': 0.05624245700225305, 'cat_smooth': 6.160590392522445, 'max_cat_to_onehot': 64, 'lambda_l1': 0.5525032613414518, 'lambda_l2': 1.4877818665462397}. Best is trial 24 with value: 0.7520884836027104.
Trial 25 finished with value: 0.753445187550859 and parameters: {'learning_rate': 0.01930900980035886, 'feature_fraction': 0.9936902195775085, 'bagging_fraction': 0.7020478667219922, 'bagging_freq': 1, 'num_leaves': 199, 'min_data_in_leaf': 12, 'extra_trees': True, 'min_data_per_group': 19, 'cat_l2': 0.06234859798913334, 'cat_smooth': 0.443074844986007, 'max_cat_to_onehot': 65, 'lambda_l1': 0.5424647795756331, 'lambda_l2': 1.469106318753744}. Best is trial 24 with value: 0.7520884836027104.
Optuna Search Completed in: 482.69 seconds

Training final model on optimized parameter setup...

[LIGHTGBM FINALIZED METRICS]
Optimal Trees:         998
RMSE:             0.7005 (Delta to TabPFN: +0.0269)
R2_Score:             0.7881 (Delta to TabPFN: -0.0160)
Final Train Time:      4.28 seconds (0.9314s per 1K)
Final Infer Time:      0.03 seconds (0.0219s per 1K)

--- LIGHTGBM Feature Importance (Raw vs. Scaled Share) ---
Feature | Raw gain | Share
FCFP6_1024_867 | 15409.57 | 6.93%
FCFP6_1024_652 | 11496.13 | 5.17%
FCFP6_1024_238 | 8487.04 | 3.81%
FCFP6_1024_376 | 3430.31 | 1.54%
FCFP6_1024_602 | 3026.79 | 1.36%
FCFP6_1024_702 | 2746.14 | 1.23%
FCFP6_1024_491 | 2345.86 | 1.05%
FCFP6_1024_77 | 2215.10 | 1.00%
FCFP6_1024_728 | 2189.34 | 0.98%
FCFP6_1024_651 | 2172.08 | 0.98%
FCFP6_1024_344 | 2167.70 | 0.97%
FCFP6_1024_727 | 2086.89 | 0.94%
FCFP6_1024_907 | 1975.38 | 0.89%
FCFP6_1024_994 | 1938.25 | 0.87%
FCFP6_1024_105 | 1924.24 | 0.86%
FCFP6_1024_911 | 1908.02 | 0.86%
FCFP6_1024_346 | 1893.71 | 0.85%
FCFP6_1024_358 | 1670.86 | 0.75%
FCFP6_1024_350 | 1245.26 | 0.56%
FCFP6_1024_439 | 1239.19 | 0.56%
FCFP6_1024_713 | 1177.81 | 0.53%
FCFP6_1024_264 | 1167.30 | 0.52%
FCFP6_1024_137 | 1152.47 | 0.52%
FCFP6_1024_936 | 1132.34 | 0.51%
FCFP6_1024_662 | 1109.24 | 0.50%
FCFP6_1024_407 | 1105.44 | 0.50%
FCFP6_1024_523 | 1060.05 | 0.48%
FCFP6_1024_151 | 1057.34 | 0.48%
FCFP6_1024_807 | 1044.27 | 0.47%
FCFP6_1024_263 | 1034.66 | 0.47%
FCFP6_1024_814 | 996.90 | 0.45%
FCFP6_1024_942 | 989.41 | 0.44%
FCFP6_1024_49 | 968.28 | 0.44%
FCFP6_1024_605 | 947.31 | 0.43%
FCFP6_1024_317 | 945.65 | 0.43%
FCFP6_1024_472 | 925.13 | 0.42%
FCFP6_1024_1003 | 922.09 | 0.41%
FCFP6_1024_405 | 893.22 | 0.40%
FCFP6_1024_251 | 885.42 | 0.40%
FCFP6_1024_544 | 879.77 | 0.40%
FCFP6_1024_694 | 876.88 | 0.39%
FCFP6_1024_53 | 849.02 | 0.38%
FCFP6_1024_21 | 840.85 | 0.38%
FCFP6_1024_471 | 833.32 | 0.37%
FCFP6_1024_970 | 804.67 | 0.36%
FCFP6_1024_716 | 796.03 | 0.36%
FCFP6_1024_858 | 789.86 | 0.36%
FCFP6_1024_375 | 788.82 | 0.35%
FCFP6_1024_648 | 779.29 | 0.35%
FCFP6_1024_163 | 777.78 | 0.35%
FCFP6_1024_364 | 746.78 | 0.34%
FCFP6_1024_47 | 734.54 | 0.33%
FCFP6_1024_874 | 715.27 | 0.32%
FCFP6_1024_214 | 709.76 | 0.32%
FCFP6_1024_398 | 702.46 | 0.32%
FCFP6_1024_498 | 699.27 | 0.31%
FCFP6_1024_553 | 698.33 | 0.31%
FCFP6_1024_846 | 697.82 | 0.31%
FCFP6_1024_489 | 697.26 | 0.31%
FCFP6_1024_922 | 696.35 | 0.31%
FCFP6_1024_428 | 686.75 | 0.31%
FCFP6_1024_679 | 676.97 | 0.30%
FCFP6_1024_7 | 666.26 | 0.30%
FCFP6_1024_452 | 664.97 | 0.30%
FCFP6_1024_363 | 664.25 | 0.30%
FCFP6_1024_626 | 658.54 | 0.30%
FCFP6_1024_513 | 652.65 | 0.29%
FCFP6_1024_170 | 652.55 | 0.29%
FCFP6_1024_467 | 646.38 | 0.29%
FCFP6_1024_968 | 637.16 | 0.29%
FCFP6_1024_708 | 634.43 | 0.29%
FCFP6_1024_32 | 631.44 | 0.28%
FCFP6_1024_919 | 616.70 | 0.28%
FCFP6_1024_97 | 613.23 | 0.28%
FCFP6_1024_123 | 611.37 | 0.27%
FCFP6_1024_212 | 605.16 | 0.27%
FCFP6_1024_318 | 599.78 | 0.27%
FCFP6_1024_887 | 588.93 | 0.26%
FCFP6_1024_463 | 588.60 | 0.26%
FCFP6_1024_594 | 586.89 | 0.26%
FCFP6_1024_1004 | 584.27 | 0.26%
FCFP6_1024_526 | 580.68 | 0.26%
FCFP6_1024_427 | 579.45 | 0.26%
FCFP6_1024_890 | 570.95 | 0.26%
FCFP6_1024_668 | 568.36 | 0.26%
FCFP6_1024_356 | 564.20 | 0.25%
FCFP6_1024_607 | 550.72 | 0.25%
FCFP6_1024_941 | 549.23 | 0.25%
FCFP6_1024_724 | 546.09 | 0.25%
FCFP6_1024_280 | 538.31 | 0.24%
FCFP6_1024_1019 | 533.43 | 0.24%
FCFP6_1024_56 | 528.93 | 0.24%
FCFP6_1024_576 | 527.65 | 0.24%
FCFP6_1024_614 | 523.51 | 0.24%
FCFP6_1024_166 | 519.68 | 0.23%
FCFP6_1024_193 | 517.25 | 0.23%
FCFP6_1024_939 | 516.46 | 0.23%
FCFP6_1024_58 | 511.18 | 0.23%
FCFP6_1024_669 | 509.02 | 0.23%
FCFP6_1024_556 | 508.07 | 0.23%
FCFP6_1024_1010 | 507.63 | 0.23%
FCFP6_1024_287 | 494.75 | 0.22%
FCFP6_1024_128 | 491.10 | 0.22%
FCFP6_1024_634 | 488.32 | 0.22%
FCFP6_1024_192 | 482.10 | 0.22%
FCFP6_1024_588 | 477.79 | 0.21%
FCFP6_1024_875 | 476.96 | 0.21%
FCFP6_1024_540 | 471.57 | 0.21%
FCFP6_1024_450 | 463.02 | 0.21%
FCFP6_1024_454 | 456.23 | 0.21%
FCFP6_1024_735 | 454.75 | 0.20%
FCFP6_1024_17 | 450.02 | 0.20%
FCFP6_1024_995 | 447.13 | 0.20%
FCFP6_1024_617 | 444.16 | 0.20%
FCFP6_1024_199 | 442.56 | 0.20%
FCFP6_1024_573 | 438.18 | 0.20%
FCFP6_1024_985 | 437.18 | 0.20%
FCFP6_1024_537 | 435.23 | 0.20%
FCFP6_1024_240 | 434.62 | 0.20%
FCFP6_1024_357 | 434.58 | 0.20%
FCFP6_1024_871 | 431.96 | 0.19%
FCFP6_1024_992 | 431.83 | 0.19%
FCFP6_1024_412 | 431.15 | 0.19%
FCFP6_1024_78 | 431.09 | 0.19%
FCFP6_1024_900 | 429.13 | 0.19%
FCFP6_1024_655 | 423.75 | 0.19%
FCFP6_1024_19 | 421.84 | 0.19%
FCFP6_1024_969 | 417.35 | 0.19%
FCFP6_1024_353 | 407.78 | 0.18%
FCFP6_1024_347 | 405.78 | 0.18%
FCFP6_1024_521 | 404.78 | 0.18%
FCFP6_1024_362 | 404.62 | 0.18%
FCFP6_1024_82 | 403.73 | 0.18%
FCFP6_1024_862 | 399.85 | 0.18%
FCFP6_1024_825 | 399.11 | 0.18%
FCFP6_1024_1014 | 392.96 | 0.18%
FCFP6_1024_891 | 390.54 | 0.18%
FCFP6_1024_460 | 387.47 | 0.17%
FCFP6_1024_520 | 385.74 | 0.17%
FCFP6_1024_175 | 381.21 | 0.17%
FCFP6_1024_960 | 376.81 | 0.17%
FCFP6_1024_896 | 375.70 | 0.17%
FCFP6_1024_690 | 374.36 | 0.17%
FCFP6_1024_282 | 373.24 | 0.17%
FCFP6_1024_223 | 371.01 | 0.17%
FCFP6_1024_194 | 366.41 | 0.16%
FCFP6_1024_803 | 361.97 | 0.16%
FCFP6_1024_4 | 361.94 | 0.16%
FCFP6_1024_894 | 361.57 | 0.16%
FCFP6_1024_745 | 359.42 | 0.16%
FCFP6_1024_30 | 358.57 | 0.16%
FCFP6_1024_798 | 351.71 | 0.16%
FCFP6_1024_902 | 350.42 | 0.16%
FCFP6_1024_473 | 349.65 | 0.16%
FCFP6_1024_1013 | 349.10 | 0.16%
FCFP6_1024_9 | 344.26 | 0.15%
FCFP6_1024_1017 | 344.24 | 0.15%
FCFP6_1024_794 | 343.08 | 0.15%
FCFP6_1024_715 | 341.95 | 0.15%
FCFP6_1024_915 | 341.94 | 0.15%
FCFP6_1024_818 | 341.18 | 0.15%
FCFP6_1024_737 | 339.50 | 0.15%
FCFP6_1024_180 | 338.27 | 0.15%
FCFP6_1024_409 | 337.86 | 0.15%
FCFP6_1024_966 | 337.59 | 0.15%
FCFP6_1024_932 | 329.04 | 0.15%
FCFP6_1024_116 | 328.17 | 0.15%
FCFP6_1024_525 | 327.83 | 0.15%
FCFP6_1024_395 | 321.67 | 0.14%
FCFP6_1024_64 | 316.10 | 0.14%
FCFP6_1024_79 | 314.84 | 0.14%
FCFP6_1024_762 | 311.15 | 0.14%
FCFP6_1024_106 | 311.02 | 0.14%
FCFP6_1024_309 | 308.59 | 0.14%
FCFP6_1024_599 | 308.40 | 0.14%
FCFP6_1024_904 | 307.99 | 0.14%
FCFP6_1024_52 | 307.43 | 0.14%
FCFP6_1024_334 | 306.97 | 0.14%
FCFP6_1024_889 | 306.14 | 0.14%
FCFP6_1024_530 | 305.84 | 0.14%
FCFP6_1024_234 | 305.49 | 0.14%
FCFP6_1024_667 | 302.76 | 0.14%
FCFP6_1024_359 | 299.54 | 0.13%
FCFP6_1024_838 | 297.69 | 0.13%
FCFP6_1024_581 | 297.46 | 0.13%
FCFP6_1024_550 | 297.30 | 0.13%
FCFP6_1024_610 | 296.40 | 0.13%
FCFP6_1024_674 | 296.29 | 0.13%
FCFP6_1024_113 | 288.60 | 0.13%
FCFP6_1024_1005 | 285.46 | 0.13%
FCFP6_1024_536 | 283.46 | 0.13%
FCFP6_1024_926 | 282.11 | 0.13%
FCFP6_1024_884 | 280.45 | 0.13%
FCFP6_1024_821 | 277.80 | 0.12%
FCFP6_1024_820 | 277.65 | 0.12%
FCFP6_1024_177 | 276.62 | 0.12%
FCFP6_1024_380 | 276.44 | 0.12%
FCFP6_1024_584 | 270.49 | 0.12%
FCFP6_1024_208 | 270.03 | 0.12%
FCFP6_1024_432 | 268.42 | 0.12%
FCFP6_1024_324 | 266.51 | 0.12%
FCFP6_1024_901 | 264.48 | 0.12%
FCFP6_1024_696 | 264.33 | 0.12%
FCFP6_1024_637 | 263.87 | 0.12%
FCFP6_1024_906 | 262.66 | 0.12%
FCFP6_1024_443 | 262.52 | 0.12%
FCFP6_1024_275 | 261.04 | 0.12%
FCFP6_1024_854 | 260.09 | 0.12%
FCFP6_1024_776 | 257.47 | 0.12%
FCFP6_1024_259 | 256.02 | 0.12%
FCFP6_1024_980 | 255.59 | 0.11%
FCFP6_1024_387 | 253.02 | 0.11%
FCFP6_1024_984 | 251.53 | 0.11%
FCFP6_1024_228 | 250.77 | 0.11%
FCFP6_1024_121 | 249.37 | 0.11%
FCFP6_1024_918 | 246.78 | 0.11%
FCFP6_1024_430 | 246.54 | 0.11%
FCFP6_1024_631 | 245.95 | 0.11%
FCFP6_1024_233 | 243.74 | 0.11%
FCFP6_1024_1015 | 241.14 | 0.11%
FCFP6_1024_656 | 240.68 | 0.11%
FCFP6_1024_107 | 240.36 | 0.11%
FCFP6_1024_786 | 239.62 | 0.11%
FCFP6_1024_899 | 238.11 | 0.11%
FCFP6_1024_697 | 237.89 | 0.11%
FCFP6_1024_112 | 237.16 | 0.11%
FCFP6_1024_455 | 236.41 | 0.11%
FCFP6_1024_291 | 235.33 | 0.11%
FCFP6_1024_613 | 233.40 | 0.10%
FCFP6_1024_313 | 233.37 | 0.10%
FCFP6_1024_424 | 232.03 | 0.10%
FCFP6_1024_730 | 230.96 | 0.10%
FCFP6_1024_903 | 229.98 | 0.10%
FCFP6_1024_400 | 229.02 | 0.10%
FCFP6_1024_138 | 228.05 | 0.10%
FCFP6_1024_207 | 224.60 | 0.10%
FCFP6_1024_824 | 224.31 | 0.10%
FCFP6_1024_130 | 223.57 | 0.10%
FCFP6_1024_953 | 220.94 | 0.10%
FCFP6_1024_312 | 220.13 | 0.10%
FCFP6_1024_85 | 219.67 | 0.10%
FCFP6_1024_1018 | 219.27 | 0.10%
FCFP6_1024_26 | 218.97 | 0.10%
FCFP6_1024_185 | 218.81 | 0.10%
FCFP6_1024_912 | 217.82 | 0.10%
FCFP6_1024_589 | 217.54 | 0.10%
FCFP6_1024_935 | 215.97 | 0.10%
FCFP6_1024_120 | 215.78 | 0.10%
FCFP6_1024_570 | 215.75 | 0.10%
FCFP6_1024_775 | 213.74 | 0.10%
FCFP6_1024_834 | 213.14 | 0.10%
FCFP6_1024_810 | 211.48 | 0.10%
FCFP6_1024_590 | 211.38 | 0.10%
FCFP6_1024_419 | 211.00 | 0.09%
FCFP6_1024_816 | 210.88 | 0.09%
FCFP6_1024_24 | 209.85 | 0.09%
FCFP6_1024_612 | 208.82 | 0.09%
FCFP6_1024_249 | 205.90 | 0.09%
FCFP6_1024_61 | 205.77 | 0.09%
FCFP6_1024_196 | 205.51 | 0.09%
FCFP6_1024_948 | 203.18 | 0.09%
FCFP6_1024_684 | 200.31 | 0.09%
FCFP6_1024_622 | 199.64 | 0.09%
FCFP6_1024_673 | 199.13 | 0.09%
FCFP6_1024_991 | 198.57 | 0.09%
FCFP6_1024_111 | 197.95 | 0.09%
FCFP6_1024_203 | 196.38 | 0.09%
FCFP6_1024_258 | 196.28 | 0.09%
FCFP6_1024_88 | 196.09 | 0.09%
FCFP6_1024_423 | 195.66 | 0.09%
FCFP6_1024_893 | 195.52 | 0.09%
FCFP6_1024_195 | 195.48 | 0.09%
FCFP6_1024_408 | 194.97 | 0.09%
FCFP6_1024_8 | 194.33 | 0.09%
FCFP6_1024_244 | 193.82 | 0.09%
FCFP6_1024_16 | 193.57 | 0.09%
FCFP6_1024_751 | 187.90 | 0.08%
FCFP6_1024_1007 | 187.76 | 0.08%
FCFP6_1024_693 | 187.67 | 0.08%
FCFP6_1024_778 | 186.40 | 0.08%
FCFP6_1024_330 | 186.30 | 0.08%
FCFP6_1024_36 | 185.81 | 0.08%
FCFP6_1024_949 | 185.80 | 0.08%
FCFP6_1024_559 | 184.04 | 0.08%
FCFP6_1024_269 | 184.03 | 0.08%
FCFP6_1024_190 | 182.89 | 0.08%
FCFP6_1024_1002 | 182.31 | 0.08%
FCFP6_1024_484 | 182.21 | 0.08%
FCFP6_1024_483 | 182.11 | 0.08%
FCFP6_1024_804 | 181.55 | 0.08%
FCFP6_1024_583 | 179.95 | 0.08%
FCFP6_1024_132 | 179.57 | 0.08%
FCFP6_1024_853 | 178.98 | 0.08%
FCFP6_1024_661 | 178.64 | 0.08%
FCFP6_1024_377 | 175.67 | 0.08%
FCFP6_1024_127 | 175.47 | 0.08%
FCFP6_1024_402 | 175.17 | 0.08%
FCFP6_1024_279 | 174.83 | 0.08%
FCFP6_1024_136 | 173.88 | 0.08%
FCFP6_1024_795 | 172.35 | 0.08%
FCFP6_1024_447 | 172.01 | 0.08%
FCFP6_1024_566 | 170.02 | 0.08%
FCFP6_1024_394 | 169.43 | 0.08%
FCFP6_1024_257 | 167.42 | 0.08%
FCFP6_1024_176 | 167.23 | 0.08%
FCFP6_1024_664 | 166.33 | 0.07%
FCFP6_1024_247 | 166.05 | 0.07%
FCFP6_1024_701 | 164.16 | 0.07%
FCFP6_1024_506 | 163.25 | 0.07%
FCFP6_1024_685 | 163.18 | 0.07%
FCFP6_1024_67 | 162.67 | 0.07%
FCFP6_1024_619 | 162.14 | 0.07%
FCFP6_1024_755 | 160.46 | 0.07%
FCFP6_1024_666 | 158.90 | 0.07%
FCFP6_1024_831 | 158.50 | 0.07%
FCFP6_1024_361 | 158.26 | 0.07%
FCFP6_1024_231 | 156.58 | 0.07%
FCFP6_1024_436 | 156.45 | 0.07%
FCFP6_1024_952 | 155.40 | 0.07%
FCFP6_1024_434 | 155.17 | 0.07%
FCFP6_1024_578 | 154.98 | 0.07%
FCFP6_1024_739 | 152.79 | 0.07%
FCFP6_1024_946 | 150.55 | 0.07%
FCFP6_1024_788 | 149.81 | 0.07%
FCFP6_1024_999 | 149.49 | 0.07%
FCFP6_1024_482 | 148.17 | 0.07%
FCFP6_1024_861 | 145.30 | 0.07%
FCFP6_1024_464 | 145.01 | 0.07%
FCFP6_1024_642 | 141.81 | 0.06%
FCFP6_1024_629 | 141.66 | 0.06%
FCFP6_1024_812 | 141.58 | 0.06%
FCFP6_1024_239 | 141.28 | 0.06%
FCFP6_1024_382 | 137.28 | 0.06%
FCFP6_1024_989 | 137.19 | 0.06%
FCFP6_1024_70 | 136.65 | 0.06%
FCFP6_1024_156 | 135.19 | 0.06%
FCFP6_1024_305 | 134.90 | 0.06%
FCFP6_1024_508 | 134.58 | 0.06%
FCFP6_1024_172 | 133.07 | 0.06%
FCFP6_1024_442 | 131.93 | 0.06%
FCFP6_1024_411 | 131.70 | 0.06%
FCFP6_1024_307 | 131.46 | 0.06%
FCFP6_1024_343 | 131.39 | 0.06%
FCFP6_1024_567 | 130.89 | 0.06%
FCFP6_1024_518 | 129.85 | 0.06%
FCFP6_1024_323 | 129.60 | 0.06%
FCFP6_1024_522 | 128.38 | 0.06%
FCFP6_1024_332 | 127.99 | 0.06%
FCFP6_1024_499 | 127.58 | 0.06%
FCFP6_1024_852 | 127.37 | 0.06%
FCFP6_1024_982 | 127.15 | 0.06%
FCFP6_1024_165 | 126.57 | 0.06%
FCFP6_1024_373 | 126.29 | 0.06%
FCFP6_1024_141 | 125.18 | 0.06%
FCFP6_1024_638 | 124.80 | 0.06%
FCFP6_1024_65 | 124.56 | 0.06%
FCFP6_1024_486 | 124.19 | 0.06%
FCFP6_1024_782 | 123.64 | 0.06%
FCFP6_1024_723 | 123.45 | 0.06%
FCFP6_1024_390 | 122.80 | 0.06%
FCFP6_1024_600 | 122.33 | 0.05%
FCFP6_1024_1021 | 122.13 | 0.05%
FCFP6_1024_707 | 122.04 | 0.05%
FCFP6_1024_311 | 120.85 | 0.05%
FCFP6_1024_81 | 120.74 | 0.05%
FCFP6_1024_29 | 120.59 | 0.05%
FCFP6_1024_322 | 119.86 | 0.05%
FCFP6_1024_784 | 119.36 | 0.05%
FCFP6_1024_524 | 119.29 | 0.05%
FCFP6_1024_213 | 118.05 | 0.05%
FCFP6_1024_539 | 115.94 | 0.05%
FCFP6_1024_34 | 114.94 | 0.05%
FCFP6_1024_811 | 114.84 | 0.05%
FCFP6_1024_12 | 114.71 | 0.05%
FCFP6_1024_44 | 113.58 | 0.05%
FCFP6_1024_692 | 113.18 | 0.05%
FCFP6_1024_453 | 112.22 | 0.05%
FCFP6_1024_621 | 111.64 | 0.05%
FCFP6_1024_181 | 110.91 | 0.05%
FCFP6_1024_653 | 109.65 | 0.05%
FCFP6_1024_552 | 109.20 | 0.05%
FCFP6_1024_410 | 109.08 | 0.05%
FCFP6_1024_560 | 109.04 | 0.05%
FCFP6_1024_68 | 109.01 | 0.05%
FCFP6_1024_134 | 108.26 | 0.05%
FCFP6_1024_466 | 107.24 | 0.05%
FCFP6_1024_850 | 106.91 | 0.05%
FCFP6_1024_760 | 106.44 | 0.05%
FCFP6_1024_747 | 105.50 | 0.05%
FCFP6_1024_142 | 105.39 | 0.05%
FCFP6_1024_270 | 104.05 | 0.05%
FCFP6_1024_437 | 103.97 | 0.05%
FCFP6_1024_759 | 103.63 | 0.05%
FCFP6_1024_964 | 103.34 | 0.05%
FCFP6_1024_799 | 103.21 | 0.05%
FCFP6_1024_66 | 102.96 | 0.05%
FCFP6_1024_676 | 102.75 | 0.05%
FCFP6_1024_42 | 101.92 | 0.05%
FCFP6_1024_765 | 101.87 | 0.05%
FCFP6_1024_129 | 100.66 | 0.05%
FCFP6_1024_719 | 100.59 | 0.05%
FCFP6_1024_25 | 100.38 | 0.05%
FCFP6_1024_348 | 99.71 | 0.04%
FCFP6_1024_160 | 99.50 | 0.04%
FCFP6_1024_299 | 99.25 | 0.04%
FCFP6_1024_974 | 98.71 | 0.04%
FCFP6_1024_383 | 98.59 | 0.04%
FCFP6_1024_659 | 98.38 | 0.04%
FCFP6_1024_933 | 98.17 | 0.04%
FCFP6_1024_304 | 97.89 | 0.04%
FCFP6_1024_3 | 97.56 | 0.04%
FCFP6_1024_72 | 97.48 | 0.04%
FCFP6_1024_601 | 97.40 | 0.04%
FCFP6_1024_117 | 95.68 | 0.04%
FCFP6_1024_808 | 94.94 | 0.04%
FCFP6_1024_360 | 93.71 | 0.04%
FCFP6_1024_319 | 93.07 | 0.04%
FCFP6_1024_582 | 92.45 | 0.04%
FCFP6_1024_386 | 92.33 | 0.04%
FCFP6_1024_209 | 91.87 | 0.04%
FCFP6_1024_168 | 91.18 | 0.04%
FCFP6_1024_372 | 90.80 | 0.04%
FCFP6_1024_574 | 90.68 | 0.04%
FCFP6_1024_973 | 90.63 | 0.04%
FCFP6_1024_273 | 89.49 | 0.04%
FCFP6_1024_297 | 89.37 | 0.04%
FCFP6_1024_895 | 89.23 | 0.04%
FCFP6_1024_876 | 89.22 | 0.04%
FCFP6_1024_950 | 89.00 | 0.04%
FCFP6_1024_325 | 88.99 | 0.04%
FCFP6_1024_586 | 88.72 | 0.04%
FCFP6_1024_1001 | 88.69 | 0.04%
FCFP6_1024_268 | 88.17 | 0.04%
FCFP6_1024_104 | 88.08 | 0.04%
FCFP6_1024_947 | 88.06 | 0.04%
FCFP6_1024_772 | 86.16 | 0.04%
FCFP6_1024_27 | 86.13 | 0.04%
FCFP6_1024_699 | 85.51 | 0.04%
FCFP6_1024_732 | 85.26 | 0.04%
FCFP6_1024_374 | 85.06 | 0.04%
FCFP6_1024_339 | 85.05 | 0.04%
FCFP6_1024_938 | 84.63 | 0.04%
FCFP6_1024_184 | 84.55 | 0.04%
FCFP6_1024_477 | 84.42 | 0.04%
FCFP6_1024_31 | 84.06 | 0.04%
FCFP6_1024_624 | 82.42 | 0.04%
FCFP6_1024_956 | 81.80 | 0.04%
FCFP6_1024_368 | 81.71 | 0.04%
FCFP6_1024_533 | 81.65 | 0.04%
FCFP6_1024_855 | 81.52 | 0.04%
FCFP6_1024_650 | 81.36 | 0.04%
FCFP6_1024_40 | 80.70 | 0.04%
FCFP6_1024_86 | 80.68 | 0.04%
FCFP6_1024_738 | 80.04 | 0.04%
FCFP6_1024_993 | 78.91 | 0.04%
FCFP6_1024_554 | 78.54 | 0.04%
FCFP6_1024_122 | 78.29 | 0.04%
FCFP6_1024_886 | 78.28 | 0.04%
FCFP6_1024_580 | 78.13 | 0.04%
FCFP6_1024_69 | 78.08 | 0.04%
FCFP6_1024_961 | 78.04 | 0.04%
FCFP6_1024_882 | 77.89 | 0.04%
FCFP6_1024_615 | 76.60 | 0.03%
FCFP6_1024_774 | 76.12 | 0.03%
FCFP6_1024_62 | 75.17 | 0.03%
FCFP6_1024_577 | 73.98 | 0.03%
FCFP6_1024_670 | 73.58 | 0.03%
FCFP6_1024_327 | 73.52 | 0.03%
FCFP6_1024_779 | 73.32 | 0.03%
FCFP6_1024_492 | 72.91 | 0.03%
FCFP6_1024_924 | 72.65 | 0.03%
FCFP6_1024_169 | 72.44 | 0.03%
FCFP6_1024_422 | 72.16 | 0.03%
FCFP6_1024_971 | 71.93 | 0.03%
FCFP6_1024_109 | 71.40 | 0.03%
FCFP6_1024_154 | 70.95 | 0.03%
FCFP6_1024_84 | 70.68 | 0.03%
FCFP6_1024_510 | 70.40 | 0.03%
FCFP6_1024_351 | 70.33 | 0.03%
FCFP6_1024_864 | 70.03 | 0.03%
FCFP6_1024_381 | 69.73 | 0.03%
FCFP6_1024_341 | 69.39 | 0.03%
FCFP6_1024_288 | 69.38 | 0.03%
FCFP6_1024_43 | 69.21 | 0.03%
FCFP6_1024_75 | 69.20 | 0.03%
FCFP6_1024_677 | 69.19 | 0.03%
FCFP6_1024_301 | 67.56 | 0.03%
FCFP6_1024_99 | 67.35 | 0.03%
FCFP6_1024_262 | 67.22 | 0.03%
FCFP6_1024_202 | 67.03 | 0.03%
FCFP6_1024_515 | 66.97 | 0.03%
FCFP6_1024_925 | 66.92 | 0.03%
FCFP6_1024_115 | 66.67 | 0.03%
FCFP6_1024_286 | 66.17 | 0.03%
FCFP6_1024_859 | 65.59 | 0.03%
FCFP6_1024_178 | 65.41 | 0.03%
FCFP6_1024_418 | 65.31 | 0.03%
FCFP6_1024_445 | 65.14 | 0.03%
FCFP6_1024_978 | 64.87 | 0.03%
FCFP6_1024_384 | 64.55 | 0.03%
FCFP6_1024_298 | 63.89 | 0.03%
FCFP6_1024_226 | 63.80 | 0.03%
FCFP6_1024_823 | 63.31 | 0.03%
FCFP6_1024_842 | 63.22 | 0.03%
FCFP6_1024_955 | 63.13 | 0.03%
FCFP6_1024_705 | 62.79 | 0.03%
FCFP6_1024_1016 | 62.50 | 0.03%
FCFP6_1024_124 | 62.37 | 0.03%
FCFP6_1024_598 | 62.09 | 0.03%
FCFP6_1024_182 | 62.08 | 0.03%
FCFP6_1024_1008 | 61.95 | 0.03%
FCFP6_1024_822 | 61.93 | 0.03%
FCFP6_1024_225 | 61.86 | 0.03%
FCFP6_1024_687 | 61.76 | 0.03%
FCFP6_1024_198 | 61.58 | 0.03%
FCFP6_1024_921 | 61.49 | 0.03%
FCFP6_1024_315 | 60.80 | 0.03%
FCFP6_1024_164 | 60.69 | 0.03%
FCFP6_1024_488 | 60.24 | 0.03%
FCFP6_1024_691 | 59.73 | 0.03%
FCFP6_1024_457 | 59.52 | 0.03%
FCFP6_1024_643 | 59.41 | 0.03%
FCFP6_1024_426 | 58.95 | 0.03%
FCFP6_1024_639 | 58.59 | 0.03%
FCFP6_1024_744 | 58.33 | 0.03%
FCFP6_1024_458 | 58.05 | 0.03%
FCFP6_1024_480 | 58.01 | 0.03%
FCFP6_1024_604 | 57.71 | 0.03%
FCFP6_1024_329 | 57.62 | 0.03%
FCFP6_1024_575 | 57.03 | 0.03%
FCFP6_1024_829 | 56.71 | 0.03%
FCFP6_1024_496 | 56.39 | 0.03%
FCFP6_1024_76 | 56.33 | 0.03%
FCFP6_1024_125 | 56.30 | 0.03%
FCFP6_1024_5 | 56.27 | 0.03%
FCFP6_1024_241 | 55.87 | 0.03%
FCFP6_1024_507 | 55.75 | 0.03%
FCFP6_1024_420 | 55.65 | 0.03%
FCFP6_1024_260 | 55.65 | 0.03%
FCFP6_1024_60 | 55.57 | 0.02%
FCFP6_1024_401 | 55.55 | 0.02%
FCFP6_1024_131 | 55.44 | 0.02%
FCFP6_1024_700 | 55.00 | 0.02%
FCFP6_1024_45 | 54.71 | 0.02%
FCFP6_1024_51 | 54.04 | 0.02%
FCFP6_1024_671 | 53.36 | 0.02%
FCFP6_1024_743 | 53.20 | 0.02%
FCFP6_1024_714 | 53.04 | 0.02%
FCFP6_1024_756 | 52.83 | 0.02%
FCFP6_1024_245 | 52.42 | 0.02%
FCFP6_1024_857 | 52.12 | 0.02%
FCFP6_1024_923 | 51.92 | 0.02%
FCFP6_1024_722 | 51.40 | 0.02%
FCFP6_1024_278 | 51.26 | 0.02%
FCFP6_1024_140 | 51.05 | 0.02%
FCFP6_1024_431 | 50.64 | 0.02%
FCFP6_1024_243 | 50.34 | 0.02%
FCFP6_1024_826 | 50.30 | 0.02%
FCFP6_1024_221 | 50.14 | 0.02%
FCFP6_1024_345 | 50.13 | 0.02%
FCFP6_1024_733 | 49.71 | 0.02%
FCFP6_1024_767 | 49.47 | 0.02%
FCFP6_1024_517 | 49.38 | 0.02%
FCFP6_1024_504 | 48.90 | 0.02%
FCFP6_1024_161 | 48.81 | 0.02%
FCFP6_1024_881 | 48.79 | 0.02%
FCFP6_1024_215 | 48.67 | 0.02%
FCFP6_1024_1012 | 48.63 | 0.02%
FCFP6_1024_529 | 48.20 | 0.02%
FCFP6_1024_206 | 48.09 | 0.02%
FCFP6_1024_801 | 48.06 | 0.02%
FCFP6_1024_843 | 48.04 | 0.02%
FCFP6_1024_211 | 47.74 | 0.02%
FCFP6_1024_205 | 47.50 | 0.02%
FCFP6_1024_421 | 47.44 | 0.02%
FCFP6_1024_326 | 47.39 | 0.02%
FCFP6_1024_366 | 47.38 | 0.02%
FCFP6_1024_274 | 47.30 | 0.02%
FCFP6_1024_712 | 46.74 | 0.02%
FCFP6_1024_102 | 46.61 | 0.02%
FCFP6_1024_100 | 46.36 | 0.02%
FCFP6_1024_878 | 46.13 | 0.02%
FCFP6_1024_157 | 45.90 | 0.02%
FCFP6_1024_658 | 45.90 | 0.02%
FCFP6_1024_369 | 45.82 | 0.02%
FCFP6_1024_680 | 45.41 | 0.02%
FCFP6_1024_998 | 45.40 | 0.02%
FCFP6_1024_813 | 45.13 | 0.02%
FCFP6_1024_511 | 44.97 | 0.02%
FCFP6_1024_55 | 44.73 | 0.02%
FCFP6_1024_379 | 44.70 | 0.02%
FCFP6_1024_564 | 44.67 | 0.02%
FCFP6_1024_406 | 44.58 | 0.02%
FCFP6_1024_641 | 44.44 | 0.02%
FCFP6_1024_37 | 44.34 | 0.02%
FCFP6_1024_528 | 44.32 | 0.02%
FCFP6_1024_1 | 44.03 | 0.02%
FCFP6_1024_787 | 43.82 | 0.02%
FCFP6_1024_59 | 43.45 | 0.02%
FCFP6_1024_144 | 43.45 | 0.02%
FCFP6_1024_201 | 43.41 | 0.02%
FCFP6_1024_706 | 42.96 | 0.02%
FCFP6_1024_957 | 42.92 | 0.02%
FCFP6_1024_38 | 42.41 | 0.02%
FCFP6_1024_809 | 42.25 | 0.02%
FCFP6_1024_74 | 42.00 | 0.02%
FCFP6_1024_91 | 41.89 | 0.02%
FCFP6_1024_929 | 41.80 | 0.02%
FCFP6_1024_186 | 41.74 | 0.02%
FCFP6_1024_996 | 41.68 | 0.02%
FCFP6_1024_633 | 41.44 | 0.02%
FCFP6_1024_979 | 41.32 | 0.02%
FCFP6_1024_470 | 41.24 | 0.02%
FCFP6_1024_189 | 40.91 | 0.02%
FCFP6_1024_308 | 40.77 | 0.02%
FCFP6_1024_465 | 40.76 | 0.02%
FCFP6_1024_840 | 40.58 | 0.02%
FCFP6_1024_988 | 40.57 | 0.02%
FCFP6_1024_103 | 40.57 | 0.02%
FCFP6_1024_647 | 40.29 | 0.02%
FCFP6_1024_741 | 40.19 | 0.02%
FCFP6_1024_331 | 39.93 | 0.02%
FCFP6_1024_742 | 39.55 | 0.02%
FCFP6_1024_644 | 39.41 | 0.02%
FCFP6_1024_898 | 39.10 | 0.02%
FCFP6_1024_675 | 38.83 | 0.02%
FCFP6_1024_734 | 38.58 | 0.02%
FCFP6_1024_627 | 38.45 | 0.02%
FCFP6_1024_265 | 38.28 | 0.02%
FCFP6_1024_267 | 37.95 | 0.02%
FCFP6_1024_780 | 37.79 | 0.02%
FCFP6_1024_746 | 37.48 | 0.02%
FCFP6_1024_572 | 37.01 | 0.02%
FCFP6_1024_546 | 36.88 | 0.02%
FCFP6_1024_542 | 36.74 | 0.02%
FCFP6_1024_80 | 36.55 | 0.02%
FCFP6_1024_591 | 36.38 | 0.02%
FCFP6_1024_92 | 36.06 | 0.02%
FCFP6_1024_146 | 35.73 | 0.02%
FCFP6_1024_133 | 35.61 | 0.02%
FCFP6_1024_296 | 35.58 | 0.02%
FCFP6_1024_162 | 35.37 | 0.02%
FCFP6_1024_147 | 35.22 | 0.02%
FCFP6_1024_649 | 35.12 | 0.02%
FCFP6_1024_844 | 35.06 | 0.02%
FCFP6_1024_393 | 35.06 | 0.02%
FCFP6_1024_698 | 35.04 | 0.02%
FCFP6_1024_93 | 34.82 | 0.02%
FCFP6_1024_781 | 34.66 | 0.02%
FCFP6_1024_494 | 34.43 | 0.02%
FCFP6_1024_944 | 34.15 | 0.02%
FCFP6_1024_54 | 34.08 | 0.02%
FCFP6_1024_493 | 34.06 | 0.02%
FCFP6_1024_340 | 33.84 | 0.02%
FCFP6_1024_242 | 33.60 | 0.02%
FCFP6_1024_835 | 33.31 | 0.01%
FCFP6_1024_729 | 32.84 | 0.01%
FCFP6_1024_883 | 32.46 | 0.01%
FCFP6_1024_519 | 32.14 | 0.01%
FCFP6_1024_557 | 32.02 | 0.01%
FCFP6_1024_609 | 31.74 | 0.01%
FCFP6_1024_873 | 31.39 | 0.01%
FCFP6_1024_461 | 31.30 | 0.01%
FCFP6_1024_981 | 31.12 | 0.01%
FCFP6_1024_645 | 30.96 | 0.01%
FCFP6_1024_41 | 30.73 | 0.01%
FCFP6_1024_963 | 30.56 | 0.01%
FCFP6_1024_802 | 30.51 | 0.01%
FCFP6_1024_333 | 30.29 | 0.01%
FCFP6_1024_126 | 30.24 | 0.01%
FCFP6_1024_459 | 30.05 | 0.01%
FCFP6_1024_11 | 29.92 | 0.01%
FCFP6_1024_1006 | 29.89 | 0.01%
FCFP6_1024_222 | 29.78 | 0.01%
FCFP6_1024_83 | 29.77 | 0.01%
FCFP6_1024_352 | 29.71 | 0.01%
FCFP6_1024_603 | 29.70 | 0.01%
FCFP6_1024_783 | 29.55 | 0.01%
FCFP6_1024_885 | 29.49 | 0.01%
FCFP6_1024_817 | 29.19 | 0.01%
FCFP6_1024_928 | 28.79 | 0.01%
FCFP6_1024_158 | 28.74 | 0.01%
FCFP6_1024_503 | 28.56 | 0.01%
FCFP6_1024_342 | 28.13 | 0.01%
FCFP6_1024_797 | 28.01 | 0.01%
FCFP6_1024_179 | 27.84 | 0.01%
FCFP6_1024_757 | 27.80 | 0.01%
FCFP6_1024_183 | 27.69 | 0.01%
FCFP6_1024_285 | 27.36 | 0.01%
FCFP6_1024_726 | 27.30 | 0.01%
FCFP6_1024_689 | 27.21 | 0.01%
FCFP6_1024_316 | 27.01 | 0.01%
FCFP6_1024_187 | 26.91 | 0.01%
FCFP6_1024_987 | 26.85 | 0.01%
FCFP6_1024_541 | 26.81 | 0.01%
FCFP6_1024_660 | 26.79 | 0.01%
FCFP6_1024_87 | 26.70 | 0.01%
FCFP6_1024_469 | 26.69 | 0.01%
FCFP6_1024_294 | 26.68 | 0.01%
FCFP6_1024_640 | 26.56 | 0.01%
FCFP6_1024_1000 | 26.53 | 0.01%
FCFP6_1024_625 | 26.50 | 0.01%
FCFP6_1024_271 | 26.22 | 0.01%
FCFP6_1024_549 | 26.07 | 0.01%
FCFP6_1024_300 | 26.01 | 0.01%
FCFP6_1024_635 | 25.76 | 0.01%
FCFP6_1024_869 | 25.73 | 0.01%
FCFP6_1024_1020 | 25.70 | 0.01%
FCFP6_1024_462 | 25.41 | 0.01%
FCFP6_1024_227 | 25.36 | 0.01%
FCFP6_1024_118 | 25.21 | 0.01%
FCFP6_1024_250 | 24.91 | 0.01%
FCFP6_1024_338 | 24.89 | 0.01%
FCFP6_1024_71 | 24.88 | 0.01%
FCFP6_1024_686 | 24.79 | 0.01%
FCFP6_1024_33 | 24.64 | 0.01%
FCFP6_1024_920 | 24.64 | 0.01%
FCFP6_1024_277 | 24.61 | 0.01%
FCFP6_1024_931 | 24.57 | 0.01%
FCFP6_1024_848 | 24.37 | 0.01%
FCFP6_1024_958 | 23.81 | 0.01%
FCFP6_1024_682 | 23.56 | 0.01%
FCFP6_1024_417 | 23.40 | 0.01%
FCFP6_1024_246 | 23.09 | 0.01%
FCFP6_1024_22 | 23.05 | 0.01%
FCFP6_1024_976 | 23.04 | 0.01%
FCFP6_1024_879 | 22.92 | 0.01%
FCFP6_1024_101 | 22.87 | 0.01%
FCFP6_1024_217 | 22.86 | 0.01%
FCFP6_1024_611 | 22.85 | 0.01%
FCFP6_1024_672 | 22.80 | 0.01%
FCFP6_1024_791 | 22.71 | 0.01%
FCFP6_1024_505 | 22.66 | 0.01%
FCFP6_1024_152 | 22.65 | 0.01%
FCFP6_1024_832 | 22.53 | 0.01%
FCFP6_1024_248 | 22.44 | 0.01%
FCFP6_1024_618 | 22.03 | 0.01%
FCFP6_1024_681 | 21.90 | 0.01%
FCFP6_1024_218 | 21.76 | 0.01%
FCFP6_1024_754 | 21.60 | 0.01%
FCFP6_1024_965 | 21.44 | 0.01%
FCFP6_1024_934 | 21.42 | 0.01%
FCFP6_1024_336 | 21.41 | 0.01%
FCFP6_1024_355 | 21.39 | 0.01%
FCFP6_1024_819 | 21.05 | 0.01%
FCFP6_1024_866 | 20.98 | 0.01%
FCFP6_1024_916 | 20.93 | 0.01%
FCFP6_1024_57 | 20.93 | 0.01%
FCFP6_1024_396 | 20.78 | 0.01%
FCFP6_1024_399 | 20.60 | 0.01%
FCFP6_1024_159 | 20.59 | 0.01%
FCFP6_1024_283 | 20.40 | 0.01%
FCFP6_1024_636 | 20.37 | 0.01%
FCFP6_1024_197 | 20.36 | 0.01%
FCFP6_1024_392 | 20.27 | 0.01%
FCFP6_1024_568 | 19.91 | 0.01%
FCFP6_1024_276 | 19.70 | 0.01%
FCFP6_1024_531 | 19.44 | 0.01%
FCFP6_1024_628 | 19.37 | 0.01%
FCFP6_1024_413 | 19.23 | 0.01%
FCFP6_1024_448 | 19.21 | 0.01%
FCFP6_1024_555 | 19.09 | 0.01%
FCFP6_1024_429 | 19.07 | 0.01%
FCFP6_1024_200 | 18.99 | 0.01%
FCFP6_1024_449 | 18.86 | 0.01%
FCFP6_1024_321 | 18.82 | 0.01%
FCFP6_1024_451 | 18.75 | 0.01%
FCFP6_1024_48 | 18.61 | 0.01%
FCFP6_1024_191 | 18.36 | 0.01%
FCFP6_1024_740 | 18.36 | 0.01%
FCFP6_1024_872 | 17.96 | 0.01%
FCFP6_1024_860 | 17.95 | 0.01%
FCFP6_1024_1009 | 17.94 | 0.01%
FCFP6_1024_538 | 17.90 | 0.01%
FCFP6_1024_749 | 17.86 | 0.01%
FCFP6_1024_444 | 17.82 | 0.01%
FCFP6_1024_255 | 17.77 | 0.01%
FCFP6_1024_868 | 17.76 | 0.01%
FCFP6_1024_512 | 17.66 | 0.01%
FCFP6_1024_114 | 17.62 | 0.01%
FCFP6_1024_959 | 17.60 | 0.01%
FCFP6_1024_720 | 17.38 | 0.01%
FCFP6_1024_414 | 17.31 | 0.01%
FCFP6_1024_90 | 17.26 | 0.01%
FCFP6_1024_616 | 17.22 | 0.01%
FCFP6_1024_847 | 17.09 | 0.01%
FCFP6_1024_149 | 16.97 | 0.01%
FCFP6_1024_975 | 16.95 | 0.01%
FCFP6_1024_836 | 16.90 | 0.01%
FCFP6_1024_295 | 16.84 | 0.01%
FCFP6_1024_337 | 16.76 | 0.01%
FCFP6_1024_320 | 16.55 | 0.01%
FCFP6_1024_905 | 16.50 | 0.01%
FCFP6_1024_145 | 16.48 | 0.01%
FCFP6_1024_388 | 16.43 | 0.01%
FCFP6_1024_252 | 16.42 | 0.01%
FCFP6_1024_630 | 16.42 | 0.01%
FCFP6_1024_446 | 16.41 | 0.01%
FCFP6_1024_764 | 16.32 | 0.01%
FCFP6_1024_943 | 16.24 | 0.01%
FCFP6_1024_837 | 16.14 | 0.01%
FCFP6_1024_509 | 16.02 | 0.01%
FCFP6_1024_927 | 15.99 | 0.01%
FCFP6_1024_35 | 15.71 | 0.01%
FCFP6_1024_236 | 15.63 | 0.01%
FCFP6_1024_748 | 15.48 | 0.01%
FCFP6_1024_153 | 15.28 | 0.01%
FCFP6_1024_474 | 15.17 | 0.01%
FCFP6_1024_171 | 15.16 | 0.01%
FCFP6_1024_173 | 15.13 | 0.01%
FCFP6_1024_490 | 14.92 | 0.01%
FCFP6_1024_18 | 14.84 | 0.01%
FCFP6_1024_654 | 14.62 | 0.01%
FCFP6_1024_167 | 14.62 | 0.01%
FCFP6_1024_620 | 14.60 | 0.01%
FCFP6_1024_839 | 14.60 | 0.01%
FCFP6_1024_663 | 14.48 | 0.01%
FCFP6_1024_119 | 14.46 | 0.01%
FCFP6_1024_232 | 14.44 | 0.01%
FCFP6_1024_425 | 14.44 | 0.01%
FCFP6_1024_592 | 14.26 | 0.01%
FCFP6_1024_972 | 14.13 | 0.01%
FCFP6_1024_731 | 14.06 | 0.01%
FCFP6_1024_139 | 14.05 | 0.01%
FCFP6_1024_769 | 13.93 | 0.01%
FCFP6_1024_1011 | 13.79 | 0.01%
FCFP6_1024_870 | 13.64 | 0.01%
FCFP6_1024_657 | 13.58 | 0.01%
FCFP6_1024_46 | 13.57 | 0.01%
FCFP6_1024_623 | 13.28 | 0.01%
FCFP6_1024_389 | 13.28 | 0.01%
FCFP6_1024_284 | 13.25 | 0.01%
FCFP6_1024_2 | 13.24 | 0.01%
FCFP6_1024_830 | 13.21 | 0.01%
FCFP6_1024_967 | 13.18 | 0.01%
FCFP6_1024_254 | 13.10 | 0.01%
FCFP6_1024_841 | 13.07 | 0.01%
FCFP6_1024_789 | 12.95 | 0.01%
FCFP6_1024_880 | 12.94 | 0.01%
FCFP6_1024_997 | 12.82 | 0.01%
FCFP6_1024_328 | 12.75 | 0.01%
FCFP6_1024_856 | 12.64 | 0.01%
FCFP6_1024_13 | 12.63 | 0.01%
FCFP6_1024_354 | 12.54 | 0.01%
FCFP6_1024_224 | 12.46 | 0.01%
FCFP6_1024_495 | 12.42 | 0.01%
FCFP6_1024_579 | 12.40 | 0.01%
FCFP6_1024_148 | 12.33 | 0.01%
FCFP6_1024_266 | 12.32 | 0.01%
FCFP6_1024_397 | 12.29 | 0.01%
FCFP6_1024_6 | 12.20 | 0.01%
FCFP6_1024_773 | 12.18 | 0.01%
FCFP6_1024_704 | 12.04 | 0.01%
FCFP6_1024_500 | 12.03 | 0.01%
FCFP6_1024_235 | 12.01 | 0.01%
FCFP6_1024_416 | 11.82 | 0.01%
FCFP6_1024_150 | 11.80 | 0.01%
FCFP6_1024_220 | 11.63 | 0.01%
FCFP6_1024_367 | 11.47 | 0.01%
FCFP6_1024_487 | 11.13 | 0.01%
FCFP6_1024_272 | 11.03 | 0.00%
FCFP6_1024_478 | 11.02 | 0.00%
FCFP6_1024_479 | 10.93 | 0.00%
FCFP6_1024_261 | 10.82 | 0.00%
FCFP6_1024_792 | 10.81 | 0.00%
FCFP6_1024_415 | 10.71 | 0.00%
FCFP6_1024_98 | 10.46 | 0.00%
FCFP6_1024_845 | 10.40 | 0.00%
FCFP6_1024_565 | 10.21 | 0.00%
FCFP6_1024_815 | 10.20 | 0.00%
FCFP6_1024_219 | 10.06 | 0.00%
FCFP6_1024_210 | 9.93 | 0.00%
FCFP6_1024_606 | 9.86 | 0.00%
FCFP6_1024_135 | 9.75 | 0.00%
FCFP6_1024_768 | 9.73 | 0.00%
FCFP6_1024_897 | 9.68 | 0.00%
FCFP6_1024_23 | 9.67 | 0.00%
FCFP6_1024_793 | 9.65 | 0.00%
FCFP6_1024_777 | 9.32 | 0.00%
FCFP6_1024_910 | 9.30 | 0.00%
FCFP6_1024_986 | 9.04 | 0.00%
FCFP6_1024_20 | 8.92 | 0.00%
FCFP6_1024_863 | 8.71 | 0.00%
FCFP6_1024_940 | 8.62 | 0.00%
FCFP6_1024_561 | 8.60 | 0.00%
FCFP6_1024_558 | 8.38 | 0.00%
FCFP6_1024_766 | 8.15 | 0.00%
FCFP6_1024_892 | 7.91 | 0.00%
FCFP6_1024_290 | 7.86 | 0.00%
FCFP6_1024_711 | 7.73 | 0.00%
FCFP6_1024_593 | 7.46 | 0.00%
FCFP6_1024_89 | 7.43 | 0.00%
FCFP6_1024_646 | 7.38 | 0.00%
FCFP6_1024_365 | 7.28 | 0.00%
FCFP6_1024_930 | 7.18 | 0.00%
FCFP6_1024_501 | 7.14 | 0.00%
FCFP6_1024_302 | 7.11 | 0.00%
FCFP6_1024_596 | 6.89 | 0.00%
FCFP6_1024_547 | 6.87 | 0.00%
FCFP6_1024_543 | 6.84 | 0.00%
FCFP6_1024_569 | 6.77 | 0.00%
FCFP6_1024_73 | 6.76 | 0.00%
FCFP6_1024_335 | 6.75 | 0.00%
FCFP6_1024_188 | 6.73 | 0.00%
FCFP6_1024_548 | 6.69 | 0.00%
FCFP6_1024_761 | 6.58 | 0.00%
FCFP6_1024_913 | 6.52 | 0.00%
FCFP6_1024_990 | 6.50 | 0.00%
FCFP6_1024_725 | 6.41 | 0.00%
FCFP6_1024_230 | 6.37 | 0.00%
FCFP6_1024_721 | 6.22 | 0.00%
FCFP6_1024_481 | 6.21 | 0.00%
FCFP6_1024_752 | 6.12 | 0.00%
FCFP6_1024_403 | 6.03 | 0.00%
FCFP6_1024_608 | 5.94 | 0.00%
FCFP6_1024_771 | 5.90 | 0.00%
FCFP6_1024_695 | 5.79 | 0.00%
FCFP6_1024_10 | 5.78 | 0.00%
FCFP6_1024_709 | 5.76 | 0.00%
FCFP6_1024_595 | 5.73 | 0.00%
FCFP6_1024_535 | 5.71 | 0.00%
FCFP6_1024_597 | 5.62 | 0.00%
FCFP6_1024_753 | 5.59 | 0.00%
FCFP6_1024_865 | 5.46 | 0.00%
FCFP6_1024_95 | 5.46 | 0.00%
FCFP6_1024_378 | 5.46 | 0.00%
FCFP6_1024_914 | 5.40 | 0.00%
FCFP6_1024_908 | 5.39 | 0.00%
FCFP6_1024_497 | 5.39 | 0.00%
FCFP6_1024_750 | 5.25 | 0.00%
FCFP6_1024_790 | 5.23 | 0.00%
FCFP6_1024_440 | 5.20 | 0.00%
FCFP6_1024_433 | 5.19 | 0.00%
FCFP6_1024_800 | 5.05 | 0.00%
FCFP6_1024_678 | 5.04 | 0.00%
FCFP6_1024_632 | 4.98 | 0.00%
FCFP6_1024_391 | 4.87 | 0.00%
FCFP6_1024_828 | 4.85 | 0.00%
FCFP6_1024_435 | 4.66 | 0.00%
FCFP6_1024_256 | 4.45 | 0.00%
FCFP6_1024_204 | 4.39 | 0.00%
FCFP6_1024_527 | 4.21 | 0.00%
FCFP6_1024_534 | 4.20 | 0.00%
FCFP6_1024_665 | 4.19 | 0.00%
FCFP6_1024_877 | 4.19 | 0.00%
FCFP6_1024_909 | 4.19 | 0.00%
FCFP6_1024_292 | 4.10 | 0.00%
FCFP6_1024_110 | 3.85 | 0.00%
FCFP6_1024_585 | 3.71 | 0.00%
FCFP6_1024_485 | 3.63 | 0.00%
FCFP6_1024_851 | 3.63 | 0.00%
FCFP6_1024_683 | 3.50 | 0.00%
FCFP6_1024_785 | 3.44 | 0.00%
FCFP6_1024_983 | 3.43 | 0.00%
FCFP6_1024_758 | 3.41 | 0.00%
FCFP6_1024_475 | 3.40 | 0.00%
FCFP6_1024_216 | 3.35 | 0.00%
FCFP6_1024_805 | 3.34 | 0.00%
FCFP6_1024_688 | 3.29 | 0.00%
FCFP6_1024_28 | 3.14 | 0.00%
FCFP6_1024_562 | 3.04 | 0.00%
FCFP6_1024_545 | 3.01 | 0.00%
FCFP6_1024_108 | 2.92 | 0.00%
FCFP6_1024_39 | 2.91 | 0.00%
FCFP6_1024_303 | 2.85 | 0.00%
FCFP6_1024_143 | 2.84 | 0.00%
FCFP6_1024_806 | 2.82 | 0.00%
FCFP6_1024_349 | 2.81 | 0.00%
FCFP6_1024_385 | 2.77 | 0.00%
FCFP6_1024_551 | 2.57 | 0.00%
FCFP6_1024_718 | 2.55 | 0.00%
FCFP6_1024_951 | 2.38 | 0.00%
FCFP6_1024_441 | 2.29 | 0.00%
FCFP6_1024_63 | 2.28 | 0.00%
FCFP6_1024_888 | 2.26 | 0.00%
FCFP6_1024_849 | 2.20 | 0.00%
FCFP6_1024_587 | 2.13 | 0.00%
FCFP6_1024_710 | 2.13 | 0.00%
FCFP6_1024_370 | 2.07 | 0.00%
FCFP6_1024_796 | 1.99 | 0.00%
FCFP6_1024_293 | 1.98 | 0.00%
FCFP6_1024_50 | 1.92 | 0.00%
FCFP6_1024_937 | 1.90 | 0.00%
FCFP6_1024_310 | 1.81 | 0.00%
FCFP6_1024_736 | 1.58 | 0.00%
FCFP6_1024_502 | 1.54 | 0.00%
FCFP6_1024_1022 | 1.53 | 0.00%
FCFP6_1024_237 | 1.53 | 0.00%
FCFP6_1024_514 | 1.28 | 0.00%
FCFP6_1024_468 | 1.16 | 0.00%
FCFP6_1024_763 | 1.08 | 0.00%
FCFP6_1024_827 | 0.83 | 0.00%
FCFP6_1024_174 | 0.81 | 0.00%
FCFP6_1024_977 | 0.79 | 0.00%
FCFP6_1024_703 | 0.71 | 0.00%
FCFP6_1024_14 | 0.53 | 0.00%
FCFP6_1024_155 | 0.51 | 0.00%
FCFP6_1024_833 | 0.46 | 0.00%
FCFP6_1024_314 | 0.36 | 0.00%
FCFP6_1024_94 | 0.36 | 0.00%
FCFP6_1024_571 | 0.36 | 0.00%
FCFP6_1024_96 | 0.29 | 0.00%
FCFP6_1024_954 | 0.26 | 0.00%
FCFP6_1024_717 | 0.26 | 0.00%
FCFP6_1024_289 | 0.23 | 0.00%
FCFP6_1024_532 | 0.21 | 0.00%
FCFP6_1024_253 | 0.21 | 0.00%
FCFP6_1024_15 | 0.17 | 0.00%
FCFP6_1024_0 | 0.00 | 0.00%
FCFP6_1024_229 | 0.00 | 0.00%
FCFP6_1024_281 | 0.00 | 0.00%
FCFP6_1024_306 | 0.00 | 0.00%
FCFP6_1024_371 | 0.00 | 0.00%
FCFP6_1024_404 | 0.00 | 0.00%
FCFP6_1024_438 | 0.00 | 0.00%
FCFP6_1024_456 | 0.00 | 0.00%
FCFP6_1024_476 | 0.00 | 0.00%
FCFP6_1024_516 | 0.00 | 0.00%
FCFP6_1024_563 | 0.00 | 0.00%
FCFP6_1024_770 | 0.00 | 0.00%
FCFP6_1024_917 | 0.00 | 0.00%
FCFP6_1024_945 | 0.00 | 0.00%
FCFP6_1024_962 | 0.00 | 0.00%
FCFP6_1024_1023 | 0.00 | 0.00%

=====================================================================
METRIC TYPE                                  | VALUE / PROFILE
=====================================================================
Embedding Share                              | 0.00%
Raw Feature Share                            | 100.00%
---------------------------------------------------------------------
Active Text Embedding Density                | 0.00% (0/0)
Active Raw Tabular Feature Density           | 98.44% (1008/1024)
---------------------------------------------------------------------
Top-5 Concentration Ratio (CR5)              | 18.81% of total decision weight
Top-10 Concentration Ratio (CR10)            | 24.05% of total decision weight
=====================================================================

Total Pipeline Execution Time: 489.32 seconds

[SUCCESS] Permanent artifacts safely written to 'outputs/training-4/'
[W&B] Artifacts and localized metrics logged successfully for qsar-tid-11_raw-only_lightgbm
