[W&B] Child process started for job: wine_quality_raw-only_lightgbm in group session-training-4
Loading archive 'archives/wine_quality.npz' and initializing pipeline for target: LIGHTGBM...
Execution Mode: RAW-ONLY
Session Output Target: outputs/training-4/
Task Type: REGRESSION
TabPFN Baselines Loaded - Primary: 0.5665 | Secondary: 0.5710
PCA reduced text embeddings to 25 components.
Final training matrix shape assembled for RAW-ONLY: (5197, 12)

Running 26-Trial Optuna Study for LIGHTGBM (RAW-ONLY)...
A new study created in RDB with name: 20260625_102012_wine_quality_raw-only_lightgbm
Trial 0 finished with value: 0.6333112552032534 and parameters: {}. Best is trial 0 with value: 0.6333112552032534.
Trial 1 finished with value: 0.6334257381480994 and parameters: {'learning_rate': 0.015355286838886862, 'feature_fraction': 0.9704285838459497, 'bagging_fraction': 0.9195981825434215, 'bagging_freq': 1, 'num_leaves': 28, 'min_data_in_leaf': 1, 'extra_trees': False, 'min_data_per_group': 57, 'cat_l2': 0.18327672955935934, 'cat_smooth': 3.4702669886504163, 'max_cat_to_onehot': 8, 'lambda_l1': 0.9699128611767781, 'lambda_l2': 1.6649020373367633}. Best is trial 0 with value: 0.6333112552032534.
Trial 2 finished with value: 0.6769341506764279 and parameters: {'learning_rate': 0.009445600138094694, 'feature_fraction': 0.5090949803242604, 'bagging_fraction': 0.7550213529560301, 'bagging_freq': 1, 'num_leaves': 7, 'min_data_in_leaf': 6, 'extra_trees': False, 'min_data_per_group': 20, 'cat_l2': 0.01153297626310632, 'cat_smooth': 0.028888383623653185, 'max_cat_to_onehot': 19, 'lambda_l1': 0.4561243772186142, 'lambda_l2': 1.5703734051898879}. Best is trial 0 with value: 0.6333112552032534.
Trial 3 finished with value: 0.7377077568107759 and parameters: {'learning_rate': 0.009093929525644107, 'feature_fraction': 0.708540663048167, 'bagging_fraction': 0.8777243706586128, 'bagging_freq': 1, 'num_leaves': 2, 'min_data_in_leaf': 10, 'extra_trees': False, 'min_data_per_group': 81, 'cat_l2': 1.6278053965878447, 'cat_smooth': 11.015056790269638, 'max_cat_to_onehot': 17, 'lambda_l1': 0.09776234679498323, 'lambda_l2': 1.3684976297216627}. Best is trial 0 with value: 0.6333112552032534.
Trial 4 finished with value: 0.7332250238308211 and parameters: {'learning_rate': 0.01869052934095898, 'feature_fraction': 0.47322294090686734, 'bagging_fraction': 0.848553073033381, 'bagging_freq': 1, 'num_leaves': 2, 'min_data_in_leaf': 42, 'extra_trees': True, 'min_data_per_group': 6, 'cat_l2': 0.11277639166461569, 'cat_smooth': 0.5414413211338525, 'max_cat_to_onehot': 12, 'lambda_l1': 0.9695876693017821, 'lambda_l2': 1.550288133439893}. Best is trial 0 with value: 0.6333112552032534.
Trial 5 finished with value: 0.6146448018865505 and parameters: {'learning_rate': 0.08342309693146736, 'feature_fraction': 0.9368964102565893, 'bagging_fraction': 0.8793699936433255, 'bagging_freq': 1, 'num_leaves': 137, 'min_data_in_leaf': 1, 'extra_trees': False, 'min_data_per_group': 6, 'cat_l2': 0.0513253156994884, 'cat_smooth': 0.022737628102536857, 'max_cat_to_onehot': 64, 'lambda_l1': 0.3568176513609199, 'lambda_l2': 0.5619409259237927}. Best is trial 5 with value: 0.6146448018865505.
Trial 6 finished with value: 0.7201915924334246 and parameters: {'learning_rate': 0.025411709798607296, 'feature_fraction': 0.4845545349848576, 'bagging_fraction': 0.9406590942262119, 'bagging_freq': 1, 'num_leaves': 2, 'min_data_in_leaf': 61, 'extra_trees': False, 'min_data_per_group': 2, 'cat_l2': 0.6619871537619337, 'cat_smooth': 3.4220529032706923, 'max_cat_to_onehot': 50, 'lambda_l1': 0.7712932196512772, 'lambda_l2': 0.1481818990030073}. Best is trial 5 with value: 0.6146448018865505.
Trial 7 finished with value: 0.6717620787692336 and parameters: {'learning_rate': 0.014633380642745364, 'feature_fraction': 0.4695214357150779, 'bagging_fraction': 0.958931027762678, 'bagging_freq': 1, 'num_leaves': 32, 'min_data_in_leaf': 2, 'extra_trees': True, 'min_data_per_group': 6, 'cat_l2': 0.3957756313952873, 'cat_smooth': 1.5409457762881555, 'max_cat_to_onehot': 75, 'lambda_l1': 0.4722677036694331, 'lambda_l2': 0.23927653245200955}. Best is trial 5 with value: 0.6146448018865505.
Trial 8 finished with value: 0.6083277769548167 and parameters: {'learning_rate': 0.042356773126632795, 'feature_fraction': 0.8564710291701385, 'bagging_fraction': 0.8683831592708489, 'bagging_freq': 1, 'num_leaves': 65, 'min_data_in_leaf': 6, 'extra_trees': False, 'min_data_per_group': 2, 'cat_l2': 0.009543550367992308, 'cat_smooth': 0.0014359718569878096, 'max_cat_to_onehot': 39, 'lambda_l1': 0.314424545478219, 'lambda_l2': 1.017190525260289}. Best is trial 8 with value: 0.6083277769548167.
Trial 9 finished with value: 0.6623289704018824 and parameters: {'learning_rate': 0.07581256838789621, 'feature_fraction': 0.549575337489325, 'bagging_fraction': 0.8231148769106889, 'bagging_freq': 1, 'num_leaves': 61, 'min_data_in_leaf': 2, 'extra_trees': True, 'min_data_per_group': 3, 'cat_l2': 1.3124992669799407, 'cat_smooth': 10.979988817809668, 'max_cat_to_onehot': 39, 'lambda_l1': 0.871473444128699, 'lambda_l2': 1.607363786590539}. Best is trial 8 with value: 0.6083277769548167.
Trial 10 finished with value: 0.65470585661295 and parameters: {'learning_rate': 0.03977775115411819, 'feature_fraction': 0.7971859899035706, 'bagging_fraction': 0.7022641957948879, 'bagging_freq': 1, 'num_leaves': 8, 'min_data_in_leaf': 16, 'extra_trees': False, 'min_data_per_group': 23, 'cat_l2': 0.005502059192515464, 'cat_smooth': 0.0017684001062801304, 'max_cat_to_onehot': 31, 'lambda_l1': 0.028575443310857374, 'lambda_l2': 1.0306723536455278}. Best is trial 8 with value: 0.6083277769548167.
Trial 11 finished with value: 0.6152599623953743 and parameters: {'learning_rate': 0.08666902684228948, 'feature_fraction': 0.9963467604631535, 'bagging_fraction': 0.802754798121327, 'bagging_freq': 1, 'num_leaves': 165, 'min_data_in_leaf': 1, 'extra_trees': False, 'min_data_per_group': 5, 'cat_l2': 0.03536892572122951, 'cat_smooth': 0.0020887870522944057, 'max_cat_to_onehot': 100, 'lambda_l1': 0.3000390111022635, 'lambda_l2': 0.7163719076622409}. Best is trial 8 with value: 0.6083277769548167.
Trial 12 finished with value: 0.6049932365970289 and parameters: {'learning_rate': 0.05049708384913899, 'feature_fraction': 0.8519346364158834, 'bagging_fraction': 0.8856171653185642, 'bagging_freq': 1, 'num_leaves': 197, 'min_data_in_leaf': 4, 'extra_trees': False, 'min_data_per_group': 2, 'cat_l2': 0.029127421278420326, 'cat_smooth': 0.023236969066106287, 'max_cat_to_onehot': 57, 'lambda_l1': 0.29184973741789866, 'lambda_l2': 0.6532413869928695}. Best is trial 12 with value: 0.6049932365970289.
Trial 13 finished with value: 0.6064965049943813 and parameters: {'learning_rate': 0.04451506475158212, 'feature_fraction': 0.7854734755930853, 'bagging_fraction': 0.9920834141079983, 'bagging_freq': 1, 'num_leaves': 70, 'min_data_in_leaf': 4, 'extra_trees': False, 'min_data_per_group': 2, 'cat_l2': 0.01938931160836007, 'cat_smooth': 0.025307483776499752, 'max_cat_to_onehot': 26, 'lambda_l1': 0.19618126578446127, 'lambda_l2': 0.981940413742047}. Best is trial 12 with value: 0.6049932365970289.
Trial 14 finished with value: 0.6047653663805583 and parameters: {'learning_rate': 0.05002775977434885, 'feature_fraction': 0.7009103725244568, 'bagging_fraction': 0.9948058470333414, 'bagging_freq': 1, 'num_leaves': 89, 'min_data_in_leaf': 3, 'extra_trees': False, 'min_data_per_group': 2, 'cat_l2': 0.025980185125489465, 'cat_smooth': 0.09987391715719031, 'max_cat_to_onehot': 25, 'lambda_l1': 0.17223522836234695, 'lambda_l2': 0.6843121017907677}. Best is trial 14 with value: 0.6047653663805583.
Trial 15 finished with value: 0.6571807515592044 and parameters: {'learning_rate': 0.059199856466007575, 'feature_fraction': 0.643644052525472, 'bagging_fraction': 0.9128324267983053, 'bagging_freq': 1, 'num_leaves': 186, 'min_data_in_leaf': 2, 'extra_trees': True, 'min_data_per_group': 4, 'cat_l2': 0.05217055163130244, 'cat_smooth': 0.17683013410215553, 'max_cat_to_onehot': 22, 'lambda_l1': 0.6117397166862026, 'lambda_l2': 0.5313412202631004}. Best is trial 14 with value: 0.6047653663805583.
Trial 16 finished with value: 0.618288257883264 and parameters: {'learning_rate': 0.027556878263997272, 'feature_fraction': 0.6295965848027845, 'bagging_fraction': 0.9931472834465885, 'bagging_freq': 1, 'num_leaves': 85, 'min_data_in_leaf': 22, 'extra_trees': False, 'min_data_per_group': 10, 'cat_l2': 0.02481058189113539, 'cat_smooth': 0.12015257436478317, 'max_cat_to_onehot': 12, 'lambda_l1': 0.17361390880229446, 'lambda_l2': 0.4028071054836734}. Best is trial 14 with value: 0.6047653663805583.
Trial 17 finished with value: 0.6493948536285722 and parameters: {'learning_rate': 0.005690829910093074, 'feature_fraction': 0.8731248801841563, 'bagging_fraction': 0.7887522714662915, 'bagging_freq': 1, 'num_leaves': 30, 'min_data_in_leaf': 4, 'extra_trees': False, 'min_data_per_group': 3, 'cat_l2': 0.11126585552978603, 'cat_smooth': 95.74738509612254, 'max_cat_to_onehot': 51, 'lambda_l1': 0.5787952641203018, 'lambda_l2': 0.7953614979979642}. Best is trial 14 with value: 0.6047653663805583.
Trial 18 finished with value: 0.6048268632484255 and parameters: {'learning_rate': 0.05606257634646028, 'feature_fraction': 0.7254959253946, 'bagging_fraction': 0.9597170129812919, 'bagging_freq': 1, 'num_leaves': 106, 'min_data_in_leaf': 3, 'extra_trees': False, 'min_data_per_group': 11, 'cat_l2': 0.014773194759592252, 'cat_smooth': 0.08347216184681973, 'max_cat_to_onehot': 95, 'lambda_l1': 0.20985670169384918, 'lambda_l2': 0.056737420177208286}. Best is trial 14 with value: 0.6047653663805583.
Trial 19 finished with value: 0.6611337412600196 and parameters: {'learning_rate': 0.030539550602294446, 'feature_fraction': 0.711827259830842, 'bagging_fraction': 0.9606759847253528, 'bagging_freq': 1, 'num_leaves': 16, 'min_data_in_leaf': 2, 'extra_trees': True, 'min_data_per_group': 13, 'cat_l2': 0.00547079566961561, 'cat_smooth': 0.10175962669761132, 'max_cat_to_onehot': 88, 'lambda_l1': 0.1644272181609165, 'lambda_l2': 1.9133596327493732}. Best is trial 14 with value: 0.6047653663805583.
Trial 20 finished with value: 0.6091134482432807 and parameters: {'learning_rate': 0.09978856848177636, 'feature_fraction': 0.6195409900457083, 'bagging_fraction': 0.999335654981705, 'bagging_freq': 1, 'num_leaves': 91, 'min_data_in_leaf': 1, 'extra_trees': False, 'min_data_per_group': 31, 'cat_l2': 0.01606208439138465, 'cat_smooth': 0.005970195187382115, 'max_cat_to_onehot': 13, 'lambda_l1': 0.07028428524082714, 'lambda_l2': 0.031784769310539716}. Best is trial 14 with value: 0.6047653663805583.
Trial 21 finished with value: 0.6087947689390588 and parameters: {'learning_rate': 0.05661625265974191, 'feature_fraction': 0.7338846493392011, 'bagging_fraction': 0.9133566868228222, 'bagging_freq': 1, 'num_leaves': 121, 'min_data_in_leaf': 4, 'extra_trees': False, 'min_data_per_group': 10, 'cat_l2': 0.03472541498011963, 'cat_smooth': 0.01587504437532931, 'max_cat_to_onehot': 59, 'lambda_l1': 0.22844303291481505, 'lambda_l2': 0.35179525135308815}. Best is trial 14 with value: 0.6047653663805583.
Trial 22 finished with value: 0.6150317066756559 and parameters: {'learning_rate': 0.05798524852576249, 'feature_fraction': 0.40015726738282775, 'bagging_fraction': 0.9562684474935792, 'bagging_freq': 1, 'num_leaves': 45, 'min_data_in_leaf': 7, 'extra_trees': False, 'min_data_per_group': 3, 'cat_l2': 0.06690789966352499, 'cat_smooth': 0.3338650996395044, 'max_cat_to_onehot': 80, 'lambda_l1': 0.4172218419412094, 'lambda_l2': 0.7633852669135077}. Best is trial 14 with value: 0.6047653663805583.
Trial 23 finished with value: 0.6042571428501942 and parameters: {'learning_rate': 0.033806474528631655, 'feature_fraction': 0.8054490797089598, 'bagging_fraction': 0.933734952927095, 'bagging_freq': 1, 'num_leaves': 113, 'min_data_in_leaf': 3, 'extra_trees': False, 'min_data_per_group': 2, 'cat_l2': 0.01050645028610104, 'cat_smooth': 0.06489219017420399, 'max_cat_to_onehot': 36, 'lambda_l1': 0.24616719907113074, 'lambda_l2': 1.2591886775063026}. Best is trial 23 with value: 0.6042571428501942.
Trial 24 finished with value: 0.6012555126206947 and parameters: {'learning_rate': 0.022336158217737746, 'feature_fraction': 0.7692321751026245, 'bagging_fraction': 0.9724853177678907, 'bagging_freq': 1, 'num_leaves': 107, 'min_data_in_leaf': 3, 'extra_trees': False, 'min_data_per_group': 45, 'cat_l2': 0.009632026562533345, 'cat_smooth': 0.07553184719887873, 'max_cat_to_onehot': 34, 'lambda_l1': 0.010447404125199511, 'lambda_l2': 1.2014616050051066}. Best is trial 24 with value: 0.6012555126206947.
Trial 25 finished with value: 0.6067439066323321 and parameters: {'learning_rate': 0.0345925882585348, 'feature_fraction': 0.8048563555542698, 'bagging_fraction': 0.9356655737582392, 'bagging_freq': 1, 'num_leaves': 53, 'min_data_in_leaf': 3, 'extra_trees': False, 'min_data_per_group': 58, 'cat_l2': 0.008540060584659158, 'cat_smooth': 0.64297475473971, 'max_cat_to_onehot': 34, 'lambda_l1': 0.09911350357497228, 'lambda_l2': 1.2684047673637524}. Best is trial 24 with value: 0.6012555126206947.
Optuna Search Completed in: 203.26 seconds

Training final model on optimized parameter setup...

[LIGHTGBM FINALIZED METRICS]
Optimal Trees:         993
RMSE:             0.5842 (Delta to TabPFN: +0.0177)
R2_Score:             0.5438 (Delta to TabPFN: -0.0272)
Final Train Time:      2.54 seconds (0.4892s per 1K)
Final Infer Time:      0.02 seconds (0.0162s per 1K)

--- LIGHTGBM Feature Importance (Raw vs. Scaled Share) ---
Feature | Raw gain | Share
alcohol | 19486.41 | 22.19%
volatile_acidity | 10223.51 | 11.64%
free_sulfur_dioxide | 7641.19 | 8.70%
density | 7603.14 | 8.66%
residual_sugar | 6992.33 | 7.96%
sulphates | 6818.62 | 7.77%
total_sulfur_dioxide | 6724.96 | 7.66%
chlorides | 5858.07 | 6.67%
citric_acid | 5664.10 | 6.45%
pH | 5645.55 | 6.43%
fixed_acidity | 4960.03 | 5.65%
wine_color | 193.07 | 0.22%

=====================================================================
METRIC TYPE                                  | VALUE / PROFILE
=====================================================================
Embedding Share                              | 0.00%
Raw Feature Share                            | 100.00%
---------------------------------------------------------------------
Active Text Embedding Density                | 0.00% (0/0)
Active Raw Tabular Feature Density           | 100.00% (12/12)
---------------------------------------------------------------------
Top-5 Concentration Ratio (CR5)              | 59.16% of total decision weight
Top-10 Concentration Ratio (CR10)            | 94.13% of total decision weight
=====================================================================

Total Pipeline Execution Time: 207.27 seconds

[SUCCESS] Permanent artifacts safely written to 'outputs/training-4/'
[W&B] Artifacts and localized metrics logged successfully for wine_quality_raw-only_lightgbm
