[W&B] Child process started for job: credit-g_raw-only_xgboost in group session-training-4
Loading archive 'archives/credit-g.npz' and initializing pipeline for target: XGBOOST...
Execution Mode: RAW-ONLY
Session Output Target: outputs/training-4/
Task Type: BINARY
TabPFN Baselines Loaded - Primary: 0.2269 | Secondary: 0.7500
PCA reduced text embeddings to 42 components.
Final training matrix shape assembled for RAW-ONLY: (800, 20)

Running 26-Trial Optuna Study for XGBOOST (RAW-ONLY)...
A new study created in RDB with name: 20260624_153633_credit-g_raw-only_xgboost
Trial 0 finished with value: 0.2031547619047619 and parameters: {}. Best is trial 0 with value: 0.2031547619047619.
Trial 1 finished with value: 0.18767857142857136 and parameters: {'learning_rate': 0.015355286838886862, 'max_depth': 10, 'min_child_weight': 0.5100627805979911, 'subsample': 0.8394633936788146, 'colsample_bylevel': 0.6624074561769746, 'colsample_bynode': 0.662397808134481, 'reg_alpha': 0.29051225247978046, 'reg_lambda': 4.330894111260099, 'grow_policy': 'lossguide', 'max_cat_to_onehot': 8, 'max_leaves': 884}. Best is trial 1 with value: 0.18767857142857136.
Trial 2 finished with value: 0.1897619047619048 and parameters: {'learning_rate': 0.060534484680010825, 'max_depth': 4, 'min_child_weight': 0.004705059281907645, 'subsample': 0.6733618039413735, 'colsample_bylevel': 0.7216968971838151, 'colsample_bynode': 0.8099025726528951, 'reg_alpha': 2.1597818987087147, 'reg_lambda': 1.4562165780761898, 'grow_policy': 'depthwise', 'max_cat_to_onehot': 16, 'max_leaves': 45}. Best is trial 1 with value: 0.18767857142857136.
Trial 3 finished with value: 0.18452380952380953 and parameters: {'learning_rate': 0.019603369861210685, 'max_depth': 8, 'min_child_weight': 0.005477562363971304, 'subsample': 0.8056937753654446, 'colsample_bylevel': 0.836965827544817, 'colsample_bynode': 0.6185801650879991, 'reg_alpha': 3.037763505022002, 'reg_lambda': 0.8527035660240889, 'grow_policy': 'lossguide', 'max_cat_to_onehot': 92, 'max_leaves': 399}. Best is trial 3 with value: 0.18452380952380953.
Trial 4 finished with value: 0.19071428571428573 and parameters: {'learning_rate': 0.012453219846912198, 'max_depth': 4, 'min_child_weight': 0.33959199243313637, 'subsample': 0.7760609974958406, 'colsample_bylevel': 0.6488152939379115, 'colsample_bynode': 0.798070764044508, 'reg_alpha': 0.17203916672398045, 'reg_lambda': 4.546611078353703, 'grow_policy': 'lossguide', 'max_cat_to_onehot': 17, 'max_leaves': 97}. Best is trial 3 with value: 0.18452380952380953.
Trial 5 finished with value: 0.19946428571428565 and parameters: {'learning_rate': 0.025719142025384646, 'max_depth': 4, 'min_child_weight': 3.8589082671053854, 'subsample': 0.9100531293444458, 'colsample_bylevel': 0.9757995766256756, 'colsample_bynode': 0.9579309401710595, 'reg_alpha': 2.989540104057545, 'reg_lambda': 4.609378987692081, 'grow_policy': 'lossguide', 'max_cat_to_onehot': 8, 'max_leaves': 37}. Best is trial 3 with value: 0.18452380952380953.
Trial 6 finished with value: 0.1875 and parameters: {'learning_rate': 0.016019568611465234, 'max_depth': 5, 'min_child_weight': 1.1627201204016835, 'subsample': 0.7427013306774357, 'colsample_bylevel': 0.7123738038749523, 'colsample_bynode': 0.8170784332632994, 'reg_alpha': 0.7047070324513158, 'reg_lambda': 4.011004684072123, 'grow_policy': 'lossguide', 'max_cat_to_onehot': 56, 'max_leaves': 20}. Best is trial 3 with value: 0.18452380952380953.
Trial 7 finished with value: 0.19547619047619058 and parameters: {'learning_rate': 0.0050834018700114374, 'max_depth': 9, 'min_child_weight': 0.4117599592262879, 'subsample': 0.8916028672163949, 'colsample_bylevel': 0.9085081386743783, 'colsample_bynode': 0.6296178606936361, 'reg_alpha': 1.7923927961485087, 'reg_lambda': 0.5794337107196961, 'grow_policy': 'depthwise', 'max_cat_to_onehot': 18, 'max_leaves': 10}. Best is trial 3 with value: 0.18452380952380953.
Trial 8 finished with value: 0.18607142857142844 and parameters: {'learning_rate': 0.012693089228250284, 'max_depth': 5, 'min_child_weight': 0.49979438035802604, 'subsample': 0.8550229885420852, 'colsample_bylevel': 0.9548850970305306, 'colsample_bynode': 0.7888859700647797, 'reg_alpha': 0.5980592702669147, 'reg_lambda': 3.566252611636253, 'grow_policy': 'depthwise', 'max_cat_to_onehot': 55, 'max_leaves': 85}. Best is trial 3 with value: 0.18452380952380953.
Trial 9 finished with value: 0.18654761904761907 and parameters: {'learning_rate': 0.02393652463662192, 'max_depth': 6, 'min_child_weight': 0.0012417226051008223, 'subsample': 0.6431565707973218, 'colsample_bylevel': 0.6125716742746937, 'colsample_bynode': 0.8545641645055122, 'reg_alpha': 1.5718484697835258, 'reg_lambda': 2.542902598754398, 'grow_policy': 'depthwise', 'max_cat_to_onehot': 22, 'max_leaves': 308}. Best is trial 3 with value: 0.18452380952380953.
Trial 10 finished with value: 0.19398809523809524 and parameters: {'learning_rate': 0.08675823913417954, 'max_depth': 8, 'min_child_weight': 0.038946887834449, 'subsample': 0.9729161367647149, 'colsample_bylevel': 0.8383148270515275, 'colsample_bynode': 0.9630659181130071, 'reg_alpha': 4.7988577526525065, 'reg_lambda': 0.08173818767886609, 'grow_policy': 'lossguide', 'max_cat_to_onehot': 99, 'max_leaves': 968}. Best is trial 3 with value: 0.18452380952380953.
Trial 11 finished with value: 0.19178571428571434 and parameters: {'learning_rate': 0.007265971125856864, 'max_depth': 7, 'min_child_weight': 0.04042693539277767, 'subsample': 0.8127221491701561, 'colsample_bylevel': 0.8387046862591475, 'colsample_bynode': 0.7058882969948848, 'reg_alpha': 3.838153225904187, 'reg_lambda': 2.9593722329763055, 'grow_policy': 'depthwise', 'max_cat_to_onehot': 65, 'max_leaves': 223}. Best is trial 3 with value: 0.18452380952380953.
Trial 12 finished with value: 0.18952380952380954 and parameters: {'learning_rate': 0.03173653487956162, 'max_depth': 6, 'min_child_weight': 0.019314596151057493, 'subsample': 0.7204065946156211, 'colsample_bylevel': 0.9912828676429177, 'colsample_bynode': 0.7135945560342936, 'reg_alpha': 2.997087116970343, 'reg_lambda': 1.977785837096855, 'grow_policy': 'depthwise', 'max_cat_to_onehot': 47, 'max_leaves': 187}. Best is trial 3 with value: 0.18452380952380953.
Trial 13 finished with value: 0.19732142857142854 and parameters: {'learning_rate': 0.010309562071127988, 'max_depth': 5, 'min_child_weight': 0.09076281590248986, 'subsample': 0.8792066014792943, 'colsample_bylevel': 0.8525160016463984, 'colsample_bynode': 0.731264994574006, 'reg_alpha': 4.980085345107131, 'reg_lambda': 3.460243353697232, 'grow_policy': 'depthwise', 'max_cat_to_onehot': 91, 'max_leaves': 96}. Best is trial 3 with value: 0.18452380952380953.
Trial 14 finished with value: 0.18327380952380956 and parameters: {'learning_rate': 0.041314384168676443, 'max_depth': 7, 'min_child_weight': 0.005184558147234685, 'subsample': 0.9877079408194872, 'colsample_bylevel': 0.8967994457464293, 'colsample_bynode': 0.6145537982027511, 'reg_alpha': 1.0005620143321967, 'reg_lambda': 1.1306427334637026, 'grow_policy': 'lossguide', 'max_cat_to_onehot': 36, 'max_leaves': 423}. Best is trial 14 with value: 0.18327380952380956.
Trial 15 finished with value: 0.190297619047619 and parameters: {'learning_rate': 0.04740128087102412, 'max_depth': 8, 'min_child_weight': 0.003735256546929993, 'subsample': 0.9611091806122974, 'colsample_bylevel': 0.7769842521800134, 'colsample_bynode': 0.6002082316055787, 'reg_alpha': 2.767672719713471, 'reg_lambda': 1.0827563892547392, 'grow_policy': 'lossguide', 'max_cat_to_onehot': 33, 'max_leaves': 435}. Best is trial 14 with value: 0.18327380952380956.
Trial 16 finished with value: 0.18732142857142853 and parameters: {'learning_rate': 0.040180565674925076, 'max_depth': 7, 'min_child_weight': 0.008311467168944568, 'subsample': 0.9255974822311327, 'colsample_bylevel': 0.913579414867794, 'colsample_bynode': 0.6569975031620713, 'reg_alpha': 3.9043359778652444, 'reg_lambda': 1.4282535078048222, 'grow_policy': 'lossguide', 'max_cat_to_onehot': 33, 'max_leaves': 500}. Best is trial 14 with value: 0.18327380952380956.
Trial 17 finished with value: 0.18660714285714297 and parameters: {'learning_rate': 0.020569116420177978, 'max_depth': 7, 'min_child_weight': 0.0018288159925754683, 'subsample': 0.9902390107904928, 'colsample_bylevel': 0.7838220184393664, 'colsample_bynode': 0.6041765827657265, 'reg_alpha': 1.2300323413447851, 'reg_lambda': 0.5930985569247715, 'grow_policy': 'lossguide', 'max_cat_to_onehot': 35, 'max_leaves': 614}. Best is trial 14 with value: 0.18327380952380956.
Trial 18 finished with value: 0.1875595238095238 and parameters: {'learning_rate': 0.0992620628041731, 'max_depth': 10, 'min_child_weight': 0.01162687483296732, 'subsample': 0.6026123854939336, 'colsample_bylevel': 0.9164844188447767, 'colsample_bynode': 0.6728508766283083, 'reg_alpha': 2.3272309991551676, 'reg_lambda': 2.078722606495783, 'grow_policy': 'lossguide', 'max_cat_to_onehot': 72, 'max_leaves': 212}. Best is trial 14 with value: 0.18327380952380956.
Trial 19 finished with value: 0.1908333333333333 and parameters: {'learning_rate': 0.06316533940756316, 'max_depth': 8, 'min_child_weight': 0.0031789041566951987, 'subsample': 0.795795163509494, 'colsample_bylevel': 0.8725324050843567, 'colsample_bynode': 0.753723332915716, 'reg_alpha': 3.6480941407195884, 'reg_lambda': 0.08689028168849333, 'grow_policy': 'lossguide', 'max_cat_to_onehot': 12, 'max_leaves': 330}. Best is trial 14 with value: 0.18327380952380956.
Trial 20 finished with value: 0.18702380952380948 and parameters: {'learning_rate': 0.03147534223546158, 'max_depth': 6, 'min_child_weight': 0.10032890934715609, 'subsample': 0.9404052868155786, 'colsample_bylevel': 0.786169799770249, 'colsample_bynode': 0.6398209446824307, 'reg_alpha': 0.947421536545785, 'reg_lambda': 0.8923133574153254, 'grow_policy': 'lossguide', 'max_cat_to_onehot': 42, 'max_leaves': 146}. Best is trial 14 with value: 0.18327380952380956.
Trial 21 finished with value: 0.1941071428571428 and parameters: {'learning_rate': 0.00898691710668035, 'max_depth': 5, 'min_child_weight': 3.9447204915580403, 'subsample': 0.8553116848151007, 'colsample_bylevel': 0.954839076123678, 'colsample_bynode': 0.8893536773971348, 'reg_alpha': 0.6012024509469651, 'reg_lambda': 3.4355962388369194, 'grow_policy': 'depthwise', 'max_cat_to_onehot': 77, 'max_leaves': 76}. Best is trial 14 with value: 0.18327380952380956.
Trial 22 finished with value: 0.18226190476190474 and parameters: {'learning_rate': 0.016910884540540128, 'max_depth': 9, 'min_child_weight': 0.14239904240701182, 'subsample': 0.7534019198252827, 'colsample_bylevel': 0.938308837283906, 'colsample_bynode': 0.764048363664508, 'reg_alpha': 1.125307771431214, 'reg_lambda': 1.9260255232244639, 'grow_policy': 'depthwise', 'max_cat_to_onehot': 53, 'max_leaves': 59}. Best is trial 22 with value: 0.18226190476190474.
Trial 23 finished with value: 0.1919642857142857 and parameters: {'learning_rate': 0.017174668560428267, 'max_depth': 9, 'min_child_weight': 0.016753578264117323, 'subsample': 0.7291095583696394, 'colsample_bylevel': 0.8908162084150903, 'colsample_bynode': 0.6907939095057635, 'reg_alpha': 1.337981215165617, 'reg_lambda': 1.7975922496523138, 'grow_policy': 'lossguide', 'max_cat_to_onehot': 26, 'max_leaves': 9}. Best is trial 22 with value: 0.18226190476190474.
Trial 24 finished with value: 0.18720238095238106 and parameters: {'learning_rate': 0.03874203083510132, 'max_depth': 9, 'min_child_weight': 0.07414988977011319, 'subsample': 0.7571437599762049, 'colsample_bylevel': 0.8145900528826824, 'colsample_bynode': 0.7410890568943596, 'reg_alpha': 1.9473113123944046, 'reg_lambda': 2.496707980500993, 'grow_policy': 'depthwise', 'max_cat_to_onehot': 42, 'max_leaves': 26}. Best is trial 22 with value: 0.18226190476190474.
Trial 25 finished with value: 0.18761904761904757 and parameters: {'learning_rate': 0.02220443888307703, 'max_depth': 7, 'min_child_weight': 0.006991240871053599, 'subsample': 0.6897646192047013, 'colsample_bylevel': 0.951294303573728, 'colsample_bynode': 0.875257876097963, 'reg_alpha': 2.505862726259747, 'reg_lambda': 1.356989928707995, 'grow_policy': 'lossguide', 'max_cat_to_onehot': 55, 'max_leaves': 630}. Best is trial 22 with value: 0.18226190476190474.
Optuna Search Completed in: 68.77 seconds

Training final model on optimized parameter setup...

[XGBOOST FINALIZED METRICS]
Optimal Trees:         381
1-AUROC:             0.2414 (Delta to TabPFN: +0.0145)
Accuracy:             0.7650 (Delta to TabPFN: +0.0150)
Final Train Time:      0.29 seconds (0.3592s per 1K)
Final Infer Time:      0.00 seconds (0.0150s per 1K)

--- XGBOOST Feature Importance (Raw vs. Scaled Share) ---
Feature | Raw gain | Share
checking_status | 2411.29 | 14.95%
credit_amount | 2104.14 | 13.04%
duration_months | 1584.61 | 9.82%
age_years | 1487.88 | 9.22%
credit_purpose | 1351.79 | 8.38%
credit_history | 1170.43 | 7.25%
savings_status | 921.80 | 5.71%
employment_since | 754.30 | 4.68%
property | 670.59 | 4.16%
other_installment_plans | 646.84 | 4.01%
personal_status_sex | 505.35 | 3.13%
residence_since | 469.63 | 2.91%
other_debtors | 452.97 | 2.81%
job | 438.02 | 2.72%
installment_rate_percent | 356.48 | 2.21%
housing | 224.03 | 1.39%
telephone | 212.00 | 1.31%
existing_credits_count | 203.66 | 1.26%
people_liable | 116.04 | 0.72%
foreign_worker | 51.09 | 0.32%

=====================================================================
METRIC TYPE                                  | VALUE / PROFILE
=====================================================================
Embedding Share                              | 0.00%
Raw Feature Share                            | 100.00%
---------------------------------------------------------------------
Active Text Embedding Density                | 0.00% (0/0)
Active Raw Tabular Feature Density           | 100.00% (20/20)
---------------------------------------------------------------------
Top-5 Concentration Ratio (CR5)              | 55.41% of total decision weight
Top-10 Concentration Ratio (CR10)            | 81.22% of total decision weight
=====================================================================

Total Pipeline Execution Time: 70.66 seconds

[SUCCESS] Permanent artifacts safely written to 'outputs/training-4/'
[W&B] Artifacts and localized metrics logged successfully for credit-g_raw-only_xgboost
