[W&B] Child process started for job: diabetes_embed-only_catboost in group session-training-4
Loading archive 'archives/diabetes.npz' and initializing pipeline for target: CATBOOST...
Execution Mode: EMBED-ONLY
Session Output Target: outputs/training-4/
Task Type: BINARY
TabPFN Baselines Loaded - Primary: 0.1320 | Secondary: 0.7597
PCA reduced text embeddings to 32 components.
Final training matrix shape assembled for EMBED-ONLY: (614, 32)

Running 26-Trial Optuna Study for CATBOOST (EMBED-ONLY)...
A new study created in RDB with name: 20260624_160017_diabetes_embed-only_catboost
Trial 0 finished with value: 0.2053205128205129 and parameters: {}. Best is trial 0 with value: 0.2053205128205129.
Trial 1 finished with value: 0.22626424501424502 and parameters: {'learning_rate': 0.015355286838886862, 'bootstrap_type': 'Bernoulli', 'subsample': 0.9852142919229748, 'grow_policy': 'SymmetricTree', 'depth': 4, 'colsample_bylevel': 0.8733991780504303, 'l2_leaf_reg': 0.00018747059221802545, 'leaf_estimation_iterations': 12, 'one_hot_max_size': 36, 'model_size_reg': 0.6803900745073703, 'max_ctr_complexity': 2, 'boosting_type': 'Plain', 'max_bin': 254}. Best is trial 0 with value: 0.2053205128205129.
Trial 2 finished with value: 0.23257478632478645 and parameters: {'learning_rate': 0.09138013915892866, 'bootstrap_type': 'Bernoulli', 'subsample': 0.9497327922401265, 'grow_policy': 'SymmetricTree', 'depth': 4, 'colsample_bylevel': 0.8956363364439306, 'l2_leaf_reg': 0.02922905212920092, 'leaf_estimation_iterations': 2, 'one_hot_max_size': 16, 'model_size_reg': 0.5243180891902851, 'max_ctr_complexity': 2, 'boosting_type': 'Plain', 'max_bin': 254}. Best is trial 0 with value: 0.2053205128205129.
Trial 3 finished with value: 0.21276353276353266 and parameters: {'learning_rate': 0.011996621453406362, 'bootstrap_type': 'Bernoulli', 'subsample': 0.8099085529881075, 'grow_policy': 'Depthwise', 'depth': 4, 'colsample_bylevel': 0.9271351657620417, 'l2_leaf_reg': 0.06077686426194464, 'leaf_estimation_iterations': 1, 'one_hot_max_size': 36, 'model_size_reg': 0.15869086642715013, 'max_ctr_complexity': 2, 'boosting_type': 'Plain', 'max_bin': 254}. Best is trial 0 with value: 0.2053205128205129.
Trial 4 finished with value: 0.22623219373219372 and parameters: {'learning_rate': 0.08580222514877409, 'bootstrap_type': 'Bernoulli', 'subsample': 0.9896896099223678, 'grow_policy': 'SymmetricTree', 'depth': 4, 'colsample_bylevel': 0.9526349539768235, 'l2_leaf_reg': 0.011702088154220882, 'leaf_estimation_iterations': 1, 'one_hot_max_size': 27, 'model_size_reg': 0.10975998502129433, 'max_ctr_complexity': 5, 'boosting_type': 'Plain', 'max_bin': 254}. Best is trial 0 with value: 0.2053205128205129.
Trial 5 finished with value: 0.21620726495726483 and parameters: {'learning_rate': 0.010855517271883068, 'bootstrap_type': 'Bernoulli', 'subsample': 0.8987566853061946, 'grow_policy': 'Depthwise', 'depth': 6, 'colsample_bylevel': 0.877728168328829, 'l2_leaf_reg': 3.597899951374983, 'leaf_estimation_iterations': 9, 'one_hot_max_size': 86, 'model_size_reg': 1.128232550122133, 'max_ctr_complexity': 4, 'boosting_type': 'Plain', 'max_bin': 254}. Best is trial 0 with value: 0.2053205128205129.
Trial 6 finished with value: 0.21921652421652427 and parameters: {'learning_rate': 0.07913270952323785, 'bootstrap_type': 'Bernoulli', 'subsample': 0.7265477506155759, 'grow_policy': 'SymmetricTree', 'depth': 5, 'colsample_bylevel': 0.9083015934534223, 'l2_leaf_reg': 0.001883913511943895, 'leaf_estimation_iterations': 11, 'one_hot_max_size': 19, 'model_size_reg': 0.21399549030176218, 'max_ctr_complexity': 4, 'boosting_type': 'Plain', 'max_bin': 254}. Best is trial 0 with value: 0.2053205128205129.
Trial 7 finished with value: 0.22461894586894593 and parameters: {'learning_rate': 0.007626348515257587, 'bootstrap_type': 'Bernoulli', 'subsample': 0.9406590942262119, 'grow_policy': 'Depthwise', 'depth': 7, 'colsample_bylevel': 0.8798073522301258, 'l2_leaf_reg': 0.00010615690854925657, 'leaf_estimation_iterations': 10, 'one_hot_max_size': 47, 'model_size_reg': 0.7200770311577639, 'max_ctr_complexity': 5, 'boosting_type': 'Plain', 'max_bin': 254}. Best is trial 0 with value: 0.2053205128205129.
Trial 8 finished with value: 0.21279558404558407 and parameters: {'learning_rate': 0.006241720498669827, 'bootstrap_type': 'Bernoulli', 'subsample': 0.8075397185632818, 'grow_policy': 'Depthwise', 'depth': 7, 'colsample_bylevel': 0.8996347037278973, 'l2_leaf_reg': 0.00019891099118865958, 'leaf_estimation_iterations': 2, 'one_hot_max_size': 17, 'model_size_reg': 0.7212460519889856, 'max_ctr_complexity': 4, 'boosting_type': 'Plain', 'max_bin': 254}. Best is trial 0 with value: 0.2053205128205129.
Trial 9 finished with value: 0.22631410256410256 and parameters: {'learning_rate': 0.07132805718188966, 'bootstrap_type': 'Bernoulli', 'subsample': 0.8416644775485848, 'grow_policy': 'Depthwise', 'depth': 7, 'colsample_bylevel': 0.9341915796354244, 'l2_leaf_reg': 0.4195190175255899, 'leaf_estimation_iterations': 3, 'one_hot_max_size': 29, 'model_size_reg': 0.318293122389662, 'max_ctr_complexity': 2, 'boosting_type': 'Plain', 'max_bin': 254}. Best is trial 0 with value: 0.2053205128205129.
Trial 10 finished with value: 0.2127386039886039 and parameters: {'learning_rate': 0.030480760553760707, 'bootstrap_type': 'Bernoulli', 'subsample': 0.701799154886745, 'grow_policy': 'SymmetricTree', 'depth': 8, 'colsample_bylevel': 0.9956281124556561, 'l2_leaf_reg': 1.841152012664479, 'leaf_estimation_iterations': 5, 'one_hot_max_size': 8, 'model_size_reg': 1.2993124069370425, 'max_ctr_complexity': 3, 'boosting_type': 'Plain', 'max_bin': 254}. Best is trial 0 with value: 0.2053205128205129.
Trial 11 finished with value: 0.21133903133903142 and parameters: {'learning_rate': 0.03307401904107953, 'bootstrap_type': 'Bernoulli', 'subsample': 0.7037372336520007, 'grow_policy': 'SymmetricTree', 'depth': 8, 'colsample_bylevel': 0.9987047012778995, 'l2_leaf_reg': 2.4898729835966105, 'leaf_estimation_iterations': 5, 'one_hot_max_size': 8, 'model_size_reg': 1.1770675037228056, 'max_ctr_complexity': 3, 'boosting_type': 'Plain', 'max_bin': 254}. Best is trial 0 with value: 0.2053205128205129.
Trial 12 finished with value: 0.2350534188034188 and parameters: {'learning_rate': 0.035362804733525724, 'bootstrap_type': 'Bernoulli', 'subsample': 0.7594918993994265, 'grow_policy': 'SymmetricTree', 'depth': 8, 'colsample_bylevel': 0.9959996848982499, 'l2_leaf_reg': 0.3462412715907595, 'leaf_estimation_iterations': 19, 'one_hot_max_size': 8, 'model_size_reg': 0.3405154639964407, 'max_ctr_complexity': 3, 'boosting_type': 'Plain', 'max_bin': 254}. Best is trial 0 with value: 0.2053205128205129.
Trial 13 finished with value: 0.2303952991452991 and parameters: {'learning_rate': 0.02711641797158028, 'bootstrap_type': 'Bernoulli', 'subsample': 0.8757413255816572, 'grow_policy': 'SymmetricTree', 'depth': 6, 'colsample_bylevel': 0.9696992303618526, 'l2_leaf_reg': 0.0024405386234161485, 'leaf_estimation_iterations': 4, 'one_hot_max_size': 92, 'model_size_reg': 0.3495337593931401, 'max_ctr_complexity': 3, 'boosting_type': 'Plain', 'max_bin': 254}. Best is trial 0 with value: 0.2053205128205129.
Trial 14 finished with value: 0.21293447293447287 and parameters: {'learning_rate': 0.046668128593405064, 'bootstrap_type': 'Bernoulli', 'subsample': 0.7678138920269345, 'grow_policy': 'SymmetricTree', 'depth': 5, 'colsample_bylevel': 0.9720697062757682, 'l2_leaf_reg': 0.0018137779632047607, 'leaf_estimation_iterations': 1, 'one_hot_max_size': 12, 'model_size_reg': 0.10302065088161232, 'max_ctr_complexity': 5, 'boosting_type': 'Plain', 'max_bin': 254}. Best is trial 0 with value: 0.2053205128205129.
Trial 15 finished with value: 0.20577635327635324 and parameters: {'learning_rate': 0.0183557709079351, 'bootstrap_type': 'Bernoulli', 'subsample': 0.8990199890310566, 'grow_policy': 'SymmetricTree', 'depth': 6, 'colsample_bylevel': 0.8507110179479633, 'l2_leaf_reg': 0.33695851585074843, 'leaf_estimation_iterations': 6, 'one_hot_max_size': 60, 'model_size_reg': 0.21150838077089018, 'max_ctr_complexity': 3, 'boosting_type': 'Plain', 'max_bin': 254}. Best is trial 0 with value: 0.2053205128205129.
Trial 16 finished with value: 0.2068233618233618 and parameters: {'learning_rate': 0.01710967931551706, 'bootstrap_type': 'Bernoulli', 'subsample': 0.9063646119370239, 'grow_policy': 'SymmetricTree', 'depth': 6, 'colsample_bylevel': 0.8513543383709447, 'l2_leaf_reg': 0.19375804257743892, 'leaf_estimation_iterations': 2, 'one_hot_max_size': 74, 'model_size_reg': 0.17287428338657068, 'max_ctr_complexity': 4, 'boosting_type': 'Plain', 'max_bin': 254}. Best is trial 0 with value: 0.2053205128205129.
Trial 17 finished with value: 0.22340811965811957 and parameters: {'learning_rate': 0.0527143316128801, 'bootstrap_type': 'Bernoulli', 'subsample': 0.8462568960822503, 'grow_policy': 'Depthwise', 'depth': 5, 'colsample_bylevel': 0.9239301038245782, 'l2_leaf_reg': 0.010800867700378226, 'leaf_estimation_iterations': 1, 'one_hot_max_size': 57, 'model_size_reg': 0.23301502395356571, 'max_ctr_complexity': 3, 'boosting_type': 'Plain', 'max_bin': 254}. Best is trial 0 with value: 0.2053205128205129.
Trial 18 finished with value: 0.2256303418803418 and parameters: {'learning_rate': 0.021115482806757867, 'bootstrap_type': 'Bernoulli', 'subsample': 0.9392493551339104, 'grow_policy': 'SymmetricTree', 'depth': 6, 'colsample_bylevel': 0.8564801274311471, 'l2_leaf_reg': 0.0007531933958358267, 'leaf_estimation_iterations': 20, 'one_hot_max_size': 60, 'model_size_reg': 0.48260180947251063, 'max_ctr_complexity': 5, 'boosting_type': 'Plain', 'max_bin': 254}. Best is trial 0 with value: 0.2053205128205129.
Trial 19 finished with value: 0.21230413105413115 and parameters: {'learning_rate': 0.00895743897985988, 'bootstrap_type': 'Bernoulli', 'subsample': 0.7890496802147159, 'grow_policy': 'SymmetricTree', 'depth': 7, 'colsample_bylevel': 0.9494218999859105, 'l2_leaf_reg': 0.8719578110698722, 'leaf_estimation_iterations': 7, 'one_hot_max_size': 12, 'model_size_reg': 0.1373091669037654, 'max_ctr_complexity': 4, 'boosting_type': 'Plain', 'max_bin': 254}. Best is trial 0 with value: 0.2053205128205129.
Trial 20 finished with value: 0.22444444444444456 and parameters: {'learning_rate': 0.0056848855416576334, 'bootstrap_type': 'Bernoulli', 'subsample': 0.8410838119234255, 'grow_policy': 'Depthwise', 'depth': 5, 'colsample_bylevel': 0.9775925698961954, 'l2_leaf_reg': 0.11701323506056924, 'leaf_estimation_iterations': 3, 'one_hot_max_size': 23, 'model_size_reg': 0.2460096901471415, 'max_ctr_complexity': 2, 'boosting_type': 'Plain', 'max_bin': 254}. Best is trial 0 with value: 0.2053205128205129.
Trial 21 finished with value: 0.2122008547008547 and parameters: {'learning_rate': 0.018113508470936842, 'bootstrap_type': 'Bernoulli', 'subsample': 0.9030880004386562, 'grow_policy': 'SymmetricTree', 'depth': 6, 'colsample_bylevel': 0.8550770326497428, 'l2_leaf_reg': 0.17456198394432884, 'leaf_estimation_iterations': 2, 'one_hot_max_size': 69, 'model_size_reg': 0.17405309767340996, 'max_ctr_complexity': 4, 'boosting_type': 'Plain', 'max_bin': 254}. Best is trial 0 with value: 0.2053205128205129.
Trial 22 finished with value: 0.2047293447293448 and parameters: {'learning_rate': 0.014319666909093863, 'bootstrap_type': 'Bernoulli', 'subsample': 0.9088321293133498, 'grow_policy': 'SymmetricTree', 'depth': 6, 'colsample_bylevel': 0.850820731355964, 'l2_leaf_reg': 0.7938053117967191, 'leaf_estimation_iterations': 2, 'one_hot_max_size': 48, 'model_size_reg': 0.13599316734429265, 'max_ctr_complexity': 4, 'boosting_type': 'Plain', 'max_bin': 254}. Best is trial 22 with value: 0.2047293447293448.
Trial 23 finished with value: 0.21110754985754987 and parameters: {'learning_rate': 0.012649445556919346, 'bootstrap_type': 'Bernoulli', 'subsample': 0.8660171078993829, 'grow_policy': 'SymmetricTree', 'depth': 7, 'colsample_bylevel': 0.8671037689293715, 'l2_leaf_reg': 0.871669516137091, 'leaf_estimation_iterations': 7, 'one_hot_max_size': 44, 'model_size_reg': 0.12914092431538574, 'max_ctr_complexity': 3, 'boosting_type': 'Plain', 'max_bin': 254}. Best is trial 22 with value: 0.2047293447293448.
Trial 24 finished with value: 0.20578347578347578 and parameters: {'learning_rate': 0.020936186328751282, 'bootstrap_type': 'Bernoulli', 'subsample': 0.9298305025750424, 'grow_policy': 'SymmetricTree', 'depth': 5, 'colsample_bylevel': 0.8874199208609767, 'l2_leaf_reg': 0.031684876610338704, 'leaf_estimation_iterations': 3, 'one_hot_max_size': 49, 'model_size_reg': 0.28770309569469144, 'max_ctr_complexity': 4, 'boosting_type': 'Plain', 'max_bin': 254}. Best is trial 22 with value: 0.2047293447293448.
Trial 25 finished with value: 0.2126851851851852 and parameters: {'learning_rate': 0.024511447889994705, 'bootstrap_type': 'Bernoulli', 'subsample': 0.960429607909195, 'grow_policy': 'SymmetricTree', 'depth': 6, 'colsample_bylevel': 0.8651465898016226, 'l2_leaf_reg': 0.8518362240889785, 'leaf_estimation_iterations': 1, 'one_hot_max_size': 37, 'model_size_reg': 0.20353375377401234, 'max_ctr_complexity': 3, 'boosting_type': 'Plain', 'max_bin': 254}. Best is trial 22 with value: 0.2047293447293448.
Optuna Search Completed in: 102.70 seconds

Training final model on optimized parameter setup...

[CATBOOST FINALIZED METRICS]
Optimal Trees:         404
1-AUROC:             0.1667 (Delta to TabPFN: +0.0346)
Accuracy:             0.7403 (Delta to TabPFN: -0.0195)
Final Train Time:      0.54 seconds (0.8768s per 1K)
Final Infer Time:      0.00 seconds (0.0077s per 1K)

--- CATBOOST Feature Importance (Raw vs. Scaled Share) ---
Feature | Raw gain | Share
pca_embed_8 | 11.13 | 11.13%
pca_embed_1 | 10.86 | 10.86%
pca_embed_3 | 7.04 | 7.04%
pca_embed_0 | 5.77 | 5.77%
pca_embed_6 | 4.36 | 4.36%
pca_embed_9 | 4.20 | 4.20%
pca_embed_20 | 3.68 | 3.68%
pca_embed_5 | 3.29 | 3.29%
pca_embed_2 | 3.19 | 3.19%
pca_embed_10 | 2.86 | 2.86%
pca_embed_7 | 2.83 | 2.83%
pca_embed_27 | 2.69 | 2.69%
pca_embed_21 | 2.55 | 2.55%
pca_embed_24 | 2.43 | 2.43%
pca_embed_16 | 2.36 | 2.36%
pca_embed_22 | 2.33 | 2.33%
pca_embed_30 | 2.27 | 2.27%
pca_embed_26 | 2.11 | 2.11%
pca_embed_18 | 2.09 | 2.09%
pca_embed_19 | 2.05 | 2.05%
pca_embed_12 | 2.04 | 2.04%
pca_embed_29 | 1.81 | 1.81%
pca_embed_4 | 1.81 | 1.81%
pca_embed_31 | 1.80 | 1.80%
pca_embed_13 | 1.76 | 1.76%
pca_embed_25 | 1.72 | 1.72%
pca_embed_17 | 1.66 | 1.66%
pca_embed_14 | 1.62 | 1.62%
pca_embed_28 | 1.51 | 1.51%
pca_embed_15 | 1.50 | 1.50%
pca_embed_23 | 1.41 | 1.41%
pca_embed_11 | 1.27 | 1.27%

=====================================================================
METRIC TYPE                                  | VALUE / PROFILE
=====================================================================
Embedding Share                              | 100.00%
Raw Feature Share                            | 0.00%
---------------------------------------------------------------------
Active Text Embedding Density                | 100.00% (32/32)
Active Raw Tabular Feature Density           | 0.00% (0/0)
---------------------------------------------------------------------
Top-5 Concentration Ratio (CR5)              | 39.16% of total decision weight
Top-10 Concentration Ratio (CR10)            | 56.38% of total decision weight
=====================================================================

Total Pipeline Execution Time: 104.85 seconds

[SUCCESS] Permanent artifacts safely written to 'outputs/training-4/'
[W&B] Artifacts and localized metrics logged successfully for diabetes_embed-only_catboost
