[W&B] Child process started for job: food_delivery_time_combined_xgboost in group session-training-4
Loading archive 'archives/food_delivery_time.npz' and initializing pipeline for target: XGBOOST...
Execution Mode: COMBINED
Session Output Target: outputs/training-4/
Task Type: REGRESSION
TabPFN Baselines Loaded - Primary: 7.4065 | Secondary: 0.3650
PCA reduced text embeddings to 34 components.
Final training matrix shape assembled for COMBINED: (36360, 43)

Running 26-Trial Optuna Study for XGBOOST (COMBINED)...
A new study created in RDB with name: 20260624_171337_food_delivery_time_combined_xgboost
Trial 0 finished with value: 7.669037389810574 and parameters: {}. Best is trial 0 with value: 7.669037389810574.
Trial 1 finished with value: 7.652765719352695 and parameters: {'learning_rate': 0.015355286838886862, 'max_depth': 10, 'min_child_weight': 0.5100627805979911, 'subsample': 0.8394633936788146, 'colsample_bylevel': 0.6624074561769746, 'colsample_bynode': 0.662397808134481, 'reg_alpha': 0.29051225247978046, 'reg_lambda': 4.330894111260099, 'grow_policy': 'lossguide', 'max_cat_to_onehot': 8, 'max_leaves': 884}. Best is trial 1 with value: 7.652765719352695.
Trial 2 finished with value: 7.448604275119153 and parameters: {'learning_rate': 0.060534484680010825, 'max_depth': 4, 'min_child_weight': 0.004705059281907645, 'subsample': 0.6733618039413735, 'colsample_bylevel': 0.7216968971838151, 'colsample_bynode': 0.8099025726528951, 'reg_alpha': 2.1597818987087147, 'reg_lambda': 1.4562165780761898, 'grow_policy': 'depthwise', 'max_cat_to_onehot': 16, 'max_leaves': 45}. Best is trial 2 with value: 7.448604275119153.
Trial 3 finished with value: 7.60801754313641 and parameters: {'learning_rate': 0.019603369861210685, 'max_depth': 8, 'min_child_weight': 0.005477562363971304, 'subsample': 0.8056937753654446, 'colsample_bylevel': 0.836965827544817, 'colsample_bynode': 0.6185801650879991, 'reg_alpha': 3.037763505022002, 'reg_lambda': 0.8527035660240889, 'grow_policy': 'lossguide', 'max_cat_to_onehot': 92, 'max_leaves': 399}. Best is trial 2 with value: 7.448604275119153.
Trial 4 finished with value: 7.420568433804377 and parameters: {'learning_rate': 0.012453219846912198, 'max_depth': 4, 'min_child_weight': 0.33959199243313637, 'subsample': 0.7760609974958406, 'colsample_bylevel': 0.6488152939379115, 'colsample_bynode': 0.798070764044508, 'reg_alpha': 0.17203916672398045, 'reg_lambda': 4.546611078353703, 'grow_policy': 'lossguide', 'max_cat_to_onehot': 17, 'max_leaves': 97}. Best is trial 4 with value: 7.420568433804377.
Trial 5 finished with value: 7.479382894279443 and parameters: {'learning_rate': 0.025719142025384646, 'max_depth': 4, 'min_child_weight': 3.8589082671053854, 'subsample': 0.9100531293444458, 'colsample_bylevel': 0.9757995766256756, 'colsample_bynode': 0.9579309401710595, 'reg_alpha': 2.989540104057545, 'reg_lambda': 4.609378987692081, 'grow_policy': 'lossguide', 'max_cat_to_onehot': 8, 'max_leaves': 37}. Best is trial 4 with value: 7.420568433804377.
Trial 6 finished with value: 7.452588172063831 and parameters: {'learning_rate': 0.016019568611465234, 'max_depth': 5, 'min_child_weight': 1.1627201204016835, 'subsample': 0.7427013306774357, 'colsample_bylevel': 0.7123738038749523, 'colsample_bynode': 0.8170784332632994, 'reg_alpha': 0.7047070324513158, 'reg_lambda': 4.011004684072123, 'grow_policy': 'lossguide', 'max_cat_to_onehot': 56, 'max_leaves': 20}. Best is trial 4 with value: 7.420568433804377.
Trial 7 finished with value: 7.409798211611327 and parameters: {'learning_rate': 0.0050834018700114374, 'max_depth': 9, 'min_child_weight': 0.4117599592262879, 'subsample': 0.8916028672163949, 'colsample_bylevel': 0.9085081386743783, 'colsample_bynode': 0.6296178606936361, 'reg_alpha': 1.7923927961485087, 'reg_lambda': 0.5794337107196961, 'grow_policy': 'depthwise', 'max_cat_to_onehot': 18, 'max_leaves': 10}. Best is trial 7 with value: 7.409798211611327.
Trial 8 finished with value: 7.512421326198968 and parameters: {'learning_rate': 0.012693089228250284, 'max_depth': 5, 'min_child_weight': 0.49979438035802604, 'subsample': 0.8550229885420852, 'colsample_bylevel': 0.9548850970305306, 'colsample_bynode': 0.7888859700647797, 'reg_alpha': 0.5980592702669147, 'reg_lambda': 3.566252611636253, 'grow_policy': 'depthwise', 'max_cat_to_onehot': 55, 'max_leaves': 85}. Best is trial 7 with value: 7.409798211611327.
Trial 9 finished with value: 7.511986418624927 and parameters: {'learning_rate': 0.02393652463662192, 'max_depth': 6, 'min_child_weight': 0.0012417226051008223, 'subsample': 0.6431565707973218, 'colsample_bylevel': 0.6125716742746937, 'colsample_bynode': 0.8545641645055122, 'reg_alpha': 1.5718484697835258, 'reg_lambda': 2.542902598754398, 'grow_policy': 'depthwise', 'max_cat_to_onehot': 22, 'max_leaves': 308}. Best is trial 7 with value: 7.409798211611327.
Trial 10 finished with value: 7.437131856831293 and parameters: {'learning_rate': 0.005461221300406469, 'max_depth': 8, 'min_child_weight': 0.05431856977726699, 'subsample': 0.9729161367647149, 'colsample_bylevel': 0.8560354009870226, 'colsample_bynode': 0.9630659181130071, 'reg_alpha': 4.7988577526525065, 'reg_lambda': 0.08014213586217389, 'grow_policy': 'depthwise', 'max_cat_to_onehot': 31, 'max_leaves': 9}. Best is trial 7 with value: 7.409798211611327.
Trial 11 finished with value: 7.569382003859077 and parameters: {'learning_rate': 0.005166571376786263, 'max_depth': 7, 'min_child_weight': 0.09577630678348173, 'subsample': 0.7411359388715663, 'colsample_bylevel': 0.8167265665612355, 'colsample_bynode': 0.7235303726679885, 'reg_alpha': 1.8141903773623267, 'reg_lambda': 2.581529512362347, 'grow_policy': 'depthwise', 'max_cat_to_onehot': 14, 'max_leaves': 127}. Best is trial 7 with value: 7.409798211611327.
Trial 12 finished with value: 7.447933929533213 and parameters: {'learning_rate': 0.008753758211815874, 'max_depth': 5, 'min_child_weight': 0.0933205035155776, 'subsample': 0.9942255032714351, 'colsample_bylevel': 0.9087718335040773, 'colsample_bynode': 0.7139841381087227, 'reg_alpha': 1.2194504168217553, 'reg_lambda': 2.819880703393326, 'grow_policy': 'lossguide', 'max_cat_to_onehot': 27, 'max_leaves': 9}. Best is trial 7 with value: 7.409798211611327.
Trial 13 finished with value: 7.623538579683411 and parameters: {'learning_rate': 0.008590913812408622, 'max_depth': 10, 'min_child_weight': 0.2717616882812172, 'subsample': 0.8919339318126805, 'colsample_bylevel': 0.7502549709798862, 'colsample_bynode': 0.8931158216322639, 'reg_alpha': 0.032701286192916124, 'reg_lambda': 1.6717470023119254, 'grow_policy': 'depthwise', 'max_cat_to_onehot': 17, 'max_leaves': 166}. Best is trial 7 with value: 7.409798211611327.
Trial 14 finished with value: 7.392234371982063 and parameters: {'learning_rate': 0.041314384168676443, 'max_depth': 6, 'min_child_weight': 4.76737623850464, 'subsample': 0.7742394970464845, 'colsample_bylevel': 0.6043956756975085, 'colsample_bynode': 0.6060478154404126, 'reg_alpha': 2.7547199941876395, 'reg_lambda': 4.897130016304546, 'grow_policy': 'lossguide', 'max_cat_to_onehot': 13, 'max_leaves': 21}. Best is trial 14 with value: 7.392234371982063.
Trial 15 finished with value: 7.417180314074866 and parameters: {'learning_rate': 0.05969611370600847, 'max_depth': 7, 'min_child_weight': 4.204196605005472, 'subsample': 0.7020228276855585, 'colsample_bylevel': 0.7927706818687309, 'colsample_bynode': 0.6001939522409568, 'reg_alpha': 2.798123503894609, 'reg_lambda': 0.06599475398317933, 'grow_policy': 'lossguide', 'max_cat_to_onehot': 10, 'max_leaves': 19}. Best is trial 14 with value: 7.392234371982063.
Trial 16 finished with value: 7.423663856733717 and parameters: {'learning_rate': 0.03918360066441182, 'max_depth': 9, 'min_child_weight': 2.057275411978941, 'subsample': 0.9291062573965939, 'colsample_bylevel': 0.9066728162127293, 'colsample_bynode': 0.6698165840974535, 'reg_alpha': 3.965408271430267, 'reg_lambda': 3.3389954686755052, 'grow_policy': 'depthwise', 'max_cat_to_onehot': 12, 'max_leaves': 18}. Best is trial 14 with value: 7.392234371982063.
Trial 17 finished with value: 7.421765773444797 and parameters: {'learning_rate': 0.08316564889577614, 'max_depth': 6, 'min_child_weight': 1.3213950643484265, 'subsample': 0.845872640493396, 'colsample_bylevel': 0.6019895224520493, 'colsample_bynode': 0.6616681819768113, 'reg_alpha': 2.392812302581831, 'reg_lambda': 4.956386852998385, 'grow_policy': 'depthwise', 'max_cat_to_onehot': 39, 'max_leaves': 36}. Best is trial 14 with value: 7.392234371982063.
Trial 18 finished with value: 7.488652279718908 and parameters: {'learning_rate': 0.03545623798872137, 'max_depth': 6, 'min_child_weight': 0.021193013199747167, 'subsample': 0.6181331575226607, 'colsample_bylevel': 0.9984901537620983, 'colsample_bynode': 0.7181020675288042, 'reg_alpha': 3.688566279381576, 'reg_lambda': 1.9883133925896401, 'grow_policy': 'lossguide', 'max_cat_to_onehot': 24, 'max_leaves': 8}. Best is trial 14 with value: 7.392234371982063.
Trial 19 finished with value: 7.461315076600178 and parameters: {'learning_rate': 0.00812491862014091, 'max_depth': 8, 'min_child_weight': 0.8575589366249956, 'subsample': 0.795795163509494, 'colsample_bylevel': 0.7719898235665422, 'colsample_bynode': 0.626112328006394, 'reg_alpha': 3.6480941407195884, 'reg_lambda': 1.085274016079742, 'grow_policy': 'lossguide', 'max_cat_to_onehot': 11, 'max_leaves': 15}. Best is trial 14 with value: 7.392234371982063.
Trial 20 finished with value: 7.5257694488313245 and parameters: {'learning_rate': 0.09926310895656648, 'max_depth': 7, 'min_child_weight': 0.1936577376400403, 'subsample': 0.9516725841359182, 'colsample_bylevel': 0.8802489778678998, 'colsample_bynode': 0.7422938010394566, 'reg_alpha': 1.0545741537871829, 'reg_lambda': 0.6653380056462574, 'grow_policy': 'depthwise', 'max_cat_to_onehot': 20, 'max_leaves': 46}. Best is trial 14 with value: 7.392234371982063.
Trial 21 finished with value: 7.405333869647207 and parameters: {'learning_rate': 0.05181509046817044, 'max_depth': 7, 'min_child_weight': 4.507490060438929, 'subsample': 0.6746851239953291, 'colsample_bylevel': 0.7878003945122841, 'colsample_bynode': 0.6091497488421055, 'reg_alpha': 2.7009504292029898, 'reg_lambda': 0.06983216132042801, 'grow_policy': 'lossguide', 'max_cat_to_onehot': 11, 'max_leaves': 23}. Best is trial 14 with value: 7.392234371982063.
Trial 22 finished with value: 7.40592720094874 and parameters: {'learning_rate': 0.044672684722408006, 'max_depth': 9, 'min_child_weight': 4.540710171711428, 'subsample': 0.7056120868799127, 'colsample_bylevel': 0.6908792933932397, 'colsample_bynode': 0.6446527726774836, 'reg_alpha': 2.314414955981905, 'reg_lambda': 0.5158597241153126, 'grow_policy': 'lossguide', 'max_cat_to_onehot': 13, 'max_leaves': 14}. Best is trial 14 with value: 7.392234371982063.
Trial 23 finished with value: 7.406156354026568 and parameters: {'learning_rate': 0.042091593765062385, 'max_depth': 6, 'min_child_weight': 4.277295986929057, 'subsample': 0.7132397662494483, 'colsample_bylevel': 0.6898120377328396, 'colsample_bynode': 0.6740823444767285, 'reg_alpha': 2.5069678596482285, 'reg_lambda': 0.34890287382939444, 'grow_policy': 'lossguide', 'max_cat_to_onehot': 13, 'max_leaves': 29}. Best is trial 14 with value: 7.392234371982063.
Trial 24 finished with value: 7.440199703769434 and parameters: {'learning_rate': 0.05325754222141748, 'max_depth': 7, 'min_child_weight': 2.1939506606686456, 'subsample': 0.6622147649221324, 'colsample_bylevel': 0.6460277021048622, 'colsample_bynode': 0.6398685087703979, 'reg_alpha': 3.3475724979360457, 'reg_lambda': 1.2263670171177516, 'grow_policy': 'lossguide', 'max_cat_to_onehot': 10, 'max_leaves': 58}. Best is trial 14 with value: 7.392234371982063.
Trial 25 finished with value: 7.449199761059816 and parameters: {'learning_rate': 0.030084199449261002, 'max_depth': 9, 'min_child_weight': 2.142804346194909, 'subsample': 0.6113767811880185, 'colsample_bylevel': 0.6819999501843699, 'colsample_bynode': 0.6864022636188848, 'reg_alpha': 2.103128974690145, 'reg_lambda': 2.218066956007481, 'grow_policy': 'lossguide', 'max_cat_to_onehot': 14, 'max_leaves': 26}. Best is trial 14 with value: 7.392234371982063.
Optuna Search Completed in: 352.41 seconds

Training final model on optimized parameter setup...

[XGBOOST FINALIZED METRICS]
Optimal Trees:         69
RMSE:             7.3798 (Delta to TabPFN: -0.0267)
R2_Score:             0.3696 (Delta to TabPFN: +0.0046)
Final Train Time:      0.25 seconds (0.0070s per 1K)
Final Infer Time:      0.00 seconds (0.0004s per 1K)

--- XGBOOST Feature Importance (Raw vs. Scaled Share) ---
Feature | Raw gain | Share
pca_embed_0 | 6426247.00 | 43.68%
Delivery_person_ID | 2182892.75 | 14.84%
pca_embed_1 | 1580628.88 | 10.74%
pca_embed_2 | 1117645.50 | 7.60%
Delivery_person_Age | 925999.94 | 6.29%
Delivery_person_Ratings | 907104.00 | 6.17%
pca_embed_3 | 587367.69 | 3.99%
pca_embed_4 | 350786.78 | 2.38%
pca_embed_11 | 152814.38 | 1.04%
pca_embed_8 | 95536.65 | 0.65%
pca_embed_5 | 84310.45 | 0.57%
pca_embed_10 | 49366.12 | 0.34%
pca_embed_6 | 44347.78 | 0.30%
pca_embed_12 | 23629.32 | 0.16%
pca_embed_17 | 17815.34 | 0.12%
Type_of_vehicle | 17586.89 | 0.12%
pca_embed_14 | 16540.91 | 0.11%
pca_embed_7 | 16206.20 | 0.11%
pca_embed_18 | 14197.13 | 0.10%
pca_embed_24 | 11089.08 | 0.08%
pca_embed_19 | 9772.89 | 0.07%
pca_embed_31 | 8486.17 | 0.06%
pca_embed_27 | 8439.96 | 0.06%
pca_embed_9 | 7782.92 | 0.05%
Restaurant_latitude | 7621.29 | 0.05%
pca_embed_16 | 7232.57 | 0.05%
pca_embed_33 | 5554.23 | 0.04%
pca_embed_13 | 4646.86 | 0.03%
pca_embed_20 | 4201.90 | 0.03%
pca_embed_28 | 3320.50 | 0.02%
pca_embed_26 | 3053.65 | 0.02%
pca_embed_15 | 2561.71 | 0.02%
pca_embed_29 | 2556.02 | 0.02%
pca_embed_23 | 2475.35 | 0.02%
pca_embed_22 | 2462.84 | 0.02%
pca_embed_32 | 2296.80 | 0.02%
Delivery_location_latitude | 2024.08 | 0.01%
pca_embed_30 | 1954.03 | 0.01%
pca_embed_21 | 1895.82 | 0.01%
Type_of_order | 1419.61 | 0.01%
Restaurant_longitude | 868.28 | 0.01%
Delivery_location_longitude | 432.24 | 0.00%
pca_embed_25 | 0.00 | 0.00%

=====================================================================
METRIC TYPE                                  | VALUE / PROFILE
=====================================================================
Embedding Share                              | 72.50%
Raw Feature Share                            | 27.50%
---------------------------------------------------------------------
Active Text Embedding Density                | 97.06% (33/34)
Active Raw Tabular Feature Density           | 100.00% (9/9)
---------------------------------------------------------------------
Top-5 Concentration Ratio (CR5)              | 83.15% of total decision weight
Top-10 Concentration Ratio (CR10)            | 97.38% of total decision weight
=====================================================================

Total Pipeline Execution Time: 354.66 seconds

[SUCCESS] Permanent artifacts safely written to 'outputs/training-4/'
[W&B] Artifacts and localized metrics logged successfully for food_delivery_time_combined_xgboost
