[W&B] Child process started for job: hr_analytics_job_change_of_data_scientists_embed-only_xgboost in group session-training-2
Loading archive 'archives/hr_analytics_job_change_of_data_scientists.npz' and initializing pipeline for target: XGBOOST...
Execution Mode: EMBED-ONLY
Session Output Target: outputs/training-2/
Task Type: BINARY
TabPFN Baselines Loaded - Primary: 0.2034 | Secondary: 0.7904
PCA reduced text embeddings to 36 components.
Final training matrix shape assembled for EMBED-ONLY: (15326, 36)

Running 26-Trial Optuna Study for XGBOOST (EMBED-ONLY)...
A new study created in RDB with name: 20260624_181633_hr_analytics_job_change_of_data_scientists_embed-only_xgboost
Trial 0 finished with value: 0.20313022992727525 and parameters: {}. Best is trial 0 with value: 0.20313022992727525.
Trial 1 finished with value: 0.18940811464292173 and parameters: {'learning_rate': 0.015355286838886862, 'max_depth': 10, 'min_child_weight': 0.5100627805979911, 'subsample': 0.8394633936788146, 'colsample_bylevel': 0.6624074561769746, 'colsample_bynode': 0.662397808134481, 'reg_alpha': 0.29051225247978046, 'reg_lambda': 4.330894111260099, 'grow_policy': 'lossguide', 'max_cat_to_onehot': 8, 'max_leaves': 884}. Best is trial 1 with value: 0.18940811464292173.
Trial 2 finished with value: 0.1932064108977709 and parameters: {'learning_rate': 0.060534484680010825, 'max_depth': 4, 'min_child_weight': 0.004705059281907645, 'subsample': 0.6733618039413735, 'colsample_bylevel': 0.7216968971838151, 'colsample_bynode': 0.8099025726528951, 'reg_alpha': 2.1597818987087147, 'reg_lambda': 1.4562165780761898, 'grow_policy': 'depthwise', 'max_cat_to_onehot': 16, 'max_leaves': 45}. Best is trial 1 with value: 0.18940811464292173.
Trial 3 finished with value: 0.1890585356747132 and parameters: {'learning_rate': 0.019603369861210685, 'max_depth': 8, 'min_child_weight': 0.005477562363971304, 'subsample': 0.8056937753654446, 'colsample_bylevel': 0.836965827544817, 'colsample_bynode': 0.6185801650879991, 'reg_alpha': 3.037763505022002, 'reg_lambda': 0.8527035660240889, 'grow_policy': 'lossguide', 'max_cat_to_onehot': 92, 'max_leaves': 399}. Best is trial 3 with value: 0.1890585356747132.
Trial 4 finished with value: 0.19154386246143118 and parameters: {'learning_rate': 0.012453219846912198, 'max_depth': 4, 'min_child_weight': 0.33959199243313637, 'subsample': 0.7760609974958406, 'colsample_bylevel': 0.6488152939379115, 'colsample_bynode': 0.798070764044508, 'reg_alpha': 0.17203916672398045, 'reg_lambda': 4.546611078353703, 'grow_policy': 'lossguide', 'max_cat_to_onehot': 17, 'max_leaves': 97}. Best is trial 3 with value: 0.1890585356747132.
Trial 5 finished with value: 0.19171812258600618 and parameters: {'learning_rate': 0.025719142025384646, 'max_depth': 4, 'min_child_weight': 3.8589082671053854, 'subsample': 0.9100531293444458, 'colsample_bylevel': 0.9757995766256756, 'colsample_bynode': 0.9579309401710595, 'reg_alpha': 2.989540104057545, 'reg_lambda': 4.609378987692081, 'grow_policy': 'lossguide', 'max_cat_to_onehot': 8, 'max_leaves': 37}. Best is trial 3 with value: 0.1890585356747132.
Trial 6 finished with value: 0.1921212879121461 and parameters: {'learning_rate': 0.016019568611465234, 'max_depth': 5, 'min_child_weight': 1.1627201204016835, 'subsample': 0.7427013306774357, 'colsample_bylevel': 0.7123738038749523, 'colsample_bynode': 0.8170784332632994, 'reg_alpha': 0.7047070324513158, 'reg_lambda': 4.011004684072123, 'grow_policy': 'lossguide', 'max_cat_to_onehot': 56, 'max_leaves': 20}. Best is trial 3 with value: 0.1890585356747132.
Trial 7 finished with value: 0.196392916794506 and parameters: {'learning_rate': 0.0050834018700114374, 'max_depth': 9, 'min_child_weight': 0.4117599592262879, 'subsample': 0.8916028672163949, 'colsample_bylevel': 0.9085081386743783, 'colsample_bynode': 0.6296178606936361, 'reg_alpha': 1.7923927961485087, 'reg_lambda': 0.5794337107196961, 'grow_policy': 'depthwise', 'max_cat_to_onehot': 18, 'max_leaves': 10}. Best is trial 3 with value: 0.1890585356747132.
Trial 8 finished with value: 0.19105182230247042 and parameters: {'learning_rate': 0.012693089228250284, 'max_depth': 5, 'min_child_weight': 0.49979438035802604, 'subsample': 0.8550229885420852, 'colsample_bylevel': 0.9548850970305306, 'colsample_bynode': 0.7888859700647797, 'reg_alpha': 0.5980592702669147, 'reg_lambda': 3.566252611636253, 'grow_policy': 'depthwise', 'max_cat_to_onehot': 55, 'max_leaves': 85}. Best is trial 3 with value: 0.1890585356747132.
Trial 9 finished with value: 0.19103955934680839 and parameters: {'learning_rate': 0.02393652463662192, 'max_depth': 6, 'min_child_weight': 0.0012417226051008223, 'subsample': 0.6431565707973218, 'colsample_bylevel': 0.6125716742746937, 'colsample_bynode': 0.8545641645055122, 'reg_alpha': 1.5718484697835258, 'reg_lambda': 2.542902598754398, 'grow_policy': 'depthwise', 'max_cat_to_onehot': 22, 'max_leaves': 308}. Best is trial 3 with value: 0.1890585356747132.
Trial 10 finished with value: 0.19369377241060814 and parameters: {'learning_rate': 0.08675823913417954, 'max_depth': 8, 'min_child_weight': 0.038946887834449, 'subsample': 0.9729161367647149, 'colsample_bylevel': 0.8383148270515275, 'colsample_bynode': 0.9630659181130071, 'reg_alpha': 4.7988577526525065, 'reg_lambda': 0.08173818767886609, 'grow_policy': 'lossguide', 'max_cat_to_onehot': 99, 'max_leaves': 968}. Best is trial 3 with value: 0.1890585356747132.
Trial 11 finished with value: 0.1902764506999346 and parameters: {'learning_rate': 0.031790458723690476, 'max_depth': 10, 'min_child_weight': 0.04042693539277767, 'subsample': 0.7969511524558275, 'colsample_bylevel': 0.8167265665612355, 'colsample_bynode': 0.6039952029525323, 'reg_alpha': 3.838153225904187, 'reg_lambda': 2.5517844964406997, 'grow_policy': 'lossguide', 'max_cat_to_onehot': 38, 'max_leaves': 1021}. Best is trial 3 with value: 0.1890585356747132.
Trial 12 finished with value: 0.1902409574961531 and parameters: {'learning_rate': 0.007151134065784922, 'max_depth': 7, 'min_child_weight': 0.04426124104960989, 'subsample': 0.8419766872475172, 'colsample_bylevel': 0.7925153971864091, 'colsample_bynode': 0.6908556046603515, 'reg_alpha': 3.255113914277657, 'reg_lambda': 1.9184517258687528, 'grow_policy': 'lossguide', 'max_cat_to_onehot': 8, 'max_leaves': 360}. Best is trial 3 with value: 0.1890585356747132.
Trial 13 finished with value: 0.1916164459068539 and parameters: {'learning_rate': 0.0364822543842359, 'max_depth': 10, 'min_child_weight': 0.006871349895346334, 'subsample': 0.7174428023808301, 'colsample_bylevel': 0.7213785203554233, 'colsample_bynode': 0.7015897138467831, 'reg_alpha': 4.980085345107131, 'reg_lambda': 3.2241568158948057, 'grow_policy': 'lossguide', 'max_cat_to_onehot': 89, 'max_leaves': 365}. Best is trial 3 with value: 0.1890585356747132.
Trial 14 finished with value: 0.1889052659803001 and parameters: {'learning_rate': 0.008787903270079323, 'max_depth': 8, 'min_child_weight': 0.13925071458840985, 'subsample': 0.8222288590736007, 'colsample_bylevel': 0.8783455015235105, 'colsample_bynode': 0.6831931478275869, 'reg_alpha': 1.1855455336687406, 'reg_lambda': 1.1636683585691965, 'grow_policy': 'lossguide', 'max_cat_to_onehot': 28, 'max_leaves': 195}. Best is trial 14 with value: 0.1889052659803001.
Trial 15 finished with value: 0.1898792995232893 and parameters: {'learning_rate': 0.008445062247427748, 'max_depth': 7, 'min_child_weight': 0.10493327984860741, 'subsample': 0.9362148766913247, 'colsample_bylevel': 0.882776268775016, 'colsample_bynode': 0.7242757678791987, 'reg_alpha': 2.5258822861397694, 'reg_lambda': 1.0827563892547392, 'grow_policy': 'lossguide', 'max_cat_to_onehot': 34, 'max_leaves': 178}. Best is trial 14 with value: 0.1889052659803001.
Trial 16 finished with value: 0.18920415967904458 and parameters: {'learning_rate': 0.008757736843423953, 'max_depth': 8, 'min_child_weight': 0.007515218162927999, 'subsample': 0.8011114925789542, 'colsample_bylevel': 0.9019060550529424, 'colsample_bynode': 0.7414961521835066, 'reg_alpha': 1.2614308175132973, 'reg_lambda': 0.8691333247274609, 'grow_policy': 'lossguide', 'max_cat_to_onehot': 56, 'max_leaves': 187}. Best is trial 14 with value: 0.1889052659803001.
Trial 17 finished with value: 0.19023424376096432 and parameters: {'learning_rate': 0.020569116420177978, 'max_depth': 7, 'min_child_weight': 0.0021555153355774103, 'subsample': 0.7279056637939387, 'colsample_bylevel': 0.7838220184393664, 'colsample_bynode': 0.644453546094764, 'reg_alpha': 4.082694686525883, 'reg_lambda': 1.9315858713968175, 'grow_policy': 'lossguide', 'max_cat_to_onehot': 28, 'max_leaves': 494}. Best is trial 14 with value: 0.1889052659803001.
Trial 18 finished with value: 0.18946025074255357 and parameters: {'learning_rate': 0.0056058016915647435, 'max_depth': 8, 'min_child_weight': 0.014993789501718367, 'subsample': 0.6076755995955162, 'colsample_bylevel': 0.8501181564873096, 'colsample_bynode': 0.6018106912536622, 'reg_alpha': 2.661500697749731, 'reg_lambda': 0.3571384496509349, 'grow_policy': 'lossguide', 'max_cat_to_onehot': 12, 'max_leaves': 140}. Best is trial 14 with value: 0.1889052659803001.
Trial 19 finished with value: 0.19338440741994478 and parameters: {'learning_rate': 0.05099942140746045, 'max_depth': 6, 'min_child_weight': 0.16160334436765317, 'subsample': 0.8722250201339833, 'colsample_bylevel': 0.9325821473611466, 'colsample_bynode': 0.753723332915716, 'reg_alpha': 1.0145382869536332, 'reg_lambda': 1.564051893274394, 'grow_policy': 'depthwise', 'max_cat_to_onehot': 73, 'max_leaves': 491}. Best is trial 14 with value: 0.1889052659803001.
Trial 20 finished with value: 0.1903121568293893 and parameters: {'learning_rate': 0.009679160428112973, 'max_depth': 6, 'min_child_weight': 3.7522550050724757, 'subsample': 0.7658432759004749, 'colsample_bylevel': 0.8655417257670664, 'colsample_bynode': 0.6642950133212061, 'reg_alpha': 3.633744790309612, 'reg_lambda': 0.9903324930679182, 'grow_policy': 'lossguide', 'max_cat_to_onehot': 42, 'max_leaves': 70}. Best is trial 14 with value: 0.1889052659803001.
Trial 21 finished with value: 0.18921429185299354 and parameters: {'learning_rate': 0.01009176298590036, 'max_depth': 8, 'min_child_weight': 0.01190997705119417, 'subsample': 0.8128930910470582, 'colsample_bylevel': 0.9004353003929652, 'colsample_bynode': 0.7450927653617313, 'reg_alpha': 1.328209745242891, 'reg_lambda': 0.8664368130983188, 'grow_policy': 'lossguide', 'max_cat_to_onehot': 65, 'max_leaves': 198}. Best is trial 14 with value: 0.1889052659803001.
Trial 22 finished with value: 0.18915655582722202 and parameters: {'learning_rate': 0.007168573545068947, 'max_depth': 9, 'min_child_weight': 0.00489667999505708, 'subsample': 0.8027419337799785, 'colsample_bylevel': 0.9282492521630807, 'colsample_bynode': 0.6821734815791067, 'reg_alpha': 1.9452822440097366, 'reg_lambda': 1.4187794136280238, 'grow_policy': 'lossguide', 'max_cat_to_onehot': 48, 'max_leaves': 241}. Best is trial 14 with value: 0.1889052659803001.
Trial 23 finished with value: 0.1894978238317595 and parameters: {'learning_rate': 0.006791490482295155, 'max_depth': 9, 'min_child_weight': 0.0028245769215806196, 'subsample': 0.822750482665112, 'colsample_bylevel': 0.9904879587460274, 'colsample_bynode': 0.6884339745991651, 'reg_alpha': 2.048641580428615, 'reg_lambda': 1.477068619259276, 'grow_policy': 'lossguide', 'max_cat_to_onehot': 28, 'max_leaves': 264}. Best is trial 14 with value: 0.1889052659803001.
Trial 24 finished with value: 0.19002590142260978 and parameters: {'learning_rate': 0.017116547225209028, 'max_depth': 9, 'min_child_weight': 0.01785655896099069, 'subsample': 0.7488621218277184, 'colsample_bylevel': 0.7761945861836954, 'colsample_bynode': 0.6314129027145786, 'reg_alpha': 2.246896616912979, 'reg_lambda': 2.2128315323817027, 'grow_policy': 'lossguide', 'max_cat_to_onehot': 49, 'max_leaves': 598}. Best is trial 14 with value: 0.1889052659803001.
Trial 25 finished with value: 0.19014419240419178 and parameters: {'learning_rate': 0.011645342805703767, 'max_depth': 7, 'min_child_weight': 0.001767060975060662, 'subsample': 0.6943059881929217, 'colsample_bylevel': 0.9263926369800461, 'colsample_bynode': 0.6699390725597961, 'reg_alpha': 2.9367130109201733, 'reg_lambda': 0.05099414844071226, 'grow_policy': 'lossguide', 'max_cat_to_onehot': 78, 'max_leaves': 118}. Best is trial 14 with value: 0.1889052659803001.
Optuna Search Completed in: 876.36 seconds

Training final model on optimized parameter setup...

[XGBOOST FINALIZED METRICS]
Optimal Trees:         1000
1-AUROC:             0.2122 (Delta to TabPFN: +0.0088)
Accuracy:             0.7839 (Delta to TabPFN: -0.0065)
Final Train Time:      9.78 seconds (0.6384s per 1K)
Final Infer Time:      0.02 seconds (0.0040s per 1K)

--- XGBOOST Feature Importance (Raw vs. Scaled Share) ---
Feature | Raw gain | Share
pca_embed_3 | 52333.59 | 9.60%
pca_embed_0 | 37469.38 | 6.87%
pca_embed_10 | 34267.88 | 6.29%
pca_embed_6 | 31171.24 | 5.72%
pca_embed_9 | 29270.46 | 5.37%
pca_embed_1 | 19085.30 | 3.50%
pca_embed_11 | 18703.37 | 3.43%
pca_embed_14 | 17546.26 | 3.22%
pca_embed_16 | 15087.67 | 2.77%
pca_embed_4 | 14040.35 | 2.58%
pca_embed_2 | 13153.64 | 2.41%
pca_embed_27 | 12296.83 | 2.26%
pca_embed_5 | 12073.25 | 2.22%
pca_embed_7 | 11954.70 | 2.19%
pca_embed_12 | 11673.19 | 2.14%
pca_embed_25 | 11270.82 | 2.07%
pca_embed_23 | 11211.55 | 2.06%
pca_embed_35 | 10981.70 | 2.01%
pca_embed_13 | 10728.04 | 1.97%
pca_embed_28 | 10609.12 | 1.95%
pca_embed_30 | 10472.51 | 1.92%
pca_embed_21 | 10339.71 | 1.90%
pca_embed_31 | 10338.55 | 1.90%
pca_embed_29 | 10323.46 | 1.89%
pca_embed_32 | 10303.84 | 1.89%
pca_embed_20 | 10231.15 | 1.88%
pca_embed_24 | 10188.31 | 1.87%
pca_embed_8 | 10138.04 | 1.86%
pca_embed_19 | 10037.66 | 1.84%
pca_embed_34 | 10001.21 | 1.83%
pca_embed_26 | 9988.99 | 1.83%
pca_embed_18 | 9898.69 | 1.82%
pca_embed_33 | 9550.85 | 1.75%
pca_embed_22 | 9491.34 | 1.74%
pca_embed_15 | 9446.61 | 1.73%
pca_embed_17 | 9367.99 | 1.72%

=====================================================================
METRIC TYPE                                  | VALUE / PROFILE
=====================================================================
Embedding Share                              | 100.00%
Raw Feature Share                            | 0.00%
---------------------------------------------------------------------
Active Text Embedding Density                | 100.00% (36/36)
Active Raw Tabular Feature Density           | 0.00% (0/0)
---------------------------------------------------------------------
Top-5 Concentration Ratio (CR5)              | 33.85% of total decision weight
Top-10 Concentration Ratio (CR10)            | 49.35% of total decision weight
=====================================================================

Total Pipeline Execution Time: 887.98 seconds

[SUCCESS] Permanent artifacts safely written to 'outputs/training-2/'
[W&B] Artifacts and localized metrics logged successfully for hr_analytics_job_change_of_data_scientists_embed-only_xgboost
