[W&B] Child process started for job: kddcup09_appetency_embed-only_lightgbm in group session-training-2
Loading archive 'archives/kddcup09_appetency.npz' and initializing pipeline for target: LIGHTGBM...
Execution Mode: EMBED-ONLY
Session Output Target: outputs/training-2/
Task Type: BINARY
TabPFN Baselines Loaded - Primary: 0.1837 | Secondary: 0.9822
PCA reduced text embeddings to 36 components.
Final training matrix shape assembled for EMBED-ONLY: (40000, 36)

Running 26-Trial Optuna Study for LIGHTGBM (EMBED-ONLY)...
A new study created in RDB with name: 20260624_190542_kddcup09_appetency_embed-only_lightgbm
Trial 0 finished with value: 0.20012986782709763 and parameters: {}. Best is trial 0 with value: 0.20012986782709763.
Trial 1 finished with value: 0.18725419203393434 and parameters: {'learning_rate': 0.015355286838886862, 'feature_fraction': 0.9704285838459497, 'bagging_fraction': 0.9195981825434215, 'bagging_freq': 1, 'num_leaves': 28, 'min_data_in_leaf': 1, 'extra_trees': False, 'min_data_per_group': 57, 'cat_l2': 0.18327672955935934, 'cat_smooth': 3.4702669886504163, 'max_cat_to_onehot': 8, 'lambda_l1': 0.9699128611767781, 'lambda_l2': 1.6649020373367633}. Best is trial 1 with value: 0.18725419203393434.
Trial 2 finished with value: 0.184342819032715 and parameters: {'learning_rate': 0.009445600138094694, 'feature_fraction': 0.5090949803242604, 'bagging_fraction': 0.7550213529560301, 'bagging_freq': 1, 'num_leaves': 7, 'min_data_in_leaf': 6, 'extra_trees': False, 'min_data_per_group': 20, 'cat_l2': 0.01153297626310632, 'cat_smooth': 0.028888383623653185, 'max_cat_to_onehot': 19, 'lambda_l1': 0.4561243772186142, 'lambda_l2': 1.5703734051898879}. Best is trial 2 with value: 0.184342819032715.
Trial 3 finished with value: 0.19677864299131276 and parameters: {'learning_rate': 0.009093929525644107, 'feature_fraction': 0.708540663048167, 'bagging_fraction': 0.8777243706586128, 'bagging_freq': 1, 'num_leaves': 2, 'min_data_in_leaf': 10, 'extra_trees': False, 'min_data_per_group': 81, 'cat_l2': 1.6278053965878447, 'cat_smooth': 11.015056790269638, 'max_cat_to_onehot': 17, 'lambda_l1': 0.09776234679498323, 'lambda_l2': 1.3684976297216627}. Best is trial 2 with value: 0.184342819032715.
Trial 4 finished with value: 0.19258074627241295 and parameters: {'learning_rate': 0.01869052934095898, 'feature_fraction': 0.47322294090686734, 'bagging_fraction': 0.848553073033381, 'bagging_freq': 1, 'num_leaves': 2, 'min_data_in_leaf': 42, 'extra_trees': True, 'min_data_per_group': 6, 'cat_l2': 0.11277639166461569, 'cat_smooth': 0.5414413211338525, 'max_cat_to_onehot': 12, 'lambda_l1': 0.9695876693017821, 'lambda_l2': 1.550288133439893}. Best is trial 2 with value: 0.184342819032715.
Trial 5 finished with value: 0.20417747706936273 and parameters: {'learning_rate': 0.08342309693146736, 'feature_fraction': 0.9368964102565893, 'bagging_fraction': 0.8793699936433255, 'bagging_freq': 1, 'num_leaves': 137, 'min_data_in_leaf': 1, 'extra_trees': False, 'min_data_per_group': 6, 'cat_l2': 0.0513253156994884, 'cat_smooth': 0.022737628102536857, 'max_cat_to_onehot': 64, 'lambda_l1': 0.3568176513609199, 'lambda_l2': 0.5619409259237927}. Best is trial 2 with value: 0.184342819032715.
Trial 6 finished with value: 0.18704513371724563 and parameters: {'learning_rate': 0.025411709798607296, 'feature_fraction': 0.4845545349848576, 'bagging_fraction': 0.9406590942262119, 'bagging_freq': 1, 'num_leaves': 2, 'min_data_in_leaf': 61, 'extra_trees': False, 'min_data_per_group': 2, 'cat_l2': 0.6619871537619337, 'cat_smooth': 3.4220529032706923, 'max_cat_to_onehot': 50, 'lambda_l1': 0.7712932196512772, 'lambda_l2': 0.1481818990030073}. Best is trial 2 with value: 0.184342819032715.
Trial 7 finished with value: 0.18321630643430598 and parameters: {'learning_rate': 0.014633380642745364, 'feature_fraction': 0.4695214357150779, 'bagging_fraction': 0.958931027762678, 'bagging_freq': 1, 'num_leaves': 32, 'min_data_in_leaf': 2, 'extra_trees': True, 'min_data_per_group': 6, 'cat_l2': 0.3957756313952873, 'cat_smooth': 1.5409457762881555, 'max_cat_to_onehot': 75, 'lambda_l1': 0.4722677036694331, 'lambda_l2': 0.23927653245200955}. Best is trial 7 with value: 0.18321630643430598.
Trial 8 finished with value: 0.18918633702374166 and parameters: {'learning_rate': 0.042356773126632795, 'feature_fraction': 0.8564710291701385, 'bagging_fraction': 0.8683831592708489, 'bagging_freq': 1, 'num_leaves': 65, 'min_data_in_leaf': 6, 'extra_trees': False, 'min_data_per_group': 2, 'cat_l2': 0.009543550367992308, 'cat_smooth': 0.0014359718569878096, 'max_cat_to_onehot': 39, 'lambda_l1': 0.314424545478219, 'lambda_l2': 1.017190525260289}. Best is trial 7 with value: 0.18321630643430598.
Trial 9 finished with value: 0.18927756767083292 and parameters: {'learning_rate': 0.07581256838789621, 'feature_fraction': 0.549575337489325, 'bagging_fraction': 0.8231148769106889, 'bagging_freq': 1, 'num_leaves': 61, 'min_data_in_leaf': 2, 'extra_trees': True, 'min_data_per_group': 3, 'cat_l2': 1.3124992669799407, 'cat_smooth': 10.979988817809668, 'max_cat_to_onehot': 39, 'lambda_l1': 0.871473444128699, 'lambda_l2': 1.607363786590539}. Best is trial 7 with value: 0.18321630643430598.
Trial 10 finished with value: 0.18222363691689603 and parameters: {'learning_rate': 0.005556572437269131, 'feature_fraction': 0.6839963928728011, 'bagging_fraction': 0.9908611332363597, 'bagging_freq': 1, 'num_leaves': 12, 'min_data_in_leaf': 19, 'extra_trees': True, 'min_data_per_group': 23, 'cat_l2': 0.03512175732792625, 'cat_smooth': 55.54162315706866, 'max_cat_to_onehot': 99, 'lambda_l1': 0.5905156421247704, 'lambda_l2': 0.02569074131920096}. Best is trial 10 with value: 0.18222363691689603.
Trial 11 finished with value: 0.18366874180640114 and parameters: {'learning_rate': 0.005738601544760158, 'feature_fraction': 0.6606137630538468, 'bagging_fraction': 0.9984567420564903, 'bagging_freq': 1, 'num_leaves': 14, 'min_data_in_leaf': 21, 'extra_trees': True, 'min_data_per_group': 22, 'cat_l2': 0.03352561511977935, 'cat_smooth': 52.38654328518467, 'max_cat_to_onehot': 100, 'lambda_l1': 0.6091129560474012, 'lambda_l2': 0.07101727097318089}. Best is trial 10 with value: 0.18222363691689603.
Trial 12 finished with value: 0.1838992493347884 and parameters: {'learning_rate': 0.005311126596497428, 'feature_fraction': 0.6537243008275448, 'bagging_fraction': 0.9979535080856271, 'bagging_freq': 1, 'num_leaves': 9, 'min_data_in_leaf': 3, 'extra_trees': True, 'min_data_per_group': 16, 'cat_l2': 0.2848884235393859, 'cat_smooth': 0.305128880331871, 'max_cat_to_onehot': 100, 'lambda_l1': 0.6091933662784068, 'lambda_l2': 0.4702775475535603}. Best is trial 10 with value: 0.18222363691689603.
Trial 13 finished with value: 0.18295834391494448 and parameters: {'learning_rate': 0.009804783701770422, 'feature_fraction': 0.7644768432606033, 'bagging_fraction': 0.9503189177548768, 'bagging_freq': 1, 'num_leaves': 25, 'min_data_in_leaf': 16, 'extra_trees': True, 'min_data_per_group': 9, 'cat_l2': 0.029147700650528047, 'cat_smooth': 41.27630723964667, 'max_cat_to_onehot': 69, 'lambda_l1': 0.5896395419955747, 'lambda_l2': 0.44189377158627724}. Best is trial 10 with value: 0.18222363691689603.
Trial 14 finished with value: 0.18395187140082236 and parameters: {'learning_rate': 0.009325604917436526, 'feature_fraction': 0.7838856699482946, 'bagging_fraction': 0.9509138511198626, 'bagging_freq': 1, 'num_leaves': 5, 'min_data_in_leaf': 20, 'extra_trees': True, 'min_data_per_group': 36, 'cat_l2': 0.025980185125489465, 'cat_smooth': 88.65671484068741, 'max_cat_to_onehot': 61, 'lambda_l1': 0.6747410434500224, 'lambda_l2': 0.6480223495136972}. Best is trial 10 with value: 0.18222363691689603.
Trial 15 finished with value: 0.1829005740381029 and parameters: {'learning_rate': 0.007418409357917526, 'feature_fraction': 0.7732443593362373, 'bagging_fraction': 0.703953764314277, 'bagging_freq': 1, 'num_leaves': 17, 'min_data_in_leaf': 19, 'extra_trees': True, 'min_data_per_group': 11, 'cat_l2': 0.005605244320150984, 'cat_smooth': 28.471702311229258, 'max_cat_to_onehot': 34, 'lambda_l1': 0.07199925416433917, 'lambda_l2': 0.7980731668343635}. Best is trial 10 with value: 0.18222363691689603.
Trial 16 finished with value: 0.1833404258726683 and parameters: {'learning_rate': 0.0062180784146296285, 'feature_fraction': 0.5994694515601107, 'bagging_fraction': 0.7321625829778714, 'bagging_freq': 1, 'num_leaves': 14, 'min_data_in_leaf': 33, 'extra_trees': True, 'min_data_per_group': 13, 'cat_l2': 0.0066579949429498644, 'cat_smooth': 20.123573697903804, 'max_cat_to_onehot': 28, 'lambda_l1': 0.012354692201737738, 'lambda_l2': 0.8657089382046212}. Best is trial 10 with value: 0.18222363691689603.
Trial 17 finished with value: 0.18523739415528995 and parameters: {'learning_rate': 0.0073143424898064625, 'feature_fraction': 0.858704912224359, 'bagging_fraction': 0.7893397334657213, 'bagging_freq': 1, 'num_leaves': 4, 'min_data_in_leaf': 10, 'extra_trees': True, 'min_data_per_group': 31, 'cat_l2': 0.005143448981730347, 'cat_smooth': 95.74738509612254, 'max_cat_to_onehot': 26, 'lambda_l1': 0.2698924803459931, 'lambda_l2': 1.2423104995776508}. Best is trial 10 with value: 0.18222363691689603.
Trial 18 finished with value: 0.18329237963846357 and parameters: {'learning_rate': 0.012562370716769505, 'feature_fraction': 0.40697257697653194, 'bagging_fraction': 0.7090721086775237, 'bagging_freq': 1, 'num_leaves': 13, 'min_data_in_leaf': 11, 'extra_trees': True, 'min_data_per_group': 10, 'cat_l2': 0.016713998465627978, 'cat_smooth': 8.188392831601965, 'max_cat_to_onehot': 34, 'lambda_l1': 0.1913225781743047, 'lambda_l2': 0.9396826870671133}. Best is trial 10 with value: 0.18222363691689603.
Trial 19 finished with value: 0.18383747560509667 and parameters: {'learning_rate': 0.030539550602294446, 'feature_fraction': 0.7665746918250013, 'bagging_fraction': 0.80178068432872, 'bagging_freq': 1, 'num_leaves': 63, 'min_data_in_leaf': 28, 'extra_trees': True, 'min_data_per_group': 38, 'cat_l2': 0.07415127913158678, 'cat_smooth': 0.26181459869706936, 'max_cat_to_onehot': 21, 'lambda_l1': 0.1644272181609165, 'lambda_l2': 1.835934886291994}. Best is trial 10 with value: 0.18222363691689603.
Trial 20 finished with value: 0.18449267752511567 and parameters: {'learning_rate': 0.007543955870524391, 'feature_fraction': 0.8580550409619216, 'bagging_fraction': 0.7773061570385498, 'bagging_freq': 1, 'num_leaves': 4, 'min_data_in_leaf': 5, 'extra_trees': True, 'min_data_per_group': 4, 'cat_l2': 0.016301062206728424, 'cat_smooth': 22.346609240339657, 'max_cat_to_onehot': 11, 'lambda_l1': 0.434852086000726, 'lambda_l2': 0.2773996883757754}. Best is trial 10 with value: 0.18222363691689603.
Trial 21 finished with value: 0.1834053454867427 and parameters: {'learning_rate': 0.011260433326399892, 'feature_fraction': 0.7523616508623473, 'bagging_fraction': 0.9120498786129894, 'bagging_freq': 1, 'num_leaves': 27, 'min_data_in_leaf': 15, 'extra_trees': True, 'min_data_per_group': 10, 'cat_l2': 0.030470824072733504, 'cat_smooth': 48.44453879846492, 'max_cat_to_onehot': 77, 'lambda_l1': 0.7779378628447221, 'lambda_l2': 0.41449574825462565}. Best is trial 10 with value: 0.18222363691689603.
Trial 22 finished with value: 0.18302040363412564 and parameters: {'learning_rate': 0.0050492818786784565, 'feature_fraction': 0.7003403214350922, 'bagging_fraction': 0.9688627636932334, 'bagging_freq': 1, 'num_leaves': 20, 'min_data_in_leaf': 16, 'extra_trees': True, 'min_data_per_group': 10, 'cat_l2': 0.06105854570044529, 'cat_smooth': 28.008188859895245, 'max_cat_to_onehot': 47, 'lambda_l1': 0.544113805560643, 'lambda_l2': 0.7086778654477409}. Best is trial 10 with value: 0.18222363691689603.
Trial 23 finished with value: 0.18186586406576388 and parameters: {'learning_rate': 0.007638177282621679, 'feature_fraction': 0.8099722350467742, 'bagging_fraction': 0.9183577883427644, 'bagging_freq': 1, 'num_leaves': 42, 'min_data_in_leaf': 51, 'extra_trees': True, 'min_data_per_group': 25, 'cat_l2': 0.020882264885605583, 'cat_smooth': 3.78299963566164, 'max_cat_to_onehot': 80, 'lambda_l1': 0.7297902750559795, 'lambda_l2': 0.046261581625499426}. Best is trial 23 with value: 0.18186586406576388.
Trial 24 finished with value: 0.18137081625976081 and parameters: {'learning_rate': 0.007320795294363452, 'feature_fraction': 0.8229526860004286, 'bagging_fraction': 0.9126513432213039, 'bagging_freq': 1, 'num_leaves': 48, 'min_data_in_leaf': 62, 'extra_trees': True, 'min_data_per_group': 26, 'cat_l2': 0.010212443105723215, 'cat_smooth': 3.3209791349485522, 'max_cat_to_onehot': 87, 'lambda_l1': 0.7550085934658913, 'lambda_l2': 0.014811921852068755}. Best is trial 24 with value: 0.18137081625976081.
Trial 25 finished with value: 0.18345081781554362 and parameters: {'learning_rate': 0.006772791605412086, 'feature_fraction': 0.9151491697484742, 'bagging_fraction': 0.9081260116996978, 'bagging_freq': 1, 'num_leaves': 191, 'min_data_in_leaf': 51, 'extra_trees': True, 'min_data_per_group': 27, 'cat_l2': 0.016532713782834222, 'cat_smooth': 1.2136556990415364, 'max_cat_to_onehot': 83, 'lambda_l1': 0.7275503672355204, 'lambda_l2': 0.04184786909146343}. Best is trial 24 with value: 0.18137081625976081.
Optuna Search Completed in: 182.16 seconds

Training final model on optimized parameter setup...

[LIGHTGBM FINALIZED METRICS]
Optimal Trees:         495
1-AUROC:             0.1925 (Delta to TabPFN: +0.0088)
Accuracy:             0.9822 (Delta to TabPFN: +0.0000)
Final Train Time:      1.18 seconds (0.0294s per 1K)
Final Infer Time:      0.05 seconds (0.0046s per 1K)

--- LIGHTGBM Feature Importance (Raw vs. Scaled Share) ---
Feature | Raw gain | Share
pca_embed_0 | 25090.34 | 21.35%
pca_embed_5 | 9258.60 | 7.88%
pca_embed_1 | 8028.06 | 6.83%
pca_embed_15 | 7134.93 | 6.07%
pca_embed_4 | 6741.11 | 5.74%
pca_embed_17 | 4509.37 | 3.84%
pca_embed_2 | 3695.27 | 3.14%
pca_embed_12 | 3274.88 | 2.79%
pca_embed_22 | 3044.42 | 2.59%
pca_embed_31 | 2656.00 | 2.26%
pca_embed_3 | 2611.47 | 2.22%
pca_embed_18 | 2555.72 | 2.17%
pca_embed_20 | 2527.33 | 2.15%
pca_embed_14 | 2419.66 | 2.06%
pca_embed_21 | 2320.06 | 1.97%
pca_embed_9 | 2307.50 | 1.96%
pca_embed_24 | 2076.61 | 1.77%
pca_embed_19 | 2031.35 | 1.73%
pca_embed_23 | 1795.26 | 1.53%
pca_embed_33 | 1760.16 | 1.50%
pca_embed_25 | 1712.22 | 1.46%
pca_embed_6 | 1649.35 | 1.40%
pca_embed_16 | 1624.13 | 1.38%
pca_embed_7 | 1591.08 | 1.35%
pca_embed_11 | 1573.12 | 1.34%
pca_embed_10 | 1568.76 | 1.33%
pca_embed_13 | 1489.91 | 1.27%
pca_embed_29 | 1472.30 | 1.25%
pca_embed_8 | 1435.94 | 1.22%
pca_embed_26 | 1378.02 | 1.17%
pca_embed_35 | 1371.03 | 1.17%
pca_embed_28 | 1021.96 | 0.87%
pca_embed_34 | 1014.81 | 0.86%
pca_embed_27 | 959.58 | 0.82%
pca_embed_30 | 947.55 | 0.81%
pca_embed_32 | 884.72 | 0.75%

=====================================================================
METRIC TYPE                                  | VALUE / PROFILE
=====================================================================
Embedding Share                              | 100.00%
Raw Feature Share                            | 0.00%
---------------------------------------------------------------------
Active Text Embedding Density                | 100.00% (36/36)
Active Raw Tabular Feature Density           | 0.00% (0/0)
---------------------------------------------------------------------
Top-5 Concentration Ratio (CR5)              | 47.86% of total decision weight
Top-10 Concentration Ratio (CR10)            | 62.48% of total decision weight
=====================================================================

Total Pipeline Execution Time: 186.73 seconds

[SUCCESS] Permanent artifacts safely written to 'outputs/training-2/'
[W&B] Artifacts and localized metrics logged successfully for kddcup09_appetency_embed-only_lightgbm
