[W&B] Child process started for job: hr_analytics_job_change_of_data_scientists_raw-only_lightgbm in group session-training-2
Loading archive 'archives/hr_analytics_job_change_of_data_scientists.npz' and initializing pipeline for target: LIGHTGBM...
Execution Mode: RAW-ONLY
Session Output Target: outputs/training-2/
Task Type: BINARY
TabPFN Baselines Loaded - Primary: 0.2034 | Secondary: 0.7904
PCA reduced text embeddings to 36 components.
Final training matrix shape assembled for RAW-ONLY: (15326, 12)

Running 26-Trial Optuna Study for LIGHTGBM (RAW-ONLY)...
A new study created in RDB with name: 20260624_175424_hr_analytics_job_change_of_data_scientists_raw-only_lightgbm
Trial 0 finished with value: 0.19501302518763475 and parameters: {}. Best is trial 0 with value: 0.19501302518763475.
Trial 1 finished with value: 0.1961613665109001 and parameters: {'learning_rate': 0.015355286838886862, 'feature_fraction': 0.9704285838459497, 'bagging_fraction': 0.9195981825434215, 'bagging_freq': 1, 'num_leaves': 28, 'min_data_in_leaf': 1, 'extra_trees': False, 'min_data_per_group': 57, 'cat_l2': 0.18327672955935934, 'cat_smooth': 3.4702669886504163, 'max_cat_to_onehot': 8, 'lambda_l1': 0.9699128611767781, 'lambda_l2': 1.6649020373367633}. Best is trial 0 with value: 0.19501302518763475.
Trial 2 finished with value: 0.1961801314198146 and parameters: {'learning_rate': 0.009445600138094694, 'feature_fraction': 0.5090949803242604, 'bagging_fraction': 0.7550213529560301, 'bagging_freq': 1, 'num_leaves': 7, 'min_data_in_leaf': 6, 'extra_trees': False, 'min_data_per_group': 20, 'cat_l2': 0.01153297626310632, 'cat_smooth': 0.028888383623653185, 'max_cat_to_onehot': 19, 'lambda_l1': 0.4561243772186142, 'lambda_l2': 1.5703734051898879}. Best is trial 0 with value: 0.19501302518763475.
Trial 3 finished with value: 0.20569431366957547 and parameters: {'learning_rate': 0.009093929525644107, 'feature_fraction': 0.708540663048167, 'bagging_fraction': 0.8777243706586128, 'bagging_freq': 1, 'num_leaves': 2, 'min_data_in_leaf': 10, 'extra_trees': False, 'min_data_per_group': 81, 'cat_l2': 1.6278053965878447, 'cat_smooth': 11.015056790269638, 'max_cat_to_onehot': 17, 'lambda_l1': 0.09776234679498323, 'lambda_l2': 1.3684976297216627}. Best is trial 0 with value: 0.19501302518763475.
Trial 4 finished with value: 0.20405490150431227 and parameters: {'learning_rate': 0.01869052934095898, 'feature_fraction': 0.47322294090686734, 'bagging_fraction': 0.848553073033381, 'bagging_freq': 1, 'num_leaves': 2, 'min_data_in_leaf': 42, 'extra_trees': True, 'min_data_per_group': 6, 'cat_l2': 0.11277639166461569, 'cat_smooth': 0.5414413211338525, 'max_cat_to_onehot': 12, 'lambda_l1': 0.9695876693017821, 'lambda_l2': 1.550288133439893}. Best is trial 0 with value: 0.19501302518763475.
Trial 5 finished with value: 0.20145716444954354 and parameters: {'learning_rate': 0.08342309693146736, 'feature_fraction': 0.9368964102565893, 'bagging_fraction': 0.8793699936433255, 'bagging_freq': 1, 'num_leaves': 137, 'min_data_in_leaf': 1, 'extra_trees': False, 'min_data_per_group': 6, 'cat_l2': 0.0513253156994884, 'cat_smooth': 0.022737628102536857, 'max_cat_to_onehot': 64, 'lambda_l1': 0.3568176513609199, 'lambda_l2': 0.5619409259237927}. Best is trial 0 with value: 0.19501302518763475.
Trial 6 finished with value: 0.20247340721897655 and parameters: {'learning_rate': 0.025411709798607296, 'feature_fraction': 0.4845545349848576, 'bagging_fraction': 0.9406590942262119, 'bagging_freq': 1, 'num_leaves': 2, 'min_data_in_leaf': 61, 'extra_trees': False, 'min_data_per_group': 2, 'cat_l2': 0.6619871537619337, 'cat_smooth': 3.4220529032706923, 'max_cat_to_onehot': 50, 'lambda_l1': 0.7712932196512772, 'lambda_l2': 0.1481818990030073}. Best is trial 0 with value: 0.19501302518763475.
Trial 7 finished with value: 0.1951848453403069 and parameters: {'learning_rate': 0.014633380642745364, 'feature_fraction': 0.4695214357150779, 'bagging_fraction': 0.958931027762678, 'bagging_freq': 1, 'num_leaves': 32, 'min_data_in_leaf': 2, 'extra_trees': True, 'min_data_per_group': 6, 'cat_l2': 0.3957756313952873, 'cat_smooth': 1.5409457762881555, 'max_cat_to_onehot': 75, 'lambda_l1': 0.4722677036694331, 'lambda_l2': 0.23927653245200955}. Best is trial 0 with value: 0.19501302518763475.
Trial 8 finished with value: 0.1964192728753802 and parameters: {'learning_rate': 0.042356773126632795, 'feature_fraction': 0.8564710291701385, 'bagging_fraction': 0.8683831592708489, 'bagging_freq': 1, 'num_leaves': 65, 'min_data_in_leaf': 6, 'extra_trees': False, 'min_data_per_group': 2, 'cat_l2': 0.009543550367992308, 'cat_smooth': 0.0014359718569878096, 'max_cat_to_onehot': 39, 'lambda_l1': 0.314424545478219, 'lambda_l2': 1.017190525260289}. Best is trial 0 with value: 0.19501302518763475.
Trial 9 finished with value: 0.19481738785922698 and parameters: {'learning_rate': 0.07581256838789621, 'feature_fraction': 0.549575337489325, 'bagging_fraction': 0.8231148769106889, 'bagging_freq': 1, 'num_leaves': 61, 'min_data_in_leaf': 2, 'extra_trees': True, 'min_data_per_group': 3, 'cat_l2': 1.3124992669799407, 'cat_smooth': 10.979988817809668, 'max_cat_to_onehot': 39, 'lambda_l1': 0.871473444128699, 'lambda_l2': 1.607363786590539}. Best is trial 9 with value: 0.19481738785922698.
Trial 10 finished with value: 0.19440184215377676 and parameters: {'learning_rate': 0.09141317099962805, 'feature_fraction': 0.666846038484066, 'bagging_fraction': 0.7022641957948879, 'bagging_freq': 1, 'num_leaves': 8, 'min_data_in_leaf': 19, 'extra_trees': True, 'min_data_per_group': 24, 'cat_l2': 0.03512175732792625, 'cat_smooth': 59.56241765548436, 'max_cat_to_onehot': 31, 'lambda_l1': 0.6782859743712771, 'lambda_l2': 0.9020635371946518}. Best is trial 10 with value: 0.19440184215377676.
Trial 11 finished with value: 0.1938239226087517 and parameters: {'learning_rate': 0.09216711451531724, 'feature_fraction': 0.6606137630538468, 'bagging_fraction': 0.7078609095034804, 'bagging_freq': 1, 'num_leaves': 13, 'min_data_in_leaf': 21, 'extra_trees': True, 'min_data_per_group': 22, 'cat_l2': 0.027348011183852015, 'cat_smooth': 69.88608206033294, 'max_cat_to_onehot': 30, 'lambda_l1': 0.7089709198280676, 'lambda_l2': 0.9921330202082117}. Best is trial 11 with value: 0.1938239226087517.
Trial 12 finished with value: 0.19313209564416578 and parameters: {'learning_rate': 0.09732120012633244, 'feature_fraction': 0.6845696095993247, 'bagging_fraction': 0.7009998341132705, 'bagging_freq': 1, 'num_leaves': 8, 'min_data_in_leaf': 15, 'extra_trees': True, 'min_data_per_group': 24, 'cat_l2': 0.03311552660153414, 'cat_smooth': 57.98586007704838, 'max_cat_to_onehot': 27, 'lambda_l1': 0.6882606889990044, 'lambda_l2': 0.9268104052375987}. Best is trial 12 with value: 0.19313209564416578.
Trial 13 finished with value: 0.19332512677758507 and parameters: {'learning_rate': 0.050900443019828386, 'feature_fraction': 0.7078488134723425, 'bagging_fraction': 0.7041020763689058, 'bagging_freq': 1, 'num_leaves': 9, 'min_data_in_leaf': 22, 'extra_trees': True, 'min_data_per_group': 24, 'cat_l2': 0.02914770065052806, 'cat_smooth': 56.93108110878587, 'max_cat_to_onehot': 23, 'lambda_l1': 0.6618040375958354, 'lambda_l2': 1.0234030115005872}. Best is trial 12 with value: 0.19313209564416578.
Trial 14 finished with value: 0.19604515255540034 and parameters: {'learning_rate': 0.04990027692373822, 'feature_fraction': 0.7836506320489569, 'bagging_fraction': 0.7653120572583679, 'bagging_freq': 1, 'num_leaves': 5, 'min_data_in_leaf': 20, 'extra_trees': True, 'min_data_per_group': 36, 'cat_l2': 0.005551644066065853, 'cat_smooth': 89.65335354855553, 'max_cat_to_onehot': 22, 'lambda_l1': 0.594114404510934, 'lambda_l2': 0.665880070374856}. Best is trial 12 with value: 0.19313209564416578.
Trial 15 finished with value: 0.19402891627629248 and parameters: {'learning_rate': 0.045716440852310074, 'feature_fraction': 0.6049300569612954, 'bagging_fraction': 0.7569114513875482, 'bagging_freq': 1, 'num_leaves': 14, 'min_data_in_leaf': 10, 'extra_trees': True, 'min_data_per_group': 12, 'cat_l2': 0.07991651905833827, 'cat_smooth': 15.169406552658907, 'max_cat_to_onehot': 13, 'lambda_l1': 0.5737320985588414, 'lambda_l2': 1.9591343319554362}. Best is trial 12 with value: 0.19313209564416578.
Trial 16 finished with value: 0.19782403332400156 and parameters: {'learning_rate': 0.03041932888208506, 'feature_fraction': 0.8006754697504556, 'bagging_fraction': 0.7907481460797537, 'bagging_freq': 1, 'num_leaves': 4, 'min_data_in_leaf': 33, 'extra_trees': True, 'min_data_per_group': 14, 'cat_l2': 0.019735429717403108, 'cat_smooth': 0.3758919120375045, 'max_cat_to_onehot': 29, 'lambda_l1': 0.8191776214707476, 'lambda_l2': 1.2308707455518437}. Best is trial 12 with value: 0.19313209564416578.
Trial 17 finished with value: 0.19197315588357067 and parameters: {'learning_rate': 0.0561979933882033, 'feature_fraction': 0.7471629366388504, 'bagging_fraction': 0.7245553342433554, 'bagging_freq': 1, 'num_leaves': 16, 'min_data_in_leaf': 10, 'extra_trees': True, 'min_data_per_group': 42, 'cat_l2': 0.016649960456697328, 'cat_smooth': 27.404705400802936, 'max_cat_to_onehot': 23, 'lambda_l1': 0.015119709504524625, 'lambda_l2': 0.6200223574581202}. Best is trial 17 with value: 0.19197315588357067.
Trial 18 finished with value: 0.19373399305995131 and parameters: {'learning_rate': 0.06283213163440907, 'feature_fraction': 0.40697257697653194, 'bagging_fraction': 0.9981528355149126, 'bagging_freq': 1, 'num_leaves': 19, 'min_data_in_leaf': 4, 'extra_trees': True, 'min_data_per_group': 44, 'cat_l2': 0.011829842986235871, 'cat_smooth': 17.909590801852687, 'max_cat_to_onehot': 13, 'lambda_l1': 0.017456667665418202, 'lambda_l2': 0.6025199537981799}. Best is trial 17 with value: 0.19197315588357067.
Trial 19 finished with value: 0.19464839483337415 and parameters: {'learning_rate': 0.006011624718057674, 'feature_fraction': 0.8682768645190632, 'bagging_fraction': 0.7338243446824805, 'bagging_freq': 1, 'num_leaves': 22, 'min_data_in_leaf': 11, 'extra_trees': True, 'min_data_per_group': 82, 'cat_l2': 0.005515653659515305, 'cat_smooth': 0.1853574763021827, 'max_cat_to_onehot': 50, 'lambda_l1': 0.1983247935851201, 'lambda_l2': 0.37257020850732303}. Best is trial 17 with value: 0.19197315588357067.
Trial 20 finished with value: 0.1974116368979114 and parameters: {'learning_rate': 0.03261337087324847, 'feature_fraction': 0.75502740690996, 'bagging_fraction': 0.8024056473923528, 'bagging_freq': 1, 'num_leaves': 4, 'min_data_in_leaf': 3, 'extra_trees': True, 'min_data_per_group': 10, 'cat_l2': 0.18653230071018143, 'cat_smooth': 4.317125142905874, 'max_cat_to_onehot': 16, 'lambda_l1': 0.190666720749249, 'lambda_l2': 0.7663644095088786}. Best is trial 17 with value: 0.19197315588357067.
Trial 21 finished with value: 0.19298173351939574 and parameters: {'learning_rate': 0.06324559351395298, 'feature_fraction': 0.7137234616722966, 'bagging_fraction': 0.7269494544884557, 'bagging_freq': 1, 'num_leaves': 15, 'min_data_in_leaf': 14, 'extra_trees': True, 'min_data_per_group': 33, 'cat_l2': 0.019042048539621666, 'cat_smooth': 22.226958896685936, 'max_cat_to_onehot': 24, 'lambda_l1': 0.5878172226874039, 'lambda_l2': 1.1673582103668465}. Best is trial 17 with value: 0.19197315588357067.
Trial 22 finished with value: 0.1934487553883273 and parameters: {'learning_rate': 0.06551351047251594, 'feature_fraction': 0.6259469295354471, 'bagging_fraction': 0.7313271462467752, 'bagging_freq': 1, 'num_leaves': 39, 'min_data_in_leaf': 13, 'extra_trees': True, 'min_data_per_group': 44, 'cat_l2': 0.01919305085312904, 'cat_smooth': 25.288268141040803, 'max_cat_to_onehot': 24, 'lambda_l1': 0.4970737899685112, 'lambda_l2': 1.3099257011679124}. Best is trial 17 with value: 0.19197315588357067.
Trial 23 finished with value: 0.19484855602218798 and parameters: {'learning_rate': 0.06306999645656616, 'feature_fraction': 0.7372509657117722, 'bagging_fraction': 0.7333517228992498, 'bagging_freq': 1, 'num_leaves': 12, 'min_data_in_leaf': 7, 'extra_trees': True, 'min_data_per_group': 30, 'cat_l2': 0.05649812888431156, 'cat_smooth': 7.893605365133996, 'max_cat_to_onehot': 37, 'lambda_l1': 0.3213969768293293, 'lambda_l2': 0.35511039353724827}. Best is trial 17 with value: 0.19197315588357067.
Trial 24 finished with value: 0.19384836064296285 and parameters: {'learning_rate': 0.09820067231831867, 'feature_fraction': 0.8229526860004286, 'bagging_fraction': 0.7724009890938401, 'bagging_freq': 1, 'num_leaves': 6, 'min_data_in_leaf': 33, 'extra_trees': True, 'min_data_per_group': 63, 'cat_l2': 0.018599293339072315, 'cat_smooth': 36.08514324883438, 'max_cat_to_onehot': 24, 'lambda_l1': 0.878408652959528, 'lambda_l2': 1.1613756025434143}. Best is trial 17 with value: 0.19197315588357067.
Trial 25 finished with value: 0.19538128195013593 and parameters: {'learning_rate': 0.03788461692259692, 'feature_fraction': 0.5918666630589754, 'bagging_fraction': 0.7327736302498964, 'bagging_freq': 1, 'num_leaves': 19, 'min_data_in_leaf': 15, 'extra_trees': True, 'min_data_per_group': 16, 'cat_l2': 0.04460386981271354, 'cat_smooth': 2.033948173026989, 'max_cat_to_onehot': 19, 'lambda_l1': 0.21536488286036726, 'lambda_l2': 0.8123648736994291}. Best is trial 17 with value: 0.19197315588357067.
Optuna Search Completed in: 92.63 seconds

Training final model on optimized parameter setup...

[LIGHTGBM FINALIZED METRICS]
Optimal Trees:         251
1-AUROC:             0.2110 (Delta to TabPFN: +0.0076)
Accuracy:             0.7824 (Delta to TabPFN: -0.0081)
Final Train Time:      0.22 seconds (0.0142s per 1K)
Final Infer Time:      0.01 seconds (0.0026s per 1K)

--- LIGHTGBM Feature Importance (Raw vs. Scaled Share) ---
Feature | Raw gain | Share
city | 11150.42 | 30.81%
city_development_index | 7190.83 | 19.87%
company_size | 4912.84 | 13.58%
company_type | 3901.81 | 10.78%
education_level | 1883.16 | 5.20%
relevent_experience | 1722.26 | 4.76%
last_new_job | 1327.37 | 3.67%
enrolled_university | 1233.68 | 3.41%
major_discipline | 881.03 | 2.43%
experience | 801.60 | 2.22%
training_hours | 652.14 | 1.80%
gender | 531.05 | 1.47%

=====================================================================
METRIC TYPE                                  | VALUE / PROFILE
=====================================================================
Embedding Share                              | 0.00%
Raw Feature Share                            | 100.00%
---------------------------------------------------------------------
Active Text Embedding Density                | 0.00% (0/0)
Active Raw Tabular Feature Density           | 100.00% (12/12)
---------------------------------------------------------------------
Top-5 Concentration Ratio (CR5)              | 80.24% of total decision weight
Top-10 Concentration Ratio (CR10)            | 96.73% of total decision weight
=====================================================================

Total Pipeline Execution Time: 94.92 seconds

[SUCCESS] Permanent artifacts safely written to 'outputs/training-2/'
[W&B] Artifacts and localized metrics logged successfully for hr_analytics_job_change_of_data_scientists_raw-only_lightgbm
