[W&B] Child process started for job: is-this-a-good-customer_combined_xgboost in group session-training-2
Loading archive 'archives/is-this-a-good-customer.npz' and initializing pipeline for target: XGBOOST...
Execution Mode: COMBINED
Session Output Target: outputs/training-2/
Task Type: BINARY
TabPFN Baselines Loaded - Primary: 0.2248 | Secondary: 0.8870
PCA reduced text embeddings to 31 components.
Final training matrix shape assembled for COMBINED: (1378, 44)

Running 26-Trial Optuna Study for XGBOOST (COMBINED)...
A new study created in RDB with name: 20260624_184612_is-this-a-good-customer_combined_xgboost
Trial 0 finished with value: 0.27101850060199517 and parameters: {}. Best is trial 0 with value: 0.27101850060199517.
Trial 1 finished with value: 0.2745662409700722 and parameters: {'learning_rate': 0.015355286838886862, 'max_depth': 10, 'min_child_weight': 0.5100627805979911, 'subsample': 0.8394633936788146, 'colsample_bylevel': 0.6624074561769746, 'colsample_bynode': 0.662397808134481, 'reg_alpha': 0.29051225247978046, 'reg_lambda': 4.330894111260099, 'grow_policy': 'lossguide', 'max_cat_to_onehot': 8, 'max_leaves': 884}. Best is trial 0 with value: 0.27101850060199517.
Trial 2 finished with value: 0.2566176470588235 and parameters: {'learning_rate': 0.060534484680010825, 'max_depth': 4, 'min_child_weight': 0.004705059281907645, 'subsample': 0.6733618039413735, 'colsample_bylevel': 0.7216968971838151, 'colsample_bynode': 0.8099025726528951, 'reg_alpha': 2.1597818987087147, 'reg_lambda': 1.4562165780761898, 'grow_policy': 'depthwise', 'max_cat_to_onehot': 16, 'max_leaves': 45}. Best is trial 2 with value: 0.2566176470588235.
Trial 3 finished with value: 0.25545208763329896 and parameters: {'learning_rate': 0.019603369861210685, 'max_depth': 8, 'min_child_weight': 0.005477562363971304, 'subsample': 0.8056937753654446, 'colsample_bylevel': 0.836965827544817, 'colsample_bynode': 0.6185801650879991, 'reg_alpha': 3.037763505022002, 'reg_lambda': 0.8527035660240889, 'grow_policy': 'lossguide', 'max_cat_to_onehot': 92, 'max_leaves': 399}. Best is trial 3 with value: 0.25545208763329896.
Trial 4 finished with value: 0.2602739615583075 and parameters: {'learning_rate': 0.012453219846912198, 'max_depth': 4, 'min_child_weight': 0.33959199243313637, 'subsample': 0.7760609974958406, 'colsample_bylevel': 0.6488152939379115, 'colsample_bynode': 0.798070764044508, 'reg_alpha': 0.17203916672398045, 'reg_lambda': 4.546611078353703, 'grow_policy': 'lossguide', 'max_cat_to_onehot': 17, 'max_leaves': 97}. Best is trial 3 with value: 0.25545208763329896.
Trial 5 finished with value: 0.25603688295493643 and parameters: {'learning_rate': 0.025719142025384646, 'max_depth': 4, 'min_child_weight': 3.8589082671053854, 'subsample': 0.9100531293444458, 'colsample_bylevel': 0.9757995766256756, 'colsample_bynode': 0.9579309401710595, 'reg_alpha': 2.989540104057545, 'reg_lambda': 4.609378987692081, 'grow_policy': 'lossguide', 'max_cat_to_onehot': 8, 'max_leaves': 37}. Best is trial 3 with value: 0.25545208763329896.
Trial 6 finished with value: 0.2584491636566908 and parameters: {'learning_rate': 0.016019568611465234, 'max_depth': 5, 'min_child_weight': 1.1627201204016835, 'subsample': 0.7427013306774357, 'colsample_bylevel': 0.7123738038749523, 'colsample_bynode': 0.8170784332632994, 'reg_alpha': 0.7047070324513158, 'reg_lambda': 4.011004684072123, 'grow_policy': 'lossguide', 'max_cat_to_onehot': 56, 'max_leaves': 20}. Best is trial 3 with value: 0.25545208763329896.
Trial 7 finished with value: 0.2595429674062608 and parameters: {'learning_rate': 0.0050834018700114374, 'max_depth': 9, 'min_child_weight': 0.4117599592262879, 'subsample': 0.8916028672163949, 'colsample_bylevel': 0.9085081386743783, 'colsample_bynode': 0.6296178606936361, 'reg_alpha': 1.7923927961485087, 'reg_lambda': 0.5794337107196961, 'grow_policy': 'depthwise', 'max_cat_to_onehot': 18, 'max_leaves': 10}. Best is trial 3 with value: 0.25545208763329896.
Trial 8 finished with value: 0.2637913334193327 and parameters: {'learning_rate': 0.012693089228250284, 'max_depth': 5, 'min_child_weight': 0.49979438035802604, 'subsample': 0.8550229885420852, 'colsample_bylevel': 0.9548850970305306, 'colsample_bynode': 0.7888859700647797, 'reg_alpha': 0.5980592702669147, 'reg_lambda': 3.566252611636253, 'grow_policy': 'depthwise', 'max_cat_to_onehot': 55, 'max_leaves': 85}. Best is trial 3 with value: 0.25545208763329896.
Trial 9 finished with value: 0.25015641124871 and parameters: {'learning_rate': 0.02393652463662192, 'max_depth': 6, 'min_child_weight': 0.0012417226051008223, 'subsample': 0.6431565707973218, 'colsample_bylevel': 0.6125716742746937, 'colsample_bynode': 0.8545641645055122, 'reg_alpha': 1.5718484697835258, 'reg_lambda': 2.542902598754398, 'grow_policy': 'depthwise', 'max_cat_to_onehot': 22, 'max_leaves': 308}. Best is trial 9 with value: 0.25015641124871.
Trial 10 finished with value: 0.2724450141898864 and parameters: {'learning_rate': 0.08778240234405048, 'max_depth': 7, 'min_child_weight': 0.0010663930543587375, 'subsample': 0.6071847502459279, 'colsample_bylevel': 0.8062687886189569, 'colsample_bynode': 0.9630659181130071, 'reg_alpha': 4.7988577526525065, 'reg_lambda': 2.336797458371832, 'grow_policy': 'depthwise', 'max_cat_to_onehot': 31, 'max_leaves': 257}. Best is trial 9 with value: 0.25015641124871.
Trial 11 finished with value: 0.2631210762813898 and parameters: {'learning_rate': 0.031790458723690476, 'max_depth': 7, 'min_child_weight': 0.01204984104596513, 'subsample': 0.9936211226321411, 'colsample_bylevel': 0.8365438184845889, 'colsample_bynode': 0.731786335173666, 'reg_alpha': 3.482856493951349, 'reg_lambda': 0.042744750851818614, 'grow_policy': 'depthwise', 'max_cat_to_onehot': 92, 'max_leaves': 487}. Best is trial 9 with value: 0.25015641124871.
Trial 12 finished with value: 0.25935215643274856 and parameters: {'learning_rate': 0.031002261148545214, 'max_depth': 7, 'min_child_weight': 0.019314596151057493, 'subsample': 0.6949238051624903, 'colsample_bylevel': 0.6026425170183641, 'colsample_bynode': 0.9005988232681414, 'reg_alpha': 1.6441178832778967, 'reg_lambda': 2.5749005730633137, 'grow_policy': 'lossguide', 'max_cat_to_onehot': 33, 'max_leaves': 233}. Best is trial 9 with value: 0.25015641124871.
Trial 13 finished with value: 0.273640404626763 and parameters: {'learning_rate': 0.007223541604445361, 'max_depth': 6, 'min_child_weight': 0.0011818001514340352, 'subsample': 0.6052561262871233, 'colsample_bylevel': 0.7976548468278398, 'colsample_bynode': 0.6861566944610918, 'reg_alpha': 3.690517900796951, 'reg_lambda': 1.4352614493122275, 'grow_policy': 'depthwise', 'max_cat_to_onehot': 82, 'max_leaves': 261}. Best is trial 9 with value: 0.25015641124871.
Trial 14 finished with value: 0.26138254643962844 and parameters: {'learning_rate': 0.046050307808350566, 'max_depth': 8, 'min_child_weight': 0.04218239033805909, 'subsample': 0.7942586545363085, 'colsample_bylevel': 0.86500683939344, 'colsample_bynode': 0.8885227719625354, 'reg_alpha': 2.53560334527816, 'reg_lambda': 2.8538768919635995, 'grow_policy': 'lossguide', 'max_cat_to_onehot': 30, 'max_leaves': 922}. Best is trial 9 with value: 0.25015641124871.
Trial 15 finished with value: 0.25852306931544544 and parameters: {'learning_rate': 0.01961090695651407, 'max_depth': 6, 'min_child_weight': 0.003982728820218357, 'subsample': 0.6869390880659673, 'colsample_bylevel': 0.7325394731136274, 'colsample_bynode': 0.6009196686241622, 'reg_alpha': 1.331344822109691, 'reg_lambda': 1.567359566556103, 'grow_policy': 'lossguide', 'max_cat_to_onehot': 45, 'max_leaves': 138}. Best is trial 9 with value: 0.25015641124871.
Trial 16 finished with value: 0.2654237078603372 and parameters: {'learning_rate': 0.009151843338230383, 'max_depth': 8, 'min_child_weight': 0.0031675634239161153, 'subsample': 0.9609770664791568, 'colsample_bylevel': 0.7480765942412996, 'colsample_bynode': 0.7290807707576658, 'reg_alpha': 4.397553815783182, 'reg_lambda': 0.7218858442270621, 'grow_policy': 'depthwise', 'max_cat_to_onehot': 22, 'max_leaves': 460}. Best is trial 9 with value: 0.25015641124871.
Trial 17 finished with value: 0.2547777992776058 and parameters: {'learning_rate': 0.022966591471779263, 'max_depth': 5, 'min_child_weight': 0.06285249854770311, 'subsample': 0.7399787742630001, 'colsample_bylevel': 0.9189991401785472, 'colsample_bynode': 0.9117712809246714, 'reg_alpha': 1.1779017087893153, 'reg_lambda': 3.198533115796834, 'grow_policy': 'depthwise', 'max_cat_to_onehot': 12, 'max_leaves': 407}. Best is trial 9 with value: 0.25015641124871.
Trial 18 finished with value: 0.2622406583247334 and parameters: {'learning_rate': 0.04284695569425404, 'max_depth': 5, 'min_child_weight': 0.0990429210567749, 'subsample': 0.6508865175265643, 'colsample_bylevel': 0.9164844188447767, 'colsample_bynode': 0.8820307324016302, 'reg_alpha': 1.1143305569283013, 'reg_lambda': 3.3171396827403488, 'grow_policy': 'depthwise', 'max_cat_to_onehot': 11, 'max_leaves': 132}. Best is trial 9 with value: 0.25015641124871.
Trial 19 finished with value: 0.25765796998624013 and parameters: {'learning_rate': 0.025284897778339657, 'max_depth': 6, 'min_child_weight': 0.05489708631080588, 'subsample': 0.7343170387682146, 'colsample_bylevel': 0.6005666820364686, 'colsample_bynode': 0.9912853378588854, 'reg_alpha': 1.0145382869536332, 'reg_lambda': 2.056446933447259, 'grow_policy': 'depthwise', 'max_cat_to_onehot': 12, 'max_leaves': 631}. Best is trial 9 with value: 0.25015641124871.
Trial 20 finished with value: 0.25747011523907803 and parameters: {'learning_rate': 0.05298134077220814, 'max_depth': 5, 'min_child_weight': 0.08077378292694336, 'subsample': 0.7293363056497617, 'colsample_bylevel': 0.7715377833540548, 'colsample_bynode': 0.8485161614734078, 'reg_alpha': 1.9693365383402246, 'reg_lambda': 3.08005576989713, 'grow_policy': 'depthwise', 'max_cat_to_onehot': 11, 'max_leaves': 188}. Best is trial 9 with value: 0.25015641124871.
Trial 21 finished with value: 0.25644537968696246 and parameters: {'learning_rate': 0.020888581858927637, 'max_depth': 6, 'min_child_weight': 0.013090710275924513, 'subsample': 0.8012364486139857, 'colsample_bylevel': 0.8826164186595434, 'colsample_bynode': 0.9135757679723406, 'reg_alpha': 2.74203191077805, 'reg_lambda': 3.7213053640914353, 'grow_policy': 'depthwise', 'max_cat_to_onehot': 23, 'max_leaves': 360}. Best is trial 9 with value: 0.25015641124871.
Trial 22 finished with value: 0.2644661592707258 and parameters: {'learning_rate': 0.03467384058979109, 'max_depth': 8, 'min_child_weight': 0.00198401178627532, 'subsample': 0.6405802272595797, 'colsample_bylevel': 0.9381963559038102, 'colsample_bynode': 0.7504492961920063, 'reg_alpha': 3.396087856022491, 'reg_lambda': 2.051842641300396, 'grow_policy': 'lossguide', 'max_cat_to_onehot': 14, 'max_leaves': 397}. Best is trial 9 with value: 0.25015641124871.
Trial 23 finished with value: 0.25612986971104235 and parameters: {'learning_rate': 0.021234556983378453, 'max_depth': 5, 'min_child_weight': 0.00573357040625659, 'subsample': 0.822750482665112, 'colsample_bylevel': 0.9891994663478205, 'colsample_bynode': 0.9430352937885451, 'reg_alpha': 3.922749572959976, 'reg_lambda': 0.6327007945872407, 'grow_policy': 'depthwise', 'max_cat_to_onehot': 63, 'max_leaves': 707}. Best is trial 9 with value: 0.25015641124871.
Trial 24 finished with value: 0.2607415828173375 and parameters: {'learning_rate': 0.010121771180717498, 'max_depth': 9, 'min_child_weight': 0.028121001395858373, 'subsample': 0.7669645454411882, 'colsample_bylevel': 0.8429947571109475, 'colsample_bynode': 0.8539650711094906, 'reg_alpha': 2.246896616912979, 'reg_lambda': 2.71198579959942, 'grow_policy': 'lossguide', 'max_cat_to_onehot': 41, 'max_leaves': 361}. Best is trial 9 with value: 0.25015641124871.
Trial 25 finished with value: 0.25665204678362574 and parameters: {'learning_rate': 0.0168730139133158, 'max_depth': 6, 'min_child_weight': 0.009531933014969813, 'subsample': 0.7041338307879389, 'colsample_bylevel': 0.678710355944172, 'colsample_bynode': 0.6726693903319042, 'reg_alpha': 1.6116217688904306, 'reg_lambda': 1.8919920196491744, 'grow_policy': 'depthwise', 'max_cat_to_onehot': 25, 'max_leaves': 171}. Best is trial 9 with value: 0.25015641124871.
Optuna Search Completed in: 116.65 seconds

Training final model on optimized parameter setup...

[XGBOOST FINALIZED METRICS]
Optimal Trees:         336
1-AUROC:             0.2782 (Delta to TabPFN: +0.0534)
Accuracy:             0.8841 (Delta to TabPFN: -0.0029)
Final Train Time:      0.40 seconds (0.2937s per 1K)
Final Infer Time:      0.00 seconds (0.0044s per 1K)

--- XGBOOST Feature Importance (Raw vs. Scaled Share) ---
Feature | Raw gain | Share
pca_embed_9 | 667.44 | 5.46%
pca_embed_2 | 653.80 | 5.35%
product_type | 463.82 | 3.80%
pca_embed_20 | 436.79 | 3.57%
pca_embed_28 | 414.88 | 3.40%
pca_embed_1 | 395.58 | 3.24%
pca_embed_13 | 394.74 | 3.23%
pca_embed_11 | 384.85 | 3.15%
pca_embed_3 | 375.23 | 3.07%
pca_embed_22 | 371.05 | 3.04%
pca_embed_0 | 369.73 | 3.03%
pca_embed_25 | 340.05 | 2.78%
pca_embed_14 | 331.46 | 2.71%
pca_embed_30 | 315.27 | 2.58%
pca_embed_21 | 312.64 | 2.56%
pca_embed_26 | 310.09 | 2.54%
pca_embed_12 | 308.79 | 2.53%
pca_embed_15 | 306.51 | 2.51%
pca_embed_8 | 296.43 | 2.43%
pca_embed_6 | 291.59 | 2.39%
pca_embed_24 | 288.84 | 2.36%
pca_embed_27 | 288.56 | 2.36%
pca_embed_23 | 276.51 | 2.26%
age | 274.62 | 2.25%
pca_embed_17 | 273.28 | 2.24%
pca_embed_19 | 271.88 | 2.23%
pca_embed_18 | 270.64 | 2.22%
pca_embed_4 | 255.64 | 2.09%
pca_embed_29 | 238.79 | 1.95%
pca_embed_5 | 228.38 | 1.87%
pca_embed_7 | 227.37 | 1.86%
credit_amount | 222.72 | 1.82%
income | 212.03 | 1.74%
month | 211.07 | 1.73%
pca_embed_10 | 198.56 | 1.63%
pca_embed_16 | 196.13 | 1.61%
credit_term | 155.06 | 1.27%
education | 125.17 | 1.02%
phone_operator | 86.28 | 0.71%
is_client | 51.06 | 0.42%
sex | 49.58 | 0.41%
family_status | 41.80 | 0.34%
having_children_flg | 17.35 | 0.14%
region | 15.81 | 0.13%

=====================================================================
METRIC TYPE                                  | VALUE / PROFILE
=====================================================================
Embedding Share                              | 84.23%
Raw Feature Share                            | 15.77%
---------------------------------------------------------------------
Active Text Embedding Density                | 100.00% (31/31)
Active Raw Tabular Feature Density           | 100.00% (13/13)
---------------------------------------------------------------------
Top-5 Concentration Ratio (CR5)              | 21.58% of total decision weight
Top-10 Concentration Ratio (CR10)            | 37.31% of total decision weight
=====================================================================

Total Pipeline Execution Time: 118.60 seconds

[SUCCESS] Permanent artifacts safely written to 'outputs/training-2/'
[W&B] Artifacts and localized metrics logged successfully for is-this-a-good-customer_combined_xgboost
