[W&B] Child process started for job: is-this-a-good-customer_raw-only_catboost in group session-training-2
Loading archive 'archives/is-this-a-good-customer.npz' and initializing pipeline for target: CATBOOST...
Execution Mode: RAW-ONLY
Session Output Target: outputs/training-2/
Task Type: BINARY
TabPFN Baselines Loaded - Primary: 0.2248 | Secondary: 0.8870
PCA reduced text embeddings to 31 components.
Final training matrix shape assembled for RAW-ONLY: (1378, 13)

Running 26-Trial Optuna Study for CATBOOST (RAW-ONLY)...
A new study created in RDB with name: 20260624_185323_is-this-a-good-customer_raw-only_catboost
Trial 0 finished with value: 0.257015620190828 and parameters: {}. Best is trial 0 with value: 0.257015620190828.
Trial 1 finished with value: 0.28144197083265443 and parameters: {'learning_rate': 0.015355286838886862, 'bootstrap_type': 'Bernoulli', 'subsample': 0.9852142919229748, 'grow_policy': 'SymmetricTree', 'depth': 4, 'colsample_bylevel': 0.8733991780504303, 'l2_leaf_reg': 0.00018747059221802545, 'leaf_estimation_iterations': 12, 'one_hot_max_size': 36, 'model_size_reg': 0.6803900745073703, 'max_ctr_complexity': 2, 'boosting_type': 'Plain', 'max_bin': 254}. Best is trial 0 with value: 0.257015620190828.
Trial 2 finished with value: 0.26303393125486574 and parameters: {'learning_rate': 0.09138013915892866, 'bootstrap_type': 'Bernoulli', 'subsample': 0.9497327922401265, 'grow_policy': 'SymmetricTree', 'depth': 4, 'colsample_bylevel': 0.8956363364439306, 'l2_leaf_reg': 0.02922905212920092, 'leaf_estimation_iterations': 2, 'one_hot_max_size': 16, 'model_size_reg': 0.5243180891902851, 'max_ctr_complexity': 2, 'boosting_type': 'Plain', 'max_bin': 254}. Best is trial 0 with value: 0.257015620190828.
Trial 3 finished with value: 0.2548284087411511 and parameters: {'learning_rate': 0.011996621453406362, 'bootstrap_type': 'Bernoulli', 'subsample': 0.8099085529881075, 'grow_policy': 'Depthwise', 'depth': 4, 'colsample_bylevel': 0.9271351657620417, 'l2_leaf_reg': 0.06077686426194464, 'leaf_estimation_iterations': 1, 'one_hot_max_size': 36, 'model_size_reg': 0.15869086642715013, 'max_ctr_complexity': 2, 'boosting_type': 'Plain', 'max_bin': 254}. Best is trial 3 with value: 0.2548284087411511.
Trial 4 finished with value: 0.25487180444661717 and parameters: {'learning_rate': 0.08580222514877409, 'bootstrap_type': 'Bernoulli', 'subsample': 0.9896896099223678, 'grow_policy': 'SymmetricTree', 'depth': 4, 'colsample_bylevel': 0.9526349539768235, 'l2_leaf_reg': 0.011702088154220882, 'leaf_estimation_iterations': 1, 'one_hot_max_size': 27, 'model_size_reg': 0.10975998502129433, 'max_ctr_complexity': 5, 'boosting_type': 'Plain', 'max_bin': 254}. Best is trial 3 with value: 0.2548284087411511.
Trial 5 finished with value: 0.25020984963699244 and parameters: {'learning_rate': 0.010855517271883068, 'bootstrap_type': 'Bernoulli', 'subsample': 0.8987566853061946, 'grow_policy': 'Depthwise', 'depth': 6, 'colsample_bylevel': 0.877728168328829, 'l2_leaf_reg': 3.597899951374983, 'leaf_estimation_iterations': 9, 'one_hot_max_size': 86, 'model_size_reg': 1.128232550122133, 'max_ctr_complexity': 4, 'boosting_type': 'Plain', 'max_bin': 254}. Best is trial 5 with value: 0.25020984963699244.
Trial 6 finished with value: 0.3047150820161859 and parameters: {'learning_rate': 0.07913270952323785, 'bootstrap_type': 'Bernoulli', 'subsample': 0.7265477506155759, 'grow_policy': 'SymmetricTree', 'depth': 5, 'colsample_bylevel': 0.9083015934534223, 'l2_leaf_reg': 0.001883913511943895, 'leaf_estimation_iterations': 11, 'one_hot_max_size': 19, 'model_size_reg': 0.21399549030176218, 'max_ctr_complexity': 4, 'boosting_type': 'Plain', 'max_bin': 254}. Best is trial 5 with value: 0.25020984963699244.
Trial 7 finished with value: 0.2999353307805117 and parameters: {'learning_rate': 0.007626348515257587, 'bootstrap_type': 'Bernoulli', 'subsample': 0.9406590942262119, 'grow_policy': 'Depthwise', 'depth': 7, 'colsample_bylevel': 0.8798073522301258, 'l2_leaf_reg': 0.00010615690854925657, 'leaf_estimation_iterations': 10, 'one_hot_max_size': 47, 'model_size_reg': 0.7200770311577639, 'max_ctr_complexity': 5, 'boosting_type': 'Plain', 'max_bin': 254}. Best is trial 5 with value: 0.25020984963699244.
Trial 8 finished with value: 0.262876925931961 and parameters: {'learning_rate': 0.006241720498669827, 'bootstrap_type': 'Bernoulli', 'subsample': 0.8075397185632818, 'grow_policy': 'Depthwise', 'depth': 7, 'colsample_bylevel': 0.8996347037278973, 'l2_leaf_reg': 0.00019891099118865958, 'leaf_estimation_iterations': 2, 'one_hot_max_size': 17, 'model_size_reg': 0.7212460519889856, 'max_ctr_complexity': 4, 'boosting_type': 'Plain', 'max_bin': 254}. Best is trial 5 with value: 0.25020984963699244.
Trial 9 finished with value: 0.26508592010211285 and parameters: {'learning_rate': 0.07132805718188966, 'bootstrap_type': 'Bernoulli', 'subsample': 0.8416644775485848, 'grow_policy': 'Depthwise', 'depth': 7, 'colsample_bylevel': 0.9341915796354244, 'l2_leaf_reg': 0.4195190175255899, 'leaf_estimation_iterations': 3, 'one_hot_max_size': 29, 'model_size_reg': 0.318293122389662, 'max_ctr_complexity': 2, 'boosting_type': 'Plain', 'max_bin': 254}. Best is trial 5 with value: 0.25020984963699244.
Trial 10 finished with value: 0.25916130302536533 and parameters: {'learning_rate': 0.03273941684536397, 'bootstrap_type': 'Bernoulli', 'subsample': 0.701799154886745, 'grow_policy': 'Depthwise', 'depth': 8, 'colsample_bylevel': 0.9942561717820161, 'l2_leaf_reg': 1.841152012664479, 'leaf_estimation_iterations': 5, 'one_hot_max_size': 92, 'model_size_reg': 1.3327052390755632, 'max_ctr_complexity': 3, 'boosting_type': 'Plain', 'max_bin': 254}. Best is trial 5 with value: 0.25020984963699244.
Trial 11 finished with value: 0.24880636349646057 and parameters: {'learning_rate': 0.014611907623616187, 'bootstrap_type': 'Bernoulli', 'subsample': 0.8654107265462174, 'grow_policy': 'Depthwise', 'depth': 6, 'colsample_bylevel': 0.8551596726501958, 'l2_leaf_reg': 0.3516104574478991, 'leaf_estimation_iterations': 1, 'one_hot_max_size': 100, 'model_size_reg': 0.10311112448815031, 'max_ctr_complexity': 3, 'boosting_type': 'Plain', 'max_bin': 254}. Best is trial 11 with value: 0.24880636349646057.
Trial 12 finished with value: 0.2647631963681133 and parameters: {'learning_rate': 0.018783055257236184, 'bootstrap_type': 'Bernoulli', 'subsample': 0.8975510374983446, 'grow_policy': 'Depthwise', 'depth': 6, 'colsample_bylevel': 0.852398613807959, 'l2_leaf_reg': 4.332873893094992, 'leaf_estimation_iterations': 20, 'one_hot_max_size': 99, 'model_size_reg': 1.3954250211365895, 'max_ctr_complexity': 4, 'boosting_type': 'Plain', 'max_bin': 254}. Best is trial 11 with value: 0.24880636349646057.
Trial 13 finished with value: 0.26088185505042283 and parameters: {'learning_rate': 0.02711641797158028, 'bootstrap_type': 'Bernoulli', 'subsample': 0.8702781972070072, 'grow_policy': 'Depthwise', 'depth': 6, 'colsample_bylevel': 0.857206299528177, 'l2_leaf_reg': 0.4511201698529089, 'leaf_estimation_iterations': 1, 'one_hot_max_size': 69, 'model_size_reg': 0.3495337593931401, 'max_ctr_complexity': 3, 'boosting_type': 'Plain', 'max_bin': 254}. Best is trial 11 with value: 0.24880636349646057.
Trial 14 finished with value: 0.2596064060434884 and parameters: {'learning_rate': 0.00941797608013134, 'bootstrap_type': 'Bernoulli', 'subsample': 0.8953683793126899, 'grow_policy': 'Depthwise', 'depth': 6, 'colsample_bylevel': 0.8696227881328189, 'l2_leaf_reg': 0.48396434321237497, 'leaf_estimation_iterations': 5, 'one_hot_max_size': 64, 'model_size_reg': 0.10302065088161232, 'max_ctr_complexity': 3, 'boosting_type': 'Plain', 'max_bin': 254}. Best is trial 11 with value: 0.24880636349646057.
Trial 15 finished with value: 0.270132552097478 and parameters: {'learning_rate': 0.02370618163191055, 'bootstrap_type': 'Bernoulli', 'subsample': 0.7817351355446489, 'grow_policy': 'Depthwise', 'depth': 5, 'colsample_bylevel': 0.8507110179479633, 'l2_leaf_reg': 0.10810997136515456, 'leaf_estimation_iterations': 6, 'one_hot_max_size': 63, 'model_size_reg': 0.22560242705188419, 'max_ctr_complexity': 4, 'boosting_type': 'Plain', 'max_bin': 254}. Best is trial 11 with value: 0.24880636349646057.
Trial 16 finished with value: 0.2504959105064002 and parameters: {'learning_rate': 0.005035318822509953, 'bootstrap_type': 'Bernoulli', 'subsample': 0.9185153770068898, 'grow_policy': 'Depthwise', 'depth': 5, 'colsample_bylevel': 0.8865844862117831, 'l2_leaf_reg': 2.390998410517266, 'leaf_estimation_iterations': 2, 'one_hot_max_size': 78, 'model_size_reg': 0.43171887056318564, 'max_ctr_complexity': 3, 'boosting_type': 'Plain', 'max_bin': 254}. Best is trial 11 with value: 0.24880636349646057.
Trial 17 finished with value: 0.24654644868104225 and parameters: {'learning_rate': 0.010788310365219508, 'bootstrap_type': 'Bernoulli', 'subsample': 0.8551711918311492, 'grow_policy': 'Depthwise', 'depth': 6, 'colsample_bylevel': 0.9093703234390815, 'l2_leaf_reg': 1.2147563354710502, 'leaf_estimation_iterations': 1, 'one_hot_max_size': 10, 'model_size_reg': 1.0302759493193177, 'max_ctr_complexity': 4, 'boosting_type': 'Plain', 'max_bin': 254}. Best is trial 17 with value: 0.24654644868104225.
Trial 18 finished with value: 0.2547231727409339 and parameters: {'learning_rate': 0.041152417979551874, 'bootstrap_type': 'Bernoulli', 'subsample': 0.8354409045368008, 'grow_policy': 'Depthwise', 'depth': 8, 'colsample_bylevel': 0.9641082746775541, 'l2_leaf_reg': 0.17773560271358638, 'leaf_estimation_iterations': 1, 'one_hot_max_size': 8, 'model_size_reg': 0.9644764999056195, 'max_ctr_complexity': 3, 'boosting_type': 'Plain', 'max_bin': 254}. Best is trial 17 with value: 0.24654644868104225.
Trial 19 finished with value: 0.25136439040066627 and parameters: {'learning_rate': 0.01536899732802141, 'bootstrap_type': 'Bernoulli', 'subsample': 0.7559432935457584, 'grow_policy': 'SymmetricTree', 'depth': 7, 'colsample_bylevel': 0.9276028847821101, 'l2_leaf_reg': 0.00738836580729759, 'leaf_estimation_iterations': 1, 'one_hot_max_size': 8, 'model_size_reg': 0.15368425561791918, 'max_ctr_complexity': 5, 'boosting_type': 'Plain', 'max_bin': 254}. Best is trial 17 with value: 0.24654644868104225.
Trial 20 finished with value: 0.24397139164991954 and parameters: {'learning_rate': 0.04479359316524599, 'bootstrap_type': 'Bernoulli', 'subsample': 0.8410838119234255, 'grow_policy': 'Depthwise', 'depth': 5, 'colsample_bylevel': 0.9115187580354456, 'l2_leaf_reg': 1.37425975497262, 'leaf_estimation_iterations': 1, 'one_hot_max_size': 12, 'model_size_reg': 0.24701001489755228, 'max_ctr_complexity': 4, 'boosting_type': 'Plain', 'max_bin': 254}. Best is trial 20 with value: 0.24397139164991954.
Trial 21 finished with value: 0.2594852714862491 and parameters: {'learning_rate': 0.0611772763204016, 'bootstrap_type': 'Bernoulli', 'subsample': 0.8543675779333448, 'grow_policy': 'Depthwise', 'depth': 5, 'colsample_bylevel': 0.9145680869137209, 'l2_leaf_reg': 0.944711477153587, 'leaf_estimation_iterations': 1, 'one_hot_max_size': 11, 'model_size_reg': 0.24280485840354862, 'max_ctr_complexity': 4, 'boosting_type': 'Plain', 'max_bin': 254}. Best is trial 20 with value: 0.24397139164991954.
Trial 22 finished with value: 0.25150911819021227 and parameters: {'learning_rate': 0.03987939430251753, 'bootstrap_type': 'Bernoulli', 'subsample': 0.8124668396289499, 'grow_policy': 'Depthwise', 'depth': 6, 'colsample_bylevel': 0.9635972149215041, 'l2_leaf_reg': 1.0561704901377613, 'leaf_estimation_iterations': 2, 'one_hot_max_size': 12, 'model_size_reg': 0.14421869318879568, 'max_ctr_complexity': 4, 'boosting_type': 'Plain', 'max_bin': 254}. Best is trial 20 with value: 0.24397139164991954.
Trial 23 finished with value: 0.25703083980591324 and parameters: {'learning_rate': 0.047911315014259395, 'bootstrap_type': 'Bernoulli', 'subsample': 0.8727257973661632, 'grow_policy': 'Depthwise', 'depth': 5, 'colsample_bylevel': 0.9416533222824036, 'l2_leaf_reg': 0.15826162014600126, 'leaf_estimation_iterations': 1, 'one_hot_max_size': 11, 'model_size_reg': 0.2883903058592448, 'max_ctr_complexity': 5, 'boosting_type': 'Plain', 'max_bin': 254}. Best is trial 20 with value: 0.24397139164991954.
Trial 24 finished with value: 0.25824569324498037 and parameters: {'learning_rate': 0.020077173292594133, 'bootstrap_type': 'Bernoulli', 'subsample': 0.778837873749674, 'grow_policy': 'Depthwise', 'depth': 6, 'colsample_bylevel': 0.9152309349440914, 'l2_leaf_reg': 0.9820250960188549, 'leaf_estimation_iterations': 1, 'one_hot_max_size': 21, 'model_size_reg': 0.47923660661581413, 'max_ctr_complexity': 3, 'boosting_type': 'Plain', 'max_bin': 254}. Best is trial 20 with value: 0.24397139164991954.
Trial 25 finished with value: 0.25195727644705157 and parameters: {'learning_rate': 0.013626399916833894, 'bootstrap_type': 'Bernoulli', 'subsample': 0.8652971601266721, 'grow_policy': 'Depthwise', 'depth': 5, 'colsample_bylevel': 0.8941404461446313, 'l2_leaf_reg': 0.3025420363412149, 'leaf_estimation_iterations': 3, 'one_hot_max_size': 14, 'model_size_reg': 0.17924730091502, 'max_ctr_complexity': 4, 'boosting_type': 'Plain', 'max_bin': 254}. Best is trial 20 with value: 0.24397139164991954.
Optuna Search Completed in: 86.69 seconds

Training final model on optimized parameter setup...

[CATBOOST FINALIZED METRICS]
Optimal Trees:         370
1-AUROC:             0.2557 (Delta to TabPFN: +0.0309)
Accuracy:             0.8870 (Delta to TabPFN: +0.0000)
Final Train Time:      0.41 seconds (0.3005s per 1K)
Final Infer Time:      0.00 seconds (0.0079s per 1K)

--- CATBOOST Feature Importance (Raw vs. Scaled Share) ---
Feature | Raw gain | Share
product_type | 16.42 | 16.42%
age | 14.79 | 14.79%
credit_amount | 13.35 | 13.35%
credit_term | 11.65 | 11.65%
income | 9.88 | 9.88%
month | 7.76 | 7.76%
education | 5.87 | 5.87%
is_client | 5.48 | 5.48%
phone_operator | 4.57 | 4.57%
family_status | 4.05 | 4.05%
sex | 2.14 | 2.14%
region | 2.09 | 2.09%
having_children_flg | 1.95 | 1.95%

=====================================================================
METRIC TYPE                                  | VALUE / PROFILE
=====================================================================
Embedding Share                              | 0.00%
Raw Feature Share                            | 100.00%
---------------------------------------------------------------------
Active Text Embedding Density                | 0.00% (0/0)
Active Raw Tabular Feature Density           | 100.00% (13/13)
---------------------------------------------------------------------
Top-5 Concentration Ratio (CR5)              | 66.09% of total decision weight
Top-10 Concentration Ratio (CR10)            | 93.82% of total decision weight
=====================================================================

Total Pipeline Execution Time: 88.69 seconds

[SUCCESS] Permanent artifacts safely written to 'outputs/training-2/'
[W&B] Artifacts and localized metrics logged successfully for is-this-a-good-customer_raw-only_catboost
