[W&B] Child process started for job: polish_companies_bankruptcy_combined_catboost in group session-training-2
Loading archive 'archives/polish_companies_bankruptcy.npz' and initializing pipeline for target: CATBOOST...
Execution Mode: COMBINED
Session Output Target: outputs/training-2/
Task Type: BINARY
TabPFN Baselines Loaded - Primary: 0.0172 | Secondary: 0.9805
PCA reduced text embeddings to 52 components.
Final training matrix shape assembled for COMBINED: (4728, 116)

Running 26-Trial Optuna Study for CATBOOST (COMBINED)...
A new study created in RDB with name: 20260625_005019_polish_companies_bankruptcy_combined_catboost
Trial 0 finished with value: 0.022400221729490077 and parameters: {}. Best is trial 0 with value: 0.022400221729490077.
Trial 1 finished with value: 0.021740576496674047 and parameters: {'learning_rate': 0.015355286838886862, 'bootstrap_type': 'Bernoulli', 'subsample': 0.9852142919229748, 'grow_policy': 'SymmetricTree', 'depth': 4, 'colsample_bylevel': 0.8733991780504303, 'l2_leaf_reg': 0.00018747059221802545, 'leaf_estimation_iterations': 12, 'one_hot_max_size': 36, 'model_size_reg': 0.6803900745073703, 'max_ctr_complexity': 2, 'boosting_type': 'Plain', 'max_bin': 254}. Best is trial 1 with value: 0.021740576496674047.
Trial 2 finished with value: 0.017971175166297204 and parameters: {'learning_rate': 0.09138013915892866, 'bootstrap_type': 'Bernoulli', 'subsample': 0.9497327922401265, 'grow_policy': 'SymmetricTree', 'depth': 4, 'colsample_bylevel': 0.8956363364439306, 'l2_leaf_reg': 0.02922905212920092, 'leaf_estimation_iterations': 2, 'one_hot_max_size': 16, 'model_size_reg': 0.5243180891902851, 'max_ctr_complexity': 2, 'boosting_type': 'Plain', 'max_bin': 254}. Best is trial 2 with value: 0.017971175166297204.
Trial 3 finished with value: 0.02361973392461203 and parameters: {'learning_rate': 0.011996621453406362, 'bootstrap_type': 'Bernoulli', 'subsample': 0.8099085529881075, 'grow_policy': 'Depthwise', 'depth': 4, 'colsample_bylevel': 0.9271351657620417, 'l2_leaf_reg': 0.06077686426194464, 'leaf_estimation_iterations': 1, 'one_hot_max_size': 36, 'model_size_reg': 0.15869086642715013, 'max_ctr_complexity': 2, 'boosting_type': 'Plain', 'max_bin': 254}. Best is trial 2 with value: 0.017971175166297204.
Trial 4 finished with value: 0.019041019955654104 and parameters: {'learning_rate': 0.08580222514877409, 'bootstrap_type': 'Bernoulli', 'subsample': 0.9896896099223678, 'grow_policy': 'SymmetricTree', 'depth': 4, 'colsample_bylevel': 0.9526349539768235, 'l2_leaf_reg': 0.011702088154220882, 'leaf_estimation_iterations': 1, 'one_hot_max_size': 27, 'model_size_reg': 0.10975998502129433, 'max_ctr_complexity': 5, 'boosting_type': 'Plain', 'max_bin': 254}. Best is trial 2 with value: 0.017971175166297204.
Trial 5 finished with value: 0.019196230598669706 and parameters: {'learning_rate': 0.010855517271883068, 'bootstrap_type': 'Bernoulli', 'subsample': 0.8987566853061946, 'grow_policy': 'Depthwise', 'depth': 6, 'colsample_bylevel': 0.877728168328829, 'l2_leaf_reg': 3.597899951374983, 'leaf_estimation_iterations': 9, 'one_hot_max_size': 86, 'model_size_reg': 1.128232550122133, 'max_ctr_complexity': 4, 'boosting_type': 'Plain', 'max_bin': 254}. Best is trial 2 with value: 0.017971175166297204.
Trial 6 finished with value: 0.024966740576496727 and parameters: {'learning_rate': 0.07913270952323785, 'bootstrap_type': 'Bernoulli', 'subsample': 0.7265477506155759, 'grow_policy': 'SymmetricTree', 'depth': 5, 'colsample_bylevel': 0.9083015934534223, 'l2_leaf_reg': 0.001883913511943895, 'leaf_estimation_iterations': 11, 'one_hot_max_size': 19, 'model_size_reg': 0.21399549030176218, 'max_ctr_complexity': 4, 'boosting_type': 'Plain', 'max_bin': 254}. Best is trial 2 with value: 0.017971175166297204.
Trial 7 finished with value: 0.029711751662971242 and parameters: {'learning_rate': 0.007626348515257587, 'bootstrap_type': 'Bernoulli', 'subsample': 0.9406590942262119, 'grow_policy': 'Depthwise', 'depth': 7, 'colsample_bylevel': 0.8798073522301258, 'l2_leaf_reg': 0.00010615690854925657, 'leaf_estimation_iterations': 10, 'one_hot_max_size': 47, 'model_size_reg': 0.7200770311577639, 'max_ctr_complexity': 5, 'boosting_type': 'Plain', 'max_bin': 254}. Best is trial 2 with value: 0.017971175166297204.
Trial 8 finished with value: 0.02442904656319289 and parameters: {'learning_rate': 0.006241720498669827, 'bootstrap_type': 'Bernoulli', 'subsample': 0.8075397185632818, 'grow_policy': 'Depthwise', 'depth': 7, 'colsample_bylevel': 0.8996347037278973, 'l2_leaf_reg': 0.00019891099118865958, 'leaf_estimation_iterations': 2, 'one_hot_max_size': 17, 'model_size_reg': 0.7212460519889856, 'max_ctr_complexity': 4, 'boosting_type': 'Plain', 'max_bin': 254}. Best is trial 2 with value: 0.017971175166297204.
Trial 9 finished with value: 0.02014412416851441 and parameters: {'learning_rate': 0.07132805718188966, 'bootstrap_type': 'Bernoulli', 'subsample': 0.8416644775485848, 'grow_policy': 'Depthwise', 'depth': 7, 'colsample_bylevel': 0.9341915796354244, 'l2_leaf_reg': 0.4195190175255899, 'leaf_estimation_iterations': 3, 'one_hot_max_size': 29, 'model_size_reg': 0.318293122389662, 'max_ctr_complexity': 2, 'boosting_type': 'Plain', 'max_bin': 254}. Best is trial 2 with value: 0.017971175166297204.
Trial 10 finished with value: 0.016618625277161847 and parameters: {'learning_rate': 0.034362454376490444, 'bootstrap_type': 'Bernoulli', 'subsample': 0.701799154886745, 'grow_policy': 'SymmetricTree', 'depth': 8, 'colsample_bylevel': 0.994218715820859, 'l2_leaf_reg': 0.16834311272906852, 'leaf_estimation_iterations': 4, 'one_hot_max_size': 8, 'model_size_reg': 0.37215132795144673, 'max_ctr_complexity': 3, 'boosting_type': 'Plain', 'max_bin': 254}. Best is trial 10 with value: 0.016618625277161847.
Trial 11 finished with value: 0.020604212860310445 and parameters: {'learning_rate': 0.03630354218961072, 'bootstrap_type': 'Bernoulli', 'subsample': 0.7062764734427406, 'grow_policy': 'SymmetricTree', 'depth': 8, 'colsample_bylevel': 0.9977105725359634, 'l2_leaf_reg': 0.08150259101837247, 'leaf_estimation_iterations': 4, 'one_hot_max_size': 8, 'model_size_reg': 0.38632923746259723, 'max_ctr_complexity': 3, 'boosting_type': 'Plain', 'max_bin': 254}. Best is trial 10 with value: 0.016618625277161847.
Trial 12 finished with value: 0.018802660753880263 and parameters: {'learning_rate': 0.035362804733525724, 'bootstrap_type': 'Bernoulli', 'subsample': 0.772242381250273, 'grow_policy': 'SymmetricTree', 'depth': 8, 'colsample_bylevel': 0.9970383328765471, 'l2_leaf_reg': 0.4093084119407297, 'leaf_estimation_iterations': 5, 'one_hot_max_size': 8, 'model_size_reg': 0.4025066733604183, 'max_ctr_complexity': 3, 'boosting_type': 'Plain', 'max_bin': 254}. Best is trial 10 with value: 0.016618625277161847.
Trial 13 finished with value: 0.01898004434589806 and parameters: {'learning_rate': 0.04202291735789878, 'bootstrap_type': 'Bernoulli', 'subsample': 0.889280028261715, 'grow_policy': 'SymmetricTree', 'depth': 5, 'colsample_bylevel': 0.9696992303618526, 'l2_leaf_reg': 0.014727448088515378, 'leaf_estimation_iterations': 2, 'one_hot_max_size': 13, 'model_size_reg': 0.485008078001704, 'max_ctr_complexity': 3, 'boosting_type': 'Plain', 'max_bin': 254}. Best is trial 10 with value: 0.016618625277161847.
Trial 14 finished with value: 0.020033259423503313 and parameters: {'learning_rate': 0.020754632112445416, 'bootstrap_type': 'Bernoulli', 'subsample': 0.7534016368363654, 'grow_policy': 'SymmetricTree', 'depth': 6, 'colsample_bylevel': 0.9715843928769672, 'l2_leaf_reg': 0.41327807178965775, 'leaf_estimation_iterations': 6, 'one_hot_max_size': 12, 'model_size_reg': 0.2753162913817534, 'max_ctr_complexity': 3, 'boosting_type': 'Plain', 'max_bin': 254}. Best is trial 10 with value: 0.016618625277161847.
Trial 15 finished with value: 0.018786031042128504 and parameters: {'learning_rate': 0.0534016792769281, 'bootstrap_type': 'Bernoulli', 'subsample': 0.8696802928710808, 'grow_policy': 'SymmetricTree', 'depth': 5, 'colsample_bylevel': 0.8507110179479633, 'l2_leaf_reg': 0.007046158775520914, 'leaf_estimation_iterations': 2, 'one_hot_max_size': 11, 'model_size_reg': 1.1273274039747359, 'max_ctr_complexity': 2, 'boosting_type': 'Plain', 'max_bin': 254}. Best is trial 10 with value: 0.016618625277161847.
Trial 16 finished with value: 0.021596452328159543 and parameters: {'learning_rate': 0.02590036858146214, 'bootstrap_type': 'Bernoulli', 'subsample': 0.9400881804128767, 'grow_policy': 'SymmetricTree', 'depth': 6, 'colsample_bylevel': 0.937895233835351, 'l2_leaf_reg': 0.08679182655951413, 'leaf_estimation_iterations': 1, 'one_hot_max_size': 18, 'model_size_reg': 0.547459552758892, 'max_ctr_complexity': 3, 'boosting_type': 'Plain', 'max_bin': 254}. Best is trial 10 with value: 0.016618625277161847.
Trial 17 finished with value: 0.01998337028824848 and parameters: {'learning_rate': 0.09985418713876094, 'bootstrap_type': 'Bernoulli', 'subsample': 0.935633613606713, 'grow_policy': 'SymmetricTree', 'depth': 8, 'colsample_bylevel': 0.9114876605683337, 'l2_leaf_reg': 2.094195957072836, 'leaf_estimation_iterations': 2, 'one_hot_max_size': 10, 'model_size_reg': 0.22616283106004775, 'max_ctr_complexity': 2, 'boosting_type': 'Plain', 'max_bin': 254}. Best is trial 10 with value: 0.016618625277161847.
Trial 18 finished with value: 0.02378048780487796 and parameters: {'learning_rate': 0.06130264775570773, 'bootstrap_type': 'Bernoulli', 'subsample': 0.797712387712513, 'grow_policy': 'SymmetricTree', 'depth': 5, 'colsample_bylevel': 0.9736622782496455, 'l2_leaf_reg': 0.0018655614556753717, 'leaf_estimation_iterations': 18, 'one_hot_max_size': 16, 'model_size_reg': 1.4570720308219887, 'max_ctr_complexity': 3, 'boosting_type': 'Plain', 'max_bin': 254}. Best is trial 10 with value: 0.016618625277161847.
Trial 19 finished with value: 0.02065964523281605 and parameters: {'learning_rate': 0.026151509875090958, 'bootstrap_type': 'Bernoulli', 'subsample': 0.8412415806628619, 'grow_policy': 'SymmetricTree', 'depth': 7, 'colsample_bylevel': 0.852253181743853, 'l2_leaf_reg': 0.02900710037060209, 'leaf_estimation_iterations': 3, 'one_hot_max_size': 72, 'model_size_reg': 0.5432968866195637, 'max_ctr_complexity': 4, 'boosting_type': 'Plain', 'max_bin': 254}. Best is trial 10 with value: 0.016618625277161847.
Trial 20 finished with value: 0.018026607538802586 and parameters: {'learning_rate': 0.05363416451554841, 'bootstrap_type': 'Bernoulli', 'subsample': 0.7564035632103615, 'grow_policy': 'SymmetricTree', 'depth': 6, 'colsample_bylevel': 0.9543603072025434, 'l2_leaf_reg': 0.0030971163525400423, 'leaf_estimation_iterations': 1, 'one_hot_max_size': 25, 'model_size_reg': 0.1666135636008759, 'max_ctr_complexity': 2, 'boosting_type': 'Plain', 'max_bin': 254}. Best is trial 10 with value: 0.016618625277161847.
Trial 21 finished with value: 0.018032150776053246 and parameters: {'learning_rate': 0.049864096853449606, 'bootstrap_type': 'Bernoulli', 'subsample': 0.7348458808568863, 'grow_policy': 'SymmetricTree', 'depth': 6, 'colsample_bylevel': 0.9550933667004624, 'l2_leaf_reg': 0.0025629733147599526, 'leaf_estimation_iterations': 1, 'one_hot_max_size': 24, 'model_size_reg': 0.13215049290247213, 'max_ctr_complexity': 2, 'boosting_type': 'Plain', 'max_bin': 254}. Best is trial 10 with value: 0.016618625277161847.
Trial 22 finished with value: 0.01963968957871387 and parameters: {'learning_rate': 0.04809792574230772, 'bootstrap_type': 'Bernoulli', 'subsample': 0.7012839340232859, 'grow_policy': 'SymmetricTree', 'depth': 8, 'colsample_bylevel': 0.9811417303721564, 'l2_leaf_reg': 0.20893691840269132, 'leaf_estimation_iterations': 1, 'one_hot_max_size': 22, 'model_size_reg': 0.18006969692772726, 'max_ctr_complexity': 2, 'boosting_type': 'Plain', 'max_bin': 254}. Best is trial 10 with value: 0.016618625277161847.
Trial 23 finished with value: 0.019545454545454533 and parameters: {'learning_rate': 0.06449014842380757, 'bootstrap_type': 'Bernoulli', 'subsample': 0.7653411630264826, 'grow_policy': 'SymmetricTree', 'depth': 4, 'colsample_bylevel': 0.9560249393064947, 'l2_leaf_reg': 0.0008229720394880317, 'leaf_estimation_iterations': 3, 'one_hot_max_size': 14, 'model_size_reg': 0.27442352000457365, 'max_ctr_complexity': 2, 'boosting_type': 'Plain', 'max_bin': 254}. Best is trial 10 with value: 0.016618625277161847.
Trial 24 finished with value: 0.019002217294900148 and parameters: {'learning_rate': 0.03540369517359863, 'bootstrap_type': 'Bernoulli', 'subsample': 0.7343551372999977, 'grow_policy': 'SymmetricTree', 'depth': 7, 'colsample_bylevel': 0.9861516166543536, 'l2_leaf_reg': 0.00566238137359648, 'leaf_estimation_iterations': 1, 'one_hot_max_size': 41, 'model_size_reg': 0.37996734296373685, 'max_ctr_complexity': 3, 'boosting_type': 'Plain', 'max_bin': 254}. Best is trial 10 with value: 0.016618625277161847.
Trial 25 finished with value: 0.018697339246119826 and parameters: {'learning_rate': 0.02624158147363966, 'bootstrap_type': 'Bernoulli', 'subsample': 0.9609422604277751, 'grow_policy': 'SymmetricTree', 'depth': 5, 'colsample_bylevel': 0.9192542685198787, 'l2_leaf_reg': 0.030903388641309572, 'leaf_estimation_iterations': 2, 'one_hot_max_size': 51, 'model_size_reg': 0.8958445969376011, 'max_ctr_complexity': 2, 'boosting_type': 'Plain', 'max_bin': 254}. Best is trial 10 with value: 0.016618625277161847.
Optuna Search Completed in: 499.34 seconds

Training final model on optimized parameter setup...

[CATBOOST FINALIZED METRICS]
Optimal Trees:         740
1-AUROC:             0.0207 (Delta to TabPFN: +0.0035)
Accuracy:             0.9780 (Delta to TabPFN: -0.0025)
Final Train Time:      7.81 seconds (1.6520s per 1K)
Final Infer Time:      0.00 seconds (0.0026s per 1K)

--- CATBOOST Feature Importance (Raw vs. Scaled Share) ---
Feature | Raw gain | Share
pca_embed_3 | 10.84 | 10.84%
pca_embed_4 | 6.93 | 6.93%
pca_embed_0 | 4.98 | 4.98%
pca_embed_1 | 3.57 | 3.57%
pca_embed_5 | 3.48 | 3.48%
sales_growth_ratio | 2.40 | 2.40%
pca_embed_46 | 1.74 | 1.74%
operating_profit_to_financial_expenses | 1.44 | 1.44%
pca_embed_10 | 1.42 | 1.42%
pca_embed_44 | 1.42 | 1.42%
log_total_assets | 1.40 | 1.40%
pca_embed_22 | 1.37 | 1.37%
pca_embed_6 | 1.36 | 1.36%
pca_embed_2 | 1.27 | 1.27%
pca_embed_34 | 1.18 | 1.18%
pca_embed_8 | 1.17 | 1.17%
pca_embed_20 | 1.13 | 1.13%
three_year_gross_profit_to_total_assets | 1.13 | 1.13%
pca_embed_47 | 1.09 | 1.09%
pca_embed_45 | 0.99 | 0.99%
pca_embed_51 | 0.99 | 0.99%
pca_embed_32 | 0.99 | 0.99%
pca_embed_38 | 0.99 | 0.99%
pca_embed_50 | 0.95 | 0.95%
operating_expenses_to_total_liabilities | 0.95 | 0.95%
equity_minus_share_capital_to_total_assets | 0.93 | 0.93%
pca_embed_13 | 0.93 | 0.93%
pca_embed_9 | 0.85 | 0.85%
retained_earnings_to_total_assets | 0.85 | 0.85%
sales_profit_to_total_assets | 0.82 | 0.82%
pca_embed_23 | 0.79 | 0.79%
pca_embed_16 | 0.79 | 0.79%
pca_embed_27 | 0.77 | 0.77%
pca_embed_7 | 0.75 | 0.75%
pca_embed_49 | 0.75 | 0.75%
pca_embed_25 | 0.73 | 0.73%
sales_profit_to_sales | 0.73 | 0.73%
pca_embed_29 | 0.72 | 0.72%
pca_embed_17 | 0.69 | 0.69%
pca_embed_24 | 0.67 | 0.67%
pca_embed_42 | 0.66 | 0.66%
pca_embed_36 | 0.66 | 0.66%
net_profit_to_inventory | 0.65 | 0.65%
pca_embed_43 | 0.63 | 0.63%
constant_capital_to_total_assets | 0.62 | 0.62%
gross_profit_to_sales | 0.62 | 0.62%
pca_embed_12 | 0.62 | 0.62%
pca_embed_11 | 0.61 | 0.61%
net_profit_to_total_assets | 0.61 | 0.61%
current_assets_minus_inventory_to_short_term_liabilities | 0.61 | 0.61%
pca_embed_18 | 0.60 | 0.60%
working_capital_absolute | 0.59 | 0.59%
pca_embed_30 | 0.59 | 0.59%
pca_embed_39 | 0.58 | 0.58%
net_profit_to_sales | 0.58 | 0.58%
receivables_turnover_ratio | 0.57 | 0.57%
book_value_equity_to_total_liabilities | 0.57 | 0.57%
operating_profit_to_total_assets | 0.57 | 0.57%
pca_embed_28 | 0.55 | 0.55%
extended_profit_to_total_assets | 0.55 | 0.55%
pca_embed_31 | 0.54 | 0.54%
total_costs_to_total_sales | 0.54 | 0.54%
total_sales_to_total_assets | 0.53 | 0.53%
adjusted_liquidity_ratio | 0.53 | 0.53%
pca_embed_41 | 0.52 | 0.52%
equity_to_total_assets | 0.52 | 0.52%
gross_profit_plus_interest_to_total_assets | 0.52 | 0.52%
sales_to_total_assets | 0.52 | 0.52%
liabilities_days_ratio | 0.51 | 0.51%
pca_embed_21 | 0.51 | 0.51%
pca_embed_26 | 0.51 | 0.51%
pca_embed_14 | 0.50 | 0.50%
gross_profit_plus_depreciation_to_total_liabilities | 0.50 | 0.50%
pca_embed_48 | 0.50 | 0.50%
working_capital_to_total_assets | 0.50 | 0.50%
current_assets_to_total_liabilities | 0.49 | 0.49%
pca_embed_35 | 0.49 | 0.49%
pca_embed_15 | 0.48 | 0.48%
operating_profit_to_sales | 0.46 | 0.46%
pca_embed_37 | 0.46 | 0.46%
short_term_liabilities_days_cost_ratio | 0.45 | 0.45%
liquidity_days_ratio | 0.43 | 0.43%
total_liabilities_to_total_assets | 0.42 | 0.42%
current_assets_minus_inventories_to_long_term_liabilities | 0.42 | 0.42%
net_profit_plus_depreciation_to_total_liabilities | 0.41 | 0.41%
liabilities_to_adjusted_operating_profit | 0.40 | 0.40%
gross_margin | 0.40 | 0.40%
sales_to_short_term_liabilities | 0.39 | 0.39%
inventory_turnover_ratio | 0.39 | 0.39%
long_term_liabilities_to_equity | 0.38 | 0.38%
pca_embed_40 | 0.38 | 0.38%
receivables_days_ratio | 0.37 | 0.37%
operating_expenses_to_short_term_liabilities | 0.37 | 0.37%
short_term_liabilities_days_ratio | 0.35 | 0.35%
inventory_days_ratio | 0.34 | 0.34%
gross_profit_plus_depreciation_to_sales | 0.34 | 0.34%
working_capital_to_fixed_assets | 0.33 | 0.33%
current_assets_to_short_term_liabilities | 0.33 | 0.33%
pca_embed_33 | 0.33 | 0.33%
inventory_days_cost_ratio | 0.31 | 0.31%
liquid_assets_to_short_term_liabilities | 0.29 | 0.29%
receivables_plus_inventory_turnover_days | 0.29 | 0.29%
sales_to_fixed_assets | 0.26 | 0.26%
net_liabilities_to_sales | 0.25 | 0.25%
short_term_liabilities_to_total_assets | 0.25 | 0.25%
constant_capital_to_fixed_assets | 0.24 | 0.24%
equity_to_fixed_assets | 0.23 | 0.23%
ebit_to_total_assets | 0.22 | 0.22%
ebitda_to_sales | 0.21 | 0.21%
pca_embed_19 | 0.19 | 0.19%
gross_profit_to_total_assets | 0.18 | 0.18%
current_liabilities_days_ratio | 0.16 | 0.16%
total_assets_to_total_liabilities | 0.14 | 0.14%
gross_profit_to_short_term_liabilities | 0.13 | 0.13%
ebitda_to_total_assets | 0.13 | 0.13%
gross_profit_plus_interest_to_sales | 0.10 | 0.10%

=====================================================================
METRIC TYPE                                  | VALUE / PROFILE
=====================================================================
Embedding Share                              | 67.25%
Raw Feature Share                            | 32.75%
---------------------------------------------------------------------
Active Text Embedding Density                | 100.00% (52/52)
Active Raw Tabular Feature Density           | 100.00% (64/64)
---------------------------------------------------------------------
Top-5 Concentration Ratio (CR5)              | 29.81% of total decision weight
Top-10 Concentration Ratio (CR10)            | 38.24% of total decision weight
=====================================================================

Total Pipeline Execution Time: 508.83 seconds

[SUCCESS] Permanent artifacts safely written to 'outputs/training-2/'
[W&B] Artifacts and localized metrics logged successfully for polish_companies_bankruptcy_combined_catboost
