[W&B] Child process started for job: marketing_campaign_raw-only_lightgbm in group session-training-2
Loading archive 'archives/marketing_campaign.npz' and initializing pipeline for target: LIGHTGBM...
Execution Mode: RAW-ONLY
Session Output Target: outputs/training-2/
Task Type: BINARY
TabPFN Baselines Loaded - Primary: 0.0999 | Secondary: 0.8951
PCA reduced text embeddings to 42 components.
Final training matrix shape assembled for RAW-ONLY: (1792, 25)

Running 26-Trial Optuna Study for LIGHTGBM (RAW-ONLY)...
A new study created in RDB with name: 20260624_213142_marketing_campaign_raw-only_lightgbm
Trial 0 finished with value: 0.105465537689311 and parameters: {}. Best is trial 0 with value: 0.105465537689311.
Trial 1 finished with value: 0.1158705109464313 and parameters: {'learning_rate': 0.015355286838886862, 'feature_fraction': 0.9704285838459497, 'bagging_fraction': 0.9195981825434215, 'bagging_freq': 1, 'num_leaves': 28, 'min_data_in_leaf': 1, 'extra_trees': False, 'min_data_per_group': 57, 'cat_l2': 0.18327672955935934, 'cat_smooth': 3.4702669886504163, 'max_cat_to_onehot': 8, 'lambda_l1': 0.9699128611767781, 'lambda_l2': 1.6649020373367633}. Best is trial 0 with value: 0.105465537689311.
Trial 2 finished with value: 0.1440101683850974 and parameters: {'learning_rate': 0.009445600138094694, 'feature_fraction': 0.5090949803242604, 'bagging_fraction': 0.7550213529560301, 'bagging_freq': 1, 'num_leaves': 7, 'min_data_in_leaf': 6, 'extra_trees': False, 'min_data_per_group': 20, 'cat_l2': 0.01153297626310632, 'cat_smooth': 0.028888383623653185, 'max_cat_to_onehot': 19, 'lambda_l1': 0.4561243772186142, 'lambda_l2': 1.5703734051898879}. Best is trial 0 with value: 0.105465537689311.
Trial 3 finished with value: 0.14356060145569294 and parameters: {'learning_rate': 0.009093929525644107, 'feature_fraction': 0.708540663048167, 'bagging_fraction': 0.8777243706586128, 'bagging_freq': 1, 'num_leaves': 2, 'min_data_in_leaf': 10, 'extra_trees': False, 'min_data_per_group': 81, 'cat_l2': 1.6278053965878447, 'cat_smooth': 11.015056790269638, 'max_cat_to_onehot': 17, 'lambda_l1': 0.09776234679498323, 'lambda_l2': 1.3684976297216627}. Best is trial 0 with value: 0.105465537689311.
Trial 4 finished with value: 0.14586816489666088 and parameters: {'learning_rate': 0.01869052934095898, 'feature_fraction': 0.47322294090686734, 'bagging_fraction': 0.848553073033381, 'bagging_freq': 1, 'num_leaves': 2, 'min_data_in_leaf': 42, 'extra_trees': True, 'min_data_per_group': 6, 'cat_l2': 0.11277639166461569, 'cat_smooth': 0.5414413211338525, 'max_cat_to_onehot': 12, 'lambda_l1': 0.9695876693017821, 'lambda_l2': 1.550288133439893}. Best is trial 0 with value: 0.105465537689311.
Trial 5 finished with value: 0.1397954294947269 and parameters: {'learning_rate': 0.08342309693146736, 'feature_fraction': 0.9368964102565893, 'bagging_fraction': 0.8793699936433255, 'bagging_freq': 1, 'num_leaves': 137, 'min_data_in_leaf': 1, 'extra_trees': False, 'min_data_per_group': 6, 'cat_l2': 0.0513253156994884, 'cat_smooth': 0.022737628102536857, 'max_cat_to_onehot': 64, 'lambda_l1': 0.3568176513609199, 'lambda_l2': 0.5619409259237927}. Best is trial 0 with value: 0.105465537689311.
Trial 6 finished with value: 0.13965287980218766 and parameters: {'learning_rate': 0.025411709798607296, 'feature_fraction': 0.4845545349848576, 'bagging_fraction': 0.9406590942262119, 'bagging_freq': 1, 'num_leaves': 2, 'min_data_in_leaf': 61, 'extra_trees': False, 'min_data_per_group': 2, 'cat_l2': 0.6619871537619337, 'cat_smooth': 3.4220529032706923, 'max_cat_to_onehot': 50, 'lambda_l1': 0.7712932196512772, 'lambda_l2': 0.1481818990030073}. Best is trial 0 with value: 0.105465537689311.
Trial 7 finished with value: 0.1102042512312924 and parameters: {'learning_rate': 0.014633380642745364, 'feature_fraction': 0.4695214357150779, 'bagging_fraction': 0.958931027762678, 'bagging_freq': 1, 'num_leaves': 32, 'min_data_in_leaf': 2, 'extra_trees': True, 'min_data_per_group': 6, 'cat_l2': 0.3957756313952873, 'cat_smooth': 1.5409457762881555, 'max_cat_to_onehot': 75, 'lambda_l1': 0.4722677036694331, 'lambda_l2': 0.23927653245200955}. Best is trial 0 with value: 0.105465537689311.
Trial 8 finished with value: 0.13887579456242027 and parameters: {'learning_rate': 0.042356773126632795, 'feature_fraction': 0.8564710291701385, 'bagging_fraction': 0.8683831592708489, 'bagging_freq': 1, 'num_leaves': 65, 'min_data_in_leaf': 6, 'extra_trees': False, 'min_data_per_group': 2, 'cat_l2': 0.009543550367992308, 'cat_smooth': 0.0014359718569878096, 'max_cat_to_onehot': 39, 'lambda_l1': 0.314424545478219, 'lambda_l2': 1.017190525260289}. Best is trial 0 with value: 0.105465537689311.
Trial 9 finished with value: 0.09149172908472991 and parameters: {'learning_rate': 0.07581256838789621, 'feature_fraction': 0.549575337489325, 'bagging_fraction': 0.8231148769106889, 'bagging_freq': 1, 'num_leaves': 61, 'min_data_in_leaf': 2, 'extra_trees': True, 'min_data_per_group': 3, 'cat_l2': 1.3124992669799407, 'cat_smooth': 10.979988817809668, 'max_cat_to_onehot': 39, 'lambda_l1': 0.871473444128699, 'lambda_l2': 1.607363786590539}. Best is trial 9 with value: 0.09149172908472991.
Trial 10 finished with value: 0.09451573566373872 and parameters: {'learning_rate': 0.09141317099962805, 'feature_fraction': 0.666846038484066, 'bagging_fraction': 0.7022641957948879, 'bagging_freq': 1, 'num_leaves': 8, 'min_data_in_leaf': 19, 'extra_trees': True, 'min_data_per_group': 24, 'cat_l2': 0.03512175732792625, 'cat_smooth': 59.56241765548436, 'max_cat_to_onehot': 31, 'lambda_l1': 0.6782859743712771, 'lambda_l2': 0.9020635371946518}. Best is trial 9 with value: 0.09149172908472991.
Trial 11 finished with value: 0.09725322147446613 and parameters: {'learning_rate': 0.09216711451531724, 'feature_fraction': 0.6606137630538468, 'bagging_fraction': 0.7078609095034804, 'bagging_freq': 1, 'num_leaves': 13, 'min_data_in_leaf': 21, 'extra_trees': True, 'min_data_per_group': 22, 'cat_l2': 0.027348011183852015, 'cat_smooth': 69.88608206033294, 'max_cat_to_onehot': 30, 'lambda_l1': 0.7089709198280676, 'lambda_l2': 0.9921330202082117}. Best is trial 9 with value: 0.09149172908472991.
Trial 12 finished with value: 0.0920430231512932 and parameters: {'learning_rate': 0.05049708384913899, 'feature_fraction': 0.6262018777593081, 'bagging_fraction': 0.7942171032071803, 'bagging_freq': 1, 'num_leaves': 197, 'min_data_in_leaf': 3, 'extra_trees': True, 'min_data_per_group': 21, 'cat_l2': 0.00523165749686601, 'cat_smooth': 56.64499792738084, 'max_cat_to_onehot': 28, 'lambda_l1': 0.7146624251159088, 'lambda_l2': 1.983818667976771}. Best is trial 9 with value: 0.09149172908472991.
Trial 13 finished with value: 0.09366207378765523 and parameters: {'learning_rate': 0.04451506475158212, 'feature_fraction': 0.5820677805331348, 'bagging_fraction': 0.7878766328147064, 'bagging_freq': 1, 'num_leaves': 197, 'min_data_in_leaf': 3, 'extra_trees': True, 'min_data_per_group': 12, 'cat_l2': 1.7291709908474266, 'cat_smooth': 16.133697647918144, 'max_cat_to_onehot': 23, 'lambda_l1': 0.819241681409452, 'lambda_l2': 1.938542777112231}. Best is trial 9 with value: 0.09149172908472991.
Trial 14 finished with value: 0.09317612957906429 and parameters: {'learning_rate': 0.04790624374608666, 'feature_fraction': 0.7842567150859745, 'bagging_fraction': 0.8073283796689089, 'bagging_freq': 1, 'num_leaves': 84, 'min_data_in_leaf': 2, 'extra_trees': True, 'min_data_per_group': 41, 'cat_l2': 0.005665673027962065, 'cat_smooth': 0.2652032650731302, 'max_cat_to_onehot': 95, 'lambda_l1': 0.592912897288469, 'lambda_l2': 1.9319990074738587}. Best is trial 9 with value: 0.09149172908472991.
Trial 15 finished with value: 0.09419712172050376 and parameters: {'learning_rate': 0.05528740496616396, 'feature_fraction': 0.5828198799469909, 'bagging_fraction': 0.8150819672128575, 'bagging_freq': 1, 'num_leaves': 61, 'min_data_in_leaf': 4, 'extra_trees': True, 'min_data_per_group': 4, 'cat_l2': 0.10459092881124332, 'cat_smooth': 98.80911256911858, 'max_cat_to_onehot': 43, 'lambda_l1': 0.8739746406410078, 'lambda_l2': 1.298605925682444}. Best is trial 9 with value: 0.09149172908472991.
Trial 16 finished with value: 0.09364561582793396 and parameters: {'learning_rate': 0.03041932888208506, 'feature_fraction': 0.5745145320641434, 'bagging_fraction': 0.7613070890086187, 'bagging_freq': 1, 'num_leaves': 124, 'min_data_in_leaf': 1, 'extra_trees': True, 'min_data_per_group': 12, 'cat_l2': 0.44752275958096277, 'cat_smooth': 14.99853657412961, 'max_cat_to_onehot': 27, 'lambda_l1': 0.6191703969041484, 'lambda_l2': 1.796827846145923}. Best is trial 9 with value: 0.09149172908472991.
Trial 17 finished with value: 0.09476219368731487 and parameters: {'learning_rate': 0.06438893908538723, 'feature_fraction': 0.7476448401716392, 'bagging_fraction': 0.98932171550553, 'bagging_freq': 1, 'num_leaves': 33, 'min_data_in_leaf': 2, 'extra_trees': True, 'min_data_per_group': 3, 'cat_l2': 0.0633588467432864, 'cat_smooth': 19.79119465583604, 'max_cat_to_onehot': 14, 'lambda_l1': 0.8545427567208629, 'lambda_l2': 1.2797211597048639}. Best is trial 9 with value: 0.09149172908472991.
Trial 18 finished with value: 0.09853148704558101 and parameters: {'learning_rate': 0.031914680011835374, 'feature_fraction': 0.40697257697653194, 'bagging_fraction': 0.8339196288460513, 'bagging_freq': 1, 'num_leaves': 168, 'min_data_in_leaf': 1, 'extra_trees': True, 'min_data_per_group': 12, 'cat_l2': 0.018014818027319714, 'cat_smooth': 0.19182051373774286, 'max_cat_to_onehot': 51, 'lambda_l1': 0.017456667665418202, 'lambda_l2': 1.979814804697006}. Best is trial 9 with value: 0.09149172908472991.
Trial 19 finished with value: 0.10489234265564251 and parameters: {'learning_rate': 0.006011624718057674, 'feature_fraction': 0.6274746123252742, 'bagging_fraction': 0.7486205588420941, 'bagging_freq': 1, 'num_leaves': 94, 'min_data_in_leaf': 4, 'extra_trees': True, 'min_data_per_group': 38, 'cat_l2': 0.20682589234550564, 'cat_smooth': 4.302328537953475, 'max_cat_to_onehot': 37, 'lambda_l1': 0.5328784416477147, 'lambda_l2': 1.7534662846429672}. Best is trial 9 with value: 0.09149172908472991.
Trial 20 finished with value: 0.08921203304338343 and parameters: {'learning_rate': 0.066060976805685, 'feature_fraction': 0.8211221948422558, 'bagging_fraction': 0.7828786232649582, 'bagging_freq': 1, 'num_leaves': 47, 'min_data_in_leaf': 2, 'extra_trees': True, 'min_data_per_group': 86, 'cat_l2': 0.9126110292522337, 'cat_smooth': 1.07660271887286, 'max_cat_to_onehot': 22, 'lambda_l1': 0.7511610795576765, 'lambda_l2': 1.4396803502692443}. Best is trial 20 with value: 0.08921203304338343.
Trial 21 finished with value: 0.09290523174624699 and parameters: {'learning_rate': 0.0705121009047069, 'feature_fraction': 0.8287120587061836, 'bagging_fraction': 0.7761465216679854, 'bagging_freq': 1, 'num_leaves': 48, 'min_data_in_leaf': 2, 'extra_trees': True, 'min_data_per_group': 78, 'cat_l2': 0.8126831235099382, 'cat_smooth': 0.8572478650543297, 'max_cat_to_onehot': 22, 'lambda_l1': 0.7314599051697537, 'lambda_l2': 1.4513091355883716}. Best is trial 20 with value: 0.08921203304338343.
Trial 22 finished with value: 0.09194159533349155 and parameters: {'learning_rate': 0.06434772557237627, 'feature_fraction': 0.8941009160324591, 'bagging_fraction': 0.8088957117038771, 'bagging_freq': 1, 'num_leaves': 20, 'min_data_in_leaf': 3, 'extra_trees': True, 'min_data_per_group': 31, 'cat_l2': 0.9960135145257752, 'cat_smooth': 34.46373219828208, 'max_cat_to_onehot': 25, 'lambda_l1': 0.9038090278845808, 'lambda_l2': 1.1607115109408985}. Best is trial 20 with value: 0.08921203304338343.
Trial 23 finished with value: 0.08979886475996246 and parameters: {'learning_rate': 0.06648046018746442, 'feature_fraction': 0.8854233458329371, 'bagging_fraction': 0.8321459396377715, 'bagging_freq': 1, 'num_leaves': 19, 'min_data_in_leaf': 1, 'extra_trees': True, 'min_data_per_group': 94, 'cat_l2': 0.9664895004521353, 'cat_smooth': 0.06976798416731159, 'max_cat_to_onehot': 15, 'lambda_l1': 0.9074052199491323, 'lambda_l2': 1.187695140908192}. Best is trial 20 with value: 0.08921203304338343.
Trial 24 finished with value: 0.09125615707592183 and parameters: {'learning_rate': 0.09835666563574737, 'feature_fraction': 0.9864717826423448, 'bagging_fraction': 0.8444984471918467, 'bagging_freq': 1, 'num_leaves': 16, 'min_data_in_leaf': 1, 'extra_trees': True, 'min_data_per_group': 96, 'cat_l2': 0.3758177352331998, 'cat_smooth': 0.08500767211286528, 'max_cat_to_onehot': 10, 'lambda_l1': 0.9180573106331832, 'lambda_l2': 0.7881986062052614}. Best is trial 20 with value: 0.08921203304338343.
Trial 25 finished with value: 0.09309349901688169 and parameters: {'learning_rate': 0.036569729496308, 'feature_fraction': 0.9931277699134976, 'bagging_fraction': 0.896333637204142, 'bagging_freq': 1, 'num_leaves': 13, 'min_data_in_leaf': 1, 'extra_trees': True, 'min_data_per_group': 60, 'cat_l2': 0.36574719176198395, 'cat_smooth': 0.06130560236898431, 'max_cat_to_onehot': 10, 'lambda_l1': 0.9851100208682327, 'lambda_l2': 0.6143204573025213}. Best is trial 20 with value: 0.08921203304338343.
Optuna Search Completed in: 68.14 seconds

Training final model on optimized parameter setup...

[LIGHTGBM FINALIZED METRICS]
Optimal Trees:         442
1-AUROC:             0.1088 (Delta to TabPFN: +0.0090)
Accuracy:             0.8884 (Delta to TabPFN: -0.0067)
Final Train Time:      0.24 seconds (0.1336s per 1K)
Final Infer Time:      0.01 seconds (0.0155s per 1K)

--- LIGHTGBM Feature Importance (Raw vs. Scaled Share) ---
Feature | Raw gain | Share
Recency | 829.62 | 11.63%
AcceptedCmp3 | 649.34 | 9.10%
Dt_Customer | 637.88 | 8.94%
AcceptedCmp5 | 590.51 | 8.28%
Marital_Status | 450.19 | 6.31%
AcceptedCmp1 | 400.12 | 5.61%
NumCatalogPurchases | 387.83 | 5.44%
MntMeatProducts | 353.90 | 4.96%
NumWebVisitsMonth | 307.88 | 4.31%
Teenhome | 276.20 | 3.87%
NumStorePurchases | 271.58 | 3.81%
Education | 202.36 | 2.84%
NumWebPurchases | 198.46 | 2.78%
MntWines | 195.28 | 2.74%
Income | 194.40 | 2.72%
AcceptedCmp4 | 172.48 | 2.42%
MntGoldProds | 171.44 | 2.40%
NumDealsPurchases | 168.32 | 2.36%
Kidhome | 145.86 | 2.04%
MntSweetProducts | 136.75 | 1.92%
MntFruits | 110.02 | 1.54%
AcceptedCmp2 | 102.88 | 1.44%
MntFishProducts | 91.90 | 1.29%
Year_Birth | 88.84 | 1.25%
Complain | 1.26 | 0.02%

=====================================================================
METRIC TYPE                                  | VALUE / PROFILE
=====================================================================
Embedding Share                              | 0.00%
Raw Feature Share                            | 100.00%
---------------------------------------------------------------------
Active Text Embedding Density                | 0.00% (0/0)
Active Raw Tabular Feature Density           | 100.00% (25/25)
---------------------------------------------------------------------
Top-5 Concentration Ratio (CR5)              | 44.25% of total decision weight
Top-10 Concentration Ratio (CR10)            | 68.44% of total decision weight
=====================================================================

Total Pipeline Execution Time: 69.94 seconds

[SUCCESS] Permanent artifacts safely written to 'outputs/training-2/'
[W&B] Artifacts and localized metrics logged successfully for marketing_campaign_raw-only_lightgbm
