[W&B] Child process started for job: e-commereshippingdata_combined_catboost in group session-training-2
Loading archive 'archives/e-commereshippingdata.npz' and initializing pipeline for target: CATBOOST...
Execution Mode: COMBINED
Session Output Target: outputs/training-2/
Task Type: BINARY
TabPFN Baselines Loaded - Primary: 0.2576 | Secondary: 0.6823
PCA reduced text embeddings to 11 components.
Final training matrix shape assembled for COMBINED: (8799, 21)

Running 26-Trial Optuna Study for CATBOOST (COMBINED)...
A new study created in RDB with name: 20260624_160726_e-commereshippingdata_combined_catboost
Trial 0 finished with value: 0.2554854429847049 and parameters: {}. Best is trial 0 with value: 0.2554854429847049.
Trial 1 finished with value: 0.24931928960432104 and parameters: {'learning_rate': 0.015355286838886862, 'bootstrap_type': 'Bernoulli', 'subsample': 0.9852142919229748, 'grow_policy': 'SymmetricTree', 'depth': 4, 'colsample_bylevel': 0.8733991780504303, 'l2_leaf_reg': 0.00018747059221802545, 'leaf_estimation_iterations': 12, 'one_hot_max_size': 36, 'model_size_reg': 0.6803900745073703, 'max_ctr_complexity': 2, 'boosting_type': 'Plain', 'max_bin': 254}. Best is trial 1 with value: 0.24931928960432104.
Trial 2 finished with value: 0.2526521519751257 and parameters: {'learning_rate': 0.09138013915892866, 'bootstrap_type': 'Bernoulli', 'subsample': 0.9497327922401265, 'grow_policy': 'SymmetricTree', 'depth': 4, 'colsample_bylevel': 0.8956363364439306, 'l2_leaf_reg': 0.02922905212920092, 'leaf_estimation_iterations': 2, 'one_hot_max_size': 16, 'model_size_reg': 0.5243180891902851, 'max_ctr_complexity': 2, 'boosting_type': 'Plain', 'max_bin': 254}. Best is trial 1 with value: 0.24931928960432104.
Trial 3 finished with value: 0.25347280656585625 and parameters: {'learning_rate': 0.011996621453406362, 'bootstrap_type': 'Bernoulli', 'subsample': 0.8099085529881075, 'grow_policy': 'Depthwise', 'depth': 4, 'colsample_bylevel': 0.9271351657620417, 'l2_leaf_reg': 0.06077686426194464, 'leaf_estimation_iterations': 1, 'one_hot_max_size': 36, 'model_size_reg': 0.15869086642715013, 'max_ctr_complexity': 2, 'boosting_type': 'Plain', 'max_bin': 254}. Best is trial 1 with value: 0.24931928960432104.
Trial 4 finished with value: 0.25492842044241204 and parameters: {'learning_rate': 0.08580222514877409, 'bootstrap_type': 'Bernoulli', 'subsample': 0.9896896099223678, 'grow_policy': 'SymmetricTree', 'depth': 4, 'colsample_bylevel': 0.9526349539768235, 'l2_leaf_reg': 0.011702088154220882, 'leaf_estimation_iterations': 1, 'one_hot_max_size': 27, 'model_size_reg': 0.10975998502129433, 'max_ctr_complexity': 5, 'boosting_type': 'Plain', 'max_bin': 254}. Best is trial 1 with value: 0.24931928960432104.
Trial 5 finished with value: 0.25483271131599283 and parameters: {'learning_rate': 0.010855517271883068, 'bootstrap_type': 'Bernoulli', 'subsample': 0.8987566853061946, 'grow_policy': 'Depthwise', 'depth': 6, 'colsample_bylevel': 0.877728168328829, 'l2_leaf_reg': 3.597899951374983, 'leaf_estimation_iterations': 9, 'one_hot_max_size': 86, 'model_size_reg': 1.128232550122133, 'max_ctr_complexity': 4, 'boosting_type': 'Plain', 'max_bin': 254}. Best is trial 1 with value: 0.24931928960432104.
Trial 6 finished with value: 0.25526226504762894 and parameters: {'learning_rate': 0.07913270952323785, 'bootstrap_type': 'Bernoulli', 'subsample': 0.7265477506155759, 'grow_policy': 'SymmetricTree', 'depth': 5, 'colsample_bylevel': 0.9083015934534223, 'l2_leaf_reg': 0.001883913511943895, 'leaf_estimation_iterations': 11, 'one_hot_max_size': 19, 'model_size_reg': 0.21399549030176218, 'max_ctr_complexity': 4, 'boosting_type': 'Plain', 'max_bin': 254}. Best is trial 1 with value: 0.24931928960432104.
Trial 7 finished with value: 0.2541885447004696 and parameters: {'learning_rate': 0.007626348515257587, 'bootstrap_type': 'Bernoulli', 'subsample': 0.9406590942262119, 'grow_policy': 'Depthwise', 'depth': 7, 'colsample_bylevel': 0.8798073522301258, 'l2_leaf_reg': 0.00010615690854925657, 'leaf_estimation_iterations': 10, 'one_hot_max_size': 47, 'model_size_reg': 0.7200770311577639, 'max_ctr_complexity': 5, 'boosting_type': 'Plain', 'max_bin': 254}. Best is trial 1 with value: 0.24931928960432104.
Trial 8 finished with value: 0.25818902056598114 and parameters: {'learning_rate': 0.006241720498669827, 'bootstrap_type': 'Bernoulli', 'subsample': 0.8075397185632818, 'grow_policy': 'Depthwise', 'depth': 7, 'colsample_bylevel': 0.8996347037278973, 'l2_leaf_reg': 0.00019891099118865958, 'leaf_estimation_iterations': 2, 'one_hot_max_size': 17, 'model_size_reg': 0.7212460519889856, 'max_ctr_complexity': 4, 'boosting_type': 'Plain', 'max_bin': 254}. Best is trial 1 with value: 0.24931928960432104.
Trial 9 finished with value: 0.2599448074120132 and parameters: {'learning_rate': 0.07132805718188966, 'bootstrap_type': 'Bernoulli', 'subsample': 0.8416644775485848, 'grow_policy': 'Depthwise', 'depth': 7, 'colsample_bylevel': 0.9341915796354244, 'l2_leaf_reg': 0.4195190175255899, 'leaf_estimation_iterations': 3, 'one_hot_max_size': 29, 'model_size_reg': 0.318293122389662, 'max_ctr_complexity': 2, 'boosting_type': 'Plain', 'max_bin': 254}. Best is trial 1 with value: 0.24931928960432104.
Trial 10 finished with value: 0.2629856104799434 and parameters: {'learning_rate': 0.027075555569701922, 'bootstrap_type': 'Bernoulli', 'subsample': 0.701799154886745, 'grow_policy': 'SymmetricTree', 'depth': 8, 'colsample_bylevel': 0.9942739726130633, 'l2_leaf_reg': 0.0025843128549611844, 'leaf_estimation_iterations': 18, 'one_hot_max_size': 8, 'model_size_reg': 1.3180934075316322, 'max_ctr_complexity': 3, 'boosting_type': 'Plain', 'max_bin': 254}. Best is trial 1 with value: 0.24931928960432104.
Trial 11 finished with value: 0.25157103750333387 and parameters: {'learning_rate': 0.03083586903739372, 'bootstrap_type': 'Bernoulli', 'subsample': 0.9841686384638025, 'grow_policy': 'SymmetricTree', 'depth': 4, 'colsample_bylevel': 0.8579876449961336, 'l2_leaf_reg': 0.08150259101837247, 'leaf_estimation_iterations': 4, 'one_hot_max_size': 10, 'model_size_reg': 0.4787509177635919, 'max_ctr_complexity': 2, 'boosting_type': 'Plain', 'max_bin': 254}. Best is trial 1 with value: 0.24931928960432104.
Trial 12 finished with value: 0.2526625051058855 and parameters: {'learning_rate': 0.02619715982597674, 'bootstrap_type': 'Bernoulli', 'subsample': 0.9997711511820175, 'grow_policy': 'SymmetricTree', 'depth': 5, 'colsample_bylevel': 0.8525531714136799, 'l2_leaf_reg': 0.4093084119407297, 'leaf_estimation_iterations': 5, 'one_hot_max_size': 8, 'model_size_reg': 0.4025066733604183, 'max_ctr_complexity': 3, 'boosting_type': 'Plain', 'max_bin': 254}. Best is trial 1 with value: 0.24931928960432104.
Trial 13 finished with value: 0.2544046442661778 and parameters: {'learning_rate': 0.02711641797158028, 'bootstrap_type': 'Bernoulli', 'subsample': 0.9224432028328999, 'grow_policy': 'SymmetricTree', 'depth': 5, 'colsample_bylevel': 0.8564518351982421, 'l2_leaf_reg': 0.0011283551613015107, 'leaf_estimation_iterations': 5, 'one_hot_max_size': 92, 'model_size_reg': 0.714653239834534, 'max_ctr_complexity': 3, 'boosting_type': 'Plain', 'max_bin': 254}. Best is trial 1 with value: 0.24931928960432104.
Trial 14 finished with value: 0.2507896279374777 and parameters: {'learning_rate': 0.017251789430967935, 'bootstrap_type': 'Bernoulli', 'subsample': 0.9701167132268611, 'grow_policy': 'SymmetricTree', 'depth': 4, 'colsample_bylevel': 0.8699079283976614, 'l2_leaf_reg': 2.6037260997807996, 'leaf_estimation_iterations': 20, 'one_hot_max_size': 59, 'model_size_reg': 0.28618162575126405, 'max_ctr_complexity': 2, 'boosting_type': 'Plain', 'max_bin': 254}. Best is trial 1 with value: 0.24931928960432104.
Trial 15 finished with value: 0.25186242517472246 and parameters: {'learning_rate': 0.01465734590935091, 'bootstrap_type': 'Bernoulli', 'subsample': 0.8729540121428628, 'grow_policy': 'SymmetricTree', 'depth': 5, 'colsample_bylevel': 0.8765101370587535, 'l2_leaf_reg': 0.9774644407364161, 'leaf_estimation_iterations': 20, 'one_hot_max_size': 56, 'model_size_reg': 0.27457558836113927, 'max_ctr_complexity': 2, 'boosting_type': 'Plain', 'max_bin': 254}. Best is trial 1 with value: 0.24931928960432104.
Trial 16 finished with value: 0.24950268373591733 and parameters: {'learning_rate': 0.01691202058835004, 'bootstrap_type': 'Bernoulli', 'subsample': 0.9616204803077502, 'grow_policy': 'SymmetricTree', 'depth': 4, 'colsample_bylevel': 0.8833519535351692, 'l2_leaf_reg': 0.0004805966764631229, 'leaf_estimation_iterations': 13, 'one_hot_max_size': 65, 'model_size_reg': 0.1859125279593724, 'max_ctr_complexity': 3, 'boosting_type': 'Plain', 'max_bin': 254}. Best is trial 1 with value: 0.24931928960432104.
Trial 17 finished with value: 0.2579540183932768 and parameters: {'learning_rate': 0.04044760520018407, 'bootstrap_type': 'Bernoulli', 'subsample': 0.9015726553948453, 'grow_policy': 'SymmetricTree', 'depth': 6, 'colsample_bylevel': 0.9157420360453207, 'l2_leaf_reg': 0.0004501591007312533, 'leaf_estimation_iterations': 7, 'one_hot_max_size': 72, 'model_size_reg': 0.10250223491012066, 'max_ctr_complexity': 3, 'boosting_type': 'Plain', 'max_bin': 254}. Best is trial 1 with value: 0.24931928960432104.
Trial 18 finished with value: 0.254228775293472 and parameters: {'learning_rate': 0.017685144709980328, 'bootstrap_type': 'Bernoulli', 'subsample': 0.9492879863503885, 'grow_policy': 'SymmetricTree', 'depth': 5, 'colsample_bylevel': 0.8939998498999547, 'l2_leaf_reg': 0.0005730566146886812, 'leaf_estimation_iterations': 12, 'one_hot_max_size': 41, 'model_size_reg': 0.1730043597637547, 'max_ctr_complexity': 3, 'boosting_type': 'Plain', 'max_bin': 254}. Best is trial 1 with value: 0.24931928960432104.
Trial 19 finished with value: 0.2500407374028115 and parameters: {'learning_rate': 0.009011515224166784, 'bootstrap_type': 'Bernoulli', 'subsample': 0.9141053753152539, 'grow_policy': 'SymmetricTree', 'depth': 4, 'colsample_bylevel': 0.9494218999859105, 'l2_leaf_reg': 0.00738836580729759, 'leaf_estimation_iterations': 7, 'one_hot_max_size': 28, 'model_size_reg': 0.9905363236622532, 'max_ctr_complexity': 3, 'boosting_type': 'Plain', 'max_bin': 254}. Best is trial 1 with value: 0.24931928960432104.
Trial 20 finished with value: 0.25637525749648826 and parameters: {'learning_rate': 0.04479359316524599, 'bootstrap_type': 'Bernoulli', 'subsample': 0.859348434198908, 'grow_policy': 'SymmetricTree', 'depth': 6, 'colsample_bylevel': 0.9924443382121896, 'l2_leaf_reg': 0.000260071337244624, 'leaf_estimation_iterations': 13, 'one_hot_max_size': 63, 'model_size_reg': 0.14410573190184447, 'max_ctr_complexity': 4, 'boosting_type': 'Plain', 'max_bin': 254}. Best is trial 1 with value: 0.24931928960432104.
Trial 21 finished with value: 0.2500362064441706 and parameters: {'learning_rate': 0.008125049631632358, 'bootstrap_type': 'Bernoulli', 'subsample': 0.9137370559941237, 'grow_policy': 'SymmetricTree', 'depth': 4, 'colsample_bylevel': 0.9651960775172599, 'l2_leaf_reg': 0.007775505050908237, 'leaf_estimation_iterations': 9, 'one_hot_max_size': 28, 'model_size_reg': 0.9406832079710605, 'max_ctr_complexity': 3, 'boosting_type': 'Plain', 'max_bin': 254}. Best is trial 1 with value: 0.24931928960432104.
Trial 22 finished with value: 0.2524407083154494 and parameters: {'learning_rate': 0.005281955321750829, 'bootstrap_type': 'Bernoulli', 'subsample': 0.9638616751014071, 'grow_policy': 'SymmetricTree', 'depth': 4, 'colsample_bylevel': 0.9722240860758828, 'l2_leaf_reg': 0.004359270340846881, 'leaf_estimation_iterations': 7, 'one_hot_max_size': 22, 'model_size_reg': 0.9130939840069262, 'max_ctr_complexity': 3, 'boosting_type': 'Plain', 'max_bin': 254}. Best is trial 1 with value: 0.24931928960432104.
Trial 23 finished with value: 0.2510051674480379 and parameters: {'learning_rate': 0.019640315204936528, 'bootstrap_type': 'Bernoulli', 'subsample': 0.926953764859738, 'grow_policy': 'SymmetricTree', 'depth': 4, 'colsample_bylevel': 0.970940829158112, 'l2_leaf_reg': 0.000822972039488031, 'leaf_estimation_iterations': 14, 'one_hot_max_size': 36, 'model_size_reg': 0.599032612191197, 'max_ctr_complexity': 3, 'boosting_type': 'Plain', 'max_bin': 254}. Best is trial 1 with value: 0.24931928960432104.
Trial 24 finished with value: 0.2545539955309888 and parameters: {'learning_rate': 0.012393072080933069, 'bootstrap_type': 'Bernoulli', 'subsample': 0.8837669528243722, 'grow_policy': 'SymmetricTree', 'depth': 5, 'colsample_bylevel': 0.9316650001373175, 'l2_leaf_reg': 0.00010028400222664602, 'leaf_estimation_iterations': 8, 'one_hot_max_size': 13, 'model_size_reg': 1.3074684640632002, 'max_ctr_complexity': 4, 'boosting_type': 'Plain', 'max_bin': 254}. Best is trial 1 with value: 0.24931928960432104.
Trial 25 finished with value: 0.2490970237712553 and parameters: {'learning_rate': 0.008946349010959385, 'bootstrap_type': 'Bernoulli', 'subsample': 0.9673940566898502, 'grow_policy': 'SymmetricTree', 'depth': 4, 'colsample_bylevel': 0.8878177423399563, 'l2_leaf_reg': 0.012857576117279617, 'leaf_estimation_iterations': 16, 'one_hot_max_size': 45, 'model_size_reg': 0.3865792607309978, 'max_ctr_complexity': 2, 'boosting_type': 'Plain', 'max_bin': 254}. Best is trial 25 with value: 0.2490970237712553.
Optuna Search Completed in: 77.10 seconds

Training final model on optimized parameter setup...

[CATBOOST FINALIZED METRICS]
Optimal Trees:         594
1-AUROC:             0.2600 (Delta to TabPFN: +0.0024)
Accuracy:             0.6795 (Delta to TabPFN: -0.0027)
Final Train Time:      0.80 seconds (0.0910s per 1K)
Final Infer Time:      0.00 seconds (0.0014s per 1K)

--- CATBOOST Feature Importance (Raw vs. Scaled Share) ---
Feature | Raw gain | Share
pca_embed_0 | 45.80 | 45.80%
Discount_offered | 34.18 | 34.18%
pca_embed_2 | 3.52 | 3.52%
pca_embed_1 | 2.44 | 2.44%
pca_embed_3 | 2.12 | 2.12%
pca_embed_10 | 1.77 | 1.77%
Product_importance | 1.56 | 1.56%
Weight_in_gms | 1.40 | 1.40%
pca_embed_6 | 1.22 | 1.22%
pca_embed_9 | 0.87 | 0.87%
Cost_of_the_Product | 0.75 | 0.75%
pca_embed_5 | 0.71 | 0.71%
Prior_purchases | 0.69 | 0.69%
Customer_rating | 0.52 | 0.52%
pca_embed_4 | 0.46 | 0.46%
Customer_care_calls | 0.43 | 0.43%
pca_embed_7 | 0.42 | 0.42%
pca_embed_8 | 0.42 | 0.42%
Warehouse_block | 0.32 | 0.32%
Mode_of_Shipment | 0.30 | 0.30%
Gender | 0.09 | 0.09%

=====================================================================
METRIC TYPE                                  | VALUE / PROFILE
=====================================================================
Embedding Share                              | 59.75%
Raw Feature Share                            | 40.25%
---------------------------------------------------------------------
Active Text Embedding Density                | 100.00% (11/11)
Active Raw Tabular Feature Density           | 100.00% (10/10)
---------------------------------------------------------------------
Top-5 Concentration Ratio (CR5)              | 88.05% of total decision weight
Top-10 Concentration Ratio (CR10)            | 94.88% of total decision weight
=====================================================================

Total Pipeline Execution Time: 79.46 seconds

[SUCCESS] Permanent artifacts safely written to 'outputs/training-2/'
[W&B] Artifacts and localized metrics logged successfully for e-commereshippingdata_combined_catboost
